{"meta": {"format": 3, "version": "7.10.6", "timestamp": "2025-09-09T11:34:07.280389", "branch_coverage": true, "show_contexts": false}, "files": {"auth_service/auth_core/__init__.py": {"executed_lines": [1, 6, 8, 9, 11], "summary": {"covered_lines": 4, "num_statements": 4, "percent_covered": 100.0, "percent_covered_display": "100.00", "missing_lines": 0, "excluded_lines": 0, "num_branches": 0, "num_partial_branches": 0, "covered_branches": 0, "missing_branches": 0}, "missing_lines": [], "excluded_lines": [], "executed_branches": [], "missing_branches": [], "functions": {"": {"executed_lines": [1, 6, 8, 9, 11], "summary": {"covered_lines": 4, "num_statements": 4, "percent_covered": 100.0, "percent_covered_display": "100.00", "missing_lines": 0, "excluded_lines": 0, "num_branches": 0, "num_partial_branches": 0, "covered_branches": 0, "missing_branches": 0}, "missing_lines": [], "excluded_lines": [], "executed_branches": [], "missing_branches": []}}, "classes": {"": {"executed_lines": [1, 6, 8, 9, 11], "summary": {"covered_lines": 4, "num_statements": 4, "percent_covered": 100.0, "percent_covered_display": "100.00", "missing_lines": 0, "excluded_lines": 0, "num_branches": 0, "num_partial_branches": 0, "covered_branches": 0, "missing_branches": 0}, "missing_lines": [], "excluded_lines": [], "executed_branches": [], "missing_branches": []}}}, "auth_service/auth_core/audit/__init__.py": {"executed_lines": [], "summary": {"covered_lines": 0, "num_statements": 2, "percent_covered": 0.0, "percent_covered_display": "0.00", "missing_lines": 2, "excluded_lines": 0, "num_branches": 0, "num_partial_branches": 0, "covered_branches": 0, "missing_branches": 0}, "missing_lines": [10, 15], "excluded_lines": [], "executed_branches": [], "missing_branches": [], "functions": {"": {"executed_lines": [], "summary": {"covered_lines": 0, "num_statements": 2, "percent_covered": 0.0, "percent_covered_display": "0.00", "missing_lines": 2, "excluded_lines": 0, "num_branches": 0, "num_partial_branches": 0, "covered_branches": 0, "missing_branches": 0}, "missing_lines": [10, 15], "excluded_lines": [], "executed_branches": [], "missing_branches": []}}, "classes": {"": {"executed_lines": [], "summary": {"covered_lines": 0, "num_statements": 2, "percent_covered": 0.0, "percent_covered_display": "0.00", "missing_lines": 2, "excluded_lines": 0, "num_branches": 0, "num_partial_branches": 0, "covered_branches": 0, "missing_branches": 0}, "missing_lines": [10, 15], "excluded_lines": [], "executed_branches": [], "missing_branches": []}}}, "auth_service/auth_core/audit/audit_business_logic.py": {"executed_lines": [], "summary": {"covered_lines": 0, "num_statements": 117, "percent_covered": 0.0, "percent_covered_display": "0.00", "missing_lines": 117, "excluded_lines": 6, "num_branches": 24, "num_partial_branches": 0, "covered_branches": 0, "missing_branches": 24}, "missing_lines": [10, 11, 12, 13, 15, 16, 19, 21, 22, 23, 25, 26, 27, 28, 29, 30, 33, 35, 36, 37, 38, 41, 42, 44, 45, 46, 47, 48, 49, 50, 52, 53, 54, 57, 58, 60, 61, 62, 63, 64, 65, 67, 68, 69, 72, 75, 77, 80, 94, 102, 112, 113, 115, 116, 119, 122, 125, 128, 131, 133, 143, 153, 154, 157, 158, 159, 160, 163, 164, 165, 168, 169, 170, 171, 172, 173, 174, 177, 178, 187, 199, 213, 223, 224, 227, 230, 231, 234, 236, 237, 238, 246, 247, 248, 250, 259, 262, 263, 266, 267, 268, 270, 272, 274, 282, 283, 285, 287, 289, 292, 293, 296, 297, 298, 301, 302, 304], "excluded_lines": [24, 180, 239, 241, 242, 243], "executed_branches": [], "missing_branches": [[53, -52], [53, 54], [68, -67], [68, 69], [158, 159], [158, 163], [159, 158], [159, 160], [164, 165], [164, 168], [169, 170], [169, 177], [171, 172], [171, 177], [262, 263], [262, 266], [266, 267], [266, 270], [282, 283], [282, 285], [297, 298], [297, 301], [301, 302], [301, 304]], "functions": {"AuditEventResult.__post_init__": {"executed_lines": [], "summary": {"covered_lines": 0, "num_statements": 2, "percent_covered": 0.0, "percent_covered_display": "0.00", "missing_lines": 2, "excluded_lines": 0, "num_branches": 2, "num_partial_branches": 0, "covered_branches": 0, "missing_branches": 2}, "missing_lines": [53, 54], "excluded_lines": [], "executed_branches": [], "missing_branches": [[53, -52], [53, 54]]}, "AuditRequirement.__post_init__": {"executed_lines": [], "summary": {"covered_lines": 0, "num_statements": 2, "percent_covered": 0.0, "percent_covered_display": "0.00", "missing_lines": 2, "excluded_lines": 0, "num_branches": 2, "num_partial_branches": 0, "covered_branches": 0, "missing_branches": 2}, "missing_lines": [68, 69], "excluded_lines": [], "executed_branches": [], "missing_branches": [[68, -67], [68, 69]]}, "AuditBusinessLogic.__init__": {"executed_lines": [], "summary": {"covered_lines": 0, "num_statements": 3, "percent_covered": 0.0, "percent_covered_display": "0.00", "missing_lines": 3, "excluded_lines": 0, "num_branches": 0, "num_partial_branches": 0, "covered_branches": 0, "missing_branches": 0}, "missing_lines": [77, 80, 94], "excluded_lines": [], "executed_branches": [], "missing_branches": []}, "AuditBusinessLogic.process_audit_event": {"executed_lines": [], "summary": {"covered_lines": 0, "num_statements": 10, "percent_covered": 0.0, "percent_covered_display": "0.00", "missing_lines": 10, "excluded_lines": 0, "num_branches": 0, "num_partial_branches": 0, "covered_branches": 0, "missing_branches": 0}, "missing_lines": [112, 113, 115, 116, 119, 122, 125, 128, 131, 133], "excluded_lines": [], "executed_branches": [], "missing_branches": []}, "AuditBusinessLogic.validate_audit_business_rules": {"executed_lines": [], "summary": {"covered_lines": 0, "num_statements": 18, "percent_covered": 0.0, "percent_covered_display": "0.00", "missing_lines": 18, "excluded_lines": 1, "num_branches": 10, "num_partial_branches": 0, "covered_branches": 0, "missing_branches": 10}, "missing_lines": [153, 154, 157, 158, 159, 160, 163, 164, 165, 168, 169, 170, 171, 172, 173, 174, 177, 178], "excluded_lines": [180], "executed_branches": [], "missing_branches": [[158, 159], [158, 163], [159, 158], [159, 160], [164, 165], [164, 168], [169, 170], [169, 177], [171, 172], [171, 177]]}, "AuditBusinessLogic.generate_compliance_report": {"executed_lines": [], "summary": {"covered_lines": 0, "num_statements": 1, "percent_covered": 0.0, "percent_covered_display": "0.00", "missing_lines": 1, "excluded_lines": 0, "num_branches": 0, "num_partial_branches": 0, "covered_branches": 0, "missing_branches": 0}, "missing_lines": [199], "excluded_lines": [], "executed_branches": [], "missing_branches": []}, "AuditBusinessLogic.determine_audit_requirements": {"executed_lines": [], "summary": {"covered_lines": 0, "num_statements": 13, "percent_covered": 0.0, "percent_covered_display": "0.00", "missing_lines": 13, "excluded_lines": 4, "num_branches": 0, "num_partial_branches": 0, "covered_branches": 0, "missing_branches": 0}, "missing_lines": [223, 224, 227, 230, 231, 234, 236, 237, 238, 246, 247, 248, 250], "excluded_lines": [239, 241, 242, 243], "executed_branches": [], "missing_branches": []}, "AuditBusinessLogic._should_trigger_alert": {"executed_lines": [], "summary": {"covered_lines": 0, "num_statements": 6, "percent_covered": 0.0, "percent_covered_display": "0.00", "missing_lines": 6, "excluded_lines": 0, "num_branches": 4, "num_partial_branches": 0, "covered_branches": 0, "missing_branches": 4}, "missing_lines": [262, 263, 266, 267, 268, 270], "excluded_lines": [], "executed_branches": [], "missing_branches": [[262, 263], [262, 266], [266, 267], [266, 270]]}, "AuditBusinessLogic._get_retention_period": {"executed_lines": [], "summary": {"covered_lines": 0, "num_statements": 5, "percent_covered": 0.0, "percent_covered_display": "0.00", "missing_lines": 5, "excluded_lines": 0, "num_branches": 2, "num_partial_branches": 0, "covered_branches": 0, "missing_branches": 2}, "missing_lines": [274, 282, 283, 285, 287], "excluded_lines": [], "executed_branches": [], "missing_branches": [[282, 283], [282, 285]]}, "AuditBusinessLogic._detect_suspicious_patterns": {"executed_lines": [], "summary": {"covered_lines": 0, "num_statements": 8, "percent_covered": 0.0, "percent_covered_display": "0.00", "missing_lines": 8, "excluded_lines": 0, "num_branches": 4, "num_partial_branches": 0, "covered_branches": 0, "missing_branches": 4}, "missing_lines": [292, 293, 296, 297, 298, 301, 302, 304], "excluded_lines": [], "executed_branches": [], "missing_branches": [[297, 298], [297, 301], [301, 302], [301, 304]]}, "": {"executed_lines": [], "summary": {"covered_lines": 0, "num_statements": 49, "percent_covered": 0.0, "percent_covered_display": "0.00", "missing_lines": 49, "excluded_lines": 1, "num_branches": 0, "num_partial_branches": 0, "covered_branches": 0, "missing_branches": 0}, "missing_lines": [10, 11, 12, 13, 15, 16, 19, 21, 22, 23, 25, 26, 27, 28, 29, 30, 33, 35, 36, 37, 38, 41, 42, 44, 45, 46, 47, 48, 49, 50, 52, 57, 58, 60, 61, 62, 63, 64, 65, 67, 72, 75, 102, 143, 187, 213, 259, 272, 289], "excluded_lines": [24], "executed_branches": [], "missing_branches": []}}, "classes": {"AuditEventType": {"executed_lines": [], "summary": {"covered_lines": 0, "num_statements": 0, "percent_covered": 100.0, "percent_covered_display": "100.00", "missing_lines": 0, "excluded_lines": 0, "num_branches": 0, "num_partial_branches": 0, "covered_branches": 0, "missing_branches": 0}, "missing_lines": [], "excluded_lines": [], "executed_branches": [], "missing_branches": []}, "AuditSeverity": {"executed_lines": [], "summary": {"covered_lines": 0, "num_statements": 0, "percent_covered": 100.0, "percent_covered_display": "100.00", "missing_lines": 0, "excluded_lines": 0, "num_branches": 0, "num_partial_branches": 0, "covered_branches": 0, "missing_branches": 0}, "missing_lines": [], "excluded_lines": [], "executed_branches": [], "missing_branches": []}, "AuditEventResult": {"executed_lines": [], "summary": {"covered_lines": 0, "num_statements": 2, "percent_covered": 0.0, "percent_covered_display": "0.00", "missing_lines": 2, "excluded_lines": 0, "num_branches": 2, "num_partial_branches": 0, "covered_branches": 0, "missing_branches": 2}, "missing_lines": [53, 54], "excluded_lines": [], "executed_branches": [], "missing_branches": [[53, -52], [53, 54]]}, "AuditRequirement": {"executed_lines": [], "summary": {"covered_lines": 0, "num_statements": 2, "percent_covered": 0.0, "percent_covered_display": "0.00", "missing_lines": 2, "excluded_lines": 0, "num_branches": 2, "num_partial_branches": 0, "covered_branches": 0, "missing_branches": 2}, "missing_lines": [68, 69], "excluded_lines": [], "executed_branches": [], "missing_branches": [[68, -67], [68, 69]]}, "AuditBusinessLogic": {"executed_lines": [], "summary": {"covered_lines": 0, "num_statements": 64, "percent_covered": 0.0, "percent_covered_display": "0.00", "missing_lines": 64, "excluded_lines": 5, "num_branches": 20, "num_partial_branches": 0, "covered_branches": 0, "missing_branches": 20}, "missing_lines": [77, 80, 94, 112, 113, 115, 116, 119, 122, 125, 128, 131, 133, 153, 154, 157, 158, 159, 160, 163, 164, 165, 168, 169, 170, 171, 172, 173, 174, 177, 178, 199, 223, 224, 227, 230, 231, 234, 236, 237, 238, 246, 247, 248, 250, 262, 263, 266, 267, 268, 270, 274, 282, 283, 285, 287, 292, 293, 296, 297, 298, 301, 302, 304], "excluded_lines": [180, 239, 241, 242, 243], "executed_branches": [], "missing_branches": [[158, 159], [158, 163], [159, 158], [159, 160], [164, 165], [164, 168], [169, 170], [169, 177], [171, 172], [171, 177], [262, 263], [262, 266], [266, 267], [266, 270], [282, 283], [282, 285], [297, 298], [297, 301], [301, 302], [301, 304]]}, "": {"executed_lines": [], "summary": {"covered_lines": 0, "num_statements": 49, "percent_covered": 0.0, "percent_covered_display": "0.00", "missing_lines": 49, "excluded_lines": 1, "num_branches": 0, "num_partial_branches": 0, "covered_branches": 0, "missing_branches": 0}, "missing_lines": [10, 11, 12, 13, 15, 16, 19, 21, 22, 23, 25, 26, 27, 28, 29, 30, 33, 35, 36, 37, 38, 41, 42, 44, 45, 46, 47, 48, 49, 50, 52, 57, 58, 60, 61, 62, 63, 64, 65, 67, 72, 75, 102, 143, 187, 213, 259, 272, 289], "excluded_lines": [24], "executed_branches": [], "missing_branches": []}}}, "auth_service/auth_core/auth_environment.py": {"executed_lines": [1, 9, 10, 11, 13, 16, 17, 24, 26, 27, 29, 32, 37, 38, 39, 42, 46, 112, 134, 166, 198, 221, 254, 316, 340, 368, 392, 417, 442, 449, 452, 455, 457, 458, 459, 478, 480, 482, 483, 485, 486, 497, 499, 501, 502, 504, 505, 510, 543, 575, 607, 611, 616, 650, 674, 695, 716, 748, 781, 785, 789, 793, 797, 802, 828, 848, 869, 901, 933, 965, 973, 1005, 1026, 1030, 1037, 1041, 1045, 1049, 1054, 1058, 1060, 1062, 1066, 1070, 1118, 1121, 1123, 1127, 1132, 1137, 1142, 1147], "summary": {"covered_lines": 86, "num_statements": 633, "percent_covered": 9.378185524974516, "percent_covered_display": "9.38", "missing_lines": 547, "excluded_lines": 82, "num_branches": 348, "num_partial_branches": 4, "covered_branches": 6, "missing_branches": 342}, "missing_lines": [40, 43, 56, 58, 59, 60, 61, 62, 63, 64, 67, 70, 71, 72, 73, 74, 77, 78, 79, 80, 83, 84, 85, 86, 89, 91, 92, 93, 94, 95, 96, 98, 99, 100, 101, 102, 103, 105, 106, 107, 110, 114, 116, 118, 119, 120, 121, 122, 124, 125, 127, 128, 130, 132, 136, 138, 139, 140, 141, 144, 145, 146, 147, 148, 149, 150, 151, 153, 154, 155, 156, 157, 158, 159, 160, 161, 162, 163, 164, 168, 170, 171, 172, 173, 176, 177, 178, 179, 180, 181, 182, 183, 185, 186, 187, 188, 189, 190, 191, 192, 193, 194, 195, 196, 200, 201, 203, 204, 206, 207, 208, 209, 210, 212, 213, 214, 215, 216, 217, 219, 223, 225, 226, 227, 228, 231, 232, 233, 234, 235, 236, 237, 238, 240, 241, 242, 243, 244, 245, 246, 247, 248, 249, 250, 251, 256, 260, 263, 264, 267, 268, 269, 270, 273, 276, 286, 289, 291, 294, 295, 298, 299, 306, 313, 314, 318, 320, 321, 322, 325, 327, 328, 330, 331, 333, 334, 336, 338, 342, 344, 345, 346, 347, 348, 349, 350, 353, 355, 356, 358, 359, 361, 362, 364, 366, 370, 372, 373, 374, 377, 379, 380, 382, 383, 385, 386, 388, 390, 419, 421, 422, 423, 426, 428, 429, 431, 432, 434, 435, 437, 439, 462, 463, 464, 465, 466, 467, 468, 469, 470, 471, 472, 473, 474, 476, 489, 490, 491, 492, 493, 495, 506, 507, 508, 512, 514, 515, 516, 517, 520, 521, 522, 523, 524, 525, 526, 527, 529, 530, 531, 532, 533, 534, 535, 536, 537, 538, 539, 540, 545, 548, 555, 556, 557, 558, 561, 563, 564, 565, 567, 568, 569, 571, 573, 577, 580, 587, 588, 589, 590, 593, 595, 596, 597, 599, 600, 601, 603, 605, 609, 613, 618, 620, 621, 622, 623, 626, 628, 629, 631, 632, 634, 635, 637, 639, 640, 641, 642, 643, 644, 645, 646, 647, 648, 652, 654, 655, 656, 659, 661, 662, 664, 665, 667, 668, 670, 672, 676, 679, 680, 681, 684, 685, 686, 687, 688, 689, 690, 691, 693, 697, 700, 701, 702, 705, 706, 707, 708, 709, 710, 711, 712, 714, 718, 721, 722, 723, 726, 727, 728, 729, 730, 731, 732, 734, 735, 736, 737, 738, 739, 740, 742, 743, 744, 745, 746, 767, 768, 777, 778, 783, 787, 791, 795, 799, 804, 806, 807, 808, 811, 813, 814, 816, 817, 819, 820, 822, 825, 830, 832, 833, 834, 837, 838, 839, 840, 841, 842, 843, 844, 846, 850, 852, 853, 854, 857, 858, 859, 860, 861, 862, 863, 864, 866, 871, 873, 874, 875, 876, 879, 880, 881, 882, 883, 884, 885, 886, 888, 889, 890, 891, 892, 893, 894, 895, 896, 897, 898, 899, 903, 905, 906, 907, 908, 911, 912, 913, 914, 915, 916, 917, 918, 920, 921, 922, 923, 924, 925, 926, 927, 928, 929, 930, 931, 935, 937, 938, 939, 940, 943, 944, 945, 946, 947, 948, 949, 950, 952, 953, 954, 955, 956, 957, 958, 959, 960, 961, 962, 963, 967, 968, 969, 970, 1028, 1032, 1033, 1034, 1035, 1039, 1047, 1051, 1056, 1064, 1068, 1072, 1073, 1076, 1080, 1081, 1082, 1085, 1086, 1087, 1089, 1090, 1093, 1094, 1101, 1102, 1103, 1106, 1109, 1129, 1134, 1139, 1144, 1149], "excluded_lines": [392, 393, 394, 395, 396, 397, 398, 399, 400, 401, 402, 403, 404, 405, 406, 407, 408, 409, 410, 411, 412, 413, 414, 415, 973, 974, 975, 976, 977, 978, 979, 980, 981, 982, 983, 984, 985, 986, 987, 988, 989, 990, 991, 992, 993, 994, 995, 996, 997, 998, 999, 1000, 1001, 1002, 1003, 1005, 1006, 1007, 1008, 1009, 1010, 1011, 1012, 1013, 1014, 1015, 1016, 1017, 1018, 1019, 1020, 1021, 1022, 1023, 1025, 1041, 1042, 1043, 1096, 1097, 1098, 1107], "executed_branches": [[38, 39], [38, 42], [39, 38], [42, -29], [457, 458], [485, 486]], "missing_branches": [[39, 40], [42, 43], [72, 73], [72, 77], [78, 79], [78, 83], [84, 85], [84, 89], [89, 91], [89, 96], [96, 98], [96, 103], [103, 105], [103, 110], [116, 118], [116, 122], [119, 120], [119, 121], [122, 124], [122, 125], [125, 127], [125, 128], [128, 130], [128, 132], [140, 141], [140, 144], [144, 145], [144, 146], [146, 147], [146, 148], [148, 149], [148, 150], [150, 151], [150, 153], [156, 157], [156, 158], [158, 159], [158, 160], [160, 161], [160, 162], [162, 163], [162, 164], [172, 173], [172, 176], [176, 177], [176, 178], [178, 179], [178, 180], [180, 181], [180, 182], [182, 183], [182, 185], [188, 189], [188, 190], [190, 191], [190, 192], [192, 193], [192, 194], [194, 195], [194, 196], [203, 204], [203, 219], [204, 206], [204, 210], [210, 212], [210, 216], [216, 217], [216, 219], [227, 228], [227, 231], [231, 232], [231, 233], [233, 234], [233, 235], [235, 236], [235, 237], [237, 238], [237, 240], [243, 244], [243, 245], [245, 246], [245, 247], [247, 248], [247, 249], [249, 250], [249, 251], [260, 263], [260, 273], [291, 294], [291, 313], [298, 299], [298, 306], [321, 322], [321, 325], [325, 327], [325, 328], [328, 330], [328, 331], [331, 333], [331, 334], [334, 336], [334, 338], [345, 346], [345, 353], [353, 355], [353, 356], [356, 358], [356, 359], [359, 361], [359, 362], [362, 364], [362, 366], [373, 374], [373, 377], [377, 379], [377, 380], [380, 382], [380, 383], [383, 385], [383, 386], [386, 388], [386, 390], [422, 423], [422, 426], [426, 428], [426, 429], [429, 431], [429, 432], [432, 434], [432, 435], [435, 437], [435, 439], [457, 462], [463, 464], [463, 465], [465, 466], [465, 467], [467, 468], [467, 471], [471, 472], [471, 476], [485, 489], [490, 491], [490, 492], [492, 493], [492, 495], [516, 517], [516, 520], [520, 521], [520, 522], [522, 523], [522, 524], [524, 525], [524, 526], [526, 527], [526, 529], [532, 533], [532, 534], [534, 535], [534, 536], [536, 537], [536, 538], [538, 539], [538, 540], [555, 556], [555, 561], [557, 555], [557, 558], [561, 563], [561, 565], [565, 567], [565, 569], [569, 571], [569, 573], [587, 588], [587, 593], [589, 587], [589, 590], [593, 595], [593, 597], [597, 599], [597, 601], [601, 603], [601, 605], [622, 623], [622, 626], [626, 628], [626, 629], [629, 631], [629, 632], [632, 634], [632, 635], [635, 637], [635, 639], [642, 643], [642, 644], [644, 645], [644, 646], [646, 647], [646, 648], [655, 656], [655, 659], [659, 661], [659, 662], [662, 664], [662, 665], [665, 667], [665, 668], [668, 670], [668, 672], [680, 681], [680, 684], [684, 685], [684, 686], [686, 687], [686, 688], [688, 689], [688, 690], [690, 691], [690, 693], [701, 702], [701, 705], [705, 706], [705, 707], [707, 708], [707, 709], [709, 710], [709, 711], [711, 712], [711, 714], [722, 723], [722, 726], [726, 727], [726, 728], [728, 729], [728, 730], [730, 731], [730, 737], [734, 735], [734, 736], [737, 738], [737, 742], [744, 745], [744, 746], [807, 808], [807, 811], [811, 813], [811, 814], [814, 816], [814, 817], [817, 819], [817, 820], [820, 822], [820, 825], [833, 834], [833, 837], [837, 838], [837, 839], [839, 840], [839, 841], [841, 842], [841, 843], [843, 844], [843, 846], [853, 854], [853, 857], [857, 858], [857, 859], [859, 860], [859, 861], [861, 862], [861, 863], [863, 864], [863, 866], [875, 876], [875, 879], [879, 880], [879, 881], [881, 882], [881, 883], [883, 884], [883, 885], [885, 886], [885, 888], [891, 892], [891, 893], [893, 894], [893, 895], [895, 896], [895, 897], [897, 898], [897, 899], [907, 908], [907, 911], [911, 912], [911, 913], [913, 914], [913, 915], [915, 916], [915, 917], [917, 918], [917, 920], [923, 924], [923, 925], [925, 926], [925, 927], [927, 928], [927, 929], [929, 930], [929, 931], [939, 940], [939, 943], [943, 944], [943, 945], [945, 946], [945, 947], [947, 948], [947, 949], [949, 950], [949, 952], [955, 956], [955, 957], [957, 958], [957, 959], [959, 960], [959, 961], [961, 962], [961, 963], [1080, 1081], [1080, 1085], [1081, 1080], [1081, 1082], [1085, 1086], [1085, 1093], [1086, 1087], [1086, 1089], [1089, 1090], [1089, 1093], [1101, 1102], [1101, 1106], [1102, 1103], [1102, 1106]], "functions": {"AuthEnvironment.__init__": {"executed_lines": [26, 27], "summary": {"covered_lines": 2, "num_statements": 2, "percent_covered": 100.0, "percent_covered_display": "100.00", "missing_lines": 0, "excluded_lines": 0, "num_branches": 0, "num_partial_branches": 0, "covered_branches": 0, "missing_branches": 0}, "missing_lines": [], "excluded_lines": [], "executed_branches": [], "missing_branches": []}, "AuthEnvironment._validate_auth_config": {"executed_lines": [32, 37, 38, 39, 42], "summary": {"covered_lines": 5, "num_statements": 7, "percent_covered": 69.23076923076923, "percent_covered_display": "69.23", "missing_lines": 2, "excluded_lines": 0, "num_branches": 6, "num_partial_branches": 2, "covered_branches": 4, "missing_branches": 2}, "missing_lines": [40, 43], "excluded_lines": [], "executed_branches": [[38, 39], [38, 42], [39, 38], [42, -29]], "missing_branches": [[39, 40], [42, 43]]}, "AuthEnvironment.get_jwt_secret_key": {"executed_lines": [], "summary": {"covered_lines": 0, "num_statements": 39, "percent_covered": 0.0, "percent_covered_display": "0.00", "missing_lines": 39, "excluded_lines": 0, "num_branches": 12, "num_partial_branches": 0, "covered_branches": 0, "missing_branches": 12}, "missing_lines": [56, 58, 59, 60, 61, 62, 63, 64, 67, 70, 71, 72, 73, 74, 77, 78, 79, 80, 83, 84, 85, 86, 89, 91, 92, 93, 94, 95, 96, 98, 99, 100, 101, 102, 103, 105, 106, 107, 110], "excluded_lines": [], "executed_branches": [], "missing_branches": [[72, 73], [72, 77], [78, 79], [78, 83], [84, 85], [84, 89], [89, 91], [89, 96], [96, 98], [96, 103], [103, 105], [103, 110]]}, "AuthEnvironment.get_jwt_algorithm": {"executed_lines": [], "summary": {"covered_lines": 0, "num_statements": 13, "percent_covered": 0.0, "percent_covered_display": "0.00", "missing_lines": 13, "excluded_lines": 0, "num_branches": 10, "num_partial_branches": 0, "covered_branches": 0, "missing_branches": 10}, "missing_lines": [114, 116, 118, 119, 120, 121, 122, 124, 125, 127, 128, 130, 132], "excluded_lines": [], "executed_branches": [], "missing_branches": [[116, 118], [116, 122], [119, 120], [119, 121], [122, 124], [122, 125], [125, 127], [125, 128], [128, 130], [128, 132]]}, "AuthEnvironment.get_jwt_expiration_minutes": {"executed_lines": [], "summary": {"covered_lines": 0, "num_statements": 25, "percent_covered": 0.0, "percent_covered_display": "0.00", "missing_lines": 25, "excluded_lines": 0, "num_branches": 18, "num_partial_branches": 0, "covered_branches": 0, "missing_branches": 18}, "missing_lines": [136, 138, 139, 140, 141, 144, 145, 146, 147, 148, 149, 150, 151, 153, 154, 155, 156, 157, 158, 159, 160, 161, 162, 163, 164], "excluded_lines": [], "executed_branches": [], "missing_branches": [[140, 141], [140, 144], [144, 145], [144, 146], [146, 147], [146, 148], [148, 149], [148, 150], [150, 151], [150, 153], [156, 157], [156, 158], [158, 159], [158, 160], [160, 161], [160, 162], [162, 163], [162, 164]]}, "AuthEnvironment.get_refresh_token_expiration_days": {"executed_lines": [], "summary": {"covered_lines": 0, "num_statements": 25, "percent_covered": 0.0, "percent_covered_display": "0.00", "missing_lines": 25, "excluded_lines": 0, "num_branches": 18, "num_partial_branches": 0, "covered_branches": 0, "missing_branches": 18}, "missing_lines": [168, 170, 171, 172, 173, 176, 177, 178, 179, 180, 181, 182, 183, 185, 186, 187, 188, 189, 190, 191, 192, 193, 194, 195, 196], "excluded_lines": [], "executed_branches": [], "missing_branches": [[172, 173], [172, 176], [176, 177], [176, 178], [178, 179], [178, 180], [180, 181], [180, 182], [182, 183], [182, 185], [188, 189], [188, 190], [190, 191], [190, 192], [192, 193], [192, 194], [194, 195], [194, 196]]}, "AuthEnvironment.get_secret_key": {"executed_lines": [], "summary": {"covered_lines": 0, "num_statements": 16, "percent_covered": 0.0, "percent_covered_display": "0.00", "missing_lines": 16, "excluded_lines": 0, "num_branches": 8, "num_partial_branches": 0, "covered_branches": 0, "missing_branches": 8}, "missing_lines": [200, 201, 203, 204, 206, 207, 208, 209, 210, 212, 213, 214, 215, 216, 217, 219], "excluded_lines": [], "executed_branches": [], "missing_branches": [[203, 204], [203, 219], [204, 206], [204, 210], [210, 212], [210, 216], [216, 217], [216, 219]]}, "AuthEnvironment.get_bcrypt_rounds": {"executed_lines": [], "summary": {"covered_lines": 0, "num_statements": 25, "percent_covered": 0.0, "percent_covered_display": "0.00", "missing_lines": 25, "excluded_lines": 0, "num_branches": 18, "num_partial_branches": 0, "covered_branches": 0, "missing_branches": 18}, "missing_lines": [223, 225, 226, 227, 228, 231, 232, 233, 234, 235, 236, 237, 238, 240, 241, 242, 243, 244, 245, 246, 247, 248, 249, 250, 251], "excluded_lines": [], "executed_branches": [], "missing_branches": [[227, 228], [227, 231], [231, 232], [231, 233], [233, 234], [233, 235], [235, 236], [235, 237], [237, 238], [237, 240], [243, 244], [243, 245], [245, 246], [245, 247], [247, 248], [247, 249], [249, 250], [249, 251]]}, "AuthEnvironment.get_database_url": {"executed_lines": [], "summary": {"covered_lines": 0, "num_statements": 20, "percent_covered": 0.0, "percent_covered_display": "0.00", "missing_lines": 20, "excluded_lines": 0, "num_branches": 6, "num_partial_branches": 0, "covered_branches": 0, "missing_branches": 6}, "missing_lines": [256, 260, 263, 264, 267, 268, 269, 270, 273, 276, 286, 289, 291, 294, 295, 298, 299, 306, 313, 314], "excluded_lines": [], "executed_branches": [], "missing_branches": [[260, 263], [260, 273], [291, 294], [291, 313], [298, 299], [298, 306]]}, "AuthEnvironment.get_postgres_host": {"executed_lines": [], "summary": {"covered_lines": 0, "num_statements": 13, "percent_covered": 0.0, "percent_covered_display": "0.00", "missing_lines": 13, "excluded_lines": 0, "num_branches": 10, "num_partial_branches": 0, "covered_branches": 0, "missing_branches": 10}, "missing_lines": [318, 320, 321, 322, 325, 327, 328, 330, 331, 333, 334, 336, 338], "excluded_lines": [], "executed_branches": [], "missing_branches": [[321, 322], [321, 325], [325, 327], [325, 328], [328, 330], [328, 331], [331, 333], [331, 334], [334, 336], [334, 338]]}, "AuthEnvironment.get_postgres_port": {"executed_lines": [], "summary": {"covered_lines": 0, "num_statements": 17, "percent_covered": 0.0, "percent_covered_display": "0.00", "missing_lines": 17, "excluded_lines": 0, "num_branches": 10, "num_partial_branches": 0, "covered_branches": 0, "missing_branches": 10}, "missing_lines": [342, 344, 345, 346, 347, 348, 349, 350, 353, 355, 356, 358, 359, 361, 362, 364, 366], "excluded_lines": [], "executed_branches": [], "missing_branches": [[345, 346], [345, 353], [353, 355], [353, 356], [356, 358], [356, 359], [359, 361], [359, 362], [362, 364], [362, 366]]}, "AuthEnvironment.get_postgres_user": {"executed_lines": [], "summary": {"covered_lines": 0, "num_statements": 13, "percent_covered": 0.0, "percent_covered_display": "0.00", "missing_lines": 13, "excluded_lines": 0, "num_branches": 10, "num_partial_branches": 0, "covered_branches": 0, "missing_branches": 10}, "missing_lines": [370, 372, 373, 374, 377, 379, 380, 382, 383, 385, 386, 388, 390], "excluded_lines": [], "executed_branches": [], "missing_branches": [[373, 374], [373, 377], [377, 379], [377, 380], [380, 382], [380, 383], [383, 385], [383, 386], [386, 388], [386, 390]]}, "AuthEnvironment.get_postgres_password": {"executed_lines": [], "summary": {"covered_lines": 0, "num_statements": 0, "percent_covered": 100.0, "percent_covered_display": "100.00", "missing_lines": 0, "excluded_lines": 23, "num_branches": 0, "num_partial_branches": 0, "covered_branches": 0, "missing_branches": 0}, "missing_lines": [], "excluded_lines": [393, 394, 395, 396, 397, 398, 399, 400, 401, 402, 403, 404, 405, 406, 407, 408, 409, 410, 411, 412, 413, 414, 415], "executed_branches": [], "missing_branches": []}, "AuthEnvironment.get_postgres_db": {"executed_lines": [], "summary": {"covered_lines": 0, "num_statements": 13, "percent_covered": 0.0, "percent_covered_display": "0.00", "missing_lines": 13, "excluded_lines": 0, "num_branches": 10, "num_partial_branches": 0, "covered_branches": 0, "missing_branches": 10}, "missing_lines": [419, 421, 422, 423, 426, 428, 429, 431, 432, 434, 435, 437, 439], "excluded_lines": [], "executed_branches": [], "missing_branches": [[422, 423], [422, 426], [426, 428], [426, 429], [429, 431], [429, 432], [432, 434], [432, 435], [435, 437], [435, 439]]}, "AuthEnvironment.get_redis_url": {"executed_lines": [449, 452, 455, 457, 458, 459], "summary": {"covered_lines": 6, "num_statements": 20, "percent_covered": 23.333333333333332, "percent_covered_display": "23.33", "missing_lines": 14, "excluded_lines": 0, "num_branches": 10, "num_partial_branches": 1, "covered_branches": 1, "missing_branches": 9}, "missing_lines": [462, 463, 464, 465, 466, 467, 468, 469, 470, 471, 472, 473, 474, 476], "excluded_lines": [], "executed_branches": [[457, 458]], "missing_branches": [[457, 462], [463, 464], [463, 465], [465, 466], [465, 467], [467, 468], [467, 471], [471, 472], [471, 476]]}, "AuthEnvironment.get_redis_host": {"executed_lines": [480, 482, 483, 485, 486], "summary": {"covered_lines": 5, "num_statements": 11, "percent_covered": 35.294117647058826, "percent_covered_display": "35.29", "missing_lines": 6, "excluded_lines": 0, "num_branches": 6, "num_partial_branches": 1, "covered_branches": 1, "missing_branches": 5}, "missing_lines": [489, 490, 491, 492, 493, 495], "excluded_lines": [], "executed_branches": [[485, 486]], "missing_branches": [[485, 489], [490, 491], [490, 492], [492, 493], [492, 495]]}, "AuthEnvironment.get_redis_port": {"executed_lines": [499, 501, 502, 504, 505], "summary": {"covered_lines": 5, "num_statements": 8, "percent_covered": 62.5, "percent_covered_display": "62.50", "missing_lines": 3, "excluded_lines": 0, "num_branches": 0, "num_partial_branches": 0, "covered_branches": 0, "missing_branches": 0}, "missing_lines": [506, 507, 508], "excluded_lines": [], "executed_branches": [], "missing_branches": []}, "AuthEnvironment.get_session_ttl": {"executed_lines": [], "summary": {"covered_lines": 0, "num_statements": 25, "percent_covered": 0.0, "percent_covered_display": "0.00", "missing_lines": 25, "excluded_lines": 0, "num_branches": 18, "num_partial_branches": 0, "covered_branches": 0, "missing_branches": 18}, "missing_lines": [512, 514, 515, 516, 517, 520, 521, 522, 523, 524, 525, 526, 527, 529, 530, 531, 532, 533, 534, 535, 536, 537, 538, 539, 540], "excluded_lines": [], "executed_branches": [], "missing_branches": [[516, 517], [516, 520], [520, 521], [520, 522], [522, 523], [522, 524], [524, 525], [524, 526], [526, 527], [526, 529], [532, 533], [532, 534], [534, 535], [534, 536], [536, 537], [536, 538], [538, 539], [538, 540]]}, "AuthEnvironment.get_oauth_google_client_id": {"executed_lines": [], "summary": {"covered_lines": 0, "num_statements": 15, "percent_covered": 0.0, "percent_covered_display": "0.00", "missing_lines": 15, "excluded_lines": 0, "num_branches": 10, "num_partial_branches": 0, "covered_branches": 0, "missing_branches": 10}, "missing_lines": [545, 548, 555, 556, 557, 558, 561, 563, 564, 565, 567, 568, 569, 571, 573], "excluded_lines": [], "executed_branches": [], "missing_branches": [[555, 556], [555, 561], [557, 555], [557, 558], [561, 563], [561, 565], [565, 567], [565, 569], [569, 571], [569, 573]]}, "AuthEnvironment.get_oauth_google_client_secret": {"executed_lines": [], "summary": {"covered_lines": 0, "num_statements": 15, "percent_covered": 0.0, "percent_covered_display": "0.00", "missing_lines": 15, "excluded_lines": 0, "num_branches": 10, "num_partial_branches": 0, "covered_branches": 0, "missing_branches": 10}, "missing_lines": [577, 580, 587, 588, 589, 590, 593, 595, 596, 597, 599, 600, 601, 603, 605], "excluded_lines": [], "executed_branches": [], "missing_branches": [[587, 588], [587, 593], [589, 587], [589, 590], [593, 595], [593, 597], [597, 599], [597, 601], [601, 603], [601, 605]]}, "AuthEnvironment.get_oauth_github_client_id": {"executed_lines": [], "summary": {"covered_lines": 0, "num_statements": 1, "percent_covered": 0.0, "percent_covered_display": "0.00", "missing_lines": 1, "excluded_lines": 0, "num_branches": 0, "num_partial_branches": 0, "covered_branches": 0, "missing_branches": 0}, "missing_lines": [609], "excluded_lines": [], "executed_branches": [], "missing_branches": []}, "AuthEnvironment.get_oauth_github_client_secret": {"executed_lines": [], "summary": {"covered_lines": 0, "num_statements": 1, "percent_covered": 0.0, "percent_covered_display": "0.00", "missing_lines": 1, "excluded_lines": 0, "num_branches": 0, "num_partial_branches": 0, "covered_branches": 0, "missing_branches": 0}, "missing_lines": [613], "excluded_lines": [], "executed_branches": [], "missing_branches": []}, "AuthEnvironment.get_auth_service_port": {"executed_lines": [], "summary": {"covered_lines": 0, "num_statements": 23, "percent_covered": 0.0, "percent_covered_display": "0.00", "missing_lines": 23, "excluded_lines": 0, "num_branches": 16, "num_partial_branches": 0, "covered_branches": 0, "missing_branches": 16}, "missing_lines": [618, 620, 621, 622, 623, 626, 628, 629, 631, 632, 634, 635, 637, 639, 640, 641, 642, 643, 644, 645, 646, 647, 648], "excluded_lines": [], "executed_branches": [], "missing_branches": [[622, 623], [622, 626], [626, 628], [626, 629], [629, 631], [629, 632], [632, 634], [632, 635], [635, 637], [635, 639], [642, 643], [642, 644], [644, 645], [644, 646], [646, 647], [646, 648]]}, "AuthEnvironment.get_auth_service_host": {"executed_lines": [], "summary": {"covered_lines": 0, "num_statements": 13, "percent_covered": 0.0, "percent_covered_display": "0.00", "missing_lines": 13, "excluded_lines": 0, "num_branches": 10, "num_partial_branches": 0, "covered_branches": 0, "missing_branches": 10}, "missing_lines": [652, 654, 655, 656, 659, 661, 662, 664, 665, 667, 668, 670, 672], "excluded_lines": [], "executed_branches": [], "missing_branches": [[655, 656], [655, 659], [659, 661], [659, 662], [662, 664], [662, 665], [665, 667], [665, 668], [668, 670], [668, 672]]}, "AuthEnvironment.get_backend_url": {"executed_lines": [], "summary": {"covered_lines": 0, "num_statements": 13, "percent_covered": 0.0, "percent_covered_display": "0.00", "missing_lines": 13, "excluded_lines": 0, "num_branches": 10, "num_partial_branches": 0, "covered_branches": 0, "missing_branches": 10}, "missing_lines": [676, 679, 680, 681, 684, 685, 686, 687, 688, 689, 690, 691, 693], "excluded_lines": [], "executed_branches": [], "missing_branches": [[680, 681], [680, 684], [684, 685], [684, 686], [686, 687], [686, 688], [688, 689], [688, 690], [690, 691], [690, 693]]}, "AuthEnvironment.get_frontend_url": {"executed_lines": [], "summary": {"covered_lines": 0, "num_statements": 13, "percent_covered": 0.0, "percent_covered_display": "0.00", "missing_lines": 13, "excluded_lines": 0, "num_branches": 10, "num_partial_branches": 0, "covered_branches": 0, "missing_branches": 10}, "missing_lines": [697, 700, 701, 702, 705, 706, 707, 708, 709, 710, 711, 712, 714], "excluded_lines": [], "executed_branches": [], "missing_branches": [[701, 702], [701, 705], [705, 706], [705, 707], [707, 708], [707, 709], [709, 710], [709, 711], [711, 712], [711, 714]]}, "AuthEnvironment.get_auth_service_url": {"executed_lines": [], "summary": {"covered_lines": 0, "num_statements": 23, "percent_covered": 0.0, "percent_covered_display": "0.00", "missing_lines": 23, "excluded_lines": 0, "num_branches": 14, "num_partial_branches": 0, "covered_branches": 0, "missing_branches": 14}, "missing_lines": [718, 721, 722, 723, 726, 727, 728, 729, 730, 731, 732, 734, 735, 736, 737, 738, 739, 740, 742, 743, 744, 745, 746], "excluded_lines": [], "executed_branches": [], "missing_branches": [[722, 723], [722, 726], [726, 727], [726, 728], [728, 729], [728, 730], [730, 731], [730, 737], [734, 735], [734, 736], [737, 738], [737, 742], [744, 745], [744, 746]]}, "AuthEnvironment.get_oauth_redirect_uri": {"executed_lines": [], "summary": {"covered_lines": 0, "num_statements": 4, "percent_covered": 0.0, "percent_covered_display": "0.00", "missing_lines": 4, "excluded_lines": 0, "num_branches": 0, "num_partial_branches": 0, "covered_branches": 0, "missing_branches": 0}, "missing_lines": [767, 768, 777, 778], "excluded_lines": [], "executed_branches": [], "missing_branches": []}, "AuthEnvironment.get_environment": {"executed_lines": [], "summary": {"covered_lines": 0, "num_statements": 1, "percent_covered": 0.0, "percent_covered_display": "0.00", "missing_lines": 1, "excluded_lines": 0, "num_branches": 0, "num_partial_branches": 0, "covered_branches": 0, "missing_branches": 0}, "missing_lines": [783], "excluded_lines": [], "executed_branches": [], "missing_branches": []}, "AuthEnvironment.is_production": {"executed_lines": [], "summary": {"covered_lines": 0, "num_statements": 1, "percent_covered": 0.0, "percent_covered_display": "0.00", "missing_lines": 1, "excluded_lines": 0, "num_branches": 0, "num_partial_branches": 0, "covered_branches": 0, "missing_branches": 0}, "missing_lines": [787], "excluded_lines": [], "executed_branches": [], "missing_branches": []}, "AuthEnvironment.is_staging": {"executed_lines": [], "summary": {"covered_lines": 0, "num_statements": 1, "percent_covered": 0.0, "percent_covered_display": "0.00", "missing_lines": 1, "excluded_lines": 0, "num_branches": 0, "num_partial_branches": 0, "covered_branches": 0, "missing_branches": 0}, "missing_lines": [791], "excluded_lines": [], "executed_branches": [], "missing_branches": []}, "AuthEnvironment.is_development": {"executed_lines": [], "summary": {"covered_lines": 0, "num_statements": 1, "percent_covered": 0.0, "percent_covered_display": "0.00", "missing_lines": 1, "excluded_lines": 0, "num_branches": 0, "num_partial_branches": 0, "covered_branches": 0, "missing_branches": 0}, "missing_lines": [795], "excluded_lines": [], "executed_branches": [], "missing_branches": []}, "AuthEnvironment.is_testing": {"executed_lines": [], "summary": {"covered_lines": 0, "num_statements": 1, "percent_covered": 0.0, "percent_covered_display": "0.00", "missing_lines": 1, "excluded_lines": 0, "num_branches": 0, "num_partial_branches": 0, "covered_branches": 0, "missing_branches": 0}, "missing_lines": [799], "excluded_lines": [], "executed_branches": [], "missing_branches": []}, "AuthEnvironment.get_cors_origins": {"executed_lines": [], "summary": {"covered_lines": 0, "num_statements": 13, "percent_covered": 0.0, "percent_covered_display": "0.00", "missing_lines": 13, "excluded_lines": 0, "num_branches": 10, "num_partial_branches": 0, "covered_branches": 0, "missing_branches": 10}, "missing_lines": [804, 806, 807, 808, 811, 813, 814, 816, 817, 819, 820, 822, 825], "excluded_lines": [], "executed_branches": [], "missing_branches": [[807, 808], [807, 811], [811, 813], [811, 814], [814, 816], [814, 817], [817, 819], [817, 820], [820, 822], [820, 825]]}, "AuthEnvironment.get_log_level": {"executed_lines": [], "summary": {"covered_lines": 0, "num_statements": 13, "percent_covered": 0.0, "percent_covered_display": "0.00", "missing_lines": 13, "excluded_lines": 0, "num_branches": 10, "num_partial_branches": 0, "covered_branches": 0, "missing_branches": 10}, "missing_lines": [830, 832, 833, 834, 837, 838, 839, 840, 841, 842, 843, 844, 846], "excluded_lines": [], "executed_branches": [], "missing_branches": [[833, 834], [833, 837], [837, 838], [837, 839], [839, 840], [839, 841], [841, 842], [841, 843], [843, 844], [843, 846]]}, "AuthEnvironment.should_enable_debug": {"executed_lines": [], "summary": {"covered_lines": 0, "num_statements": 13, "percent_covered": 0.0, "percent_covered_display": "0.00", "missing_lines": 13, "excluded_lines": 0, "num_branches": 10, "num_partial_branches": 0, "covered_branches": 0, "missing_branches": 10}, "missing_lines": [850, 852, 853, 854, 857, 858, 859, 860, 861, 862, 863, 864, 866], "excluded_lines": [], "executed_branches": [], "missing_branches": [[853, 854], [853, 857], [857, 858], [857, 859], [859, 860], [859, 861], [861, 862], [861, 863], [863, 864], [863, 866]]}, "AuthEnvironment.get_login_rate_limit": {"executed_lines": [], "summary": {"covered_lines": 0, "num_statements": 25, "percent_covered": 0.0, "percent_covered_display": "0.00", "missing_lines": 25, "excluded_lines": 0, "num_branches": 18, "num_partial_branches": 0, "covered_branches": 0, "missing_branches": 18}, "missing_lines": [871, 873, 874, 875, 876, 879, 880, 881, 882, 883, 884, 885, 886, 888, 889, 890, 891, 892, 893, 894, 895, 896, 897, 898, 899], "excluded_lines": [], "executed_branches": [], "missing_branches": [[875, 876], [875, 879], [879, 880], [879, 881], [881, 882], [881, 883], [883, 884], [883, 885], [885, 886], [885, 888], [891, 892], [891, 893], [893, 894], [893, 895], [895, 896], [895, 897], [897, 898], [897, 899]]}, "AuthEnvironment.get_login_rate_limit_period": {"executed_lines": [], "summary": {"covered_lines": 0, "num_statements": 25, "percent_covered": 0.0, "percent_covered_display": "0.00", "missing_lines": 25, "excluded_lines": 0, "num_branches": 18, "num_partial_branches": 0, "covered_branches": 0, "missing_branches": 18}, "missing_lines": [903, 905, 906, 907, 908, 911, 912, 913, 914, 915, 916, 917, 918, 920, 921, 922, 923, 924, 925, 926, 927, 928, 929, 930, 931], "excluded_lines": [], "executed_branches": [], "missing_branches": [[907, 908], [907, 911], [911, 912], [911, 913], [913, 914], [913, 915], [915, 916], [915, 917], [917, 918], [917, 920], [923, 924], [923, 925], [925, 926], [925, 927], [927, 928], [927, 929], [929, 930], [929, 931]]}, "AuthEnvironment.get_max_failed_login_attempts": {"executed_lines": [], "summary": {"covered_lines": 0, "num_statements": 25, "percent_covered": 0.0, "percent_covered_display": "0.00", "missing_lines": 25, "excluded_lines": 0, "num_branches": 18, "num_partial_branches": 0, "covered_branches": 0, "missing_branches": 18}, "missing_lines": [935, 937, 938, 939, 940, 943, 944, 945, 946, 947, 948, 949, 950, 952, 953, 954, 955, 956, 957, 958, 959, 960, 961, 962, 963], "excluded_lines": [], "executed_branches": [], "missing_branches": [[939, 940], [939, 943], [943, 944], [943, 945], [945, 946], [945, 947], [947, 948], [947, 949], [949, 950], [949, 952], [955, 956], [955, 957], [957, 958], [957, 959], [959, 960], [959, 961], [961, 962], [961, 963]]}, "AuthEnvironment.get_account_lockout_duration": {"executed_lines": [], "summary": {"covered_lines": 0, "num_statements": 4, "percent_covered": 0.0, "percent_covered_display": "0.00", "missing_lines": 4, "excluded_lines": 0, "num_branches": 0, "num_partial_branches": 0, "covered_branches": 0, "missing_branches": 0}, "missing_lines": [967, 968, 969, 970], "excluded_lines": [], "executed_branches": [], "missing_branches": []}, "AuthEnvironment.get_min_password_length": {"executed_lines": [], "summary": {"covered_lines": 0, "num_statements": 0, "percent_covered": 100.0, "percent_covered_display": "100.00", "missing_lines": 0, "excluded_lines": 30, "num_branches": 0, "num_partial_branches": 0, "covered_branches": 0, "missing_branches": 0}, "missing_lines": [], "excluded_lines": [974, 975, 976, 977, 978, 979, 980, 981, 982, 983, 984, 985, 986, 987, 988, 989, 990, 991, 992, 993, 994, 995, 996, 997, 998, 999, 1000, 1001, 1002, 1003], "executed_branches": [], "missing_branches": []}, "AuthEnvironment.require_password_complexity": {"executed_lines": [], "summary": {"covered_lines": 0, "num_statements": 0, "percent_covered": 100.0, "percent_covered_display": "100.00", "missing_lines": 0, "excluded_lines": 18, "num_branches": 0, "num_partial_branches": 0, "covered_branches": 0, "missing_branches": 0}, "missing_lines": [], "excluded_lines": [1006, 1007, 1008, 1009, 1010, 1011, 1012, 1013, 1014, 1015, 1016, 1017, 1018, 1019, 1020, 1021, 1022, 1023], "executed_branches": [], "missing_branches": []}, "AuthEnvironment.get_smtp_host": {"executed_lines": [], "summary": {"covered_lines": 0, "num_statements": 1, "percent_covered": 0.0, "percent_covered_display": "0.00", "missing_lines": 1, "excluded_lines": 0, "num_branches": 0, "num_partial_branches": 0, "covered_branches": 0, "missing_branches": 0}, "missing_lines": [1028], "excluded_lines": [], "executed_branches": [], "missing_branches": []}, "AuthEnvironment.get_smtp_port": {"executed_lines": [], "summary": {"covered_lines": 0, "num_statements": 4, "percent_covered": 0.0, "percent_covered_display": "0.00", "missing_lines": 4, "excluded_lines": 0, "num_branches": 0, "num_partial_branches": 0, "covered_branches": 0, "missing_branches": 0}, "missing_lines": [1032, 1033, 1034, 1035], "excluded_lines": [], "executed_branches": [], "missing_branches": []}, "AuthEnvironment.get_smtp_username": {"executed_lines": [], "summary": {"covered_lines": 0, "num_statements": 1, "percent_covered": 0.0, "percent_covered_display": "0.00", "missing_lines": 1, "excluded_lines": 0, "num_branches": 0, "num_partial_branches": 0, "covered_branches": 0, "missing_branches": 0}, "missing_lines": [1039], "excluded_lines": [], "executed_branches": [], "missing_branches": []}, "AuthEnvironment.get_smtp_password": {"executed_lines": [], "summary": {"covered_lines": 0, "num_statements": 0, "percent_covered": 100.0, "percent_covered_display": "100.00", "missing_lines": 0, "excluded_lines": 2, "num_branches": 0, "num_partial_branches": 0, "covered_branches": 0, "missing_branches": 0}, "missing_lines": [], "excluded_lines": [1042, 1043], "executed_branches": [], "missing_branches": []}, "AuthEnvironment.get_smtp_from_email": {"executed_lines": [], "summary": {"covered_lines": 0, "num_statements": 1, "percent_covered": 0.0, "percent_covered_display": "0.00", "missing_lines": 1, "excluded_lines": 0, "num_branches": 0, "num_partial_branches": 0, "covered_branches": 0, "missing_branches": 0}, "missing_lines": [1047], "excluded_lines": [], "executed_branches": [], "missing_branches": []}, "AuthEnvironment.is_smtp_enabled": {"executed_lines": [], "summary": {"covered_lines": 0, "num_statements": 1, "percent_covered": 0.0, "percent_covered_display": "0.00", "missing_lines": 1, "excluded_lines": 0, "num_branches": 0, "num_partial_branches": 0, "covered_branches": 0, "missing_branches": 0}, "missing_lines": [1051], "excluded_lines": [], "executed_branches": [], "missing_branches": []}, "AuthEnvironment.get": {"executed_lines": [], "summary": {"covered_lines": 0, "num_statements": 1, "percent_covered": 0.0, "percent_covered_display": "0.00", "missing_lines": 1, "excluded_lines": 0, "num_branches": 0, "num_partial_branches": 0, "covered_branches": 0, "missing_branches": 0}, "missing_lines": [1056], "excluded_lines": [], "executed_branches": [], "missing_branches": []}, "AuthEnvironment.set": {"executed_lines": [1060], "summary": {"covered_lines": 1, "num_statements": 1, "percent_covered": 100.0, "percent_covered_display": "100.00", "missing_lines": 0, "excluded_lines": 0, "num_branches": 0, "num_partial_branches": 0, "covered_branches": 0, "missing_branches": 0}, "missing_lines": [], "excluded_lines": [], "executed_branches": [], "missing_branches": []}, "AuthEnvironment.exists": {"executed_lines": [], "summary": {"covered_lines": 0, "num_statements": 1, "percent_covered": 0.0, "percent_covered_display": "0.00", "missing_lines": 1, "excluded_lines": 0, "num_branches": 0, "num_partial_branches": 0, "covered_branches": 0, "missing_branches": 0}, "missing_lines": [1064], "excluded_lines": [], "executed_branches": [], "missing_branches": []}, "AuthEnvironment.get_all": {"executed_lines": [], "summary": {"covered_lines": 0, "num_statements": 1, "percent_covered": 0.0, "percent_covered_display": "0.00", "missing_lines": 1, "excluded_lines": 0, "num_branches": 0, "num_partial_branches": 0, "covered_branches": 0, "missing_branches": 0}, "missing_lines": [1068], "excluded_lines": [], "executed_branches": [], "missing_branches": []}, "AuthEnvironment.validate": {"executed_lines": [], "summary": {"covered_lines": 0, "num_statements": 18, "percent_covered": 0.0, "percent_covered_display": "0.00", "missing_lines": 18, "excluded_lines": 4, "num_branches": 14, "num_partial_branches": 0, "covered_branches": 0, "missing_branches": 14}, "missing_lines": [1072, 1073, 1076, 1080, 1081, 1082, 1085, 1086, 1087, 1089, 1090, 1093, 1094, 1101, 1102, 1103, 1106, 1109], "excluded_lines": [1096, 1097, 1098, 1107], "executed_branches": [], "missing_branches": [[1080, 1081], [1080, 1085], [1081, 1080], [1081, 1082], [1085, 1086], [1085, 1093], [1086, 1087], [1086, 1089], [1089, 1090], [1089, 1093], [1101, 1102], [1101, 1106], [1102, 1103], [1102, 1106]]}, "get_auth_env": {"executed_lines": [1123], "summary": {"covered_lines": 1, "num_statements": 1, "percent_covered": 100.0, "percent_covered_display": "100.00", "missing_lines": 0, "excluded_lines": 0, "num_branches": 0, "num_partial_branches": 0, "covered_branches": 0, "missing_branches": 0}, "missing_lines": [], "excluded_lines": [], "executed_branches": [], "missing_branches": []}, "get_jwt_secret_key": {"executed_lines": [], "summary": {"covered_lines": 0, "num_statements": 1, "percent_covered": 0.0, "percent_covered_display": "0.00", "missing_lines": 1, "excluded_lines": 0, "num_branches": 0, "num_partial_branches": 0, "covered_branches": 0, "missing_branches": 0}, "missing_lines": [1129], "excluded_lines": [], "executed_branches": [], "missing_branches": []}, "get_database_url": {"executed_lines": [], "summary": {"covered_lines": 0, "num_statements": 1, "percent_covered": 0.0, "percent_covered_display": "0.00", "missing_lines": 1, "excluded_lines": 0, "num_branches": 0, "num_partial_branches": 0, "covered_branches": 0, "missing_branches": 0}, "missing_lines": [1134], "excluded_lines": [], "executed_branches": [], "missing_branches": []}, "get_environment": {"executed_lines": [], "summary": {"covered_lines": 0, "num_statements": 1, "percent_covered": 0.0, "percent_covered_display": "0.00", "missing_lines": 1, "excluded_lines": 0, "num_branches": 0, "num_partial_branches": 0, "covered_branches": 0, "missing_branches": 0}, "missing_lines": [1139], "excluded_lines": [], "executed_branches": [], "missing_branches": []}, "is_production": {"executed_lines": [], "summary": {"covered_lines": 0, "num_statements": 1, "percent_covered": 0.0, "percent_covered_display": "0.00", "missing_lines": 1, "excluded_lines": 0, "num_branches": 0, "num_partial_branches": 0, "covered_branches": 0, "missing_branches": 0}, "missing_lines": [1144], "excluded_lines": [], "executed_branches": [], "missing_branches": []}, "is_development": {"executed_lines": [], "summary": {"covered_lines": 0, "num_statements": 1, "percent_covered": 0.0, "percent_covered_display": "0.00", "missing_lines": 1, "excluded_lines": 0, "num_branches": 0, "num_partial_branches": 0, "covered_branches": 0, "missing_branches": 0}, "missing_lines": [1149], "excluded_lines": [], "executed_branches": [], "missing_branches": []}, "": {"executed_lines": [1, 9, 10, 11, 13, 16, 17, 24, 29, 46, 112, 134, 166, 198, 221, 254, 316, 340, 368, 392, 417, 442, 478, 497, 510, 543, 575, 607, 611, 616, 650, 674, 695, 716, 748, 781, 785, 789, 793, 797, 802, 828, 848, 869, 901, 933, 965, 973, 1005, 1026, 1030, 1037, 1041, 1045, 1049, 1054, 1058, 1062, 1066, 1070, 1118, 1121, 1127, 1132, 1137, 1142, 1147], "summary": {"covered_lines": 61, "num_statements": 61, "percent_covered": 100.0, "percent_covered_display": "100.00", "missing_lines": 0, "excluded_lines": 5, "num_branches": 0, "num_partial_branches": 0, "covered_branches": 0, "missing_branches": 0}, "missing_lines": [], "excluded_lines": [392, 973, 1005, 1025, 1041], "executed_branches": [], "missing_branches": []}}, "classes": {"AuthEnvironment": {"executed_lines": [26, 27, 32, 37, 38, 39, 42, 449, 452, 455, 457, 458, 459, 480, 482, 483, 485, 486, 499, 501, 502, 504, 505, 1060], "summary": {"covered_lines": 24, "num_statements": 566, "percent_covered": 3.2822757111597376, "percent_covered_display": "3.28", "missing_lines": 542, "excluded_lines": 77, "num_branches": 348, "num_partial_branches": 4, "covered_branches": 6, "missing_branches": 342}, "missing_lines": [40, 43, 56, 58, 59, 60, 61, 62, 63, 64, 67, 70, 71, 72, 73, 74, 77, 78, 79, 80, 83, 84, 85, 86, 89, 91, 92, 93, 94, 95, 96, 98, 99, 100, 101, 102, 103, 105, 106, 107, 110, 114, 116, 118, 119, 120, 121, 122, 124, 125, 127, 128, 130, 132, 136, 138, 139, 140, 141, 144, 145, 146, 147, 148, 149, 150, 151, 153, 154, 155, 156, 157, 158, 159, 160, 161, 162, 163, 164, 168, 170, 171, 172, 173, 176, 177, 178, 179, 180, 181, 182, 183, 185, 186, 187, 188, 189, 190, 191, 192, 193, 194, 195, 196, 200, 201, 203, 204, 206, 207, 208, 209, 210, 212, 213, 214, 215, 216, 217, 219, 223, 225, 226, 227, 228, 231, 232, 233, 234, 235, 236, 237, 238, 240, 241, 242, 243, 244, 245, 246, 247, 248, 249, 250, 251, 256, 260, 263, 264, 267, 268, 269, 270, 273, 276, 286, 289, 291, 294, 295, 298, 299, 306, 313, 314, 318, 320, 321, 322, 325, 327, 328, 330, 331, 333, 334, 336, 338, 342, 344, 345, 346, 347, 348, 349, 350, 353, 355, 356, 358, 359, 361, 362, 364, 366, 370, 372, 373, 374, 377, 379, 380, 382, 383, 385, 386, 388, 390, 419, 421, 422, 423, 426, 428, 429, 431, 432, 434, 435, 437, 439, 462, 463, 464, 465, 466, 467, 468, 469, 470, 471, 472, 473, 474, 476, 489, 490, 491, 492, 493, 495, 506, 507, 508, 512, 514, 515, 516, 517, 520, 521, 522, 523, 524, 525, 526, 527, 529, 530, 531, 532, 533, 534, 535, 536, 537, 538, 539, 540, 545, 548, 555, 556, 557, 558, 561, 563, 564, 565, 567, 568, 569, 571, 573, 577, 580, 587, 588, 589, 590, 593, 595, 596, 597, 599, 600, 601, 603, 605, 609, 613, 618, 620, 621, 622, 623, 626, 628, 629, 631, 632, 634, 635, 637, 639, 640, 641, 642, 643, 644, 645, 646, 647, 648, 652, 654, 655, 656, 659, 661, 662, 664, 665, 667, 668, 670, 672, 676, 679, 680, 681, 684, 685, 686, 687, 688, 689, 690, 691, 693, 697, 700, 701, 702, 705, 706, 707, 708, 709, 710, 711, 712, 714, 718, 721, 722, 723, 726, 727, 728, 729, 730, 731, 732, 734, 735, 736, 737, 738, 739, 740, 742, 743, 744, 745, 746, 767, 768, 777, 778, 783, 787, 791, 795, 799, 804, 806, 807, 808, 811, 813, 814, 816, 817, 819, 820, 822, 825, 830, 832, 833, 834, 837, 838, 839, 840, 841, 842, 843, 844, 846, 850, 852, 853, 854, 857, 858, 859, 860, 861, 862, 863, 864, 866, 871, 873, 874, 875, 876, 879, 880, 881, 882, 883, 884, 885, 886, 888, 889, 890, 891, 892, 893, 894, 895, 896, 897, 898, 899, 903, 905, 906, 907, 908, 911, 912, 913, 914, 915, 916, 917, 918, 920, 921, 922, 923, 924, 925, 926, 927, 928, 929, 930, 931, 935, 937, 938, 939, 940, 943, 944, 945, 946, 947, 948, 949, 950, 952, 953, 954, 955, 956, 957, 958, 959, 960, 961, 962, 963, 967, 968, 969, 970, 1028, 1032, 1033, 1034, 1035, 1039, 1047, 1051, 1056, 1064, 1068, 1072, 1073, 1076, 1080, 1081, 1082, 1085, 1086, 1087, 1089, 1090, 1093, 1094, 1101, 1102, 1103, 1106, 1109], "excluded_lines": [393, 394, 395, 396, 397, 398, 399, 400, 401, 402, 403, 404, 405, 406, 407, 408, 409, 410, 411, 412, 413, 414, 415, 974, 975, 976, 977, 978, 979, 980, 981, 982, 983, 984, 985, 986, 987, 988, 989, 990, 991, 992, 993, 994, 995, 996, 997, 998, 999, 1000, 1001, 1002, 1003, 1006, 1007, 1008, 1009, 1010, 1011, 1012, 1013, 1014, 1015, 1016, 1017, 1018, 1019, 1020, 1021, 1022, 1023, 1042, 1043, 1096, 1097, 1098, 1107], "executed_branches": [[38, 39], [38, 42], [39, 38], [42, -29], [457, 458], [485, 486]], "missing_branches": [[39, 40], [42, 43], [72, 73], [72, 77], [78, 79], [78, 83], [84, 85], [84, 89], [89, 91], [89, 96], [96, 98], [96, 103], [103, 105], [103, 110], [116, 118], [116, 122], [119, 120], [119, 121], [122, 124], [122, 125], [125, 127], [125, 128], [128, 130], [128, 132], [140, 141], [140, 144], [144, 145], [144, 146], [146, 147], [146, 148], [148, 149], [148, 150], [150, 151], [150, 153], [156, 157], [156, 158], [158, 159], [158, 160], [160, 161], [160, 162], [162, 163], [162, 164], [172, 173], [172, 176], [176, 177], [176, 178], [178, 179], [178, 180], [180, 181], [180, 182], [182, 183], [182, 185], [188, 189], [188, 190], [190, 191], [190, 192], [192, 193], [192, 194], [194, 195], [194, 196], [203, 204], [203, 219], [204, 206], [204, 210], [210, 212], [210, 216], [216, 217], [216, 219], [227, 228], [227, 231], [231, 232], [231, 233], [233, 234], [233, 235], [235, 236], [235, 237], [237, 238], [237, 240], [243, 244], [243, 245], [245, 246], [245, 247], [247, 248], [247, 249], [249, 250], [249, 251], [260, 263], [260, 273], [291, 294], [291, 313], [298, 299], [298, 306], [321, 322], [321, 325], [325, 327], [325, 328], [328, 330], [328, 331], [331, 333], [331, 334], [334, 336], [334, 338], [345, 346], [345, 353], [353, 355], [353, 356], [356, 358], [356, 359], [359, 361], [359, 362], [362, 364], [362, 366], [373, 374], [373, 377], [377, 379], [377, 380], [380, 382], [380, 383], [383, 385], [383, 386], [386, 388], [386, 390], [422, 423], [422, 426], [426, 428], [426, 429], [429, 431], [429, 432], [432, 434], [432, 435], [435, 437], [435, 439], [457, 462], [463, 464], [463, 465], [465, 466], [465, 467], [467, 468], [467, 471], [471, 472], [471, 476], [485, 489], [490, 491], [490, 492], [492, 493], [492, 495], [516, 517], [516, 520], [520, 521], [520, 522], [522, 523], [522, 524], [524, 525], [524, 526], [526, 527], [526, 529], [532, 533], [532, 534], [534, 535], [534, 536], [536, 537], [536, 538], [538, 539], [538, 540], [555, 556], [555, 561], [557, 555], [557, 558], [561, 563], [561, 565], [565, 567], [565, 569], [569, 571], [569, 573], [587, 588], [587, 593], [589, 587], [589, 590], [593, 595], [593, 597], [597, 599], [597, 601], [601, 603], [601, 605], [622, 623], [622, 626], [626, 628], [626, 629], [629, 631], [629, 632], [632, 634], [632, 635], [635, 637], [635, 639], [642, 643], [642, 644], [644, 645], [644, 646], [646, 647], [646, 648], [655, 656], [655, 659], [659, 661], [659, 662], [662, 664], [662, 665], [665, 667], [665, 668], [668, 670], [668, 672], [680, 681], [680, 684], [684, 685], [684, 686], [686, 687], [686, 688], [688, 689], [688, 690], [690, 691], [690, 693], [701, 702], [701, 705], [705, 706], [705, 707], [707, 708], [707, 709], [709, 710], [709, 711], [711, 712], [711, 714], [722, 723], [722, 726], [726, 727], [726, 728], [728, 729], [728, 730], [730, 731], [730, 737], [734, 735], [734, 736], [737, 738], [737, 742], [744, 745], [744, 746], [807, 808], [807, 811], [811, 813], [811, 814], [814, 816], [814, 817], [817, 819], [817, 820], [820, 822], [820, 825], [833, 834], [833, 837], [837, 838], [837, 839], [839, 840], [839, 841], [841, 842], [841, 843], [843, 844], [843, 846], [853, 854], [853, 857], [857, 858], [857, 859], [859, 860], [859, 861], [861, 862], [861, 863], [863, 864], [863, 866], [875, 876], [875, 879], [879, 880], [879, 881], [881, 882], [881, 883], [883, 884], [883, 885], [885, 886], [885, 888], [891, 892], [891, 893], [893, 894], [893, 895], [895, 896], [895, 897], [897, 898], [897, 899], [907, 908], [907, 911], [911, 912], [911, 913], [913, 914], [913, 915], [915, 916], [915, 917], [917, 918], [917, 920], [923, 924], [923, 925], [925, 926], [925, 927], [927, 928], [927, 929], [929, 930], [929, 931], [939, 940], [939, 943], [943, 944], [943, 945], [945, 946], [945, 947], [947, 948], [947, 949], [949, 950], [949, 952], [955, 956], [955, 957], [957, 958], [957, 959], [959, 960], [959, 961], [961, 962], [961, 963], [1080, 1081], [1080, 1085], [1081, 1080], [1081, 1082], [1085, 1086], [1085, 1093], [1086, 1087], [1086, 1089], [1089, 1090], [1089, 1093], [1101, 1102], [1101, 1106], [1102, 1103], [1102, 1106]]}, "": {"executed_lines": [1, 9, 10, 11, 13, 16, 17, 24, 29, 46, 112, 134, 166, 198, 221, 254, 316, 340, 368, 392, 417, 442, 478, 497, 510, 543, 575, 607, 611, 616, 650, 674, 695, 716, 748, 781, 785, 789, 793, 797, 802, 828, 848, 869, 901, 933, 965, 973, 1005, 1026, 1030, 1037, 1041, 1045, 1049, 1054, 1058, 1062, 1066, 1070, 1118, 1121, 1123, 1127, 1132, 1137, 1142, 1147], "summary": {"covered_lines": 62, "num_statements": 67, "percent_covered": 92.53731343283582, "percent_covered_display": "92.54", "missing_lines": 5, "excluded_lines": 5, "num_branches": 0, "num_partial_branches": 0, "covered_branches": 0, "missing_branches": 0}, "missing_lines": [1129, 1134, 1139, 1144, 1149], "excluded_lines": [392, 973, 1005, 1025, 1041], "executed_branches": [], "missing_branches": []}}}, "auth_service/auth_core/business_logic/__init__.py": {"executed_lines": [], "summary": {"covered_lines": 0, "num_statements": 3, "percent_covered": 0.0, "percent_covered_display": "0.00", "missing_lines": 3, "excluded_lines": 0, "num_branches": 0, "num_partial_branches": 0, "covered_branches": 0, "missing_branches": 0}, "missing_lines": [10, 17, 22], "excluded_lines": [], "executed_branches": [], "missing_branches": [], "functions": {"": {"executed_lines": [], "summary": {"covered_lines": 0, "num_statements": 3, "percent_covered": 0.0, "percent_covered_display": "0.00", "missing_lines": 3, "excluded_lines": 0, "num_branches": 0, "num_partial_branches": 0, "covered_branches": 0, "missing_branches": 0}, "missing_lines": [10, 17, 22], "excluded_lines": [], "executed_branches": [], "missing_branches": []}}, "classes": {"": {"executed_lines": [], "summary": {"covered_lines": 0, "num_statements": 3, "percent_covered": 0.0, "percent_covered_display": "0.00", "missing_lines": 3, "excluded_lines": 0, "num_branches": 0, "num_partial_branches": 0, "covered_branches": 0, "missing_branches": 0}, "missing_lines": [10, 17, 22], "excluded_lines": [], "executed_branches": [], "missing_branches": []}}}, "auth_service/auth_core/business_logic/subscription_business_logic.py": {"executed_lines": [], "summary": {"covered_lines": 0, "num_statements": 81, "percent_covered": 0.0, "percent_covered_display": "0.00", "missing_lines": 81, "excluded_lines": 0, "num_branches": 16, "num_partial_branches": 0, "covered_branches": 0, "missing_branches": 16}, "missing_lines": [17, 18, 19, 21, 22, 24, 27, 28, 30, 31, 32, 33, 36, 37, 39, 40, 41, 44, 45, 47, 48, 49, 50, 53, 57, 85, 94, 104, 105, 107, 114, 115, 117, 119, 130, 131, 133, 135, 141, 142, 149, 150, 152, 158, 159, 160, 166, 180, 181, 182, 183, 184, 186, 189, 190, 191, 193, 194, 195, 196, 197, 200, 201, 203, 204, 205, 206, 209, 210, 212, 213, 214, 215, 218, 219, 220, 222, 229, 230, 232, 241], "excluded_lines": [], "executed_branches": [], "missing_branches": [[133, 135], [133, 141], [141, 142], [141, 149], [193, 194], [193, 200], [195, 196], [195, 197], [203, 204], [203, 209], [205, 206], [205, 209], [212, 213], [212, 218], [214, 215], [214, 218]], "functions": {"SubscriptionBusinessLogic.get_tier_limits": {"executed_lines": [], "summary": {"covered_lines": 0, "num_statements": 6, "percent_covered": 0.0, "percent_covered_display": "0.00", "missing_lines": 6, "excluded_lines": 0, "num_branches": 0, "num_partial_branches": 0, "covered_branches": 0, "missing_branches": 0}, "missing_lines": [104, 105, 107, 114, 115, 117], "excluded_lines": [], "executed_branches": [], "missing_branches": []}, "SubscriptionBusinessLogic.validate_feature_access": {"executed_lines": [], "summary": {"covered_lines": 0, "num_statements": 12, "percent_covered": 0.0, "percent_covered_display": "0.00", "missing_lines": 12, "excluded_lines": 0, "num_branches": 4, "num_partial_branches": 0, "covered_branches": 0, "missing_branches": 4}, "missing_lines": [130, 131, 133, 135, 141, 142, 149, 150, 152, 158, 159, 160], "excluded_lines": [], "executed_branches": [], "missing_branches": [[133, 135], [133, 141], [141, 142], [141, 149]]}, "SubscriptionBusinessLogic.validate_usage_compliance": {"executed_lines": [], "summary": {"covered_lines": 0, "num_statements": 33, "percent_covered": 0.0, "percent_covered_display": "0.00", "missing_lines": 33, "excluded_lines": 0, "num_branches": 12, "num_partial_branches": 0, "covered_branches": 0, "missing_branches": 12}, "missing_lines": [180, 181, 182, 183, 184, 186, 189, 190, 191, 193, 194, 195, 196, 197, 200, 201, 203, 204, 205, 206, 209, 210, 212, 213, 214, 215, 218, 219, 220, 222, 229, 230, 232], "excluded_lines": [], "executed_branches": [], "missing_branches": [[193, 194], [193, 200], [195, 196], [195, 197], [203, 204], [203, 209], [205, 206], [205, 209], [212, 213], [212, 218], [214, 215], [214, 218]]}, "": {"executed_lines": [], "summary": {"covered_lines": 0, "num_statements": 30, "percent_covered": 0.0, "percent_covered_display": "0.00", "missing_lines": 30, "excluded_lines": 0, "num_branches": 0, "num_partial_branches": 0, "covered_branches": 0, "missing_branches": 0}, "missing_lines": [17, 18, 19, 21, 22, 24, 27, 28, 30, 31, 32, 33, 36, 37, 39, 40, 41, 44, 45, 47, 48, 49, 50, 53, 57, 85, 94, 119, 166, 241], "excluded_lines": [], "executed_branches": [], "missing_branches": []}}, "classes": {"TierLimits": {"executed_lines": [], "summary": {"covered_lines": 0, "num_statements": 0, "percent_covered": 100.0, "percent_covered_display": "100.00", "missing_lines": 0, "excluded_lines": 0, "num_branches": 0, "num_partial_branches": 0, "covered_branches": 0, "missing_branches": 0}, "missing_lines": [], "excluded_lines": [], "executed_branches": [], "missing_branches": []}, "FeatureAccessResult": {"executed_lines": [], "summary": {"covered_lines": 0, "num_statements": 0, "percent_covered": 100.0, "percent_covered_display": "100.00", "missing_lines": 0, "excluded_lines": 0, "num_branches": 0, "num_partial_branches": 0, "covered_branches": 0, "missing_branches": 0}, "missing_lines": [], "excluded_lines": [], "executed_branches": [], "missing_branches": []}, "UsageComplianceResult": {"executed_lines": [], "summary": {"covered_lines": 0, "num_statements": 0, "percent_covered": 100.0, "percent_covered_display": "100.00", "missing_lines": 0, "excluded_lines": 0, "num_branches": 0, "num_partial_branches": 0, "covered_branches": 0, "missing_branches": 0}, "missing_lines": [], "excluded_lines": [], "executed_branches": [], "missing_branches": []}, "SubscriptionBusinessLogic": {"executed_lines": [], "summary": {"covered_lines": 0, "num_statements": 51, "percent_covered": 0.0, "percent_covered_display": "0.00", "missing_lines": 51, "excluded_lines": 0, "num_branches": 16, "num_partial_branches": 0, "covered_branches": 0, "missing_branches": 16}, "missing_lines": [104, 105, 107, 114, 115, 117, 130, 131, 133, 135, 141, 142, 149, 150, 152, 158, 159, 160, 180, 181, 182, 183, 184, 186, 189, 190, 191, 193, 194, 195, 196, 197, 200, 201, 203, 204, 205, 206, 209, 210, 212, 213, 214, 215, 218, 219, 220, 222, 229, 230, 232], "excluded_lines": [], "executed_branches": [], "missing_branches": [[133, 135], [133, 141], [141, 142], [141, 149], [193, 194], [193, 200], [195, 196], [195, 197], [203, 204], [203, 209], [205, 206], [205, 209], [212, 213], [212, 218], [214, 215], [214, 218]]}, "": {"executed_lines": [], "summary": {"covered_lines": 0, "num_statements": 30, "percent_covered": 0.0, "percent_covered_display": "0.00", "missing_lines": 30, "excluded_lines": 0, "num_branches": 0, "num_partial_branches": 0, "covered_branches": 0, "missing_branches": 0}, "missing_lines": [17, 18, 19, 21, 22, 24, 27, 28, 30, 31, 32, 33, 36, 37, 39, 40, 41, 44, 45, 47, 48, 49, 50, 53, 57, 85, 94, 119, 166, 241], "excluded_lines": [], "executed_branches": [], "missing_branches": []}}}, "auth_service/auth_core/business_logic/user_business_logic.py": {"executed_lines": [], "summary": {"covered_lines": 0, "num_statements": 126, "percent_covered": 0.0, "percent_covered_display": "0.00", "missing_lines": 126, "excluded_lines": 33, "num_branches": 26, "num_partial_branches": 0, "covered_branches": 0, "missing_branches": 26}, "missing_lines": [19, 20, 21, 22, 23, 25, 26, 28, 31, 32, 34, 35, 36, 37, 38, 40, 41, 42, 45, 46, 48, 49, 50, 51, 54, 55, 57, 58, 59, 60, 61, 64, 68, 74, 79, 80, 81, 83, 97, 99, 101, 102, 104, 107, 108, 116, 117, 125, 126, 129, 131, 132, 133, 134, 136, 137, 138, 141, 142, 143, 146, 147, 148, 149, 151, 159, 160, 161, 168, 182, 183, 184, 185, 186, 189, 190, 197, 199, 201, 209, 215, 216, 218, 224, 239, 240, 241, 242, 243, 244, 247, 248, 250, 257, 258, 265, 269, 270, 272, 278, 280, 281, 282, 283, 313, 315, 318, 319, 322, 323, 327, 330, 338, 339, 341, 343, 345, 347, 349, 351, 355, 358, 366, 367, 369, 373], "excluded_lines": [84, 100, 110, 111, 112, 113, 285, 286, 287, 288, 289, 290, 291, 292, 293, 294, 295, 296, 297, 298, 299, 300, 301, 302, 303, 304, 305, 306, 307, 308, 309, 310, 311], "executed_branches": [], "missing_branches": [[41, -40], [41, 42], [116, 117], [116, 125], [129, 131], [129, 134], [134, 136], [134, 141], [148, 149], [148, 151], [189, 190], [189, 197], [197, 199], [197, 209], [247, 248], [247, 257], [257, 258], [257, 265], [280, 281], [280, 282], [318, 319], [318, 322], [322, 323], [322, 327], [366, 367], [366, 369]], "functions": {"UserRegistrationValidationResult.__post_init__": {"executed_lines": [], "summary": {"covered_lines": 0, "num_statements": 2, "percent_covered": 0.0, "percent_covered_display": "0.00", "missing_lines": 2, "excluded_lines": 0, "num_branches": 2, "num_partial_branches": 0, "covered_branches": 0, "missing_branches": 2}, "missing_lines": [41, 42], "excluded_lines": [], "executed_branches": [], "missing_branches": [[41, -40], [41, 42]]}, "UserRegistrationValidator.__init__": {"executed_lines": [], "summary": {"covered_lines": 0, "num_statements": 2, "percent_covered": 0.0, "percent_covered_display": "0.00", "missing_lines": 2, "excluded_lines": 0, "num_branches": 0, "num_partial_branches": 0, "covered_branches": 0, "missing_branches": 0}, "missing_lines": [80, 81], "excluded_lines": [], "executed_branches": [], "missing_branches": []}, "UserRegistrationValidator.validate_registration": {"executed_lines": [], "summary": {"covered_lines": 0, "num_statements": 30, "percent_covered": 0.0, "percent_covered_display": "0.00", "missing_lines": 30, "excluded_lines": 6, "num_branches": 8, "num_partial_branches": 0, "covered_branches": 0, "missing_branches": 8}, "missing_lines": [97, 99, 101, 102, 104, 107, 108, 116, 117, 125, 126, 129, 131, 132, 133, 134, 136, 137, 138, 141, 142, 143, 146, 147, 148, 149, 151, 159, 160, 161], "excluded_lines": [84, 100, 110, 111, 112, 113], "executed_branches": [], "missing_branches": [[116, 117], [116, 125], [129, 131], [129, 134], [134, 136], [134, 141], [148, 149], [148, 151]]}, "UserRegistrationValidator.validate_login_attempt": {"executed_lines": [], "summary": {"covered_lines": 0, "num_statements": 14, "percent_covered": 0.0, "percent_covered_display": "0.00", "missing_lines": 14, "excluded_lines": 0, "num_branches": 4, "num_partial_branches": 0, "covered_branches": 0, "missing_branches": 4}, "missing_lines": [182, 183, 184, 185, 186, 189, 190, 197, 199, 201, 209, 215, 216, 218], "excluded_lines": [], "executed_branches": [], "missing_branches": [[189, 190], [189, 197], [197, 199], [197, 209]]}, "UserRegistrationValidator.process_account_lifecycle": {"executed_lines": [], "summary": {"covered_lines": 0, "num_statements": 15, "percent_covered": 0.0, "percent_covered_display": "0.00", "missing_lines": 15, "excluded_lines": 0, "num_branches": 4, "num_partial_branches": 0, "covered_branches": 0, "missing_branches": 4}, "missing_lines": [239, 240, 241, 242, 243, 244, 247, 248, 250, 257, 258, 265, 269, 270, 272], "excluded_lines": [], "executed_branches": [], "missing_branches": [[247, 248], [247, 257], [257, 258], [257, 265]]}, "UserRegistrationValidator._validate_email_format": {"executed_lines": [], "summary": {"covered_lines": 0, "num_statements": 4, "percent_covered": 0.0, "percent_covered_display": "0.00", "missing_lines": 4, "excluded_lines": 0, "num_branches": 2, "num_partial_branches": 0, "covered_branches": 0, "missing_branches": 2}, "missing_lines": [280, 281, 282, 283], "excluded_lines": [], "executed_branches": [], "missing_branches": [[280, 281], [280, 282]]}, "UserRegistrationValidator._validate_password_strength": {"executed_lines": [], "summary": {"covered_lines": 0, "num_statements": 0, "percent_covered": 100.0, "percent_covered_display": "100.00", "missing_lines": 0, "excluded_lines": 26, "num_branches": 0, "num_partial_branches": 0, "covered_branches": 0, "missing_branches": 0}, "missing_lines": [], "excluded_lines": [286, 287, 288, 289, 290, 291, 292, 293, 294, 295, 296, 297, 298, 299, 300, 301, 302, 303, 304, 305, 306, 307, 308, 309, 310, 311], "executed_branches": [], "missing_branches": []}, "UserRegistrationValidator._is_business_email": {"executed_lines": [], "summary": {"covered_lines": 0, "num_statements": 6, "percent_covered": 0.0, "percent_covered_display": "0.00", "missing_lines": 6, "excluded_lines": 0, "num_branches": 4, "num_partial_branches": 0, "covered_branches": 0, "missing_branches": 4}, "missing_lines": [315, 318, 319, 322, 323, 327], "excluded_lines": [], "executed_branches": [], "missing_branches": [[318, 319], [318, 322], [322, 323], [322, 327]]}, "UserBusinessLogic.__init__": {"executed_lines": [], "summary": {"covered_lines": 0, "num_statements": 1, "percent_covered": 0.0, "percent_covered_display": "0.00", "missing_lines": 1, "excluded_lines": 0, "num_branches": 0, "num_partial_branches": 0, "covered_branches": 0, "missing_branches": 0}, "missing_lines": [339], "excluded_lines": [], "executed_branches": [], "missing_branches": []}, "UserBusinessLogic.validate_registration": {"executed_lines": [], "summary": {"covered_lines": 0, "num_statements": 1, "percent_covered": 0.0, "percent_covered_display": "0.00", "missing_lines": 1, "excluded_lines": 0, "num_branches": 0, "num_partial_branches": 0, "covered_branches": 0, "missing_branches": 0}, "missing_lines": [343], "excluded_lines": [], "executed_branches": [], "missing_branches": []}, "UserBusinessLogic.validate_login_attempt": {"executed_lines": [], "summary": {"covered_lines": 0, "num_statements": 1, "percent_covered": 0.0, "percent_covered_display": "0.00", "missing_lines": 1, "excluded_lines": 0, "num_branches": 0, "num_partial_branches": 0, "covered_branches": 0, "missing_branches": 0}, "missing_lines": [347], "excluded_lines": [], "executed_branches": [], "missing_branches": []}, "UserBusinessLogic.process_account_lifecycle": {"executed_lines": [], "summary": {"covered_lines": 0, "num_statements": 1, "percent_covered": 0.0, "percent_covered_display": "0.00", "missing_lines": 1, "excluded_lines": 0, "num_branches": 0, "num_partial_branches": 0, "covered_branches": 0, "missing_branches": 0}, "missing_lines": [351], "excluded_lines": [], "executed_branches": [], "missing_branches": []}, "validate_registration": {"executed_lines": [], "summary": {"covered_lines": 0, "num_statements": 3, "percent_covered": 0.0, "percent_covered_display": "0.00", "missing_lines": 3, "excluded_lines": 0, "num_branches": 2, "num_partial_branches": 0, "covered_branches": 0, "missing_branches": 2}, "missing_lines": [366, 367, 369], "excluded_lines": [], "executed_branches": [], "missing_branches": [[366, 367], [366, 369]]}, "": {"executed_lines": [], "summary": {"covered_lines": 0, "num_statements": 46, "percent_covered": 0.0, "percent_covered_display": "0.00", "missing_lines": 46, "excluded_lines": 1, "num_branches": 0, "num_partial_branches": 0, "covered_branches": 0, "missing_branches": 0}, "missing_lines": [19, 20, 21, 22, 23, 25, 26, 28, 31, 32, 34, 35, 36, 37, 38, 40, 45, 46, 48, 49, 50, 51, 54, 55, 57, 58, 59, 60, 61, 64, 68, 74, 79, 83, 168, 224, 278, 313, 330, 338, 341, 345, 349, 355, 358, 373], "excluded_lines": [285], "executed_branches": [], "missing_branches": []}}, "classes": {"UserRegistrationValidationResult": {"executed_lines": [], "summary": {"covered_lines": 0, "num_statements": 2, "percent_covered": 0.0, "percent_covered_display": "0.00", "missing_lines": 2, "excluded_lines": 0, "num_branches": 2, "num_partial_branches": 0, "covered_branches": 0, "missing_branches": 2}, "missing_lines": [41, 42], "excluded_lines": [], "executed_branches": [], "missing_branches": [[41, -40], [41, 42]]}, "LoginAttemptValidationResult": {"executed_lines": [], "summary": {"covered_lines": 0, "num_statements": 0, "percent_covered": 100.0, "percent_covered_display": "100.00", "missing_lines": 0, "excluded_lines": 0, "num_branches": 0, "num_partial_branches": 0, "covered_branches": 0, "missing_branches": 0}, "missing_lines": [], "excluded_lines": [], "executed_branches": [], "missing_branches": []}, "AccountLifecycleResult": {"executed_lines": [], "summary": {"covered_lines": 0, "num_statements": 0, "percent_covered": 100.0, "percent_covered_display": "100.00", "missing_lines": 0, "excluded_lines": 0, "num_branches": 0, "num_partial_branches": 0, "covered_branches": 0, "missing_branches": 0}, "missing_lines": [], "excluded_lines": [], "executed_branches": [], "missing_branches": []}, "UserRegistrationValidator": {"executed_lines": [], "summary": {"covered_lines": 0, "num_statements": 71, "percent_covered": 0.0, "percent_covered_display": "0.00", "missing_lines": 71, "excluded_lines": 32, "num_branches": 22, "num_partial_branches": 0, "covered_branches": 0, "missing_branches": 22}, "missing_lines": [80, 81, 97, 99, 101, 102, 104, 107, 108, 116, 117, 125, 126, 129, 131, 132, 133, 134, 136, 137, 138, 141, 142, 143, 146, 147, 148, 149, 151, 159, 160, 161, 182, 183, 184, 185, 186, 189, 190, 197, 199, 201, 209, 215, 216, 218, 239, 240, 241, 242, 243, 244, 247, 248, 250, 257, 258, 265, 269, 270, 272, 280, 281, 282, 283, 315, 318, 319, 322, 323, 327], "excluded_lines": [84, 100, 110, 111, 112, 113, 286, 287, 288, 289, 290, 291, 292, 293, 294, 295, 296, 297, 298, 299, 300, 301, 302, 303, 304, 305, 306, 307, 308, 309, 310, 311], "executed_branches": [], "missing_branches": [[116, 117], [116, 125], [129, 131], [129, 134], [134, 136], [134, 141], [148, 149], [148, 151], [189, 190], [189, 197], [197, 199], [197, 209], [247, 248], [247, 257], [257, 258], [257, 265], [280, 281], [280, 282], [318, 319], [318, 322], [322, 323], [322, 327]]}, "UserBusinessLogic": {"executed_lines": [], "summary": {"covered_lines": 0, "num_statements": 4, "percent_covered": 0.0, "percent_covered_display": "0.00", "missing_lines": 4, "excluded_lines": 0, "num_branches": 0, "num_partial_branches": 0, "covered_branches": 0, "missing_branches": 0}, "missing_lines": [339, 343, 347, 351], "excluded_lines": [], "executed_branches": [], "missing_branches": []}, "": {"executed_lines": [], "summary": {"covered_lines": 0, "num_statements": 49, "percent_covered": 0.0, "percent_covered_display": "0.00", "missing_lines": 49, "excluded_lines": 1, "num_branches": 2, "num_partial_branches": 0, "covered_branches": 0, "missing_branches": 2}, "missing_lines": [19, 20, 21, 22, 23, 25, 26, 28, 31, 32, 34, 35, 36, 37, 38, 40, 45, 46, 48, 49, 50, 51, 54, 55, 57, 58, 59, 60, 61, 64, 68, 74, 79, 83, 168, 224, 278, 313, 330, 338, 341, 345, 349, 355, 358, 366, 367, 369, 373], "excluded_lines": [285], "executed_branches": [], "missing_branches": [[366, 367], [366, 369]]}}}, "auth_service/auth_core/compliance/__init__.py": {"executed_lines": [], "summary": {"covered_lines": 0, "num_statements": 2, "percent_covered": 0.0, "percent_covered_display": "0.00", "missing_lines": 2, "excluded_lines": 0, "num_branches": 0, "num_partial_branches": 0, "covered_branches": 0, "missing_branches": 0}, "missing_lines": [10, 15], "excluded_lines": [], "executed_branches": [], "missing_branches": [], "functions": {"": {"executed_lines": [], "summary": {"covered_lines": 0, "num_statements": 2, "percent_covered": 0.0, "percent_covered_display": "0.00", "missing_lines": 2, "excluded_lines": 0, "num_branches": 0, "num_partial_branches": 0, "covered_branches": 0, "missing_branches": 0}, "missing_lines": [10, 15], "excluded_lines": [], "executed_branches": [], "missing_branches": []}}, "classes": {"": {"executed_lines": [], "summa
[...]
128], [128, 129], [128, 133], [136, 137], [136, 142], [146, 147], [146, 162], [182, 183], [182, 188], [188, 190], [188, 195], [198, 199], [198, 202], [199, 198], [199, 200], [204, 205], [204, 211], [205, 206], [205, 211], [213, 214], [213, 219], [226, 227], [226, 242], [227, 228], [227, 231], [262, 263], [262, 271], [263, 264], [263, 268], [271, 272], [271, 277], [277, 278], [277, 281], [287, 288], [287, 296], [288, 289], [288, 293], [301, 302], [301, 312], [306, 307], [306, 316], [307, 306], [307, 308], [325, 326], [325, 333], [326, 327], [326, 330], [336, 337], [336, 345], [349, 350], [349, 354], [354, 355], [354, 361], [384, 386], [384, 421], [387, 388], [387, 392], [389, 390], [389, 392], [392, 393], [392, 397], [394, 395], [394, 397], [400, 401], [400, 407], [402, 403], [402, 407], [407, 408], [407, 421], [408, 409], [408, 413], [410, 407], [410, 411], [413, 407], [413, 415], [416, 407], [416, 417], [422, 423], [422, 425], [428, 429], [428, 437], [455, 456], [455, 460], [466, 467], [466, 470], [472, 473], [472, 477], [494, 496], [494, 508], [501, 502], [501, 505], [513, 514], [513, 516], [533, 534], [533, 552], [574, 575], [574, 579], [580, 581], [580, 598], [589, 590], [589, 598], [593, 594], [593, 598], [605, 606], [605, 611], [606, 605], [606, 607], [614, 615], [614, 620], [615, 616], [615, 620], [626, 627], [626, 638], [627, 628], [627, 638], [628, 627], [628, 629], [660, 661], [660, 665], [674, 675], [674, 678], [685, 686], [685, 690], [693, 694], [693, 698], [708, 709], [708, 714], [714, 715], [714, 718], [718, 719], [718, 727], [748, 749], [748, 751], [751, 752], [751, 760], [763, 764], [763, 768], [769, 770], [769, 775], [778, 779], [778, 783], [789, 790], [789, 796], [790, 789], [790, 791], [796, 798], [796, 819], [804, 805], [804, 810], [810, 811], [810, 819], [823, 824], [823, 825], [825, 826], [825, 827], [852, 853], [852, 857], [854, 855], [854, 857], [857, 858], [857, 863], [859, 860], [859, 863], [868, 869], [868, 872], [869, 870], [869, 872], [872, 864], [872, 873], [873, 864], [873, 874], [876, 877], [876, 881], [878, 879], [878, 881], [886, 887], [886, 889], [911, 912], [911, 915], [918, 919], [918, 920], [920, 921], [920, 923]], "functions": {"PreDeploymentValidator.__init__": {"executed_lines": [], "summary": {"covered_lines": 0, "num_statements": 1, "percent_covered": 0.0, "percent_covered_display": "0.00", "missing_lines": 1, "excluded_lines": 0, "num_branches": 0, "num_partial_branches": 0, "covered_branches": 0, "missing_branches": 0}, "missing_lines": [43], "excluded_lines": [], "executed_branches": [], "missing_branches": []}, "PreDeploymentValidator.run_comprehensive_validation": {"executed_lines": [], "summary": {"covered_lines": 0, "num_statements": 14, "percent_covered": 0.0, "percent_covered_display": "0.00", "missing_lines": 14, "excluded_lines": 0, "num_branches": 0, "num_partial_branches": 0, "covered_branches": 0, "missing_branches": 0}, "missing_lines": [60, 61, 63, 66, 67, 68, 69, 70, 71, 72, 73, 76, 78, 79], "excluded_lines": [], "executed_branches": [], "missing_branches": []}, "PreDeploymentValidator._validate_database_configuration": {"executed_lines": [], "summary": {"covered_lines": 0, "num_statements": 1, "percent_covered": 0.0, "percent_covered_display": "0.00", "missing_lines": 1, "excluded_lines": 1, "num_branches": 0, "num_partial_branches": 0, "covered_branches": 0, "missing_branches": 0}, "missing_lines": [83], "excluded_lines": [85], "executed_branches": [], "missing_branches": []}, "PreDeploymentValidator._validate_database_ssl_config": {"executed_lines": [], "summary": {"covered_lines": 0, "num_statements": 43, "percent_covered": 0.0, "percent_covered_display": "0.00", "missing_lines": 43, "excluded_lines": 0, "num_branches": 12, "num_partial_branches": 0, "covered_branches": 0, "missing_branches": 12}, "missing_lines": [94, 101, 103, 104, 107, 108, 109, 110, 112, 114, 115, 117, 119, 122, 123, 124, 125, 128, 129, 130, 133, 134, 136, 137, 138, 139, 140, 142, 143, 146, 147, 148, 149, 151, 152, 153, 154, 155, 157, 158, 159, 160, 162], "excluded_lines": [], "executed_branches": [], "missing_branches": [[112, 114], [112, 122], [114, 115], [114, 119], [122, 123], [122, 128], [128, 129], [128, 133], [136, 137], [136, 142], [146, 147], [146, 162]]}, "PreDeploymentValidator._validate_jwt_secret_consistency": {"executed_lines": [], "summary": {"covered_lines": 0, "num_statements": 50, "percent_covered": 0.0, "percent_covered_display": "0.00", "missing_lines": 50, "excluded_lines": 1, "num_branches": 18, "num_partial_branches": 0, "covered_branches": 0, "missing_branches": 18}, "missing_lines": [166, 175, 177, 178, 179, 182, 183, 184, 185, 188, 190, 191, 192, 195, 196, 198, 199, 200, 202, 204, 205, 206, 207, 208, 211, 212, 213, 214, 215, 216, 217, 219, 220, 221, 222, 225, 226, 227, 228, 229, 231, 233, 234, 235, 236, 237, 238, 239, 240, 242], "excluded_lines": [168], "executed_branches": [], "missing_branches": [[182, 183], [182, 188], [188, 190], [188, 195], [198, 199], [198, 202], [199, 198], [199, 200], [204, 205], [204, 211], [205, 206], [205, 211], [213, 214], [213, 219], [226, 227], [226, 242], [227, 228], [227, 231]]}, "PreDeploymentValidator._validate_oauth_configuration": {"executed_lines": [], "summary": {"covered_lines": 0, "num_statements": 58, "percent_covered": 0.0, "percent_covered_display": "0.00", "missing_lines": 58, "excluded_lines": 1, "num_branches": 24, "num_partial_branches": 0, "covered_branches": 0, "missing_branches": 24}, "missing_lines": [246, 255, 256, 259, 260, 262, 263, 264, 265, 266, 268, 271, 272, 273, 274, 277, 278, 279, 281, 284, 285, 287, 288, 289, 290, 291, 293, 296, 297, 300, 301, 302, 303, 306, 307, 308, 309, 310, 312, 313, 316, 317, 319, 325, 326, 327, 328, 330, 333, 334, 336, 337, 338, 340, 341, 342, 343, 345], "excluded_lines": [248], "executed_branches": [], "missing_branches": [[262, 263], [262, 271], [263, 264], [263, 268], [271, 272], [271, 277], [277, 278], [277, 281], [287, 288], [287, 296], [288, 289], [288, 293], [301, 302], [301, 312], [306, 307], [306, 316], [307, 306], [307, 308], [325, 326], [325, 333], [326, 327], [326, 330], [336, 337], [336, 345]]}, "PreDeploymentValidator._get_expected_redirect_uris": {"executed_lines": [], "summary": {"covered_lines": 0, "num_statements": 5, "percent_covered": 0.0, "percent_covered_display": "0.00", "missing_lines": 5, "excluded_lines": 0, "num_branches": 4, "num_partial_branches": 0, "covered_branches": 0, "missing_branches": 4}, "missing_lines": [349, 350, 354, 355, 361], "excluded_lines": [], "executed_branches": [], "missing_branches": [[349, 350], [349, 354], [354, 355], [354, 361]]}, "PreDeploymentValidator._validate_ssl_parameters": {"executed_lines": [], "summary": {"covered_lines": 0, "num_statements": 44, "percent_covered": 0.0, "percent_covered_display": "0.00", "missing_lines": 44, "excluded_lines": 1, "num_branches": 28, "num_partial_branches": 0, "covered_branches": 0, "missing_branches": 28}, "missing_lines": [368, 377, 380, 381, 382, 384, 386, 387, 388, 389, 390, 392, 393, 394, 395, 397, 400, 401, 402, 403, 404, 407, 408, 409, 410, 411, 412, 413, 415, 416, 417, 418, 421, 422, 423, 425, 428, 429, 430, 432, 433, 434, 435, 437], "excluded_lines": [370], "executed_branches": [], "missing_branches": [[384, 386], [384, 421], [387, 388], [387, 392], [389, 390], [389, 392], [392, 393], [392, 397], [394, 395], [394, 397], [400, 401], [400, 407], [402, 403], [402, 407], [407, 408], [407, 421], [408, 409], [408, 413], [410, 407], [410, 411], [413, 407], [413, 415], [416, 407], [416, 417], [422, 423], [422, 425], [428, 429], [428, 437]]}, "PreDeploymentValidator._validate_container_lifecycle_readiness": {"executed_lines": [], "summary": {"covered_lines": 0, "num_statements": 51, "percent_covered": 0.0, "percent_covered_display": "0.00", "missing_lines": 51, "excluded_lines": 1, "num_branches": 12, "num_partial_branches": 0, "covered_branches": 0, "missing_branches": 12}, "missing_lines": [441, 450, 452, 453, 455, 456, 457, 458, 460, 463, 464, 466, 467, 468, 470, 471, 472, 473, 474, 475, 477, 478, 479, 480, 481, 484, 485, 486, 489, 490, 491, 494, 496, 497, 498, 499, 501, 502, 503, 505, 508, 509, 512, 513, 514, 516, 518, 519, 520, 521, 523], "excluded_lines": [443], "executed_branches": [], "missing_branches": [[455, 456], [455, 460], [466, 467], [466, 470], [472, 473], [472, 477], [494, 496], [494, 508], [501, 502], [501, 505], [513, 514], [513, 516]]}, "PreDeploymentValidator._check_signal_handlers": {"executed_lines": [], "summary": {"covered_lines": 0, "num_statements": 14, "percent_covered": 0.0, "percent_covered_display": "0.00", "missing_lines": 14, "excluded_lines": 0, "num_branches": 2, "num_partial_branches": 0, "covered_branches": 0, "missing_branches": 2}, "missing_lines": [527, 529, 531, 533, 534, 535, 536, 539, 540, 541, 542, 543, 545, 552], "excluded_lines": [], "executed_branches": [], "missing_branches": [[533, 534], [533, 552]]}, "PreDeploymentValidator._validate_environment_consistency": {"executed_lines": [], "summary": {"covered_lines": 0, "num_statements": 43, "percent_covered": 0.0, "percent_covered_display": "0.00", "missing_lines": 43, "excluded_lines": 1, "num_branches": 22, "num_partial_branches": 0, "covered_branches": 0, "missing_branches": 22}, "missing_lines": [556, 565, 567, 568, 570, 571, 572, 574, 575, 576, 579, 580, 581, 584, 589, 590, 591, 593, 594, 595, 598, 605, 606, 607, 608, 611, 612, 614, 615, 616, 617, 620, 626, 627, 628, 629, 630, 631, 633, 634, 635, 636, 638], "excluded_lines": [558], "executed_branches": [], "missing_branches": [[574, 575], [574, 579], [580, 581], [580, 598], [589, 590], [589, 598], [593, 594], [593, 598], [605, 606], [605, 611], [606, 605], [606, 607], [614, 615], [614, 620], [615, 616], [615, 620], [626, 627], [626, 638], [627, 628], [627, 638], [628, 627], [628, 629]]}, "PreDeploymentValidator._validate_service_configuration": {"executed_lines": [], "summary": {"covered_lines": 0, "num_statements": 50, "percent_covered": 0.0, "percent_covered_display": "0.00", "missing_lines": 50, "excluded_lines": 1, "num_branches": 14, "num_partial_branches": 0, "covered_branches": 0, "missing_branches": 14}, "missing_lines": [642, 651, 653, 654, 657, 658, 660, 661, 662, 665, 666, 668, 673, 674, 675, 676, 678, 681, 682, 683, 685, 686, 687, 690, 691, 693, 694, 695, 698, 699, 700, 702, 703, 704, 707, 708, 709, 710, 711, 714, 715, 716, 718, 719, 720, 722, 723, 724, 725, 727], "excluded_lines": [644], "executed_branches": [], "missing_branches": [[660, 661], [660, 665], [674, 675], [674, 678], [685, 686], [685, 690], [693, 694], [693, 698], [708, 709], [708, 714], [714, 715], [714, 718], [718, 719], [718, 727]]}, "PreDeploymentValidator._validate_security_configuration": {"executed_lines": [], "summary": {"covered_lines": 0, "num_statements": 53, "percent_covered": 0.0, "percent_covered_display": "0.00", "missing_lines": 53, "excluded_lines": 1, "num_branches": 20, "num_partial_branches": 0, "covered_branches": 0, "missing_branches": 20}, "missing_lines": [731, 740, 741, 744, 745, 746, 748, 749, 751, 752, 753, 754, 755, 756, 757, 760, 761, 763, 764, 765, 768, 769, 770, 771, 772, 775, 776, 778, 779, 780, 783, 789, 790, 791, 792, 793, 796, 798, 799, 800, 801, 804, 805, 806, 807, 810, 811, 812, 814, 815, 816, 817, 819], "excluded_lines": [733], "executed_branches": [], "missing_branches": [[748, 749], [748, 751], [751, 752], [751, 760], [763, 764], [763, 768], [769, 770], [769, 775], [778, 779], [778, 783], [789, 790], [789, 796], [790, 789], [790, 791], [796, 798], [796, 819], [804, 805], [804, 810], [810, 811], [810, 819]]}, "PreDeploymentValidator._determine_overall_status": {"executed_lines": [], "summary": {"covered_lines": 0, "num_statements": 6, "percent_covered": 0.0, "percent_covered_display": "0.00", "missing_lines": 6, "excluded_lines": 1, "num_branches": 4, "num_partial_branches": 0, "covered_branches": 0, "missing_branches": 4}, "missing_lines": [823, 824, 825, 826, 827, 828], "excluded_lines": [830], "executed_branches": [], "missing_branches": [[823, 824], [823, 825], [825, 826], [825, 827]]}, "PreDeploymentValidator.print_validation_report": {"executed_lines": [], "summary": {"covered_lines": 0, "num_statements": 34, "percent_covered": 0.0, "percent_covered_display": "0.00", "missing_lines": 34, "excluded_lines": 4, "num_branches": 22, "num_partial_branches": 0, "covered_branches": 0, "missing_branches": 22}, "missing_lines": [834, 843, 845, 846, 847, 848, 849, 850, 852, 853, 854, 855, 857, 858, 859, 860, 863, 864, 866, 868, 869, 870, 872, 873, 874, 876, 877, 878, 879, 881, 886, 887, 889, 891], "excluded_lines": [836, 865, 884, 885], "executed_branches": [], "missing_branches": [[852, 853], [852, 857], [854, 855], [854, 857], [857, 858], [857, 863], [859, 860], [859, 863], [868, 869], [868, 872], [869, 870], [869, 872], [872, 864], [872, 873], [873, 864], [873, 874], [876, 877], [876, 881], [878, 879], [878, 881], [886, 887], [886, 889]]}, "main": {"executed_lines": [], "summary": {"covered_lines": 0, "num_statements": 18, "percent_covered": 0.0, "percent_covered_display": "0.00", "missing_lines": 18, "excluded_lines": 0, "num_branches": 6, "num_partial_branches": 0, "covered_branches": 0, "missing_branches": 6}, "missing_lines": [896, 898, 899, 900, 901, 904, 905, 908, 909, 911, 912, 913, 915, 918, 919, 920, 921, 923], "excluded_lines": [], "executed_branches": [], "missing_branches": [[911, 912], [911, 915], [918, 919], [918, 920], [920, 921], [920, 923]]}, "": {"executed_lines": [1, 18, 19, 20, 21, 22, 23, 24, 25, 26, 27, 28, 30, 34, 35, 36, 39, 40, 42, 53, 81, 92, 164, 244, 347, 366, 439, 525, 554, 640, 729, 821, 832, 894, 926], "summary": {"covered_lines": 32, "num_statements": 32, "percent_covered": 100.0, "percent_covered_display": "100.00", "missing_lines": 0, "excluded_lines": 2, "num_branches": 0, "num_partial_branches": 0, "covered_branches": 0, "missing_branches": 0}, "missing_lines": [], "excluded_lines": [926, 927], "executed_branches": [], "missing_branches": []}}, "classes": {"PreDeploymentValidator": {"executed_lines": [], "summary": {"covered_lines": 0, "num_statements": 467, "percent_covered": 0.0, "percent_covered_display": "0.00", "missing_lines": 467, "excluded_lines": 13, "num_branches": 182, "num_partial_branches": 0, "covered_branches": 0, "missing_branches": 182}, "missing_lines": [43, 60, 61, 63, 66, 67, 68, 69, 70, 71, 72, 73, 76, 78, 79, 83, 94, 101, 103, 104, 107, 108, 109, 110, 112, 114, 115, 117, 119, 122, 123, 124, 125, 128, 129, 130, 133, 134, 136, 137, 138, 139, 140, 142, 143, 146, 147, 148, 149, 151, 152, 153, 154, 155, 157, 158, 159, 160, 162, 166, 175, 177, 178, 179, 182, 183, 184, 185, 188, 190, 191, 192, 195, 196, 198, 199, 200, 202, 204, 205, 206, 207, 208, 211, 212, 213, 214, 215, 216, 217, 219, 220, 221, 222, 225, 226, 227, 228, 229, 231, 233, 234, 235, 236, 237, 238, 239, 240, 242, 246, 255, 256, 259, 260, 262, 263, 264, 265, 266, 268, 271, 272, 273, 274, 277, 278, 279, 281, 284, 285, 287, 288, 289, 290, 291, 293, 296, 297, 300, 301, 302, 303, 306, 307, 308, 309, 310, 312, 313, 316, 317, 319, 325, 326, 327, 328, 330, 333, 334, 336, 337, 338, 340, 341, 342, 343, 345, 349, 350, 354, 355, 361, 368, 377, 380, 381, 382, 384, 386, 387, 388, 389, 390, 392, 393, 394, 395, 397, 400, 401, 402, 403, 404, 407, 408, 409, 410, 411, 412, 413, 415, 416, 417, 418, 421, 422, 423, 425, 428, 429, 430, 432, 433, 434, 435, 437, 441, 450, 452, 453, 455, 456, 457, 458, 460, 463, 464, 466, 467, 468, 470, 471, 472, 473, 474, 475, 477, 478, 479, 480, 481, 484, 485, 486, 489, 490, 491, 494, 496, 497, 498, 499, 501, 502, 503, 505, 508, 509, 512, 513, 514, 516, 518, 519, 520, 521, 523, 527, 529, 531, 533, 534, 535, 536, 539, 540, 541, 542, 543, 545, 552, 556, 565, 567, 568, 570, 571, 572, 574, 575, 576, 579, 580, 581, 584, 589, 590, 591, 593, 594, 595, 598, 605, 606, 607, 608, 611, 612, 614, 615, 616, 617, 620, 626, 627, 628, 629, 630, 631, 633, 634, 635, 636, 638, 642, 651, 653, 654, 657, 658, 660, 661, 662, 665, 666, 668, 673, 674, 675, 676, 678, 681, 682, 683, 685, 686, 687, 690, 691, 693, 694, 695, 698, 699, 700, 702, 703, 704, 707, 708, 709, 710, 711, 714, 715, 716, 718, 719, 720, 722, 723, 724, 725, 727, 731, 740, 741, 744, 745, 746, 748, 749, 751, 752, 753, 754, 755, 756, 757, 760, 761, 763, 764, 765, 768, 769, 770, 771, 772, 775, 776, 778, 779, 780, 783, 789, 790, 791, 792, 793, 796, 798, 799, 800, 801, 804, 805, 806, 807, 810, 811, 812, 814, 815, 816, 817, 819, 823, 824, 825, 826, 827, 828, 834, 843, 845, 846, 847, 848, 849, 850, 852, 853, 854, 855, 857, 858, 859, 860, 863, 864, 866, 868, 869, 870, 872, 873, 874, 876, 877, 878, 879, 881, 886, 887, 889, 891], "excluded_lines": [85, 168, 248, 370, 443, 558, 644, 733, 830, 836, 865, 884, 885], "executed_branches": [], "missing_branches": [[112, 114], [112, 122], [114, 115], [114, 119], [122, 123], [122, 128], [128, 129], [128, 133], [136, 137], [136, 142], [146, 147], [146, 162], [182, 183], [182, 188], [188, 190], [188, 195], [198, 199], [198, 202], [199, 198], [199, 200], [204, 205], [204, 211], [205, 206], [205, 211], [213, 214], [213, 219], [226, 227], [226, 242], [227, 228], [227, 231], [262, 263], [262, 271], [263, 264], [263, 268], [271, 272], [271, 277], [277, 278], [277, 281], [287, 288], [287, 296], [288, 289], [288, 293], [301, 302], [301, 312], [306, 307], [306, 316], [307, 306], [307, 308], [325, 326], [325, 333], [326, 327], [326, 330], [336, 337], [336, 345], [349, 350], [349, 354], [354, 355], [354, 361], [384, 386], [384, 421], [387, 388], [387, 392], [389, 390], [389, 392], [392, 393], [392, 397], [394, 395], [394, 397], [400, 401], [400, 407], [402, 403], [402, 407], [407, 408], [407, 421], [408, 409], [408, 413], [410, 407], [410, 411], [413, 407], [413, 415], [416, 407], [416, 417], [422, 423], [422, 425], [428, 429], [428, 437], [455, 456], [455, 460], [466, 467], [466, 470], [472, 473], [472, 477], [494, 496], [494, 508], [501, 502], [501, 505], [513, 514], [513, 516], [533, 534], [533, 552], [574, 575], [574, 579], [580, 581], [580, 598], [589, 590], [589, 598], [593, 594], [593, 598], [605, 606], [605, 611], [606, 605], [606, 607], [614, 615], [614, 620], [615, 616], [615, 620], [626, 627], [626, 638], [627, 628], [627, 638], [628, 627], [628, 629], [660, 661], [660, 665], [674, 675], [674, 678], [685, 686], [685, 690], [693, 694], [693, 698], [708, 709], [708, 714], [714, 715], [714, 718], [718, 719], [718, 727], [748, 749], [748, 751], [751, 752], [751, 760], [763, 764], [763, 768], [769, 770], [769, 775], [778, 779], [778, 783], [789, 790], [789, 796], [790, 789], [790, 791], [796, 798], [796, 819], [804, 805], [804, 810], [810, 811], [810, 819], [823, 824], [823, 825], [825, 826], [825, 827], [852, 853], [852, 857], [854, 855], [854, 857], [857, 858], [857, 863], [859, 860], [859, 863], [868, 869], [868, 872], [869, 870], [869, 872], [872, 864], [872, 873], [873, 864], [873, 874], [876, 877], [876, 881], [878, 879], [878, 881], [886, 887], [886, 889]]}, "": {"executed_lines": [1, 18, 19, 20, 21, 22, 23, 24, 25, 26, 27, 28, 30, 34, 35, 36, 39, 40, 42, 53, 81, 92, 164, 244, 347, 366, 439, 525, 554, 640, 729, 821, 832, 894, 926], "summary": {"covered_lines": 32, "num_statements": 50, "percent_covered": 57.142857142857146, "percent_covered_display": "57.14", "missing_lines": 18, "excluded_lines": 2, "num_branches": 6, "num_partial_branches": 0, "covered_branches": 0, "missing_branches": 6}, "missing_lines": [896, 898, 899, 900, 901, 904, 905, 908, 909, 911, 912, 913, 915, 918, 919, 920, 921, 923], "excluded_lines": [926, 927], "executed_branches": [], "missing_branches": [[911, 912], [911, 915], [918, 919], [918, 920], [920, 921], [920, 923]]}}}}, "totals": {"covered_lines": 1183, "num_statements": 6716, "percent_covered": 13.994881340158214, "percent_covered_display": "13.99", "missing_lines": 5533, "excluded_lines": 1126, "num_branches": 1880, "num_partial_branches": 18, "covered_branches": 20, "missing_branches": 1860}}