Traceback (most recent call last):
  File "C:\Users\antho\AppData\Roaming\Python\Python312\site-packages\langsmith\schemas.py", line 21, in <module>
    from pydantic.v1 import (
ModuleNotFoundError: No module named 'pydantic'

During handling of the above exception, another exception occurred:

Traceback (most recent call last):
  File "C:\Users\antho\OneDrive\Desktop\Netra\netra-core-generation-1\scripts\test_backend.py", line 564, in <module>
    main()
  File "C:\Users\antho\OneDrive\Desktop\Netra\netra-core-generation-1\scripts\test_backend.py", line 549, in main
    exit_code = run_tests(pytest_args, args, isolation_manager)
                ^^^^^^^^^^^^^^^^^^^^^^^^^^^^^^^^^^^^^^^^^^^^^^^
  File "C:\Users\antho\OneDrive\Desktop\Netra\netra-core-generation-1\scripts\test_backend.py", line 428, in run_tests
    exit_code, duration = execute_pytest_with_timing(pytest_args)
                          ^^^^^^^^^^^^^^^^^^^^^^^^^^^^^^^^^^^^^^^
  File "C:\Users\antho\OneDrive\Desktop\Netra\netra-core-generation-1\scripts\test_backend.py", line 381, in execute_pytest_with_timing
    exit_code = pytest.main(pytest_args)
                ^^^^^^^^^^^^^^^^^^^^^^^^
  File "C:\Users\antho\AppData\Roaming\Python\Python312\site-packages\_pytest\config\__init__.py", line 156, in main
    config = _prepareconfig(args, plugins)
             ^^^^^^^^^^^^^^^^^^^^^^^^^^^^^
  File "C:\Users\antho\AppData\Roaming\Python\Python312\site-packages\_pytest\config\__init__.py", line 342, in _prepareconfig
    config = pluginmanager.hook.pytest_cmdline_parse(
             ^^^^^^^^^^^^^^^^^^^^^^^^^^^^^^^^^^^^^^^^
  File "C:\Users\antho\AppData\Roaming\Python\Python312\site-packages\pluggy\_hooks.py", line 512, in __call__
    return self._hookexec(self.name, self._hookimpls.copy(), kwargs, firstresult)
           ^^^^^^^^^^^^^^^^^^^^^^^^^^^^^^^^^^^^^^^^^^^^^^^^^^^^^^^^^^^^^^^^^^^^^^
  File "C:\Users\antho\AppData\Roaming\Python\Python312\site-packages\pluggy\_manager.py", line 120, in _hookexec
    return self._inner_hookexec(hook_name, methods, kwargs, firstresult)
           ^^^^^^^^^^^^^^^^^^^^^^^^^^^^^^^^^^^^^^^^^^^^^^^^^^^^^^^^^^^^^
  File "C:\Users\antho\AppData\Roaming\Python\Python312\site-packages\pluggy\_callers.py", line 167, in _multicall
    raise exception
  File "C:\Users\antho\AppData\Roaming\Python\Python312\site-packages\pluggy\_callers.py", line 139, in _multicall
    teardown.throw(exception)
  File "C:\Users\antho\AppData\Roaming\Python\Python312\site-packages\_pytest\helpconfig.py", line 112, in pytest_cmdline_parse
    config = yield
             ^^^^^
  File "C:\Users\antho\AppData\Roaming\Python\Python312\site-packages\pluggy\_callers.py", line 121, in _multicall
    res = hook_impl.function(*args)
          ^^^^^^^^^^^^^^^^^^^^^^^^^
  File "C:\Users\antho\AppData\Roaming\Python\Python312\site-packages\_pytest\config\__init__.py", line 1146, in pytest_cmdline_parse
    self.parse(args)
  File "C:\Users\antho\AppData\Roaming\Python\Python312\site-packages\_pytest\config\__init__.py", line 1527, in parse
    self._preparse(args, addopts=addopts)
  File "C:\Users\antho\AppData\Roaming\Python\Python312\site-packages\_pytest\config\__init__.py", line 1412, in _preparse
    self.pluginmanager.load_setuptools_entrypoints("pytest11")
  File "C:\Users\antho\AppData\Roaming\Python\Python312\site-packages\pluggy\_manager.py", line 416, in load_setuptools_entrypoints
    plugin = ep.load()
             ^^^^^^^^^
  File "C:\Users\antho\miniconda3\Lib\importlib\metadata\__init__.py", line 205, in load
    module = import_module(match.group('module'))
             ^^^^^^^^^^^^^^^^^^^^^^^^^^^^^^^^^^^^
  File "C:\Users\antho\miniconda3\Lib\importlib\__init__.py", line 90, in import_module
    return _bootstrap._gcd_import(name[level:], package, level)
           ^^^^^^^^^^^^^^^^^^^^^^^^^^^^^^^^^^^^^^^^^^^^^^^^^^^^
  File "<frozen importlib._bootstrap>", line 1387, in _gcd_import
  File "<frozen importlib._bootstrap>", line 1360, in _find_and_load
  File "<frozen importlib._bootstrap>", line 1331, in _find_and_load_unlocked
  File "<frozen importlib._bootstrap>", line 935, in _load_unlocked
  File "C:\Users\antho\AppData\Roaming\Python\Python312\site-packages\_pytest\assertion\rewrite.py", line 186, in exec_module
    exec(co, module.__dict__)
  File "C:\Users\antho\AppData\Roaming\Python\Python312\site-packages\langsmith\pytest_plugin.py", line 14, in <module>
    from langsmith import utils as ls_utils
  File "C:\Users\antho\AppData\Roaming\Python\Python312\site-packages\_pytest\assertion\rewrite.py", line 186, in exec_module
    exec(co, module.__dict__)
  File "C:\Users\antho\AppData\Roaming\Python\Python312\site-packages\langsmith\utils.py", line 36, in <module>
    from langsmith import schemas as ls_schemas
  File "C:\Users\antho\AppData\Roaming\Python\Python312\site-packages\_pytest\assertion\rewrite.py", line 186, in exec_module
    exec(co, module.__dict__)
  File "C:\Users\antho\AppData\Roaming\Python\Python312\site-packages\langsmith\schemas.py", line 30, in <module>
    from pydantic import (  # type: ignore[assignment]
ModuleNotFoundError: No module named 'pydantic'

================================================================================
NETRA AI PLATFORM - UNIFIED TEST RUNNER
================================================================================
Running real_e2e tests: Full end-to-end tests with real LLM and services (20-30 minutes)
Purpose: Complete user journey validation with actual services
Timeout: 1800s
[SPEED] Speed optimizations enabled
Scanning for test size violations...
Found 1918 test files

[X] TEST SIZE VIOLATIONS DETECTED: 2804 violations
Files exceeding 450-line limit: 791
Functions exceeding 25-line limit: 2013

Violation Details:
  * app\tests\integration\test_websocket_auth_cold_start_extended_l3.py: 3035 lines (file_size)
  * app\tests\integration\critical_paths\test_security_breach_response_l4.py: 2051 lines (file_size)
  * app\tests\integration\critical_paths\test_service_mesh_l4.py: 1594 lines (file_size)
  * app\tests\integration\critical_paths\test_enterprise_resource_isolation_l4.py: 1467 lines (file_size)
  * app\tests\integration\critical_paths\test_data_migration_integrity_l4.py: 1387 lines (file_size)

Test size limits are MANDATORY per SPEC/testing.xml:
  * Test files: 300 lines maximum (same as production code)
  * Test functions: 8 lines maximum (same as production code)

[!] WARNING: Tests will run despite size violations
Run 'python scripts/compliance/test_size_validator.py --format markdown' for fixing guide

============================================================
RUNNING BACKEND TESTS
[SPEED] Speed optimizations active
============================================================
Loaded test environment from C:\Users\antho\OneDrive\Desktop\Netra\netra-core-generation-1\.env.test
================================================================================
NETRA AI PLATFORM - BACKEND TEST RUNNER
================================================================================
Test Configuration:
  Category: all
  Parallel: 2
  Coverage: disabled
  Fail Fast: enabled
  Environment: test

Running command:
  pytest -c C:\Users\antho\OneDrive\Desktop\Netra\netra-core-generation-1\app\pytest.ini app/tests tests integration_tests -vv -n 2 -x --maxfail=1 --tb=short --asyncio-mode=auto --color=yes --strict-markers --disable-warnings -p no:warnings -m real_e2e
================================================================================

[FAIL] Backend tests completed in 1.63s
[ERROR] Unexpected error: 'charmap' codec can't encode characters in position 2-3: character maps to <undefined>
