<?xml version="1.0" encoding="utf-8"?><testsuites name="pytest tests"><testsuite name="pytest" errors="0" failures="0" skipped="47" tests="47" time="66.029" timestamp="2025-08-31T00:19:32.753214-07:00" hostname="Shivanginis-MacBook-Pro.local"><testcase classname="tests.test_all_imports" name="test_module_imports[auth_service.health_config-file_path0]" time="29.223"><skipped type="pytest.skip" message="Real services unavailable: Required services not available:&#10;PostgreSQL: PostgreSQL not available: Multiple exceptions: [Errno 61] Connect call failed ('::1', 5434, 0, 0), [Errno 61] Connect call failed ('127.0.0.1', 5434)&#10;Redis: Redis not available: Error Multiple exceptions: [Errno 61] Connect call failed ('::1', 6381, 0, 0), [Errno 61] Connect call failed ('127.0.0.1', 6381) connecting to localhost:6381.&#10;ClickHouse: ClickHouse not available: Code: 516.&#10;DB::Exception: test: Authentication failed: password is incorrect, or there is no user with such name.. Stack trace:&#10;&#10;0. DB::Exception::Exception(DB::Exception::MessageMasked&amp;&amp;, int, bool) @ 0x0000000010c92930&#10;1. DB::Exception::Exception(String&amp;&amp;, int, String, bool) @ 0x000000000b730698&#10;2. DB::Exception::Exception(PreformattedMessage&amp;&amp;, int) @ 0x000000000b730168&#10;3. DB::AccessControl::authenticate(DB::Credentials const&amp;, Poco::Net::IPAddress const&amp;, DB::ClientInfo const&amp;) const @ 0x0000000013b76854&#10;4. DB::Session::authenticate(DB::Credentials const&amp;, Poco::Net::SocketAddress const&amp;, std::vector&lt;String, std::allocator&lt;String&gt;&gt; const&amp;) @ 0x0000000014ff7660&#10;5. DB::Session::authenticate(String const&amp;, String const&amp;, Poco::Net::SocketAddress const&amp;, std::vector&lt;String, std::allocator&lt;String&gt;&gt; const&amp;) @ 0x0000000014ff6d14&#10;6. DB::TCPHandler::receiveHello() @ 0x000000001660846c&#10;7. DB::TCPHandler::runImpl() @ 0x00000000165fbf20&#10;8. DB::TCPHandler::run() @ 0x000000001661aae4&#10;9. Poco::Net::TCPServerConnection::start() @ 0x000000001b0f9e98&#10;10. Poco::Net::TCPServerDispatcher::run() @ 0x000000001b0fa434&#10;11. Poco::PooledThread::run() @ 0x000000001b0c03dc&#10;12. Poco::ThreadImpl::runnableEntry(void*) @ 0x000000001b0be750&#10;13. ? @ 0x000000000007d5b8&#10;14. ? @ 0x00000000000e5edc">/Users/anthony/Documents/GitHub/netra-apex/auth_service/tests/test_all_imports.py:57: Real services unavailable: Required services not available:
PostgreSQL: PostgreSQL not available: Multiple exceptions: [Errno 61] Connect call failed ('::1', 5434, 0, 0), [Errno 61] Connect call failed ('127.0.0.1', 5434)
Redis: Redis not available: Error Multiple exceptions: [Errno 61] Connect call failed ('::1', 6381, 0, 0), [Errno 61] Connect call failed ('127.0.0.1', 6381) connecting to localhost:6381.
ClickHouse: ClickHouse not available: Code: 516.
DB::Exception: test: Authentication failed: password is incorrect, or there is no user with such name.. Stack trace:

0. DB::Exception::Exception(DB::Exception::MessageMasked&amp;&amp;, int, bool) @ 0x0000000010c92930
1. DB::Exception::Exception(String&amp;&amp;, int, String, bool) @ 0x000000000b730698
2. DB::Exception::Exception(PreformattedMessage&amp;&amp;, int) @ 0x000000000b730168
3. DB::AccessControl::authenticate(DB::Credentials const&amp;, Poco::Net::IPAddress const&amp;, DB::ClientInfo const&amp;) const @ 0x0000000013b76854
4. DB::Session::authenticate(DB::Credentials const&amp;, Poco::Net::SocketAddress const&amp;, std::vector&lt;String, std::allocator&lt;String&gt;&gt; const&amp;) @ 0x0000000014ff7660
5. DB::Session::authenticate(String const&amp;, String const&amp;, Poco::Net::SocketAddress const&amp;, std::vector&lt;String, std::allocator&lt;String&gt;&gt; const&amp;) @ 0x0000000014ff6d14
6. DB::TCPHandler::receiveHello() @ 0x000000001660846c
7. DB::TCPHandler::runImpl() @ 0x00000000165fbf20
8. DB::TCPHandler::run() @ 0x000000001661aae4
9. Poco::Net::TCPServerConnection::start() @ 0x000000001b0f9e98
10. Poco::Net::TCPServerDispatcher::run() @ 0x000000001b0fa434
11. Poco::PooledThread::run() @ 0x000000001b0c03dc
12. Poco::ThreadImpl::runnableEntry(void*) @ 0x000000001b0be750
13. ? @ 0x000000000007d5b8
14. ? @ 0x00000000000e5edc</skipped></testcase><testcase classname="tests.test_all_imports" name="test_module_imports[auth_service.demo_refresh_fix-file_path1]" time="0.000"><skipped type="pytest.skip" message="Real services unavailable: Required services not available:&#10;PostgreSQL: PostgreSQL not available: Multiple exceptions: [Errno 61] Connect call failed ('::1', 5434, 0, 0), [Errno 61] Connect call failed ('127.0.0.1', 5434)&#10;Redis: Redis not available: Error Multiple exceptions: [Errno 61] Connect call failed ('::1', 6381, 0, 0), [Errno 61] Connect call failed ('127.0.0.1', 6381) connecting to localhost:6381.&#10;ClickHouse: ClickHouse not available: Code: 516.&#10;DB::Exception: test: Authentication failed: password is incorrect, or there is no user with such name.. Stack trace:&#10;&#10;0. DB::Exception::Exception(DB::Exception::MessageMasked&amp;&amp;, int, bool) @ 0x0000000010c92930&#10;1. DB::Exception::Exception(String&amp;&amp;, int, String, bool) @ 0x000000000b730698&#10;2. DB::Exception::Exception(PreformattedMessage&amp;&amp;, int) @ 0x000000000b730168&#10;3. DB::AccessControl::authenticate(DB::Credentials const&amp;, Poco::Net::IPAddress const&amp;, DB::ClientInfo const&amp;) const @ 0x0000000013b76854&#10;4. DB::Session::authenticate(DB::Credentials const&amp;, Poco::Net::SocketAddress const&amp;, std::vector&lt;String, std::allocator&lt;String&gt;&gt; const&amp;) @ 0x0000000014ff7660&#10;5. DB::Session::authenticate(String const&amp;, String const&amp;, Poco::Net::SocketAddress const&amp;, std::vector&lt;String, std::allocator&lt;String&gt;&gt; const&amp;) @ 0x0000000014ff6d14&#10;6. DB::TCPHandler::receiveHello() @ 0x000000001660846c&#10;7. DB::TCPHandler::runImpl() @ 0x00000000165fbf20&#10;8. DB::TCPHandler::run() @ 0x000000001661aae4&#10;9. Poco::Net::TCPServerConnection::start() @ 0x000000001b0f9e98&#10;10. Poco::Net::TCPServerDispatcher::run() @ 0x000000001b0fa434&#10;11. Poco::PooledThread::run() @ 0x000000001b0c03dc&#10;12. Poco::ThreadImpl::runnableEntry(void*) @ 0x000000001b0be750&#10;13. ? @ 0x000000000007d5b8&#10;14. ? @ 0x00000000000e5edc">/Users/anthony/Documents/GitHub/netra-apex/auth_service/tests/test_all_imports.py:57: Real services unavailable: Required services not available:
PostgreSQL: PostgreSQL not available: Multiple exceptions: [Errno 61] Connect call failed ('::1', 5434, 0, 0), [Errno 61] Connect call failed ('127.0.0.1', 5434)
Redis: Redis not available: Error Multiple exceptions: [Errno 61] Connect call failed ('::1', 6381, 0, 0), [Errno 61] Connect call failed ('127.0.0.1', 6381) connecting to localhost:6381.
ClickHouse: ClickHouse not available: Code: 516.
DB::Exception: test: Authentication failed: password is incorrect, or there is no user with such name.. Stack trace:

0. DB::Exception::Exception(DB::Exception::MessageMasked&amp;&amp;, int, bool) @ 0x0000000010c92930
1. DB::Exception::Exception(String&amp;&amp;, int, String, bool) @ 0x000000000b730698
2. DB::Exception::Exception(PreformattedMessage&amp;&amp;, int) @ 0x000000000b730168
3. DB::AccessControl::authenticate(DB::Credentials const&amp;, Poco::Net::IPAddress const&amp;, DB::ClientInfo const&amp;) const @ 0x0000000013b76854
4. DB::Session::authenticate(DB::Credentials const&amp;, Poco::Net::SocketAddress const&amp;, std::vector&lt;String, std::allocator&lt;String&gt;&gt; const&amp;) @ 0x0000000014ff7660
5. DB::Session::authenticate(String const&amp;, String const&amp;, Poco::Net::SocketAddress const&amp;, std::vector&lt;String, std::allocator&lt;String&gt;&gt; const&amp;) @ 0x0000000014ff6d14
6. DB::TCPHandler::receiveHello() @ 0x000000001660846c
7. DB::TCPHandler::runImpl() @ 0x00000000165fbf20
8. DB::TCPHandler::run() @ 0x000000001661aae4
9. Poco::Net::TCPServerConnection::start() @ 0x000000001b0f9e98
10. Poco::Net::TCPServerDispatcher::run() @ 0x000000001b0fa434
11. Poco::PooledThread::run() @ 0x000000001b0c03dc
12. Poco::ThreadImpl::runnableEntry(void*) @ 0x000000001b0be750
13. ? @ 0x000000000007d5b8
14. ? @ 0x00000000000e5edc</skipped></testcase><testcase classname="tests.test_all_imports" name="test_module_imports[auth_service.__init__-file_path2]" time="0.000"><skipped type="pytest.skip" message="Real services unavailable: Required services not available:&#10;PostgreSQL: PostgreSQL not available: Multiple exceptions: [Errno 61] Connect call failed ('::1', 5434, 0, 0), [Errno 61] Connect call failed ('127.0.0.1', 5434)&#10;Redis: Redis not available: Error Multiple exceptions: [Errno 61] Connect call failed ('::1', 6381, 0, 0), [Errno 61] Connect call failed ('127.0.0.1', 6381) connecting to localhost:6381.&#10;ClickHouse: ClickHouse not available: Code: 516.&#10;DB::Exception: test: Authentication failed: password is incorrect, or there is no user with such name.. Stack trace:&#10;&#10;0. DB::Exception::Exception(DB::Exception::MessageMasked&amp;&amp;, int, bool) @ 0x0000000010c92930&#10;1. DB::Exception::Exception(String&amp;&amp;, int, String, bool) @ 0x000000000b730698&#10;2. DB::Exception::Exception(PreformattedMessage&amp;&amp;, int) @ 0x000000000b730168&#10;3. DB::AccessControl::authenticate(DB::Credentials const&amp;, Poco::Net::IPAddress const&amp;, DB::ClientInfo const&amp;) const @ 0x0000000013b76854&#10;4. DB::Session::authenticate(DB::Credentials const&amp;, Poco::Net::SocketAddress const&amp;, std::vector&lt;String, std::allocator&lt;String&gt;&gt; const&amp;) @ 0x0000000014ff7660&#10;5. DB::Session::authenticate(String const&amp;, String const&amp;, Poco::Net::SocketAddress const&amp;, std::vector&lt;String, std::allocator&lt;String&gt;&gt; const&amp;) @ 0x0000000014ff6d14&#10;6. DB::TCPHandler::receiveHello() @ 0x000000001660846c&#10;7. DB::TCPHandler::runImpl() @ 0x00000000165fbf20&#10;8. DB::TCPHandler::run() @ 0x000000001661aae4&#10;9. Poco::Net::TCPServerConnection::start() @ 0x000000001b0f9e98&#10;10. Poco::Net::TCPServerDispatcher::run() @ 0x000000001b0fa434&#10;11. Poco::PooledThread::run() @ 0x000000001b0c03dc&#10;12. Poco::ThreadImpl::runnableEntry(void*) @ 0x000000001b0be750&#10;13. ? @ 0x000000000007d5b8&#10;14. ? @ 0x00000000000e5edc">/Users/anthony/Documents/GitHub/netra-apex/auth_service/tests/test_all_imports.py:57: Real services unavailable: Required services not available:
PostgreSQL: PostgreSQL not available: Multiple exceptions: [Errno 61] Connect call failed ('::1', 5434, 0, 0), [Errno 61] Connect call failed ('127.0.0.1', 5434)
Redis: Redis not available: Error Multiple exceptions: [Errno 61] Connect call failed ('::1', 6381, 0, 0), [Errno 61] Connect call failed ('127.0.0.1', 6381) connecting to localhost:6381.
ClickHouse: ClickHouse not available: Code: 516.
DB::Exception: test: Authentication failed: password is incorrect, or there is no user with such name.. Stack trace:

0. DB::Exception::Exception(DB::Exception::MessageMasked&amp;&amp;, int, bool) @ 0x0000000010c92930
1. DB::Exception::Exception(String&amp;&amp;, int, String, bool) @ 0x000000000b730698
2. DB::Exception::Exception(PreformattedMessage&amp;&amp;, int) @ 0x000000000b730168
3. DB::AccessControl::authenticate(DB::Credentials const&amp;, Poco::Net::IPAddress const&amp;, DB::ClientInfo const&amp;) const @ 0x0000000013b76854
4. DB::Session::authenticate(DB::Credentials const&amp;, Poco::Net::SocketAddress const&amp;, std::vector&lt;String, std::allocator&lt;String&gt;&gt; const&amp;) @ 0x0000000014ff7660
5. DB::Session::authenticate(String const&amp;, String const&amp;, Poco::Net::SocketAddress const&amp;, std::vector&lt;String, std::allocator&lt;String&gt;&gt; const&amp;) @ 0x0000000014ff6d14
6. DB::TCPHandler::receiveHello() @ 0x000000001660846c
7. DB::TCPHandler::runImpl() @ 0x00000000165fbf20
8. DB::TCPHandler::run() @ 0x000000001661aae4
9. Poco::Net::TCPServerConnection::start() @ 0x000000001b0f9e98
10. Poco::Net::TCPServerDispatcher::run() @ 0x000000001b0fa434
11. Poco::PooledThread::run() @ 0x000000001b0c03dc
12. Poco::ThreadImpl::runnableEntry(void*) @ 0x000000001b0be750
13. ? @ 0x000000000007d5b8
14. ? @ 0x00000000000e5edc</skipped></testcase><testcase classname="tests.test_all_imports" name="test_module_imports[auth_service.services_init-file_path3]" time="0.000"><skipped type="pytest.skip" message="Real services unavailable: Required services not available:&#10;PostgreSQL: PostgreSQL not available: Multiple exceptions: [Errno 61] Connect call failed ('::1', 5434, 0, 0), [Errno 61] Connect call failed ('127.0.0.1', 5434)&#10;Redis: Redis not available: Error Multiple exceptions: [Errno 61] Connect call failed ('::1', 6381, 0, 0), [Errno 61] Connect call failed ('127.0.0.1', 6381) connecting to localhost:6381.&#10;ClickHouse: ClickHouse not available: Code: 516.&#10;DB::Exception: test: Authentication failed: password is incorrect, or there is no user with such name.. Stack trace:&#10;&#10;0. DB::Exception::Exception(DB::Exception::MessageMasked&amp;&amp;, int, bool) @ 0x0000000010c92930&#10;1. DB::Exception::Exception(String&amp;&amp;, int, String, bool) @ 0x000000000b730698&#10;2. DB::Exception::Exception(PreformattedMessage&amp;&amp;, int) @ 0x000000000b730168&#10;3. DB::AccessControl::authenticate(DB::Credentials const&amp;, Poco::Net::IPAddress const&amp;, DB::ClientInfo const&amp;) const @ 0x0000000013b76854&#10;4. DB::Session::authenticate(DB::Credentials const&amp;, Poco::Net::SocketAddress const&amp;, std::vector&lt;String, std::allocator&lt;String&gt;&gt; const&amp;) @ 0x0000000014ff7660&#10;5. DB::Session::authenticate(String const&amp;, String const&amp;, Poco::Net::SocketAddress const&amp;, std::vector&lt;String, std::allocator&lt;String&gt;&gt; const&amp;) @ 0x0000000014ff6d14&#10;6. DB::TCPHandler::receiveHello() @ 0x000000001660846c&#10;7. DB::TCPHandler::runImpl() @ 0x00000000165fbf20&#10;8. DB::TCPHandler::run() @ 0x000000001661aae4&#10;9. Poco::Net::TCPServerConnection::start() @ 0x000000001b0f9e98&#10;10. Poco::Net::TCPServerDispatcher::run() @ 0x000000001b0fa434&#10;11. Poco::PooledThread::run() @ 0x000000001b0c03dc&#10;12. Poco::ThreadImpl::runnableEntry(void*) @ 0x000000001b0be750&#10;13. ? @ 0x000000000007d5b8&#10;14. ? @ 0x00000000000e5edc">/Users/anthony/Documents/GitHub/netra-apex/auth_service/tests/test_all_imports.py:57: Real services unavailable: Required services not available:
PostgreSQL: PostgreSQL not available: Multiple exceptions: [Errno 61] Connect call failed ('::1', 5434, 0, 0), [Errno 61] Connect call failed ('127.0.0.1', 5434)
Redis: Redis not available: Error Multiple exceptions: [Errno 61] Connect call failed ('::1', 6381, 0, 0), [Errno 61] Connect call failed ('127.0.0.1', 6381) connecting to localhost:6381.
ClickHouse: ClickHouse not available: Code: 516.
DB::Exception: test: Authentication failed: password is incorrect, or there is no user with such name.. Stack trace:

0. DB::Exception::Exception(DB::Exception::MessageMasked&amp;&amp;, int, bool) @ 0x0000000010c92930
1. DB::Exception::Exception(String&amp;&amp;, int, String, bool) @ 0x000000000b730698
2. DB::Exception::Exception(PreformattedMessage&amp;&amp;, int) @ 0x000000000b730168
3. DB::AccessControl::authenticate(DB::Credentials const&amp;, Poco::Net::IPAddress const&amp;, DB::ClientInfo const&amp;) const @ 0x0000000013b76854
4. DB::Session::authenticate(DB::Credentials const&amp;, Poco::Net::SocketAddress const&amp;, std::vector&lt;String, std::allocator&lt;String&gt;&gt; const&amp;) @ 0x0000000014ff7660
5. DB::Session::authenticate(String const&amp;, String const&amp;, Poco::Net::SocketAddress const&amp;, std::vector&lt;String, std::allocator&lt;String&gt;&gt; const&amp;) @ 0x0000000014ff6d14
6. DB::TCPHandler::receiveHello() @ 0x000000001660846c
7. DB::TCPHandler::runImpl() @ 0x00000000165fbf20
8. DB::TCPHandler::run() @ 0x000000001661aae4
9. Poco::Net::TCPServerConnection::start() @ 0x000000001b0f9e98
10. Poco::Net::TCPServerDispatcher::run() @ 0x000000001b0fa434
11. Poco::PooledThread::run() @ 0x000000001b0c03dc
12. Poco::ThreadImpl::runnableEntry(void*) @ 0x000000001b0be750
13. ? @ 0x000000000007d5b8
14. ? @ 0x00000000000e5edc</skipped></testcase><testcase classname="tests.test_all_imports" name="test_module_imports[auth_service.gunicorn_config-file_path4]" time="0.000"><skipped type="pytest.skip" message="Real services unavailable: Required services not available:&#10;PostgreSQL: PostgreSQL not available: Multiple exceptions: [Errno 61] Connect call failed ('::1', 5434, 0, 0), [Errno 61] Connect call failed ('127.0.0.1', 5434)&#10;Redis: Redis not available: Error Multiple exceptions: [Errno 61] Connect call failed ('::1', 6381, 0, 0), [Errno 61] Connect call failed ('127.0.0.1', 6381) connecting to localhost:6381.&#10;ClickHouse: ClickHouse not available: Code: 516.&#10;DB::Exception: test: Authentication failed: password is incorrect, or there is no user with such name.. Stack trace:&#10;&#10;0. DB::Exception::Exception(DB::Exception::MessageMasked&amp;&amp;, int, bool) @ 0x0000000010c92930&#10;1. DB::Exception::Exception(String&amp;&amp;, int, String, bool) @ 0x000000000b730698&#10;2. DB::Exception::Exception(PreformattedMessage&amp;&amp;, int) @ 0x000000000b730168&#10;3. DB::AccessControl::authenticate(DB::Credentials const&amp;, Poco::Net::IPAddress const&amp;, DB::ClientInfo const&amp;) const @ 0x0000000013b76854&#10;4. DB::Session::authenticate(DB::Credentials const&amp;, Poco::Net::SocketAddress const&amp;, std::vector&lt;String, std::allocator&lt;String&gt;&gt; const&amp;) @ 0x0000000014ff7660&#10;5. DB::Session::authenticate(String const&amp;, String const&amp;, Poco::Net::SocketAddress const&amp;, std::vector&lt;String, std::allocator&lt;String&gt;&gt; const&amp;) @ 0x0000000014ff6d14&#10;6. DB::TCPHandler::receiveHello() @ 0x000000001660846c&#10;7. DB::TCPHandler::runImpl() @ 0x00000000165fbf20&#10;8. DB::TCPHandler::run() @ 0x000000001661aae4&#10;9. Poco::Net::TCPServerConnection::start() @ 0x000000001b0f9e98&#10;10. Poco::Net::TCPServerDispatcher::run() @ 0x000000001b0fa434&#10;11. Poco::PooledThread::run() @ 0x000000001b0c03dc&#10;12. Poco::ThreadImpl::runnableEntry(void*) @ 0x000000001b0be750&#10;13. ? @ 0x000000000007d5b8&#10;14. ? @ 0x00000000000e5edc">/Users/anthony/Documents/GitHub/netra-apex/auth_service/tests/test_all_imports.py:57: Real services unavailable: Required services not available:
PostgreSQL: PostgreSQL not available: Multiple exceptions: [Errno 61] Connect call failed ('::1', 5434, 0, 0), [Errno 61] Connect call failed ('127.0.0.1', 5434)
Redis: Redis not available: Error Multiple exceptions: [Errno 61] Connect call failed ('::1', 6381, 0, 0), [Errno 61] Connect call failed ('127.0.0.1', 6381) connecting to localhost:6381.
ClickHouse: ClickHouse not available: Code: 516.
DB::Exception: test: Authentication failed: password is incorrect, or there is no user with such name.. Stack trace:

0. DB::Exception::Exception(DB::Exception::MessageMasked&amp;&amp;, int, bool) @ 0x0000000010c92930
1. DB::Exception::Exception(String&amp;&amp;, int, String, bool) @ 0x000000000b730698
2. DB::Exception::Exception(PreformattedMessage&amp;&amp;, int) @ 0x000000000b730168
3. DB::AccessControl::authenticate(DB::Credentials const&amp;, Poco::Net::IPAddress const&amp;, DB::ClientInfo const&amp;) const @ 0x0000000013b76854
4. DB::Session::authenticate(DB::Credentials const&amp;, Poco::Net::SocketAddress const&amp;, std::vector&lt;String, std::allocator&lt;String&gt;&gt; const&amp;) @ 0x0000000014ff7660
5. DB::Session::authenticate(String const&amp;, String const&amp;, Poco::Net::SocketAddress const&amp;, std::vector&lt;String, std::allocator&lt;String&gt;&gt; const&amp;) @ 0x0000000014ff6d14
6. DB::TCPHandler::receiveHello() @ 0x000000001660846c
7. DB::TCPHandler::runImpl() @ 0x00000000165fbf20
8. DB::TCPHandler::run() @ 0x000000001661aae4
9. Poco::Net::TCPServerConnection::start() @ 0x000000001b0f9e98
10. Poco::Net::TCPServerDispatcher::run() @ 0x000000001b0fa434
11. Poco::PooledThread::run() @ 0x000000001b0c03dc
12. Poco::ThreadImpl::runnableEntry(void*) @ 0x000000001b0be750
13. ? @ 0x000000000007d5b8
14. ? @ 0x00000000000e5edc</skipped></testcase><testcase classname="tests.test_all_imports" name="test_module_imports[auth_service.health_check-file_path5]" time="0.000"><skipped type="pytest.skip" message="Real services unavailable: Required services not available:&#10;PostgreSQL: PostgreSQL not available: Multiple exceptions: [Errno 61] Connect call failed ('::1', 5434, 0, 0), [Errno 61] Connect call failed ('127.0.0.1', 5434)&#10;Redis: Redis not available: Error Multiple exceptions: [Errno 61] Connect call failed ('::1', 6381, 0, 0), [Errno 61] Connect call failed ('127.0.0.1', 6381) connecting to localhost:6381.&#10;ClickHouse: ClickHouse not available: Code: 516.&#10;DB::Exception: test: Authentication failed: password is incorrect, or there is no user with such name.. Stack trace:&#10;&#10;0. DB::Exception::Exception(DB::Exception::MessageMasked&amp;&amp;, int, bool) @ 0x0000000010c92930&#10;1. DB::Exception::Exception(String&amp;&amp;, int, String, bool) @ 0x000000000b730698&#10;2. DB::Exception::Exception(PreformattedMessage&amp;&amp;, int) @ 0x000000000b730168&#10;3. DB::AccessControl::authenticate(DB::Credentials const&amp;, Poco::Net::IPAddress const&amp;, DB::ClientInfo const&amp;) const @ 0x0000000013b76854&#10;4. DB::Session::authenticate(DB::Credentials const&amp;, Poco::Net::SocketAddress const&amp;, std::vector&lt;String, std::allocator&lt;String&gt;&gt; const&amp;) @ 0x0000000014ff7660&#10;5. DB::Session::authenticate(String const&amp;, String const&amp;, Poco::Net::SocketAddress const&amp;, std::vector&lt;String, std::allocator&lt;String&gt;&gt; const&amp;) @ 0x0000000014ff6d14&#10;6. DB::TCPHandler::receiveHello() @ 0x000000001660846c&#10;7. DB::TCPHandler::runImpl() @ 0x00000000165fbf20&#10;8. DB::TCPHandler::run() @ 0x000000001661aae4&#10;9. Poco::Net::TCPServerConnection::start() @ 0x000000001b0f9e98&#10;10. Poco::Net::TCPServerDispatcher::run() @ 0x000000001b0fa434&#10;11. Poco::PooledThread::run() @ 0x000000001b0c03dc&#10;12. Poco::ThreadImpl::runnableEntry(void*) @ 0x000000001b0be750&#10;13. ? @ 0x000000000007d5b8&#10;14. ? @ 0x00000000000e5edc">/Users/anthony/Documents/GitHub/netra-apex/auth_service/tests/test_all_imports.py:57: Real services unavailable: Required services not available:
PostgreSQL: PostgreSQL not available: Multiple exceptions: [Errno 61] Connect call failed ('::1', 5434, 0, 0), [Errno 61] Connect call failed ('127.0.0.1', 5434)
Redis: Redis not available: Error Multiple exceptions: [Errno 61] Connect call failed ('::1', 6381, 0, 0), [Errno 61] Connect call failed ('127.0.0.1', 6381) connecting to localhost:6381.
ClickHouse: ClickHouse not available: Code: 516.
DB::Exception: test: Authentication failed: password is incorrect, or there is no user with such name.. Stack trace:

0. DB::Exception::Exception(DB::Exception::MessageMasked&amp;&amp;, int, bool) @ 0x0000000010c92930
1. DB::Exception::Exception(String&amp;&amp;, int, String, bool) @ 0x000000000b730698
2. DB::Exception::Exception(PreformattedMessage&amp;&amp;, int) @ 0x000000000b730168
3. DB::AccessControl::authenticate(DB::Credentials const&amp;, Poco::Net::IPAddress const&amp;, DB::ClientInfo const&amp;) const @ 0x0000000013b76854
4. DB::Session::authenticate(DB::Credentials const&amp;, Poco::Net::SocketAddress const&amp;, std::vector&lt;String, std::allocator&lt;String&gt;&gt; const&amp;) @ 0x0000000014ff7660
5. DB::Session::authenticate(String const&amp;, String const&amp;, Poco::Net::SocketAddress const&amp;, std::vector&lt;String, std::allocator&lt;String&gt;&gt; const&amp;) @ 0x0000000014ff6d14
6. DB::TCPHandler::receiveHello() @ 0x000000001660846c
7. DB::TCPHandler::runImpl() @ 0x00000000165fbf20
8. DB::TCPHandler::run() @ 0x000000001661aae4
9. Poco::Net::TCPServerConnection::start() @ 0x000000001b0f9e98
10. Poco::Net::TCPServerDispatcher::run() @ 0x000000001b0fa434
11. Poco::PooledThread::run() @ 0x000000001b0c03dc
12. Poco::ThreadImpl::runnableEntry(void*) @ 0x000000001b0be750
13. ? @ 0x000000000007d5b8
14. ? @ 0x00000000000e5edc</skipped></testcase><testcase classname="tests.test_all_imports" name="test_module_imports[auth_service.init_database-file_path6]" time="0.000"><skipped type="pytest.skip" message="Real services unavailable: Required services not available:&#10;PostgreSQL: PostgreSQL not available: Multiple exceptions: [Errno 61] Connect call failed ('::1', 5434, 0, 0), [Errno 61] Connect call failed ('127.0.0.1', 5434)&#10;Redis: Redis not available: Error Multiple exceptions: [Errno 61] Connect call failed ('::1', 6381, 0, 0), [Errno 61] Connect call failed ('127.0.0.1', 6381) connecting to localhost:6381.&#10;ClickHouse: ClickHouse not available: Code: 516.&#10;DB::Exception: test: Authentication failed: password is incorrect, or there is no user with such name.. Stack trace:&#10;&#10;0. DB::Exception::Exception(DB::Exception::MessageMasked&amp;&amp;, int, bool) @ 0x0000000010c92930&#10;1. DB::Exception::Exception(String&amp;&amp;, int, String, bool) @ 0x000000000b730698&#10;2. DB::Exception::Exception(PreformattedMessage&amp;&amp;, int) @ 0x000000000b730168&#10;3. DB::AccessControl::authenticate(DB::Credentials const&amp;, Poco::Net::IPAddress const&amp;, DB::ClientInfo const&amp;) const @ 0x0000000013b76854&#10;4. DB::Session::authenticate(DB::Credentials const&amp;, Poco::Net::SocketAddress const&amp;, std::vector&lt;String, std::allocator&lt;String&gt;&gt; const&amp;) @ 0x0000000014ff7660&#10;5. DB::Session::authenticate(String const&amp;, String const&amp;, Poco::Net::SocketAddress const&amp;, std::vector&lt;String, std::allocator&lt;String&gt;&gt; const&amp;) @ 0x0000000014ff6d14&#10;6. DB::TCPHandler::receiveHello() @ 0x000000001660846c&#10;7. DB::TCPHandler::runImpl() @ 0x00000000165fbf20&#10;8. DB::TCPHandler::run() @ 0x000000001661aae4&#10;9. Poco::Net::TCPServerConnection::start() @ 0x000000001b0f9e98&#10;10. Poco::Net::TCPServerDispatcher::run() @ 0x000000001b0fa434&#10;11. Poco::PooledThread::run() @ 0x000000001b0c03dc&#10;12. Poco::ThreadImpl::runnableEntry(void*) @ 0x000000001b0be750&#10;13. ? @ 0x000000000007d5b8&#10;14. ? @ 0x00000000000e5edc">/Users/anthony/Documents/GitHub/netra-apex/auth_service/tests/test_all_imports.py:57: Real services unavailable: Required services not available:
PostgreSQL: PostgreSQL not available: Multiple exceptions: [Errno 61] Connect call failed ('::1', 5434, 0, 0), [Errno 61] Connect call failed ('127.0.0.1', 5434)
Redis: Redis not available: Error Multiple exceptions: [Errno 61] Connect call failed ('::1', 6381, 0, 0), [Errno 61] Connect call failed ('127.0.0.1', 6381) connecting to localhost:6381.
ClickHouse: ClickHouse not available: Code: 516.
DB::Exception: test: Authentication failed: password is incorrect, or there is no user with such name.. Stack trace:

0. DB::Exception::Exception(DB::Exception::MessageMasked&amp;&amp;, int, bool) @ 0x0000000010c92930
1. DB::Exception::Exception(String&amp;&amp;, int, String, bool) @ 0x000000000b730698
2. DB::Exception::Exception(PreformattedMessage&amp;&amp;, int) @ 0x000000000b730168
3. DB::AccessControl::authenticate(DB::Credentials const&amp;, Poco::Net::IPAddress const&amp;, DB::ClientInfo const&amp;) const @ 0x0000000013b76854
4. DB::Session::authenticate(DB::Credentials const&amp;, Poco::Net::SocketAddress const&amp;, std::vector&lt;String, std::allocator&lt;String&gt;&gt; const&amp;) @ 0x0000000014ff7660
5. DB::Session::authenticate(String const&amp;, String const&amp;, Poco::Net::SocketAddress const&amp;, std::vector&lt;String, std::allocator&lt;String&gt;&gt; const&amp;) @ 0x0000000014ff6d14
6. DB::TCPHandler::receiveHello() @ 0x000000001660846c
7. DB::TCPHandler::runImpl() @ 0x00000000165fbf20
8. DB::TCPHandler::run() @ 0x000000001661aae4
9. Poco::Net::TCPServerConnection::start() @ 0x000000001b0f9e98
10. Poco::Net::TCPServerDispatcher::run() @ 0x000000001b0fa434
11. Poco::PooledThread::run() @ 0x000000001b0c03dc
12. Poco::ThreadImpl::runnableEntry(void*) @ 0x000000001b0be750
13. ? @ 0x000000000007d5b8
14. ? @ 0x00000000000e5edc</skipped></testcase><testcase classname="tests.test_all_imports" name="test_module_imports[auth_service.main-file_path7]" time="0.000"><skipped type="pytest.skip" message="Real services unavailable: Required services not available:&#10;PostgreSQL: PostgreSQL not available: Multiple exceptions: [Errno 61] Connect call failed ('::1', 5434, 0, 0), [Errno 61] Connect call failed ('127.0.0.1', 5434)&#10;Redis: Redis not available: Error Multiple exceptions: [Errno 61] Connect call failed ('::1', 6381, 0, 0), [Errno 61] Connect call failed ('127.0.0.1', 6381) connecting to localhost:6381.&#10;ClickHouse: ClickHouse not available: Code: 516.&#10;DB::Exception: test: Authentication failed: password is incorrect, or there is no user with such name.. Stack trace:&#10;&#10;0. DB::Exception::Exception(DB::Exception::MessageMasked&amp;&amp;, int, bool) @ 0x0000000010c92930&#10;1. DB::Exception::Exception(String&amp;&amp;, int, String, bool) @ 0x000000000b730698&#10;2. DB::Exception::Exception(PreformattedMessage&amp;&amp;, int) @ 0x000000000b730168&#10;3. DB::AccessControl::authenticate(DB::Credentials const&amp;, Poco::Net::IPAddress const&amp;, DB::ClientInfo const&amp;) const @ 0x0000000013b76854&#10;4. DB::Session::authenticate(DB::Credentials const&amp;, Poco::Net::SocketAddress const&amp;, std::vector&lt;String, std::allocator&lt;String&gt;&gt; const&amp;) @ 0x0000000014ff7660&#10;5. DB::Session::authenticate(String const&amp;, String const&amp;, Poco::Net::SocketAddress const&amp;, std::vector&lt;String, std::allocator&lt;String&gt;&gt; const&amp;) @ 0x0000000014ff6d14&#10;6. DB::TCPHandler::receiveHello() @ 0x000000001660846c&#10;7. DB::TCPHandler::runImpl() @ 0x00000000165fbf20&#10;8. DB::TCPHandler::run() @ 0x000000001661aae4&#10;9. Poco::Net::TCPServerConnection::start() @ 0x000000001b0f9e98&#10;10. Poco::Net::TCPServerDispatcher::run() @ 0x000000001b0fa434&#10;11. Poco::PooledThread::run() @ 0x000000001b0c03dc&#10;12. Poco::ThreadImpl::runnableEntry(void*) @ 0x000000001b0be750&#10;13. ? @ 0x000000000007d5b8&#10;14. ? @ 0x00000000000e5edc">/Users/anthony/Documents/GitHub/netra-apex/auth_service/tests/test_all_imports.py:57: Real services unavailable: Required services not available:
PostgreSQL: PostgreSQL not available: Multiple exceptions: [Errno 61] Connect call failed ('::1', 5434, 0, 0), [Errno 61] Connect call failed ('127.0.0.1', 5434)
Redis: Redis not available: Error Multiple exceptions: [Errno 61] Connect call failed ('::1', 6381, 0, 0), [Errno 61] Connect call failed ('127.0.0.1', 6381) connecting to localhost:6381.
ClickHouse: ClickHouse not available: Code: 516.
DB::Exception: test: Authentication failed: password is incorrect, or there is no user with such name.. Stack trace:

0. DB::Exception::Exception(DB::Exception::MessageMasked&amp;&amp;, int, bool) @ 0x0000000010c92930
1. DB::Exception::Exception(String&amp;&amp;, int, String, bool) @ 0x000000000b730698
2. DB::Exception::Exception(PreformattedMessage&amp;&amp;, int) @ 0x000000000b730168
3. DB::AccessControl::authenticate(DB::Credentials const&amp;, Poco::Net::IPAddress const&amp;, DB::ClientInfo const&amp;) const @ 0x0000000013b76854
4. DB::Session::authenticate(DB::Credentials const&amp;, Poco::Net::SocketAddress const&amp;, std::vector&lt;String, std::allocator&lt;String&gt;&gt; const&amp;) @ 0x0000000014ff7660
5. DB::Session::authenticate(String const&amp;, String const&amp;, Poco::Net::SocketAddress const&amp;, std::vector&lt;String, std::allocator&lt;String&gt;&gt; const&amp;) @ 0x0000000014ff6d14
6. DB::TCPHandler::receiveHello() @ 0x000000001660846c
7. DB::TCPHandler::runImpl() @ 0x00000000165fbf20
8. DB::TCPHandler::run() @ 0x000000001661aae4
9. Poco::Net::TCPServerConnection::start() @ 0x000000001b0f9e98
10. Poco::Net::TCPServerDispatcher::run() @ 0x000000001b0fa434
11. Poco::PooledThread::run() @ 0x000000001b0c03dc
12. Poco::ThreadImpl::runnableEntry(void*) @ 0x000000001b0be750
13. ? @ 0x000000000007d5b8
14. ? @ 0x00000000000e5edc</skipped></testcase><testcase classname="tests.test_all_imports" name="test_module_imports[auth_service.auth_core.unified_auth_interface-file_path8]" time="0.000"><skipped type="pytest.skip" message="Real services unavailable: Required services not available:&#10;PostgreSQL: PostgreSQL not available: Multiple exceptions: [Errno 61] Connect call failed ('::1', 5434, 0, 0), [Errno 61] Connect call failed ('127.0.0.1', 5434)&#10;Redis: Redis not available: Error Multiple exceptions: [Errno 61] Connect call failed ('::1', 6381, 0, 0), [Errno 61] Connect call failed ('127.0.0.1', 6381) connecting to localhost:6381.&#10;ClickHouse: ClickHouse not available: Code: 516.&#10;DB::Exception: test: Authentication failed: password is incorrect, or there is no user with such name.. Stack trace:&#10;&#10;0. DB::Exception::Exception(DB::Exception::MessageMasked&amp;&amp;, int, bool) @ 0x0000000010c92930&#10;1. DB::Exception::Exception(String&amp;&amp;, int, String, bool) @ 0x000000000b730698&#10;2. DB::Exception::Exception(PreformattedMessage&amp;&amp;, int) @ 0x000000000b730168&#10;3. DB::AccessControl::authenticate(DB::Credentials const&amp;, Poco::Net::IPAddress const&amp;, DB::ClientInfo const&amp;) const @ 0x0000000013b76854&#10;4. DB::Session::authenticate(DB::Credentials const&amp;, Poco::Net::SocketAddress const&amp;, std::vector&lt;String, std::allocator&lt;String&gt;&gt; const&amp;) @ 0x0000000014ff7660&#10;5. DB::Session::authenticate(String const&amp;, String const&amp;, Poco::Net::SocketAddress const&amp;, std::vector&lt;String, std::allocator&lt;String&gt;&gt; const&amp;) @ 0x0000000014ff6d14&#10;6. DB::TCPHandler::receiveHello() @ 0x000000001660846c&#10;7. DB::TCPHandler::runImpl() @ 0x00000000165fbf20&#10;8. DB::TCPHandler::run() @ 0x000000001661aae4&#10;9. Poco::Net::TCPServerConnection::start() @ 0x000000001b0f9e98&#10;10. Poco::Net::TCPServerDispatcher::run() @ 0x000000001b0fa434&#10;11. Poco::PooledThread::run() @ 0x000000001b0c03dc&#10;12. Poco::ThreadImpl::runnableEntry(void*) @ 0x000000001b0be750&#10;13. ? @ 0x000000000007d5b8&#10;14. ? @ 0x00000000000e5edc">/Users/anthony/Documents/GitHub/netra-apex/auth_service/tests/test_all_imports.py:57: Real services unavailable: Required services not available:
PostgreSQL: PostgreSQL not available: Multiple exceptions: [Errno 61] Connect call failed ('::1', 5434, 0, 0), [Errno 61] Connect call failed ('127.0.0.1', 5434)
Redis: Redis not available: Error Multiple exceptions: [Errno 61] Connect call failed ('::1', 6381, 0, 0), [Errno 61] Connect call failed ('127.0.0.1', 6381) connecting to localhost:6381.
ClickHouse: ClickHouse not available: Code: 516.
DB::Exception: test: Authentication failed: password is incorrect, or there is no user with such name.. Stack trace:

0. DB::Exception::Exception(DB::Exception::MessageMasked&amp;&amp;, int, bool) @ 0x0000000010c92930
1. DB::Exception::Exception(String&amp;&amp;, int, String, bool) @ 0x000000000b730698
2. DB::Exception::Exception(PreformattedMessage&amp;&amp;, int) @ 0x000000000b730168
3. DB::AccessControl::authenticate(DB::Credentials const&amp;, Poco::Net::IPAddress const&amp;, DB::ClientInfo const&amp;) const @ 0x0000000013b76854
4. DB::Session::authenticate(DB::Credentials const&amp;, Poco::Net::SocketAddress const&amp;, std::vector&lt;String, std::allocator&lt;String&gt;&gt; const&amp;) @ 0x0000000014ff7660
5. DB::Session::authenticate(String const&amp;, String const&amp;, Poco::Net::SocketAddress const&amp;, std::vector&lt;String, std::allocator&lt;String&gt;&gt; const&amp;) @ 0x0000000014ff6d14
6. DB::TCPHandler::receiveHello() @ 0x000000001660846c
7. DB::TCPHandler::runImpl() @ 0x00000000165fbf20
8. DB::TCPHandler::run() @ 0x000000001661aae4
9. Poco::Net::TCPServerConnection::start() @ 0x000000001b0f9e98
10. Poco::Net::TCPServerDispatcher::run() @ 0x000000001b0fa434
11. Poco::PooledThread::run() @ 0x000000001b0c03dc
12. Poco::ThreadImpl::runnableEntry(void*) @ 0x000000001b0be750
13. ? @ 0x000000000007d5b8
14. ? @ 0x00000000000e5edc</skipped></testcase><testcase classname="tests.test_all_imports" name="test_module_imports[auth_service.auth_core.config-file_path9]" time="0.000"><skipped type="pytest.skip" message="Real services unavailable: Required services not available:&#10;PostgreSQL: PostgreSQL not available: Multiple exceptions: [Errno 61] Connect call failed ('::1', 5434, 0, 0), [Errno 61] Connect call failed ('127.0.0.1', 5434)&#10;Redis: Redis not available: Error Multiple exceptions: [Errno 61] Connect call failed ('::1', 6381, 0, 0), [Errno 61] Connect call failed ('127.0.0.1', 6381) connecting to localhost:6381.&#10;ClickHouse: ClickHouse not available: Code: 516.&#10;DB::Exception: test: Authentication failed: password is incorrect, or there is no user with such name.. Stack trace:&#10;&#10;0. DB::Exception::Exception(DB::Exception::MessageMasked&amp;&amp;, int, bool) @ 0x0000000010c92930&#10;1. DB::Exception::Exception(String&amp;&amp;, int, String, bool) @ 0x000000000b730698&#10;2. DB::Exception::Exception(PreformattedMessage&amp;&amp;, int) @ 0x000000000b730168&#10;3. DB::AccessControl::authenticate(DB::Credentials const&amp;, Poco::Net::IPAddress const&amp;, DB::ClientInfo const&amp;) const @ 0x0000000013b76854&#10;4. DB::Session::authenticate(DB::Credentials const&amp;, Poco::Net::SocketAddress const&amp;, std::vector&lt;String, std::allocator&lt;String&gt;&gt; const&amp;) @ 0x0000000014ff7660&#10;5. DB::Session::authenticate(String const&amp;, String const&amp;, Poco::Net::SocketAddress const&amp;, std::vector&lt;String, std::allocator&lt;String&gt;&gt; const&amp;) @ 0x0000000014ff6d14&#10;6. DB::TCPHandler::receiveHello() @ 0x000000001660846c&#10;7. DB::TCPHandler::runImpl() @ 0x00000000165fbf20&#10;8. DB::TCPHandler::run() @ 0x000000001661aae4&#10;9. Poco::Net::TCPServerConnection::start() @ 0x000000001b0f9e98&#10;10. Poco::Net::TCPServerDispatcher::run() @ 0x000000001b0fa434&#10;11. Poco::PooledThread::run() @ 0x000000001b0c03dc&#10;12. Poco::ThreadImpl::runnableEntry(void*) @ 0x000000001b0be750&#10;13. ? @ 0x000000000007d5b8&#10;14. ? @ 0x00000000000e5edc">/Users/anthony/Documents/GitHub/netra-apex/auth_service/tests/test_all_imports.py:57: Real services unavailable: Required services not available:
PostgreSQL: PostgreSQL not available: Multiple exceptions: [Errno 61] Connect call failed ('::1', 5434, 0, 0), [Errno 61] Connect call failed ('127.0.0.1', 5434)
Redis: Redis not available: Error Multiple exceptions: [Errno 61] Connect call failed ('::1', 6381, 0, 0), [Errno 61] Connect call failed ('127.0.0.1', 6381) connecting to localhost:6381.
ClickHouse: ClickHouse not available: Code: 516.
DB::Exception: test: Authentication failed: password is incorrect, or there is no user with such name.. Stack trace:

0. DB::Exception::Exception(DB::Exception::MessageMasked&amp;&amp;, int, bool) @ 0x0000000010c92930
1. DB::Exception::Exception(String&amp;&amp;, int, String, bool) @ 0x000000000b730698
2. DB::Exception::Exception(PreformattedMessage&amp;&amp;, int) @ 0x000000000b730168
3. DB::AccessControl::authenticate(DB::Credentials const&amp;, Poco::Net::IPAddress const&amp;, DB::ClientInfo const&amp;) const @ 0x0000000013b76854
4. DB::Session::authenticate(DB::Credentials const&amp;, Poco::Net::SocketAddress const&amp;, std::vector&lt;String, std::allocator&lt;String&gt;&gt; const&amp;) @ 0x0000000014ff7660
5. DB::Session::authenticate(String const&amp;, String const&amp;, Poco::Net::SocketAddress const&amp;, std::vector&lt;String, std::allocator&lt;String&gt;&gt; const&amp;) @ 0x0000000014ff6d14
6. DB::TCPHandler::receiveHello() @ 0x000000001660846c
7. DB::TCPHandler::runImpl() @ 0x00000000165fbf20
8. DB::TCPHandler::run() @ 0x000000001661aae4
9. Poco::Net::TCPServerConnection::start() @ 0x000000001b0f9e98
10. Poco::Net::TCPServerDispatcher::run() @ 0x000000001b0fa434
11. Poco::PooledThread::run() @ 0x000000001b0c03dc
12. Poco::ThreadImpl::runnableEntry(void*) @ 0x000000001b0be750
13. ? @ 0x000000000007d5b8
14. ? @ 0x00000000000e5edc</skipped></testcase><testcase classname="tests.test_all_imports" name="test_module_imports[auth_service.auth_core.redis_manager-file_path10]" time="0.000"><skipped type="pytest.skip" message="Real services unavailable: Required services not available:&#10;PostgreSQL: PostgreSQL not available: Multiple exceptions: [Errno 61] Connect call failed ('::1', 5434, 0, 0), [Errno 61] Connect call failed ('127.0.0.1', 5434)&#10;Redis: Redis not available: Error Multiple exceptions: [Errno 61] Connect call failed ('::1', 6381, 0, 0), [Errno 61] Connect call failed ('127.0.0.1', 6381) connecting to localhost:6381.&#10;ClickHouse: ClickHouse not available: Code: 516.&#10;DB::Exception: test: Authentication failed: password is incorrect, or there is no user with such name.. Stack trace:&#10;&#10;0. DB::Exception::Exception(DB::Exception::MessageMasked&amp;&amp;, int, bool) @ 0x0000000010c92930&#10;1. DB::Exception::Exception(String&amp;&amp;, int, String, bool) @ 0x000000000b730698&#10;2. DB::Exception::Exception(PreformattedMessage&amp;&amp;, int) @ 0x000000000b730168&#10;3. DB::AccessControl::authenticate(DB::Credentials const&amp;, Poco::Net::IPAddress const&amp;, DB::ClientInfo const&amp;) const @ 0x0000000013b76854&#10;4. DB::Session::authenticate(DB::Credentials const&amp;, Poco::Net::SocketAddress const&amp;, std::vector&lt;String, std::allocator&lt;String&gt;&gt; const&amp;) @ 0x0000000014ff7660&#10;5. DB::Session::authenticate(String const&amp;, String const&amp;, Poco::Net::SocketAddress const&amp;, std::vector&lt;String, std::allocator&lt;String&gt;&gt; const&amp;) @ 0x0000000014ff6d14&#10;6. DB::TCPHandler::receiveHello() @ 0x000000001660846c&#10;7. DB::TCPHandler::runImpl() @ 0x00000000165fbf20&#10;8. DB::TCPHandler::run() @ 0x000000001661aae4&#10;9. Poco::Net::TCPServerConnection::start() @ 0x000000001b0f9e98&#10;10. Poco::Net::TCPServerDispatcher::run() @ 0x000000001b0fa434&#10;11. Poco::PooledThread::run() @ 0x000000001b0c03dc&#10;12. Poco::ThreadImpl::runnableEntry(void*) @ 0x000000001b0be750&#10;13. ? @ 0x000000000007d5b8&#10;14. ? @ 0x00000000000e5edc">/Users/anthony/Documents/GitHub/netra-apex/auth_service/tests/test_all_imports.py:57: Real services unavailable: Required services not available:
PostgreSQL: PostgreSQL not available: Multiple exceptions: [Errno 61] Connect call failed ('::1', 5434, 0, 0), [Errno 61] Connect call failed ('127.0.0.1', 5434)
Redis: Redis not available: Error Multiple exceptions: [Errno 61] Connect call failed ('::1', 6381, 0, 0), [Errno 61] Connect call failed ('127.0.0.1', 6381) connecting to localhost:6381.
ClickHouse: ClickHouse not available: Code: 516.
DB::Exception: test: Authentication failed: password is incorrect, or there is no user with such name.. Stack trace:

0. DB::Exception::Exception(DB::Exception::MessageMasked&amp;&amp;, int, bool) @ 0x0000000010c92930
1. DB::Exception::Exception(String&amp;&amp;, int, String, bool) @ 0x000000000b730698
2. DB::Exception::Exception(PreformattedMessage&amp;&amp;, int) @ 0x000000000b730168
3. DB::AccessControl::authenticate(DB::Credentials const&amp;, Poco::Net::IPAddress const&amp;, DB::ClientInfo const&amp;) const @ 0x0000000013b76854
4. DB::Session::authenticate(DB::Credentials const&amp;, Poco::Net::SocketAddress const&amp;, std::vector&lt;String, std::allocator&lt;String&gt;&gt; const&amp;) @ 0x0000000014ff7660
5. DB::Session::authenticate(String const&amp;, String const&amp;, Poco::Net::SocketAddress const&amp;, std::vector&lt;String, std::allocator&lt;String&gt;&gt; const&amp;) @ 0x0000000014ff6d14
6. DB::TCPHandler::receiveHello() @ 0x000000001660846c
7. DB::TCPHandler::runImpl() @ 0x00000000165fbf20
8. DB::TCPHandler::run() @ 0x000000001661aae4
9. Poco::Net::TCPServerConnection::start() @ 0x000000001b0f9e98
10. Poco::Net::TCPServerDispatcher::run() @ 0x000000001b0fa434
11. Poco::PooledThread::run() @ 0x000000001b0c03dc
12. Poco::ThreadImpl::runnableEntry(void*) @ 0x000000001b0be750
13. ? @ 0x000000000007d5b8
14. ? @ 0x00000000000e5edc</skipped></testcase><testcase classname="tests.test_all_imports" name="test_module_imports[auth_service.auth_core.__init__-file_path11]" time="0.000"><skipped type="pytest.skip" message="Real services unavailable: Required services not available:&#10;PostgreSQL: PostgreSQL not available: Multiple exceptions: [Errno 61] Connect call failed ('::1', 5434, 0, 0), [Errno 61] Connect call failed ('127.0.0.1', 5434)&#10;Redis: Redis not available: Error Multiple exceptions: [Errno 61] Connect call failed ('::1', 6381, 0, 0), [Errno 61] Connect call failed ('127.0.0.1', 6381) connecting to localhost:6381.&#10;ClickHouse: ClickHouse not available: Code: 516.&#10;DB::Exception: test: Authentication failed: password is incorrect, or there is no user with such name.. Stack trace:&#10;&#10;0. DB::Exception::Exception(DB::Exception::MessageMasked&amp;&amp;, int, bool) @ 0x0000000010c92930&#10;1. DB::Exception::Exception(String&amp;&amp;, int, String, bool) @ 0x000000000b730698&#10;2. DB::Exception::Exception(PreformattedMessage&amp;&amp;, int) @ 0x000000000b730168&#10;3. DB::AccessControl::authenticate(DB::Credentials const&amp;, Poco::Net::IPAddress const&amp;, DB::ClientInfo const&amp;) const @ 0x0000000013b76854&#10;4. DB::Session::authenticate(DB::Credentials const&amp;, Poco::Net::SocketAddress const&amp;, std::vector&lt;String, std::allocator&lt;String&gt;&gt; const&amp;) @ 0x0000000014ff7660&#10;5. DB::Session::authenticate(String const&amp;, String const&amp;, Poco::Net::SocketAddress const&amp;, std::vector&lt;String, std::allocator&lt;String&gt;&gt; const&amp;) @ 0x0000000014ff6d14&#10;6. DB::TCPHandler::receiveHello() @ 0x000000001660846c&#10;7. DB::TCPHandler::runImpl() @ 0x00000000165fbf20&#10;8. DB::TCPHandler::run() @ 0x000000001661aae4&#10;9. Poco::Net::TCPServerConnection::start() @ 0x000000001b0f9e98&#10;10. Poco::Net::TCPServerDispatcher::run() @ 0x000000001b0fa434&#10;11. Poco::PooledThread::run() @ 0x000000001b0c03dc&#10;12. Poco::ThreadImpl::runnableEntry(void*) @ 0x000000001b0be750&#10;13. ? @ 0x000000000007d5b8&#10;14. ? @ 0x00000000000e5edc">/Users/anthony/Documents/GitHub/netra-apex/auth_service/tests/test_all_imports.py:57: Real services unavailable: Required services not available:
PostgreSQL: PostgreSQL not available: Multiple exceptions: [Errno 61] Connect call failed ('::1', 5434, 0, 0), [Errno 61] Connect call failed ('127.0.0.1', 5434)
Redis: Redis not available: Error Multiple exceptions: [Errno 61] Connect call failed ('::1', 6381, 0, 0), [Errno 61] Connect call failed ('127.0.0.1', 6381) connecting to localhost:6381.
ClickHouse: ClickHouse not available: Code: 516.
DB::Exception: test: Authentication failed: password is incorrect, or there is no user with such name.. Stack trace:

0. DB::Exception::Exception(DB::Exception::MessageMasked&amp;&amp;, int, bool) @ 0x0000000010c92930
1. DB::Exception::Exception(String&amp;&amp;, int, String, bool) @ 0x000000000b730698
2. DB::Exception::Exception(PreformattedMessage&amp;&amp;, int) @ 0x000000000b730168
3. DB::AccessControl::authenticate(DB::Credentials const&amp;, Poco::Net::IPAddress const&amp;, DB::ClientInfo const&amp;) const @ 0x0000000013b76854
4. DB::Session::authenticate(DB::Credentials const&amp;, Poco::Net::SocketAddress const&amp;, std::vector&lt;String, std::allocator&lt;String&gt;&gt; const&amp;) @ 0x0000000014ff7660
5. DB::Session::authenticate(String const&amp;, String const&amp;, Poco::Net::SocketAddress const&amp;, std::vector&lt;String, std::allocator&lt;String&gt;&gt; const&amp;) @ 0x0000000014ff6d14
6. DB::TCPHandler::receiveHello() @ 0x000000001660846c
7. DB::TCPHandler::runImpl() @ 0x00000000165fbf20
8. DB::TCPHandler::run() @ 0x000000001661aae4
9. Poco::Net::TCPServerConnection::start() @ 0x000000001b0f9e98
10. Poco::Net::TCPServerDispatcher::run() @ 0x000000001b0fa434
11. Poco::PooledThread::run() @ 0x000000001b0c03dc
12. Poco::ThreadImpl::runnableEntry(void*) @ 0x000000001b0be750
13. ? @ 0x000000000007d5b8
14. ? @ 0x00000000000e5edc</skipped></testcase><testcase classname="tests.test_all_imports" name="test_module_imports[auth_service.auth_core.oauth_manager-file_path12]" time="0.000"><skipped type="pytest.skip" message="Real services unavailable: Required services not available:&#10;PostgreSQL: PostgreSQL not available: Multiple exceptions: [Errno 61] Connect call failed ('::1', 5434, 0, 0), [Errno 61] Connect call failed ('127.0.0.1', 5434)&#10;Redis: Redis not available: Error Multiple exceptions: [Errno 61] Connect call failed ('::1', 6381, 0, 0), [Errno 61] Connect call failed ('127.0.0.1', 6381) connecting to localhost:6381.&#10;ClickHouse: ClickHouse not available: Code: 516.&#10;DB::Exception: test: Authentication failed: password is incorrect, or there is no user with such name.. Stack trace:&#10;&#10;0. DB::Exception::Exception(DB::Exception::MessageMasked&amp;&amp;, int, bool) @ 0x0000000010c92930&#10;1. DB::Exception::Exception(String&amp;&amp;, int, String, bool) @ 0x000000000b730698&#10;2. DB::Exception::Exception(PreformattedMessage&amp;&amp;, int) @ 0x000000000b730168&#10;3. DB::AccessControl::authenticate(DB::Credentials const&amp;, Poco::Net::IPAddress const&amp;, DB::ClientInfo const&amp;) const @ 0x0000000013b76854&#10;4. DB::Session::authenticate(DB::Credentials const&amp;, Poco::Net::SocketAddress const&amp;, std::vector&lt;String, std::allocator&lt;String&gt;&gt; const&amp;) @ 0x0000000014ff7660&#10;5. DB::Session::authenticate(String const&amp;, String const&amp;, Poco::Net::SocketAddress const&amp;, std::vector&lt;String, std::allocator&lt;String&gt;&gt; const&amp;) @ 0x0000000014ff6d14&#10;6. DB::TCPHandler::receiveHello() @ 0x000000001660846c&#10;7. DB::TCPHandler::runImpl() @ 0x00000000165fbf20&#10;8. DB::TCPHandler::run() @ 0x000000001661aae4&#10;9. Poco::Net::TCPServerConnection::start() @ 0x000000001b0f9e98&#10;10. Poco::Net::TCPServerDispatcher::run() @ 0x000000001b0fa434&#10;11. Poco::PooledThread::run() @ 0x000000001b0c03dc&#10;12. Poco::ThreadImpl::runnableEntry(void*) @ 0x000000001b0be750&#10;13. ? @ 0x000000000007d5b8&#10;14. ? @ 0x00000000000e5edc">/Users/anthony/Documents/GitHub/netra-apex/auth_service/tests/test_all_imports.py:57: Real services unavailable: Required services not available:
PostgreSQL: PostgreSQL not available: Multiple exceptions: [Errno 61] Connect call failed ('::1', 5434, 0, 0), [Errno 61] Connect call failed ('127.0.0.1', 5434)
Redis: Redis not available: Error Multiple exceptions: [Errno 61] Connect call failed ('::1', 6381, 0, 0), [Errno 61] Connect call failed ('127.0.0.1', 6381) connecting to localhost:6381.
ClickHouse: ClickHouse not available: Code: 516.
DB::Exception: test: Authentication failed: password is incorrect, or there is no user with such name.. Stack trace:

0. DB::Exception::Exception(DB::Exception::MessageMasked&amp;&amp;, int, bool) @ 0x0000000010c92930
1. DB::Exception::Exception(String&amp;&amp;, int, String, bool) @ 0x000000000b730698
2. DB::Exception::Exception(PreformattedMessage&amp;&amp;, int) @ 0x000000000b730168
3. DB::AccessControl::authenticate(DB::Credentials const&amp;, Poco::Net::IPAddress const&amp;, DB::ClientInfo const&amp;) const @ 0x0000000013b76854
4. DB::Session::authenticate(DB::Credentials const&amp;, Poco::Net::SocketAddress const&amp;, std::vector&lt;String, std::allocator&lt;String&gt;&gt; const&amp;) @ 0x0000000014ff7660
5. DB::Session::authenticate(String const&amp;, String const&amp;, Poco::Net::SocketAddress const&amp;, std::vector&lt;String, std::allocator&lt;String&gt;&gt; const&amp;) @ 0x0000000014ff6d14
6. DB::TCPHandler::receiveHello() @ 0x000000001660846c
7. DB::TCPHandler::runImpl() @ 0x00000000165fbf20
8. DB::TCPHandler::run() @ 0x000000001661aae4
9. Poco::Net::TCPServerConnection::start() @ 0x000000001b0f9e98
10. Poco::Net::TCPServerDispatcher::run() @ 0x000000001b0fa434
11. Poco::PooledThread::run() @ 0x000000001b0c03dc
12. Poco::ThreadImpl::runnableEntry(void*) @ 0x000000001b0be750
13. ? @ 0x000000000007d5b8
14. ? @ 0x00000000000e5edc</skipped></testcase><testcase classname="tests.test_all_imports" name="test_module_imports[auth_service.auth_core.secret_loader-file_path13]" time="0.000"><skipped type="pytest.skip" message="Real services unavailable: Required services not available:&#10;PostgreSQL: PostgreSQL not available: Multiple exceptions: [Errno 61] Connect call failed ('::1', 5434, 0, 0), [Errno 61] Connect call failed ('127.0.0.1', 5434)&#10;Redis: Redis not available: Error Multiple exceptions: [Errno 61] Connect call failed ('::1', 6381, 0, 0), [Errno 61] Connect call failed ('127.0.0.1', 6381) connecting to localhost:6381.&#10;ClickHouse: ClickHouse not available: Code: 516.&#10;DB::Exception: test: Authentication failed: password is incorrect, or there is no user with such name.. Stack trace:&#10;&#10;0. DB::Exception::Exception(DB::Exception::MessageMasked&amp;&amp;, int, bool) @ 0x0000000010c92930&#10;1. DB::Exception::Exception(String&amp;&amp;, int, String, bool) @ 0x000000000b730698&#10;2. DB::Exception::Exception(PreformattedMessage&amp;&amp;, int) @ 0x000000000b730168&#10;3. DB::AccessControl::authenticate(DB::Credentials const&amp;, Poco::Net::IPAddress const&amp;, DB::ClientInfo const&amp;) const @ 0x0000000013b76854&#10;4. DB::Session::authenticate(DB::Credentials const&amp;, Poco::Net::SocketAddress const&amp;, std::vector&lt;String, std::allocator&lt;String&gt;&gt; const&amp;) @ 0x0000000014ff7660&#10;5. DB::Session::authenticate(String const&amp;, String const&amp;, Poco::Net::SocketAddress const&amp;, std::vector&lt;String, std::allocator&lt;String&gt;&gt; const&amp;) @ 0x0000000014ff6d14&#10;6. DB::TCPHandler::receiveHello() @ 0x000000001660846c&#10;7. DB::TCPHandler::runImpl() @ 0x00000000165fbf20&#10;8. DB::TCPHandler::run() @ 0x000000001661aae4&#10;9. Poco::Net::TCPServerConnection::start() @ 0x000000001b0f9e98&#10;10. Poco::Net::TCPServerDispatcher::run() @ 0x000000001b0fa434&#10;11. Poco::PooledThread::run() @ 0x000000001b0c03dc&#10;12. Poco::ThreadImpl::runnableEntry(void*) @ 0x000000001b0be750&#10;13. ? @ 0x000000000007d5b8&#10;14. ? @ 0x00000000000e5edc">/Users/anthony/Documents/GitHub/netra-apex/auth_service/tests/test_all_imports.py:57: Real services unavailable: Required services not available:
PostgreSQL: PostgreSQL not available: Multiple exceptions: [Errno 61] Connect call failed ('::1', 5434, 0, 0), [Errno 61] Connect call failed ('127.0.0.1', 5434)
Redis: Redis not available: Error Multiple exceptions: [Errno 61] Connect call failed ('::1', 6381, 0, 0), [Errno 61] Connect call failed ('127.0.0.1', 6381) connecting to localhost:6381.
ClickHouse: ClickHouse not available: Code: 516.
DB::Exception: test: Authentication failed: password is incorrect, or there is no user with such name.. Stack trace:

0. DB::Exception::Exception(DB::Exception::MessageMasked&amp;&amp;, int, bool) @ 0x0000000010c92930
1. DB::Exception::Exception(String&amp;&amp;, int, String, bool) @ 0x000000000b730698
2. DB::Exception::Exception(PreformattedMessage&amp;&amp;, int) @ 0x000000000b730168
3. DB::AccessControl::authenticate(DB::Credentials const&amp;, Poco::Net::IPAddress const&amp;, DB::ClientInfo const&amp;) const @ 0x0000000013b76854
4. DB::Session::authenticate(DB::Credentials const&amp;, Poco::Net::SocketAddress const&amp;, std::vector&lt;String, std::allocator&lt;String&gt;&gt; const&amp;) @ 0x0000000014ff7660
5. DB::Session::authenticate(String const&amp;, String const&amp;, Poco::Net::SocketAddress const&amp;, std::vector&lt;String, std::allocator&lt;String&gt;&gt; const&amp;) @ 0x0000000014ff6d14
6. DB::TCPHandler::receiveHello() @ 0x000000001660846c
7. DB::TCPHandler::runImpl() @ 0x00000000165fbf20
8. DB::TCPHandler::run() @ 0x000000001661aae4
9. Poco::Net::TCPServerConnection::start() @ 0x000000001b0f9e98
10. Poco::Net::TCPServerDispatcher::run() @ 0x000000001b0fa434
11. Poco::PooledThread::run() @ 0x000000001b0c03dc
12. Poco::ThreadImpl::runnableEntry(void*) @ 0x000000001b0be750
13. ? @ 0x000000000007d5b8
14. ? @ 0x00000000000e5edc</skipped></testcase><testcase classname="tests.test_all_imports" name="test_module_imports[auth_service.auth_core.isolated_environment-file_path14]" time="0.000"><skipped type="pytest.skip" message="Real services unavailable: Required services not available:&#10;PostgreSQL: PostgreSQL not available: Multiple exceptions: [Errno 61] Connect call failed ('::1', 5434, 0, 0), [Errno 61] Connect call failed ('127.0.0.1', 5434)&#10;Redis: Redis not available: Error Multiple exceptions: [Errno 61] Connect call failed ('::1', 6381, 0, 0), [Errno 61] Connect call failed ('127.0.0.1', 6381) connecting to localhost:6381.&#10;ClickHouse: ClickHouse not available: Code: 516.&#10;DB::Exception: test: Authentication failed: password is incorrect, or there is no user with such name.. Stack trace:&#10;&#10;0. DB::Exception::Exception(DB::Exception::MessageMasked&amp;&amp;, int, bool) @ 0x0000000010c92930&#10;1. DB::Exception::Exception(String&amp;&amp;, int, String, bool) @ 0x000000000b730698&#10;2. DB::Exception::Exception(PreformattedMessage&amp;&amp;, int) @ 0x000000000b730168&#10;3. DB::AccessControl::authenticate(DB::Credentials const&amp;, Poco::Net::IPAddress const&amp;, DB::ClientInfo const&amp;) const @ 0x0000000013b76854&#10;4. DB::Session::authenticate(DB::Credentials const&amp;, Poco::Net::SocketAddress const&amp;, std::vector&lt;String, std::allocator&lt;String&gt;&gt; const&amp;) @ 0x0000000014ff7660&#10;5. DB::Session::authenticate(String const&amp;, String const&amp;, Poco::Net::SocketAddress const&amp;, std::vector&lt;String, std::allocator&lt;String&gt;&gt; const&amp;) @ 0x0000000014ff6d14&#10;6. DB::TCPHandler::receiveHello() @ 0x000000001660846c&#10;7. DB::TCPHandler::runImpl() @ 0x00000000165fbf20&#10;8. DB::TCPHandler::run() @ 0x000000001661aae4&#10;9. Poco::Net::TCPServerConnection::start() @ 0x000000001b0f9e98&#10;10. Poco::Net::TCPServerDispatcher::run() @ 0x000000001b0fa434&#10;11. Poco::PooledThread::run() @ 0x000000001b0c03dc&#10;12. Poco::ThreadImpl::runnableEntry(void*) @ 0x000000001b0be750&#10;13. ? @ 0x000000000007d5b8&#10;14. ? @ 0x00000000000e5edc">/Users/anthony/Documents/GitHub/netra-apex/auth_service/tests/test_all_imports.py:57: Real services unavailable: Required services not available:
PostgreSQL: PostgreSQL not available: Multiple exceptions: [Errno 61] Connect call failed ('::1', 5434, 0, 0), [Errno 61] Connect call failed ('127.0.0.1', 5434)
Redis: Redis not available: Error Multiple exceptions: [Errno 61] Connect call failed ('::1', 6381, 0, 0), [Errno 61] Connect call failed ('127.0.0.1', 6381) connecting to localhost:6381.
ClickHouse: ClickHouse not available: Code: 516.
DB::Exception: test: Authentication failed: password is incorrect, or there is no user with such name.. Stack trace:

0. DB::Exception::Exception(DB::Exception::MessageMasked&amp;&amp;, int, bool) @ 0x0000000010c92930
1. DB::Exception::Exception(String&amp;&amp;, int, String, bool) @ 0x000000000b730698
2. DB::Exception::Exception(PreformattedMessage&amp;&amp;, int) @ 0x000000000b730168
3. DB::AccessControl::authenticate(DB::Credentials const&amp;, Poco::Net::IPAddress const&amp;, DB::ClientInfo const&amp;) const @ 0x0000000013b76854
4. DB::Session::authenticate(DB::Credentials const&amp;, Poco::Net::SocketAddress const&amp;, std::vector&lt;String, std::allocator&lt;String&gt;&gt; const&amp;) @ 0x0000000014ff7660
5. DB::Session::authenticate(String const&amp;, String const&amp;, Poco::Net::SocketAddress const&amp;, std::vector&lt;String, std::allocator&lt;String&gt;&gt; const&amp;) @ 0x0000000014ff6d14
6. DB::TCPHandler::receiveHello() @ 0x000000001660846c
7. DB::TCPHandler::runImpl() @ 0x00000000165fbf20
8. DB::TCPHandler::run() @ 0x000000001661aae4
9. Poco::Net::TCPServerConnection::start() @ 0x000000001b0f9e98
10. Poco::Net::TCPServerDispatcher::run() @ 0x000000001b0fa434
11. Poco::PooledThread::run() @ 0x000000001b0c03dc
12. Poco::ThreadImpl::runnableEntry(void*) @ 0x000000001b0be750
13. ? @ 0x000000000007d5b8
14. ? @ 0x00000000000e5edc</skipped></testcase><testcase classname="tests.test_all_imports" name="test_module_imports[auth_service.auth_core.database.models-file_path15]" time="0.000"><skipped type="pytest.skip" message="Real services unavailable: Required services not available:&#10;PostgreSQL: PostgreSQL not available: Multiple exceptions: [Errno 61] Connect call failed ('::1', 5434, 0, 0), [Errno 61] Connect call failed ('127.0.0.1', 5434)&#10;Redis: Redis not available: Error Multiple exceptions: [Errno 61] Connect call failed ('::1', 6381, 0, 0), [Errno 61] Connect call failed ('127.0.0.1', 6381) connecting to localhost:6381.&#10;ClickHouse: ClickHouse not available: Code: 516.&#10;DB::Exception: test: Authentication failed: password is incorrect, or there is no user with such name.. Stack trace:&#10;&#10;0. DB::Exception::Exception(DB::Exception::MessageMasked&amp;&amp;, int, bool) @ 0x0000000010c92930&#10;1. DB::Exception::Exception(String&amp;&amp;, int, String, bool) @ 0x000000000b730698&#10;2. DB::Exception::Exception(PreformattedMessage&amp;&amp;, int) @ 0x000000000b730168&#10;3. DB::AccessControl::authenticate(DB::Credentials const&amp;, Poco::Net::IPAddress const&amp;, DB::ClientInfo const&amp;) const @ 0x0000000013b76854&#10;4. DB::Session::authenticate(DB::Credentials const&amp;, Poco::Net::SocketAddress const&amp;, std::vector&lt;String, std::allocator&lt;String&gt;&gt; const&amp;) @ 0x0000000014ff7660&#10;5. DB::Session::authenticate(String const&amp;, String const&amp;, Poco::Net::SocketAddress const&amp;, std::vector&lt;String, std::allocator&lt;String&gt;&gt; const&amp;) @ 0x0000000014ff6d14&#10;6. DB::TCPHandler::receiveHello() @ 0x000000001660846c&#10;7. DB::TCPHandler::runImpl() @ 0x00000000165fbf20&#10;8. DB::TCPHandler::run() @ 0x000000001661aae4&#10;9. Poco::Net::TCPServerConnection::start() @ 0x000000001b0f9e98&#10;10. Poco::Net::TCPServerDispatcher::run() @ 0x000000001b0fa434&#10;11. Poco::PooledThread::run() @ 0x000000001b0c03dc&#10;12. Poco::ThreadImpl::runnableEntry(void*) @ 0x000000001b0be750&#10;13. ? @ 0x000000000007d5b8&#10;14. ? @ 0x00000000000e5edc">/Users/anthony/Documents/GitHub/netra-apex/auth_service/tests/test_all_imports.py:57: Real services unavailable: Required services not available:
PostgreSQL: PostgreSQL not available: Multiple exceptions: [Errno 61] Connect call failed ('::1', 5434, 0, 0), [Errno 61] Connect call failed ('127.0.0.1', 5434)
Redis: Redis not available: Error Multiple exceptions: [Errno 61] Connect call failed ('::1', 6381, 0, 0), [Errno 61] Connect call failed ('127.0.0.1', 6381) connecting to localhost:6381.
ClickHouse: ClickHouse not available: Code: 516.
DB::Exception: test: Authentication failed: password is incorrect, or there is no user with such name.. Stack trace:

0. DB::Exception::Exception(DB::Exception::MessageMasked&amp;&amp;, int, bool) @ 0x0000000010c92930
1. DB::Exception::Exception(String&amp;&amp;, int, String, bool) @ 0x000000000b730698
2. DB::Exception::Exception(PreformattedMessage&amp;&amp;, int) @ 0x000000000b730168
3. DB::AccessControl::authenticate(DB::Credentials const&amp;, Poco::Net::IPAddress const&amp;, DB::ClientInfo const&amp;) const @ 0x0000000013b76854
4. DB::Session::authenticate(DB::Credentials const&amp;, Poco::Net::SocketAddress const&amp;, std::vector&lt;String, std::allocator&lt;String&gt;&gt; const&amp;) @ 0x0000000014ff7660
5. DB::Session::authenticate(String const&amp;, String const&amp;, Poco::Net::SocketAddress const&amp;, std::vector&lt;String, std::allocator&lt;String&gt;&gt; const&amp;) @ 0x0000000014ff6d14
6. DB::TCPHandler::receiveHello() @ 0x000000001660846c
7. DB::TCPHandler::runImpl() @ 0x00000000165fbf20
8. DB::TCPHandler::run() @ 0x000000001661aae4
9. Poco::Net::TCPServerConnection::start() @ 0x000000001b0f9e98
10. Poco::Net::TCPServerDispatcher::run() @ 0x000000001b0fa434
11. Poco::PooledThread::run() @ 0x000000001b0c03dc
12. Poco::ThreadImpl::runnableEntry(void*) @ 0x000000001b0be750
13. ? @ 0x000000000007d5b8
14. ? @ 0x00000000000e5edc</skipped></testcase><testcase classname="tests.test_all_imports" name="test_module_imports[auth_service.auth_core.database.database_manager-file_path16]" time="0.000"><skipped type="pytest.skip" message="Real services unavailable: Required services not available:&#10;PostgreSQL: PostgreSQL not available: Multiple exceptions: [Errno 61] Connect call failed ('::1', 5434, 0, 0), [Errno 61] Connect call failed ('127.0.0.1', 5434)&#10;Redis: Redis not available: Error Multiple exceptions: [Errno 61] Connect call failed ('::1', 6381, 0, 0), [Errno 61] Connect call failed ('127.0.0.1', 6381) connecting to localhost:6381.&#10;ClickHouse: ClickHouse not available: Code: 516.&#10;DB::Exception: test: Authentication failed: password is incorrect, or there is no user with such name.. Stack trace:&#10;&#10;0. DB::Exception::Exception(DB::Exception::MessageMasked&amp;&amp;, int, bool) @ 0x0000000010c92930&#10;1. DB::Exception::Exception(String&amp;&amp;, int, String, bool) @ 0x000000000b730698&#10;2. DB::Exception::Exception(PreformattedMessage&amp;&amp;, int) @ 0x000000000b730168&#10;3. DB::AccessControl::authenticate(DB::Credentials const&amp;, Poco::Net::IPAddress const&amp;, DB::ClientInfo const&amp;) const @ 0x0000000013b76854&#10;4. DB::Session::authenticate(DB::Credentials const&amp;, Poco::Net::SocketAddress const&amp;, std::vector&lt;String, std::allocator&lt;String&gt;&gt; const&amp;) @ 0x0000000014ff7660&#10;5. DB::Session::authenticate(String const&amp;, String const&amp;, Poco::Net::SocketAddress const&amp;, std::vector&lt;String, std::allocator&lt;String&gt;&gt; const&amp;) @ 0x0000000014ff6d14&#10;6. DB::TCPHandler::receiveHello() @ 0x000000001660846c&#10;7. DB::TCPHandler::runImpl() @ 0x00000000165fbf20&#10;8. DB::TCPHandler::run() @ 0x000000001661aae4&#10;9. Poco::Net::TCPServerConnection::start() @ 0x000000001b0f9e98&#10;10. Poco::Net::TCPServerDispatcher::run() @ 0x000000001b0fa434&#10;11. Poco::PooledThread::run() @ 0x000000001b0c03dc&#10;12. Poco::ThreadImpl::runnableEntry(void*) @ 0x000000001b0be750&#10;13. ? @ 0x000000000007d5b8&#10;14. ? @ 0x00000000000e5edc">/Users/anthony/Documents/GitHub/netra-apex/auth_service/tests/test_all_imports.py:57: Real services unavailable: Required services not available:
PostgreSQL: PostgreSQL not available: Multiple exceptions: [Errno 61] Connect call failed ('::1', 5434, 0, 0), [Errno 61] Connect call failed ('127.0.0.1', 5434)
Redis: Redis not available: Error Multiple exceptions: [Errno 61] Connect call failed ('::1', 6381, 0, 0), [Errno 61] Connect call failed ('127.0.0.1', 6381) connecting to localhost:6381.
ClickHouse: ClickHouse not available: Code: 516.
DB::Exception: test: Authentication failed: password is incorrect, or there is no user with such name.. Stack trace:

0. DB::Exception::Exception(DB::Exception::MessageMasked&amp;&amp;, int, bool) @ 0x0000000010c92930
1. DB::Exception::Exception(String&amp;&amp;, int, String, bool) @ 0x000000000b730698
2. DB::Exception::Exception(PreformattedMessage&amp;&amp;, int) @ 0x000000000b730168
3. DB::AccessControl::authenticate(DB::Credentials const&amp;, Poco::Net::IPAddress const&amp;, DB::ClientInfo const&amp;) const @ 0x0000000013b76854
4. DB::Session::authenticate(DB::Credentials const&amp;, Poco::Net::SocketAddress const&amp;, std::vector&lt;String, std::allocator&lt;String&gt;&gt; const&amp;) @ 0x0000000014ff7660
5. DB::Session::authenticate(String const&amp;, String const&amp;, Poco::Net::SocketAddress const&amp;, std::vector&lt;String, std::allocator&lt;String&gt;&gt; const&amp;) @ 0x0000000014ff6d14
6. DB::TCPHandler::receiveHello() @ 0x000000001660846c
7. DB::TCPHandler::runImpl() @ 0x00000000165fbf20
8. DB::TCPHandler::run() @ 0x000000001661aae4
9. Poco::Net::TCPServerConnection::start() @ 0x000000001b0f9e98
10. Poco::Net::TCPServerDispatcher::run() @ 0x000000001b0fa434
11. Poco::PooledThread::run() @ 0x000000001b0c03dc
12. Poco::ThreadImpl::runnableEntry(void*) @ 0x000000001b0be750
13. ? @ 0x000000000007d5b8
14. ? @ 0x00000000000e5edc</skipped></testcase><testcase classname="tests.test_all_imports" name="test_module_imports[auth_service.auth_core.database.__init__-file_path17]" time="0.000"><skipped type="pytest.skip" message="Real services unavailable: Required services not available:&#10;PostgreSQL: PostgreSQL not available: Multiple exceptions: [Errno 61] Connect call failed ('::1', 5434, 0, 0), [Errno 61] Connect call failed ('127.0.0.1', 5434)&#10;Redis: Redis not available: Error Multiple exceptions: [Errno 61] Connect call failed ('::1', 6381, 0, 0), [Errno 61] Connect call failed ('127.0.0.1', 6381) connecting to localhost:6381.&#10;ClickHouse: ClickHouse not available: Code: 516.&#10;DB::Exception: test: Authentication failed: password is incorrect, or there is no user with such name.. Stack trace:&#10;&#10;0. DB::Exception::Exception(DB::Exception::MessageMasked&amp;&amp;, int, bool) @ 0x0000000010c92930&#10;1. DB::Exception::Exception(String&amp;&amp;, int, String, bool) @ 0x000000000b730698&#10;2. DB::Exception::Exception(PreformattedMessage&amp;&amp;, int) @ 0x000000000b730168&#10;3. DB::AccessControl::authenticate(DB::Credentials const&amp;, Poco::Net::IPAddress const&amp;, DB::ClientInfo const&amp;) const @ 0x0000000013b76854&#10;4. DB::Session::authenticate(DB::Credentials const&amp;, Poco::Net::SocketAddress const&amp;, std::vector&lt;String, std::allocator&lt;String&gt;&gt; const&amp;) @ 0x0000000014ff7660&#10;5. DB::Session::authenticate(String const&amp;, String const&amp;, Poco::Net::SocketAddress const&amp;, std::vector&lt;String, std::allocator&lt;String&gt;&gt; const&amp;) @ 0x0000000014ff6d14&#10;6. DB::TCPHandler::receiveHello() @ 0x000000001660846c&#10;7. DB::TCPHandler::runImpl() @ 0x00000000165fbf20&#10;8. DB::TCPHandler::run() @ 0x000000001661aae4&#10;9. Poco::Net::TCPServerConnection::start() @ 0x000000001b0f9e98&#10;10. Poco::Net::TCPServerDispatcher::run() @ 0x000000001b0fa434&#10;11. Poco::PooledThread::run() @ 0x000000001b0c03dc&#10;12. Poco::ThreadImpl::runnableEntry(void*) @ 0x000000001b0be750&#10;13. ? @ 0x000000000007d5b8&#10;14. ? @ 0x00000000000e5edc">/Users/anthony/Documents/GitHub/netra-apex/auth_service/tests/test_all_imports.py:57: Real services unavailable: Required services not available:
PostgreSQL: PostgreSQL not available: Multiple exceptions: [Errno 61] Connect call failed ('::1', 5434, 0, 0), [Errno 61] Connect call failed ('127.0.0.1', 5434)
Redis: Redis not available: Error Multiple exceptions: [Errno 61] Connect call failed ('::1', 6381, 0, 0), [Errno 61] Connect call failed ('127.0.0.1', 6381) connecting to localhost:6381.
ClickHouse: ClickHouse not available: Code: 516.
DB::Exception: test: Authentication failed: password is incorrect, or there is no user with such name.. Stack trace:

0. DB::Exception::Exception(DB::Exception::MessageMasked&amp;&amp;, int, bool) @ 0x0000000010c92930
1. DB::Exception::Exception(String&amp;&amp;, int, String, bool) @ 0x000000000b730698
2. DB::Exception::Exception(PreformattedMessage&amp;&amp;, int) @ 0x000000000b730168
3. DB::AccessControl::authenticate(DB::Credentials const&amp;, Poco::Net::IPAddress const&amp;, DB::ClientInfo const&amp;) const @ 0x0000000013b76854
4. DB::Session::authenticate(DB::Credentials const&amp;, Poco::Net::SocketAddress const&amp;, std::vector&lt;String, std::allocator&lt;String&gt;&gt; const&amp;) @ 0x0000000014ff7660
5. DB::Session::authenticate(String const&amp;, String const&amp;, Poco::Net::SocketAddress const&amp;, std::vector&lt;String, std::allocator&lt;String&gt;&gt; const&amp;) @ 0x0000000014ff6d14
6. DB::TCPHandler::receiveHello() @ 0x000000001660846c
7. DB::TCPHandler::runImpl() @ 0x00000000165fbf20
8. DB::TCPHandler::run() @ 0x000000001661aae4
9. Poco::Net::TCPServerConnection::start() @ 0x000000001b0f9e98
10. Poco::Net::TCPServerDispatcher::run() @ 0x000000001b0fa434
11. Poco::PooledThread::run() @ 0x000000001b0c03dc
12. Poco::ThreadImpl::runnableEntry(void*) @ 0x000000001b0be750
13. ? @ 0x000000000007d5b8
14. ? @ 0x00000000000e5edc</skipped></testcase><testcase classname="tests.test_all_imports" name="test_module_imports[auth_service.auth_core.database.connection-file_path18]" time="0.000"><skipped type="pytest.skip" message="Real services unavailable: Required services not available:&#10;PostgreSQL: PostgreSQL not available: Multiple exceptions: [Errno 61] Connect call failed ('::1', 5434, 0, 0), [Errno 61] Connect call failed ('127.0.0.1', 5434)&#10;Redis: Redis not available: Error Multiple exceptions: [Errno 61] Connect call failed ('::1', 6381, 0, 0), [Errno 61] Connect call failed ('127.0.0.1', 6381) connecting to localhost:6381.&#10;ClickHouse: ClickHouse not available: Code: 516.&#10;DB::Exception: test: Authentication failed: password is incorrect, or there is no user with such name.. Stack trace:&#10;&#10;0. DB::Exception::Exception(DB::Exception::MessageMasked&amp;&amp;, int, bool) @ 0x0000000010c92930&#10;1. DB::Exception::Exception(String&amp;&amp;, int, String, bool) @ 0x000000000b730698&#10;2. DB::Exception::Exception(PreformattedMessage&amp;&amp;, int) @ 0x000000000b730168&#10;3. DB::AccessControl::authenticate(DB::Credentials const&amp;, Poco::Net::IPAddress const&amp;, DB::ClientInfo const&amp;) const @ 0x0000000013b76854&#10;4. DB::Session::authenticate(DB::Credentials const&amp;, Poco::Net::SocketAddress const&amp;, std::vector&lt;String, std::allocator&lt;String&gt;&gt; const&amp;) @ 0x0000000014ff7660&#10;5. DB::Session::authenticate(String const&amp;, String const&amp;, Poco::Net::SocketAddress const&amp;, std::vector&lt;String, std::allocator&lt;String&gt;&gt; const&amp;) @ 0x0000000014ff6d14&#10;6. DB::TCPHandler::receiveHello() @ 0x000000001660846c&#10;7. DB::TCPHandler::runImpl() @ 0x00000000165fbf20&#10;8. DB::TCPHandler::run() @ 0x000000001661aae4&#10;9. Poco::Net::TCPServerConnection::start() @ 0x000000001b0f9e98&#10;10. Poco::Net::TCPServerDispatcher::run() @ 0x000000001b0fa434&#10;11. Poco::PooledThread::run() @ 0x000000001b0c03dc&#10;12. Poco::ThreadImpl::runnableEntry(void*) @ 0x000000001b0be750&#10;13. ? @ 0x000000000007d5b8&#10;14. ? @ 0x00000000000e5edc">/Users/anthony/Documents/GitHub/netra-apex/auth_service/tests/test_all_imports.py:57: Real services unavailable: Required services not available:
PostgreSQL: PostgreSQL not available: Multiple exceptions: [Errno 61] Connect call failed ('::1', 5434, 0, 0), [Errno 61] Connect call failed ('127.0.0.1', 5434)
Redis: Redis not available: Error Multiple exceptions: [Errno 61] Connect call failed ('::1', 6381, 0, 0), [Errno 61] Connect call failed ('127.0.0.1', 6381) connecting to localhost:6381.
ClickHouse: ClickHouse not available: Code: 516.
DB::Exception: test: Authentication failed: password is incorrect, or there is no user with such name.. Stack trace:

0. DB::Exception::Exception(DB::Exception::MessageMasked&amp;&amp;, int, bool) @ 0x0000000010c92930
1. DB::Exception::Exception(String&amp;&amp;, int, String, bool) @ 0x000000000b730698
2. DB::Exception::Exception(PreformattedMessage&amp;&amp;, int) @ 0x000000000b730168
3. DB::AccessControl::authenticate(DB::Credentials const&amp;, Poco::Net::IPAddress const&amp;, DB::ClientInfo const&amp;) const @ 0x0000000013b76854
4. DB::Session::authenticate(DB::Credentials const&amp;, Poco::Net::SocketAddress const&amp;, std::vector&lt;String, std::allocator&lt;String&gt;&gt; const&amp;) @ 0x0000000014ff7660
5. DB::Session::authenticate(String const&amp;, String const&amp;, Poco::Net::SocketAddress const&amp;, std::vector&lt;String, std::allocator&lt;String&gt;&gt; const&amp;) @ 0x0000000014ff6d14
6. DB::TCPHandler::receiveHello() @ 0x000000001660846c
7. DB::TCPHandler::runImpl() @ 0x00000000165fbf20
8. DB::TCPHandler::run() @ 0x000000001661aae4
9. Poco::Net::TCPServerConnection::start() @ 0x000000001b0f9e98
10. Poco::Net::TCPServerDispatcher::run() @ 0x000000001b0fa434
11. Poco::PooledThread::run() @ 0x000000001b0c03dc
12. Poco::ThreadImpl::runnableEntry(void*) @ 0x000000001b0be750
13. ? @ 0x000000000007d5b8
14. ? @ 0x00000000000e5edc</skipped></testcase><testcase classname="tests.test_all_imports" name="test_module_imports[auth_service.auth_core.database.staging_validation-file_path19]" time="0.000"><skipped type="pytest.skip" message="Real services unavailable: Required services not available:&#10;PostgreSQL: PostgreSQL not available: Multiple exceptions: [Errno 61] Connect call failed ('::1', 5434, 0, 0), [Errno 61] Connect call failed ('127.0.0.1', 5434)&#10;Redis: Redis not available: Error Multiple exceptions: [Errno 61] Connect call failed ('::1', 6381, 0, 0), [Errno 61] Connect call failed ('127.0.0.1', 6381) connecting to localhost:6381.&#10;ClickHouse: ClickHouse not available: Code: 516.&#10;DB::Exception: test: Authentication failed: password is incorrect, or there is no user with such name.. Stack trace:&#10;&#10;0. DB::Exception::Exception(DB::Exception::MessageMasked&amp;&amp;, int, bool) @ 0x0000000010c92930&#10;1. DB::Exception::Exception(String&amp;&amp;, int, String, bool) @ 0x000000000b730698&#10;2. DB::Exception::Exception(PreformattedMessage&amp;&amp;, int) @ 0x000000000b730168&#10;3. DB::AccessControl::authenticate(DB::Credentials const&amp;, Poco::Net::IPAddress const&amp;, DB::ClientInfo const&amp;) const @ 0x0000000013b76854&#10;4. DB::Session::authenticate(DB::Credentials const&amp;, Poco::Net::SocketAddress const&amp;, std::vector&lt;String, std::allocator&lt;String&gt;&gt; const&amp;) @ 0x0000000014ff7660&#10;5. DB::Session::authenticate(String const&amp;, String const&amp;, Poco::Net::SocketAddress const&amp;, std::vector&lt;String, std::allocator&lt;String&gt;&gt; const&amp;) @ 0x0000000014ff6d14&#10;6. DB::TCPHandler::receiveHello() @ 0x000000001660846c&#10;7. DB::TCPHandler::runImpl() @ 0x00000000165fbf20&#10;8. DB::TCPHandler::run() @ 0x000000001661aae4&#10;9. Poco::Net::TCPServerConnection::start() @ 0x000000001b0f9e98&#10;10. Poco::Net::TCPServerDispatcher::run() @ 0x000000001b0fa434&#10;11. Poco::PooledThread::run() @ 0x000000001b0c03dc&#10;12. Poco::ThreadImpl::runnableEntry(void*) @ 0x000000001b0be750&#10;13. ? @ 0x000000000007d5b8&#10;14. ? @ 0x00000000000e5edc">/Users/anthony/Documents/GitHub/netra-apex/auth_service/tests/test_all_imports.py:57: Real services unavailable: Required services not available:
PostgreSQL: PostgreSQL not available: Multiple exceptions: [Errno 61] Connect call failed ('::1', 5434, 0, 0), [Errno 61] Connect call failed ('127.0.0.1', 5434)
Redis: Redis not available: Error Multiple exceptions: [Errno 61] Connect call failed ('::1', 6381, 0, 0), [Errno 61] Connect call failed ('127.0.0.1', 6381) connecting to localhost:6381.
ClickHouse: ClickHouse not available: Code: 516.
DB::Exception: test: Authentication failed: password is incorrect, or there is no user with such name.. Stack trace:

0. DB::Exception::Exception(DB::Exception::MessageMasked&amp;&amp;, int, bool) @ 0x0000000010c92930
1. DB::Exception::Exception(String&amp;&amp;, int, String, bool) @ 0x000000000b730698
2. DB::Exception::Exception(PreformattedMessage&amp;&amp;, int) @ 0x000000000b730168
3. DB::AccessControl::authenticate(DB::Credentials const&amp;, Poco::Net::IPAddress const&amp;, DB::ClientInfo const&amp;) const @ 0x0000000013b76854
4. DB::Session::authenticate(DB::Credentials const&amp;, Poco::Net::SocketAddress const&amp;, std::vector&lt;String, std::allocator&lt;String&gt;&gt; const&amp;) @ 0x0000000014ff7660
5. DB::Session::authenticate(String const&amp;, String const&amp;, Poco::Net::SocketAddress const&amp;, std::vector&lt;String, std::allocator&lt;String&gt;&gt; const&amp;) @ 0x0000000014ff6d14
6. DB::TCPHandler::receiveHello() @ 0x000000001660846c
7. DB::TCPHandler::runImpl() @ 0x00000000165fbf20
8. DB::TCPHandler::run() @ 0x000000001661aae4
9. Poco::Net::TCPServerConnection::start() @ 0x000000001b0f9e98
[...]
14. ? @ 0x00000000000e5edc</skipped></testcase><testcase classname="tests.test_all_imports" name="test_module_imports[auth_service.auth_core.validation.pre_deployment_validator-file_path42]" time="0.000"><skipped type="pytest.skip" message="Real services unavailable: Required services not available:&#10;PostgreSQL: PostgreSQL not available: Multiple exceptions: [Errno 61] Connect call failed ('::1', 5434, 0, 0), [Errno 61] Connect call failed ('127.0.0.1', 5434)&#10;Redis: Redis not available: Error Multiple exceptions: [Errno 61] Connect call failed ('::1', 6381, 0, 0), [Errno 61] Connect call failed ('127.0.0.1', 6381) connecting to localhost:6381.&#10;ClickHouse: ClickHouse not available: Code: 516.&#10;DB::Exception: test: Authentication failed: password is incorrect, or there is no user with such name.. Stack trace:&#10;&#10;0. DB::Exception::Exception(DB::Exception::MessageMasked&amp;&amp;, int, bool) @ 0x0000000010c92930&#10;1. DB::Exception::Exception(String&amp;&amp;, int, String, bool) @ 0x000000000b730698&#10;2. DB::Exception::Exception(PreformattedMessage&amp;&amp;, int) @ 0x000000000b730168&#10;3. DB::AccessControl::authenticate(DB::Credentials const&amp;, Poco::Net::IPAddress const&amp;, DB::ClientInfo const&amp;) const @ 0x0000000013b76854&#10;4. DB::Session::authenticate(DB::Credentials const&amp;, Poco::Net::SocketAddress const&amp;, std::vector&lt;String, std::allocator&lt;String&gt;&gt; const&amp;) @ 0x0000000014ff7660&#10;5. DB::Session::authenticate(String const&amp;, String const&amp;, Poco::Net::SocketAddress const&amp;, std::vector&lt;String, std::allocator&lt;String&gt;&gt; const&amp;) @ 0x0000000014ff6d14&#10;6. DB::TCPHandler::receiveHello() @ 0x000000001660846c&#10;7. DB::TCPHandler::runImpl() @ 0x00000000165fbf20&#10;8. DB::TCPHandler::run() @ 0x000000001661aae4&#10;9. Poco::Net::TCPServerConnection::start() @ 0x000000001b0f9e98&#10;10. Poco::Net::TCPServerDispatcher::run() @ 0x000000001b0fa434&#10;11. Poco::PooledThread::run() @ 0x000000001b0c03dc&#10;12. Poco::ThreadImpl::runnableEntry(void*) @ 0x000000001b0be750&#10;13. ? @ 0x000000000007d5b8&#10;14. ? @ 0x00000000000e5edc">/Users/anthony/Documents/GitHub/netra-apex/auth_service/tests/test_all_imports.py:57: Real services unavailable: Required services not available:
PostgreSQL: PostgreSQL not available: Multiple exceptions: [Errno 61] Connect call failed ('::1', 5434, 0, 0), [Errno 61] Connect call failed ('127.0.0.1', 5434)
Redis: Redis not available: Error Multiple exceptions: [Errno 61] Connect call failed ('::1', 6381, 0, 0), [Errno 61] Connect call failed ('127.0.0.1', 6381) connecting to localhost:6381.
ClickHouse: ClickHouse not available: Code: 516.
DB::Exception: test: Authentication failed: password is incorrect, or there is no user with such name.. Stack trace:

0. DB::Exception::Exception(DB::Exception::MessageMasked&amp;&amp;, int, bool) @ 0x0000000010c92930
1. DB::Exception::Exception(String&amp;&amp;, int, String, bool) @ 0x000000000b730698
2. DB::Exception::Exception(PreformattedMessage&amp;&amp;, int) @ 0x000000000b730168
3. DB::AccessControl::authenticate(DB::Credentials const&amp;, Poco::Net::IPAddress const&amp;, DB::ClientInfo const&amp;) const @ 0x0000000013b76854
4. DB::Session::authenticate(DB::Credentials const&amp;, Poco::Net::SocketAddress const&amp;, std::vector&lt;String, std::allocator&lt;String&gt;&gt; const&amp;) @ 0x0000000014ff7660
5. DB::Session::authenticate(String const&amp;, String const&amp;, Poco::Net::SocketAddress const&amp;, std::vector&lt;String, std::allocator&lt;String&gt;&gt; const&amp;) @ 0x0000000014ff6d14
6. DB::TCPHandler::receiveHello() @ 0x000000001660846c
7. DB::TCPHandler::runImpl() @ 0x00000000165fbf20
8. DB::TCPHandler::run() @ 0x000000001661aae4
9. Poco::Net::TCPServerConnection::start() @ 0x000000001b0f9e98
10. Poco::Net::TCPServerDispatcher::run() @ 0x000000001b0fa434
11. Poco::PooledThread::run() @ 0x000000001b0c03dc
12. Poco::ThreadImpl::runnableEntry(void*) @ 0x000000001b0be750
13. ? @ 0x000000000007d5b8
14. ? @ 0x00000000000e5edc</skipped></testcase><testcase classname="tests.test_all_imports" name="test_module_imports[auth_service.auth_core.validation.__init__-file_path43]" time="0.000"><skipped type="pytest.skip" message="Real services unavailable: Required services not available:&#10;PostgreSQL: PostgreSQL not available: Multiple exceptions: [Errno 61] Connect call failed ('::1', 5434, 0, 0), [Errno 61] Connect call failed ('127.0.0.1', 5434)&#10;Redis: Redis not available: Error Multiple exceptions: [Errno 61] Connect call failed ('::1', 6381, 0, 0), [Errno 61] Connect call failed ('127.0.0.1', 6381) connecting to localhost:6381.&#10;ClickHouse: ClickHouse not available: Code: 516.&#10;DB::Exception: test: Authentication failed: password is incorrect, or there is no user with such name.. Stack trace:&#10;&#10;0. DB::Exception::Exception(DB::Exception::MessageMasked&amp;&amp;, int, bool) @ 0x0000000010c92930&#10;1. DB::Exception::Exception(String&amp;&amp;, int, String, bool) @ 0x000000000b730698&#10;2. DB::Exception::Exception(PreformattedMessage&amp;&amp;, int) @ 0x000000000b730168&#10;3. DB::AccessControl::authenticate(DB::Credentials const&amp;, Poco::Net::IPAddress const&amp;, DB::ClientInfo const&amp;) const @ 0x0000000013b76854&#10;4. DB::Session::authenticate(DB::Credentials const&amp;, Poco::Net::SocketAddress const&amp;, std::vector&lt;String, std::allocator&lt;String&gt;&gt; const&amp;) @ 0x0000000014ff7660&#10;5. DB::Session::authenticate(String const&amp;, String const&amp;, Poco::Net::SocketAddress const&amp;, std::vector&lt;String, std::allocator&lt;String&gt;&gt; const&amp;) @ 0x0000000014ff6d14&#10;6. DB::TCPHandler::receiveHello() @ 0x000000001660846c&#10;7. DB::TCPHandler::runImpl() @ 0x00000000165fbf20&#10;8. DB::TCPHandler::run() @ 0x000000001661aae4&#10;9. Poco::Net::TCPServerConnection::start() @ 0x000000001b0f9e98&#10;10. Poco::Net::TCPServerDispatcher::run() @ 0x000000001b0fa434&#10;11. Poco::PooledThread::run() @ 0x000000001b0c03dc&#10;12. Poco::ThreadImpl::runnableEntry(void*) @ 0x000000001b0be750&#10;13. ? @ 0x000000000007d5b8&#10;14. ? @ 0x00000000000e5edc">/Users/anthony/Documents/GitHub/netra-apex/auth_service/tests/test_all_imports.py:57: Real services unavailable: Required services not available:
PostgreSQL: PostgreSQL not available: Multiple exceptions: [Errno 61] Connect call failed ('::1', 5434, 0, 0), [Errno 61] Connect call failed ('127.0.0.1', 5434)
Redis: Redis not available: Error Multiple exceptions: [Errno 61] Connect call failed ('::1', 6381, 0, 0), [Errno 61] Connect call failed ('127.0.0.1', 6381) connecting to localhost:6381.
ClickHouse: ClickHouse not available: Code: 516.
DB::Exception: test: Authentication failed: password is incorrect, or there is no user with such name.. Stack trace:

0. DB::Exception::Exception(DB::Exception::MessageMasked&amp;&amp;, int, bool) @ 0x0000000010c92930
1. DB::Exception::Exception(String&amp;&amp;, int, String, bool) @ 0x000000000b730698
2. DB::Exception::Exception(PreformattedMessage&amp;&amp;, int) @ 0x000000000b730168
3. DB::AccessControl::authenticate(DB::Credentials const&amp;, Poco::Net::IPAddress const&amp;, DB::ClientInfo const&amp;) const @ 0x0000000013b76854
4. DB::Session::authenticate(DB::Credentials const&amp;, Poco::Net::SocketAddress const&amp;, std::vector&lt;String, std::allocator&lt;String&gt;&gt; const&amp;) @ 0x0000000014ff7660
5. DB::Session::authenticate(String const&amp;, String const&amp;, Poco::Net::SocketAddress const&amp;, std::vector&lt;String, std::allocator&lt;String&gt;&gt; const&amp;) @ 0x0000000014ff6d14
6. DB::TCPHandler::receiveHello() @ 0x000000001660846c
7. DB::TCPHandler::runImpl() @ 0x00000000165fbf20
8. DB::TCPHandler::run() @ 0x000000001661aae4
9. Poco::Net::TCPServerConnection::start() @ 0x000000001b0f9e98
10. Poco::Net::TCPServerDispatcher::run() @ 0x000000001b0fa434
11. Poco::PooledThread::run() @ 0x000000001b0c03dc
12. Poco::ThreadImpl::runnableEntry(void*) @ 0x000000001b0be750
13. ? @ 0x000000000007d5b8
14. ? @ 0x00000000000e5edc</skipped></testcase><testcase classname="tests.test_all_imports" name="test_auth_service_independence" time="0.000"><skipped type="pytest.skip" message="Real services unavailable: Required services not available:&#10;PostgreSQL: PostgreSQL not available: Multiple exceptions: [Errno 61] Connect call failed ('::1', 5434, 0, 0), [Errno 61] Connect call failed ('127.0.0.1', 5434)&#10;Redis: Redis not available: Error Multiple exceptions: [Errno 61] Connect call failed ('::1', 6381, 0, 0), [Errno 61] Connect call failed ('127.0.0.1', 6381) connecting to localhost:6381.&#10;ClickHouse: ClickHouse not available: Code: 516.&#10;DB::Exception: test: Authentication failed: password is incorrect, or there is no user with such name.. Stack trace:&#10;&#10;0. DB::Exception::Exception(DB::Exception::MessageMasked&amp;&amp;, int, bool) @ 0x0000000010c92930&#10;1. DB::Exception::Exception(String&amp;&amp;, int, String, bool) @ 0x000000000b730698&#10;2. DB::Exception::Exception(PreformattedMessage&amp;&amp;, int) @ 0x000000000b730168&#10;3. DB::AccessControl::authenticate(DB::Credentials const&amp;, Poco::Net::IPAddress const&amp;, DB::ClientInfo const&amp;) const @ 0x0000000013b76854&#10;4. DB::Session::authenticate(DB::Credentials const&amp;, Poco::Net::SocketAddress const&amp;, std::vector&lt;String, std::allocator&lt;String&gt;&gt; const&amp;) @ 0x0000000014ff7660&#10;5. DB::Session::authenticate(String const&amp;, String const&amp;, Poco::Net::SocketAddress const&amp;, std::vector&lt;String, std::allocator&lt;String&gt;&gt; const&amp;) @ 0x0000000014ff6d14&#10;6. DB::TCPHandler::receiveHello() @ 0x000000001660846c&#10;7. DB::TCPHandler::runImpl() @ 0x00000000165fbf20&#10;8. DB::TCPHandler::run() @ 0x000000001661aae4&#10;9. Poco::Net::TCPServerConnection::start() @ 0x000000001b0f9e98&#10;10. Poco::Net::TCPServerDispatcher::run() @ 0x000000001b0fa434&#10;11. Poco::PooledThread::run() @ 0x000000001b0c03dc&#10;12. Poco::ThreadImpl::runnableEntry(void*) @ 0x000000001b0be750&#10;13. ? @ 0x000000000007d5b8&#10;14. ? @ 0x00000000000e5edc">/Users/anthony/Documents/GitHub/netra-apex/auth_service/tests/test_all_imports.py:103: Real services unavailable: Required services not available:
PostgreSQL: PostgreSQL not available: Multiple exceptions: [Errno 61] Connect call failed ('::1', 5434, 0, 0), [Errno 61] Connect call failed ('127.0.0.1', 5434)
Redis: Redis not available: Error Multiple exceptions: [Errno 61] Connect call failed ('::1', 6381, 0, 0), [Errno 61] Connect call failed ('127.0.0.1', 6381) connecting to localhost:6381.
ClickHouse: ClickHouse not available: Code: 516.
DB::Exception: test: Authentication failed: password is incorrect, or there is no user with such name.. Stack trace:

0. DB::Exception::Exception(DB::Exception::MessageMasked&amp;&amp;, int, bool) @ 0x0000000010c92930
1. DB::Exception::Exception(String&amp;&amp;, int, String, bool) @ 0x000000000b730698
2. DB::Exception::Exception(PreformattedMessage&amp;&amp;, int) @ 0x000000000b730168
3. DB::AccessControl::authenticate(DB::Credentials const&amp;, Poco::Net::IPAddress const&amp;, DB::ClientInfo const&amp;) const @ 0x0000000013b76854
4. DB::Session::authenticate(DB::Credentials const&amp;, Poco::Net::SocketAddress const&amp;, std::vector&lt;String, std::allocator&lt;String&gt;&gt; const&amp;) @ 0x0000000014ff7660
5. DB::Session::authenticate(String const&amp;, String const&amp;, Poco::Net::SocketAddress const&amp;, std::vector&lt;String, std::allocator&lt;String&gt;&gt; const&amp;) @ 0x0000000014ff6d14
6. DB::TCPHandler::receiveHello() @ 0x000000001660846c
7. DB::TCPHandler::runImpl() @ 0x00000000165fbf20
8. DB::TCPHandler::run() @ 0x000000001661aae4
9. Poco::Net::TCPServerConnection::start() @ 0x000000001b0f9e98
10. Poco::Net::TCPServerDispatcher::run() @ 0x000000001b0fa434
11. Poco::PooledThread::run() @ 0x000000001b0c03dc
12. Poco::ThreadImpl::runnableEntry(void*) @ 0x000000001b0be750
13. ? @ 0x000000000007d5b8
14. ? @ 0x00000000000e5edc</skipped></testcase><testcase classname="tests.test_all_imports" name="test_critical_auth_imports" time="0.000"><skipped type="pytest.skip" message="Real services unavailable: Required services not available:&#10;PostgreSQL: PostgreSQL not available: Multiple exceptions: [Errno 61] Connect call failed ('::1', 5434, 0, 0), [Errno 61] Connect call failed ('127.0.0.1', 5434)&#10;Redis: Redis not available: Error Multiple exceptions: [Errno 61] Connect call failed ('::1', 6381, 0, 0), [Errno 61] Connect call failed ('127.0.0.1', 6381) connecting to localhost:6381.&#10;ClickHouse: ClickHouse not available: Code: 516.&#10;DB::Exception: test: Authentication failed: password is incorrect, or there is no user with such name.. Stack trace:&#10;&#10;0. DB::Exception::Exception(DB::Exception::MessageMasked&amp;&amp;, int, bool) @ 0x0000000010c92930&#10;1. DB::Exception::Exception(String&amp;&amp;, int, String, bool) @ 0x000000000b730698&#10;2. DB::Exception::Exception(PreformattedMessage&amp;&amp;, int) @ 0x000000000b730168&#10;3. DB::AccessControl::authenticate(DB::Credentials const&amp;, Poco::Net::IPAddress const&amp;, DB::ClientInfo const&amp;) const @ 0x0000000013b76854&#10;4. DB::Session::authenticate(DB::Credentials const&amp;, Poco::Net::SocketAddress const&amp;, std::vector&lt;String, std::allocator&lt;String&gt;&gt; const&amp;) @ 0x0000000014ff7660&#10;5. DB::Session::authenticate(String const&amp;, String const&amp;, Poco::Net::SocketAddress const&amp;, std::vector&lt;String, std::allocator&lt;String&gt;&gt; const&amp;) @ 0x0000000014ff6d14&#10;6. DB::TCPHandler::receiveHello() @ 0x000000001660846c&#10;7. DB::TCPHandler::runImpl() @ 0x00000000165fbf20&#10;8. DB::TCPHandler::run() @ 0x000000001661aae4&#10;9. Poco::Net::TCPServerConnection::start() @ 0x000000001b0f9e98&#10;10. Poco::Net::TCPServerDispatcher::run() @ 0x000000001b0fa434&#10;11. Poco::PooledThread::run() @ 0x000000001b0c03dc&#10;12. Poco::ThreadImpl::runnableEntry(void*) @ 0x000000001b0be750&#10;13. ? @ 0x000000000007d5b8&#10;14. ? @ 0x00000000000e5edc">/Users/anthony/Documents/GitHub/netra-apex/auth_service/tests/test_all_imports.py:129: Real services unavailable: Required services not available:
PostgreSQL: PostgreSQL not available: Multiple exceptions: [Errno 61] Connect call failed ('::1', 5434, 0, 0), [Errno 61] Connect call failed ('127.0.0.1', 5434)
Redis: Redis not available: Error Multiple exceptions: [Errno 61] Connect call failed ('::1', 6381, 0, 0), [Errno 61] Connect call failed ('127.0.0.1', 6381) connecting to localhost:6381.
ClickHouse: ClickHouse not available: Code: 516.
DB::Exception: test: Authentication failed: password is incorrect, or there is no user with such name.. Stack trace:

0. DB::Exception::Exception(DB::Exception::MessageMasked&amp;&amp;, int, bool) @ 0x0000000010c92930
1. DB::Exception::Exception(String&amp;&amp;, int, String, bool) @ 0x000000000b730698
2. DB::Exception::Exception(PreformattedMessage&amp;&amp;, int) @ 0x000000000b730168
3. DB::AccessControl::authenticate(DB::Credentials const&amp;, Poco::Net::IPAddress const&amp;, DB::ClientInfo const&amp;) const @ 0x0000000013b76854
4. DB::Session::authenticate(DB::Credentials const&amp;, Poco::Net::SocketAddress const&amp;, std::vector&lt;String, std::allocator&lt;String&gt;&gt; const&amp;) @ 0x0000000014ff7660
5. DB::Session::authenticate(String const&amp;, String const&amp;, Poco::Net::SocketAddress const&amp;, std::vector&lt;String, std::allocator&lt;String&gt;&gt; const&amp;) @ 0x0000000014ff6d14
6. DB::TCPHandler::receiveHello() @ 0x000000001660846c
7. DB::TCPHandler::runImpl() @ 0x00000000165fbf20
8. DB::TCPHandler::run() @ 0x000000001661aae4
9. Poco::Net::TCPServerConnection::start() @ 0x000000001b0f9e98
10. Poco::Net::TCPServerDispatcher::run() @ 0x000000001b0fa434
11. Poco::PooledThread::run() @ 0x000000001b0c03dc
12. Poco::ThreadImpl::runnableEntry(void*) @ 0x000000001b0be750
13. ? @ 0x000000000007d5b8
14. ? @ 0x00000000000e5edc</skipped></testcase><testcase classname="tests.test_all_imports" name="test_jwt_secret_key_usage" time="0.002"><skipped type="pytest.skip" message="Real services unavailable: Required services not available:&#10;PostgreSQL: PostgreSQL not available: Multiple exceptions: [Errno 61] Connect call failed ('::1', 5434, 0, 0), [Errno 61] Connect call failed ('127.0.0.1', 5434)&#10;Redis: Redis not available: Error Multiple exceptions: [Errno 61] Connect call failed ('::1', 6381, 0, 0), [Errno 61] Connect call failed ('127.0.0.1', 6381) connecting to localhost:6381.&#10;ClickHouse: ClickHouse not available: Code: 516.&#10;DB::Exception: test: Authentication failed: password is incorrect, or there is no user with such name.. Stack trace:&#10;&#10;0. DB::Exception::Exception(DB::Exception::MessageMasked&amp;&amp;, int, bool) @ 0x0000000010c92930&#10;1. DB::Exception::Exception(String&amp;&amp;, int, String, bool) @ 0x000000000b730698&#10;2. DB::Exception::Exception(PreformattedMessage&amp;&amp;, int) @ 0x000000000b730168&#10;3. DB::AccessControl::authenticate(DB::Credentials const&amp;, Poco::Net::IPAddress const&amp;, DB::ClientInfo const&amp;) const @ 0x0000000013b76854&#10;4. DB::Session::authenticate(DB::Credentials const&amp;, Poco::Net::SocketAddress const&amp;, std::vector&lt;String, std::allocator&lt;String&gt;&gt; const&amp;) @ 0x0000000014ff7660&#10;5. DB::Session::authenticate(String const&amp;, String const&amp;, Poco::Net::SocketAddress const&amp;, std::vector&lt;String, std::allocator&lt;String&gt;&gt; const&amp;) @ 0x0000000014ff6d14&#10;6. DB::TCPHandler::receiveHello() @ 0x000000001660846c&#10;7. DB::TCPHandler::runImpl() @ 0x00000000165fbf20&#10;8. DB::TCPHandler::run() @ 0x000000001661aae4&#10;9. Poco::Net::TCPServerConnection::start() @ 0x000000001b0f9e98&#10;10. Poco::Net::TCPServerDispatcher::run() @ 0x000000001b0fa434&#10;11. Poco::PooledThread::run() @ 0x000000001b0c03dc&#10;12. Poco::ThreadImpl::runnableEntry(void*) @ 0x000000001b0be750&#10;13. ? @ 0x000000000007d5b8&#10;14. ? @ 0x00000000000e5edc">/Users/anthony/Documents/GitHub/netra-apex/auth_service/tests/test_all_imports.py:147: Real services unavailable: Required services not available:
PostgreSQL: PostgreSQL not available: Multiple exceptions: [Errno 61] Connect call failed ('::1', 5434, 0, 0), [Errno 61] Connect call failed ('127.0.0.1', 5434)
Redis: Redis not available: Error Multiple exceptions: [Errno 61] Connect call failed ('::1', 6381, 0, 0), [Errno 61] Connect call failed ('127.0.0.1', 6381) connecting to localhost:6381.
ClickHouse: ClickHouse not available: Code: 516.
DB::Exception: test: Authentication failed: password is incorrect, or there is no user with such name.. Stack trace:

0. DB::Exception::Exception(DB::Exception::MessageMasked&amp;&amp;, int, bool) @ 0x0000000010c92930
1. DB::Exception::Exception(String&amp;&amp;, int, String, bool) @ 0x000000000b730698
2. DB::Exception::Exception(PreformattedMessage&amp;&amp;, int) @ 0x000000000b730168
3. DB::AccessControl::authenticate(DB::Credentials const&amp;, Poco::Net::IPAddress const&amp;, DB::ClientInfo const&amp;) const @ 0x0000000013b76854
4. DB::Session::authenticate(DB::Credentials const&amp;, Poco::Net::SocketAddress const&amp;, std::vector&lt;String, std::allocator&lt;String&gt;&gt; const&amp;) @ 0x0000000014ff7660
5. DB::Session::authenticate(String const&amp;, String const&amp;, Poco::Net::SocketAddress const&amp;, std::vector&lt;String, std::allocator&lt;String&gt;&gt; const&amp;) @ 0x0000000014ff6d14
6. DB::TCPHandler::receiveHello() @ 0x000000001660846c
7. DB::TCPHandler::runImpl() @ 0x00000000165fbf20
8. DB::TCPHandler::run() @ 0x000000001661aae4
9. Poco::Net::TCPServerConnection::start() @ 0x000000001b0f9e98
10. Poco::Net::TCPServerDispatcher::run() @ 0x000000001b0fa434
11. Poco::PooledThread::run() @ 0x000000001b0c03dc
12. Poco::ThreadImpl::runnableEntry(void*) @ 0x000000001b0be750
13. ? @ 0x000000000007d5b8
14. ? @ 0x00000000000e5edc</skipped></testcase></testsuite></testsuites>