<?xml version="1.0" encoding="utf-8"?><testsuites name="pytest tests"><testsuite name="pytest" errors="22" failures="57" skipped="0" tests="182" time="48.028" timestamp="2025-09-07T10:47:28.656803-07:00" hostname="Anthony"><testcase classname="tests.unit.test_database_models_comprehensive.TestAuthUserModel" name="test_auth_user_model_creation" time="0.251" /><testcase classname="tests.unit.test_database_models_comprehensive.TestAuthUserModel" name="test_auth_user_model_defaults" time="0.019" /><testcase classname="tests.unit.test_database_models_comprehensive.TestAuthUserModel" name="test_auth_user_email_uniqueness" time="0.019" /><testcase classname="tests.unit.test_database_models_comprehensive.TestAuthUserModel" name="test_auth_user_oauth_fields" time="0.015" /><testcase classname="tests.unit.test_database_models_comprehensive.TestAuthUserModel" name="test_auth_user_security_fields" time="0.016" /><testcase classname="tests.unit.test_database_models_comprehensive.TestAuthUserModel" name="test_auth_user_timestamps" time="0.209"><failure message="sqlalchemy.exc.MissingGreenlet: greenlet_spawn has not been called; can't call await_only() here. Was IO attempted in an unexpected place? (Background on this error at: https://sqlalche.me/e/20/xd2s)">auth_service\tests\unit\test_database_models_comprehensive.py:190: in test_auth_user_timestamps
    assert user.updated_at &gt; original_updated
           ^^^^^^^^^^^^^^^
..\..\..\..\AppData\Roaming\Python\Python312\site-packages\sqlalchemy\orm\attributes.py:569: in __get__
    return self.impl.get(state, dict_)  # type: ignore[no-any-return]
           ^^^^^^^^^^^^^^^^^^^^^^^^^^^
..\..\..\..\AppData\Roaming\Python\Python312\site-packages\sqlalchemy\orm\attributes.py:1096: in get
    value = self._fire_loader_callables(state, key, passive)
            ^^^^^^^^^^^^^^^^^^^^^^^^^^^^^^^^^^^^^^^^^^^^^^^^
..\..\..\..\AppData\Roaming\Python\Python312\site-packages\sqlalchemy\orm\attributes.py:1126: in _fire_loader_callables
    return state._load_expired(state, passive)
           ^^^^^^^^^^^^^^^^^^^^^^^^^^^^^^^^^^^
..\..\..\..\AppData\Roaming\Python\Python312\site-packages\sqlalchemy\orm\state.py:803: in _load_expired
    self.manager.expired_attribute_loader(self, toload, passive)
..\..\..\..\AppData\Roaming\Python\Python312\site-packages\sqlalchemy\orm\loading.py:1674: in load_scalar_attributes
    result = load_on_ident(
..\..\..\..\AppData\Roaming\Python\Python312\site-packages\sqlalchemy\orm\loading.py:510: in load_on_ident
    return load_on_pk_identity(
..\..\..\..\AppData\Roaming\Python\Python312\site-packages\sqlalchemy\orm\loading.py:695: in load_on_pk_identity
    session.execute(
..\..\..\..\AppData\Roaming\Python\Python312\site-packages\sqlalchemy\orm\session.py:2365: in execute
    return self._execute_internal(
..\..\..\..\AppData\Roaming\Python\Python312\site-packages\sqlalchemy\orm\session.py:2241: in _execute_internal
    conn = self._connection_for_bind(bind)
           ^^^^^^^^^^^^^^^^^^^^^^^^^^^^^^^
..\..\..\..\AppData\Roaming\Python\Python312\site-packages\sqlalchemy\orm\session.py:2110: in _connection_for_bind
    return trans._connection_for_bind(engine, execution_options)
           ^^^^^^^^^^^^^^^^^^^^^^^^^^^^^^^^^^^^^^^^^^^^^^^^^^^^^
&lt;string&gt;:2: in _connection_for_bind
    ???
..\..\..\..\AppData\Roaming\Python\Python312\site-packages\sqlalchemy\orm\state_changes.py:137: in _go
    ret_value = fn(self, *arg, **kw)
                ^^^^^^^^^^^^^^^^^^^^
..\..\..\..\AppData\Roaming\Python\Python312\site-packages\sqlalchemy\orm\session.py:1189: in _connection_for_bind
    conn = bind.connect()
           ^^^^^^^^^^^^^^
..\..\..\..\AppData\Roaming\Python\Python312\site-packages\sqlalchemy\engine\base.py:3277: in connect
    return self._connection_cls(self)
           ^^^^^^^^^^^^^^^^^^^^^^^^^^
..\..\..\..\AppData\Roaming\Python\Python312\site-packages\sqlalchemy\engine\base.py:143: in __init__
    self._dbapi_connection = engine.raw_connection()
                             ^^^^^^^^^^^^^^^^^^^^^^^
..\..\..\..\AppData\Roaming\Python\Python312\site-packages\sqlalchemy\engine\base.py:3301: in raw_connection
    return self.pool.connect()
           ^^^^^^^^^^^^^^^^^^^
..\..\..\..\AppData\Roaming\Python\Python312\site-packages\sqlalchemy\pool\base.py:447: in connect
    return _ConnectionFairy._checkout(self)
           ^^^^^^^^^^^^^^^^^^^^^^^^^^^^^^^^
..\..\..\..\AppData\Roaming\Python\Python312\site-packages\sqlalchemy\pool\base.py:1363: in _checkout
    with util.safe_reraise():
..\..\..\..\AppData\Roaming\Python\Python312\site-packages\sqlalchemy\util\langhelpers.py:224: in __exit__
    raise exc_value.with_traceback(exc_tb)
..\..\..\..\AppData\Roaming\Python\Python312\site-packages\sqlalchemy\pool\base.py:1301: in _checkout
    result = pool._dialect._do_ping_w_event(
..\..\..\..\AppData\Roaming\Python\Python312\site-packages\sqlalchemy\engine\default.py:728: in _do_ping_w_event
    return self.do_ping(dbapi_connection)
           ^^^^^^^^^^^^^^^^^^^^^^^^^^^^^^
..\..\..\..\AppData\Roaming\Python\Python312\site-packages\sqlalchemy\engine\default.py:752: in do_ping
    cursor.execute(self._dialect_specific_select_one)
..\..\..\..\AppData\Roaming\Python\Python312\site-packages\sqlalchemy\dialects\sqlite\aiosqlite.py:177: in execute
    self._adapt_connection._handle_exception(error)
..\..\..\..\AppData\Roaming\Python\Python312\site-packages\sqlalchemy\dialects\sqlite\aiosqlite.py:337: in _handle_exception
    raise error
..\..\..\..\AppData\Roaming\Python\Python312\site-packages\sqlalchemy\dialects\sqlite\aiosqlite.py:154: in execute
    _cursor: AsyncIODBAPICursor = self.await_(self._connection.cursor())  # type: ignore[arg-type] # noqa: E501
                                  ^^^^^^^^^^^^^^^^^^^^^^^^^^^^^^^^^^^^^^
..\..\..\..\AppData\Roaming\Python\Python312\site-packages\sqlalchemy\util\_concurrency_py3k.py:123: in await_only
    raise exc.MissingGreenlet(
E   sqlalchemy.exc.MissingGreenlet: greenlet_spawn has not been called; can't call await_only() here. Was IO attempted in an unexpected place? (Background on this error at: https://sqlalche.me/e/20/xd2s)</failure></testcase><testcase classname="tests.unit.test_database_models_comprehensive.TestAuthUserModel" name="test_auth_user_json_provider_data" time="0.006"><error message="failed on setup with &quot;sqlalchemy.exc.OperationalError: (sqlite3.OperationalError) no such table: auth_users&#10;[SQL: DELETE FROM auth_users WHERE email LIKE 'test_%@example.com']&#10;(Background on this error at: https://sqlalche.me/e/20/e3q8)&quot;">..\..\..\..\AppData\Roaming\Python\Python312\site-packages\sqlalchemy\engine\base.py:1967: in _exec_single_context
    self.dialect.do_execute(
..\..\..\..\AppData\Roaming\Python\Python312\site-packages\sqlalchemy\engine\default.py:951: in do_execute
    cursor.execute(statement, parameters)
..\..\..\..\AppData\Roaming\Python\Python312\site-packages\sqlalchemy\dialects\sqlite\aiosqlite.py:177: in execute
    self._adapt_connection._handle_exception(error)
..\..\..\..\AppData\Roaming\Python\Python312\site-packages\sqlalchemy\dialects\sqlite\aiosqlite.py:337: in _handle_exception
    raise error
..\..\..\..\AppData\Roaming\Python\Python312\site-packages\sqlalchemy\dialects\sqlite\aiosqlite.py:159: in execute
    self.await_(_cursor.execute(operation, parameters))
..\..\..\..\AppData\Roaming\Python\Python312\site-packages\sqlalchemy\util\_concurrency_py3k.py:132: in await_only
    return current.parent.switch(awaitable)  # type: ignore[no-any-return,attr-defined] # noqa: E501
           ^^^^^^^^^^^^^^^^^^^^^^^^^^^^^^^^
..\..\..\..\AppData\Roaming\Python\Python312\site-packages\sqlalchemy\util\_concurrency_py3k.py:196: in greenlet_spawn
    value = await result
            ^^^^^^^^^^^^
..\..\..\..\AppData\Roaming\Python\Python312\site-packages\aiosqlite\cursor.py:48: in execute
    await self._execute(self._cursor.execute, sql, parameters)
..\..\..\..\AppData\Roaming\Python\Python312\site-packages\aiosqlite\cursor.py:40: in _execute
    return await self._conn._execute(fn, *args, **kwargs)
           ^^^^^^^^^^^^^^^^^^^^^^^^^^^^^^^^^^^^^^^^^^^^^^
..\..\..\..\AppData\Roaming\Python\Python312\site-packages\aiosqlite\core.py:133: in _execute
    return await future
           ^^^^^^^^^^^^
..\..\..\..\AppData\Roaming\Python\Python312\site-packages\aiosqlite\core.py:106: in run
    result = function()
             ^^^^^^^^^^
E   sqlite3.OperationalError: no such table: auth_users

The above exception was the direct cause of the following exception:
auth_service\tests\unit\test_database_models_comprehensive.py:37: in setup_method
    await session.execute(text("DELETE FROM auth_users WHERE email LIKE 'test_%@example.com'"))
..\..\..\..\AppData\Roaming\Python\Python312\site-packages\sqlalchemy\ext\asyncio\session.py:463: in execute
    result = await greenlet_spawn(
..\..\..\..\AppData\Roaming\Python\Python312\site-packages\sqlalchemy\util\_concurrency_py3k.py:201: in greenlet_spawn
    result = context.throw(*sys.exc_info())
             ^^^^^^^^^^^^^^^^^^^^^^^^^^^^^^
..\..\..\..\AppData\Roaming\Python\Python312\site-packages\sqlalchemy\orm\session.py:2365: in execute
    return self._execute_internal(
..\..\..\..\AppData\Roaming\Python\Python312\site-packages\sqlalchemy\orm\session.py:2260: in _execute_internal
    result = conn.execute(
..\..\..\..\AppData\Roaming\Python\Python312\site-packages\sqlalchemy\engine\base.py:1419: in execute
    return meth(
..\..\..\..\AppData\Roaming\Python\Python312\site-packages\sqlalchemy\sql\elements.py:526: in _execute_on_connection
    return connection._execute_clauseelement(
..\..\..\..\AppData\Roaming\Python\Python312\site-packages\sqlalchemy\engine\base.py:1641: in _execute_clauseelement
    ret = self._execute_context(
..\..\..\..\AppData\Roaming\Python\Python312\site-packages\sqlalchemy\engine\base.py:1846: in _execute_context
    return self._exec_single_context(
..\..\..\..\AppData\Roaming\Python\Python312\site-packages\sqlalchemy\engine\base.py:1986: in _exec_single_context
    self._handle_dbapi_exception(
..\..\..\..\AppData\Roaming\Python\Python312\site-packages\sqlalchemy\engine\base.py:2355: in _handle_dbapi_exception
    raise sqlalchemy_exception.with_traceback(exc_info[2]) from e
..\..\..\..\AppData\Roaming\Python\Python312\site-packages\sqlalchemy\engine\base.py:1967: in _exec_single_context
    self.dialect.do_execute(
..\..\..\..\AppData\Roaming\Python\Python312\site-packages\sqlalchemy\engine\default.py:951: in do_execute
    cursor.execute(statement, parameters)
..\..\..\..\AppData\Roaming\Python\Python312\site-packages\sqlalchemy\dialects\sqlite\aiosqlite.py:177: in execute
    self._adapt_connection._handle_exception(error)
..\..\..\..\AppData\Roaming\Python\Python312\site-packages\sqlalchemy\dialects\sqlite\aiosqlite.py:337: in _handle_exception
    raise error
..\..\..\..\AppData\Roaming\Python\Python312\site-packages\sqlalchemy\dialects\sqlite\aiosqlite.py:159: in execute
    self.await_(_cursor.execute(operation, parameters))
..\..\..\..\AppData\Roaming\Python\Python312\site-packages\sqlalchemy\util\_concurrency_py3k.py:132: in await_only
    return current.parent.switch(awaitable)  # type: ignore[no-any-return,attr-defined] # noqa: E501
           ^^^^^^^^^^^^^^^^^^^^^^^^^^^^^^^^
..\..\..\..\AppData\Roaming\Python\Python312\site-packages\sqlalchemy\util\_concurrency_py3k.py:196: in greenlet_spawn
    value = await result
            ^^^^^^^^^^^^
..\..\..\..\AppData\Roaming\Python\Python312\site-packages\aiosqlite\cursor.py:48: in execute
    await self._execute(self._cursor.execute, sql, parameters)
..\..\..\..\AppData\Roaming\Python\Python312\site-packages\aiosqlite\cursor.py:40: in _execute
    return await self._conn._execute(fn, *args, **kwargs)
           ^^^^^^^^^^^^^^^^^^^^^^^^^^^^^^^^^^^^^^^^^^^^^^
..\..\..\..\AppData\Roaming\Python\Python312\site-packages\aiosqlite\core.py:133: in _execute
    return await future
           ^^^^^^^^^^^^
..\..\..\..\AppData\Roaming\Python\Python312\site-packages\aiosqlite\core.py:106: in run
    result = function()
             ^^^^^^^^^^
E   sqlalchemy.exc.OperationalError: (sqlite3.OperationalError) no such table: auth_users
E   [SQL: DELETE FROM auth_users WHERE email LIKE 'test_%@example.com']
E   (Background on this error at: https://sqlalche.me/e/20/e3q8)</error></testcase><testcase classname="tests.unit.test_database_models_comprehensive.TestAuthSessionModel" name="test_auth_session_model_creation" time="0.008"><error message="failed on setup with &quot;sqlalchemy.exc.OperationalError: (sqlite3.OperationalError) no such table: auth_sessions&#10;[SQL: DELETE FROM auth_sessions WHERE device_id LIKE 'test_%']&#10;(Background on this error at: https://sqlalche.me/e/20/e3q8)&quot;">..\..\..\..\AppData\Roaming\Python\Python312\site-packages\sqlalchemy\engine\base.py:1967: in _exec_single_context
    self.dialect.do_execute(
..\..\..\..\AppData\Roaming\Python\Python312\site-packages\sqlalchemy\engine\default.py:951: in do_execute
    cursor.execute(statement, parameters)
..\..\..\..\AppData\Roaming\Python\Python312\site-packages\sqlalchemy\dialects\sqlite\aiosqlite.py:177: in execute
    self._adapt_connection._handle_exception(error)
..\..\..\..\AppData\Roaming\Python\Python312\site-packages\sqlalchemy\dialects\sqlite\aiosqlite.py:337: in _handle_exception
    raise error
..\..\..\..\AppData\Roaming\Python\Python312\site-packages\sqlalchemy\dialects\sqlite\aiosqlite.py:159: in execute
    self.await_(_cursor.execute(operation, parameters))
..\..\..\..\AppData\Roaming\Python\Python312\site-packages\sqlalchemy\util\_concurrency_py3k.py:132: in await_only
    return current.parent.switch(awaitable)  # type: ignore[no-any-return,attr-defined] # noqa: E501
           ^^^^^^^^^^^^^^^^^^^^^^^^^^^^^^^^
..\..\..\..\AppData\Roaming\Python\Python312\site-packages\sqlalchemy\util\_concurrency_py3k.py:196: in greenlet_spawn
    value = await result
            ^^^^^^^^^^^^
..\..\..\..\AppData\Roaming\Python\Python312\site-packages\aiosqlite\cursor.py:48: in execute
    await self._execute(self._cursor.execute, sql, parameters)
..\..\..\..\AppData\Roaming\Python\Python312\site-packages\aiosqlite\cursor.py:40: in _execute
    return await self._conn._execute(fn, *args, **kwargs)
           ^^^^^^^^^^^^^^^^^^^^^^^^^^^^^^^^^^^^^^^^^^^^^^
..\..\..\..\AppData\Roaming\Python\Python312\site-packages\aiosqlite\core.py:133: in _execute
    return await future
           ^^^^^^^^^^^^
..\..\..\..\AppData\Roaming\Python\Python312\site-packages\aiosqlite\core.py:106: in run
    result = function()
             ^^^^^^^^^^
E   sqlite3.OperationalError: no such table: auth_sessions

The above exception was the direct cause of the following exception:
auth_service\tests\unit\test_database_models_comprehensive.py:238: in setup_method
    await session.execute(text("DELETE FROM auth_sessions WHERE device_id LIKE 'test_%'"))
..\..\..\..\AppData\Roaming\Python\Python312\site-packages\sqlalchemy\ext\asyncio\session.py:463: in execute
    result = await greenlet_spawn(
..\..\..\..\AppData\Roaming\Python\Python312\site-packages\sqlalchemy\util\_concurrency_py3k.py:201: in greenlet_spawn
    result = context.throw(*sys.exc_info())
             ^^^^^^^^^^^^^^^^^^^^^^^^^^^^^^
..\..\..\..\AppData\Roaming\Python\Python312\site-packages\sqlalchemy\orm\session.py:2365: in execute
    return self._execute_internal(
..\..\..\..\AppData\Roaming\Python\Python312\site-packages\sqlalchemy\orm\session.py:2260: in _execute_internal
    result = conn.execute(
..\..\..\..\AppData\Roaming\Python\Python312\site-packages\sqlalchemy\engine\base.py:1419: in execute
    return meth(
..\..\..\..\AppData\Roaming\Python\Python312\site-packages\sqlalchemy\sql\elements.py:526: in _execute_on_connection
    return connection._execute_clauseelement(
..\..\..\..\AppData\Roaming\Python\Python312\site-packages\sqlalchemy\engine\base.py:1641: in _execute_clauseelement
    ret = self._execute_context(
..\..\..\..\AppData\Roaming\Python\Python312\site-packages\sqlalchemy\engine\base.py:1846: in _execute_context
    return self._exec_single_context(
..\..\..\..\AppData\Roaming\Python\Python312\site-packages\sqlalchemy\engine\base.py:1986: in _exec_single_context
    self._handle_dbapi_exception(
..\..\..\..\AppData\Roaming\Python\Python312\site-packages\sqlalchemy\engine\base.py:2355: in _handle_dbapi_exception
    raise sqlalchemy_exception.with_traceback(exc_info[2]) from e
..\..\..\..\AppData\Roaming\Python\Python312\site-packages\sqlalchemy\engine\base.py:1967: in _exec_single_context
    self.dialect.do_execute(
..\..\..\..\AppData\Roaming\Python\Python312\site-packages\sqlalchemy\engine\default.py:951: in do_execute
    cursor.execute(statement, parameters)
..\..\..\..\AppData\Roaming\Python\Python312\site-packages\sqlalchemy\dialects\sqlite\aiosqlite.py:177: in execute
    self._adapt_connection._handle_exception(error)
..\..\..\..\AppData\Roaming\Python\Python312\site-packages\sqlalchemy\dialects\sqlite\aiosqlite.py:337: in _handle_exception
    raise error
..\..\..\..\AppData\Roaming\Python\Python312\site-packages\sqlalchemy\dialects\sqlite\aiosqlite.py:159: in execute
    self.await_(_cursor.execute(operation, parameters))
..\..\..\..\AppData\Roaming\Python\Python312\site-packages\sqlalchemy\util\_concurrency_py3k.py:132: in await_only
    return current.parent.switch(awaitable)  # type: ignore[no-any-return,attr-defined] # noqa: E501
           ^^^^^^^^^^^^^^^^^^^^^^^^^^^^^^^^
..\..\..\..\AppData\Roaming\Python\Python312\site-packages\sqlalchemy\util\_concurrency_py3k.py:196: in greenlet_spawn
    value = await result
            ^^^^^^^^^^^^
..\..\..\..\AppData\Roaming\Python\Python312\site-packages\aiosqlite\cursor.py:48: in execute
    await self._execute(self._cursor.execute, sql, parameters)
..\..\..\..\AppData\Roaming\Python\Python312\site-packages\aiosqlite\cursor.py:40: in _execute
    return await self._conn._execute(fn, *args, **kwargs)
           ^^^^^^^^^^^^^^^^^^^^^^^^^^^^^^^^^^^^^^^^^^^^^^
..\..\..\..\AppData\Roaming\Python\Python312\site-packages\aiosqlite\core.py:133: in _execute
    return await future
           ^^^^^^^^^^^^
..\..\..\..\AppData\Roaming\Python\Python312\site-packages\aiosqlite\core.py:106: in run
    result = function()
             ^^^^^^^^^^
E   sqlalchemy.exc.OperationalError: (sqlite3.OperationalError) no such table: auth_sessions
E   [SQL: DELETE FROM auth_sessions WHERE device_id LIKE 'test_%']
E   (Background on this error at: https://sqlalche.me/e/20/e3q8)</error></testcase><testcase classname="tests.unit.test_database_models_comprehensive.TestAuthSessionModel" name="test_auth_session_model_defaults" time="0.009"><error message="failed on setup with &quot;sqlalchemy.exc.OperationalError: (sqlite3.OperationalError) no such table: auth_sessions&#10;[SQL: DELETE FROM auth_sessions WHERE device_id LIKE 'test_%']&#10;(Background on this error at: https://sqlalche.me/e/20/e3q8)&quot;">..\..\..\..\AppData\Roaming\Python\Python312\site-packages\sqlalchemy\engine\base.py:1967: in _exec_single_context
    self.dialect.do_execute(
..\..\..\..\AppData\Roaming\Python\Python312\site-packages\sqlalchemy\engine\default.py:951: in do_execute
    cursor.execute(statement, parameters)
..\..\..\..\AppData\Roaming\Python\Python312\site-packages\sqlalchemy\dialects\sqlite\aiosqlite.py:177: in execute
    self._adapt_connection._handle_exception(error)
..\..\..\..\AppData\Roaming\Python\Python312\site-packages\sqlalchemy\dialects\sqlite\aiosqlite.py:337: in _handle_exception
    raise error
..\..\..\..\AppData\Roaming\Python\Python312\site-packages\sqlalchemy\dialects\sqlite\aiosqlite.py:159: in execute
    self.await_(_cursor.execute(operation, parameters))
..\..\..\..\AppData\Roaming\Python\Python312\site-packages\sqlalchemy\util\_concurrency_py3k.py:132: in await_only
    return current.parent.switch(awaitable)  # type: ignore[no-any-return,attr-defined] # noqa: E501
           ^^^^^^^^^^^^^^^^^^^^^^^^^^^^^^^^
..\..\..\..\AppData\Roaming\Python\Python312\site-packages\sqlalchemy\util\_concurrency_py3k.py:196: in greenlet_spawn
    value = await result
            ^^^^^^^^^^^^
..\..\..\..\AppData\Roaming\Python\Python312\site-packages\aiosqlite\cursor.py:48: in execute
    await self._execute(self._cursor.execute, sql, parameters)
..\..\..\..\AppData\Roaming\Python\Python312\site-packages\aiosqlite\cursor.py:40: in _execute
    return await self._conn._execute(fn, *args, **kwargs)
           ^^^^^^^^^^^^^^^^^^^^^^^^^^^^^^^^^^^^^^^^^^^^^^
..\..\..\..\AppData\Roaming\Python\Python312\site-packages\aiosqlite\core.py:133: in _execute
    return await future
           ^^^^^^^^^^^^
..\..\..\..\AppData\Roaming\Python\Python312\site-packages\aiosqlite\core.py:106: in run
    result = function()
             ^^^^^^^^^^
E   sqlite3.OperationalError: no such table: auth_sessions

The above exception was the direct cause of the following exception:
auth_service\tests\unit\test_database_models_comprehensive.py:238: in setup_method
    await session.execute(text("DELETE FROM auth_sessions WHERE device_id LIKE 'test_%'"))
..\..\..\..\AppData\Roaming\Python\Python312\site-packages\sqlalchemy\ext\asyncio\session.py:463: in execute
    result = await greenlet_spawn(
..\..\..\..\AppData\Roaming\Python\Python312\site-packages\sqlalchemy\util\_concurrency_py3k.py:201: in greenlet_spawn
    result = context.throw(*sys.exc_info())
             ^^^^^^^^^^^^^^^^^^^^^^^^^^^^^^
..\..\..\..\AppData\Roaming\Python\Python312\site-packages\sqlalchemy\orm\session.py:2365: in execute
    return self._execute_internal(
..\..\..\..\AppData\Roaming\Python\Python312\site-packages\sqlalchemy\orm\session.py:2260: in _execute_internal
    result = conn.execute(
..\..\..\..\AppData\Roaming\Python\Python312\site-packages\sqlalchemy\engine\base.py:1419: in execute
    return meth(
..\..\..\..\AppData\Roaming\Python\Python312\site-packages\sqlalchemy\sql\elements.py:526: in _execute_on_connection
    return connection._execute_clauseelement(
..\..\..\..\AppData\Roaming\Python\Python312\site-packages\sqlalchemy\engine\base.py:1641: in _execute_clauseelement
    ret = self._execute_context(
..\..\..\..\AppData\Roaming\Python\Python312\site-packages\sqlalchemy\engine\base.py:1846: in _execute_context
    return self._exec_single_context(
..\..\..\..\AppData\Roaming\Python\Python312\site-packages\sqlalchemy\engine\base.py:1986: in _exec_single_context
    self._handle_dbapi_exception(
..\..\..\..\AppData\Roaming\Python\Python312\site-packages\sqlalchemy\engine\base.py:2355: in _handle_dbapi_exception
    raise sqlalchemy_exception.with_traceback(exc_info[2]) from e
..\..\..\..\AppData\Roaming\Python\Python312\site-packages\sqlalchemy\engine\base.py:1967: in _exec_single_context
    self.dialect.do_execute(
..\..\..\..\AppData\Roaming\Python\Python312\site-packages\sqlalchemy\engine\default.py:951: in do_execute
    cursor.execute(statement, parameters)
..\..\..\..\AppData\Roaming\Python\Python312\site-packages\sqlalchemy\dialects\sqlite\aiosqlite.py:177: in execute
    self._adapt_connection._handle_exception(error)
..\..\..\..\AppData\Roaming\Python\Python312\site-packages\sqlalchemy\dialects\sqlite\aiosqlite.py:337: in _handle_exception
    raise error
..\..\..\..\AppData\Roaming\Python\Python312\site-packages\sqlalchemy\dialects\sqlite\aiosqlite.py:159: in execute
    self.await_(_cursor.execute(operation, parameters))
..\..\..\..\AppData\Roaming\Python\Python312\site-packages\sqlalchemy\util\_concurrency_py3k.py:132: in await_only
    return current.parent.switch(awaitable)  # type: ignore[no-any-return,attr-defined] # noqa: E501
           ^^^^^^^^^^^^^^^^^^^^^^^^^^^^^^^^
..\..\..\..\AppData\Roaming\Python\Python312\site-packages\sqlalchemy\util\_concurrency_py3k.py:196: in greenlet_spawn
    value = await result
            ^^^^^^^^^^^^
..\..\..\..\AppData\Roaming\Python\Python312\site-packages\aiosqlite\cursor.py:48: in execute
    await self._execute(self._cursor.execute, sql, parameters)
..\..\..\..\AppData\Roaming\Python\Python312\site-packages\aiosqlite\cursor.py:40: in _execute
    return await self._conn._execute(fn, *args, **kwargs)
           ^^^^^^^^^^^^^^^^^^^^^^^^^^^^^^^^^^^^^^^^^^^^^^
..\..\..\..\AppData\Roaming\Python\Python312\site-packages\aiosqlite\core.py:133: in _execute
    return await future
           ^^^^^^^^^^^^
..\..\..\..\AppData\Roaming\Python\Python312\site-packages\aiosqlite\core.py:106: in run
    result = function()
             ^^^^^^^^^^
E   sqlalchemy.exc.OperationalError: (sqlite3.OperationalError) no such table: auth_sessions
E   [SQL: DELETE FROM auth_sessions WHERE device_id LIKE 'test_%']
E   (Background on this error at: https://sqlalche.me/e/20/e3q8)</error></testcase><testcase classname="tests.unit.test_database_models_comprehensive.TestAuthSessionModel" name="test_auth_session_revocation" time="0.009"><error message="failed on setup with &quot;sqlalchemy.exc.OperationalError: (sqlite3.OperationalError) no such table: auth_sessions&#10;[SQL: DELETE FROM auth_sessions WHERE device_id LIKE 'test_%']&#10;(Background on this error at: https://sqlalche.me/e/20/e3q8)&quot;">..\..\..\..\AppData\Roaming\Python\Python312\site-packages\sqlalchemy\engine\base.py:1967: in _exec_single_context
    self.dialect.do_execute(
..\..\..\..\AppData\Roaming\Python\Python312\site-packages\sqlalchemy\engine\default.py:951: in do_execute
    cursor.execute(statement, parameters)
..\..\..\..\AppData\Roaming\Python\Python312\site-packages\sqlalchemy\dialects\sqlite\aiosqlite.py:177: in execute
    self._adapt_connection._handle_exception(error)
..\..\..\..\AppData\Roaming\Python\Python312\site-packages\sqlalchemy\dialects\sqlite\aiosqlite.py:337: in _handle_exception
    raise error
..\..\..\..\AppData\Roaming\Python\Python312\site-packages\sqlalchemy\dialects\sqlite\aiosqlite.py:159: in execute
    self.await_(_cursor.execute(operation, parameters))
..\..\..\..\AppData\Roaming\Python\Python312\site-packages\sqlalchemy\util\_concurrency_py3k.py:132: in await_only
    return current.parent.switch(awaitable)  # type: ignore[no-any-return,attr-defined] # noqa: E501
           ^^^^^^^^^^^^^^^^^^^^^^^^^^^^^^^^
..\..\..\..\AppData\Roaming\Python\Python312\site-packages\sqlalchemy\util\_concurrency_py3k.py:196: in greenlet_spawn
    value = await result
            ^^^^^^^^^^^^
..\..\..\..\AppData\Roaming\Python\Python312\site-packages\aiosqlite\cursor.py:48: in execute
    await self._execute(self._cursor.execute, sql, parameters)
..\..\..\..\AppData\Roaming\Python\Python312\site-packages\aiosqlite\cursor.py:40: in _execute
    return await self._conn._execute(fn, *args, **kwargs)
           ^^^^^^^^^^^^^^^^^^^^^^^^^^^^^^^^^^^^^^^^^^^^^^
..\..\..\..\AppData\Roaming\Python\Python312\site-packages\aiosqlite\core.py:133: in _execute
    return await future
           ^^^^^^^^^^^^
..\..\..\..\AppData\Roaming\Python\Python312\site-packages\aiosqlite\core.py:106: in run
    result = function()
             ^^^^^^^^^^
E   sqlite3.OperationalError: no such table: auth_sessions

The above exception was the direct cause of the following exception:
auth_service\tests\unit\test_database_models_comprehensive.py:238: in setup_method
    await session.execute(text("DELETE FROM auth_sessions WHERE device_id LIKE 'test_%'"))
..\..\..\..\AppData\Roaming\Python\Python312\site-packages\sqlalchemy\ext\asyncio\session.py:463: in execute
    result = await greenlet_spawn(
..\..\..\..\AppData\Roaming\Python\Python312\site-packages\sqlalchemy\util\_concurrency_py3k.py:201: in greenlet_spawn
    result = context.throw(*sys.exc_info())
             ^^^^^^^^^^^^^^^^^^^^^^^^^^^^^^
..\..\..\..\AppData\Roaming\Python\Python312\site-packages\sqlalchemy\orm\session.py:2365: in execute
    return self._execute_internal(
..\..\..\..\AppData\Roaming\Python\Python312\site-packages\sqlalchemy\orm\session.py:2260: in _execute_internal
    result = conn.execute(
..\..\..\..\AppData\Roaming\Python\Python312\site-packages\sqlalchemy\engine\base.py:1419: in execute
    return meth(
..\..\..\..\AppData\Roaming\Python\Python312\site-packages\sqlalchemy\sql\elements.py:526: in _execute_on_connection
    return connection._execute_clauseelement(
..\..\..\..\AppData\Roaming\Python\Python312\site-packages\sqlalchemy\engine\base.py:1641: in _execute_clauseelement
    ret = self._execute_context(
..\..\..\..\AppData\Roaming\Python\Python312\site-packages\sqlalchemy\engine\base.py:1846: in _execute_context
    return self._exec_single_context(
..\..\..\..\AppData\Roaming\Python\Python312\site-packages\sqlalchemy\engine\base.py:1986: in _exec_single_context
    self._handle_dbapi_exception(
..\..\..\..\AppData\Roaming\Python\Python312\site-packages\sqlalchemy\engine\base.py:2355: in _handle_dbapi_exception
    raise sqlalchemy_exception.with_traceback(exc_info[2]) from e
..\..\..\..\AppData\Roaming\Python\Python312\site-packages\sqlalchemy\engine\base.py:1967: in _exec_single_context
    self.dialect.do_execute(
..\..\..\..\AppData\Roaming\Python\Python312\site-packages\sqlalchemy\engine\default.py:951: in do_execute
    cursor.execute(statement, parameters)
..\..\..\..\AppData\Roaming\Python\Python312\site-packages\sqlalchemy\dialects\sqlite\aiosqlite.py:177: in execute
    self._adapt_connection._handle_exception(error)
..\..\..\..\AppData\Roaming\Python\Python312\site-packages\sqlalchemy\dialects\sqlite\aiosqlite.py:337: in _handle_exception
    raise error
..\..\..\..\AppData\Roaming\Python\Python312\site-packages\sqlalchemy\dialects\sqlite\aiosqlite.py:159: in execute
    self.await_(_cursor.execute(operation, parameters))
..\..\..\..\AppData\Roaming\Python\Python312\site-packages\sqlalchemy\util\_concurrency_py3k.py:132: in await_only
    return current.parent.switch(awaitable)  # type: ignore[no-any-return,attr-defined] # noqa: E501
           ^^^^^^^^^^^^^^^^^^^^^^^^^^^^^^^^
..\..\..\..\AppData\Roaming\Python\Python312\site-packages\sqlalchemy\util\_concurrency_py3k.py:196: in greenlet_spawn
    value = await result
            ^^^^^^^^^^^^
..\..\..\..\AppData\Roaming\Python\Python312\site-packages\aiosqlite\cursor.py:48: in execute
    await self._execute(self._cursor.execute, sql, parameters)
..\..\..\..\AppData\Roaming\Python\Python312\site-packages\aiosqlite\cursor.py:40: in _execute
    return await self._conn._execute(fn, *args, **kwargs)
           ^^^^^^^^^^^^^^^^^^^^^^^^^^^^^^^^^^^^^^^^^^^^^^
..\..\..\..\AppData\Roaming\Python\Python312\site-packages\aiosqlite\core.py:133: in _execute
    return await future
           ^^^^^^^^^^^^
..\..\..\..\AppData\Roaming\Python\Python312\site-packages\aiosqlite\core.py:106: in run
    result = function()
             ^^^^^^^^^^
E   sqlalchemy.exc.OperationalError: (sqlite3.OperationalError) no such table: auth_sessions
E   [SQL: DELETE FROM auth_sessions WHERE device_id LIKE 'test_%']
E   (Background on this error at: https://sqlalche.me/e/20/e3q8)</error></testcase><testcase classname="tests.unit.test_database_models_comprehensive.TestAuthSessionModel" name="test_auth_session_multiple_per_user" time="0.010"><error message="failed on setup with &quot;sqlalchemy.exc.OperationalError: (sqlite3.OperationalError) no such table: auth_sessions&#10;[SQL: DELETE FROM auth_sessions WHERE device_id LIKE 'test_%']&#10;(Background on this error at: https://sqlalche.me/e/20/e3q8)&quot;">..\..\..\..\AppData\Roaming\Python\Python312\site-packages\sqlalchemy\engine\base.py:1967: in _exec_single_context
    self.dialect.do_execute(
..\..\..\..\AppData\Roaming\Python\Python312\site-packages\sqlalchemy\engine\default.py:951: in do_execute
    cursor.execute(statement, parameters)
..\..\..\..\AppData\Roaming\Python\Python312\site-packages\sqlalchemy\dialects\sqlite\aiosqlite.py:177: in execute
    self._adapt_connection._handle_exception(error)
..\..\..\..\AppData\Roaming\Python\Python312\site-packages\sqlalchemy\dialects\sqlite\aiosqlite.py:337: in _handle_exception
    raise error
..\..\..\..\AppData\Roaming\Python\Python312\site-packages\sqlalchemy\dialects\sqlite\aiosqlite.py:159: in execute
    self.await_(_cursor.execute(operation, parameters))
..\..\..\..\AppData\Roaming\Python\Python312\site-packages\sqlalchemy\util\_concurrency_py3k.py:132: in await_only
    return current.parent.switch(awaitable)  # type: ignore[no-any-return,attr-defined] # noqa: E501
           ^^^^^^^^^^^^^^^^^^^^^^^^^^^^^^^^
..\..\..\..\AppData\Roaming\Python\Python312\site-packages\sqlalchemy\util\_concurrency_py3k.py:196: in greenlet_spawn
    value = await result
            ^^^^^^^^^^^^
..\..\..\..\AppData\Roaming\Python\Python312\site-packages\aiosqlite\cursor.py:48: in execute
    await self._execute(self._cursor.execute, sql, parameters)
..\..\..\..\AppData\Roaming\Python\Python312\site-packages\aiosqlite\cursor.py:40: in _execute
    return await self._conn._execute(fn, *args, **kwargs)
           ^^^^^^^^^^^^^^^^^^^^^^^^^^^^^^^^^^^^^^^^^^^^^^
..\..\..\..\AppData\Roaming\Python\Python312\site-packages\aiosqlite\core.py:133: in _execute
    return await future
           ^^^^^^^^^^^^
..\..\..\..\AppData\Roaming\Python\Python312\site-packages\aiosqlite\core.py:106: in run
    result = function()
             ^^^^^^^^^^
E   sqlite3.OperationalError: no such table: auth_sessions

The above exception was the direct cause of the following exception:
auth_service\tests\unit\test_database_models_comprehensive.py:238: in setup_method
    await session.execute(text("DELETE FROM auth_sessions WHERE device_id LIKE 'test_%'"))
..\..\..\..\AppData\Roaming\Python\Python312\site-packages\sqlalchemy\ext\asyncio\session.py:463: in execute
    result = await greenlet_spawn(
..\..\..\..\AppData\Roaming\Python\Python312\site-packages\sqlalchemy\util\_concurrency_py3k.py:201: in greenlet_spawn
    result = context.throw(*sys.exc_info())
             ^^^^^^^^^^^^^^^^^^^^^^^^^^^^^^
..\..\..\..\AppData\Roaming\Python\Python312\site-packages\sqlalchemy\orm\session.py:2365: in execute
    return self._execute_internal(
..\..\..\..\AppData\Roaming\Python\Python312\site-packages\sqlalchemy\orm\session.py:2260: in _execute_internal
    result = conn.execute(
..\..\..\..\AppData\Roaming\Python\Python312\site-packages\sqlalchemy\engine\base.py:1419: in execute
    return meth(
..\..\..\..\AppData\Roaming\Python\Python312\site-packages\sqlalchemy\sql\elements.py:526: in _execute_on_connection
    return connection._execute_clauseelement(
..\..\..\..\AppData\Roaming\Python\Python312\site-packages\sqlalchemy\engine\base.py:1641: in _execute_clauseelement
    ret = self._execute_context(
..\..\..\..\AppData\Roaming\Python\Python312\site-packages\sqlalchemy\engine\base.py:1846: in _execute_context
    return self._exec_single_context(
..\..\..\..\AppData\Roaming\Python\Python312\site-packages\sqlalchemy\engine\base.py:1986: in _exec_single_context
    self._handle_dbapi_exception(
..\..\..\..\AppData\Roaming\Python\Python312\site-packages\sqlalchemy\engine\base.py:2355: in _handle_dbapi_exception
    raise sqlalchemy_exception.with_traceback(exc_info[2]) from e
..\..\..\..\AppData\Roaming\Python\Python312\site-packages\sqlalchemy\engine\base.py:1967: in _exec_single_context
    self.dialect.do_execute(
..\..\..\..\AppData\Roaming\Python\Python312\site-packages\sqlalchemy\engine\default.py:951: in do_execute
    cursor.execute(statement, parameters)
..\..\..\..\AppData\Roaming\Python\Python312\site-packages\sqlalchemy\dialects\sqlite\aiosqlite.py:177: in execute
    self._adapt_connection._handle_exception(error)
..\..\..\..\AppData\Roaming\Python\Python312\site-packages\sqlalchemy\dialects\sqlite\aiosqlite.py:337: in _handle_exception
    raise error
..\..\..\..\AppData\Roaming\Python\Python312\site-packages\sqlalchemy\dialects\sqlite\aiosqlite.py:159: in execute
    self.await_(_cursor.execute(operation, parameters))
..\..\..\..\AppData\Roaming\Python\Python312\site-packages\sqlalchemy\util\_concurrency_py3k.py:132: in await_only
    return current.parent.switch(awaitable)  # type: ignore[no-any-return,attr-defined] # noqa: E501
           ^^^^^^^^^^^^^^^^^^^^^^^^^^^^^^^^
..\..\..\..\AppData\Roaming\Python\Python312\site-packages\sqlalchemy\util\_concurrency_py3k.py:196: in greenlet_spawn
    value = await result
            ^^^^^^^^^^^^
..\..\..\..\AppData\Roaming\Python\Python312\site-packages\aiosqlite\cursor.py:48: in execute
    await self._execute(self._cursor.execute, sql, parameters)
..\..\..\..\AppData\Roaming\Python\Python312\site-packages\aiosqlite\cursor.py:40: in _execute
    return await self._conn._execute(fn, *args, **kwargs)
           ^^^^^^^^^^^^^^^^^^^^^^^^^^^^^^^^^^^^^^^^^^^^^^
..\..\..\..\AppData\Roaming\Python\Python312\site-packages\aiosqlite\core.py:133: in _execute
    return await future
           ^^^^^^^^^^^^
..\..\..\..\AppData\Roaming\Python\Python312\site-packages\aiosqlite\core.py:106: in run
    result = function()
             ^^^^^^^^^^
E   sqlalchemy.exc.OperationalError: (sqlite3.OperationalError) no such table: auth_sessions
E   [SQL: DELETE FROM auth_sessions WHERE device_id LIKE 'test_%']
E   (Background on this error at: https://sqlalche.me/e/20/e3q8)</error></testcase><testcase classname="tests.unit.test_database_models_comprehensive.TestAuthAuditLogModel" name="test_auth_audit_log_model_creation" time="0.010"><error message="failed on setup with &quot;sqlalchemy.exc.OperationalError: (sqlite3.OperationalError) no such table: auth_audit_logs&#10;[SQL: DELETE FROM auth_audit_logs WHERE event_type LIKE 'test_%']&#10;(Background on this error at: https://sqlalche.me/e/20/e3q8)&quot;">..\..\..\..\AppData\Roaming\Python\Python312\site-packages\sqlalchemy\engine\base.py:1967: in _exec_single_context
    self.dialect.do_execute(
..\..\..\..\AppData\Roaming\Python\Python312\site-packages\sqlalchemy\engine\default.py:951: in do_execute
    cursor.execute(statement, parameters)
..\..\..\..\AppData\Roaming\Python\Python312\site-packages\sqlalchemy\dialects\sqlite\aiosqlite.py:177: in execute
    self._adapt_connection._handle_exception(error)
..\..\..\..\AppData\Roaming\Python\Python312\site-packages\sqlalchemy\dialects\sqlite\aiosqlite.py:337: in _handle_exception
    raise error
..\..\..\..\AppData\Roaming\Python\Python312\site-packages\sqlalchemy\dialects\sqlite\aiosqlite.py:159: in execute
    self.await_(_cursor.execute(operation, parameters))
..\..\..\..\AppData\Roaming\Python\Python312\site-packages\sqlalchemy\util\_concurrency_py3k.py:132: in await_only
    return current.parent.switch(awaitable)  # type: ignore[no-any-return,attr-defined] # noqa: E501
           ^^^^^^^^^^^^^^^^^^^^^^^^^^^^^^^^
..\..\..\..\AppData\Roaming\Python\Python312\site-packages\sqlalchemy\util\_concurrency_py3k.py:196: in greenlet_spawn
    value = await result
            ^^^^^^^^^^^^
..\..\..\..\AppData\Roaming\Python\Python312\site-packages\aiosqlite\cursor.py:48: in execute
    await self._execute(self._cursor.execute, sql, parameters)
..\..\..\..\AppData\Roaming\Python\Python312\site-packages\aiosqlite\cursor.py:40: in _execute
    return await self._conn._execute(fn, *args, **kwargs)
           ^^^^^^^^^^^^^^^^^^^^^^^^^^^^^^^^^^^^^^^^^^^^^^
..\..\..\..\AppData\Roaming\Python\Python312\site-packages\aiosqlite\core.py:133: in _execute
    return await future
           ^^^^^^^^^^^^
..\..\..\..\AppData\Roaming\Python\Python312\site-packages\aiosqlite\core.py:106: in run
    result = function()
             ^^^^^^^^^^
E   sqlite3.OperationalError: no such table: auth_audit_logs

The above exception was the direct cause of the following exception:
auth_service\tests\unit\test_database_models_comprehensive.py:366: in setup_method
    await session.execute(text("DELETE FROM auth_audit_logs WHERE event_type LIKE 'test_%'"))
..\..\..\..\AppData\Roaming\Python\Python312\site-packages\sqlalchemy\ext\asyncio\session.py:463: in execute
    result = await greenlet_spawn(
..\..\..\..\AppData\Roaming\Python\Python312\site-packages\sqlalchemy\util\_concurrency_py3k.py:201: in greenlet_spawn
    result = context.throw(*sys.exc_info())
             ^^^^^^^^^^^^^^^^^^^^^^^^^^^^^^
..\..\..\..\AppData\Roaming\Python\Python312\site-packages\sqlalchemy\orm\session.py:2365: in execute
    return self._execute_internal(
..\..\..\..\AppData\Roaming\Python\Python312\site-packages\sqlalchemy\orm\session.py:2260: in _execute_internal
    result = conn.execute(
..\..\..\..\AppData\Roaming\Python\Python312\site-packages\sqlalchemy\engine\base.py:1419: in execute
    return meth(
..\..\..\..\AppData\Roaming\Python\Python312\site-packages\sqlalchemy\sql\elements.py:526: in _execute_on_connection
    return connection._execute_clauseelement(
..\..\..\..\AppData\Roaming\Python\Python312\site-packages\sqlalchemy\engine\base.py:1641: in _execute_clauseelement
    ret = self._execute_context(
..\..\..\..\AppData\Roaming\Python\Python312\site-packages\sqlalchemy\engine\base.py:1846: in _execute_context
    return self._exec_single_context(
..\..\..\..\AppData\Roaming\Python\Python312\site-packages\sqlalchemy\engine\base.py:1986: in _exec_single_context
    self._handle_dbapi_exception(
..\..\..\..\AppData\Roaming\Python\Python312\site-packages\sqlalchemy\engine\base.py:2355: in _handle_dbapi_exception
    raise sqlalchemy_exception.with_traceback(exc_info[2]) from e
..\..\..\..\AppData\Roaming\Python\Python312\site-packages\sqlalchemy\engine\base.py:1967: in _exec_single_context
    self.dialect.do_execute(
..\..\..\..\AppData\Roaming\Python\Python312\site-packages\sqlalchemy\engine\default.py:951: in do_execute
    cursor.execute(statement, parameters)
..\..\..\..\AppData\Roaming\Python\Python312\site-packages\sqlalchemy\dialects\sqlite\aiosqlite.py:177: in execute
    self._adapt_connection._handle_exception(error)
..\..\..\..\AppData\Roaming\Python\Python312\site-packages\sqlalchemy\dialects\sqlite\aiosqlite.py:337: in _handle_exception
    raise error
..\..\..\..\AppData\Roaming\Python\Python312\site-packages\sqlalchemy\dialects\sqlite\aiosqlite.py:159: in execute
    self.await_(_cursor.execute(operation, parameters))
..\..\..\..\AppData\Roaming\Python\Python312\site-packages\sqlalchemy\util\_concurrency_py3k.py:132: in await_only
    return current.parent.switch(awaitable)  # type: ignore[no-any-return,attr-defined] # noqa: E501
           ^^^^^^^^^^^^^^^^^^^^^^^^^^^^^^^^
..\..\..\..\AppData\Roaming\Python\Python312\site-packages\sqlalchemy\util\_concurrency_py3k.py:196: in greenlet_spawn
    value = await result
            ^^^^^^^^^^^^
..\..\..\..\AppData\Roaming\Python\Python312\site-packages\aiosqlite\cursor.py:48: in execute
    await self._execute(self._cursor.execute, sql, parameters)
..\..\..\..\AppData\Roaming\Python\Python312\site-packages\aiosqlite\cursor.py:40: in _execute
    return await self._conn._execute(fn, *args, **kwargs)
           ^^^^^^^^^^^^^^^^^^^^^^^^^^^^^^^^^^^^^^^^^^^^^^
..\..\..\..\AppData\Roaming\Python\Python312\site-packages\aiosqlite\core.py:133: in _execute
    return await future
           ^^^^^^^^^^^^
..\..\..\..\AppData\Roaming\Python\Python312\site-packages\aiosqlite\core.py:106: in run
    result = function()
             ^^^^^^^^^^
E   sqlalchemy.exc.OperationalError: (sqlite3.OperationalError) no such table: auth_audit_logs
E   [SQL: DELETE FROM auth_audit_logs WHERE event_type LIKE 'test_%']
E   (Background on this error at: https://sqlalche.me/e/20/e3q8)</error></testcase><testcase classname="tests.unit.test_database_models_comprehensive.TestAuthAuditLogModel" name="test_auth_audit_log_failure_case" time="0.013"><error message="failed on setup with &quot;sqlalchemy.exc.OperationalError: (sqlite3.OperationalError) no such table: auth_audit_logs&#10;[SQL: DELETE FROM auth_audit_logs WHERE event_type LIKE 'test_%']&#10;(Background on this error at: https://sqlalche.me/e/20/e3q8)&quot;">..\..\..\..\AppData\Roaming\Python\Python312\site-packages\sqlalchemy\engine\base.py:1967: in _exec_single_context
    self.dialect.do_execute(
..\..\..\..\AppData\Roaming\Python\Python312\site-packages\sqlalchemy\engine\default.py:951: in do_execute
    cursor.execute(statement, parameters)
..\..\..\..\AppData\Roaming\Python\Python312\site-packages\sqlalchemy\dialects\sqlite\aiosqlite.py:177: in execute
    self._adapt_connection._handle_exception(error)
..\..\..\..\AppData\Roaming\Python\Python312\site-packages\sqlalchemy\dialects\sqlite\aiosqlite.py:337: in _handle_exception
    raise error
..\..\..\..\AppData\Roaming\Python\Python312\site-packages\sqlalchemy\dialects\sqlite\aiosqlite.py:159: in execute
    self.await_(_cursor.execute(operation, parameters))
..\..\..\..\AppData\Roaming\Python\Python312\site-packages\sqlalchemy\util\_concurrency_py3k.py:132: in await_only
    return current.parent.switch(awaitable)  # type: ignore[no-any-return,attr-defined] # noqa: E501
           ^^^^^^^^^^^^^^^^^^^^^^^^^^^^^^^^
..\..\..\..\AppData\Roaming\Python\Python312\site-packages\sqlalchemy\util\_concurrency_py3k.py:196: in greenlet_spawn
    value = await result
            ^^^^^^^^^^^^
..\..\..\..\AppData\Roaming\Python\Python312\site-packages\aiosqlite\cursor.py:48: in execute
    await self._execute(self._cursor.execute, sql, parameters)
..\..\..\..\AppData\Roaming\Python\Python312\site-packages\aiosqlite\cursor.py:40: in _execute
    return await self._conn._execute(fn, *args, **kwargs)
           ^^^^^^^^^^^^^^^^^^^^^^^^^^^^^^^^^^^^^^^^^^^^^^
..\..\..\..\AppData\Roaming\Python\Python312\site-packages\aiosqlite\core.py:133: in _execute
    return await future
           ^^^^^^^^^^^^
..\..\..\..\AppData\Roaming\Python\Python312\site-packages\aiosqlite\core.py:106: in run
    result = function()
             ^^^^^^^^^^
E   sqlite3.OperationalError: no such table: auth_audit_logs

The above exception was the direct cause of the following exception:
auth_service\tests\unit\test_database_models_comprehensive.py:366: in setup_method
    await session.execute(text("DELETE FROM auth_audit_logs WHERE event_type LIKE 'test_%'"))
..\..\..\..\AppData\Roaming\Python\Python312\site-packages\sqlalchemy\ext\asyncio\session.py:463: in execute
    result = await greenlet_spawn(
..\..\..\..\AppData\Roaming\Python\Python312\site-packages\sqlalchemy\util\_concurrency_py3k.py:201: in greenlet_spawn
    result = context.throw(*sys.exc_info())
             ^^^^^^^^^^^^^^^^^^^^^^^^^^^^^^
..\..\..\..\AppData\Roaming\Python\Python312\site-packages\sqlalchemy\orm\session.py:2365: in execute
    return self._execute_internal(
..\..\..\..\AppData\Roaming\Python\Python312\site-packages\sqlalchemy\orm\session.py:2260: in _execute_internal
    result = conn.execute(
..\..\..\..\AppData\Roaming\Python\Python312\site-packages\sqlalchemy\engine\base.py:1419: in execute
    return meth(
..\..\..\..\AppData\Roaming\Python\Python312\site-packages\sqlalchemy\sql\elements.py:526: in _execute_on_connection
    return connection._execute_clauseelement(
..\..\..\..\AppData\Roaming\Python\Python312\site-packages\sqlalchemy\engine\base.py:1641: in _execute_clauseelement
    ret = self._execute_context(
..\..\..\..\AppData\Roaming\Python\Python312\site-packages\sqlalchemy\engine\base.py:1846: in _execute_context
    return self._exec_single_context(
..\..\..\..\AppData\Roaming\Python\Python312\site-packages\sqlalchemy\engine\base.py:1986: in _exec_single_context
    self._handle_dbapi_exception(
..\..\..\..\AppData\Roaming\Python\Python312\site-packages\sqlalchemy\engine\base.py:2355: in _handle_dbapi_exception
    raise sqlalchemy_exception.with_traceback(exc_info[2]) from e
..\..\..\..\AppData\Roaming\Python\Python312\site-packages\sqlalchemy\engine\base.py:1967: in _exec_single_context
    self.dialect.do_execute(
..\..\..\..\AppData\Roaming\Python\Python312\site-packages\sqlalchemy\engine\default.py:951: in do_execute
    cursor.execute(statement, parameters)
..\..\..\..\AppData\Roaming\Python\Python312\site-packages\sqlalchemy\dialects\sqlite\aiosqlite.py:177: in execute
    self._adapt_connection._handle_exception(error)
..\..\..\..\AppData\Roaming\Python\Python312\site-packages\sqlalchemy\dialects\sqlite\aiosqlite.py:337: in _handle_exception
    raise error
..\..\..\..\AppData\Roaming\Python\Python312\site-packages\sqlalchemy\dialects\sqlite\aiosqlite.py:159: in execute
    self.await_(_cursor.execute(operation, parameters))
..\..\..\..\AppData\Roaming\Python\Python312\site-packages\sqlalchemy\util\_concurrency_py3k.py:132: in await_only
    return current.parent.switch(awaitable)  # type: ignore[no-any-return,attr-defined] # noqa: E501
           ^^^^^^^^^^^^^^^^^^^^^^^^^^^^^^^^
..\..\..\..\AppData\Roaming\Python\Python312\site-packages\sqlalchemy\util\_concurrency_py3k.py:196: in greenlet_spawn
    value = await result
            ^^^^^^^^^^^^
..\..\..\..\AppData\Roaming\Python\Python312\site-packages\aiosqlite\cursor.py:48: in execute
    await self._execute(self._cursor.execute, sql, parameters)
..\..\..\..\AppData\Roaming\Python\Python312\site-packages\aiosqlite\cursor.py:40: in _execute
    return await self._conn._execute(fn, *args, **kwargs)
           ^^^^^^^^^^^^^^^^^^^^^^^^^^^^^^^^^^^^^^^^^^^^^^
..\..\..\..\AppData\Roaming\Python\Python312\site-packages\aiosqlite\core.py:133: in _execute
    return await future
           ^^^^^^^^^^^^
..\..\..\..\AppData\Roaming\Python\Python312\site-packages\aiosqlite\core.py:106: in run
    result = function()
             ^^^^^^^^^^
E   sqlalchemy.exc.OperationalError: (sqlite3.OperationalError) no such table: auth_audit_logs
E   [SQL: DELETE FROM auth_audit_logs WHERE event_type LIKE 'test_%']
E   (Background on this error at: https://sqlalche.me/e/20/e3q8)</error></testcase><testcase classname="tests.unit.test_database_models_comprehensive.TestAuthAuditLogModel" name="test_auth_audit_log_without_user" time="0.011"><error message="failed on setup with &quot;sqlalchemy.exc.OperationalError: (sqlite3.OperationalError) no such table: auth_audit_logs&#10;[SQL: DELETE FROM auth_audit_logs WHERE event_type LIKE 'test_%']&#10;(Background on this error at: https://sqlalche.me/e/20/e3q8)&quot;">..\..\..\..\AppData\Roaming\Python\Python312\site-packages\sqlalchemy\engine\base.py:1967: in _exec_single_context
    self.dialect.do_execute(
..\..\..\..\AppData\Roaming\Python\Python312\site-packages\sqlalchemy\engine\default.py:951: in do_execute
    cursor.execute(statement, parameters)
..\..\..\..\AppData\Roaming\Python\Python312\site-packages\sqlalchemy\dialects\sqlite\aiosqlite.py:177: in execute
    self._adapt_connection._handle_exception(error)
..\..\..\..\AppData\Roaming\Python\Python312\site-packages\sqlalchemy\dialects\sqlite\aiosqlite.py:337: in _handle_exception
    raise error
..\..\..\..\AppData\Roaming\Python\Python312\site-packages\sqlalchemy\dialects\sqlite\aiosqlite.py:159: in execute
    self.await_(_cursor.execute(operation, parameters))
..\..\..\..\AppData\Roaming\Python\Python312\site-packages\sqlalchemy\util\_concurrency_py3k.py:132: in await_only
    return current.parent.switch(awaitable)  # type: ignore[no-any-return,attr-defined] # noqa: E501
           ^^^^^^^^^^^^^^^^^^^^^^^^^^^^^^^^
..\..\..\..\AppData\Roaming\Python\Python312\site-packages\sqlalchemy\util\_concurrency_py3k.py:196: in greenlet_spawn
    value = await result
            ^^^^^^^^^^^^
..\..\..\..\AppData\Roaming\Python\Python312\site-packages\aiosqlite\cursor.py:48: in execute
    await self._execute(self._cursor.execute, sql, parameters)
..\..\..\..\AppData\Roaming\Python\Python312\site-packages\aiosqlite\cursor.py:40: in _execute
    return await self._conn._execute(fn, *args, **kwargs)
           ^^^^^^^^^^^^^^^^^^^^^^^^^^^^^^^^^^^^^^^^^^^^^^
..\..\..\..\AppData\Roaming\Python\Python312\site-packages\aiosqlite\core.py:133: in _execute
    return await future
           ^^^^^^^^^^^^
..\..\..\..\AppData\Roaming\Python\Python312\site-packages\aiosqlite\core.py:106: in run
    result = function()
             ^^^^^^^^^^
E   sqlite3.OperationalError: no such table: auth_audit_logs

The above exception was the direct cause of the following exception:
auth_service\tests\unit\test_database_models_comprehensive.py:366: in setup_method
    await session.execute(text("DELETE FROM auth_audit_logs WHERE event_type LIKE 'test_%'"))
..\..\..\..\AppData\Roaming\Python\Python312\site-packages\sqlalchemy\ext\asyncio\session.py:463: in execute
    result = await greenlet_spawn(
..\..\..\..\AppData\Roaming\Python\Python312\site-packages\sqlalchemy\util\_concurrency_py3k.py:201: in greenlet_spawn
    result = context.throw(*sys.exc_info())
             ^^^^^^^^^^^^^^^^^^^^^^^^^^^^^^
..\..\..\..\AppData\Roaming\Python\Python312\site-packages\sqlalchemy\orm\session.py:2365: in execute
    return self._execute_internal(
..\..\..\..\AppData\Roaming\Python\Python312\site-packages\sqlalchemy\orm\session.py:2260: in _execute_internal
    result = conn.execute(
..\..\..\..\AppData\Roaming\Python\Python312\site-packages\sqlalchemy\engine\base.py:1419: in execute
    return meth(
..\..\..\..\AppData\Roaming\Python\Python312\site-packages\sqlalchemy\sql\elements.py:526: in _execute_on_connection
    return connection._execute_clauseelement(
..\..\..\..\AppData\Roaming\Python\Python312\site-packages\sqlalchemy\engine\base.py:1641: in _execute_clauseelement
    ret = self._execute_context(
..\..\..\..\AppData\Roaming\Python\Python312\site-packages\sqlalchemy\engine\base.py:1846: in _execute_context
    return self._exec_single_context(
..\..\..\..\AppData\Roaming\Python\Python312\site-packages\sqlalchemy\engine\base.py:1986: in _exec_single_context
    self._handle_dbapi_exception(
..\..\..\..\AppData\Roaming\Python\Python312\site-packages\sqlalchemy\engine\base.py:2355: in _handle_dbapi_exception
    raise sqlalchemy_exception.with_traceback(exc_info[2]) from e
..\..\..\..\AppData\Roaming\Python\Python312\site-packages\sqlalchemy\engine\base.py:1967: in _exec_single_context
    self.dialect.do_execute(
..\..\..\..\AppData\Roaming\Python\Python312\site-packages\sqlalchemy\engine\default.py:951: in do_execute
    cursor.execute(statement, parameters)
..\..\..\..\AppData\Roaming\Python\Python312\site-packages\sqlalchemy\dialects\sqlite\aiosqlite.py:177: in execute
    self._adapt_connection._handle_exception(error)
..\..\..\..\AppData\Roaming\Python\Python312\site-packages\sqlalchemy\dialects\sqlite\aiosqlite.py:337: in _handle_exception
    raise error
..\..\..\..\AppData\Roaming\Python\Python312\site-packages\sqlalchemy\dialects\sqlite\aiosqlite.py:159: in execute
    self.await_(_cursor.execute(operation, parameters))
..\..\..\..\AppData\Roaming\Python\Python312\site-packages\sqlalchemy\util\_concurrency_py3k.py:132: in await_only
    return current.parent.switch(awaitable)  # type: ignore[no-any-return,attr-defined] # noqa: E501
           ^^^^^^^^^^^^^^^^^^^^^^^^^^^^^^^^
..\..\..\..\AppData\Roaming\Python\Python312\site-packages\sqlalchemy\util\_concurrency_py3k.py:196: in greenlet_spawn
    value = await result
            ^^^^^^^^^^^^
..\..\..\..\AppData\Roaming\Python\Python312\site-packages\aiosqlite\cursor.py:48: in execute
    await self._execute(self._cursor.execute, sql, parameters)
..\..\..\..\AppData\Roaming\Python\Python312\site-packages\aiosqlite\cursor.py:40: in _execute
    return await self._conn._execute(fn, *args, **kwargs)
           ^^^^^^^^^^^^^^^^^^^^^^^^^^^^^^^^^^^^^^^^^^^^^^
..\..\..\..\AppData\Roaming\Python\Python312\site-packages\aiosqlite\core.py:133: in _execute
    return await future
           ^^^^^^^^^^^^
..\..\..\..\AppData\Roaming\Python\Python312\site-packages\aiosqlite\core.py:106: in run
    result = function()
             ^^^^^^^^^^
E   sqlalchemy.exc.OperationalError: (sqlite3.OperationalError) no such table: auth_audit_logs
E   [SQL: DELETE FROM auth_audit_logs WHERE event_type LIKE 'test_%']
E   (Background on this error at: https://sqlalche.me/e/20/e3q8)</error></testcase><testcase classname="tests.unit.test_database_models_comprehensive.TestAuthAuditLogModel" name="test_auth_audit_log_json_metadata" time="0.011"><error message="failed on setup with &quot;sqlalchemy.exc.OperationalError: (sqlite3.OperationalError) no such table: auth_audit_logs&#10;[SQL: DELETE FROM auth_audit_logs WHERE event_type LIKE 'test_%']&#10;(Background on this error at: https://sqlalche.me/e/20/e3q8)&quot;">..\..\..\..\AppData\Roaming\Python\Python312\site-packages\sqlalchemy\engine\base.py:1967: in _exec_single_context
    self.dialect.do_execute(
..\..\..\..\AppData\Roaming\Python\Python312\site-packages\sqlalchemy\engine\default.py:951: in do_execute
    cursor.execute(statement, parameters)
..\..\..\..\AppData\Roaming\Python\Python312\site-packages\sqlalchemy\dialects\sqlite\aiosqlite.py:177: in execute
    self._adapt_connection._handle_exception(error)
..\..\..\..\AppData\Roaming\Python\Python312\site-packages\sqlalchemy\dialects\sqlite\aiosqlite.py:337: in _handle_exception
    raise error
..\..\..\..\AppData\Roaming\Python\Python312\site-packages\sqlalchemy\dialects\sqlite\aiosqlite.py:159: in execute
    self.await_(_cursor.execute(operation, parameters))
..\..\..\..\AppData\Roaming\Python\Python312\site-packages\sqlalchemy\util\_concurrency_py3k.py:132: in await_only
    return current.parent.switch(awaitable)  # type: ignore[no-any-return,attr-defined] # noqa: E501
           ^^^^^^^^^^^^^^^^^^^^^^^^^^^^^^^^
..\..\..\..\AppData\Roaming\Python\Python312\site-packages\sqlalchemy\util\_concurrency_py3k.py:196: in greenlet_spawn
    value = await result
            ^^^^^^^^^^^^
..\..\..\..\AppData\Roaming\Python\Python312\site-packages\aiosqlite\cursor.py:48: in execute
    await self._execute(self._cursor.execute, sql, parameters)
..\..\..\..\AppData\Roaming\Python\Python312\site-packages\aiosqlite\cursor.py:40: in _execute
    return await self._conn._execute(fn, *args, **kwargs)
           ^^^^^^^^^^^^^^^^^^^^^^^^^^^^^^^^^^^^^^^^^^^^^^
..\..\..\..\AppData\Roaming\Python\Python312\site-packages\aiosqlite\core.py:133: in _execute
    return await future
           ^^^^^^^^^^^^
..\..\..\..\AppData\Roaming\Python\Python312\site-packages\aiosqlite\core.py:106: in run
    result = function()
             ^^^^^^^^^^
E   sqlite3.OperationalError: no such table: auth_audit_logs

The above exception was the direct cause of the following exception:
auth_service\tests\unit\test_database_models_comprehensive.py:366: in setup_method
    await session.execute(text("DELETE FROM auth_audit_logs WHERE event_type LIKE 'test_%'"))
..\..\..\..\AppData\Roaming\Python\Python312\site-packages\sqlalchemy\ext\asyncio\session.py:463: in execute
    result = await greenlet_spawn(
..\..\..\..\AppData\Roaming\Python\Python312\site-packages\sqlalchemy\util\_concurrency_py3k.py:201: in greenlet_spawn
    result = context.throw(*sys.exc_info())
             ^^^^^^^^^^^^^^^^^^^^^^^^^^^^^^
..\..\..\..\AppData\Roaming\Python\Python312\site-packages\sqlalchemy\orm\session.py:2365: in execute
    return self._execute_internal(
..\..\..\..\AppData\Roaming\Python\Python312\site-packages\sqlalchemy\orm\session.py:2260: in _execute_internal
    result = conn.execute(
..\..\..\..\AppData\Roaming\Python\Python312\site-packages\sqlalchemy\engine\base.py:1419: in execute
    return meth(
..\..\..\..\AppData\Roaming\Python\Python312\site-packages\sqlalchemy\sql\elements.py:526: in _execute_on_connection
    return connection._execute_clauseelement(
..\..\..\..\AppData\Roaming\Python\Python312\site-packages\sqlalchemy\engine\base.py:1641: in _execute_clauseelement
    ret = self._execute_context(
..\..\..\..\AppData\Roaming\Python\Python312\site-packages\sqlalchemy\engine\base.py:1846: in _execute_context
    return self._exec_single_context(
..\..\..\..\AppData\Roaming\Python\Python312\site-packages\sqlalchemy\engine\base.py:1986: in _exec_single_context
    self._handle_dbapi_exception(
..\..\..\..\AppData\Roaming\Python\Python312\site-packages\sqlalchemy\engine\base.py:2355: in _handle_dbapi_exception
    raise sqlalchemy_exception.with_traceback(exc_info[2]) from e
..\..\..\..\AppData\Roaming\Python\Python312\site-packages\sqlalchemy\engine\base.py:1967: in _exec_single_context
    self.dialect.do_execute(
..\..\..\..\AppData\Roaming\Python\Python312\site-packages\sqlalchemy\engine\default.py:951: in do_execute
    cursor.execute(statement, parameters)
..\..\..\..\AppData\Roaming\Python\Python312\site-packages\sqlalchemy\dialects\sqlite\aiosqlite.py:177: in execute
    self._adapt_connection._handle_exception(error)
..\..\..\..\AppData\Roaming\Python\Python312\site-packages\sqlalchemy\dialects\sqlite\aiosqlite.py:337: in _handle_exception
    raise error
..\..\..\..\AppData\Roaming\Python\Python312\site-packages\sqlalchemy\dialects\sqlite\aiosqlite.py:159: in execute
    self.await_(_cursor.execute(operation, parameters))
..\..\..\..\AppData\Roaming\Python\Python312\site-packages\sqlalchemy\util\_concurrency_py3k.py:132: in await_only
    return current.parent.switch(awaitable)  # type: ignore[no-any-return,attr-defined] # noqa: E501
           ^^^^^^^^^^^^^^^^^^^^^^^^^^^^^^^^
..\..\..\..\AppData\Roaming\Python\Python312\site-packages\sqlalchemy\util\_concurrency_py3k.py:196: in greenlet_spawn
    value = await result
            ^^^^^^^^^^^^
..\..\..\..\AppData\Roaming\Python\Python312\site-packages\aiosqlite\cursor.py:48: in execute
    await self._execute(self._cursor.execute, sql, parameters)
..\..\..\..\AppData\Roaming\Python\Python312\site-packages\aiosqlite\cursor.py:40: in _execute
    return await self._conn._execute(fn, *args, **kwargs)
           ^^^^^^^^^^^^^^^^^^^^^^^^^^^^^^^^^^^^^^^^^^^^^^
..\..\..\..\AppData\Roaming\Python\Python312\site-packages\aiosqlite\core.py:133: in _execute
    return await future
           ^^^^^^^^^^^^
..\..\..\..\AppData\Roaming\Python\Python312\site-packages\aiosqlite\core.py:106: in run
    result = function()
             ^^^^^^^^^^
E   sqlalchemy.exc.OperationalError: (sqlite3.OperationalError) no such table: auth_audit_logs
E   [SQL: DELETE FROM auth_audit_logs WHERE event_type LIKE 'test_%']
E   (Background on this error at: https://sqlalche.me/e/20/e3q8)</error></testcase><testcase classname="tests.unit.test_database_models_comprehensive.TestPasswordResetTokenModel" name="test_password_reset_token_creation" time="0.009"><error message="failed on setup with &quot;sqlalchemy.exc.OperationalError: (sqlite3.OperationalError) no such table: password_reset_tokens&#10;[SQL: DELETE FROM password_reset_tokens WHERE email LIKE 'reset_%@example.com']&#10;(Background on this error at: https://sqlalche.me/e/20/e3q8)&quot;">..\..\..\..\AppData\Roaming\Python\Python312\site-packages\sqlalchemy\engine\base.py:1967: in _exec_single_context
    self.dialect.do_execute(
..\..\..\..\AppData\Roaming\Python\Python312\site-packages\sqlalchemy\engine\default.py:951: in do_execute
    cursor.execute(statement, parameters)
..\..\..\..\AppData\Roaming\Python\Python312\site-packages\sqlalchemy\dialects\sqlite\aiosqlite.py:177: in execute
    self._adapt_connection._handle_exception(error)
..\..\..\..\AppData\Roaming\Python\Python312\site-packages\sqlalchemy\dialects\sqlite\aiosqlite.py:337: in _handle_exception
    raise error
..\..\..\..\AppData\Roaming\Python\Python312\site-packages\sqlalchemy\dialects\sqlite\aiosqlite.py:159: in execute
    self.await_(_cursor.execute(operation, parameters))
..\..\..\..\AppData\Roaming\Python\Python312\site-packages\sqlalchemy\util\_concurrency_py3k.py:132: in await_only
    return current.parent.switch(awaitable)  # type: ignore[no-any-return,attr-defined] # noqa: E501
           ^^^^^^^^^^^^^^^^^^^^^^^^^^^^^^^^
..\..\..\..\AppData\Roaming\Python\Python312\site-packages\sqlalchemy\util\_concurrency_py3k.py:196: in greenlet_spawn
    value = await result
            ^^^^^^^^^^^^
..\..\..\..\AppData\Roaming\Python\Python312\site-packages\aiosqlite\cursor.py:48: in execute
    await self._execute(self._cursor.execute, sql, parameters)
..\..\..\..\AppData\Roaming\Python\Python312\site-packages\aiosqlite\cursor.py:40: in _execute
    return await self._conn._execute(fn, *args, **kwargs)
           ^^^^^^^^^^^^^^^^^^^^^^^^^^^^^^^^^^^^^^^^^^^^^^
..\..\..\..\AppData\Roaming\Python\Python312\site-packages\aiosqlite\core.py:133: in _execute
    return await future
           ^^^^^^^^^^^^
..\..\..\..\AppData\Roaming\Python\Python312\site-packages\aiosqlite\core.py:106: in run
    result = function()
             ^^^^^^^^^^
E   sqlite3.OperationalError: no such table: password_reset_tokens

The above exception was the direct cause of the following exception:
auth_service\tests\unit\test_database_models_comprehensive.py:492: in setup_method
    await session.execute(text("DELETE FROM password_reset_tokens WHERE email LIKE 'reset_%@example.com'"))
..\..\..\..\AppData\Roaming\Python\Python312\site-packages\sqlalchemy\ext\asyncio\session.py:463: in execute
    result = await greenlet_spawn(
..\..\..\..\AppData\Roaming\Python\Python312\site-packages\sqlalchemy\util\_concurrency_py3k.py:201: in greenlet_spawn
    result = context.throw(*sys.exc_info())
             ^^^^^^^^^^^^^^^^^^^^^^^^^^^^^^
..\..\..\..\AppData\Roaming\Python\Python312\site-packages\sqlalchemy\orm\session.py:2365: in execute
    return self._execute_internal(
..\..\..\..\AppData\Roaming\Python\Python312\site-packages\sqlalchemy\orm\session.py:2260: in _execute_internal
    result = conn.execute(
..\..\..\..\AppData\Roaming\Python\Python312\site-packages\sqlalchemy\engine\base.py:1419: in execute
    return meth(
..\..\..\..\AppData\Roaming\Python\Python312\site-packages\sqlalchemy\sql\elements.py:526: in _execute_on_connection
    return connection._execute_clauseelement(
..\..\..\..\AppData\Roaming\Python\Python312\site-packages\sqlalchemy\engine\base.py:1641: in _execute_clauseelement
    ret = self._execute_context(
..\..\..\..\AppData\Roaming\Python\Python312\site-packages\sqlalchemy\engine\base.py:1846: in _execute_context
    return self._exec_single_context(
..\..\..\..\AppData\Roaming\Python\Python312\site-packages\sqlalchemy\engine\base.py:1986: in _exec_single_context
    self._handle_dbapi_exception(
..\..\..\..\AppData\Roaming\Python\Python312\site-packages\sqlalchemy\engine\base.py:2355: in _handle_dbapi_exception
    raise sqlalchemy_exception.with_traceback(exc_info[2]) from e
..\..\..\..\AppData\Roaming\Python\Python312\site-packages\sqlalchemy\engine\base.py:1967: in _exec_single_context
    self.dialect.do_execute(
..\..\..\..\AppData\Roaming\Python\Python312\site-packages\sqlalchemy\engine\default.py:951: in do_execute
    cursor.execute(statement, parameters)
..\..\..\..\AppData\Roaming\Python\Python312\site-packages\sqlalchemy\dialects\sqlite\aiosqlite.py:177: in execute
    self._adapt_connection._handle_exception(error)
..\..\..\..\AppData\Roaming\Python\Python312\site-packages\sqlalchemy\dialects\sqlite\aiosqlite.py:337: in _handle_exception
    raise error
..\..\..\..\AppData\Roaming\Python\Python312\site-packages\sqlalchemy\dialects\sqlite\aiosqlite.py:159: in execute
    self.await_(_cursor.execute(operation, parameters))
..\..\..\..\AppData\Roaming\Python\Python312\site-packages\sqlalchemy\util\_concurrency_py3k.py:132: in await_only
    return current.parent.switch(awaitable)  # type: ignore[no-any-return,attr-defined] # noqa: E501
           ^^^^^^^^^^^^^^^^^^^^^^^^^^^^^^^^
..\..\..\..\AppData\Roaming\Python\Python312\site-packages\sqlalchemy\util\_concurrency_py3k.py:196: in greenlet_spawn
    value = await result
            ^^^^^^^^^^^^
..\..\..\..\AppData\Roaming\Python\Python312\site-packages\aiosqlite\cursor.py:48: in execute
    await self._execute(self._cursor.execute, sql, parameters)
..\..\..\..\AppData\Roaming\Python\Python312\site-packages\aiosqlite\cursor.py:40: in _execute
    return await self._conn._execute(fn, *args, **kwargs)
           ^^^^^^^^^^^^^^^^^^^^^^^^^^^^^^^^^^^^^^^^^^^^^^
..\..\..\..\AppData\Roaming\Python\Python312\site-packages\aiosqlite\core.py:133: in _execute
    return await future
           ^^^^^^^^^^^^
..\..\..\..\AppData\Roaming\Python\Python312\site-packages\aiosqlite\core.py:106: in run
    result = function()
             ^^^^^^^^^^
E   sqlalchemy.exc.OperationalError: (sqlite3.OperationalError) no such table: password_reset_tokens
E   [SQL: DELETE FROM password_reset_tokens WHERE email LIKE 'reset_%@example.com']
E   (Background on this error at: https://sqlalche.me/e/20/e3q8)</error></testcase><testcase classname="tests.unit.test_database_models_comprehensive.TestPasswordResetTokenModel" name="test_password_reset_token_defaults" time="0.008"><error message="failed on setup with &quot;sqlalchemy.exc.OperationalError: (sqlite3.OperationalError) no such table: password_reset_tokens&#10;[SQL: DELETE FROM password_reset_tokens WHERE email LIKE 'reset_%@example.com']&#10;(Background on this error at: https://sqlalche.me/e/20/e3q8)&quot;">..\..\..\..\AppData\Roaming\Python\Python312\site-packages\sqlalchemy\engine\base.py:1967: in _exec_single_context
    self.dialect.do_execute(
..\..\..\..\AppData\Roaming\Python\Python312\site-packages\sqlalchemy\engine\default.py:951: in do_execute
    cursor.execute(statement, parameters)
..\..\..\..\AppData\Roaming\Python\Python312\site-packages\sqlalchemy\dialects\sqlite\aiosqlite.py:177: in execute
    self._adapt_connection._handle_exception(error)
..\..\..\..\AppData\Roaming\Python\Python312\site-packages\sqlalchemy\dialects\sqlite\aiosqlite.py:337: in _handle_exception
    raise error
..\..\..\..\AppData\Roaming\Python\Python312\site-packages\sqlalchemy\dialects\sqlite\aiosqlite.py:159: in execute
    self.await_(_cursor.execute(operation, parameters))
..\..\..\..\AppData\Roaming\Python\Python312\site-packages\sqlalchemy\util\_concurrency_py3k.py:132: in await_only
    return current.parent.switch(awaitable)  # type: ignore[no-any-return,attr-defined] # noqa: E501
           ^^^^^^^^^^^^^^^^^^^^^^^^^^^^^^^^
..\..\..\..\AppData\Roaming\Python\Python312\site-packages\sqlalchemy\util\_concurrency_py3k.py:196: in greenlet_spawn
    value = await result
            ^^^^^^^^^^^^
..\..\..\..\AppData\Roaming\Python\Python312\site-packages\aiosqlite\cursor.py:48: in execute
    await self._execute(self._cursor.execute, sql, parameters)
..\..\..\..\AppData\Roaming\Python\Python312\site-packages\aiosqlite\cursor.py:40: in _execute
    return await self._conn._execute(fn, *args, **kwargs)
           ^^^^^^^^^^^^^^^^^^^^^^^^^^^^^^^^^^^^^^^^^^^^^^
..\..\..\..\AppData\Roaming\Python\Python312\site-packages\aiosqlite\core.py:133: in _execute
    return await future
           ^^^^^^^^^^^^
..\..\..\..\AppData\Roaming\Python\Python312\site-packages\aiosqlite\core.py:106: in run
    result = function()
             ^^^^^^^^^^
E   sqlite3.OperationalError: no such table: password_reset_tokens

The above exception was the direct cause of the following exception:
auth_service\tests\unit\test_database_models_comprehensive.py:492: in setup_method
    await session.execute(text("DELETE FROM password_reset_tokens WHERE email LIKE 'reset_%@example.com'"))
..\..\..\..\AppData\Roaming\Python\Python312\site-packages\sqlalchemy\ext\asyncio\session.py:463: in execute
    result = await greenlet_spawn(
..\..\..\..\AppData\Roaming\Python\Python312\site-packages\sqlalchemy\util\_concurrency_py3k.py:201: in greenlet_spawn
    result = context.throw(*sys.exc_info())
             ^^^^^^^^^^^^^^^^^^^^^^^^^^^^^^
..\..\..\..\AppData\Roaming\Python\Python312\site-packages\sqlalchemy\orm\session.py:2365: in execute
    return self._execute_internal(
..\..\..\..\AppData\Roaming\Python\Python312\site-packages\sqlalchemy\orm\session.py:2260: in _execute_internal
    result = conn.execute(
..\..\..\..\AppData\Roaming\Python\Python312\site-packages\sqlalchemy\engine\base.py:1419: in execute
    return meth(
..\..\..\..\AppData\Roaming\Python\Python312\site-packages\sqlalchemy\sql\elements.py:526: in _execute_on_connection
    return connection._execute_clauseelement(
..\..\..\..\AppData\Roaming\Python\Python312\site-packages\sqlalchemy\engine\base.py:1641: in _execute_clauseelement
    ret = self._execute_context(
..\..\..\..\AppData\Roaming\Python\Python312\site-packages\sqlalchemy\engine\base.py:1846: in _execute_context
    return self._exec_single_context(
..\..\..\..\AppData\Roaming\Python\Python312\site-packages\sqlalchemy\engine\base.py:1986: in _exec_single_context
    self._handle_dbapi_exception(
..\..\..\..\AppData\Roaming\Python\Python312\site-packages\sqlalchemy\engine\base.py:2355: in _handle_dbapi_exception
    raise sqlalchemy_exception.with_traceback(exc_info[2]) from e
..\..\..\..\AppData\Roaming\Python\Python312\site-packages\sqlalchemy\engine\base.py:1967: in _exec_single_context
    self.dialect.do_execute(
..\..\..\..\AppData\Roaming\Python\Python312\site-packages\sqlalchemy\engine\default.py:951: in do_execute
    cursor.execute(statement, parameters)
..\..\..\..\AppData\Roaming\Python\Python312\site-packages\sqlalchemy\dialects\sqlite\aiosqlite.py:177: in execute
    self._adapt_connection._handle_exception(error)
..\..\..\..\AppData\Roaming\Python\Python312\site-packages\sqlalchemy\dialects\sqlite\aiosqlite.py:337: in _handle_exception
    raise error
..\..\..\..\AppData\Roaming\Python\Python312\site-packages\sqlalchemy\dialects\sqlite\aiosqlite.py:159: in execute
    self.await_(_cursor.execute(operation, parameters))
..\..\..\..\AppData\Roaming\Python\Python312\site-packages\sqlalchemy\util\_concurrency_py3k.py:132: in await_only
    return current.parent.switch(awaitable)  # type: ignore[no-any-return,attr-defined] # noqa: E501
           ^^^^^^^^^^^^^^^^^^^^^^^^^^^^^^^^
..\..\..\..\AppData\Roaming\Python\Python312\site-packages\sqlalchemy\util\_concurrency_py3k.py:196: in greenlet_spawn
    value = await result
            ^^^^^^^^^^^^
..\..\..\..\AppData\Roaming\Python\Python312\site-packages\aiosqlite\cursor.py:48: in execute
    await self._execute(self._cursor.execute, sql, parameters)
..\..\..\..\AppData\Roaming\Python\Python312\site-packages\aiosqlite\cursor.py:40: in _execute
    return await self._conn._execute(fn, *args, **kwargs)
           ^^^^^^^^^^^^^^^^^^^^^^^^^^^^^^^^^^^^^^^^^^^^^^
..\..\..\..\AppData\Roaming\Python\Python312\site-packages\aiosqlite\core.py:133: in _execute
    return await future
           ^^^^^^^^^^^^
..\..\..\..\AppData\Roaming\Python\Python312\site-packages\aiosqlite\core.py:106: in run
    result = function()
             ^^^^^^^^^^
E   sqlalchemy.exc.OperationalError: (sqlite3.OperationalError) no such table: password_reset_tokens
E   [SQL: DELETE FROM password_reset_tokens WHERE email LIKE 'reset_%@example.com']
E   (Background on this error at: https://sqlalche.me/e/20/e3q8)</error></testcase><testcase classname="tests.unit.test_database_models_comprehensive.TestPasswordResetTokenModel" name="test_password_reset_token_usage" time="0.010"><error message="failed on setup with &quot;sqlalchemy.exc.OperationalError: (sqlite3.OperationalError) no such table: password_reset_tokens&#10;[SQL: DELETE FROM password_reset_tokens WHERE email LIKE 'reset_%@example.com']&#10;(Background on this error at: https://sqlalche.me/e/20/e3q8)&quot;">..\..\..\..\AppData\Roaming\Python\Python312\site-packages\sqlalchemy\engine\base.py:1967: in _exec_single_context
    self.dialect.do_execute(
..\..\..\..\AppData\Roaming\Python\Python312\site-packages\sqlalchemy\engine\default.py:951: in do_execute
    cursor.execute(statement, parameters)
..\..\..\..\AppData\Roaming\Python\Python312\site-packages\sqlalchemy\dialects\sqlite\aiosqlite.py:177: in execute
    self._adapt_connection._handle_exception(error)
..\..\..\..\AppData\Roaming\Python\Python312\site-packages\sqlalchemy\dialects\sqlite\aiosqlite.py:337: in _handle_exception
    raise error
..\..\..\..\AppData\Roaming\Python\Python312\site-packages\sqlalchemy\dialects\sqlite\aiosqlite.py:159: in execute
    self.await_(_cursor.execute(operation, parameters))
..\..\..\..\AppData\Roaming\Python\Python312\site-packages\sqlalchemy\util\_concurrency_py3k.py:132: in await_only
    return current.parent.switch(awaitable)  # type: ignore[no-any-return,attr-defined] # noqa: E501
           ^^^^^^^^^^^^^^^^^^^^^^^^^^^^^^^^
..\..\..\..\AppData\Roaming\Python\Python312\site-packages\sqlalchemy\util\_concurrency_py3k.py:196: in greenlet_spawn
    value = await result
            ^^^^^^^^^^^^
..\..\..\..\AppData\Roaming\Python\Python312\site-packages\aiosqlite\cursor.py:48: in execute
    await self._execute(self._cursor.execute, sql, parameters)
..\..\..\..\AppData\Roaming\Python\Python312\site-packages\aiosqlite\cursor.py:40: in _execute
    return await self._conn._execute(fn, *args, **kwargs)
           ^^^^^^^^^^^^^^^^^^^^^^^^^^^^^^^^^^^^^^^^^^^^^^
..\..\..\..\AppData\Roaming\Python\Python312\site-packages\aiosqlite\core.py:133: in _execute
    return await future
           ^^^^^^^^^^^^
..\..\..\..\AppData\Roaming\Python\Python312\site-packages\aiosqlite\core.py:106: in run
    result = function()
             ^^^^^^^^^^
E   sqlite3.OperationalError: no such table: password_reset_tokens

The above exception was the direct cause of the following exception:
auth_service\tests\unit\test_database_models_comprehensive.py:492: in setup_method
    await session.execute(text("DELETE FROM password_reset_tokens WHERE email LIKE 'reset_%@example.com'"))
..\..\..\..\AppData\Roaming\Python\Python312\site-packages\sqlalchemy\ext\asyncio\session.py:463: in execute
    result = await greenlet_spawn(
..\..\..\..\AppData\Roaming\Python\Python312\site-packages\sqlalchemy\util\_concurrency_py3k.py:201: in greenlet_spawn
    result = context.throw(*sys.exc_info())
             ^^^^^^^^^^^^^^^^^^^^^^^^^^^^^^
..\..\..\..\AppData\Roaming\Python\Python312\site-packages\sqlalchemy\orm\session.py:2365: in execute
    return self._execute_internal(
..\..\..\..\AppData\Roaming\Python\Python312\site-packages\sqlalchemy\orm\session.py:2260: in _execute_internal
    result = conn.execute(
..\..\..\..\AppData\Roaming\Python\Python312\site-packages\sqlalchemy\engine\base.py:1419: in execute
    return meth(
..\..\..\..\AppData\Roaming\Python\Python312\site-packages\sqlalchemy\sql\elements.py:526: in _execute_on_connection
    return connection._execute_clauseelement(
..\..\..\..\AppData\Roaming\Python\Python312\site-packages\sqlalchemy\engine\base.py:1641: in _execute_clauseelement
    ret = self._execute_context(
..\..\..\..\AppData\Roaming\Python\Python312\site-packages\sqlalchemy\engine\base.py:1846: in _execute_context
    return self._exec_single_context(
..\..\..\..\AppData\Roaming\Python\Python312\site-packages\sqlalchemy\engine\base.py:1986: in _exec_single_context
    self._handle_dbapi_exception(
..\..\..\..\AppData\Roaming\Python\Python312\site-packages\sqlalchemy\engine\base.py:2355: in _handle_dbapi_exception
    raise sqlalchemy_exception.with_traceback(exc_info[2]) from e
..\..\..\..\AppData\Roaming\Python\Python312\site-packages\sqlalchemy\engine\base.py:1967: in _exec_single_context
    self.dialect.do_execute(
..\..\..\..\AppData\Roaming\Python\Python312\site-packages\sqlalchemy\engine\default.py:951: in do_execute
    cursor.execute(statement, parameters)
..\..\..\..\AppData\Roaming\Python\Python312\site-packages\sqlalchemy\dialects\sqlite\aiosqlite.py:177: in execute
    self._adapt_connection._handle_exception(error)
..\..\..\..\AppData\Roaming\Python\Python312\site-packages\sqlalchemy\dialects\sqlite\aiosqlite.py:337: in _handle_exception
    raise error
..\..\..\..\AppData\Roaming\Python\Python312\site-packages\sqlalchemy\dialects\sqlite\aiosqlite.py:159: in execute
    self.await_(_cursor.execute(operation, parameters))
..\..\..\..\AppData\Roaming\Python\Python312\site-packages\sqlalchemy\util\_concurrency_py3k.py:132: in await_only
    return current.parent.switch(awaitable)  # type: ignore[no-any-return,attr-defined] # noqa: E501
           ^^^^^^^^^^^^^^^^^^^^^^^^^^^^^^^^
..\..\..\..\AppData\Roaming\Python\Python312\site-packages\sqlalchemy\util\_concurrency_py3k.py:196: in greenlet_spawn
    value = await result
            ^^^^^^^^^^^^
[...]
    with patch('str.replace', return_value=tcp_url):
..\..\..\..\miniconda3\Lib\unittest\mock.py:1442: in __enter__
    self.target = self.getter()
                  ^^^^^^^^^^^^^
..\..\..\..\miniconda3\Lib\pkgutil.py:513: in resolve_name
    mod = importlib.import_module(modname)
          ^^^^^^^^^^^^^^^^^^^^^^^^^^^^^^^^
..\..\..\..\miniconda3\Lib\importlib\__init__.py:90: in import_module
    return _bootstrap._gcd_import(name[level:], package, level)
           ^^^^^^^^^^^^^^^^^^^^^^^^^^^^^^^^^^^^^^^^^^^^^^^^^^^^
&lt;frozen importlib._bootstrap&gt;:1387: in _gcd_import
    ???
&lt;frozen importlib._bootstrap&gt;:1360: in _find_and_load
    ???
&lt;frozen importlib._bootstrap&gt;:1324: in _find_and_load_unlocked
    ???
E   ModuleNotFoundError: No module named 'str'</failure></testcase><testcase classname="tests.unit.test_database_staging_validation_comprehensive.TestStagingDatabaseValidatorSSLCompatibility" name="test_ssl_compatibility_tcp_with_ssl_param" time="0.001" /><testcase classname="tests.unit.test_database_staging_validation_comprehensive.TestStagingDatabaseValidatorSSLCompatibility" name="test_ssl_compatibility_error_handling" time="0.002"><failure message="assert True is False">auth_service\tests\unit\test_database_staging_validation_comprehensive.py:391: in test_ssl_compatibility_error_handling
    assert result["valid"] is False
E   assert True is False</failure></testcase><testcase classname="tests.unit.test_database_staging_validation_comprehensive.TestStagingDatabaseValidatorPreDeployment" name="test_pre_deployment_validation_with_url" time="0.002" /><testcase classname="tests.unit.test_database_staging_validation_comprehensive.TestStagingDatabaseValidatorPreDeployment" name="test_pre_deployment_validation_without_url" time="0.004"><failure message="AssertionError: assert 'postgresql://env_user:env_pass@env_host:5432/env_d...' == 'postgresql://env_user:env_pass@env_host:5432/env_db'&#10;  &#10;  - postgresql://env_user:env_pass@env_host:5432/env_db&#10;  ?                                                   ^&#10;  + postgresql://env_user:env_pass@env_host:5432/env_d...&#10;  ?                                                   ^^^">auth_service\tests\unit\test_database_staging_validation_comprehensive.py:429: in test_pre_deployment_validation_without_url
    assert report["database_url"] == "postgresql://env_user:env_pass@env_host:5432/env_db"
E   AssertionError: assert 'postgresql://env_user:env_pass@env_host:5432/env_d...' == 'postgresql://env_user:env_pass@env_host:5432/env_db'
E     
E     - postgresql://env_user:env_pass@env_host:5432/env_db
E     ?                                                   ^
E     + postgresql://env_user:env_pass@env_host:5432/env_d...
E     ?                                                   ^^^</failure></testcase><testcase classname="tests.unit.test_database_staging_validation_comprehensive.TestStagingDatabaseValidatorPreDeployment" name="test_pre_deployment_validation_url_format_failure" time="0.001" /><testcase classname="tests.unit.test_database_staging_validation_comprehensive.TestStagingDatabaseValidatorPreDeployment" name="test_pre_deployment_validation_credential_failure" time="0.002" /><testcase classname="tests.unit.test_database_staging_validation_comprehensive.TestStagingDatabaseValidatorPreDeployment" name="test_pre_deployment_validation_ssl_failure" time="0.003" /><testcase classname="tests.unit.test_database_staging_validation_comprehensive.TestStagingDatabaseValidatorPreDeployment" name="test_pre_deployment_validation_warnings_only" time="0.002" /><testcase classname="tests.unit.test_database_staging_validation_comprehensive.TestStagingDatabaseValidatorPreDeployment" name="test_pre_deployment_validation_success" time="0.001" /><testcase classname="tests.unit.test_database_staging_validation_comprehensive.TestStagingDatabaseValidatorPreDeployment" name="test_pre_deployment_validation_long_url_truncation" time="0.001" /><testcase classname="tests.unit.test_database_staging_validation_comprehensive.TestStagingDatabaseValidatorReporting" name="test_print_validation_report_passed" time="0.002" /><testcase classname="tests.unit.test_database_staging_validation_comprehensive.TestStagingDatabaseValidatorReporting" name="test_print_validation_report_failed" time="0.002" /><testcase classname="tests.unit.test_database_staging_validation_comprehensive.TestStagingDatabaseValidatorReporting" name="test_print_validation_report_warning" time="0.002" /><testcase classname="tests.unit.test_database_staging_validation_comprehensive.TestStagingDatabaseValidatorReporting" name="test_print_validation_report_unknown_status" time="0.001" /><testcase classname="tests.unit.test_database_staging_validation_comprehensive.TestValidateStagingDeploymentFunction" name="test_validate_staging_deployment_success" time="0.002"><failure message="AssertionError: assert 'Validation passed' in 'Validating Auth Service for Staging Deployment...\n\nAuth Service Staging Validation Report\n==================================================\nOverall Status: PASS PASSED\nDatabase URL: postgresql://secure_url\n\n==================================================\n'&#10; +  where 'Validating Auth Service for Staging Deployment...\n\nAuth Service Staging Validation Report\n==================================================\nOverall Status: PASS PASSED\nDatabase URL: postgresql://secure_url\n\n==================================================\n' = CaptureResult(out='Validating Auth Service for Staging Deployment...\n\nAuth Service Staging Validation Report\n==================================================\nOverall Status: PASS PASSED\nDatabase URL: postgresql://secure_url\n\n==================================================\n', err='').out">auth_service\tests\unit\test_database_staging_validation_comprehensive.py:598: in test_validate_staging_deployment_success
    assert "Validation passed" in captured.out
E   AssertionError: assert 'Validation passed' in 'Validating Auth Service for Staging Deployment...\n\nAuth Service Staging Validation Report\n==================================================\nOverall Status: PASS PASSED\nDatabase URL: postgresql://secure_url\n\n==================================================\n'
E    +  where 'Validating Auth Service for Staging Deployment...\n\nAuth Service Staging Validation Report\n==================================================\nOverall Status: PASS PASSED\nDatabase URL: postgresql://secure_url\n\n==================================================\n' = CaptureResult(out='Validating Auth Service for Staging Deployment...\n\nAuth Service Staging Validation Report\n==================================================\nOverall Status: PASS PASSED\nDatabase URL: postgresql://secure_url\n\n==================================================\n', err='').out</failure></testcase><testcase classname="tests.unit.test_database_staging_validation_comprehensive.TestValidateStagingDeploymentFunction" name="test_validate_staging_deployment_warning" time="0.003"><failure message="AssertionError: assert 'Validation passed' in 'Validating Auth Service for Staging Deployment...\n\nAuth Service Staging Validation Report\n==================================================\nOverall Status: WARN WARNING\nDatabase URL: postgresql://localhost_url\n\nWarnings (1):\n  ! Using localhost\n\n==================================================\n'&#10; +  where 'Validating Auth Service for Staging Deployment...\n\nAuth Service Staging Validation Report\n==================================================\nOverall Status: WARN WARNING\nDatabase URL: postgresql://localhost_url\n\nWarnings (1):\n  ! Using localhost\n\n==================================================\n' = CaptureResult(out='Validating Auth Service for Staging Deployment...\n\nAuth Service Staging Validation Report\n==================================================\nOverall Status: WARN WARNING\nDatabase URL: postgresql://localhost_url\n\nWarnings (1):\n  ! Using localhost\n\n==================================================\n', err='').out">auth_service\tests\unit\test_database_staging_validation_comprehensive.py:616: in test_validate_staging_deployment_warning
    assert "Validation passed" in captured.out
E   AssertionError: assert 'Validation passed' in 'Validating Auth Service for Staging Deployment...\n\nAuth Service Staging Validation Report\n==================================================\nOverall Status: WARN WARNING\nDatabase URL: postgresql://localhost_url\n\nWarnings (1):\n  ! Using localhost\n\n==================================================\n'
E    +  where 'Validating Auth Service for Staging Deployment...\n\nAuth Service Staging Validation Report\n==================================================\nOverall Status: WARN WARNING\nDatabase URL: postgresql://localhost_url\n\nWarnings (1):\n  ! Using localhost\n\n==================================================\n' = CaptureResult(out='Validating Auth Service for Staging Deployment...\n\nAuth Service Staging Validation Report\n==================================================\nOverall Status: WARN WARNING\nDatabase URL: postgresql://localhost_url\n\nWarnings (1):\n  ! Using localhost\n\n==================================================\n', err='').out</failure></testcase><testcase classname="tests.unit.test_database_staging_validation_comprehensive.TestValidateStagingDeploymentFunction" name="test_validate_staging_deployment_failure" time="0.002" /><testcase classname="tests.unit.test_database_staging_validation_comprehensive.TestStagingDatabaseValidatorEdgeCases" name="test_url_format_validation_exception" time="0.002"><failure message="AssertionError: assert 'URL parsing failed: Parse error' in 'Invalid scheme: '">auth_service\tests\unit\test_database_staging_validation_comprehensive.py:646: in test_url_format_validation_exception
    assert "URL parsing failed: Parse error" in result["error"]
E   AssertionError: assert 'URL parsing failed: Parse error' in 'Invalid scheme: '</failure></testcase><testcase classname="tests.unit.test_database_staging_validation_comprehensive.TestStagingDatabaseValidatorEdgeCases" name="test_credential_validation_exception" time="0.002"><failure message="KeyError: 'error'">auth_service\tests\unit\test_database_staging_validation_comprehensive.py:655: in test_credential_validation_exception
    assert "Credential validation failed: Parse error" in result["error"]
                                                          ^^^^^^^^^^^^^^^
E   KeyError: 'error'</failure></testcase><testcase classname="tests.unit.test_database_staging_validation_comprehensive.TestStagingDatabaseValidatorEdgeCases" name="test_cloud_sql_database_name_extraction_edge_cases" time="0.001"><failure message="AssertionError: assert 'Database name not specified' in []">auth_service\tests\unit\test_database_staging_validation_comprehensive.py:668: in test_cloud_sql_database_name_extraction_edge_cases
    assert "Database name not specified" in result2["warnings"]
E   AssertionError: assert 'Database name not specified' in []</failure></testcase><testcase classname="tests.unit.test_database_staging_validation_comprehensive.TestStagingDatabaseValidatorEdgeCases" name="test_regex_patterns_comprehensive" time="0.002" /><testcase classname="tests.unit.test_database_staging_validation_comprehensive.TestStagingDatabaseValidatorEdgeCases" name="test_environment_specific_validation_branches" time="0.002" /><testcase classname="tests.unit.test_database_staging_validation_comprehensive.TestStagingDatabaseValidatorEdgeCases" name="test_password_security_checks_comprehensive" time="0.002" /><testcase classname="tests.unit.test_database_staging_validation_comprehensive.TestMainModuleBehavior" name="test_main_module_success" time="0.002"><failure message="  File &quot;&lt;string&gt;&quot;, line 3&#10;    success = validate_staging_deployment()&#10;IndentationError: unexpected indent">auth_service\tests\unit\test_database_staging_validation_comprehensive.py:743: in test_main_module_success
    exec(open('auth_service/auth_core/database/staging_validation.py').read().split('if __name__ == "__main__":')[1])
E     File "&lt;string&gt;", line 3
E       success = validate_staging_deployment()
E   IndentationError: unexpected indent</failure></testcase><testcase classname="tests.unit.test_database_staging_validation_comprehensive.TestMainModuleBehavior" name="test_main_module_success" time="0.001"><error message="failed on teardown with &quot;pytest.PytestUnraisableExceptionWarning: Exception ignored in: &lt;_io.FileIO name='auth_service/auth_core/database/staging_validation.py' mode='rb' closefd=True&gt;&#10;Enable tracemalloc to get traceback where the object was allocated.&#10;See https://docs.pytest.org/en/stable/how-to/capture-warnings.html#resource-warnings for more info.&quot;">auth_service\tests\unit\test_database_staging_validation_comprehensive.py:743: in test_main_module_success
    exec(open('auth_service/auth_core/database/staging_validation.py').read().split('if __name__ == "__main__":')[1])
         ^^^^^^^^^^^^^^^^^^^^^^^^^^^^^^^^^^^^^^^^^^^^^^^^^^^^^^^^^^^^^^^^^^^^
E   ResourceWarning: unclosed file &lt;_io.TextIOWrapper name='auth_service/auth_core/database/staging_validation.py' mode='r' encoding='cp1252'&gt;

The above exception was the direct cause of the following exception:
..\..\..\..\AppData\Roaming\Python\Python312\site-packages\_pytest\runner.py:344: in from_call
    result: TResult | None = func()
                             ^^^^^^
..\..\..\..\AppData\Roaming\Python\Python312\site-packages\_pytest\runner.py:246: in &lt;lambda&gt;
    lambda: runtest_hook(item=item, **kwds), when=when, reraise=reraise
            ^^^^^^^^^^^^^^^^^^^^^^^^^^^^^^^
..\..\..\..\AppData\Roaming\Python\Python312\site-packages\pluggy\_hooks.py:512: in __call__
    return self._hookexec(self.name, self._hookimpls.copy(), kwargs, firstresult)
           ^^^^^^^^^^^^^^^^^^^^^^^^^^^^^^^^^^^^^^^^^^^^^^^^^^^^^^^^^^^^^^^^^^^^^^
..\..\..\..\AppData\Roaming\Python\Python312\site-packages\pluggy\_manager.py:120: in _hookexec
    return self._inner_hookexec(hook_name, methods, kwargs, firstresult)
           ^^^^^^^^^^^^^^^^^^^^^^^^^^^^^^^^^^^^^^^^^^^^^^^^^^^^^^^^^^^^^
..\..\..\..\AppData\Roaming\Python\Python312\site-packages\_pytest\logging.py:858: in pytest_runtest_teardown
    yield
..\..\..\..\AppData\Roaming\Python\Python312\site-packages\_pytest\capture.py:905: in pytest_runtest_teardown
    return (yield)
            ^^^^^
..\..\..\..\AppData\Roaming\Python\Python312\site-packages\_pytest\unraisableexception.py:163: in pytest_runtest_teardown
    collect_unraisable(item.config)
..\..\..\..\AppData\Roaming\Python\Python312\site-packages\_pytest\unraisableexception.py:79: in collect_unraisable
    raise errors[0]
..\..\..\..\AppData\Roaming\Python\Python312\site-packages\_pytest\unraisableexception.py:67: in collect_unraisable
    warnings.warn(pytest.PytestUnraisableExceptionWarning(msg))
E   pytest.PytestUnraisableExceptionWarning: Exception ignored in: &lt;_io.FileIO name='auth_service/auth_core/database/staging_validation.py' mode='rb' closefd=True&gt;
E   Enable tracemalloc to get traceback where the object was allocated.
E   See https://docs.pytest.org/en/stable/how-to/capture-warnings.html#resource-warnings for more info.</error></testcase><testcase classname="tests.unit.test_database_staging_validation_comprehensive.TestMainModuleBehavior" name="test_main_module_failure" time="0.003"><failure message="  File &quot;&lt;string&gt;&quot;, line 3&#10;    success = validate_staging_deployment()&#10;IndentationError: unexpected indent">auth_service\tests\unit\test_database_staging_validation_comprehensive.py:756: in test_main_module_failure
    exec(open('auth_service/auth_core/database/staging_validation.py').read().split('if __name__ == "__main__":')[1])
E     File "&lt;string&gt;", line 3
E       success = validate_staging_deployment()
E   IndentationError: unexpected indent</failure></testcase><testcase classname="tests.unit.test_database_staging_validation_comprehensive.TestMainModuleBehavior" name="test_main_module_failure" time="0.004"><error message="failed on teardown with &quot;pytest.PytestUnraisableExceptionWarning: Exception ignored in: &lt;_io.FileIO name='auth_service/auth_core/database/staging_validation.py' mode='rb' closefd=True&gt;&#10;Enable tracemalloc to get traceback where the object was allocated.&#10;See https://docs.pytest.org/en/stable/how-to/capture-warnings.html#resource-warnings for more info.&quot;">auth_service\tests\unit\test_database_staging_validation_comprehensive.py:756: in test_main_module_failure
    exec(open('auth_service/auth_core/database/staging_validation.py').read().split('if __name__ == "__main__":')[1])
         ^^^^^^^^^^^^^^^^^^^^^^^^^^^^^^^^^^^^^^^^^^^^^^^^^^^^^^^^^^^^^^^^^^^^
E   ResourceWarning: unclosed file &lt;_io.TextIOWrapper name='auth_service/auth_core/database/staging_validation.py' mode='r' encoding='cp1252'&gt;

The above exception was the direct cause of the following exception:
..\..\..\..\AppData\Roaming\Python\Python312\site-packages\_pytest\runner.py:344: in from_call
    result: TResult | None = func()
                             ^^^^^^
..\..\..\..\AppData\Roaming\Python\Python312\site-packages\_pytest\runner.py:246: in &lt;lambda&gt;
    lambda: runtest_hook(item=item, **kwds), when=when, reraise=reraise
            ^^^^^^^^^^^^^^^^^^^^^^^^^^^^^^^
..\..\..\..\AppData\Roaming\Python\Python312\site-packages\pluggy\_hooks.py:512: in __call__
    return self._hookexec(self.name, self._hookimpls.copy(), kwargs, firstresult)
           ^^^^^^^^^^^^^^^^^^^^^^^^^^^^^^^^^^^^^^^^^^^^^^^^^^^^^^^^^^^^^^^^^^^^^^
..\..\..\..\AppData\Roaming\Python\Python312\site-packages\pluggy\_manager.py:120: in _hookexec
    return self._inner_hookexec(hook_name, methods, kwargs, firstresult)
           ^^^^^^^^^^^^^^^^^^^^^^^^^^^^^^^^^^^^^^^^^^^^^^^^^^^^^^^^^^^^^
..\..\..\..\AppData\Roaming\Python\Python312\site-packages\_pytest\logging.py:858: in pytest_runtest_teardown
    yield
..\..\..\..\AppData\Roaming\Python\Python312\site-packages\_pytest\capture.py:905: in pytest_runtest_teardown
    return (yield)
            ^^^^^
..\..\..\..\AppData\Roaming\Python\Python312\site-packages\_pytest\unraisableexception.py:163: in pytest_runtest_teardown
    collect_unraisable(item.config)
..\..\..\..\AppData\Roaming\Python\Python312\site-packages\_pytest\unraisableexception.py:79: in collect_unraisable
    raise errors[0]
..\..\..\..\AppData\Roaming\Python\Python312\site-packages\_pytest\unraisableexception.py:67: in collect_unraisable
    warnings.warn(pytest.PytestUnraisableExceptionWarning(msg))
E   pytest.PytestUnraisableExceptionWarning: Exception ignored in: &lt;_io.FileIO name='auth_service/auth_core/database/staging_validation.py' mode='rb' closefd=True&gt;
E   Enable tracemalloc to get traceback where the object was allocated.
E   See https://docs.pytest.org/en/stable/how-to/capture-warnings.html#resource-warnings for more info.</error></testcase></testsuite></testsuites>