
======================================================================
STAGING E2E TEST SESSION STARTED
Time: 2025-09-07 00:30:49
======================================================================
============================= test session starts =============================
platform win32 -- Python 3.12.4, pytest-8.4.1, pluggy-1.6.0 -- C:\Users\antho\miniconda3\python.exe
cachedir: .pytest_cache
metadata: {'Python': '3.12.4', 'Platform': 'Windows-11-10.0.26100-SP0', 'Packages': {'pytest': '8.4.1', 'pluggy': '1.6.0'}, 'Plugins': {'anyio': '4.9.0', 'langsmith': '0.4.15', 'asyncio': '1.1.0', 'cov': '6.2.1', 'mock': '3.14.1', 'xdist': '3.8.0', 'Faker': '37.4.2', 'html': '4.1.1', 'json-report': '1.5.0', 'metadata': '3.1.1', 'timeout': '2.4.0', 'typeguard': '4.4.4'}}
rootdir: C:\Users\antho\OneDrive\Desktop\Netra\netra-core-generation-1
configfile: pytest.ini
plugins: anyio-4.9.0, langsmith-0.4.15, asyncio-1.1.0, cov-6.2.1, mock-3.14.1, xdist-3.8.0, Faker-37.4.2, html-4.1.1, json-report-1.5.0, metadata-3.1.1, timeout-2.4.0, typeguard-4.4.4
asyncio: mode=Mode.AUTO, asyncio_default_fixture_loop_scope=function, asyncio_default_test_loop_scope=function
timeout: 120.0s
timeout method: thread
timeout func_only: False
collecting ... collected 37 items

tests/e2e/staging/test_auth_routes.py::TestAuthRoutes::test_auth_google_login_route_returns_404 SKIPPED [  2%]
tests/e2e/staging/test_auth_routes.py::TestAuthRoutes::test_multiple_oauth_routes_missing_404_pattern SKIPPED [  5%]
tests/e2e/staging/test_auth_routes.py::TestAuthRoutes::test_auth_service_route_registration_incomplete SKIPPED [  8%]
tests/e2e/staging/test_auth_routes.py::TestAuthRoutes::test_auth_service_route_mapping_configuration_error SKIPPED [ 10%]
tests/e2e/staging/test_auth_routes.py::TestAuthRoutes::test_auth_service_oauth_blueprint_not_registered SKIPPED [ 13%]
tests/e2e/staging/test_auth_routes.py::TestAuthRoutes::test_oauth_route_handler_import_or_dependency_missing SKIPPED [ 16%]
tests/e2e/staging/test_oauth_configuration.py::TestOAuthConfiguration::test_google_oauth_client_id_missing_from_environment SKIPPED [ 18%]
tests/e2e/staging/test_oauth_configuration.py::TestOAuthConfiguration::test_google_oauth_client_secret_missing_from_environment SKIPPED [ 21%]
tests/e2e/staging/test_oauth_configuration.py::TestOAuthConfiguration::test_oauth_configuration_incomplete_for_staging_deployment SKIPPED [ 24%]
tests/e2e/staging/test_oauth_configuration.py::TestOAuthConfiguration::test_oauth_google_authorization_url_construction_fails SKIPPED [ 27%]
tests/e2e/staging/test_oauth_configuration.py::TestOAuthConfiguration::test_oauth_token_exchange_endpoint_unreachable SKIPPED [ 29%]
tests/e2e/staging/test_oauth_configuration.py::TestOAuthConfiguration::test_oauth_redirect_uri_misconfiguration SKIPPED [ 32%]
tests/e2e/staging/test_oauth_configuration.py::TestOAuthConfiguration::test_oauth_scopes_configuration_incomplete SKIPPED [ 35%]
tests/e2e/staging/test_security_config_variations.py::TestSecurityConfigVariations::test_multiple_secret_keys_all_too_short SKIPPED [ 37%]
tests/e2e/staging/test_security_config_variations.py::TestSecurityConfigVariations::test_secret_key_entropy_quality_insufficient SKIPPED [ 40%]
tests/e2e/staging/test_security_config_variations.py::TestSecurityConfigVariations::test_oauth_credential_format_validation_failures SKIPPED [ 43%]
tests/e2e/staging/test_security_config_variations.py::TestSecurityConfigVariations::test_environment_configuration_cross_validation_failures SKIPPED [ 45%]
tests/e2e/staging/test_security_config_variations.py::TestSecurityConfigVariations::test_security_headers_configuration_missing SKIPPED [ 48%]
tests/e2e/staging/test_environment_configuration.py::TestEnvironmentConfiguration::test_critical_environment_variables_missing SKIPPED [ 51%]
tests/e2e/staging/test_environment_configuration.py::TestEnvironmentConfiguration::test_service_url_configuration_mismatch SKIPPED [ 54%]
tests/e2e/staging/test_environment_configuration.py::TestEnvironmentConfiguration::test_database_configuration_inconsistent_across_services SKIPPED [ 56%]
tests/e2e/staging/test_environment_configuration.py::TestEnvironmentConfiguration::test_environment_variable_type_validation_failures SKIPPED [ 59%]
tests/e2e/staging/test_environment_configuration.py::TestEnvironmentConfiguration::test_staging_specific_configuration_missing SKIPPED [ 62%]
tests/e2e/staging/test_staging_connectivity_validation.py::TestStagingConnectivityValidation::test_001_http_connectivity PASSED [ 64%]
tests/e2e/staging/test_staging_connectivity_validation.py::TestStagingConnectivityValidation::test_002_websocket_connectivity FAILED [ 67%]
tests/e2e/staging/test_staging_connectivity_validation.py::TestStagingConnectivityValidation::test_003_agent_request_pipeline FAILED [ 70%]
tests/e2e/staging/test_staging_connectivity_validation.py::TestStagingConnectivityValidation::test_004_generate_connectivity_report FAILED [ 72%]
tests/e2e/staging/test_network_connectivity_variations.py::TestNetworkConnectivityVariations::test_backend_port_sequence_all_unavailable SKIPPED [ 75%]
tests/e2e/staging/test_network_connectivity_variations.py::TestNetworkConnectivityVariations::test_intermittent_connection_failures_pattern SKIPPED [ 78%]
tests/e2e/staging/test_network_connectivity_variations.py::TestNetworkConnectivityVariations::test_proxy_configuration_multiple_backends_fail SKIPPED [ 81%]
tests/e2e/staging/test_network_connectivity_variations.py::TestNetworkConnectivityVariations::test_websocket_connection_also_fails SKIPPED [ 83%]
tests/e2e/staging/test_frontend_backend_connection.py::TestFrontendBackendConnection::test_frontend_cannot_connect_to_backend_api_proxy_failure SKIPPED [ 86%]
tests/e2e/staging/test_frontend_backend_connection.py::TestFrontendBackendConnection::test_frontend_proxy_configuration_mismatch SKIPPED [ 89%]
tests/e2e/staging/test_frontend_backend_connection.py::TestFrontendBackendConnection::test_backend_service_not_listening_on_expected_ports SKIPPED [ 91%]
tests/e2e/staging/test_frontend_backend_connection.py::TestFrontendBackendConnection::test_docker_container_network_isolation_issue SKIPPED [ 94%]
tests/e2e/staging/test_frontend_backend_connection.py::TestFrontendBackendConnection::test_next_js_api_rewrites_configuration_broken SKIPPED [ 97%]
tests/e2e/staging/test_frontend_backend_connection.py::TestFrontendBackendConnection::test_multiple_backend_connection_attempts_all_fail SKIPPED [100%]
Test report saved to: C:\Users\antho\OneDrive\Desktop\Netra\netra-core-generation-1\STAGING_TEST_REPORT_PYTEST.md

=== Memory Usage Report ===
Loaded fixture modules: base, mocks
Peak memory usage: 133.8 MB


================================== FAILURES ===================================
______ TestStagingConnectivityValidation.test_002_websocket_connectivity ______
tests\e2e\staging\test_staging_connectivity_validation.py:300: in test_002_websocket_connectivity
    assert result["success"], f"WebSocket connectivity failed: {result.get('error', 'Unknown error')}"
E   AssertionError: WebSocket connectivity failed: server rejected WebSocket connection: HTTP 403
E   assert False
______ TestStagingConnectivityValidation.test_003_agent_request_pipeline ______
tests\e2e\staging\test_staging_connectivity_validation.py:315: in test_003_agent_request_pipeline
    assert result["success"], f"Agent pipeline test failed: {result.get('error', 'Unknown error')}"
E   AssertionError: Agent pipeline test failed: server rejected WebSocket connection: HTTP 403
E   assert False
___ TestStagingConnectivityValidation.test_004_generate_connectivity_report ___
tests\e2e\staging\test_staging_connectivity_validation.py:370: in test_004_generate_connectivity_report
    assert success_rate >= 100.0, f"All connectivity tests should pass for staging validation"
E   AssertionError: All connectivity tests should pass for staging validation
E   assert 33.33333333333333 >= 100.0
---------------------------- Captured stdout call -----------------------------

============================================================
STAGING CONNECTIVITY VALIDATION SUMMARY
============================================================
Total Tests: 3
Successful: 1
Success Rate: 33.3%
Report: STAGING_CONNECTIVITY_REPORT.md
============================================================
=========================== short test summary info ===========================
SKIPPED [12] test_framework\environment_markers.py:181: Test not compatible with test environment. Compatible: staging
SKIPPED [21] test_framework\environment_markers.py:202: Test not compatible with test environment. Compatible: staging
FAILED tests/e2e/staging/test_staging_connectivity_validation.py::TestStagingConnectivityValidation::test_002_websocket_connectivity
FAILED tests/e2e/staging/test_staging_connectivity_validation.py::TestStagingConnectivityValidation::test_003_agent_request_pipeline
FAILED tests/e2e/staging/test_staging_connectivity_validation.py::TestStagingConnectivityValidation::test_004_generate_connectivity_report
=================== 3 failed, 1 passed, 33 skipped in 8.74s ===================
