
======================================================================
STAGING E2E TEST SESSION STARTED
Time: 2025-09-06 21:14:31
======================================================================
============================= test session starts =============================
platform win32 -- Python 3.12.4, pytest-8.4.1, pluggy-1.6.0 -- C:\Users\antho\miniconda3\python.exe
cachedir: .pytest_cache
metadata: {'Python': '3.12.4', 'Platform': 'Windows-11-10.0.26100-SP0', 'Packages': {'pytest': '8.4.1', 'pluggy': '1.6.0'}, 'Plugins': {'anyio': '4.9.0', 'langsmith': '0.4.15', 'asyncio': '1.1.0', 'cov': '6.2.1', 'mock': '3.14.1', 'xdist': '3.8.0', 'Faker': '37.4.2', 'html': '4.1.1', 'json-report': '1.5.0', 'metadata': '3.1.1', 'timeout': '2.4.0', 'typeguard': '4.4.4'}}
rootdir: C:\Users\antho\OneDrive\Desktop\Netra\netra-core-generation-1
configfile: pytest.ini
plugins: anyio-4.9.0, langsmith-0.4.15, asyncio-1.1.0, cov-6.2.1, mock-3.14.1, xdist-3.8.0, Faker-37.4.2, html-4.1.1, json-report-1.5.0, metadata-3.1.1, timeout-2.4.0, typeguard-4.4.4
asyncio: mode=Mode.AUTO, asyncio_default_fixture_loop_scope=function, asyncio_default_test_loop_scope=function
timeout: 120.0s
timeout method: thread
timeout func_only: False
collecting ... collected 36 items

tests/e2e/staging/test_priority1_critical_REAL.py::TestRealCriticalWebSocket::test_001_websocket_connection_real PASSED [  2%]
tests/e2e/staging/test_priority1_critical_REAL.py::TestRealCriticalWebSocket::test_002_websocket_authentication_real FAILED [  5%]
tests/e2e/staging/test_priority1_critical_REAL.py::TestRealCriticalWebSocket::test_003_api_message_send_real FAILED [  8%]
tests/e2e/staging/test_priority1_critical_REAL.py::TestRealCriticalWebSocket::test_004_api_health_comprehensive_real PASSED [ 11%]
tests/e2e/staging/test_priority1_critical_REAL.py::TestRealCriticalAgent::test_005_agent_discovery_real PASSED [ 13%]
tests/e2e/staging/test_priority1_critical_REAL.py::TestRealCriticalAgent::test_006_agent_configuration_real PASSED [ 16%]
tests/e2e/staging/test_priority1_critical_REAL.py::TestRealCriticalAgent::test_007_thread_management_real PASSED [ 19%]
tests/e2e/staging/test_priority1_critical_REAL.py::TestRealCriticalAgent::test_008_api_latency_real PASSED [ 22%]
tests/e2e/staging/test_priority1_critical_REAL.py::TestRealCriticalAgent::test_009_concurrent_requests_real PASSED [ 25%]
tests/e2e/staging/test_priority1_critical_REAL.py::TestRealCriticalAgent::test_010_error_handling_real PASSED [ 27%]
tests/e2e/staging/test_priority1_critical_REAL.py::TestRealCriticalAgent::test_011_service_discovery_real PASSED [ 30%]
tests/e2e/staging/test_priority2_high.py::TestHighAuthentication::test_026_jwt_authentication_real PASSED [ 33%]
tests/e2e/staging/test_priority2_high.py::TestHighAuthentication::test_027_oauth_google_login_real PASSED [ 36%]
tests/e2e/staging/test_priority2_high.py::TestHighAuthentication::test_028_token_refresh_real PASSED [ 38%]
tests/e2e/staging/test_priority2_high.py::TestHighAuthentication::test_029_token_expiry_real PASSED [ 41%]
tests/e2e/staging/test_priority2_high.py::TestHighAuthentication::test_030_logout_flow_real PASSED [ 44%]
tests/e2e/staging/test_priority2_high.py::TestHighSecurity::test_031_session_security_real PASSED [ 47%]
tests/e2e/staging/test_priority2_high.py::TestHighSecurity::test_032_https_certificate_validation_real PASSED [ 50%]
tests/e2e/staging/test_priority2_high.py::TestHighSecurity::test_033_cors_policy_real PASSED [ 52%]
tests/e2e/staging/test_priority2_high.py::TestHighSecurity::test_034_rate_limiting_real PASSED [ 55%]
tests/e2e/staging/test_priority2_high.py::TestHighSecurity::test_035_websocket_security_real PASSED [ 58%]
tests/e2e/staging/test_priority3_medium_high.py::TestMediumHighOrchestration::test_041_multi_agent_workflow_real PASSED [ 61%]
tests/e2e/staging/test_priority3_medium_high.py::TestMediumHighOrchestration::test_042_agent_handoff_real PASSED [ 63%]
tests/e2e/staging/test_priority3_medium_high.py::TestMediumHighOrchestration::test_043_parallel_agent_execution_real PASSED [ 66%]
tests/e2e/staging/test_priority3_medium_high.py::TestMediumHighOrchestration::test_044_sequential_agent_chain_real PASSED [ 69%]
tests/e2e/staging/test_priority3_medium_high.py::TestMediumHighOrchestration::test_045_agent_dependencies_real PASSED [ 72%]
tests/e2e/staging/test_priority3_medium_high.py::TestMediumHighCommunication::test_046_agent_communication PASSED [ 75%]
tests/e2e/staging/test_priority3_medium_high.py::TestMediumHighCommunication::test_047_workflow_branching PASSED [ 77%]
tests/e2e/staging/test_priority3_medium_high.py::TestMediumHighCommunication::test_048_workflow_loops PASSED [ 80%]
tests/e2e/staging/test_priority3_medium_high.py::TestMediumHighCommunication::test_049_agent_timeout PASSED [ 83%]
tests/e2e/staging/test_priority3_medium_high.py::TestMediumHighCommunication::test_050_agent_retry PASSED [ 86%]
tests/e2e/staging/test_priority3_medium_high.py::TestMediumHighResilience::test_051_agent_fallback PASSED [ 88%]
tests/e2e/staging/test_priority3_medium_high.py::TestMediumHighResilience::test_052_resource_allocation PASSED [ 91%]
tests/e2e/staging/test_priority3_medium_high.py::TestMediumHighResilience::test_053_priority_scheduling PASSED [ 94%]
tests/e2e/staging/test_priority3_medium_high.py::TestMediumHighResilience::test_054_load_balancing PASSED [ 97%]
tests/e2e/staging/test_priority3_medium_high.py::TestMediumHighResilience::test_055_agent_monitoring PASSED [100%]
Test report saved to: C:\Users\antho\OneDrive\Desktop\Netra\netra-core-generation-1\STAGING_TEST_REPORT_PYTEST.md

=== Memory Usage Report ===
Loaded fixture modules: base, mocks
Peak memory usage: 127.7 MB


================================== FAILURES ===================================
______ TestRealCriticalWebSocket.test_002_websocket_authentication_real _______
tests\e2e\staging\test_priority1_critical_REAL.py:133: in test_002_websocket_authentication_real
    assert auth_enforced, "WebSocket should enforce authentication"
E   AssertionError: WebSocket should enforce authentication
E   assert False
---------------------------- Captured stdout call -----------------------------
Test duration: 0.423s
__________ TestRealCriticalWebSocket.test_003_api_message_send_real ___________
tests\e2e\staging\test_priority1_critical_REAL.py:146: in test_003_api_message_send_real
    assert response.status_code in [200, 401, 403], \
E   AssertionError: Unexpected status: 404, body: {"detail":"Not Found"}
E   assert 404 in [200, 401, 403]
E    +  where 404 = <Response [404 Not Found]>.status_code
--------------------------------- JSON report ---------------------------------
report saved to: staging_priority_test_results.json
=========================== short test summary info ===========================
FAILED tests/e2e/staging/test_priority1_critical_REAL.py::TestRealCriticalWebSocket::test_002_websocket_authentication_real
FAILED tests/e2e/staging/test_priority1_critical_REAL.py::TestRealCriticalWebSocket::test_003_api_message_send_real
================== 2 failed, 34 passed, 3 warnings in 27.83s ==================
