
======================================================================
STAGING E2E TEST SESSION STARTED
Time: 2025-09-07 00:53:34
======================================================================
============================= test session starts =============================
platform win32 -- Python 3.12.4, pytest-8.4.1, pluggy-1.6.0 -- C:\Users\antho\miniconda3\python.exe
cachedir: .pytest_cache
metadata: {'Python': '3.12.4', 'Platform': 'Windows-11-10.0.26100-SP0', 'Packages': {'pytest': '8.4.1', 'pluggy': '1.6.0'}, 'Plugins': {'anyio': '4.9.0', 'langsmith': '0.4.15', 'asyncio': '1.1.0', 'cov': '6.2.1', 'mock': '3.14.1', 'xdist': '3.8.0', 'Faker': '37.4.2', 'html': '4.1.1', 'json-report': '1.5.0', 'metadata': '3.1.1', 'timeout': '2.4.0', 'typeguard': '4.4.4'}}
rootdir: C:\Users\antho\OneDrive\Desktop\Netra\netra-core-generation-1
configfile: pytest.ini
plugins: anyio-4.9.0, langsmith-0.4.15, asyncio-1.1.0, cov-6.2.1, mock-3.14.1, xdist-3.8.0, Faker-37.4.2, html-4.1.1, json-report-1.5.0, metadata-3.1.1, timeout-2.4.0, typeguard-4.4.4
asyncio: mode=Mode.AUTO, asyncio_default_fixture_loop_scope=function, asyncio_default_test_loop_scope=function
timeout: 120.0s
timeout method: thread
timeout func_only: False
collecting ... collected 3 items

tests/e2e/staging/test_priority1_critical.py::TestCriticalWebSocket::test_001_websocket_connection_real FAILED [ 33%]
tests/e2e/staging/test_priority1_critical.py::TestCriticalWebSocket::test_002_websocket_authentication_real FAILED [ 66%]
tests/e2e/staging/test_priority1_critical.py::TestCriticalWebSocket::test_003_websocket_message_send_real FAILED [100%]
Test report saved to: C:\Users\antho\OneDrive\Desktop\Netra\netra-core-generation-1\STAGING_TEST_REPORT_PYTEST.md

=== Memory Usage Report ===
Loaded fixture modules: base, mocks
Peak memory usage: 133.7 MB


================================== FAILURES ===================================
__________ TestCriticalWebSocket.test_001_websocket_connection_real ___________
..\..\..\..\AppData\Roaming\Python\Python312\site-packages\httpx\_transports\default.py:101: in map_httpcore_exceptions
    yield
..\..\..\..\AppData\Roaming\Python\Python312\site-packages\httpx\_transports\default.py:394: in handle_async_request
    resp = await self._pool.handle_async_request(req)
           ^^^^^^^^^^^^^^^^^^^^^^^^^^^^^^^^^^^^^^^^^^
..\..\..\..\AppData\Roaming\Python\Python312\site-packages\httpcore\_async\connection_pool.py:256: in handle_async_request
    raise exc from None
..\..\..\..\AppData\Roaming\Python\Python312\site-packages\httpcore\_async\connection_pool.py:236: in handle_async_request
    response = await connection.handle_async_request(
..\..\..\..\AppData\Roaming\Python\Python312\site-packages\httpcore\_async\connection.py:103: in handle_async_request
    return await self._connection.handle_async_request(request)
           ^^^^^^^^^^^^^^^^^^^^^^^^^^^^^^^^^^^^^^^^^^^^^^^^^^^^
..\..\..\..\AppData\Roaming\Python\Python312\site-packages\httpcore\_async\http11.py:136: in handle_async_request
    raise exc
..\..\..\..\AppData\Roaming\Python\Python312\site-packages\httpcore\_async\http11.py:106: in handle_async_request
    ) = await self._receive_response_headers(**kwargs)
        ^^^^^^^^^^^^^^^^^^^^^^^^^^^^^^^^^^^^^^^^^^^^^^
..\..\..\..\AppData\Roaming\Python\Python312\site-packages\httpcore\_async\http11.py:177: in _receive_response_headers
    event = await self._receive_event(timeout=timeout)
            ^^^^^^^^^^^^^^^^^^^^^^^^^^^^^^^^^^^^^^^^^^
..\..\..\..\AppData\Roaming\Python\Python312\site-packages\httpcore\_async\http11.py:217: in _receive_event
    data = await self._network_stream.read(
..\..\..\..\AppData\Roaming\Python\Python312\site-packages\httpcore\_backends\anyio.py:32: in read
    with map_exceptions(exc_map):
..\..\..\..\miniconda3\Lib\contextlib.py:158: in __exit__
    self.gen.throw(value)
..\..\..\..\AppData\Roaming\Python\Python312\site-packages\httpcore\_exceptions.py:14: in map_exceptions
    raise to_exc(exc) from exc
E   httpcore.ReadTimeout

The above exception was the direct cause of the following exception:
tests\e2e\staging\test_priority1_critical.py:36: in test_001_websocket_connection_real
    response = await client.get(f"{config.backend_url}/health")
               ^^^^^^^^^^^^^^^^^^^^^^^^^^^^^^^^^^^^^^^^^^^^^^^^
..\..\..\..\AppData\Roaming\Python\Python312\site-packages\httpx\_client.py:1768: in get
    return await self.request(
..\..\..\..\AppData\Roaming\Python\Python312\site-packages\httpx\_client.py:1540: in request
    return await self.send(request, auth=auth, follow_redirects=follow_redirects)
           ^^^^^^^^^^^^^^^^^^^^^^^^^^^^^^^^^^^^^^^^^^^^^^^^^^^^^^^^^^^^^^^^^^^^^^
..\..\..\..\AppData\Roaming\Python\Python312\site-packages\httpx\_client.py:1629: in send
    response = await self._send_handling_auth(
..\..\..\..\AppData\Roaming\Python\Python312\site-packages\httpx\_client.py:1657: in _send_handling_auth
    response = await self._send_handling_redirects(
..\..\..\..\AppData\Roaming\Python\Python312\site-packages\httpx\_client.py:1694: in _send_handling_redirects
    response = await self._send_single_request(request)
               ^^^^^^^^^^^^^^^^^^^^^^^^^^^^^^^^^^^^^^^^
..\..\..\..\AppData\Roaming\Python\Python312\site-packages\httpx\_client.py:1730: in _send_single_request
    response = await transport.handle_async_request(request)
               ^^^^^^^^^^^^^^^^^^^^^^^^^^^^^^^^^^^^^^^^^^^^^
..\..\..\..\AppData\Roaming\Python\Python312\site-packages\httpx\_transports\default.py:393: in handle_async_request
    with map_httpcore_exceptions():
..\..\..\..\miniconda3\Lib\contextlib.py:158: in __exit__
    self.gen.throw(value)
..\..\..\..\AppData\Roaming\Python\Python312\site-packages\httpx\_transports\default.py:118: in map_httpcore_exceptions
    raise mapped_exc(message) from exc
E   httpx.ReadTimeout
________ TestCriticalWebSocket.test_002_websocket_authentication_real _________
tests\e2e\staging\test_priority1_critical.py:137: in test_002_websocket_authentication_real
    assert auth_enforced, "WebSocket should enforce authentication"
E   AssertionError: WebSocket should enforce authentication
E   assert False
---------------------------- Captured stdout call -----------------------------
Auth test error type: TimeoutError
Auth test error: timed out during opening handshake
Test duration: 10.026s
_________ TestCriticalWebSocket.test_003_websocket_message_send_real __________
tests\e2e\staging\test_priority1_critical.py:265: in test_003_websocket_message_send_real
    assert message_sent, "Should either send authenticated message or detect auth enforcement"
E   AssertionError: Should either send authenticated message or detect auth enforcement
E   assert False
---------------------------- Captured stdout call -----------------------------
Attempting WebSocket connection with authentication...
WebSocket messaging test error: server rejected WebSocket connection: HTTP 503
Test duration: 2.342s
Authentication attempted: True
Message sent: False
Response received: False
Actual message validated: False
=========================== short test summary info ===========================
FAILED tests/e2e/staging/test_priority1_critical.py::TestCriticalWebSocket::test_001_websocket_connection_real
FAILED tests/e2e/staging/test_priority1_critical.py::TestCriticalWebSocket::test_002_websocket_authentication_real
FAILED tests/e2e/staging/test_priority1_critical.py::TestCriticalWebSocket::test_003_websocket_message_send_real
======================= 3 failed, 3 warnings in 43.75s ========================
