============================= test session starts =============================
platform win32 -- Python 3.12.4, pytest-8.4.1, pluggy-1.6.0
rootdir: C:\Users\antho\OneDrive\Desktop\Netra\netra-core-generation-1\netra_backend
configfile: pytest.ini
plugins: anyio-4.9.0, langsmith-0.4.15, asyncio-1.1.0, cov-6.2.1, mock-3.14.1, xdist-3.8.0, Faker-37.4.2, html-4.1.1, json-report-1.5.0, metadata-3.1.1, timeout-2.4.0, typeguard-4.4.4
asyncio: mode=Mode.AUTO, asyncio_default_fixture_loop_scope=session, asyncio_default_test_loop_scope=function
timeout: 10.0s
timeout method: thread
timeout func_only: False

----------------------------- live log collection -----------------------------
\u274c GOOGLE_OAUTH_CLIENT_ID_TEST validation failed: GOOGLE_OAUTH_CLIENT_ID_TEST required in test environment.\n\u274c GOOGLE_OAUTH_CLIENT_SECRET_TEST validation failed: GOOGLE_OAUTH_CLIENT_SECRET_TEST required in test environment.\nConfiguration validation failed for test environment:
  - GOOGLE_OAUTH_CLIENT_ID_TEST required in test environment.
  - GOOGLE_OAUTH_CLIENT_SECRET_TEST required in test environment.
collected 1065 items / 5 skipped

tests/unit/agents/data/test_unified_data_agent.py::TestUnifiedDataAgentFactory::test_factory_creates_isolated_agents PASSED
tests/unit/agents/data/test_unified_data_agent.py::TestUnifiedDataAgentFactory::test_factory_cleanup PASSED
tests/unit/agents/data/test_unified_data_agent.py::TestUnifiedDataAgentFactory::test_factory_status PASSED
tests/unit/agents/data/test_unified_data_agent.py::TestUnifiedDataAgent::test_agent_initialization PASSED
tests/unit/agents/data/test_unified_data_agent.py::TestUnifiedDataAgent::test_extract_analysis_type PASSED
tests/unit/agents/data/test_unified_data_agent.py::TestUnifiedDataAgent::test_validate_request PASSED
tests/unit/agents/data/test_unified_data_agent.py::TestUnifiedDataAgent::test_validate_timeframe_format PASSED
tests/unit/agents/data/test_unified_data_agent.py::TestUnifiedDataAgent::test_generate_fallback_data PASSED
tests/unit/agents/data/test_unified_data_agent.py::TestUnifiedDataAgent::test_websocket_event_emission PASSED
tests/unit/agents/data/test_unified_data_agent.py::TestUnifiedDataAgent::test_handle_validation_error PASSED
tests/unit/agents/data/test_unified_data_agent.py::TestUnifiedDataAgent::test_handle_unknown_analysis PASSED
tests/unit/agents/data/test_unified_data_agent.py::TestAnalysisStrategies::test_performance_strategy_metrics_extraction PASSED
tests/unit/agents/data/test_unified_data_agent.py::TestAnalysisStrategies::test_anomaly_strategy_zscore_detection PASSED
tests/unit/agents/data/test_unified_data_agent.py::TestAnalysisStrategies::test_correlation_strategy_pearson PASSED
tests/unit/agents/data/test_unified_data_agent.py::TestAnalysisStrategies::test_usage_pattern_peak_hours PASSED
tests/unit/agents/data/test_unified_data_agent.py::TestAnalysisStrategies::test_cost_optimization_opportunities PASSED
tests/unit/agents/data/test_unified_data_agent.py::TestUnifiedDataAgentExecution::test_execute_performance_analysis PASSED
tests/unit/agents/data/test_unified_data_agent.py::TestUnifiedDataAgentExecution::test_execute_with_websocket_events PASSED
tests/unit/agents/data/test_unified_data_agent.py::TestUnifiedDataAgentExecution::test_execute_error_handling PASSED
tests/unit/agents/data_sub_agent/test_clickhouse_client.py::TestClickHouseServiceConnection::test_initialize_success PASSED
tests/unit/agents/data_sub_agent/test_clickhouse_client.py::TestClickHouseServiceConnection::test_service_can_use_mock PASSED
tests/unit/agents/data_sub_agent/test_clickhouse_client.py::TestClickHouseServiceConnection::test_ping_mock_client PASSED
tests/unit/agents/data_sub_agent/test_clickhouse_client.py::TestClickHouseServiceBasic::test_is_mock_property PASSED
tests/unit/agents/data_sub_agent/test_data_validator.py::TestDataValidatorInitialization::test_data_validator_initialization PASSED
tests/unit/agents/data_sub_agent/test_data_validator.py::TestAnalysisRequestValidation::test_validate_valid_analysis_request PASSED
tests/unit/agents/data_sub_agent/test_data_validator.py::TestAnalysisRequestValidation::test_validate_request_missing_type PASSED
tests/unit/agents/data_sub_agent/test_data_validator.py::TestRawDataValidation::test_validate_empty_data PASSED
tests/unit/agents/data_sub_agent/test_data_validator.py::TestQualityScoring::test_calculate_quality_score_perfect_data PASSED
tests/unit/agents/supervisor/test_agent_registry.py::TestAgentRegistryInitialization::test_placeholder_test PASSED
tests/unit/agents/supervisor/test_agent_registry.py::TestAgentRegistryInitialization::test_import_works PASSED
tests/unit/agents/supervisor/test_agent_registry.py::TestDefaultAgentRegistration::test_placeholder_test PASSED
tests/unit/agents/supervisor/test_agent_registry.py::TestFactoryPatternSupport::test_placeholder_test PASSED
tests/unit/agents/supervisor/test_agent_registry.py::TestWebSocketIntegration::test_placeholder_test PASSED
tests/unit/agents/supervisor/test_agent_registry.py::TestLegacyAgentRegistration::test_placeholder_test PASSED
tests/unit/agents/supervisor/test_agent_registry.py::TestAgentRetrievalMethods::test_placeholder_test PASSED
tests/unit/agents/supervisor/test_agent_registry.py::TestRegistryHealthAndDiagnostics::test_placeholder_test PASSED
tests/unit/agents/supervisor/test_agent_registry.py::TestThreadSafety::test_placeholder_test PASSED
tests/unit/agents/supervisor/test_agent_registry.py::TestErrorHandlingAndValidation::test_placeholder_test PASSED
tests/unit/agents/test_agent_edge_cases_critical.py::TestCircuitBreakerEdgeCases::test_circuit_breaker_rapid_failures PASSED
tests/unit/agents/test_agent_edge_cases_critical.py::TestRetryMechanismEdgeCases::test_retry_exhaustion_behavior PASSED
tests/unit/agents/test_agent_edge_cases_critical.py::TestCacheCorruptionScenarios::test_cache_corruption_handling PASSED
tests/unit/agents/test_agent_performance_benchmarks.py::TestInitializationPerformance::test_base_agent_initialization_time PASSED
tests/unit/agents/test_agent_performance_benchmarks.py::TestExecutionPerformance::test_single_execution_timing PASSED
tests/unit/agents/test_agent_performance_benchmarks.py::TestExecutionPerformance::test_concurrent_execution_performance PASSED
tests/unit/agents/test_agent_performance_benchmarks.py::TestMemoryPerformance::test_memory_usage_stability PASSED
tests/unit/agents/test_agent_performance_benchmarks.py::TestMemoryPerformance::test_garbage_collection_efficiency PASSED
tests/unit/agents/test_agent_performance_benchmarks.py::TestCachePerformance::test_cache_hit_performance PASSED
tests/unit/agents/test_agent_performance_benchmarks.py::TestCircuitBreakerPerformance::test_circuit_breaker_overhead PASSED
tests/unit/agents/test_agent_performance_benchmarks.py::TestWebSocketEventPerformance::test_websocket_emission_latency PASSED
tests/unit/agents/test_agent_performance_benchmarks.py::TestLargePayloadPerformance::test_large_request_processing PASSED
tests/unit/agents/test_agent_performance_benchmarks.py::TestLongRunningOperationStability::test_extended_operation_stability PASSED
tests/unit/agents/test_agent_performance_benchmarks.py::TestLongRunningOperationStability::test_resource_cleanup_over_time PASSED
tests/unit/agents/test_base_agent_infrastructure.py::TestBaseAgentInitialization::test_basic_initialization PASSED
tests/unit/agents/test_base_agent_infrastructure.py::TestBaseAgentInitialization::test_initialization_with_reliability PASSED
tests/unit/agents/test_base_agent_infrastructure.py::TestBaseAgentInitialization::test_initialization_with_custom_config PASSED
tests/unit/agents/test_base_agent_infrastructure.py::TestExecutionContext::test_execution_context_creation PASSED
tests/unit/agents/test_base_agent_infrastructure.py::TestAgentExecution::test_successful_execution_flow PASSED
tests/unit/agents/test_base_agent_infrastructure.py::TestAgentExecution::test_validation_failure_flow PASSED
tests/unit/agents/test_base_agent_infrastructure.py::TestAgentExecution::test_execution_failure_flow PASSED
tests/unit/agents/test_base_agent_infrastructure.py::TestReliabilityFeatures::test_circuit_breaker_functionality PASSED
tests/unit/agents/test_base_agent_infrastructure.py::TestReliabilityFeatures::test_retry_mechanism PASSED
tests/unit/agents/test_base_agent_infrastructure.py::TestReliabilityFeatures::test_health_monitoring PASSED
tests/unit/agents/test_base_agent_infrastructure.py::TestErrorHandling::test_graceful_error_handling PASSED
tests/unit/agents/test_base_agent_infrastructure.py::TestErrorHandling::test_exception_propagation PASSED
tests/unit/agents/test_base_agent_infrastructure.py::TestAgentLifecycle::test_initialization_lifecycle PASSED
tests/unit/agents/test_base_agent_infrastructure.py::TestAgentLifecycle::test_shutdown_lifecycle PASSED
tests/unit/agents/test_base_agent_infrastructure.py::TestConcurrencyHandling::test_concurrent_initialization PASSED
tests/unit/agents/test_base_agent_infrastructure.py::TestConcurrencyHandling::test_state_isolation PASSED
tests/unit/agents/test_base_agent_infrastructure_enhanced.py::TestEnhancedInitialization::test_initialization_with_all_features PASSED
tests/unit/agents/test_base_agent_infrastructure_enhanced.py::TestEnhancedInitialization::test_initialization_stress_test PASSED
tests/unit/agents/test_base_agent_infrastructure_enhanced.py::TestConcurrencyStressTests::test_concurrent_agent_creation PASSED
tests/unit/agents/test_base_agent_infrastructure_enhanced.py::TestConcurrencyStressTests::test_state_isolation_under_concurrency PASSED
tests/unit/agents/test_base_agent_infrastructure_enhanced.py::TestReliabilityUnderStress::test_circuit_breaker_under_load PASSED
tests/unit/agents/test_base_agent_infrastructure_enhanced.py::TestReliabilityUnderStress::test_retry_mechanism_stress PASSED
tests/unit/agents/test_base_agent_infrastructure_enhanced.py::TestMemoryManagement::test_memory_leak_detection PASSED
tests/unit/agents/test_base_agent_infrastructure_enhanced.py::TestMemoryManagement::test_memory_cleanup PASSED
tests/unit/agents/test_base_agent_infrastructure_enhanced.py::TestEdgeCaseScenarios::test_extreme_latency_handling PASSED
tests/unit/agents/test_base_agent_infrastructure_enhanced.py::TestEdgeCaseScenarios::test_boundary_failure_rates PASSED
tests/unit/agents/test_base_agent_infrastructure_enhanced.py::TestPerformanceBenchmarks::test_initialization_performance_stress PASSED
tests/unit/agents/test_base_agent_infrastructure_enhanced.py::TestPerformanceBenchmarks::test_memory_usage_monitoring PASSED
tests/unit/agents/test_base_agent_infrastructure_enhanced.py::TestFailureCascadeScenarios::test_partial_system_failure PASSED
tests/unit/agents/test_base_agent_infrastructure_enhanced.py::TestFailureCascadeScenarios::test_dependency_failure_isolation PASSED
tests/unit/agents/test_corpus_admin_production_fix.py::TestNoMockRegression::test_no_mock_imports_in_agent PASSED
tests/unit/agents/test_corpus_admin_production_fix.py::TestNoMockRegression::test_base_execution_engine_properly_initialized PASSED
tests/unit/agents/test_corpus_admin_production_fix.py::TestNoMockRegression::test_execution_engine_components_are_real PASSED
tests/unit/agents/test_corpus_admin_production_fix.py::TestFourPhaseExecution::test_sequential_phase_execution PASSED
tests/unit/agents/test_corpus_admin_production_fix.py::TestFourPhaseExecution::test_phase_dependencies_respected PASSED
tests/unit/agents/test_corpus_admin_production_fix.py::TestFourPhaseExecution::test_phase_execution_with_approval_required PASSED
tests/unit/agents/test_corpus_admin_production_fix.py::TestExecutionHooks::test_pre_execution_hook_called PASSED
tests/unit/agents/test_corpus_admin_production_fix.py::TestExecutionHooks::test_post_execution_hook_called PASSED
tests/unit/agents/test_corpus_admin_production_fix.py::TestExecutionHooks::test_hooks_called_in_correct_order PASSED
tests/unit/agents/test_corpus_admin_production_fix.py::TestErrorHandlingAndRecovery::test_phase_execution_error_handling PASSED
tests/unit/agents/test_corpus_admin_production_fix.py::TestErrorHandlingAndRecovery::test_hook_error_doesnt_break_execution PASSED
tests/unit/agents/test_corpus_admin_production_fix.py::TestErrorHandlingAndRecovery::test_execution_with_missing_state_data PASSED
tests/unit/agents/test_corpus_admin_production_fix.py::TestUserExecutionContextIsolation::test_concurrent_user_isolation PASSED
tests/unit/agents/test_corpus_admin_production_fix.py::TestUserExecutionContextIsolation::test_user_context_data_isolation PASSED
tests/unit/agents/test_corpus_admin_production_fix.py::TestWebSocketEventIntegration::test_websocket_events_during_phase_execution PASSED
tests/unit/agents/test_corpus_admin_production_fix.py::TestWebSocketEventIntegration::test_websocket_events_with_phase_error PASSED
tests/unit/agents/test_corpus_admin_production_fix.py::TestDifficultEdgeCases::test_execution_with_null_context_data PASSED
tests/unit/agents/test_corpus_admin_production_fix.py::TestDifficultEdgeCases::test_memory_leak_prevention_long_execution PASSED
tests/unit/agents/test_corpus_admin_production_fix.py::TestDifficultEdgeCases::test_rapid_concurrent_execution_stress PASSED
tests/unit/agents/test_corpus_admin_production_fix.py::TestDifficultEdgeCases::test_execution_engine_health_monitoring PASSED
tests/unit/agents/test_corpus_admin_production_fix.py::TestPerformanceBenchmarks::test_single_execution_performance PASSED
tests/unit/agents/test_corpus_admin_production_fix.py::TestPerformanceBenchmarks::test_throughput_benchmark PASSED
tests/unit/agents/test_execution_result_compatibility_regression.py::TestExecutionResultCompatibilityProperties::test_error_property_compatibility PASSED
tests/unit/agents/test_execution_result_compatibility_regression.py::TestExecutionResultCompatibilityProperties::test_error_property_none_when_no_error PASSED
tests/unit/agents/test_execution_result_compatibility_regression.py::TestExecutionResultCompatibilityProperties::test_result_property_compatibility PASSED
tests/unit/agents/test_execution_result_compatibility_regression.py::TestExecutionResultCompatibilityProperties::test_result_property_empty_dict_when_no_data PASSED
tests/unit/agents/test_execution_result_compatibility_regression.py::TestExecutionStatusEnumConsistency::test_execution_status_completed_value PASSED
tests/unit/agents/test_execution_result_compatibility_regression.py::TestExecutionStatusEnumConsistency::test_execution_status_success_alias PASSED
tests/unit/agents/test_execution_result_compatibility_regression.py::TestExecutionStatusEnumConsistency::test_execution_status_all_required_values PASSED
tests/unit/agents/test_execution_result_compatibility_regression.py::TestExecutionStatusEnumConsistency::test_execution_result_is_success_property PASSED
tests/unit/agents/test_execution_result_compatibility_regression.py::TestExecutionStatusEnumConsistency::test_execution_result_is_success_with_success_alias PASSED
tests/unit/agents/test_execution_result_compatibility_regression.py::TestExecutionResultCreationPatterns::test_success_execution_result_pattern PASSED
tests/unit/agents/test_execution_result_compatibility_regression.py::TestExecutionResultCreationPatterns::test_failure_execution_result_pattern PASSED
tests/unit/agents/test_execution_result_compatibility_regression.py::TestExecutionResultCreationPatterns::test_execution_result_with_metrics_and_artifacts PASSED
tests/unit/agents/test_execution_result_compatibility_regression.py::TestBackwardCompatibilityScenarios::test_legacy_success_status_usage PASSED
tests/unit/agents/test_execution_result_compatibility_regression.py::TestBackwardCompatibilityScenarios::test_legacy_error_access_pattern PASSED
tests/unit/agents/test_execution_result_compatibility_regression.py::TestBackwardCompatibilityScenarios::test_legacy_result_access_pattern PASSED
tests/unit/agents/test_execution_result_compatibility_regression.py::TestBackwardCompatibilityScenarios::test_cross_agent_result_handling PASSED
tests/unit/agents/test_reporting_agent_golden.py::TestReportingAgentGoldenPattern::test_golden_pattern_initialization PASSED
tests/unit/agents/test_reporting_agent_golden.py::TestReportingAgentGoldenPattern::test_ssot_compliance_verification PASSED
tests/unit/agents/test_reporting_agent_golden.py::TestReportingExecutionFlow::test_successful_report_generation PASSED
tests/unit/agents/test_reporting_agent_golden.py::TestReportingExecutionFlow::test_validation_failure_handling PASSED
tests/unit/agents/test_reporting_agent_golden.py::TestReportingExecutionFlow::test_execution_failure_recovery PASSED
tests/unit/agents/test_reporting_agent_golden.py::TestWebSocketEventEmission::test_websocket_integration_readiness PASSED
tests/unit/agents/test_reporting_agent_golden.py::TestReportingAgentCaching::test_cache_optimization_readiness PASSED
tests/unit/agents/test_reporting_agent_golden.py::TestReportingAgentCaching::test_cache_miss_scenario PASSED
tests/unit/agents/test_reporting_agent_golden.py::TestReportingEdgeCases::test_empty_report_data_handling PASSED
tests/unit/agents/test_reporting_agent_golden.py::TestReportingEdgeCases::test_large_report_data_handling PASSED
tests/unit/agents/test_reporting_agent_golden.py::TestReportingEdgeCases::test_concurrent_reporting_scenarios PASSED
tests/unit/agents/test_reporting_agent_golden.py::TestReportingPerformancePatterns::test_rapid_report_generation PASSED
tests/unit/agents/test_reporting_agent_golden.py::TestReportingPerformancePatterns::test_memory_efficient_reporting PASSED
tests/unit/agents/test_reporting_agent_golden.py::TestReportingIntegrationReadiness::test_llm_integration_readiness PASSED
tests/unit/agents/test_reporting_agent_golden.py::TestReportingIntegrationReadiness::test_execution_context_compatibility PASSED
tests/unit/agents/test_triage_agent_golden.py::TestTriageAgentGoldenPattern::test_golden_pattern_initialization PASSED
tests/unit/agents/test_triage_agent_golden.py::TestTriageAgentGoldenPattern::test_ssot_compliance_verification PASSED
tests/unit/agents/test_triage_agent_golden.py::TestTriageExecutionFlow::test_successful_categorization_flow PASSED
tests/unit/agents/test_triage_agent_golden.py::TestTriageExecutionFlow::test_validation_failure_handling PASSED
tests/unit/agents/test_triage_agent_golden.py::TestTriageExecutionFlow::test_execution_failure_recovery PASSED
tests/unit/agents/test_triage_agent_golden.py::TestTriageCategorizationLogic::test_data_analysis_categorization PASSED
tests/unit/agents/test_triage_agent_golden.py::TestTriageCategorizationLogic::test_optimization_categorization PASSED
tests/unit/agents/test_triage_agent_golden.py::TestTriageCategorizationLogic::test_reporting_categorization PASSED
tests/unit/agents/test_triage_agent_golden.py::TestTriageCategorizationLogic::test_fallback_categorization PASSED
tests/unit/agents/test_triage_agent_golden.py::TestConfidenceScoring::test_high_confidence_routing PASSED
tests/unit/agents/test_triage_agent_golden.py::TestConfidenceScoring::test_low_confidence_handling PASSED
tests/unit/agents/test_triage_agent_golden.py::TestConfidenceScoring::test_threshold_boundary_conditions PASSED
tests/unit/agents/test_triage_agent_golden.py::TestTriageEdgeCases::test_empty_request_handling PASSED
tests/unit/agents/test_triage_agent_golden.py::TestTriageEdgeCases::test_malformed_request_handling PASSED
tests/unit/agents/test_triage_agent_golden.py::TestTriageEdgeCases::test_concurrent_triage_scenarios PASSED
tests/unit/agents/test_triage_agent_golden.py::TestTriagePerformancePatterns::test_rapid_triage_decisions PASSED
tests/unit/agents/test_triage_agent_golden.py::TestTriagePerformancePatterns::test_memory_efficient_triage PASSED
tests/unit/agents/test_triage_agent_golden.py::TestTriageIntegrationReadiness::test_llm_integration_readiness PASSED
tests/unit/agents/test_triage_agent_golden.py::TestTriageIntegrationReadiness::test_execution_context_compatibility PASSED
tests/unit/agents/test_triage_agent_golden.py::TestTriageIntegrationReadiness::test_routing_system_readiness PASSED
tests/unit/agents/test_triage_execution_result_creation.py::TestExecutionResultCreation::test_successful_result_creation PASSED
tests/unit/agents/test_triage_execution_result_creation.py::TestExecutionResultCreation::test_failure_result_creation PASSED
tests/unit/agents/test_triage_execution_result_creation.py::TestResultDataStructures::test_triage_result_structure PASSED
tests/unit/agents/test_triage_execution_result_creation.py::TestResultDataStructures::test_complex_result_data PASSED
tests/unit/agents/test_triage_execution_result_creation.py::TestResultValidation::test_result_consistency_validation PASSED
tests/unit/agents/test_triage_execution_result_creation.py::TestResultValidation::test_boundary_value_validation PASSED
tests/unit/agents/test_triage_execution_result_creation.py::TestErrorHandling::test_error_result_handling PASSED
tests/unit/agents/test_triage_execution_result_creation.py::TestErrorHandling::test_partial_failure_handling PASSED
tests/unit/agents/test_triage_execution_result_creation.py::TestPerformanceOptimization::test_rapid_result_creation PASSED
tests/unit/agents/test_triage_execution_result_creation.py::TestPerformanceOptimization::test_memory_efficient_results PASSED
tests/unit/agents/test_triage_execution_result_creation.py::TestMetadataHandling::test_metadata_preservation PASSED
tests/unit/agents/test_triage_execution_result_creation.py::TestMetadataHandling::test_context_continuity PASSED
tests/unit/agents/test_triage_execution_result_creation.py::TestEdgeCases::test_empty_result_data PASSED
tests/unit/agents/test_triage_execution_result_creation.py::TestEdgeCases::test_null_result_handling PASSED
tests/unit/agents/test_triage_execution_result_creation.py::TestEdgeCases::test_large_result_data PASSED
tests/unit/core/managers/test_unified_configuration_manager.py::TestUnifiedConfigurationManagerBasics::test_initialization PASSED
tests/unit/core/managers/test_unified_configuration_manager.py::TestUnifiedConfigurationManagerBasics::test_get_config_simple PASSED
tests/unit/core/managers/test_unified_configuration_manager.py::TestUnifiedConfigurationManagerBasics::test_get_config_nonexistent PASSED
tests/unit/core/managers/test_unified_configuration_manager.py::TestUnifiedConfigurationManagerBasics::test_set_config_simple PASSED
tests/unit/core/managers/test_unified_configuration_manager.py::TestUnifiedConfigurationManagerBasics::test_set_config_nested PASSED
tests/unit/core/managers/test_unified_configuration_manager.py::TestConfigurationHierarchy::test_nested_config_access PASSED
tests/unit/core/managers/test_unified_configuration_manager.py::TestConfigurationHierarchy::test_has_config_functionality PASSED
tests/unit/core/managers/test_unified_configuration_manager.py::TestConfigurationHierarchy::test_config_structure_integrity PASSED
tests/unit/core/managers/test_unified_configuration_manager.py::TestConfigurationValidation::test_valid_configuration_values PASSED
tests/unit/core/managers/test_unified_configuration_manager.py::TestConfigurationValidation::test_configuration_defaults PASSED
tests/unit/core/managers/test_unified_configuration_manager.py::TestConfigurationEdgeCases::test_empty_key_handling PASSED
tests/unit/core/managers/test_unified_configuration_manager.py::TestConfigurationEdgeCases::test_overwrite_configuration PASSED
tests/unit/core/managers/test_unified_configuration_manager.py::TestConfigurationEdgeCases::test_none_value_handling PASSED
tests/unit/core/managers/test_unified_configuration_manager.py::TestConfigurationPerformance::test_rapid_config_access PASSED
tests/unit/core/managers/test_unified_configuration_manager.py::TestConfigurationPerformance::test_bulk_config_operations PASSED
tests/unit/core/managers/test_unified_configuration_manager.py::TestConfigurationIntegration::test_service_configuration_isolation PASSED
tests/unit/core/managers/test_unified_configuration_manager.py::TestConfigurationIntegration::test_environment_specific_config PASSED
tests/unit/core/managers/test_unified_lifecycle_manager.py::TestUnifiedLifecycleManagerBasics::test_initialization PASSED
tests/unit/core/managers/test_unified_lifecycle_manager.py::TestUnifiedLifecycleManagerBasics::test_service_registration PASSED
tests/unit/core/managers/test_unified_lifecycle_manager.py::TestUnifiedLifecycleManagerBasics::test_single_service_startup PASSED
tests/unit/core/managers/test_unified_lifecycle_manager.py::TestUnifiedLifecycleManagerBasics::test_single_service_shutdown PASSED
tests/unit/core/managers/test_unified_lifecycle_manager.py::TestLifecycleOrdering::test_multiple_service_startup_order PASSED
tests/unit/core/managers/test_unified_lifecycle_manager.py::TestLifecycleOrdering::test_shutdown_reverse_order PASSED
tests/unit/core/managers/test_unified_lifecycle_manager.py::TestLifecycleStatusManagement::test_status_transitions PASSED
tests/unit/core/managers/test_unified_lifecycle_manager.py::TestLifecycleStatusManagement::test_service_count_tracking PASSED
tests/unit/core/managers/test_unified_lifecycle_manager.py::TestErrorHandling::test_startup_nonexistent_service PASSED
tests/unit/core/managers/test_unified_lifecycle_manager.py::TestErrorHandling::test_shutdown_nonexistent_service PASSED
tests/unit/core/managers/test_unified_lifecycle_manager.py::TestServiceLifecycleIntegration::test_full_lifecycle_integration PASSED
tests/unit/core/managers/test_unified_lifecycle_manager.py::TestServiceLifecycleIntegration::test_service_isolation PASSED
tests/unit/core/managers/test_unified_lifecycle_manager.py::TestPerformancePatterns::test_rapid_service_registration PASSED
tests/unit/core/managers/test_unified_lifecycle_manager.py::TestPerformancePatterns::test_bulk_lifecycle_operations PASSED
tests/unit/core/managers/test_unified_state_manager.py::TestUnifiedStateManagerBasics::test_initialization PASSED
tests/unit/core/managers/test_unified_state_manager.py::TestUnifiedStateManagerBasics::test_set_and_get_simple_state PASSED
tests/unit/core/managers/test_unified_state_manager.py::TestUnifiedStateManagerBasics::test_get_nonexistent_state PASSED
tests/unit/core/managers/test_unified_state_manager.py::TestUnifiedStateManagerBasics::test_nested_state_operations PASSED
tests/unit/core/managers/test_unified_state_manager.py::TestUnifiedStateManagerBasics::test_has_state_functionality PASSED
tests/unit/core/managers/test_unified_state_manager.py::TestStateModification::test_state_overwrite PASSED
tests/unit/core/managers/test_unified_state_manager.py::TestStateModification::test_state_deletion PASSED
tests/unit/core/managers/test_unified_state_manager.py::TestStateModification::test_delete_nonexistent_state PASSED
tests/unit/core/managers/test_unified_state_manager.py::TestStateModification::test_clear_all_state PASSED
tests/unit/core/managers/test_unified_state_manager.py::TestStateHistory::test_state_history_tracking PASSED
tests/unit/core/managers/test_unified_state_manager.py::TestStateHistory::test_history_records_old_values PASSED
tests/unit/core/managers/test_unified_state_manager.py::TestStateObservers::test_observer_registration PASSED
tests/unit/core/managers/test_unified_state_manager.py::TestStateObservers::test_observer_notification PASSED
tests/unit/core/managers/test_unified_state_manager.py::TestStateObservers::test_wildcard_observer PASSED
tests/unit/core/managers/test_unified_state_manager.py::TestStateSnapshots::test_state_snapshot PASSED
tests/unit/core/managers/test_unified_state_manager.py::TestStateSnapshots::test_snapshot_isolation PASSED
tests/unit/core/managers/test_unified_state_manager.py::TestStateDataTypes::test_various_data_types PASSED
tests/unit/core/managers/test_unified_state_manager.py::TestStateDataTypes::test_none_value_handling PASSED
tests/unit/core/managers/test_unified_state_manager.py::TestStateEdgeCases::test_empty_key_handling PASSED
tests/unit/core/managers/test_unified_state_manager.py::TestStateEdgeCases::test_deep_nesting PASSED
tests/unit/core/managers/test_unified_state_manager.py::TestStatePerformance::test_bulk_state_operations PASSED
tests/unit/core/managers/test_unified_state_manager.py::TestStatePerformance::test_rapid_state_access PASSED
tests/unit/core/managers/test_unified_state_manager.py::TestStateIntegration::test_service_state_isolation PASSED
tests/unit/core/managers/test_unified_state_manager.py::TestStateIntegration::test_shared_state_access PASSED
tests/unit/core/test_agent_health_checker.py::TestAgentHealthCheckerRegistration::test_register_agent_checker_success PASSED
tests/unit/core/test_agent_health_checker.py::TestAgentHealthCheckerRegistration::test_register_agent_checker_import_error PASSED
tests/unit/core/test_agent_health_checker.py::TestAgentHealthCheckerCreation::test_create_agent_checker_returns_callable PASSED
tests/unit/core/test_agent_health_checker.py::TestAgentHealthCheckerCreation::test_agent_checker_success_path PASSED
tests/unit/core/test_agent_health_checker.py::TestAgentHealthCheckerCreation::test_agent_checker_error_handling PASSED
tests/unit/core/test_agent_health_checker.py::TestAgentHealthCheckExecution::test_perform_agent_health_check_success PASSED
tests/unit/core/test_agent_health_checker.py::TestAgentHealthScoreCalculation::test_calculate_health_score_perfect_health PASSED
tests/unit/core/test_agent_health_checker.py::TestAgentHealthScoreCalculation::test_calculate_health_score_high_error_rate PASSED
tests/unit/core/test_agent_health_checker.py::TestAgentHealthScoreCalculation::test_calculate_health_score_no_agents PASSED
tests/unit/core/test_agent_health_checker.py::TestAgentHealthResultCreation::test_create_success_result PASSED
tests/unit/core/test_agent_health_checker.py::TestAgentHealthResultCreation::test_create_error_result PASSED
tests/unit/core/test_agent_health_checker.py::TestAgentHealthUtilityFunctions::test_compute_health_score_with_penalties_perfect PASSED
tests/unit/core/test_agent_health_checker.py::TestAgentHealthUtilityFunctions::test_compute_health_score_with_penalties_high_error_rate PASSED
tests/unit/core/test_agent_health_checker.py::TestAgentHealthUtilityFunctions::test_calculate_health_status_from_score_healthy PASSED
tests/unit/core/test_agent_health_checker.py::TestAgentHealthUtilityFunctions::test_determine_system_status_critical PASSED
tests/unit/core/test_agent_health_checker.py::TestAgentHealthUtilityFunctions::test_convert_legacy_result_dict PASSED
tests/unit/core/test_agent_health_checker.py::TestAgentHealthUtilityFunctions::test_convert_legacy_result_numeric PASSED
tests/unit/core/test_api_validation_patterns.py::TestAPIValidationPatterns::test_request_validation_success PASSED
tests/unit/core/test_api_validation_patterns.py::TestAPIValidationPatterns::test_request_validation_missing_required_field PASSED
tests/unit/core/test_api_validation_patterns.py::TestAPIValidationPatterns::test_request_validation_field_constraints PASSED
tests/unit/core/test_api_validation_patterns.py::TestAPIValidationPatterns::test_request_validation_with_defaults PASSED
tests/unit/core/test_api_validation_patterns.py::TestAPIValidationPatterns::test_response_validation_and_serialization PASSED
tests/unit/core/test_api_validation_patterns.py::TestAPIValidationPatterns::test_validation_error_transformation PASSED
tests/unit/core/test_api_validation_patterns.py::TestAPIErrorBoundaries::test_service_error_handling_pattern PASSED
tests/unit/core/test_api_validation_patterns.py::TestAPIErrorBoundaries::test_nested_validation_patterns PASSED
tests/unit/core/test_api_validation_patterns.py::TestAPIErrorBoundaries::test_conditional_validation_patterns PASSED
tests/unit/core/test_api_validation_patterns.py::TestAPIResponsePatterns::test_standardized_response_format PASSED
tests/unit/core/test_api_validation_patterns.py::TestAPIResponsePatterns::test_response_serialization_edge_cases PASSED
tests/unit/core/test_configuration_validation.py::TestConfigurationConsistency::test_service_priority_consistency PASSED
tests/unit/core/test_configuration_validation.py::TestConfigurationConsistency::test_postgres_always_critical PASSED
tests/unit/core/test_configuration_validation.py::TestConfigurationConsistency::test_secure_configuration_boundaries_iteration_16 PASSED
tests/unit/core/test_configuration_validation.py::TestConfigurationConsistency::test_environment_detection_fallback PASSED
tests/unit/core/test_configuration_validation.py::TestConfigurationConsistency::test_configuration_environment_variables PASSED
tests/unit/core/test_configuration_validation.py::TestHealthCheckTimeouts::test_timeout_values_are_reasonable PASSED
tests/unit/core/test_configuration_validation.py::TestHealthCheckTimeouts::test_timeout_environment_specificity PASSED
tests/unit/core/test_configuration_validation.py::TestServiceDependencyMapping::test_critical_services_are_minimal PASSED
tests/unit/core/test_configuration_validation.py::TestServiceDependencyMapping::test_optional_services_graceful_degradation PASSED
tests/unit/core/test_configuration_validation.py::TestResilienceConfiguration::test_error_classification_consistency PASSED
tests/unit/core/test_configuration_validation.py::TestResilienceConfiguration::test_response_time_recording PASSED
tests/unit/core/test_configuration_validation.py::TestSecurityBoundaryConfiguration::test_environment_isolation_configuration PASSED
tests/unit/core/test_configuration_validation.py::TestSecurityBoundaryConfiguration::test_sensitive_configuration_validation PASSED
tests/unit/core/test_configuration_validation.py::TestSecurityBoundaryConfiguration::test_authentication_configuration_security PASSED
tests/unit/core/test_configuration_validation.py::TestSecurityBoundaryConfiguration::test_cors_security_configuration PASSED
tests/unit/core/test_configuration_validation.py::TestSecurityBoundaryConfiguration::test_rate_limiting_configuration_security PASSED
tests/unit/core/test_configuration_validation.py::TestSecurityBoundaryConfiguration::test_database_connection_pool_security PASSED
tests/unit/core/test_configuration_validation.py::TestSystemIntegrationConfiguration::test_health_checker_component_coverage PASSED
tests/unit/core/test_configuration_validation.py::TestSystemIntegrationConfiguration::test_configuration_immutability_during_runtime PASSED
tests/unit/core/test_error_handling_enhanced.py::TestErrorHandlingResilience::test_cascading_failure_resilience PASSED
tests/unit/core/test_error_handling_enhanced.py::TestErrorHandlingResilience::test_timeout_handling_in_health_checks PASSED
tests/unit/core/test_error_handling_enhanced.py::TestErrorHandlingResilience::test_error_recovery_mechanisms PASSED
tests/unit/core/test_error_handling_enhanced.py::TestErrorHandlingResilience::test_concurrent_error_scenarios PASSED
tests/unit/core/test_error_handling_enhanced.py::TestSystemResourceErrorHandling::test_system_resource_unavailable_handling PASSED
tests/unit/core/test_error_handling_enhanced.py::TestSystemResourceErrorHandling::test_partial_system_resource_failure PASSED
tests/unit/core/test_error_handling_enhanced.py::TestDatabaseConnectionErrorHandling::test_database_connection_pool_exhaustion PASSED
tests/unit/core/test_error_handling_enhanced.py::TestDatabaseConnectionErrorHandling::test_database_ssl_configuration_error PASSED
tests/unit/core/test_error_handling_enhanced.py::TestCircuitBreakerErrorHandling::test_circuit_breaker_error_classification PASSED
tests/unit/core/test_error_handling_enhanced.py::TestCircuitBreakerErrorHandling::test_health_check_with_circuit_breaker_open PASSED
tests/unit/core/test_error_recovery_patterns.py::TestRetryStrategies::test_exponential_backoff_strategy PASSED
tests/unit/core/test_error_recovery_patterns.py::TestRetryStrategies::test_adaptive_retry_strategy PASSED
tests/unit/core/test_error_recovery_patterns.py::TestRetryStrategies::test_circuit_breaker_recovery_pattern PASSED
tests/unit/core/test_error_recovery_patterns.py::TestCompensationPatterns::test_saga_compensation_pattern PASSED
tests/unit/core/test_error_recovery_patterns.py::TestCompensationPatterns::test_transaction_rollback_pattern PASSED
tests/unit/core/test_error_recovery_patterns.py::TestErrorBoundaryPatterns::test_error_isolation_pattern PASSED
tests/unit/core/test_error_recovery_patterns.py::TestErrorBoundaryPatterns::test_graceful_degradation_pattern PASSED
tests/unit/core/test_jwt_secret_ssot_compliance.py::TestJWTSecretSSOTCompliance::test_canonical_jwt_secret_method_fallback_chain PASSED
tests/unit/core/test_jwt_secret_ssot_compliance.py::TestJWTSecretSSOTCompliance::test_canonical_jwt_secret_method_production_validation PASSED
tests/unit/core/test_jwt_secret_ssot_compliance.py::TestJWTSecretSSOTCompliance::test_token_service_delegates_to_ssot PASSED
tests/unit/core/test_jwt_secret_ssot_compliance.py::TestJWTSecretSSOTCompliance::test_middleware_delegates_to_ssot_when_no_explicit_secret PASSED
tests/unit/core/test_jwt_secret_ssot_compliance.py::TestJWTSecretSSOTCompliance::test_middleware_validates_explicit_secret_but_uses_ssot_for_fallback PASSED
tests/unit/core/test_jwt_secret_ssot_compliance.py::TestJWTSecretSSOTCompliance::test_all_components_return_same_secret_for_same_environment PASSED
tests/unit/core/test_jwt_secret_ssot_compliance.py::TestJWTSecretSSOTCompliance::test_ssot_method_strips_whitespace_correctly PASSED
tests/unit/core/test_jwt_secret_ssot_compliance.py::TestJWTSecretSSOTCompliance::test_unified_secret_manager_instance_method PASSED
tests/unit/core/test_jwt_secret_ssot_compliance.py::TestJWTSecretSSOTCompliance::test_ssot_compliance_error_handling PASSED
tests/unit/core/test_jwt_secret_ssot_compliance.py::TestJWTSecretSSOTIntegration::test_no_duplicate_jwt_secret_loading_logic PASSED
tests/unit/core/test_logging_color_output.py::TestLoggingColorOutput::test_info_message_no_literal_color_tags PASSED
tests/unit/core/test_logging_color_output.py::TestLoggingColorOutput::test_error_message_no_literal_color_tags PASSED
tests/unit/core/test_logging_color_output.py::TestLoggingColorOutput::test_multiple_log_levels_no_literal_tags PASSED
tests/unit/core/test_logging_color_output.py::TestLoggingColorOutput::test_central_logger_instance_color_behavior PASSED
tests/unit/core/test_logging_color_output.py::TestLoggingColorOutput::test_sensitive_data_filter_preserves_color_behavior PASSED
tests/unit/core/test_logging_color_staging.py::test_logging_colors_by_environment[development-True] PASSED
tests/unit/core/test_logging_color_staging.py::test_logging_colors_by_environment[staging-False] PASSED
tests/unit/core/test_logging_color_staging.py::test_logging_colors_by_environment[production-False] PASSED
tests/unit/core/test_logging_color_staging.py::test_logging_colors_by_environment[prod-False] PASSED
tests/unit/core/test_logging_color_staging.py::test_staging_logs_no_ansi PASSED
tests/unit/core/test_project_utils.py::TestProjectPathResolution::test_get_project_root_returns_correct_path PASSED
tests/unit/core/test_project_utils.py::TestProjectPathResolution::test_get_app_root_returns_correct_path PASSED
tests/unit/core/test_project_utils.py::TestProjectPathResolution::test_project_and_app_root_relationship PASSED
tests/unit/core/test_project_utils.py::TestProjectPathResolution::test_paths_are_consistent_across_calls PASSED
tests/unit/core/test_project_utils.py::TestEnvironmentDetection::test_pytest_current_test_detection PASSED
tests/unit/core/test_project_utils.py::TestEnvironmentDetection::test_testing_flag_detection PASSED
tests/unit/core/test_project_utils.py::TestEnvironmentDetection::test_pytest_in_command_line_detection PASSED
tests/unit/core/test_project_utils.py::TestEnvironmentDetection::test_environment_name_test_detection PASSED
tests/unit/core/test_project_utils.py::TestEnvironmentDetection::test_environment_name_testing_detection PASSED
tests/unit/core/test_project_utils.py::TestEnvironmentDetection::test_netra_env_test_detection PASSED
tests/unit/core/test_project_utils.py::TestEnvironmentDetection::test_netra_env_testing_detection PASSED
tests/unit/core/test_project_utils.py::TestEnvironmentDetection::test_non_test_environment_detection PASSED
tests/unit/core/test_project_utils.py::TestEnvironmentDetection::test_case_insensitive_detection PASSED
tests/unit/core/test_project_utils.py::TestEnvironmentDetection::test_multiple_detection_methods_priority PASSED
tests/unit/core/test_project_utils.py::TestEnvironmentDetection::test_empty_environment_variables PASSED
tests/unit/core/test_project_utils.py::TestPathResolutionEdgeCases::test_path_resolution_with_symlinks PASSED
tests/unit/core/test_project_utils.py::TestPathResolutionEdgeCases::test_path_resolution_is_stable PASSED
tests/unit/core/test_project_utils.py::TestSSotCompliance::test_functions_are_ssot PASSED
tests/unit/core/test_project_utils.py::TestSSotCompliance::test_functions_have_docstrings PASSED
tests/unit/core/test_project_utils.py::TestIntegrationWithActualEnvironment::test_project_structure_validation PASSED
tests/unit/core/test_project_utils.py::TestIntegrationWithActualEnvironment::test_app_structure_validation PASSED
tests/unit/core/test_project_utils.py::TestIntegrationWithActualEnvironment::test_current_test_is_actually_in_test_environment PASSED
tests/unit/core/test_project_utils.py::TestRealWorldUsage::test_can_import_sibling_modules_using_project_root PASSED
tests/unit/core/test_project_utils.py::TestRealWorldUsage::test_can_find_config_files_using_project_root PASSED
tests/unit/core/test_project_utils.py::TestRealWorldUsage::test_environment_detection_works_in_ci PASSED
tests/unit/core/test_startup_initialization.py::TestStartupInitialization::test_system_readiness_check_all_services PASSED
tests/unit/core/test_startup_initialization.py::TestStartupInitialization::test_startup_failure_scenario PASSED
tests/unit/core/test_startup_initialization.py::TestStartupInitialization::test_initialization_timeout_configuration PASSED
tests/unit/core/test_startup_initialization.py::TestStartupInitialization::test_service_discovery_readiness PASSED
tests/unit/core/test_startup_initialization.py::TestStartupErrorHandling::test_concurrent_startup_operations PASSED
tests/unit/core/test_startup_initialization.py::TestStartupErrorHandling::test_configuration_validation_on_startup PASSED
tests/unit/core/test_startup_initialization.py::TestStartupErrorHandling::test_graceful_degradation_on_startup PASSED
tests/unit/db/test_postgres_core_production_fix.py::TestMockSessionFactoryRemoval::test_initialize_postgres_no_mock_factory_fallback PASSED
tests/unit/db/test_postgres_core_production_fix.py::TestMockSessionFactoryRemoval::test_security_fix_comment_present PASSED
tests/unit/db/test_postgres_core_production_fix.py::TestMockSessionFactoryRemoval::test_no_mock_imports_in_postgres_core PASSED
tests/unit/db/test_postgres_core_production_fix.py::TestMockSessionFactoryRemoval::test_all_session_factory_returns_are_real PASSED
tests/unit/db/test_postgres_core_production_fix.py::TestInitializePostgresFailFast::test_initialize_postgres_fails_on_invalid_url FAILED

================================== FAILURES ===================================
_ TestInitializePostgresFailFast.test_initialize_postgres_fails_on_invalid_url _
tests\unit\db\test_postgres_core_production_fix.py:208: in test_initialize_postgres_fails_on_invalid_url
    with pytest.raises(RuntimeError, match="Database engine creation failed"):
E   Failed: DID NOT RAISE <class 'RuntimeError'>
============================== warnings summary ===============================
..\..\..\..\..\AppData\Roaming\Python\Python312\site-packages\_pytest\config\__init__.py:1474
  C:\Users\antho\AppData\Roaming\Python\Python312\site-packages\_pytest\config\__init__.py:1474: PytestConfigWarning: Unknown config option: plugins
  
    self._warn_or_fail_if_strict(f"Unknown config option: {key}\n")

tests\unit\agents\test_corpus_admin_production_fix.py:126
  C:\Users\antho\OneDrive\Desktop\Netra\netra-core-generation-1\netra_backend\tests\unit\agents\test_corpus_admin_production_fix.py:126: PytestCollectionWarning: cannot collect test class 'TestExecutionMetrics' because it has a __init__ constructor (from: tests/unit/agents/test_corpus_admin_production_fix.py)
    @dataclass

..\test_framework\database\test_database_manager.py:11
  C:\Users\antho\OneDrive\Desktop\Netra\netra-core-generation-1\test_framework\database\test_database_manager.py:11: PytestCollectionWarning: cannot collect test class 'TestDatabaseManager' because it has a __init__ constructor (from: tests/unit/core/test_configuration_validation.py)
    class TestDatabaseManager:

..\test_framework\redis_test_utils\test_redis_manager.py:11
  C:\Users\antho\OneDrive\Desktop\Netra\netra-core-generation-1\test_framework\redis_test_utils\test_redis_manager.py:11: PytestCollectionWarning: cannot collect test class 'TestRedisManager' because it has a __init__ constructor (from: tests/unit/core/test_configuration_validation.py)
    class TestRedisManager:

..\test_framework\database\test_database_manager.py:11
  C:\Users\antho\OneDrive\Desktop\Netra\netra-core-generation-1\test_framework\database\test_database_manager.py:11: PytestCollectionWarning: cannot collect test class 'TestDatabaseManager' because it has a __init__ constructor (from: tests/unit/core/test_error_handling_enhanced.py)
    class TestDatabaseManager:

..\test_framework\redis_test_utils\test_redis_manager.py:11
  C:\Users\antho\OneDrive\Desktop\Netra\netra-core-generation-1\test_framework\redis_test_utils\test_redis_manager.py:11: PytestCollectionWarning: cannot collect test class 'TestRedisManager' because it has a __init__ constructor (from: tests/unit/core/test_error_handling_enhanced.py)
    class TestRedisManager:

..\test_framework\database\test_database_manager.py:11
  C:\Users\antho\OneDrive\Desktop\Netra\netra-core-generation-1\test_framework\database\test_database_manager.py:11: PytestCollectionWarning: cannot collect test class 'TestDatabaseManager' because it has a __init__ constructor (from: tests/unit/core/test_error_recovery_patterns.py)
    class TestDatabaseManager:

..\test_framework\redis_test_utils\test_redis_manager.py:11
  C:\Users\antho\OneDrive\Desktop\Netra\netra-core-generation-1\test_framework\redis_test_utils\test_redis_manager.py:11: PytestCollectionWarning: cannot collect test class 'TestRedisManager' because it has a __init__ constructor (from: tests/unit/core/test_error_recovery_patterns.py)
    class TestRedisManager:

..\test_framework\database\test_database_manager.py:11
  C:\Users\antho\OneDrive\Desktop\Netra\netra-core-generation-1\test_framework\database\test_database_manager.py:11: PytestCollectionWarning: cannot collect test class 'TestDatabaseManager' because it has a __init__ constructor (from: tests/unit/core/test_logging_color_output.py)
    class TestDatabaseManager:

..\test_framework\database\test_database_manager.py:11
  C:\Users\antho\OneDrive\Desktop\Netra\netra-core-generation-1\test_framework\database\test_database_manager.py:11: PytestCollectionWarning: cannot collect test class 'TestDatabaseManager' because it has a __init__ constructor (from: tests/unit/core/test_project_utils.py)
    class TestDatabaseManager:

..\test_framework\database\test_database_manager.py:11
  C:\Users\antho\OneDrive\Desktop\Netra\netra-core-generation-1\test_framework\database\test_database_manager.py:11: PytestCollectionWarning: cannot collect test class 'TestDatabaseManager' because it has a __init__ constructor (from: tests/unit/core/test_startup_initialization.py)
    class TestDatabaseManager:

..\test_framework\redis_test_utils\test_redis_manager.py:11
  C:\Users\antho\OneDrive\Desktop\Netra\netra-core-generation-1\test_framework\redis_test_utils\test_redis_manager.py:11: PytestCollectionWarning: cannot collect test class 'TestRedisManager' because it has a __init__ constructor (from: tests/unit/core/test_startup_initialization.py)
    class TestRedisManager:

..\test_framework\ssot\websocket.py:30
  C:\Users\antho\OneDrive\Desktop\Netra\netra-core-generation-1\test_framework\ssot\websocket.py:30: DeprecationWarning: websockets.exceptions.InvalidStatusCode is deprecated
    from websockets.exceptions import ConnectionClosed, InvalidStatusCode, WebSocketException

..\..\..\..\..\AppData\Roaming\Python\Python312\site-packages\websockets\legacy\__init__.py:6
  C:\Users\antho\AppData\Roaming\Python\Python312\site-packages\websockets\legacy\__init__.py:6: DeprecationWarning: websockets.legacy is deprecated; see https://websockets.readthedocs.io/en/stable/howto/upgrade.html for upgrade instructions
    warnings.warn(  # deprecated in 14.0 - 2024-11-09

..\test_framework\resource_monitor.py:53
  C:\Users\antho\OneDrive\Desktop\Netra\netra-core-generation-1\test_framework\resource_monitor.py:53: UserWarning: docker-py not available - Docker API monitoring disabled
    warnings.warn("docker-py not available - Docker API monitoring disabled")

..\test_framework\database\test_database_manager.py:11
  C:\Users\antho\OneDrive\Desktop\Netra\netra-core-generation-1\test_framework\database\test_database_manager.py:11: PytestCollectionWarning: cannot collect test class 'TestDatabaseManager' because it has a __init__ constructor (from: tests/unit/middleware/test_error_recovery_middleware.py)
    class TestDatabaseManager:

..\test_framework\redis_test_utils\test_redis_manager.py:11
  C:\Users\antho\OneDrive\Desktop\Netra\netra-core-generation-1\test_framework\redis_test_utils\test_redis_manager.py:11: PytestCollectionWarning: cannot collect test class 'TestRedisManager' because it has a __init__ constructor (from: tests/unit/middleware/test_security_headers_middleware.py)
    class TestRedisManager:

..\test_framework\redis_test_utils\test_redis_manager.py:11
  C:\Users\antho\OneDrive\Desktop\Netra\netra-core-generation-1\test_framework\redis_test_utils\test_redis_manager.py:11: PytestCollectionWarning: cannot collect test class 'TestRedisManager' because it has a __init__ constructor (from: tests/unit/test_action_plan_uvs.py)
    class TestRedisManager:

app\websocket_core\unified_manager.py:99
  C:\Users\antho\OneDrive\Desktop\Netra\netra-core-generation-1\netra_backend\app\websocket_core\unified_manager.py:99: DeprecationWarning: datetime.datetime.utcnow() is deprecated and scheduled for removal in a future version. Use timezone-aware objects to represent datetimes in UTC: datetime.datetime.now(datetime.UTC).
    self._last_health_check = datetime.utcnow()

..\test_framework\database\test_database_manager.py:11
  C:\Users\antho\OneDrive\Desktop\Netra\netra-core-generation-1\test_framework\database\test_database_manager.py:11: PytestCollectionWarning: cannot collect test class 'TestDatabaseManager' because it has a __init__ constructor (from: tests/unit/test_app_factory.py)
    class TestDatabaseManager:

..\test_framework\database\test_database_manager.py:11
  C:\Users\antho\OneDrive\Desktop\Netra\netra-core-generation-1\test_framework\database\test_database_manager.py:11: PytestCollectionWarning: cannot collect test class 'TestDatabaseManager' because it has a __init__ constructor (from: tests/unit/test_base.py)
    class TestDatabaseManager:

..\test_framework\database\test_database_manager.py:11
  C:\Users\antho\OneDrive\Desktop\Netra\netra-core-generation-1\test_framework\database\test_database_manager.py:11: PytestCollectionWarning: cannot collect test class 'TestDatabaseManager' because it has a __init__ constructor (from: tests/unit/test_clickhouse_graceful_degradation.py)
    class TestDatabaseManager:

..\test_framework\database\test_database_manager.py:11
  C:\Users\antho\OneDrive\Desktop\Netra\netra-core-generation-1\test_framework\database\test_database_manager.py:11: PytestCollectionWarning: cannot collect test class 'TestDatabaseManager' because it has a __init__ constructor (from: tests/unit/test_config_management_cycle_66.py)
    class TestDatabaseManager:

..\test_framework\redis_test_utils\test_redis_manager.py:11
  C:\Users\antho\OneDrive\Desktop\Netra\netra-core-generation-1\test_framework\redis_test_utils\test_redis_manager.py:11: PytestCollectionWarning: cannot collect test class 'TestRedisManager' because it has a __init__ constructor (from: tests/unit/test_config_management_cycle_66.py)
    class TestRedisManager:

..\test_framework\redis_test_utils\test_redis_manager.py:11
  C:\Users\antho\OneDrive\Desktop\Netra\netra-core-generation-1\test_framework\redis_test_utils\test_redis_manager.py:11: PytestCollectionWarning: cannot collect test class 'TestRedisManager' because it has a __init__ constructor (from: tests/unit/test_cost_tracker.py)
    class TestRedisManager:

..\test_framework\database\test_database_manager.py:11
  C:\Users\antho\OneDrive\Desktop\Netra\netra-core-generation-1\test_framework\database\test_database_manager.py:11: PytestCollectionWarning: cannot collect test class 'TestDatabaseManager' because it has a __init__ constructor (from: tests/unit/test_database_dependencies.py)
    class TestDatabaseManager:

..\test_framework\database\test_database_manager.py:11
  C:\Users\antho\OneDrive\Desktop\Netra\netra-core-generation-1\test_framework\database\test_database_manager.py:11: PytestCollectionWarning: cannot collect test class 'TestDatabaseManager' because it has a __init__ constructor (from: tests/unit/test_database_url_validation.py)
    class TestDatabaseManager:

..\test_framework\database\test_database_manager.py:11
  C:\Users\antho\OneDrive\Desktop\Netra\netra-core-generation-1\test_framework\database\test_database_manager.py:11: PytestCollectionWarning: cannot collect test class 'TestDatabaseManager' because it has a __init__ constructor (from: tests/unit/test_disaster_recovery_backup_validation.py)
    class TestDatabaseManager:

..\test_framework\redis_test_utils\test_redis_manager.py:11
  C:\Users\antho\OneDrive\Desktop\Netra\netra-core-generation-1\test_framework\redis_test_utils\test_redis_manager.py:11: PytestCollectionWarning: cannot collect test class 'TestRedisManager' because it has a __init__ constructor (from: tests/unit/test_distributed_circuit_breaker_observability.py)
    class TestRedisManager:

..\test_framework\database\test_database_manager.py:11
  C:\Users\antho\OneDrive\Desktop\Netra\netra-core-generation-1\test_framework\database\test_database_manager.py:11: PytestCollectionWarning: cannot collect test class 'TestDatabaseManager' because it has a __init__ constructor (from: tests/unit/test_environment_validator.py)
    class TestDatabaseManager:

..\test_framework\redis_test_utils\test_redis_manager.py:11
  C:\Users\antho\OneDrive\Desktop\Netra\netra-core-generation-1\test_framework\redis_test_utils\test_redis_manager.py:11: PytestCollectionWarning: cannot collect test class 'TestRedisManager' because it has a __init__ constructor (from: tests/unit/test_environment_validator.py)
    class TestRedisManager:

..\test_framework\database\test_database_manager.py:11
  C:\Users\antho\OneDrive\Desktop\Netra\netra-core-generation-1\test_framework\database\test_database_manager.py:11: PytestCollectionWarning: cannot collect test class 'TestDatabaseManager' because it has a __init__ constructor (from: tests/unit/test_error_handler_regression.py)
    class TestDatabaseManager:

..\test_framework\database\test_database_manager.py:11
  C:\Users\antho\OneDrive\Desktop\Netra\netra-core-generation-1\test_framework\database\test_database_manager.py:11: PytestCollectionWarning: cannot collect test class 'TestDatabaseManager' because it has a __init__ constructor (from: tests/unit/test_error_recovery_integration_helpers.py)
    class TestDatabaseManager:

..\test_framework\database\test_database_manager.py:11
  C:\Users\antho\OneDrive\Desktop\Netra\netra-core-generation-1\test_framework\database\test_database_manager.py:11: PytestCollectionWarning: cannot collect test class 'TestDatabaseManager' because it has a __init__ constructor (from: tests/unit/test_health_checkers_core.py)
    class TestDatabaseManager:

..\test_framework\redis_test_utils\test_redis_manager.py:11
  C:\Users\antho\OneDrive\Desktop\Netra\netra-core-generation-1\test_framework\redis_test_utils\test_redis_manager.py:11: PytestCollectionWarning: cannot collect test class 'TestRedisManager' because it has a __init__ constructor (from: tests/unit/test_health_checkers_core.py)
    class TestRedisManager:

..\test_framework\database\test_database_manager.py:11
  C:\Users\antho\OneDrive\Desktop\Netra\netra-core-generation-1\test_framework\database\test_database_manager.py:11: PytestCollectionWarning: cannot collect test class 'TestDatabaseManager' because it has a __init__ constructor (from: tests/unit/test_integration_scenarios.py)
    class TestDatabaseManager:

..\test_framework\database\test_database_manager.py:11
  C:\Users\antho\OneDrive\Desktop\Netra\netra-core-generation-1\test_framework\database\test_database_manager.py:11: PytestCollectionWarning: cannot collect test class 'TestDatabaseManager' because it has a __init__ constructor (from: tests/unit/test_key_parameters_pydantic_access.py)
    class TestDatabaseManager:

..\test_framework\redis_test_utils\test_redis_manager.py:11
  C:\Users\antho\OneDrive\Desktop\Netra\netra-core-generation-1\test_framework\redis_test_utils\test_redis_manager.py:11: PytestCollectionWarning: cannot collect test class 'TestRedisManager' because it has a __init__ constructor (from: tests/unit/test_key_parameters_pydantic_access.py)
    class TestRedisManager:

..\test_framework\database\test_database_manager.py:11
  C:\Users\antho\OneDrive\Desktop\Netra\netra-core-generation-1\test_framework\database\test_database_manager.py:11: PytestCollectionWarning: cannot collect test class 'TestDatabaseManager' because it has a __init__ constructor (from: tests/unit/test_metrics_collector_core.py)
    class TestDatabaseManager:

..\test_framework\redis_test_utils\test_redis_manager.py:11
  C:\Users\antho\OneDrive\Desktop\Netra\netra-core-generation-1\test_framework\redis_test_utils\test_redis_manager.py:11: PytestCollectionWarning: cannot collect test class 'TestRedisManager' because it has a __init__ constructor (from: tests/unit/test_metrics_collector_core.py)
    class TestRedisManager:

..\test_framework\redis_test_utils\test_redis_manager.py:11
  C:\Users\antho\OneDrive\Desktop\Netra\netra-core-generation-1\test_framework\redis_test_utils\test_redis_manager.py:11: PytestCollectionWarning: cannot collect test class 'TestRedisManager' because it has a __init__ constructor (from: tests/unit/test_metrics_collector_summary.py)
    class TestRedisManager:

..\test_framework\database\test_database_manager.py:11
  C:\Users\antho\OneDrive\Desktop\Netra\netra-core-generation-1\test_framework\database\test_database_manager.py:11: PytestCollectionWarning: cannot collect test class 'TestDatabaseManager' because it has a __init__ constructor (from: tests/unit/test_metrics_value_type_mismatch.py)
    class TestDatabaseManager:

..\test_framework\database\test_database_manager.py:11
  C:\Users\antho\OneDrive\Desktop\Netra\netra-core-generation-1\test_framework\database\test_database_manager.py:11: PytestCollectionWarning: cannot collect test class 'TestDatabaseManager' because it has a __init__ constructor (from: tests/unit/test_migrations.py)
    class TestDatabaseManager:

..\test_framework\database\test_database_manager.py:11
  C:\Users\antho\OneDrive\Desktop\Netra\netra-core-generation-1\test_framework\database\test_database_manager.py:11: PytestCollectionWarning: cannot collect test class 'TestDatabaseManager' because it has a __init__ constructor (from: tests/unit/test_multi_tenant_data_isolation.py)
    class TestDatabaseManager:

..\test_framework\redis_test_utils\test_redis_manager.py:11
  C:\Users\antho\OneDrive\Desktop\Netra\netra-core-generation-1\test_framework\redis_test_utils\test_redis_manager.py:11: PytestCollectionWarning: cannot collect test class 'TestRedisManager' because it has a __init__ constructor (from: tests/unit/test_multi_tenant_data_isolation.py)
    class TestRedisManager:

..\test_framework\database\test_database_manager.py:11
  C:\Users\antho\OneDrive\Desktop\Netra\netra-core-generation-1\test_framework\database\test_database_manager.py:11: PytestCollectionWarning: cannot collect test class 'TestDatabaseManager' because it has a __init__ constructor (from: tests/unit/test_multi_tenant_resource_quotas.py)
    class TestDatabaseManager:

..\test_framework\redis_test_utils\test_redis_manager.py:11
  C:\Users\antho\OneDrive\Desktop\Netra\netra-core-generation-1\test_framework\redis_test_utils\test_redis_manager.py:11: PytestCollectionWarning: cannot collect test class 'TestRedisManager' because it has a __init__ constructor (from: tests/unit/test_reporting_resilience.py)
    class TestRedisManager:

..\test_framework\database\test_database_manager.py:11
  C:\Users\antho\OneDrive\Desktop\Netra\netra-core-generation-1\test_framework\database\test_database_manager.py:11: PytestCollectionWarning: cannot collect test class 'TestDatabaseManager' because it has a __init__ constructor (from: tests/unit/test_secret_key_validation.py)
    class TestDatabaseManager:

..\test_framework\database\test_database_manager.py:11
  C:\Users\antho\OneDrive\Desktop\Netra\netra-core-generation-1\test_framework\database\test_database_manager.py:11: PytestCollectionWarning: cannot collect test class 'TestDatabaseManager' because it has a __init__ constructor (from: tests/unit/test_session.py)
    class TestDatabaseManager:

..\test_framework\redis_test_utils\test_redis_manager.py:11
  C:\Users\antho\OneDrive\Desktop\Netra\netra-core-generation-1\test_framework\redis_test_utils\test_redis_manager.py:11: PytestCollectionWarning: cannot collect test class 'TestRedisManager' because it has a __init__ constructor (from: tests/unit/test_shutdown_errors.py)
    class TestRedisManager:

..\test_framework\database\test_database_manager.py:11
  C:\Users\antho\OneDrive\Desktop\Netra\netra-core-generation-1\test_framework\database\test_database_manager.py:11: PytestCollectionWarning: cannot collect test class 'TestDatabaseManager' because it has a __init__ constructor (from: tests/unit/test_state_persistence_datetime_serialization.py)
    class TestDatabaseManager:

..\test_framework\redis_test_utils\test_redis_manager.py:11
  C:\Users\antho\OneDrive\Desktop\Netra\netra-core-generation-1\test_framework\redis_test_utils\test_redis_manager.py:11: PytestCollectionWarning: cannot collect test class 'TestRedisManager' because it has a __init__ constructor (from: tests/unit/test_state_persistence_datetime_serialization.py)
    class TestRedisManager:

..\test_framework\database\test_database_manager.py:11
  C:\Users\antho\OneDrive\Desktop\Netra\netra-core-generation-1\test_framework\database\test_database_manager.py:11: PytestCollectionWarning: cannot collect test class 'TestDatabaseManager' because it has a __init__ constructor (from: tests/unit/test_state_persistence_user_creation.py)
    class TestDatabaseManager:

..\test_framework\redis_test_utils\test_redis_manager.py:11
  C:\Users\antho\OneDrive\Desktop\Netra\netra-core-generation-1\test_framework\redis_test_utils\test_redis_manager.py:11: PytestCollectionWarning: cannot collect test class 'TestRedisManager' because it has a __init__ constructor (from: tests/unit/test_state_persistence_user_creation.py)
    class TestRedisManager:

..\test_framework\database\test_database_manager.py:11
  C:\Users\antho\OneDrive\Desktop\Netra\netra-core-generation-1\test_framework\database\test_database_manager.py:11: PytestCollectionWarning: cannot collect test class 'TestDatabaseManager' because it has a __init__ constructor (from: tests/unit/test_state_persistence_user_fk_fix.py)
    class TestDatabaseManager:

..\test_framework\database\test_database_manager.py:11
  C:\Users\antho\OneDrive\Desktop\Netra\netra-core-generation-1\test_framework\database\test_database_manager.py:11: PytestCollectionWarning: cannot collect test class 'TestDatabaseManager' because it has a __init__ constructor (from: tests/unit/test_system_resilience_final.py)
    class TestDatabaseManager:

..\test_framework\database\test_database_manager.py:11
  C:\Users\antho\OneDrive\Desktop\Netra\netra-core-generation-1\test_framework\database\test_database_manager.py:11: PytestCollectionWarning: cannot collect test class 'TestDatabaseManager' because it has a __init__ constructor (from: tests/unit/test_thread_loading_websocket_regression.py)
    class TestDatabaseManager:

..\test_framework\database\test_database_manager.py:11
  C:\Users\antho\OneDrive\Desktop\Netra\netra-core-generation-1\test_framework\database\test_database_manager.py:11: PytestCollectionWarning: cannot collect test class 'TestDatabaseManager' because it has a __init__ constructor (from: tests/unit/test_thread_query_error.py)
    class TestDatabaseManager:

..\test_framework\database\test_database_manager.py:11
  C:\Users\antho\OneDrive\Desktop\Netra\netra-core-generation-1\test_framework\database\test_database_manager.py:11: PytestCollectionWarning: cannot collect test class 'TestDatabaseManager' because it has a __init__ constructor (from: tests/unit/test_thread_switch_data_loading.py)
    class TestDatabaseManager:

..\test_framework\database\test_database_manager.py:11
  C:\Users\antho\OneDrive\Desktop\Netra\netra-core-generation-1\test_framework\database\test_database_manager.py:11: PytestCollectionWarning: cannot collect test class 'TestDatabaseManager' because it has a __init__ constructor (from: tests/unit/websocket_core/test_agent_handler_message_validation.py)
    class TestDatabaseManager:

tests/unit/agents/test_agent_edge_cases_critical.py: 1 warning
tests/unit/agents/test_agent_performance_benchmarks.py: 8 warnings
tests/unit/agents/test_base_agent_infrastructure.py: 7 warnings
tests/unit/agents/test_base_agent_infrastructure_enhanced.py: 7 warnings
tests/unit/agents/test_reporting_agent_golden.py: 12 warnings
tests/unit/agents/test_triage_agent_golden.py: 18 warnings
  C:\Users\antho\OneDrive\Desktop\Netra\netra-core-generation-1\netra_backend\app\agents\base\reliability_manager.py:251: DeprecationWarning: datetime.datetime.utcnow() is deprecated and scheduled for removal in a future version. Use timezone-aware objects to represent datetimes in UTC: datetime.datetime.now(datetime.UTC).
    "timestamp": datetime.utcnow()

tests/unit/agents/test_base_agent_infrastructure.py: 1 warning
tests/unit/agents/test_corpus_admin_production_fix.py: 14963 warnings
tests/unit/agents/test_triage_execution_result_creation.py: 6 warnings
  C:\Users\antho\OneDrive\Desktop\Netra\netra-core-generation-1\netra_backend\app\agents\base\interface.py:53: DeprecationWarning: datetime.datetime.utcnow() is deprecated and scheduled for removal in a future version. Use timezone-aware objects to represent datetimes in UTC: datetime.datetime.now(datetime.UTC).
    self.created_at = datetime.utcnow()

tests/unit/agents/test_corpus_admin_production_fix.py: 14961 warnings
  C:\\Users\\antho\\OneDrive\\Desktop\\Netra\\netra-core-generation-1\\netra_backend\\tests\\unit\\agents\\test_corpus_admin_production_fix.py:162: DeprecationWarning: \U0001f6a8 CRITICAL DEPRECATION: DeepAgentState usage creates user isolation risks. This pattern will be REMOVED in v3.0.0 (Q1 2025). \n  \U0001f4cb IMMEDIATE MIGRATION REQUIRED:\n  1. Replace with UserExecutionContext pattern\n  2. Use 'context.metadata' for request data instead of DeepAgentState fields\n  3. Access database via 'context.db_session' instead of global sessions\n  4. Use 'context.user_id', 'context.thread_id', 'context.run_id' for identifiers\n  \U0001f4d6 Migration Guide: See EXECUTION_PATTERN_TECHNICAL_DESIGN.md\n  \u26a0\ufe0f  CRITICAL: Multiple users may see each other's data with this pattern\n    state = DeepAgentState()

tests/unit/agents/test_corpus_admin_production_fix.py::TestErrorHandlingAndRecovery::test_execution_with_missing_state_data
  C:\\Users\\antho\\OneDrive\\Desktop\\Netra\\netra-core-generation-1\\netra_backend\\tests\\unit\\agents\\test_corpus_admin_production_fix.py:523: DeprecationWarning: \U0001f6a8 CRITICAL DEPRECATION: DeepAgentState usage creates user isolation risks. This pattern will be REMOVED in v3.0.0 (Q1 2025). \n  \U0001f4cb IMMEDIATE MIGRATION REQUIRED:\n  1. Replace with UserExecutionContext pattern\n  2. Use 'context.metadata' for request data instead of DeepAgentState fields\n  3. Access database via 'context.db_session' instead of global sessions\n  4. Use 'context.user_id', 'context.thread_id', 'context.run_id' for identifiers\n  \U0001f4d6 Migration Guide: See EXECUTION_PATTERN_TECHNICAL_DESIGN.md\n  \u26a0\ufe0f  CRITICAL: Multiple users may see each other's data with this pattern\n    state = DeepAgentState()

tests/unit/agents/test_execution_result_compatibility_regression.py::TestExecutionResultCreationPatterns::test_success_execution_result_pattern
  C:\Users\antho\OneDrive\Desktop\Netra\netra-core-generation-1\netra_backend\tests\unit\agents\test_execution_result_compatibility_regression.py:146: DeprecationWarning: datetime.datetime.utcnow() is deprecated and scheduled for removal in a future version. Use timezone-aware objects to represent datetimes in UTC: datetime.datetime.now(datetime.UTC).
    completed_at=datetime.utcnow()

tests/unit/agents/test_execution_result_compatibility_regression.py::TestExecutionResultCreationPatterns::test_failure_execution_result_pattern
  C:\Users\antho\OneDrive\Desktop\Netra\netra-core-generation-1\netra_backend\tests\unit\agents\test_execution_result_compatibility_regression.py:168: DeprecationWarning: datetime.datetime.utcnow() is deprecated and scheduled for removal in a future version. Use timezone-aware objects to represent datetimes in UTC: datetime.datetime.now(datetime.UTC).
    completed_at=datetime.utcnow()

tests/unit/agents/test_execution_result_compatibility_regression.py::TestExecutionResultCreationPatterns::test_execution_result_with_metrics_and_artifacts
  C:\Users\antho\OneDrive\Desktop\Netra\netra-core-generation-1\netra_backend\tests\unit\agents\test_execution_result_compatibility_regression.py:193: DeprecationWarning: datetime.datetime.utcnow() is deprecated and scheduled for removal in a future version. Use timezone-aware objects to represent datetimes in UTC: datetime.datetime.now(datetime.UTC).
    started_at=datetime.utcnow(),

tests/unit/agents/test_execution_result_compatibility_regression.py::TestExecutionResultCreationPatterns::test_execution_result_with_metrics_and_artifacts
  C:\Users\antho\OneDrive\Desktop\Netra\netra-core-generation-1\netra_backend\tests\unit\agents\test_execution_result_compatibility_regression.py:194: DeprecationWarning: datetime.datetime.utcnow() is deprecated and scheduled for removal in a future version. Use timezone-aware objects to represent datetimes in UTC: datetime.datetime.now(datetime.UTC).
    completed_at=datetime.utcnow()

tests/unit/core/test_api_validation_patterns.py::TestAPIErrorBoundaries::test_service_error_handling_pattern
  C:\Users\antho\miniconda3\Lib\site-packages\google\rpc\__init__.py:18: DeprecationWarning: pkg_resources is deprecated as an API. See https://setuptools.pypa.io/en/latest/pkg_resources.html
    import pkg_resources

tests/unit/core/test_api_validation_patterns.py::TestAPIErrorBoundaries::test_service_error_handling_pattern
tests/unit/core/test_api_validation_patterns.py::TestAPIErrorBoundaries::test_service_error_handling_pattern
  C:\Users\antho\miniconda3\Lib\site-packages\pkg_resources\__init__.py:3149: DeprecationWarning: Deprecated call to `pkg_resources.declare_namespace('google')`.
  Implementing implicit namespace packages (as specified in PEP 420) is preferred to `pkg_resources.declare_namespace`. See https://setuptools.pypa.io/en/latest/references/keywords.html#keyword-namespace-packages
    declare_namespace(pkg)

tests/unit/core/test_api_validation_patterns.py::TestAPIErrorBoundaries::test_service_error_handling_pattern
  C:\Users\antho\miniconda3\Lib\site-packages\pkg_resources\__init__.py:3149: DeprecationWarning: Deprecated call to `pkg_resources.declare_namespace('google.logging')`.
  Implementing implicit namespace packages (as specified in PEP 420) is preferred to `pkg_resources.declare_namespace`. See https://setuptools.pypa.io/en/latest/references/keywords.html#keyword-namespace-packages
    declare_namespace(pkg)

tests/unit/core/test_api_validation_patterns.py::TestAPIErrorBoundaries::test_service_error_handling_pattern
tests/unit/core/test_api_validation_patterns.py::TestAPIErrorBoundaries::test_service_error_handling_pattern
  C:\Users\antho\miniconda3\Lib\site-packages\pkg_resources\__init__.py:2558: DeprecationWarning: Deprecated call to `pkg_resources.declare_namespace('google')`.
  Implementing implicit namespace packages (as specified in PEP 420) is preferred to `pkg_resources.declare_namespace`. See https://setuptools.pypa.io/en/latest/references/keywords.html#keyword-namespace-packages
    declare_namespace(parent)

tests/unit/core/test_api_validation_patterns.py::TestAPIErrorBoundaries::test_service_error_handling_pattern
  C:\Users\antho\miniconda3\Lib\site-packages\pkg_resources\__init__.py:3149: DeprecationWarning: Deprecated call to `pkg_resources.declare_namespace('ruamel')`.
  Implementing implicit namespace packages (as specified in PEP 420) is preferred to `pkg_resources.declare_namespace`. See https://setuptools.pypa.io/en/latest/references/keywords.html#keyword-namespace-packages
    declare_namespace(pkg)

tests/unit/core/test_api_validation_patterns.py::TestAPIErrorBoundaries::test_service_error_handling_pattern
  C:\Users\antho\miniconda3\Lib\site-packages\google\rpc\__init__.py:20: DeprecationWarning: Deprecated call to `pkg_resources.declare_namespace('google.rpc')`.
  Implementing implicit namespace packages (as specified in PEP 420) is preferred to `pkg_resources.declare_namespace`. See https://setuptools.pypa.io/en/latest/references/keywords.html#keyword-namespace-packages
    pkg_resources.declare_namespace(__name__)

tests/unit/core/test_api_validation_patterns.py::TestAPIErrorBoundaries::test_service_error_handling_pattern
  <frozen importlib._bootstrap>:488: DeprecationWarning: Type google._upb._message.MessageMapContainer uses PyType_Spec with a metaclass that has custom tp_new. This is deprecated and will no longer be allowed in Python 3.14.

tests/unit/core/test_api_validation_patterns.py::TestAPIErrorBoundaries::test_service_error_handling_pattern
  <frozen importlib._bootstrap>:488: DeprecationWarning: Type google._upb._message.ScalarMapContainer uses PyType_Spec with a metaclass that has custom tp_new. This is deprecated and will no longer be allowed in Python 3.14.

-- Docs: https://docs.pytest.org/en/stable/how-to/capture-warnings.html
=========================== short test summary info ===========================
FAILED tests/unit/db/test_postgres_core_production_fix.py::TestInitializePostgresFailFast::test_initialize_postgres_fails_on_invalid_url
!!!!!!!!!!!!!!!!!!!!!!!!!! stopping after 1 failures !!!!!!!!!!!!!!!!!!!!!!!!!!

=== Memory Usage Report ===
Loaded fixture modules: base, mocks
Peak memory usage: 415.5 MB
========== 1 failed, 345 passed, 5 skipped, 30059 warnings in 16.80s ==========
