{
  "start_time": "2025-09-13T20:36:16.831929",
  "environment": "staging",
  "tests": [
    {
      "name": "Agent Tool Integration",
      "file": "tests/e2e/tools/test_agent_tool_integration_comprehensive.py",
      "method": "test_all_tool_types_execution",
      "execution_time": 2.4876651763916016,
      "return_code": 4,
      "stdout": "============================= test session starts ==============================\ncollecting ... collected 0 items / 1 error\n\n=== Memory Usage Report ===\nLoaded fixture modules: base, mocks\nPeak memory usage: 214.4 MB\n\n==================================== ERRORS ====================================\n_ ERROR collecting tests/e2e/tools/test_agent_tool_integration_comprehensive.py _\n'tools' not found in `markers` configuration option\n=========================== short test summary info ============================\nERROR tests/e2e/tools/test_agent_tool_integration_comprehensive.py - Failed: ...\n!!!!!!!!!!!!!!!!!!!!!!!!!! stopping after 1 failures !!!!!!!!!!!!!!!!!!!!!!!!!!!\n========================= 9 warnings, 1 error in 0.15s =========================\n",
      "stderr": "Using test staging database URL fallback during unit test execution\nERROR: found no collectors for /Users/anthony/Desktop/netra-apex/tests/e2e/tools/test_agent_tool_integration_comprehensive.py::TestAgentToolIntegrationComprehensive::test_all_tool_types_execution\n\n",
      "status": "FAILED"
    },
    {
      "name": "Agent Resilience Recovery",
      "file": "tests/e2e/resilience/test_agent_failure_recovery_comprehensive.py",
      "method": "test_agent_crash_recovery",
      "execution_time": 2.4421942234039307,
      "return_code": 1,
      "stdout": "============================= test session starts ==============================\ncollecting ... collected 1 item\n\ntests/e2e/resilience/test_agent_failure_recovery_comprehensive.py::TestAgentFailureRecoveryComprehensive::test_agent_crash_recovery FAILED\n=== Memory Usage Report ===\nLoaded fixture modules: base, mocks\nPeak memory usage: 219.6 MB\n\n\n=================================== FAILURES ===================================\n_______ TestAgentFailureRecoveryComprehensive.test_agent_crash_recovery ________\ntests/e2e/resilience/test_agent_failure_recovery_comprehensive.py:723: in test_agent_crash_recovery\n    connected = await tester.setup_test_user_and_connection()\n                ^^^^^^^^^^^^^^^^^^^^^^^^^^^^^^^^^^^^^^^^^^^^^\ntests/e2e/resilience/test_agent_failure_recovery_comprehensive.py:215: in setup_test_user_and_connection\n    self.websocket_client = StagingWebSocketClient(\nE   TypeError: StagingWebSocketClient.__init__() got an unexpected keyword argument 'websocket_url'\n=========================== short test summary info ============================\nFAILED tests/e2e/resilience/test_agent_failure_recovery_comprehensive.py::TestAgentFailureRecoveryComprehensive::test_agent_crash_recovery\n!!!!!!!!!!!!!!!!!!!!!!!!!! stopping after 1 failures !!!!!!!!!!!!!!!!!!!!!!!!!!!\n======================== 1 failed, 10 warnings in 0.22s ========================\n",
      "stderr": "Using test staging database URL fallback during unit test execution\n",
      "status": "FAILED"
    },
    {
      "name": "Agent Concurrent Load",
      "file": "tests/e2e/performance/test_agent_concurrent_execution_load.py",
      "method": "test_memory_usage_under_concurrent_load",
      "execution_time": 4.929944038391113,
      "return_code": 1,
      "stdout": "============================= test session starts ==============================\ncollecting ... collected 1 item\n\ntests/e2e/performance/test_agent_concurrent_execution_load.py::TestAgentConcurrentExecutionLoad::test_memory_usage_under_concurrent_load FAILED\n=== Memory Usage Report ===\nLoaded fixture modules: base, mocks\nPeak memory usage: 216.3 MB\n\n\n=================================== FAILURES ===================================\n___ TestAgentConcurrentExecutionLoad.test_memory_usage_under_concurrent_load ___\ntests/e2e/performance/test_agent_concurrent_execution_load.py:452: in test_memory_usage_under_concurrent_load\n    assert memory_released > memory_growth * 0.3, \"Insufficient memory cleanup after disconnection\"\nE   AssertionError: Insufficient memory cleanup after disconnection\nE   assert -0.109375 > (0.0 * 0.3)\n------------------------------ Captured log call -------------------------------\nWARNING  ConcurrentAgentLoadTester:test_agent_concurrent_execution_load.py:205 Failed to connect user load_user_0_1757820983: StagingWebSocketClient.__init__() got an unexpected keyword argument 'websocket_url'\nWARNING  ConcurrentAgentLoadTester:test_agent_concurrent_execution_load.py:205 Failed to connect user load_user_1_1757820983: StagingWebSocketClient.__init__() got an unexpected keyword argument 'websocket_url'\nWARNING  ConcurrentAgentLoadTester:test_agent_concurrent_execution_load.py:205 Failed to connect user load_user_2_1757820983: StagingWebSocketClient.__init__() got an unexpected keyword argument 'websocket_url'\nWARNING  ConcurrentAgentLoadTester:test_agent_concurrent_execution_load.py:205 Failed to connect user load_user_3_1757820983: StagingWebSocketClient.__init__() got an unexpected keyword argument 'websocket_url'\nWARNING  ConcurrentAgentLoadTester:test_agent_concurrent_execution_load.py:205 Failed to connect user load_user_4_1757820983: StagingWebSocketClient.__init__() got an unexpected keyword argument 'websocket_url'\nWARNING  ConcurrentAgentLoadTester:test_agent_concurrent_execution_load.py:205 Failed to connect user load_user_5_1757820983: StagingWebSocketClient.__init__() got an unexpected keyword argument 'websocket_url'\nWARNING  ConcurrentAgentLoadTester:test_agent_concurrent_execution_load.py:205 Failed to connect user load_user_6_1757820983: StagingWebSocketClient.__init__() got an unexpected keyword argument 'websocket_url'\nWARNING  ConcurrentAgentLoadTester:test_agent_concurrent_execution_load.py:205 Failed to connect user load_user_7_1757820983: StagingWebSocketClient.__init__() got an unexpected keyword argument 'websocket_url'\nWARNING  ConcurrentAgentLoadTester:test_agent_concurrent_execution_load.py:205 Failed to connect user load_user_8_1757820983: StagingWebSocketClient.__init__() got an unexpected keyword argument 'websocket_url'\nWARNING  ConcurrentAgentLoadTester:test_agent_concurrent_execution_load.py:205 Failed to connect user load_user_9_1757820983: StagingWebSocketClient.__init__() got an unexpected keyword argument 'websocket_url'\nWARNING  ConcurrentAgentLoadTester:test_agent_concurrent_execution_load.py:205 Failed to connect user load_user_10_1757820983: StagingWebSocketClient.__init__() got an unexpected keyword argument 'websocket_url'\nWARNING  ConcurrentAgentLoadTester:test_agent_concurrent_execution_load.py:205 Failed to connect user load_user_11_1757820983: StagingWebSocketClient.__init__() got an unexpected keyword argument 'websocket_url'\nWARNING  ConcurrentAgentLoadTester:test_agent_concurrent_execution_load.py:205 Failed to connect user load_user_12_1757820983: StagingWebSocketClient.__init__() got an unexpected keyword argument 'websocket_url'\nWARNING  ConcurrentAgentLoadTester:test_agent_concurrent_execution_load.py:205 Failed to connect user load_user_13_1757820983: StagingWebSocketClient.__init__() got an unexpected keyword argument 'websocket_url'\nWARNING  ConcurrentAgentLoadTester:test_agent_concurrent_execution_load.py:205 Failed to connect user load_user_14_1757820983: StagingWebSocketClient.__init__() got an unexpected keyword argument 'websocket_url'\nWARNING  ConcurrentAgentLoadTester:test_agent_concurrent_execution_load.py:205 Failed to connect user load_user_15_1757820983: StagingWebSocketClient.__init__() got an unexpected keyword argument 'websocket_url'\nWARNING  ConcurrentAgentLoadTester:test_agent_concurrent_execution_load.py:205 Failed to connect user load_user_16_1757820983: StagingWebSocketClient.__init__() got an unexpected keyword argument 'websocket_url'\nWARNING  ConcurrentAgentLoadTester:test_agent_concurrent_execution_load.py:205 Failed to connect user load_user_17_1757820983: StagingWebSocketClient.__init__() got an unexpected keyword argument 'websocket_url'\nWARNING  ConcurrentAgentLoadTester:test_agent_concurrent_execution_load.py:205 Failed to connect user load_user_18_1757820983: StagingWebSocketClient.__init__() got an unexpected keyword argument 'websocket_url'\nWARNING  ConcurrentAgentLoadTester:test_agent_concurrent_execution_load.py:205 Failed to connect user load_user_19_1757820983: StagingWebSocketClient.__init__() got an unexpected keyword argument 'websocket_url'\nWARNING  ConcurrentAgentLoadTester:test_agent_concurrent_execution_load.py:205 Failed to connect user load_user_20_1757820983: StagingWebSocketClient.__init__() got an unexpected keyword argument 'websocket_url'\nWARNING  ConcurrentAgentLoadTester:test_agent_concurrent_execution_load.py:205 Failed to connect user load_user_21_1757820983: StagingWebSocketClient.__init__() got an unexpected keyword argument 'websocket_url'\nWARNING  ConcurrentAgentLoadTester:test_agent_concurrent_execution_load.py:205 Failed to connect user load_user_22_1757820983: StagingWebSocketClient.__init__() got an unexpected keyword argument 'websocket_url'\nWARNING  ConcurrentAgentLoadTester:test_agent_concurrent_execution_load.py:205 Failed to connect user load_user_23_1757820983: StagingWebSocketClient.__init__() got an unexpected keyword argument 'websocket_url'\nWARNING  ConcurrentAgentLoadTester:test_agent_concurrent_execution_load.py:205 Failed to connect user load_user_24_1757820983: StagingWebSocketClient.__init__() got an unexpected keyword argument 'websocket_url'\n=========================== short test summary info ============================\nFAILED tests/e2e/performance/test_agent_concurrent_execution_load.py::TestAgentConcurrentExecutionLoad::test_memory_usage_under_concurrent_load\n!!!!!!!!!!!!!!!!!!!!!!!!!! stopping after 1 failures !!!!!!!!!!!!!!!!!!!!!!!!!!!\n======================== 1 failed, 34 warnings in 2.92s ========================\n",
      "stderr": "Using test staging database URL fallback during unit test execution\n",
      "status": "FAILED"
    }
  ],
  "summary": {
    "total": 3,
    "passed": 0,
    "failed": 3,
    "errors": 0
  },
  "end_time": "2025-09-13T20:36:26.691854"
}