{"meta": {"format": 3, "version": "7.10.4", "timestamp": "2025-08-28T01:41:38.394991", "branch_coverage": true, "show_contexts": false}, "files": {"auth_core\\__init__.py": {"executed_lines": [1, 6, 7], "summary": {"covered_lines": 2, "num_statements": 2, "percent_covered": 100.0, "percent_covered_display": "100", "missing_lines": 0, "excluded_lines": 0, "num_branches": 0, "num_partial_branches": 0, "covered_branches": 0, "missing_branches": 0}, "missing_lines": [], "excluded_lines": [], "executed_branches": [], "missing_branches": [], "functions": {"": {"executed_lines": [1, 6, 7], "summary": {"covered_lines": 2, "num_statements": 2, "percent_covered": 100.0, "percent_covered_display": "100", "missing_lines": 0, "excluded_lines": 0, "num_branches": 0, "num_partial_branches": 0, "covered_branches": 0, "missing_branches": 0}, "missing_lines": [], "excluded_lines": [], "executed_branches": [], "missing_branches": []}}, "classes": {"": {"executed_lines": [1, 6, 7], "summary": {"covered_lines": 2, "num_statements": 2, "percent_covered": 100.0, "percent_covered_display": "100", "missing_lines": 0, "excluded_lines": 0, "num_branches": 0, "num_partial_branches": 0, "covered_branches": 0, "missing_branches": 0}, "missing_lines": [], "excluded_lines": [], "executed_branches": [], "missing_branches": []}}}, "auth_core\\config.py": {"executed_lines": [1, 9, 12, 13, 14, 16, 18, 19, 22, 23, 24, 26, 27, 29, 30, 31, 34, 35, 37, 39, 40, 44, 45, 47, 48, 51, 54, 57, 59, 60, 62, 63, 64, 65, 67, 68, 71, 72, 73, 94, 95, 97, 98, 99, 100, 102, 103, 106, 107, 108, 117, 118, 121, 123, 124, 127, 128, 129, 130, 137, 138, 141, 142, 143, 144, 151, 152, 155, 156, 157, 158, 165, 166, 177, 178, 189, 190, 192, 195, 205, 208, 209, 213, 215, 225, 226, 228, 229, 251, 252, 271, 272, 275, 277, 278, 283, 284, 307], "summary": {"covered_lines": 96, "num_statements": 173, "percent_covered": 49.76744186046512, "percent_covered_display": "50", "missing_lines": 77, "excluded_lines": 0, "num_branches": 42, "num_partial_branches": 11, "covered_branches": 11, "missing_branches": 31}, "missing_lines": [32, 42, 52, 55, 69, 75, 81, 82, 83, 85, 86, 88, 89, 90, 92, 104, 110, 115, 131, 132, 134, 145, 146, 148, 159, 160, 162, 168, 170, 171, 172, 173, 175, 180, 182, 183, 184, 185, 187, 210, 216, 217, 218, 222, 223, 231, 234, 244, 247, 249, 254, 256, 258, 260, 261, 266, 267, 269, 281, 286, 287, 288, 289, 290, 291, 292, 293, 294, 295, 296, 297, 298, 299, 302, 303, 304, 313], "excluded_lines": [], "executed_branches": [[30, 31], [51, 54], [54, 57], [64, 65], [68, 71], [71, 72], [99, 100], [103, 106], [106, 107], [209, 213], [215, 225]], "missing_branches": [[30, 32], [51, 52], [54, 55], [64, 81], [68, 69], [71, 75], [82, 83], [82, 85], [85, 86], [85, 92], [89, 90], [89, 92], [99, 115], [103, 104], [106, 110], [170, 171], [170, 172], [172, 173], [172, 175], [182, 183], [182, 184], [184, 185], [184, 187], [209, 210], [215, 216], [217, 218], [217, 222], [258, 260], [258, 269], [260, 261], [260, 266]], "functions": {"AuthConfig.get_environment": {"executed_lines": [29, 30, 31], "summary": {"covered_lines": 3, "num_statements": 4, "percent_covered": 66.66666666666667, "percent_covered_display": "67", "missing_lines": 1, "excluded_lines": 0, "num_branches": 2, "num_partial_branches": 1, "covered_branches": 1, "missing_branches": 1}, "missing_lines": [32], "excluded_lines": [], "executed_branches": [[30, 31]], "missing_branches": [[30, 32]]}, "AuthConfig.get_google_client_id": {"executed_lines": [37], "summary": {"covered_lines": 1, "num_statements": 1, "percent_covered": 100.0, "percent_covered_display": "100", "missing_lines": 0, "excluded_lines": 0, "num_branches": 0, "num_partial_branches": 0, "covered_branches": 0, "missing_branches": 0}, "missing_lines": [], "excluded_lines": [], "executed_branches": [], "missing_branches": []}, "AuthConfig.get_google_client_secret": {"executed_lines": [], "summary": {"covered_lines": 0, "num_statements": 1, "percent_covered": 0.0, "percent_covered_display": "0", "missing_lines": 1, "excluded_lines": 0, "num_branches": 0, "num_partial_branches": 0, "covered_branches": 0, "missing_branches": 0}, "missing_lines": [42], "excluded_lines": [], "executed_branches": [], "missing_branches": []}, "AuthConfig.get_jwt_secret": {"executed_lines": [47, 48, 51, 54, 57], "summary": {"covered_lines": 5, "num_statements": 7, "percent_covered": 63.63636363636363, "percent_covered_display": "64", "missing_lines": 2, "excluded_lines": 0, "num_branches": 4, "num_partial_branches": 2, "covered_branches": 2, "missing_branches": 2}, "missing_lines": [52, 55], "excluded_lines": [], "executed_branches": [[51, 54], [54, 57]], "missing_branches": [[51, 52], [54, 55]]}, "AuthConfig.get_service_secret": {"executed_lines": [62, 63, 64, 65, 67, 68, 71, 72, 73], "summary": {"covered_lines": 9, "num_statements": 20, "percent_covered": 37.5, "percent_covered_display": "38", "missing_lines": 11, "excluded_lines": 0, "num_branches": 12, "num_partial_branches": 3, "covered_branches": 3, "missing_branches": 9}, "missing_lines": [69, 75, 81, 82, 83, 85, 86, 88, 89, 90, 92], "excluded_lines": [], "executed_branches": [[64, 65], [68, 71], [71, 72]], "missing_branches": [[64, 81], [68, 69], [71, 75], [82, 83], [82, 85], [85, 86], [85, 92], [89, 90], [89, 92]]}, "AuthConfig.get_service_id": {"executed_lines": [97, 98, 99, 100, 102, 103, 106, 107, 108], "summary": {"covered_lines": 9, "num_statements": 12, "percent_covered": 66.66666666666667, "percent_covered_display": "67", "missing_lines": 3, "excluded_lines": 0, "num_branches": 6, "num_partial_branches": 3, "covered_branches": 3, "missing_branches": 3}, "missing_lines": [104, 110, 115], "excluded_lines": [], "executed_branches": [[99, 100], [103, 106], [106, 107]], "missing_branches": [[99, 115], [103, 104], [106, 110]]}, "AuthConfig.get_jwt_algorithm": {"executed_lines": [121], "summary": {"covered_lines": 1, "num_statements": 1, "percent_covered": 100.0, "percent_covered_display": "100", "missing_lines": 0, "excluded_lines": 0, "num_branches": 0, "num_partial_branches": 0, "covered_branches": 0, "missing_branches": 0}, "missing_lines": [], "excluded_lines": [], "executed_branches": [], "missing_branches": []}, "AuthConfig.get_jwt_access_expiry_minutes": {"executed_lines": [127, 128, 129, 130], "summary": {"covered_lines": 4, "num_statements": 7, "percent_covered": 57.142857142857146, "percent_covered_display": "57", "missing_lines": 3, "excluded_lines": 0, "num_branches": 0, "num_partial_branches": 0, "covered_branches": 0, "missing_branches": 0}, "missing_lines": [131, 132, 134], "excluded_lines": [], "executed_branches": [], "missing_branches": []}, "AuthConfig.get_jwt_refresh_expiry_days": {"executed_lines": [141, 142, 143, 144], "summary": {"covered_lines": 4, "num_statements": 7, "percent_covered": 57.142857142857146, "percent_covered_display": "57", "missing_lines": 3, "excluded_lines": 0, "num_branches": 0, "num_partial_branches": 0, "covered_branches": 0, "missing_branches": 0}, "missing_lines": [145, 146, 148], "excluded_lines": [], "executed_branches": [], "missing_branches": []}, "AuthConfig.get_jwt_service_expiry_minutes": {"executed_lines": [155, 156, 157, 158], "summary": {"covered_lines": 4, "num_statements": 7, "percent_covered": 57.142857142857146, "percent_covered_display": "57", "missing_lines": 3, "excluded_lines": 0, "num_branches": 0, "num_partial_branches": 0, "covered_branches": 0, "missing_branches": 0}, "missing_lines": [159, 160, 162], "excluded_lines": [], "executed_branches": [], "missing_branches": []}, "AuthConfig.get_frontend_url": {"executed_lines": [], "summary": {"covered_lines": 0, "num_statements": 6, "percent_covered": 0.0, "percent_covered_display": "0", "missing_lines": 6, "excluded_lines": 0, "num_branches": 4, "num_partial_branches": 0, "covered_branches": 0, "missing_branches": 4}, "missing_lines": [168, 170, 171, 172, 173, 175], "excluded_lines": [], "executed_branches": [], "missing_branches": [[170, 171], [170, 172], [172, 173], [172, 175]]}, "AuthConfig.get_auth_service_url": {"executed_lines": [], "summary": {"covered_lines": 0, "num_statements": 6, "percent_covered": 0.0, "percent_covered_display": "0", "missing_lines": 6, "excluded_lines": 0, "num_branches": 4, "num_partial_branches": 0, "covered_branches": 0, "missing_branches": 4}, "missing_lines": [180, 182, 183, 184, 185, 187], "excluded_lines": [], "executed_branches": [], "missing_branches": [[182, 183], [182, 184], [184, 185], [184, 187]]}, "AuthConfig.get_database_url": {"executed_lines": [192, 195, 205, 208, 209, 213, 215, 225, 226], "summary": {"covered_lines": 9, "num_statements": 15, "percent_covered": 52.38095238095238, "percent_covered_display": "52", "missing_lines": 6, "excluded_lines": 0, "num_branches": 6, "num_partial_branches": 2, "covered_branches": 2, "missing_branches": 4}, "missing_lines": [210, 216, 217, 218, 222, 223], "excluded_lines": [], "executed_branches": [[209, 213], [215, 225]], "missing_branches": [[209, 210], [215, 216], [217, 218], [217, 222]]}, "AuthConfig.get_raw_database_url": {"executed_lines": [], "summary": {"covered_lines": 0, "num_statements": 5, "percent_covered": 0.0, "percent_covered_display": "0", "missing_lines": 5, "excluded_lines": 0, "num_branches": 0, "num_partial_branches": 0, "covered_branches": 0, "missing_branches": 0}, "missing_lines": [231, 234, 244, 247, 249], "excluded_lines": [], "executed_branches": [], "missing_branches": []}, "AuthConfig.get_redis_url": {"executed_lines": [], "summary": {"covered_lines": 0, "num_statements": 8, "percent_covered": 0.0, "percent_covered_display": "0", "missing_lines": 8, "excluded_lines": 0, "num_branches": 4, "num_partial_branches": 0, "covered_branches": 0, "missing_branches": 4}, "missing_lines": [254, 256, 258, 260, 261, 266, 267, 269], "excluded_lines": [], "executed_branches": [], "missing_branches": [[258, 260], [258, 269], [260, 261], [260, 266]]}, "AuthConfig.get_session_ttl_hours": {"executed_lines": [275], "summary": {"covered_lines": 1, "num_statements": 1, "percent_covered": 100.0, "percent_covered_display": "100", "missing_lines": 0, "excluded_lines": 0, "num_branches": 0, "num_partial_branches": 0, "covered_branches": 0, "missing_branches": 0}, "missing_lines": [], "excluded_lines": [], "executed_branches": [], "missing_branches": []}, "AuthConfig.is_redis_disabled": {"executed_lines": [], "summary": {"covered_lines": 0, "num_statements": 1, "percent_covered": 0.0, "percent_covered_display": "0", "missing_lines": 1, "excluded_lines": 0, "num_branches": 0, "num_partial_branches": 0, "covered_branches": 0, "missing_branches": 0}, "missing_lines": [281], "excluded_lines": [], "executed_branches": [], "missing_branches": []}, "AuthConfig.log_configuration": {"executed_lines": [], "summary": {"covered_lines": 0, "num_statements": 17, "percent_covered": 0.0, "percent_covered_display": "0", "missing_lines": 17, "excluded_lines": 0, "num_branches": 0, "num_partial_branches": 0, "covered_branches": 0, "missing_branches": 0}, "missing_lines": [286, 287, 288, 289, 290, 291, 292, 293, 294, 295, 296, 297, 298, 299, 302, 303, 304], "excluded_lines": [], "executed_branches": [], "missing_branches": []}, "get_config": {"executed_lines": [], "summary": {"covered_lines": 0, "num_statements": 1, "percent_covered": 0.0, "percent_covered_display": "0", "missing_lines": 1, "excluded_lines": 0, "num_branches": 0, "num_partial_branches": 0, "covered_branches": 0, "missing_branches": 0}, "missing_lines": [313], "excluded_lines": [], "executed_branches": [], "missing_branches": []}, "": {"executed_lines": [1, 9, 12, 13, 14, 16, 18, 19, 22, 23, 24, 26, 27, 34, 35, 39, 40, 44, 45, 59, 60, 94, 95, 117, 118, 123, 124, 137, 138, 151, 152, 165, 166, 177, 178, 189, 190, 228, 229, 251, 252, 271, 272, 277, 278, 283, 284, 307], "summary": {"covered_lines": 46, "num_statements": 46, "percent_covered": 100.0, "percent_covered_display": "100", "missing_lines": 0, "excluded_lines": 0, "num_branches": 0, "num_partial_branches": 0, "covered_branches": 0, "missing_branches": 0}, "missing_lines": [], "excluded_lines": [], "executed_branches": [], "missing_branches": []}}, "classes": {"AuthConfig": {"executed_lines": [29, 30, 31, 37, 47, 48, 51, 54, 57, 62, 63, 64, 65, 67, 68, 71, 72, 73, 97, 98, 99, 100, 102, 103, 106, 107, 108, 121, 127, 128, 129, 130, 141, 142, 143, 144, 155, 156, 157, 158, 192, 195, 205, 208, 209, 213, 215, 225, 226, 275], "summary": {"covered_lines": 50, "num_statements": 126, "percent_covered": 36.30952380952381, "percent_covered_display": "36", "missing_lines": 76, "excluded_lines": 0, "num_branches": 42, "num_partial_branches": 11, "covered_branches": 11, "missing_branches": 31}, "missing_lines": [32, 42, 52, 55, 69, 75, 81, 82, 83, 85, 86, 88, 89, 90, 92, 104, 110, 115, 131, 132, 134, 145, 146, 148, 159, 160, 162, 168, 170, 171, 172, 173, 175, 180, 182, 183, 184, 185, 187, 210, 216, 217, 218, 222, 223, 231, 234, 244, 247, 249, 254, 256, 258, 260, 261, 266, 267, 269, 281, 286, 287, 288, 289, 290, 291, 292, 293, 294, 295, 296, 297, 298, 299, 302, 303, 304], "excluded_lines": [], "executed_branches": [[30, 31], [51, 54], [54, 57], [64, 65], [68, 71], [71, 72], [99, 100], [103, 106], [106, 107], [209, 213], [215, 225]], "missing_branches": [[30, 32], [51, 52], [54, 55], [64, 81], [68, 69], [71, 75], [82, 83], [82, 85], [85, 86], [85, 92], [89, 90], [89, 92], [99, 115], [103, 104], [106, 110], [170, 171], [170, 172], [172, 173], [172, 175], [182, 183], [182, 184], [184, 185], [184, 187], [209, 210], [215, 216], [217, 218], [217, 222], [258, 260], [258, 269], [260, 261], [260, 266]]}, "": {"executed_lines": [1, 9, 12, 13, 14, 16, 18, 19, 22, 23, 24, 26, 27, 34, 35, 39, 40, 44, 45, 59, 60, 94, 95, 117, 118, 123, 124, 137, 138, 151, 152, 165, 166, 177, 178, 189, 190, 228, 229, 251, 252, 271, 272, 277, 278, 283, 284, 307], "summary": {"covered_lines": 46, "num_statements": 47, "percent_covered": 97.87234042553192, "percent_covered_display": "98", "missing_lines": 1, "excluded_lines": 0, "num_branches": 0, "num_partial_branches": 0, "covered_branches": 0, "missing_branches": 0}, "missing_lines": [313], "excluded_lines": [], "executed_branches": [], "missing_branches": []}}}, "auth_core\\core\\__init__.py": {"executed_lines": [1], "summary": {"covered_lines": 0, "num_statements": 0, "percent_covered": 100.0, "percent_covered_display": "100", "missing_lines": 0, "excluded_lines": 0, "num_branches": 0, "num_partial_branches": 0, "covered_branches": 0, "missing_branches": 0}, "missing_lines": [], "excluded_lines": [], "executed_branches": [], "missing_branches": [], "functions": {"": {"executed_lines": [1], "summary": {"covered_lines": 0, "num_statements": 0, "percent_covered": 100.0, "percent_covered_display": "100", "missing_lines": 0, "excluded_lines": 0, "num_branches": 0, "num_partial_branches": 0, "covered_branches": 0, "missing_branches": 0}, "missing_lines": [], "excluded_lines": [], "executed_branches": [], "missing_branches": []}}, "classes": {"": {"executed_lines": [1], "summary": {"covered_lines": 0, "num_statements": 0, "percent_covered": 100.0, "percent_covered_display": "100", "missing_lines": 0, "excluded_lines": 0, "num_branches": 0, "num_partial_branches": 0, "covered_branches": 0, "missing_branches": 0}, "missing_lines": [], "excluded_lines": [], "executed_branches": [], "missing_branches": []}}}, "auth_core\\core\\jwt_cache.py": {"executed_lines": [1, 5, 6, 7, 8, 9, 10, 12, 14, 16, 17, 19, 21, 22, 23, 26, 27, 30, 38, 40, 45, 104, 137, 150, 189, 202, 222], "summary": {"covered_lines": 25, "num_statements": 125, "percent_covered": 14.792899408284024, "percent_covered_display": "15", "missing_lines": 100, "excluded_lines": 0, "num_branches": 44, "num_partial_branches": 0, "covered_branches": 0, "missing_branches": 44}, "missing_lines": [42, 43, 47, 48, 51, 52, 53, 55, 56, 57, 58, 60, 61, 62, 63, 66, 69, 70, 71, 72, 73, 76, 77, 78, 80, 81, 83, 86, 90, 92, 93, 94, 95, 97, 98, 100, 101, 102, 106, 107, 108, 110, 113, 115, 116, 118, 119, 122, 128, 129, 130, 131, 132, 134, 135, 139, 140, 141, 142, 147, 148, 152, 154, 155, 156, 158, 160, 161, 164, 165, 168, 169, 170, 171, 172, 173, 174, 175, 177, 178, 179, 181, 182, 184, 186, 187, 191, 192, 193, 195, 196, 197, 198, 199, 200, 204, 205, 206, 207, 209], "excluded_lines": [], "executed_branches": [], "missing_branches": [[51, 52], [51, 69], [53, 55], [53, 66], [56, 57], [56, 62], [58, 60], [58, 62], [69, 70], [69, 97], [72, 73], [72, 92], [76, 77], [76, 83], [78, 80], [78, 83], [107, 108], [107, 110], [113, 115], [113, 122], [118, 119], [118, 122], [128, -104], [128, 129], [141, -137], [141, 142], [155, 156], [155, 160], [156, 155], [156, 158], [160, 161], [160, 164], [164, 165], [164, 184], [170, 171], [170, 184], [173, 170], [173, 174], [175, 170], [175, 177], [192, -189], [192, 193], [197, -189], [197, 198]], "functions": {"JWTValidationCache.__init__": {"executed_lines": [21, 22, 23, 26, 27, 30, 38], "summary": {"covered_lines": 7, "num_statements": 7, "percent_covered": 100.0, "percent_covered_display": "100", "missing_lines": 0, "excluded_lines": 0, "num_branches": 0, "num_partial_branches": 0, "covered_branches": 0, "missing_branches": 0}, "missing_lines": [], "excluded_lines": [], "executed_branches": [], "missing_branches": []}, "JWTValidationCache.get_cache_key": {"executed_lines": [], "summary": {"covered_lines": 0, "num_statements": 2, "percent_covered": 0.0, "percent_covered_display": "0", "missing_lines": 2, "excluded_lines": 0, "num_branches": 0, "num_partial_branches": 0, "covered_branches": 0, "missing_branches": 0}, "missing_lines": [42, 43], "excluded_lines": [], "executed_branches": [], "missing_branches": []}, "JWTValidationCache.get_from_cache": {"executed_lines": [], "summary": {"covered_lines": 0, "num_statements": 36, "percent_covered": 0.0, "percent_covered_display": "0", "missing_lines": 36, "excluded_lines": 0, "num_branches": 16, "num_partial_branches": 0, "covered_branches": 0, "missing_branches": 16}, "missing_lines": [47, 48, 51, 52, 53, 55, 56, 57, 58, 60, 61, 62, 63, 66, 69, 70, 71, 72, 73, 76, 77, 78, 80, 81, 83, 86, 90, 92, 93, 94, 95, 97, 98, 100, 101, 102], "excluded_lines": [], "executed_branches": [], "missing_branches": [[51, 52], [51, 69], [53, 55], [53, 66], [56, 57], [56, 62], [58, 60], [58, 62], [69, 70], [69, 97], [72, 73], [72, 92], [76, 77], [76, 83], [78, 80], [78, 83]]}, "JWTValidationCache.cache_validation_result": {"executed_lines": [], "summary": {"covered_lines": 0, "num_statements": 17, "percent_covered": 0.0, "percent_covered_display": "0", "missing_lines": 17, "excluded_lines": 0, "num_branches": 8, "num_partial_branches": 0, "covered_branches": 0, "missing_branches": 8}, "missing_lines": [106, 107, 108, 110, 113, 115, 116, 118, 119, 122, 128, 129, 130, 131, 132, 134, 135], "excluded_lines": [], "executed_branches": [], "missing_branches": [[107, 108], [107, 110], [113, 115], [113, 122], [118, 119], [118, 122], [128, -104], [128, 129]]}, "JWTValidationCache._cache_to_redis_async": {"executed_lines": [], "summary": {"covered_lines": 0, "num_statements": 6, "percent_covered": 0.0, "percent_covered_display": "0", "missing_lines": 6, "excluded_lines": 0, "num_branches": 2, "num_partial_branches": 0, "covered_branches": 0, "missing_branches": 2}, "missing_lines": [139, 140, 141, 142, 147, 148], "excluded_lines": [], "executed_branches": [], "missing_branches": [[141, -137], [141, 142]]}, "JWTValidationCache.invalidate_user_cache": {"executed_lines": [], "summary": {"covered_lines": 0, "num_statements": 25, "percent_covered": 0.0, "percent_covered_display": "0", "missing_lines": 25, "excluded_lines": 0, "num_branches": 14, "num_partial_branches": 0, "covered_branches": 0, "missing_branches": 14}, "missing_lines": [152, 154, 155, 156, 158, 160, 161, 164, 165, 168, 169, 170, 171, 172, 173, 174, 175, 177, 178, 179, 181, 182, 184, 186, 187], "excluded_lines": [], "executed_branches": [], "missing_branches": [[155, 156], [155, 160], [156, 155], [156, 158], [160, 161], [160, 164], [164, 165], [164, 184], [170, 171], [170, 184], [173, 170], [173, 174], [175, 170], [175, 177]]}, "JWTValidationCache.clear_cache": {"executed_lines": [], "summary": {"covered_lines": 0, "num_statements": 9, "percent_covered": 0.0, "percent_covered_display": "0", "missing_lines": 9, "excluded_lines": 0, "num_branches": 4, "num_partial_branches": 0, "covered_branches": 0, "missing_branches": 4}, "missing_lines": [191, 192, 193, 195, 196, 197, 198, 199, 200], "excluded_lines": [], "executed_branches": [], "missing_branches": [[192, -189], [192, 193], [197, -189], [197, 198]]}, "JWTValidationCache.get_cache_stats": {"executed_lines": [], "summary": {"covered_lines": 0, "num_statements": 5, "percent_covered": 0.0, "percent_covered_display": "0", "missing_lines": 5, "excluded_lines": 0, "num_branches": 0, "num_partial_branches": 0, "covered_branches": 0, "missing_branches": 0}, "missing_lines": [204, 205, 206, 207, 209], "excluded_lines": [], "executed_branches": [], "missing_branches": []}, "": {"executed_lines": [1, 5, 6, 7, 8, 9, 10, 12, 14, 16, 17, 19, 40, 45, 104, 137, 150, 189, 202, 222], "summary": {"covered_lines": 18, "num_statements": 18, "percent_covered": 100.0, "percent_covered_display": "100", "missing_lines": 0, "excluded_lines": 0, "num_branches": 0, "num_partial_branches": 0, "covered_branches": 0, "missing_branches": 0}, "missing_lines": [], "excluded_lines": [], "executed_branches": [], "missing_branches": []}}, "classes": {"JWTValidationCache": {"executed_lines": [21, 22, 23, 26, 27, 30, 38], "summary": {"covered_lines": 7, "num_statements": 107, "percent_covered": 4.635761589403973, "percent_covered_display": "5", "missing_lines": 100, "excluded_lines": 0, "num_branches": 44, "num_partial_branches": 0, "covered_branches": 0, "missing_branches": 44}, "missing_lines": [42, 43, 47, 48, 51, 52, 53, 55, 56, 57, 58, 60, 61, 62, 63, 66, 69, 70, 71, 72, 73, 76, 77, 78, 80, 81, 83, 86, 90, 92, 93, 94, 95, 97, 98, 100, 101, 102, 106, 107, 108, 110, 113, 115, 116, 118, 119, 122, 128, 129, 130, 131, 132, 134, 135, 139, 140, 141, 142, 147, 148, 152, 154, 155, 156, 158, 160, 161, 164, 165, 168, 169, 170, 171, 172, 173, 174, 175, 177, 178, 179, 181, 182, 184, 186, 187, 191, 192, 193, 195, 196, 197, 198, 199, 200, 204, 205, 206, 207, 209], "excluded_lines": [], "executed_branches": [], "missing_branches": [[51, 52], [51, 69], [53, 55], [53, 66], [56, 57], [56, 62], [58, 60], [58, 62], [69, 70], [69, 97], [72, 73], [72, 92], [76, 77], [76, 83], [78, 80], [78, 83], [107, 108], [107, 110], [113, 115], [113, 122], [118, 119], [118, 122], [128, -104], [128, 129], [141, -137], [141, 142], [155, 156], [155, 160], [156, 155], [156, 158], [160, 161], [160, 164], [164, 165], [164, 184], [170, 171], [170, 184], [173, 170], [173, 174], [175, 170], [175, 177], [192, -189], [192, 193], [197, -189], [197, 198]]}, "": {"executed_lines": [1, 5, 6, 7, 8, 9, 10, 12, 14, 16, 17, 19, 40, 45, 104, 137, 150, 189, 202, 222], "summary": {"covered_lines": 18, "num_statements": 18, "percent_covered": 100.0, "percent_covered_display": "100", "missing_lines": 0, "excluded_lines": 0, "num_branches": 0, "num_partial_branches": 0, "covered_branches": 0, "missing_branches": 0}, "missing_lines": [], "excluded_lines": [], "executed_branches": [], "missing_branches": []}}}, "auth_core\\core\\jwt_handler.py": {"executed_lines": [1, 5, 6, 7, 8, 9, 10, 11, 12, 13, 14, 15, 17, 19, 20, 21, 22, 24, 26, 27, 29, 30, 31, 32, 33, 34, 35, 36, 39, 40, 43, 45, 47, 48, 50, 62, 65, 67, 79, 88, 99, 211, 216, 266, 284, 342, 363, 367, 383, 416, 459, 506, 529, 537, 547, 554, 564, 593, 607, 626, 645, 655, 665, 690, 704, 722, 724, 726, 727, 728, 736, 745, 770, 788, 806, 824, 835, 846, 853, 881], "summary": {"covered_lines": 78, "num_statements": 535, "percent_covered": 11.790393013100436, "percent_covered_display": "12", "missing_lines": 457, "excluded_lines": 0, "num_branches": 152, "num_partial_branches": 3, "covered_branches": 3, "missing_branches": 149}, "missing_lines": [52, 53, 58, 60, 63, 70, 77, 81, 86, 91, 97, 102, 104, 105, 106, 109, 110, 111, 112, 113, 115, 116, 117, 118, 119, 122, 123, 124, 125, 127, 128, 129, 130, 131, 134, 135, 136, 137, 140, 141, 142, 143, 145, 159, 160, 161, 162, 165, 166, 167, 168, 169, 172, 173, 174, 175, 178, 179, 180, 181, 184, 185, 186, 187, 190, 191, 194, 195, 197, 199, 200, 201, 202, 203, 204, 205, 206, 207, 208, 209, 214, 218, 220, 221, 228, 238, 239, 240, 243, 244, 245, 246, 249, 250, 251, 252, 254, 256, 257, 258, 259, 260, 261, 262, 263, 264, 269, 270, 271, 274, 276, 277, 279, 280, 282, 289, 291, 292, 293, 296, 297, 298, 300, 313, 314, 315, 318, 319, 320, 321, 324, 325, 326, 329, 330, 331, 333, 335, 336, 337, 338, 339, 340, 345, 346, 348, 360, 361, 365, 369, 371, 372, 375, 379, 380, 381, 385, 387, 388, 389, 390, 391, 394, 395, 396, 399, 400, 401, 403, 406, 407, 408, 410, 412, 413, 414, 418, 420, 421, 422, 426, 427, 428, 431, 432, 433, 434, 435, 438, 439, 440, 441, 442, 445, 446, 447, 448, 451, 453, 455, 456, 457, 461, 463, 464, 467, 468, 469, 472, 473, 475, 477, 479, 480, 481, 490, 491, 492, 493, 494, 496, 497, 498, 500, 502, 503, 504, 508, 510, 511, 514, 515, 516, 517, 520, 521, 523, 525, 526, 527, 533, 534, 535, 539, 540, 541, 544, 545, 550, 551, 552, 556, 562, 566, 568, 577, 578, 581, 587, 589, 590, 591, 595, 596, 598, 599, 600, 601, 602, 603, 610, 611, 615, 616, 620, 621, 622, 624, 629, 630, 634, 635, 639, 640, 641, 643, 647, 648, 649, 650, 651, 652, 653, 657, 658, 659, 660, 661, 662, 663, 667, 669, 670, 673, 674, 676, 677, 678, 679, 684, 686, 687, 688, 692, 693, 695, 697, 698, 699, 700, 701, 702, 706, 707, 712, 732, 733, 734, 738, 739, 740, 741, 742, 743, 747, 748, 749, 752, 753, 756, 757, 759, 760, 763, 764, 766, 767, 768, 772, 773, 774, 776, 777, 779, 780, 782, 783, 784, 785, 786, 790, 791, 792, 794, 795, 797, 798, 800, 801, 802, 803, 804, 808, 810, 811, 812, 814, 817, 818, 820, 821, 822, 826, 827, 828, 829, 830, 831, 832, 833, 837, 838, 839, 840, 841, 842, 843, 844, 848, 855, 857, 858, 861, 862, 865, 866, 867, 868, 871, 872, 873, 875, 877, 878, 879, 883, 884, 885, 886, 889, 890, 891, 892, 895, 896, 897, 898, 900, 902, 903, 904, 906, 907, 908, 909, 910, 911, 914, 916, 917, 918, 920, 921, 922, 925, 926, 927, 929, 930, 931, 933, 934, 935, 937, 939, 940, 941], "excluded_lines": [], "executed_branches": [[50, 62], [62, 65], [726, 727]], "missing_branches": [[50, 52], [52, 53], [52, 58], [62, 63], [104, 105], [104, 109], [111, 112], [111, 122], [112, 113], [112, 115], [116, 117], [116, 119], [122, 123], [122, 127], [128, 129], [128, 134], [134, 135], [134, 140], [140, 141], [140, 145], [159, 160], [159, 165], [166, 167], [166, 172], [172, 173], [172, 178], [178, 179], [178, 184], [184, 185], [184, 190], [238, 239], [238, 243], [244, 245], [244, 249], [250, 251], [250, 254], [270, 271], [270, 274], [291, 292], [291, 296], [296, 297], [296, 300], [313, 314], [313, 318], [319, 320], [319, 324], [324, 325], [324, 329], [329, 330], [329, 333], [371, 372], [371, 375], [388, 389], [388, 394], [389, 388], [389, 390], [394, 395], [394, 399], [400, 401], [400, 403], [406, 407], [406, 410], [421, 422], [421, 426], [426, 427], [426, 431], [433, 434], [433, 438], [440, 441], [440, 445], [446, 447], [446, 451], [467, 468], [467, 472], [475, 477], [475, 479], [479, 480], [479, 490], [492, 493], [492, 496], [496, 497], [496, 500], [510, 511], [510, 514], [515, 516], [515, 520], [520, 521], [520, 523], [533, 534], [533, 535], [539, 540], [539, 541], [544, -537], [544, 545], [550, -547], [550, 551], [610, 611], [610, 615], [616, 620], [616, 624], [629, 630], [629, 634], [635, 639], [635, 643], [669, 670], [669, 673], [674, 676], [674, 684], [677, 678], [677, 679], [726, 732], [748, 749], [748, 752], [757, -745], [757, 759], [773, 774], [773, 776], [777, 779], [777, 786], [791, 792], [791, 794], [795, 797], [795, 804], [812, 814], [812, 817], [828, 829], [828, 833], [839, 840], [839, 844], [857, 858], [857, 861], [866, 867], [866, 871], [871, 872], [871, 875], [884, 885], [884, 889], [890, 891], [890, 895], [895, 896], [895, 914], [896, 897], [896, 900], [903, 904], [903, 906], [917, 918], [917, 920], [926, 927], [926, 929]], "functions": {"JWTHandler.__init__": {"executed_lines": [30, 31, 32, 33, 34, 35, 36, 39, 40, 43], "summary": {"covered_lines": 10, "num_statements": 10, "percent_covered": 100.0, "percent_covered_display": "100", "missing_lines": 0, "excluded_lines": 0, "num_branches": 0, "num_partial_branches": 0, "covered_branches": 0, "missing_branches": 0}, "missing_lines": [], "excluded_lines": [], "executed_branches": [], "missing_branches": []}, "JWTHandler._get_jwt_secret": {"executed_lines": [47, 48, 50, 62, 65], "summary": {"covered_lines": 5, "num_statements": 10, "percent_covered": 43.75, "percent_covered_display": "44", "missing_lines": 5, "excluded_lines": 0, "num_branches": 6, "num_partial_branches": 2, "covered_branches": 2, "missing_branches": 4}, "missing_lines": [52, 53, 58, 60, 63], "excluded_lines": [], "executed_branches": [[50, 62], [62, 65]], "missing_branches": [[50, 52], [52, 53], [52, 58], [62, 63]]}, "JWTHandler.create_access_token": {"executed_lines": [], "summary": {"covered_lines": 0, "num_statements": 2, "percent_covered": 0.0, "percent_covered_display": "0", "missing_lines": 2, "excluded_lines": 0, "num_branches": 0, "num_partial_branches": 0, "covered_branches": 0, "missing_branches": 0}, "missing_lines": [70, 77], "excluded_lines": [], "executed_branches": [], "missing_branches": []}, "JWTHandler.create_refresh_token": {"executed_lines": [], "summary": {"covered_lines": 0, "num_statements": 2, "percent_covered": 0.0, "percent_covered_display": "0", "missing_lines": 2, "excluded_lines": 0, "num_branches": 0, "num_partial_branches": 0, "covered_branches": 0, "missing_branches": 0}, "missing_lines": [81, 86], "excluded_lines": [], "executed_branches": [], "missing_branches": []}, "JWTHandler.create_service_token": {"executed_lines": [], "summary": {"covered_lines": 0, "num_statements": 2, "percent_covered": 0.0, "percent_covered_display": "0", "missing_lines": 2, "excluded_lines": 0, "num_branches": 0, "num_partial_branches": 0, "covered_branches": 0, "missing_branches": 0}, "missing_lines": [91, 97], "excluded_lines": [], "executed_branches": [], "missing_branches": []}, "JWTHandler.validate_token": {"executed_lines": [], "summary": {"covered_lines": 0, "num_statements": 69, "percent_covered": 0.0, "percent_covered_display": "0", "missing_lines": 69, "excluded_lines": 0, "num_branches": 26, "num_partial_branches": 0, "covered_branches": 0, "missing_branches": 26}, "missing_lines": [102, 104, 105, 106, 109, 110, 111, 112, 113, 115, 116, 117, 118, 119, 122, 123, 124, 125, 127, 128, 129, 130, 131, 134, 135, 136, 137, 140, 141, 142, 143, 145, 159, 160, 161, 162, 165, 166, 167, 168, 169, 172, 173, 174, 175, 178, 179, 180, 181, 184, 185, 186, 187, 190, 191, 194, 195, 197, 199, 200, 201, 202, 203, 204, 205, 206, 207, 208, 209], "excluded_lines": [], "executed_branches": [], "missing_branches": [[104, 105], [104, 109], [111, 112], [111, 122], [112, 113], [112, 115], [116, 117], [116, 119], [122, 123], [122, 127], [128, 129], [128, 134], [134, 135], [134, 140], [140, 141], [140, 145], [159, 160], [159, 165], [166, 167], [166, 172], [172, 173], [172, 178], [178, 179], [178, 184], [184, 185], [184, 190]]}, "JWTHandler.validate_token_jwt": {"executed_lines": [], "summary": {"covered_lines": 0, "num_statements": 1, "percent_covered": 0.0, "percent_covered_display": "0", "missing_lines": 1, "excluded_lines": 0, "num_branches": 0, "num_partial_branches": 0, "covered_branches": 0, "missing_branches": 0}, "missing_lines": [214], "excluded_lines": [], "executed_branches": [], "missing_branches": []}, "JWTHandler.validate_id_token": {"executed_lines": [], "summary": {"covered_lines": 0, "num_statements": 25, "percent_covered": 0.0, "percent_covered_display": "0", "missing_lines": 25, "excluded_lines": 0, "num_branches": 6, "num_partial_branches": 0, "covered_branches": 0, "missing_branches": 6}, "missing_lines": [218, 220, 221, 228, 238, 239, 240, 243, 244, 245, 246, 249, 250, 251, 252, 254, 256, 257, 258, 259, 260, 261, 262, 263, 264], "excluded_lines": [], "executed_branches": [], "missing_branches": [[238, 239], [238, 243], [244, 245], [244, 249], [250, 251], [250, 254]]}, "JWTHandler.refresh_access_token": {"executed_lines": [], "summary": {"covered_lines": 0, "num_statements": 9, "percent_covered": 0.0, "percent_covered_display": "0", "missing_lines": 9, "excluded_lines": 0, "num_branches": 2, "num_partial_branches": 0, "covered_branches": 0, "missing_branches": 2}, "missing_lines": [269, 270, 271, 274, 276, 277, 279, 280, 282], "excluded_lines": [], "executed_branches": [], "missing_branches": [[270, 271], [270, 274]]}, "JWTHandler.validate_token_for_consumption": {"executed_lines": [], "summary": {"covered_lines": 0, "num_statements": 28, "percent_covered": 0.0, "percent_covered_display": "0", "missing_lines": 28, "excluded_lines": 0, "num_branches": 12, "num_partial_branches": 0, "covered_branches": 0, "missing_branches": 12}, "missing_lines": [289, 291, 292, 293, 296, 297, 298, 300, 313, 314, 315, 318, 319, 320, 321, 324, 325, 326, 329, 330, 331, 333, 335, 336, 337, 338, 339, 340], "excluded_lines": [], "executed_branches": [], "missing_branches": [[291, 292], [291, 296], [296, 297], [296, 300], [313, 314], [313, 318], [319, 320], [319, 324], [324, 325], [324, 329], [329, 330], [329, 333]]}, "JWTHandler._build_payload": {"executed_lines": [], "summary": {"covered_lines": 0, "num_statements": 5, "percent_covered": 0.0, "percent_covered_display": "0", "missing_lines": 5, "excluded_lines": 0, "num_branches": 0, "num_partial_branches": 0, "covered_branches": 0, "missing_branches": 0}, "missing_lines": [345, 346, 348, 360, 361], "excluded_lines": [], "executed_branches": [], "missing_branches": []}, "JWTHandler._encode_token": {"executed_lines": [], "summary": {"covered_lines": 0, "num_statements": 1, "percent_covered": 0.0, "percent_covered_display": "0", "missing_lines": 1, "excluded_lines": 0, "num_branches": 0, "num_partial_branches": 0, "covered_branches": 0, "missing_branches": 0}, "missing_lines": [365], "excluded_lines": [], "executed_branches": [], "missing_branches": []}, "JWTHandler.extract_user_id": {"executed_lines": [], "summary": {"covered_lines": 0, "num_statements": 7, "percent_covered": 0.0, "percent_covered_display": "0", "missing_lines": 7, "excluded_lines": 0, "num_branches": 2, "num_partial_branches": 0, "covered_branches": 0, "missing_branches": 2}, "missing_lines": [369, 371, 372, 375, 379, 380, 381], "excluded_lines": [], "executed_branches": [], "missing_branches": [[371, 372], [371, 375]]}, "JWTHandler._validate_token_claims": {"executed_lines": [], "summary": {"covered_lines": 0, "num_statements": 20, "percent_covered": 0.0, "percent_covered_display": "0", "missing_lines": 20, "excluded_lines": 0, "num_branches": 10, "num_partial_branches": 0, "covered_branches": 0, "missing_branches": 10}, "missing_lines": [385, 387, 388, 389, 390, 391, 394, 395, 396, 399, 400, 401, 403, 406, 407, 408, 410, 412, 413, 414], "excluded_lines": [], "executed_branches": [], "missing_branches": [[388, 389], [388, 394], [389, 388], [389, 390], [394, 395], [394, 399], [400, 401], [400, 403], [406, 407], [406, 410]]}, "JWTHandler._validate_enhanced_jwt_claims": {"executed_lines": [], "summary": {"covered_lines": 0, "num_statements": 26, "percent_covered": 0.0, "percent_covered_display": "0", "missing_lines": 26, "excluded_lines": 0, "num_branches": 10, "num_partial_branches": 0, "covered_branches": 0, "missing_branches": 10}, "missing_lines": [418, 420, 421, 422, 426, 427, 428, 431, 432, 433, 434, 435, 438, 439, 440, 441, 442, 445, 446, 447, 448, 451, 453, 455, 456, 457], "excluded_lines": [], "executed_branches": [], "missing_branches": [[421, 422], [421, 426], [426, 427], [426, 431], [433, 434], [433, 438], [440, 441], [440, 445], [446, 447], [446, 451]]}, "JWTHandler._validate_cross_service_token": {"executed_lines": [], "summary": {"covered_lines": 0, "num_statements": 25, "percent_covered": 0.0, "percent_covered_display": "0", "missing_lines": 25, "excluded_lines": 0, "num_branches": 10, "num_partial_branches": 0, "covered_branches": 0, "missing_branches": 10}, "missing_lines": [461, 463, 464, 467, 468, 469, 472, 473, 475, 477, 479, 480, 481, 490, 491, 492, 493, 494, 496, 497, 498, 500, 502, 503, 504], "excluded_lines": [], "executed_branches": [], "missing_branches": [[467, 468], [467, 472], [475, 477], [475, 479], [479, 480], [479, 490], [492, 493], [492, 496], [496, 497], [496, 500]]}, "JWTHandler._validate_cross_service_token_with_replay_protection": {"executed_lines": [], "summary": {"covered_lines": 0, "num_statements": 13, "percent_covered": 0.0, "percent_covered_display": "0", "missing_lines": 13, "excluded_lines": 0, "num_branches": 6, "num_partial_branches": 0, "covered_branches": 0, "missing_branches": 6}, "missing_lines": [508, 510, 511, 514, 515, 516, 517, 520, 521, 523, 525, 526, 527], "excluded_lines": [], "executed_branches": [], "missing_branches": [[510, 511], [510, 514], [515, 516], [515, 520], [520, 521], [520, 523]]}, "JWTHandler._is_token_id_used": {"executed_lines": [], "summary": {"covered_lines": 0, "num_statements": 3, "percent_covered": 0.0, "percent_covered_display": "0", "missing_lines": 3, "excluded_lines": 0, "num_branches": 2, "num_partial_branches": 0, "covered_branches": 0, "missing_branches": 2}, "missing_lines": [533, 534, 535], "excluded_lines": [], "executed_branches": [], "missing_branches": [[533, 534], [533, 535]]}, "JWTHandler._track_token_id": {"executed_lines": [], "summary": {"covered_lines": 0, "num_statements": 5, "percent_covered": 0.0, "percent_covered_display": "0", "missing_lines": 5, "excluded_lines": 0, "num_branches": 4, "num_partial_branches": 0, "covered_branches": 0, "missing_branches": 4}, "missing_lines": [539, 540, 541, 544, 545], "excluded_lines": [], "executed_branches": [], "missing_branches": [[539, 540], [539, 541], [544, -537], [544, 545]]}, "JWTHandler._cleanup_expired_token_ids": {"executed_lines": [], "summary": {"covered_lines": 0, "num_statements": 3, "percent_covered": 0.0, "percent_covered_display": "0", "missing_lines": 3, "excluded_lines": 0, "num_branches": 2, "num_partial_branches": 0, "covered_branches": 0, "missing_branches": 2}, "missing_lines": [550, 551, 552], "excluded_lines": [], "executed_branches": [], "missing_branches": [[550, -547], [550, 551]]}, "JWTHandler._get_audience_for_token_type": {"executed_lines": [], "summary": {"covered_lines": 0, "num_statements": 2, "percent_covered": 0.0, "percent_covered_display": "0", "missing_lines": 2, "excluded_lines": 0, "num_branches": 0, "num_partial_branches": 0, "covered_branches": 0, "missing_branches": 0}, "missing_lines": [556, 562], "excluded_lines": [], "executed_branches": [], "missing_branches": []}, "JWTHandler._generate_service_signature": {"executed_lines": [], "summary": {"covered_lines": 0, "num_statements": 9, "percent_covered": 0.0, "percent_covered_display": "0", "missing_lines": 9, "excluded_lines": 0, "num_branches": 0, "num_partial_branches": 0, "covered_branches": 0, "missing_branches": 0}, "missing_lines": [566, 568, 577, 578, 581, 587, 589, 590, 591], "excluded_lines": [], "executed_branches": [], "missing_branches": []}, "JWTHandler.blacklist_token": {"executed_lines": [], "summary": {"covered_lines": 0, "num_statements": 8, "percent_covered": 0.0, "percent_covered_display": "0", "missing_lines": 8, "excluded_lines": 0, "num_branches": 0, "num_partial_branches": 0, "covered_branches": 0, "missing_branches": 0}, "missing_lines": [595, 596, 598, 599, 600, 601, 602, 603], "excluded_lines": [], "executed_branches": [], "missing_branches": []}, "JWTHandler.is_token_blacklisted": {"executed_lines": [], "summary": {"covered_lines": 0, "num_statements": 8, "percent_covered": 0.0, "percent_covered_display": "0", "missing_lines": 8, "excluded_lines": 0, "num_branches": 4, "num_partial_branches": 0, "covered_branches": 0, "missing_branches": 4}, "missing_lines": [610, 611, 615, 616, 620, 621, 622, 624], "excluded_lines": [], "executed_branches": [], "missing_branches": [[610, 611], [610, 615], [616, 620], [616, 624]]}, "JWTHandler.is_user_blacklisted": {"executed_lines": [], "summary": {"covered_lines": 0, "num_statements": 8, "percent_covered": 0.0, "percent_covered_display": "0", "missing_lines": 8, "excluded_lines": 0, "num_branches": 4, "num_partial_branches": 0, "covered_branches": 0, "missing_branches": 4}, "missing_lines": [629, 630, 634, 635, 639, 640, 641, 643], "excluded_lines": [], "executed_branches": [], "missing_branches": [[629, 630], [629, 634], [635, 639], [635, 643]]}, "JWTHandler.remove_from_blacklist": {"executed_lines": [], "summary": {"covered_lines": 0, "num_statements": 7, "percent_covered": 0.0, "percent_covered_display": "0", "missing_lines": 7, "excluded_lines": 0, "num_branches": 0, "num_partial_branches": 0, "covered_branches": 0, "missing_branches": 0}, "missing_lines": [647, 648, 649, 650, 651, 652, 653], "excluded_lines": [], "executed_branches": [], "missing_branches": []}, "JWTHandler.remove_user_from_blacklist": {"executed_lines": [], "summary": {"covered_lines": 0, "num_statements": 7, "percent_covered": 0.0, "percent_covered_display": "0", "missing_lines": 7, "excluded_lines": 0, "num_branches": 0, "num_partial_branches": 0, "covered_branches": 0, "missing_branches": 0}, "missing_lines": [657, 658, 659, 660, 661, 662, 663], "excluded_lines": [], "executed_branches": [], "missing_branches": []}, "JWTHandler._validate_enhanced_jwt_claims_fast": {"executed_lines": [], "summary": {"covered_lines": 0, "num_statements": 13, "percent_covered": 0.0, "percent_covered_display": "0", "missing_lines": 13, "excluded_lines": 0, "num_branches": 6, "num_partial_branches": 0, "covered_branches": 0, "missing_branches": 6}, "missing_lines": [667, 669, 670, 673, 674, 676, 677, 678, 679, 684, 686, 687, 688], "excluded_lines": [], "executed_branches": [], "missing_branches": [[669, 670], [669, 673], [674, 676], [674, 684], [677, 678], [677, 679]]}, "JWTHandler.blacklist_user": {"executed_lines": [], "summary": {"covered_lines": 0, "num_statements": 9, "percent_covered": 0.0, "percent_covered_display": "0", "missing_lines": 9, "excluded_lines": 0, "num_branches": 0, "num_partial_branches": 0, "covered_branches": 0, "missing_branches": 0}, "missing_lines": [692, 693, 695, 697, 698, 699, 700, 701, 702], "excluded_lines": [], "executed_branches": [], "missing_branches": []}, "JWTHandler.get_performance_stats": {"executed_lines": [], "summary": {"covered_lines": 0, "num_statements": 3, "percent_covered": 0.0, "percent_covered_display": "0", "missing_lines": 3, "excluded_lines": 0, "num_branches": 0, "num_partial_branches": 0, "covered_branches": 0, "missing_branches": 0}, "missing_lines": [706, 707, 712], "excluded_lines": [], "executed_branches": [], "missing_branches": []}, "JWTHandler._initialize_blacklist_from_redis": {"executed_lines": [724, 726, 727, 728], "summary": {"covered_lines": 4, "num_statements": 7, "percent_covered": 55.55555555555556, "percent_covered_display": "56", "missing_lines": 3, "excluded_lines": 0, "num_branches": 2, "num_partial_branches": 1, "covered_branches": 1, "missing_branches": 1}, "missing_lines": [732, 733, 734], "excluded_lines": [], "executed_branches": [[726, 727]], "missing_branches": [[726, 732]]}, "JWTHandler.sync_blacklists_from_redis": {"executed_lines": [], "summary": {"covered_lines": 0, "num_statements": 6, "percent_covered": 0.0, "percent_covered_display": "0", "missing_lines": 6, "excluded_lines": 0, "num_branches": 0, "num_partial_branches": 0, "covered_branches": 0, "missing_branches": 0}, "missing_lines": [738, 739, 740, 741, 742, 743], "excluded_lines": [], "executed_branches": [], "missing_branches": []}, "JWTHandler._load_blacklists_from_redis": {"executed_lines": [], "summary": {"covered_lines": 0, "num_statements": 14, "percent_covered": 0.0, "percent_covered_display": "0", "missing_lines": 14, "excluded_lines": 0, "num_branches": 4, "num_partial_branches": 0, "covered_branches": 0, "missing_branches": 4}, "missing_lines": [747, 748, 749, 752, 753, 756, 757, 759, 760, 763, 764, 766, 767, 768], "excluded_lines": [], "executed_branches": [], "missing_branches": [[748, 749], [748, 752], [757, -745], [757, 759]]}, "JWTHandler._persist_token_blacklist": {"executed_lines": [], "summary": {"covered_lines": 0, "num_statements": 12, "percent_covered": 0.0, "percent_covered_display": "0", "missing_lines": 12, "excluded_lines": 0, "num_branches": 4, "num_partial_branches": 0, "covered_branches": 0, "missing_branches": 4}, "missing_lines": [772, 773, 774, 776, 777, 779, 780, 782, 783, 784, 785, 786], "excluded_lines": [], "executed_branches": [], "missing_branches": [[773, 774], [773, 776], [777, 779], [777, 786]]}, "JWTHandler._persist_user_blacklist": {"executed_lines": [], "summary": {"covered_lines": 0, "num_statements": 12, "percent_covered": 0.0, "percent_covered_display": "0", "missing_lines": 12, "excluded_lines": 0, "num_branches": 4, "num_partial_branches": 0, "covered_branches": 0, "missing_branches": 4}, "missing_lines": [790, 791, 792, 794, 795, 797, 798, 800, 801, 802, 803, 804], "excluded_lines": [], "executed_branches": [], "missing_branches": [[791, 792], [791, 794], [795, 797], [795, 804]]}, "JWTHandler._run_async_in_background": {"executed_lines": [], "summary": {"covered_lines": 0, "num_statements": 10, "percent_covered": 0.0, "percent_covered_display": "0", "missing_lines": 10, "excluded_lines": 0, "num_branches": 2, "num_partial_branches": 0, "covered_branches": 0, "missing_branches": 2}, "missing_lines": [808, 810, 811, 812, 814, 817, 818, 820, 821, 822], "excluded_lines": [], "executed_branches": [], "missing_branches": [[812, 814], [812, 817]]}, "JWTHandler._check_token_in_redis": {"executed_lines": [], "summary": {"covered_lines": 0, "num_statements": 8, "percent_covered": 0.0, "percent_covered_display": "0", "missing_lines": 8, "excluded_lines": 0, "num_branches": 2, "num_partial_branches": 0, "covered_branches": 0, "missing_branches": 2}, "missing_lines": [826, 827, 828, 829, 830, 831, 832, 833], "excluded_lines": [], "executed_branches": [], "missing_branches": [[828, 829], [828, 833]]}, "JWTHandler._check_user_in_redis": {"executed_lines": [], "summary": {"covered_lines": 0, "num_statements": 8, "percent_covered": 0.0, "percent_covered_display": "0", "missing_lines": 8, "excluded_lines": 0, "num_branches": 2, "num_partial_branches": 0, "covered_branches": 0, "missing_branches": 2}, "missing_lines": [837, 838, 839, 840, 841, 842, 843, 844], "excluded_lines": [], "executed_branches": [], "missing_branches": [[839, 840], [839, 844]]}, "JWTHandler.get_blacklist_info": {"executed_lines": [], "summary": {"covered_lines": 0, "num_statements": 1, "percent_covered": 0.0, "percent_covered_display": "0", "missing_lines": 1, "excluded_lines": 0, "num_branches": 0, "num_partial_branches": 0, "covered_branches": 0, "missing_branches": 0}, "missing_lines": [848], "excluded_lines": [], "executed_branches": [], "missing_branches": []}, "JWTHandler._validate_token_security_consolidated": {"executed_lines": [], "summary": {"covered_lines": 0, "num_statements": 16, "percent_covered": 0.0, "percent_covered_display": "0", "missing_lines": 16, "excluded_lines": 0, "num_branches": 6, "num_partial_branches": 0, "covered_branches": 0, "missing_branches": 6}, "missing_lines": [855, 857, 858, 861, 862, 865, 866, 867, 868, 871, 872, 873, 875, 877, 878, 879], "excluded_lines": [], "executed_branches": [], "missing_branches": [[857, 858], [857, 861], [866, 867], [866, 871], [871, 872], [871, 875]]}, "JWTHandler._validate_jwt_structure": {"executed_lines": [], "summary": {"covered_lines": 0, "num_statements": 42, "percent_covered": 0.0, "percent_covered_display": "0", "missing_lines": 42, "excluded_lines": 0, "num_branches": 14, "num_partial_branches": 0, "covered_branches": 0, "missing_branches": 14}, "missing_lines": [883, 884, 885, 886, 889, 890, 891, 892, 895, 896, 897, 898, 900, 902, 903, 904, 906, 907, 908, 909, 910, 911, 914, 916, 917, 918, 920, 921, 922, 925, 926, 927, 929, 930, 931, 933, 934, 935, 937, 939, 940, 941], "excluded_lines": [], "executed_branches": [], "missing_branches": [[884, 885], [884, 889], [890, 891], [890, 895], [895, 896], [895, 914], [896, 897], [896, 900], [903, 904], [903, 906], [917, 918], [917, 920], [926, 927], [926, 929]]}, "": {"executed_lines": [1, 5, 6, 7, 8, 9, 10, 11, 12, 13, 14, 15, 17, 19, 20, 21, 22, 24, 26, 27, 29, 45, 67, 79, 88, 99, 211, 216, 266, 284, 342, 363, 367, 383, 416, 459, 506, 529, 537, 547, 554, 564, 593, 607, 626, 645, 655, 665, 690, 704, 722, 736, 745, 770, 788, 806, 824, 835, 846, 853, 881], "summary": {"covered_lines": 59, "num_statements": 59, "percent_covered": 100.0, "percent_covered_display": "100", "missing_lines": 0, "excluded_lines": 0, "num_branches": 0, "num_partial_branches": 0, "covered_branches": 0, "missing_branches": 0}, "missing_lines": [], "excluded_lines": [], "executed_branches": [], "missing_branches": []}}, "classes": {"JWTHandler": {"executed_lines": [30, 31, 32, 33, 34, 35, 36, 39, 40, 43, 47, 48, 50, 62, 65, 724, 726, 727, 728], "summary": {"covered_lines": 19, "num_statements": 476, "percent_covered": 3.5031847133757963, "percent_covered_display": "4", "missing_lines": 457, "excluded_lines": 0, "num_branches": 152, "num_partial_branches": 3, "covered_branches": 3, "missing_branches": 149}, "missing_lines": [52, 53, 58, 60, 63, 70, 77, 81, 86, 91, 97, 102, 104, 105, 106, 109, 110, 111, 112, 113, 115, 116, 117, 118, 119, 122, 123, 124, 125, 127, 128, 129, 130, 131, 134, 135, 136, 137, 140, 141, 142, 143, 145, 159, 160, 161, 162, 165, 166, 167, 168, 169, 172, 173, 174, 175, 178, 179, 180, 181, 184, 185, 186, 187, 190, 191, 194, 195, 197, 199, 200, 201, 202, 203, 204, 205, 206, 207, 208, 209, 214, 218, 220, 221, 228, 238, 239, 240, 243, 244, 245, 246, 249, 250, 251, 252, 254, 256, 257, 258, 259, 260, 261, 262, 263, 264, 269, 270, 271, 274, 276, 277, 279, 280, 282, 289, 291, 292, 293, 296, 297, 298, 300, 313, 314, 315, 318, 319, 320, 321, 324, 325, 326, 329, 330, 331, 333, 335, 336, 337, 338, 339, 340, 345, 346, 348, 360, 361, 365, 369, 371, 372, 375, 379, 380, 381, 385, 387, 388, 389, 390, 391, 394, 395, 396, 399, 400, 401, 403, 406, 407, 408, 410, 412, 413, 414, 418, 420, 421, 422, 426, 427, 428, 431, 432, 433, 434, 435, 438, 439, 440, 441, 442, 445, 446, 447, 448, 451, 453, 455, 456, 457, 461, 463, 464, 467, 468, 469, 472, 473, 475, 477, 479, 480, 481, 490, 491, 492, 493, 494, 496, 497, 498, 500, 502, 503, 504, 508, 510, 511, 514, 515, 516, 517, 520, 521, 523, 525, 526, 527, 533, 534, 535, 539, 540, 541, 544, 545, 550, 551, 552, 556, 562, 566, 568, 577, 578, 581, 587, 589, 590, 591, 595, 596, 598, 599, 600, 601, 602, 603, 610, 611, 615, 616, 620, 621, 622, 624, 629, 630, 634, 635, 639, 640, 641, 643, 647, 648, 649, 650, 651, 652, 653, 657, 658, 659, 660, 661, 662, 663, 667, 669, 670, 673, 674, 676, 677, 678, 679, 684, 686, 687, 688, 692, 693, 695, 697, 698, 699, 700, 701, 702, 706, 707, 712, 732, 733, 734, 738, 739, 740, 741, 742, 743, 747, 748, 749, 752, 753, 756, 757, 759, 760, 763, 764, 766, 767, 768, 772, 773, 774, 776, 777, 779, 780, 782, 783, 784, 785, 786, 790, 791, 792, 794, 795, 797, 798, 800, 801, 802, 803, 804, 808, 810, 811, 812, 814, 817, 818, 820, 821, 822, 826, 827, 828, 829, 830, 831, 832, 833, 837, 838, 839, 840, 841, 842, 843, 844, 848, 855, 857, 858, 861, 862, 865, 866, 867, 868, 871, 872, 873, 875, 877, 878, 879, 883, 884, 885, 886, 889, 890, 891, 892, 895, 896, 897, 898, 900, 902, 903, 904, 906, 907, 908, 909, 910, 911, 914, 916, 917, 918, 920, 921, 922, 925, 926, 927, 929, 930, 931, 933, 934, 935, 937, 939, 940, 941], "excluded_lines": [], "executed_branches": [[50, 62], [62, 65], [726, 727]], "missing_branches": [[50, 52], [52, 53], [52, 58], [62, 63], [104, 105], [104, 109], [111, 112], [111, 122], [112, 113], [112, 115], [116, 117], [116, 119], [122, 123], [122, 127], [128, 129], [128, 134], [134, 135], [134, 140], [140, 141], [140, 145], [159, 160], [159, 165], [166, 167], [166, 172], [172, 173], [172, 178], [178, 179], [178, 184], [184, 185], [184, 190], [238, 239], [238, 243], [244, 245], [244, 249], [250, 251], [250, 254], [270, 271], [270, 274], [291, 292], [291, 296], [296, 297], [296, 300], [313, 314], [313, 318], [319, 320], [319, 324], [324, 325], [324, 329], [329, 330], [329, 333], [371, 372], [371, 375], [388, 389], [388, 394], [389, 388], [389, 390], [394, 395], [394, 399], [400, 401], [400, 403], [406, 407], [406, 410], [421, 422], [421, 426], [426, 427], [426, 431], [433, 434], [433, 438], [440, 441], [440, 445], [446, 447], [446, 451], [467, 468], [467, 472], [475, 477], [475, 479], [479, 480], [479, 490], [492, 493], [492, 496], [496, 497], [496, 500], [510, 511], [510, 514], [515, 516], [515, 520], [520, 521], [520, 523], [533, 534], [533, 535], [539, 540], [539, 541], [544, -537], [544, 545], [550, -547], [550, 551], [610, 611], [610, 615], [616, 620], [616, 624], [629, 630], [629, 634], [635, 639], [635, 643], [669, 670], [669, 673], [674, 676], [674, 684], [677, 678], [677, 679], [726, 732], [748, 749], [748, 752], [757, -745], [757, 759], [773, 774], [773, 776], [777, 779], [777, 786], [791, 792], [791, 794], [795, 797], [795, 804], [812, 814], [812, 817], [828, 829], [828, 833], [839, 840], [839, 844], [857, 858], [857, 861], [866, 867], [866, 871], [871, 872], [871, 875], [884, 885], [884, 889], [890, 891], [890, 895], [895, 896], [895, 914], [896, 897], [896, 900], [903, 904], [903, 906], [917, 918], [917, 920], [926, 927], [926, 929]]}, "": {"executed_lines": [1, 5, 6, 7, 8, 9, 10, 11, 12, 13, 14, 15, 17, 19, 20, 21, 22, 24, 26, 27, 29, 45, 67, 79, 88, 99, 211, 216, 266, 284, 342, 363, 367, 383, 416, 459, 506, 529, 537, 547, 554, 564, 593, 607, 626, 645, 655, 665, 690, 704, 722, 736, 745, 770, 788, 806, 824, 835, 846, 853, 881], "summary": {"covered_lines": 59, "num_statements": 59, "percent_covered": 100.0, "percent_covered_display": "100", "missing_lines": 0, "excluded_lines": 0, "num_branches": 0, "num_partial_branches": 0, "covered_branches": 0, "missing_branches": 0}, "missing_lines": [], "excluded_lines": [], "executed_branches": [], "missing_branches": []}}}, "auth_core\\core\\security_manager.py": {"executed_lines": [], "summary": {"covered_lines": 0, "num_statements": 65, "percent_covered": 0.0, "percent_covered_display": "0", "missing_lines": 65, "excluded_lines": 0, "num_branches": 18, "num_partial_branches": 0, "covered_branches": 0, "missing_branches": 18}, "missing_lines": [6, 7, 10, 13, 15, 16, 17, 19, 21, 23, 25, 26, 28, 34, 36, 38, 40, 41, 42, 44, 47, 49, 51, 54, 56, 57, 59, 61, 65, 66, 68, 70, 71, 73, 75, 77, 79, 81, 83, 85, 88, 90, 91, 93, 95, 98, 99, 101, 103, 104, 106, 108, 110, 112, 114, 117, 118, 120, 121, 123, 124, 127, 128, 129, 131], "excluded_lines": [], "executed_branches": [], "missing_branches": [[25, 26], [25, 28], [40, 41], [40, 42], [59, 61], [59, 65], [65, -49], [65, 66], [93, 95], [93, 98], [98, -83], [98, 99], [120, 121], [120, 123], [123, 124], [123, 127], [128, 129], [128, 131]], "functions": {"SecurityManager.__init__": {"executed_lines": [], "summary": {"covered_lines": 0, "num_statements": 3, "percent_covered": 0.0, "percent_covered_display": "0", "missing_lines": 3, "excluded_lines": 0, "num_branches": 0, "num_partial_branches": 0, "covered_branches": 0, "missing_branches": 0}, "missing_lines": [15, 16, 17], "excluded_lines": [], "executed_branches": [], "missing_branches": []}, "SecurityManager.initialize": {"executed_lines": [], "summary": {"covered_lines": 0, "num_statements": 1, "percent_covered": 0.0, "percent_covered_display": "0", "missing_lines": 1, "excluded_lines": 0, "num_branches": 0, "num_partial_branches": 0, "covered_branches": 0, "missing_branches": 0}, "missing_lines": [21], "excluded_lines": [], "executed_branches": [], "missing_branches": []}, "SecurityManager.record_suspicious_activity": {"executed_lines": [], "summary": {"covered_lines": 0, "num_statements": 3, "percent_covered": 0.0, "percent_covered_display": "0", "missing_lines": 3, "excluded_lines": 0, "num_branches": 2, "num_partial_branches": 0, "covered_branches": 0, "missing_branches": 2}, "missing_lines": [25, 26, 28], "excluded_lines": [], "executed_branches": [], "missing_branches": [[25, 26], [25, 28]]}, "SecurityManager.get_suspicious_activity_count": {"executed_lines": [], "summary": {"covered_lines": 0, "num_statements": 1, "percent_covered": 0.0, "percent_covered_display": "0", "missing_lines": 1, "excluded_lines": 0, "num_branches": 0, "num_partial_branches": 0, "covered_branches": 0, "missing_branches": 0}, "missing_lines": [36], "excluded_lines": [], "executed_branches": [], "missing_branches": []}, "SecurityManager.record_token_usage": {"executed_lines": [], "summary": {"covered_lines": 0, "num_statements": 3, "percent_covered": 0.0, "percent_covered_display": "0", "missing_lines": 3, "excluded_lines": 0, "num_branches": 2, "num_partial_branches": 0, "covered_branches": 0, "missing_branches": 2}, "missing_lines": [40, 41, 42], "excluded_lines": [], "executed_branches": [], "missing_branches": [[40, 41], [40, 42]]}, "SecurityManager.detect_token_replay": {"executed_lines": [], "summary": {"covered_lines": 0, "num_statements": 1, "percent_covered": 0.0, "percent_covered_display": "0", "missing_lines": 1, "excluded_lines": 0, "num_branches": 0, "num_partial_branches": 0, "covered_branches": 0, "missing_branches": 0}, "missing_lines": [47], "excluded_lines": [], "executed_branches": [], "missing_branches": []}, "SecurityManager.validate_token_not_replayed": {"executed_lines": [], "summary": {"covered_lines": 0, "num_statements": 12, "percent_covered": 0.0, "percent_covered_display": "0", "missing_lines": 12, "excluded_lines": 0, "num_branches": 4, "num_partial_branches": 0, "covered_branches": 0, "missing_branches": 4}, "missing_lines": [51, 54, 56, 57, 59, 61, 65, 66, 68, 70, 71, 73], "excluded_lines": [], "executed_branches": [], "missing_branches": [[59, 61], [59, 65], [65, -49], [65, 66]]}, "SecurityManager.revoke_token": {"executed_lines": [], "summary": {"covered_lines": 0, "num_statements": 1, "percent_covered": 0.0, "percent_covered_display": "0", "missing_lines": 1, "excluded_lines": 0, "num_branches": 0, "num_partial_branches": 0, "covered_branches": 0, "missing_branches": 0}, "missing_lines": [77], "excluded_lines": [], "executed_branches": [], "missing_branches": []}, "SecurityManager.is_token_revoked": {"executed_lines": [], "summary": {"covered_lines": 0, "num_statements": 1, "percent_covered": 0.0, "percent_covered_display": "0", "missing_lines": 1, "excluded_lines": 0, "num_branches": 0, "num_partial_branches": 0, "covered_branches": 0, "missing_branches": 0}, "missing_lines": [81], "excluded_lines": [], "executed_branches": [], "missing_branches": []}, "SecurityManager.validate_token_not_revoked": {"executed_lines": [], "summary": {"covered_lines": 0, "num_statements": 12, "percent_covered": 0.0, "percent_covered_display": "0", "missing_lines": 12, "excluded_lines": 0, "num_branches": 4, "num_partial_branches": 0, "covered_branches": 0, "missing_branches": 4}, "missing_lines": [85, 88, 90, 91, 93, 95, 98, 99, 101, 103, 104, 106], "excluded_lines": [], "executed_branches": [], "missing_branches": [[93, 95], [93, 98], [98, -83], [98, 99]]}, "SecurityManager.get_token_usage_count": {"executed_lines": [], "summary": {"covered_lines": 0, "num_statements": 1, "percent_covered": 0.0, "percent_covered_display": "0", "missing_lines": 1, "excluded_lines": 0, "num_branches": 0, "num_partial_branches": 0, "covered_branches": 0, "missing_branches": 0}, "missing_lines": [110], "excluded_lines": [], "executed_branches": [], "missing_branches": []}, "SecurityManager.analyze_session_activity": {"executed_lines": [], "summary": {"covered_lines": 0, "num_statements": 11, "percent_covered": 0.0, "percent_covered_display": "0", "missing_lines": 11, "excluded_lines": 0, "num_branches": 6, "num_partial_branches": 0, "covered_branches": 0, "missing_branches": 6}, "missing_lines": [114, 117, 118, 120, 121, 123, 124, 127, 128, 129, 131], "excluded_lines": [], "executed_branches": [], "missing_branches": [[120, 121], [120, 123], [123, 124], [123, 127], [128, 129], [128, 131]]}, "": {"executed_lines": [], "summary": {"covered_lines": 0, "num_statements": 15, "percent_covered": 0.0, "percent_covered_display": "0", "missing_lines": 15, "excluded_lines": 0, "num_branches": 0, "num_partial_branches": 0, "covered_branches": 0, "missing_branches": 0}, "missing_lines": [6, 7, 10, 13, 19, 23, 34, 38, 44, 49, 75, 79, 83, 108, 112], "excluded_lines": [], "executed_branches": [], "missing_branches": []}}, "classes": {"SecurityManager": {"executed_lines": [], "summary": {"covered_lines": 0, "num_statements": 50, "percent_covered": 0.0, "percent_covered_display": "0", "missing_lines": 50, "excluded_lines": 0, "num_branches": 18, "num_partial_branches": 0, "covered_branches": 0, "missing_branches": 18}, "missing_lines": [15, 16, 17, 21, 25, 26, 28, 36, 40, 41, 42, 47, 51, 54, 56, 57, 59, 61, 65, 66, 68, 70, 71, 73, 77, 81, 85, 88, 90, 91, 93, 95, 98, 99, 101, 103, 104, 106, 110, 114, 117, 118, 120, 121, 123, 124, 127, 128, 129, 131], "excluded_lines": [], "executed_branches": [], "missing_branches": [[25, 26], [25, 28], [40, 41], [40, 42], [59, 61], [59, 65], [65, -49], [65, 66], [93, 95], [93, 98], [98, -83], [98, 99], [120, 121], [120, 123], [123, 124], [123, 127], [128, 129], [128, 131]]}, "": {"executed_lines": [], "summary": {"covered_lines": 0, "num_statements": 15, "percent_covered": 0.0, "percent_covered_display": "0", "missing_lines": 15, "excluded_lines": 0, "num_branches": 0, "num_partial_branches": 0, "covered_branches": 0, "missing_branches": 0}, "missing_lines": [6, 7, 10, 13, 19, 23, 34, 38, 44, 49, 75, 79, 83, 108, 112], "excluded_lines": [], "executed_branches": [], "missing_branches": []}}}, "auth_core\\core\\session_manager.py": {"executed_lines": [1, 6, 7, 8, 9, 10, 11, 12, 13, 14, 16, 17, 19, 21, 22, 24, 26, 27, 30, 31, 34, 35, 38, 41, 42, 45, 47, 68, 92, 93, 97, 106, 176, 216, 233, 254, 276, 283, 310, 331, 335, 369, 384, 399, 403, 419, 428, 438, 444, 457, 479, 490, 509, 540, 576, 648, 667, 674, 678, 685, 701, 718, 737], "summary": {"covered_lines": 61, "num_statements": 395, "percent_covered": 11.376146788990825, "percent_covered_display": "11", "missing_lines": 334, "excluded_lines": 0, "num_branches": 150, "num_partial_branches": 1, "covered_branches": 1, "missing_branches": 149}, "missing_lines": [36, 49, 50, 53, 55, 56, 57, 58, 59, 62, 63, 65, 66, 70, 71, 73, 75, 78, 81, 84, 86, 87, 89, 90, 95, 99, 100, 101, 103, 104, 119, 122, 124, 125, 126, 128, 130, 131, 132, 133, 142, 143, 144, 146, 147, 148, 160, 162, 163, 164, 167, 168, 171, 172, 173, 174, 178, 180, 181, 182, 183, 185, 187, 188, 189, 190, 192, 193, 194, 196, 197, 199, 200, 203, 205, 206, 208, 209, 210, 211, 212, 219, 221, 222, 224, 225, 226, 228, 229, 231, 235, 237, 239, 241, 243, 244, 245, 246, 248, 249, 251, 252, 256, 259, 260, 262, 263, 264, 267, 268, 270, 271, 272, 274, 278, 279, 280, 281, 285, 286, 287, 289, 290, 291, 293, 294, 295, 296, 297, 298, 299, 304, 306, 307, 308, 313, 314, 316, 317, 318, 321, 322, 323, 325, 326, 327, 329, 333, 338, 339, 341, 343, 344, 346, 347, 348, 350, 357, 358, 360, 362, 363, 365, 366, 367, 371, 372, 374, 375, 377, 381, 382, 386, 387, 389, 390, 392, 396, 397, 401, 405, 407, 409, 410, 412, 414, 415, 416, 417, 421, 422, 423, 424, 425, 426, 430, 440, 441, 442, 446, 447, 451, 452, 453, 454, 455, 459, 460, 461, 462, 465, 466, 467, 470, 471, 474, 475, 476, 477, 481, 482, 483, 484, 485, 486, 487, 488, 492, 495, 498, 499, 500, 503, 504, 506, 507, 511, 512, 513, 514, 517, 518, 520, 522, 524, 534, 535, 537, 538, 542, 543, 544, 545, 546, 549, 550, 552, 553, 558, 559, 561, 562, 570, 571, 573, 589, 592, 594, 595, 596, 598, 600, 601, 602, 603, 612, 613, 614, 618, 619, 620, 632, 634, 635, 636, 639, 640, 643, 644, 645, 646, 651, 652, 653, 656, 657, 658, 659, 660, 661, 662, 663, 665, 669, 670, 671, 672, 676, 681, 682, 683, 688, 689, 690, 691, 693, 699, 703, 706, 707, 708, 709, 710, 712, 721, 724, 725, 726, 727, 729, 735, 739, 740, 741], "excluded_lines": [], "executed_branches": [[35, 38]], "missing_branches": [[35, 36], [49, 50], [49, 53], [56, 57], [56, 62], [70, 71], [70, 73], [99, 100], [99, 103], [122, 124], [122, 125], [125, 126], [125, 128], [128, 130], [128, 142], [132, 133], [132, 146], [143, 144], [143, 146], [146, 147], [146, 148], [160, 162], [160, 167], [162, 163], [162, 164], [167, 168], [167, 171], [172, 173], [172, 174], [178, 180], [178, 185], [181, 182], [181, 183], [185, 187], [185, 192], [188, 189], [188, 190], [196, 197], [196, 203], [210, 211], [210, 212], [219, 221], [219, 224], [225, 226], [225, 228], [235, 237], [235, 239], [239, 241], [239, 243], [256, 259], [256, 262], [263, 264], [263, 267], [270, 271], [270, 274], [279, 280], [279, 281], [285, 286], [285, 289], [293, 294], [293, 304], [295, 293], [295, 296], [297, 293], [297, 298], [313, 314], [313, 316], [322, 323], [322, 325], [325, 326], [325, 329], [338, 339], [338, 346], [357, 358], [357, 360], [371, 372], [371, 374], [386, 387], [386, 389], [405, 407], [405, 409], [409, 410], [409, 412], [422, 423], [422, 424], [440, -438], [440, 441], [461, 462], [461, 465], [465, 466], [465, 470], [482, 483], [482, 485], [498, 499], [498, 500], [503, 504], [503, 506], [517, 518], [517, 520], [549, 550], [549, 552], [561, 562], [561, 573], [592, 594], [592, 595], [595, 596], [595, 598], [598, 600], [598, 612], [602, 603], [602, 618], [613, 614], [613, 618], [618, 619], [618, 620], [632, 634], [632, 639], [634, 635], [634, 636], [639, 640], [639, 643], [644, 645], [644, 646], [652, 653], [652, 656], [656, 657], [656, 665], [658, 659], [658, 665], [662, 663], [662, 665], [670, 671], [670, 672], [681, 682], [681, 683], [688, 689], [688, 690], [690, 691], [690, 693], [707, 708], [707, 709], [709, 710], [709, 712], [724, 725], [724, 726], [726, 727], [726, 729], [739, 740], [739, 741]], "functions": {"SessionManager.__init__": {"executed_lines": [26, 27, 30, 31, 34, 35, 38, 41, 42, 45], "summary": {"covered_lines": 10, "num_statements": 11, "percent_covered": 84.61538461538461, "percent_covered_display": "85", "missing_lines": 1, "excluded_lines": 0, "num_branches": 2, "num_partial_branches": 1, "covered_branches": 1, "missing_branches": 1}, "missing_lines": [36], "excluded_lines": [], "executed_branches": [[35, 38]], "missing_branches": [[35, 36]]}, "SessionManager.initialize": {"executed_lines": [], "summary": {"covered_lines": 0, "num_statements": 12, "percent_covered": 0.0, "percent_covered_display": "0", "missing_lines": 12, "excluded_lines": 0, "num_branches": 4, "num_partial_branches": 0, "covered_branches": 0, "missing_branches": 4}, "missing_lines": [49, 50, 53, 55, 56, 57, 58, 59, 62, 63, 65, 66], "excluded_lines": [], "executed_branches": [], "missing_branches": [[49, 50], [49, 53], [56, 57], [56, 62]]}, "SessionManager.cleanup": {"executed_lines": [], "summary": {"covered_lines": 0, "num_statements": 11, "percent_covered": 0.0, "percent_covered_display": "0", "missing_lines": 11, "excluded_lines": 0, "num_branches": 2, "num_partial_branches": 0, "covered_branches": 0, "missing_branches": 2}, "missing_lines": [70, 71, 73, 75, 78, 81, 84, 86, 87, 89, 90], "excluded_lines": [], "executed_branches": [], "missing_branches": [[70, 71], [70, 73]]}, "SessionManager.redis_client": {"executed_lines": [], "summary": {"covered_lines": 0, "num_statements": 1, "percent_covered": 0.0, "percent_covered_display": "0", "missing_lines": 1, "excluded_lines": 0, "num_branches": 0, "num_partial_branches": 0, "covered_branches": 0, "missing_branches": 0}, "missing_lines": [95], "excluded_lines": [], "executed_branches": [], "missing_branches": []}, "SessionManager._connect_redis": {"executed_lines": [], "summary": {"covered_lines": 0, "num_statements": 5, "percent_covered": 0.0, "percent_covered_display": "0", "missing_lines": 5, "excluded_lines": 0, "num_branches": 2, "num_partial_branches": 0, "covered_branches": 0, "missing_branches": 2}, "missing_lines": [99, 100, 101, 103, 104], "excluded_lines": [], "executed_branches": [], "missing_branches": [[99, 100], [99, 103]]}, "SessionManager.create_session": {"executed_lines": [], "summary": {"covered_lines": 0, "num_statements": 26, "percent_covered": 0.0, "percent_covered_display": "0", "missing_lines": 26, "excluded_lines": 0, "num_branches": 20, "num_partial_branches": 0, "covered_branches": 0, "missing_branches": 20}, "missing_lines": [119, 122, 124, 125, 126, 128, 130, 131, 132, 133, 142, 143, 144, 146, 147, 148, 160, 162, 163, 164, 167, 168, 171, 172, 173, 174], "excluded_lines": [], "executed_branches": [], "missing_branches": [[122, 124], [122, 125], [125, 126], [125, 128], [128, 130], [128, 142], [132, 133], [132, 146], [143, 144], [143, 146], [146, 147], [146, 148], [160, 162], [160, 167], [162, 163], [162, 164], [167, 168], [167, 171], [172, 173], [172, 174]]}, "SessionManager.get_session": {"executed_lines": [], "summary": {"covered_lines": 0, "num_statements": 25, "percent_covered": 0.0, "percent_covered_display": "0", "missing_lines": 25, "excluded_lines": 0, "num_branches": 12, "num_partial_branches": 0, "covered_branches": 0, "missing_branches": 12}, "missing_lines": [178, 180, 181, 182, 183, 185, 187, 188, 189, 190, 192, 193, 194, 196, 197, 199, 200, 203, 205, 206, 208, 209, 210, 211, 212], "excluded_lines": [], "executed_branches": [], "missing_branches": [[178, 180], [178, 185], [181, 182], [181, 183], [185, 187], [185, 192], [188, 189], [188, 190], [196, 197], [196, 203], [210, 211], [210, 212]]}, "SessionManager.update_session": {"executed_lines": [], "summary": {"covered_lines": 0, "num_statements": 9, "percent_covered": 0.0, "percent_covered_display": "0", "missing_lines": 9, "excluded_lines": 0, "num_branches": 4, "num_partial_branches": 0, "covered_branches": 0, "missing_branches": 4}, "missing_lines": [219, 221, 222, 224, 225, 226, 228, 229, 231], "excluded_lines": [], "executed_branches": [], "missing_branches": [[219, 221], [219, 224], [225, 226], [225, 228]]}, "SessionManager.delete_session": {"executed_lines": [], "summary": {"covered_lines": 0, "num_statements": 12, "percent_covered": 0.0, "percent_covered_display": "0", "missing_lines": 12, "excluded_lines": 0, "num_branches": 4, "num_partial_branches": 0, "covered_branches": 0, "missing_branches": 4}, "missing_lines": [235, 237, 239, 241, 243, 244, 245, 246, 248, 249, 251, 252], "excluded_lines": [], "executed_branches": [], "missing_branches": [[235, 237], [235, 239], [239, 241], [239, 243]]}, "SessionManager.validate_session": {"executed_lines": [], "summary": {"covered_lines": 0, "num_statements": 12, "percent_covered": 0.0, "percent_covered_display": "0", "missing_lines": 12, "excluded_lines": 0, "num_branches": 8, "num_partial_branches": 0, "covered_branches": 0, "missing_branches": 8}, "missing_lines": [651, 652, 653, 656, 657, 658, 659, 660, 661, 662, 663, 665], "excluded_lines": [], "executed_branches": [], "missing_branches": [[652, 653], [652, 656], [656, 657], [656, 665], [658, 659], [658, 665], [662, 663], [662, 665]]}, "SessionManager.get_user_session": {"executed_lines": [], "summary": {"covered_lines": 0, "num_statements": 4, "percent_covered": 0.0, "percent_covered_display": "0", "missing_lines": 4, "excluded_lines": 0, "num_branches": 2, "num_partial_branches": 0, "covered_branches": 0, "missing_branches": 2}, "missing_lines": [278, 279, 280, 281], "excluded_lines": [], "executed_branches": [], "missing_branches": [[279, 280], [279, 281]]}, "SessionManager.get_user_sessions": {"executed_lines": [], "summary": {"covered_lines": 0, "num_statements": 17, "percent_covered": 0.0, "percent_covered_display": "0", "missing_lines": 17, "excluded_lines": 0, "num_branches": 8, "num_partial_branches": 0, "covered_branches": 0, "missing_branches": 8}, "missing_lines": [285, 286, 287, 289, 290, 291, 293, 294, 295, 296, 297, 298, 299, 304, 306, 307, 308], "excluded_lines": [], "executed_branches": [], "missing_branches": [[285, 286], [285, 289], [293, 294], [293, 304], [295, 293], [295, 296], [297, 293], [297, 298]]}, "SessionManager.invalidate_user_sessions": {"executed_lines": [], "summary": {"covered_lines": 0, "num_statements": 12, "percent_covered": 0.0, "percent_covered_display": "0", "missing_lines": 12, "excluded_lines": 0, "num_branches": 6, "num_partial_branches": 0, "covered_branches": 0, "missing_branches": 6}, "missing_lines": [313, 314, 316, 317, 318, 321, 322, 323, 325, 326, 327, 329], "excluded_lines": [], "executed_branches": [], "missing_branches": [[313, 314], [313, 316], [322, 323], [322, 325], [325, 326], [325, 329]]}, "SessionManager._delete_session_async": {"executed_lines": [], "summary": {"covered_lines": 0, "num_statements": 1, "percent_covered": 0.0, "percent_covered_display": "0", "missing_lines": 1, "excluded_lines": 0, "num_branches": 0, "num_partial_branches": 0, "covered_branches": 0, "missing_branches": 0}, "missing_lines": [333], "excluded_lines": [], "executed_branches": [], "missing_branches": []}, "SessionManager._store_session": {"executed_lines": [], "summary": {"covered_lines": 0, "num_statements": 17, "percent_covered": 0.0, "percent_covered_display": "0", "missing_lines": 17, "excluded_lines": 0, "num_branches": 4, "num_partial_branches": 0, "covered_branches": 0, "missing_branches": 4}, "missing_lines": [338, 339, 341, 343, 344, 346, 347, 348, 350, 357, 358, 360, 362, 363, 365, 366, 367], "excluded_lines": [], "executed_branches": [], "missing_branches": [[338, 339], [338, 346], [357, 358], [357, 360]]}, "SessionManager._update_activity": {"executed_lines": [], "summary": {"covered_lines": 0, "num_statements": 7, "percent_covered": 0.0, "percent_covered_display": "0", "missing_lines": 7, "excluded_lines": 0, "num_branches": 2, "num_partial_branches": 0, "covered_branches": 0, "missing_branches": 2}, "missing_lines": [371, 372, 374, 375, 377, 381, 382], "excluded_lines": [], "executed_branches": [], "missing_branches": [[371, 372], [371, 374]]}, "SessionManager._update_activity_async": {"executed_lines": [], "summary": {"covered_lines": 0, "num_statements": 7, "percent_covered": 0.0, "percent_covered_display": "0", "missing_lines": 7, "excluded_lines": 0, "num_branches": 2, "num_partial_branches": 0, "covered_branches": 0, "missing_branches": 2}, "missing_lines": [386, 387, 389, 390, 392, 396, 397], "excluded_lines": [], "executed_branches": [], "missing_branches": [[386, 387], [386, 389]]}, "SessionManager._get_session_key": {"executed_lines": [], "summary": {"covered_lines": 0, "num_statements": 1, "percent_covered": 0.0, "percent_covered_display": "0", "missing_lines": 1, "excluded_lines": 0, "num_branches": 0, "num_partial_branches": 0, "covered_branches": 0, "missing_branches": 0}, "missing_lines": [401], "excluded_lines": [], "executed_branches": [], "missing_branches": []}, "SessionManager.health_check": {"executed_lines": [], "summary": {"covered_lines": 0, "num_statements": 9, "percent_covered": 0.0, "percent_covered_display": "0", "missing_lines": 9, "excluded_lines": 0, "num_branches": 4, "num_partial_branches": 0, "covered_branches": 0, "missing_branches": 4}, "missing_lines": [405, 407, 409, 410, 412, 414, 415, 416, 417], "excluded_lines": [], "executed_branches": [], "missing_branches": [[405, 407], [405, 409], [409, 410], [409, 412]]}, "SessionManager.close_redis": {"executed_lines": [], "summary": {"covered_lines": 0, "num_statements": 6, "percent_covered": 0.0, "percent_covered_display": "0", "missing_lines": 6, "excluded_lines": 0, "num_branches": 2, "num_partial_branches": 0, "covered_branches": 0, "missing_branches": 2}, "missing_lines": [421, 422, 423, 424, 425, 426], "excluded_lines": [], "executed_branches": [], "missing_branches": [[422, 423], [422, 424]]}, "SessionManager.get_performance_stats": {"executed_lines": [], "summary": {"covered_lines": 0, "num_statements": 1, "percent_covered": 0.0, "percent_covered_display": "0", "missing_lines": 1, "excluded_lines": 0, "num_branches": 0, "num_partial_branches": 0, "covered_branches": 0, "missing_branches": 0}, "missing_lines": [430], "excluded_lines": [], "executed_branches": [], "missing_branches": []}, "SessionManager._enable_fallback_mode": {"executed_lines": [], "summary": {"covered_lines": 0, "num_statements": 3, "percent_covered": 0.0, "percent_covered_display": "0", "missing_lines": 3, "excluded_lines": 0, "num_branches": 2, "num_partial_branches": 0, "covered_branches": 0, "missing_branches": 2}, "missing_lines": [440, 441, 442], "excluded_lines": [], "executed_branches": [], "missing_branches": [[440, -438], [440, 441]]}, "SessionManager._store_session_memory": {"executed_lines": [], "summary": {"covered_lines": 0, "num_statements": 7, "percent_covered": 0.0, "percent_covered_display": "0", "missing_lines": 7, "excluded_lines": 0, "num_branches": 0, "num_partial_branches": 0, "covered_branches": 0, "missing_branches": 0}, "missing_lines": [446, 447, 451, 452, 453, 454, 455], "excluded_lines": [], "executed_branches": [], "missing_branches": []}, "SessionManager._get_session_memory": {"executed_lines": [], "summary": {"covered_lines": 0, "num_statements": 13, "percent_covered": 0.0, "percent_covered_display": "0", "missing_lines": 13, "excluded_lines": 0, "num_branches": 4, "num_partial_branches": 0, "covered_branches": 0, "missing_branches": 4}, "missing_lines": [459, 460, 461, 462, 465, 466, 467, 470, 471, 474, 475, 476, 477], "excluded_lines": [], "executed_branches": [], "missing_branches": [[461, 462], [461, 465], [465, 466], [465, 470]]}, "SessionManager._delete_session_memory": {"executed_lines": [], "summary": {"covered_lines": 0, "num_statements": 8, "percent_covered": 0.0, "percent_covered_display": "0", "missing_lines": 8, "excluded_lines": 0, "num_branches": 2, "num_partial_branches": 0, "covered_branches": 0, "missing_branches": 2}, "missing_lines": [481, 482, 483, 484, 485, 486, 487, 488], "excluded_lines": [], "executed_branches": [], "missing_branches": [[482, 483], [482, 485]]}, "SessionManager.regenerate_session_id": {"executed_lines": [], "summary": {"covered_lines": 0, "num_statements": 9, "percent_covered": 0.0, "percent_covered_display": "0", "missing_lines": 9, "excluded_lines": 0, "num_branches": 4, "num_partial_branches": 0, "covered_branches": 0, "missing_branches": 4}, "missing_lines": [492, 495, 498, 499, 500, 503, 504, 506, 507], "excluded_lines": [], "executed_branches": [], "missing_branches": [[498, 499], [498, 500], [503, 504], [503, 506]]}, "SessionManager._backup_session_to_db": {"executed_lines": [], "summary": {"covered_lines": 0, "num_statements": 13, "percent_covered": 0.0, "percent_covered_display": "0", "missing_lines": 13, "excluded_lines": 0, "num_branches": 2, "num_partial_branches": 0, "covered_branches": 0, "missing_branches": 2}, "missing_lines": [511, 512, 513, 514, 517, 518, 520, 522, 524, 534, 535, 537, 538], "excluded_lines": [], "executed_branches": [], "missing_branches": [[517, 518], [517, 520]]}, "SessionManager._restore_session_from_db": {"executed_lines": [], "summary": {"covered_lines": 0, "num_statements": 16, "percent_covered": 0.0, "percent_covered_display": "0", "missing_lines": 16, "excluded_lines": 0, "num_branches": 4, "num_partial_branches": 0, "covered_branches": 0, "missing_branches": 4}, "missing_lines": [542, 543, 544, 545, 546, 549, 550, 552, 553, 558, 559, 561, 562, 570, 571, 573], "excluded_lines": [], "executed_branches": [], "missing_branches": [[549, 550], [549, 552], [561, 562], [561, 573]]}, "SessionManager.create_session_async": {"executed_lines": [], "summary": {"covered_lines": 0, "num_statements": 26, "percent_covered": 0.0, "percent_covered_display": "0", "missing_lines": 26, "exclud
[...]
3], [700, 701], [700, 706], [701, 702], [701, 706], [712, 713], [712, 724], [713, 714], [713, 724], [714, 713], [714, 715], [746, 747], [746, 751], [760, 761], [760, 764], [771, 772], [771, 776], [779, 780], [779, 784], [794, 795], [794, 800], [800, 801], [800, 804], [804, 805], [804, 813], [834, 835], [834, 837], [837, 838], [837, 846], [849, 850], [849, 854], [855, 856], [855, 861], [864, 865], [864, 869], [875, 876], [875, 882], [876, 875], [876, 877], [882, 883], [882, 902], [887, 888], [887, 893], [893, 894], [893, 902], [906, 907], [906, 908], [908, 909], [908, 910], [910, 911], [910, 913], [935, 936], [935, 940], [937, 938], [937, 940], [940, 941], [940, 946], [942, 943], [942, 946], [947, 948], [947, 959], [951, 952], [951, 955], [952, 953], [952, 955], [955, 947], [955, 956], [956, 947], [956, 957], [959, 960], [959, 964], [961, 962], [961, 964], [967, 968], [967, 969], [969, 970], [969, 972], [994, 995], [994, 998], [1001, 1002], [1001, 1003], [1003, 1004], [1003, 1006], [1009, -1], [1009, 1010]], "functions": {"PreDeploymentValidator.__init__": {"executed_lines": [], "summary": {"covered_lines": 0, "num_statements": 1, "percent_covered": 0.0, "percent_covered_display": "0", "missing_lines": 1, "excluded_lines": 0, "num_branches": 0, "num_partial_branches": 0, "covered_branches": 0, "missing_branches": 0}, "missing_lines": [42], "excluded_lines": [], "executed_branches": [], "missing_branches": []}, "PreDeploymentValidator.run_comprehensive_validation": {"executed_lines": [], "summary": {"covered_lines": 0, "num_statements": 14, "percent_covered": 0.0, "percent_covered_display": "0", "missing_lines": 14, "excluded_lines": 0, "num_branches": 0, "num_partial_branches": 0, "covered_branches": 0, "missing_branches": 0}, "missing_lines": [59, 60, 62, 65, 66, 67, 68, 69, 70, 71, 72, 75, 77, 78], "excluded_lines": [], "executed_branches": [], "missing_branches": []}, "PreDeploymentValidator._validate_database_configuration": {"executed_lines": [], "summary": {"covered_lines": 0, "num_statements": 63, "percent_covered": 0.0, "percent_covered_display": "0", "missing_lines": 63, "excluded_lines": 0, "num_branches": 20, "num_partial_branches": 0, "covered_branches": 0, "missing_branches": 20}, "missing_lines": [82, 84, 91, 93, 94, 95, 96, 97, 98, 99, 102, 103, 104, 105, 106, 107, 110, 111, 112, 113, 115, 116, 117, 118, 121, 123, 132, 133, 134, 135, 136, 137, 140, 141, 142, 144, 145, 146, 149, 150, 151, 154, 155, 156, 157, 158, 159, 160, 161, 162, 163, 166, 167, 168, 169, 170, 171, 172, 174, 175, 176, 177, 179], "excluded_lines": [], "executed_branches": [], "missing_branches": [[94, 95], [94, 102], [110, 111], [110, 121], [121, 123], [121, 149], [132, 133], [132, 140], [133, 132], [133, 134], [140, 141], [140, 144], [144, 145], [144, 154], [156, 157], [156, 159], [168, 169], [168, 179], [171, 172], [171, 179]]}, "PreDeploymentValidator._validate_database_ssl_config": {"executed_lines": [], "summary": {"covered_lines": 0, "num_statements": 43, "percent_covered": 0.0, "percent_covered_display": "0", "missing_lines": 43, "excluded_lines": 0, "num_branches": 12, "num_partial_branches": 0, "covered_branches": 0, "missing_branches": 12}, "missing_lines": [183, 190, 192, 193, 196, 197, 198, 199, 201, 203, 204, 206, 208, 211, 212, 213, 214, 217, 218, 219, 222, 223, 225, 226, 227, 228, 229, 231, 232, 235, 236, 237, 238, 240, 241, 242, 243, 244, 246, 247, 248, 249, 251], "excluded_lines": [], "executed_branches": [], "missing_branches": [[201, 203], [201, 211], [203, 204], [203, 208], [211, 212], [211, 217], [217, 218], [217, 222], [225, 226], [225, 231], [235, 236], [235, 251]]}, "PreDeploymentValidator._validate_jwt_secret_consistency": {"executed_lines": [], "summary": {"covered_lines": 0, "num_statements": 51, "percent_covered": 0.0, "percent_covered_display": "0", "missing_lines": 51, "excluded_lines": 0, "num_branches": 18, "num_partial_branches": 0, "covered_branches": 0, "missing_branches": 18}, "missing_lines": [255, 257, 264, 266, 267, 268, 271, 272, 273, 274, 277, 279, 280, 281, 284, 285, 287, 288, 289, 291, 293, 294, 295, 296, 297, 300, 301, 302, 303, 304, 305, 306, 308, 309, 310, 311, 314, 315, 316, 317, 318, 320, 322, 323, 324, 325, 326, 327, 328, 329, 331], "excluded_lines": [], "executed_branches": [], "missing_branches": [[271, 272], [271, 277], [277, 279], [277, 284], [287, 288], [287, 291], [288, 287], [288, 289], [293, 294], [293, 300], [294, 295], [294, 300], [302, 303], [302, 308], [315, 316], [315, 331], [316, 317], [316, 320]]}, "PreDeploymentValidator._validate_oauth_configuration": {"executed_lines": [], "summary": {"covered_lines": 0, "num_statements": 59, "percent_covered": 0.0, "percent_covered_display": "0", "missing_lines": 59, "excluded_lines": 0, "num_branches": 24, "num_partial_branches": 0, "covered_branches": 0, "missing_branches": 24}, "missing_lines": [335, 337, 344, 345, 348, 349, 351, 352, 353, 354, 355, 357, 360, 361, 362, 363, 366, 367, 368, 370, 373, 374, 376, 377, 378, 379, 380, 382, 385, 386, 389, 390, 391, 392, 395, 396, 397, 398, 399, 401, 402, 405, 406, 408, 414, 415, 416, 417, 419, 422, 423, 425, 426, 427, 429, 430, 431, 432, 434], "excluded_lines": [], "executed_branches": [], "missing_branches": [[351, 352], [351, 360], [352, 353], [352, 357], [360, 361], [360, 366], [366, 367], [366, 370], [376, 377], [376, 385], [377, 378], [377, 382], [390, 391], [390, 401], [395, 396], [395, 405], [396, 395], [396, 397], [414, 415], [414, 422], [415, 416], [415, 419], [425, 426], [425, 434]]}, "PreDeploymentValidator._get_expected_redirect_uris": {"executed_lines": [], "summary": {"covered_lines": 0, "num_statements": 5, "percent_covered": 0.0, "percent_covered_display": "0", "missing_lines": 5, "excluded_lines": 0, "num_branches": 4, "num_partial_branches": 0, "covered_branches": 0, "missing_branches": 4}, "missing_lines": [438, 439, 443, 444, 450], "excluded_lines": [], "executed_branches": [], "missing_branches": [[438, 439], [438, 443], [443, 444], [443, 450]]}, "PreDeploymentValidator._validate_ssl_parameters": {"executed_lines": [], "summary": {"covered_lines": 0, "num_statements": 43, "percent_covered": 0.0, "percent_covered_display": "0", "missing_lines": 43, "excluded_lines": 0, "num_branches": 28, "num_partial_branches": 0, "covered_branches": 0, "missing_branches": 28}, "missing_lines": [457, 459, 466, 468, 470, 472, 473, 474, 475, 476, 478, 479, 480, 481, 483, 486, 487, 488, 489, 490, 493, 494, 495, 496, 497, 498, 499, 501, 502, 503, 504, 507, 508, 509, 511, 514, 515, 516, 518, 519, 520, 521, 523], "excluded_lines": [], "executed_branches": [], "missing_branches": [[470, 472], [470, 507], [473, 474], [473, 478], [475, 476], [475, 478], [478, 479], [478, 483], [480, 481], [480, 483], [486, 487], [486, 493], [488, 489], [488, 493], [493, 494], [493, 507], [494, 495], [494, 499], [496, 493], [496, 497], [499, 493], [499, 501], [502, 493], [502, 503], [508, 509], [508, 511], [514, 515], [514, 523]]}, "PreDeploymentValidator._validate_container_lifecycle_readiness": {"executed_lines": [], "summary": {"covered_lines": 0, "num_statements": 52, "percent_covered": 0.0, "percent_covered_display": "0", "missing_lines": 52, "excluded_lines": 0, "num_branches": 12, "num_partial_branches": 0, "covered_branches": 0, "missing_branches": 12}, "missing_lines": [527, 529, 536, 538, 539, 541, 542, 543, 544, 546, 549, 550, 552, 553, 554, 556, 557, 558, 559, 560, 561, 563, 564, 565, 566, 567, 570, 571, 572, 575, 576, 577, 580, 582, 583, 584, 585, 587, 588, 589, 591, 594, 595, 598, 599, 600, 602, 604, 605, 606, 607, 609], "excluded_lines": [], "executed_branches": [], "missing_branches": [[541, 542], [541, 546], [552, 553], [552, 556], [558, 559], [558, 563], [580, 582], [580, 594], [587, 588], [587, 591], [599, 600], [599, 602]]}, "PreDeploymentValidator._check_signal_handlers": {"executed_lines": [], "summary": {"covered_lines": 0, "num_statements": 14, "percent_covered": 0.0, "percent_covered_display": "0", "missing_lines": 14, "excluded_lines": 0, "num_branches": 2, "num_partial_branches": 0, "covered_branches": 0, "missing_branches": 2}, "missing_lines": [613, 615, 617, 619, 620, 621, 622, 625, 626, 627, 628, 629, 631, 638], "excluded_lines": [], "executed_branches": [], "missing_branches": [[619, 620], [619, 638]]}, "PreDeploymentValidator._validate_environment_consistency": {"executed_lines": [], "summary": {"covered_lines": 0, "num_statements": 44, "percent_covered": 0.0, "percent_covered_display": "0", "missing_lines": 44, "excluded_lines": 0, "num_branches": 22, "num_partial_branches": 0, "covered_branches": 0, "missing_branches": 22}, "missing_lines": [642, 644, 651, 653, 654, 656, 657, 658, 660, 661, 662, 665, 666, 667, 670, 675, 676, 677, 679, 680, 681, 684, 691, 692, 693, 694, 697, 698, 700, 701, 702, 703, 706, 712, 713, 714, 715, 716, 717, 719, 720, 721, 722, 724], "excluded_lines": [], "executed_branches": [], "missing_branches": [[660, 661], [660, 665], [666, 667], [666, 684], [675, 676], [675, 684], [679, 680], [679, 684], [691, 692], [691, 697], [692, 691], [692, 693], [700, 701], [700, 706], [701, 702], [701, 706], [712, 713], [712, 724], [713, 714], [713, 724], [714, 713], [714, 715]]}, "PreDeploymentValidator._validate_service_configuration": {"executed_lines": [], "summary": {"covered_lines": 0, "num_statements": 51, "percent_covered": 0.0, "percent_covered_display": "0", "missing_lines": 51, "excluded_lines": 0, "num_branches": 14, "num_partial_branches": 0, "covered_branches": 0, "missing_branches": 14}, "missing_lines": [728, 730, 737, 739, 740, 743, 744, 746, 747, 748, 751, 752, 754, 759, 760, 761, 762, 764, 767, 768, 769, 771, 772, 773, 776, 777, 779, 780, 781, 784, 785, 786, 788, 789, 790, 793, 794, 795, 796, 797, 800, 801, 802, 804, 805, 806, 808, 809, 810, 811, 813], "excluded_lines": [], "executed_branches": [], "missing_branches": [[746, 747], [746, 751], [760, 761], [760, 764], [771, 772], [771, 776], [779, 780], [779, 784], [794, 795], [794, 800], [800, 801], [800, 804], [804, 805], [804, 813]]}, "PreDeploymentValidator._validate_security_configuration": {"executed_lines": [], "summary": {"covered_lines": 0, "num_statements": 52, "percent_covered": 0.0, "percent_covered_display": "0", "missing_lines": 52, "excluded_lines": 0, "num_branches": 20, "num_partial_branches": 0, "covered_branches": 0, "missing_branches": 20}, "missing_lines": [817, 819, 826, 827, 830, 831, 832, 834, 835, 837, 838, 839, 840, 841, 842, 843, 846, 847, 849, 850, 851, 854, 855, 856, 857, 858, 861, 862, 864, 865, 866, 869, 875, 876, 877, 878, 879, 882, 883, 884, 887, 888, 889, 890, 893, 894, 895, 897, 898, 899, 900, 902], "excluded_lines": [], "executed_branches": [], "missing_branches": [[834, 835], [834, 837], [837, 838], [837, 846], [849, 850], [849, 854], [855, 856], [855, 861], [864, 865], [864, 869], [875, 876], [875, 882], [876, 875], [876, 877], [882, 883], [882, 902], [887, 888], [887, 893], [893, 894], [893, 902]]}, "PreDeploymentValidator._determine_overall_status": {"executed_lines": [], "summary": {"covered_lines": 0, "num_statements": 7, "percent_covered": 0.0, "percent_covered_display": "0", "missing_lines": 7, "excluded_lines": 0, "num_branches": 6, "num_partial_branches": 0, "covered_branches": 0, "missing_branches": 6}, "missing_lines": [906, 907, 908, 909, 910, 911, 913], "excluded_lines": [], "executed_branches": [], "missing_branches": [[906, 907], [906, 908], [908, 909], [908, 910], [910, 911], [910, 913]]}, "PreDeploymentValidator.print_validation_report": {"executed_lines": [], "summary": {"covered_lines": 0, "num_statements": 38, "percent_covered": 0.0, "percent_covered_display": "0", "missing_lines": 38, "excluded_lines": 0, "num_branches": 26, "num_partial_branches": 0, "covered_branches": 0, "missing_branches": 26}, "missing_lines": [917, 919, 926, 928, 929, 930, 931, 932, 933, 935, 936, 937, 938, 940, 941, 942, 943, 946, 947, 948, 949, 951, 952, 953, 955, 956, 957, 959, 960, 961, 962, 964, 967, 968, 969, 970, 972, 974], "excluded_lines": [], "executed_branches": [], "missing_branches": [[935, 936], [935, 940], [937, 938], [937, 940], [940, 941], [940, 946], [942, 943], [942, 946], [947, 948], [947, 959], [951, 952], [951, 955], [952, 953], [952, 955], [955, 947], [955, 956], [956, 947], [956, 957], [959, 960], [959, 964], [961, 962], [961, 964], [967, 968], [967, 969], [969, 970], [969, 972]]}, "main": {"executed_lines": [], "summary": {"covered_lines": 0, "num_statements": 18, "percent_covered": 0.0, "percent_covered_display": "0", "missing_lines": 18, "excluded_lines": 0, "num_branches": 6, "num_partial_branches": 0, "covered_branches": 0, "missing_branches": 6}, "missing_lines": [979, 981, 982, 983, 984, 987, 988, 991, 992, 994, 995, 996, 998, 1001, 1002, 1003, 1004, 1006], "excluded_lines": [], "executed_branches": [], "missing_branches": [[994, 995], [994, 998], [1001, 1002], [1001, 1003], [1003, 1004], [1003, 1006]]}, "": {"executed_lines": [], "summary": {"covered_lines": 0, "num_statements": 33, "percent_covered": 0.0, "percent_covered_display": "0", "missing_lines": 33, "excluded_lines": 0, "num_branches": 2, "num_partial_branches": 0, "covered_branches": 0, "missing_branches": 2}, "missing_lines": [18, 19, 20, 21, 22, 23, 24, 25, 26, 27, 29, 33, 34, 35, 38, 41, 52, 80, 181, 253, 333, 436, 455, 525, 611, 640, 726, 815, 904, 915, 977, 1009, 1010], "excluded_lines": [], "executed_branches": [], "missing_branches": [[1009, -1], [1009, 1010]]}}, "classes": {"PreDeploymentValidator": {"executed_lines": [], "summary": {"covered_lines": 0, "num_statements": 537, "percent_covered": 0.0, "percent_covered_display": "0", "missing_lines": 537, "excluded_lines": 0, "num_branches": 208, "num_partial_branches": 0, "covered_branches": 0, "missing_branches": 208}, "missing_lines": [42, 59, 60, 62, 65, 66, 67, 68, 69, 70, 71, 72, 75, 77, 78, 82, 84, 91, 93, 94, 95, 96, 97, 98, 99, 102, 103, 104, 105, 106, 107, 110, 111, 112, 113, 115, 116, 117, 118, 121, 123, 132, 133, 134, 135, 136, 137, 140, 141, 142, 144, 145, 146, 149, 150, 151, 154, 155, 156, 157, 158, 159, 160, 161, 162, 163, 166, 167, 168, 169, 170, 171, 172, 174, 175, 176, 177, 179, 183, 190, 192, 193, 196, 197, 198, 199, 201, 203, 204, 206, 208, 211, 212, 213, 214, 217, 218, 219, 222, 223, 225, 226, 227, 228, 229, 231, 232, 235, 236, 237, 238, 240, 241, 242, 243, 244, 246, 247, 248, 249, 251, 255, 257, 264, 266, 267, 268, 271, 272, 273, 274, 277, 279, 280, 281, 284, 285, 287, 288, 289, 291, 293, 294, 295, 296, 297, 300, 301, 302, 303, 304, 305, 306, 308, 309, 310, 311, 314, 315, 316, 317, 318, 320, 322, 323, 324, 325, 326, 327, 328, 329, 331, 335, 337, 344, 345, 348, 349, 351, 352, 353, 354, 355, 357, 360, 361, 362, 363, 366, 367, 368, 370, 373, 374, 376, 377, 378, 379, 380, 382, 385, 386, 389, 390, 391, 392, 395, 396, 397, 398, 399, 401, 402, 405, 406, 408, 414, 415, 416, 417, 419, 422, 423, 425, 426, 427, 429, 430, 431, 432, 434, 438, 439, 443, 444, 450, 457, 459, 466, 468, 470, 472, 473, 474, 475, 476, 478, 479, 480, 481, 483, 486, 487, 488, 489, 490, 493, 494, 495, 496, 497, 498, 499, 501, 502, 503, 504, 507, 508, 509, 511, 514, 515, 516, 518, 519, 520, 521, 523, 527, 529, 536, 538, 539, 541, 542, 543, 544, 546, 549, 550, 552, 553, 554, 556, 557, 558, 559, 560, 561, 563, 564, 565, 566, 567, 570, 571, 572, 575, 576, 577, 580, 582, 583, 584, 585, 587, 588, 589, 591, 594, 595, 598, 599, 600, 602, 604, 605, 606, 607, 609, 613, 615, 617, 619, 620, 621, 622, 625, 626, 627, 628, 629, 631, 638, 642, 644, 651, 653, 654, 656, 657, 658, 660, 661, 662, 665, 666, 667, 670, 675, 676, 677, 679, 680, 681, 684, 691, 692, 693, 694, 697, 698, 700, 701, 702, 703, 706, 712, 713, 714, 715, 716, 717, 719, 720, 721, 722, 724, 728, 730, 737, 739, 740, 743, 744, 746, 747, 748, 751, 752, 754, 759, 760, 761, 762, 764, 767, 768, 769, 771, 772, 773, 776, 777, 779, 780, 781, 784, 785, 786, 788, 789, 790, 793, 794, 795, 796, 797, 800, 801, 802, 804, 805, 806, 808, 809, 810, 811, 813, 817, 819, 826, 827, 830, 831, 832, 834, 835, 837, 838, 839, 840, 841, 842, 843, 846, 847, 849, 850, 851, 854, 855, 856, 857, 858, 861, 862, 864, 865, 866, 869, 875, 876, 877, 878, 879, 882, 883, 884, 887, 888, 889, 890, 893, 894, 895, 897, 898, 899, 900, 902, 906, 907, 908, 909, 910, 911, 913, 917, 919, 926, 928, 929, 930, 931, 932, 933, 935, 936, 937, 938, 940, 941, 942, 943, 946, 947, 948, 949, 951, 952, 953, 955, 956, 957, 959, 960, 961, 962, 964, 967, 968, 969, 970, 972, 974], "excluded_lines": [], "executed_branches": [], "missing_branches": [[94, 95], [94, 102], [110, 111], [110, 121], [121, 123], [121, 149], [132, 133], [132, 140], [133, 132], [133, 134], [140, 141], [140, 144], [144, 145], [144, 154], [156, 157], [156, 159], [168, 169], [168, 179], [171, 172], [171, 179], [201, 203], [201, 211], [203, 204], [203, 208], [211, 212], [211, 217], [217, 218], [217, 222], [225, 226], [225, 231], [235, 236], [235, 251], [271, 272], [271, 277], [277, 279], [277, 284], [287, 288], [287, 291], [288, 287], [288, 289], [293, 294], [293, 300], [294, 295], [294, 300], [302, 303], [302, 308], [315, 316], [315, 331], [316, 317], [316, 320], [351, 352], [351, 360], [352, 353], [352, 357], [360, 361], [360, 366], [366, 367], [366, 370], [376, 377], [376, 385], [377, 378], [377, 382], [390, 391], [390, 401], [395, 396], [395, 405], [396, 395], [396, 397], [414, 415], [414, 422], [415, 416], [415, 419], [425, 426], [425, 434], [438, 439], [438, 443], [443, 444], [443, 450], [470, 472], [470, 507], [473, 474], [473, 478], [475, 476], [475, 478], [478, 479], [478, 483], [480, 481], [480, 483], [486, 487], [486, 493], [488, 489], [488, 493], [493, 494], [493, 507], [494, 495], [494, 499], [496, 493], [496, 497], [499, 493], [499, 501], [502, 493], [502, 503], [508, 509], [508, 511], [514, 515], [514, 523], [541, 542], [541, 546], [552, 553], [552, 556], [558, 559], [558, 563], [580, 582], [580, 594], [587, 588], [587, 591], [599, 600], [599, 602], [619, 620], [619, 638], [660, 661], [660, 665], [666, 667], [666, 684], [675, 676], [675, 684], [679, 680], [679, 684], [691, 692], [691, 697], [692, 691], [692, 693], [700, 701], [700, 706], [701, 702], [701, 706], [712, 713], [712, 724], [713, 714], [713, 724], [714, 713], [714, 715], [746, 747], [746, 751], [760, 761], [760, 764], [771, 772], [771, 776], [779, 780], [779, 784], [794, 795], [794, 800], [800, 801], [800, 804], [804, 805], [804, 813], [834, 835], [834, 837], [837, 838], [837, 846], [849, 850], [849, 854], [855, 856], [855, 861], [864, 865], [864, 869], [875, 876], [875, 882], [876, 875], [876, 877], [882, 883], [882, 902], [887, 888], [887, 893], [893, 894], [893, 902], [906, 907], [906, 908], [908, 909], [908, 910], [910, 911], [910, 913], [935, 936], [935, 940], [937, 938], [937, 940], [940, 941], [940, 946], [942, 943], [942, 946], [947, 948], [947, 959], [951, 952], [951, 955], [952, 953], [952, 955], [955, 947], [955, 956], [956, 947], [956, 957], [959, 960], [959, 964], [961, 962], [961, 964], [967, 968], [967, 969], [969, 970], [969, 972]]}, "": {"executed_lines": [], "summary": {"covered_lines": 0, "num_statements": 51, "percent_covered": 0.0, "percent_covered_display": "0", "missing_lines": 51, "excluded_lines": 0, "num_branches": 8, "num_partial_branches": 0, "covered_branches": 0, "missing_branches": 8}, "missing_lines": [18, 19, 20, 21, 22, 23, 24, 25, 26, 27, 29, 33, 34, 35, 38, 41, 52, 80, 181, 253, 333, 436, 455, 525, 611, 640, 726, 815, 904, 915, 977, 979, 981, 982, 983, 984, 987, 988, 991, 992, 994, 995, 996, 998, 1001, 1002, 1003, 1004, 1006, 1009, 1010], "excluded_lines": [], "executed_branches": [], "missing_branches": [[994, 995], [994, 998], [1001, 1002], [1001, 1003], [1003, 1004], [1003, 1006], [1009, -1], [1009, 1010]]}}}}, "totals": {"covered_lines": 1035, "num_statements": 5791, "percent_covered": 14.44755431160869, "percent_covered_display": "14", "missing_lines": 4756, "excluded_lines": 0, "num_branches": 1712, "num_partial_branches": 45, "covered_branches": 49, "missing_branches": 1663}}