{"meta": {"format": 3, "version": "7.10.6", "timestamp": "2025-09-04T23:24:48.501426", "branch_coverage": true, "show_contexts": false}, "files": {"auth_core/__init__.py": {"executed_lines": [1, 6, 8, 9, 11], "summary": {"covered_lines": 4, "num_statements": 4, "percent_covered": 100.0, "percent_covered_display": "100", "missing_lines": 0, "excluded_lines": 0, "num_branches": 0, "num_partial_branches": 0, "covered_branches": 0, "missing_branches": 0}, "missing_lines": [], "excluded_lines": [], "executed_branches": [], "missing_branches": [], "functions": {"": {"executed_lines": [1, 6, 8, 9, 11], "summary": {"covered_lines": 4, "num_statements": 4, "percent_covered": 100.0, "percent_covered_display": "100", "missing_lines": 0, "excluded_lines": 0, "num_branches": 0, "num_partial_branches": 0, "covered_branches": 0, "missing_branches": 0}, "missing_lines": [], "excluded_lines": [], "executed_branches": [], "missing_branches": []}}, "classes": {"": {"executed_lines": [1, 6, 8, 9, 11], "summary": {"covered_lines": 4, "num_statements": 4, "percent_covered": 100.0, "percent_covered_display": "100", "missing_lines": 0, "excluded_lines": 0, "num_branches": 0, "num_partial_branches": 0, "covered_branches": 0, "missing_branches": 0}, "missing_lines": [], "excluded_lines": [], "executed_branches": [], "missing_branches": []}}}, "auth_core/auth_environment.py": {"executed_lines": [1, 9, 10, 11, 13, 16, 17, 24, 26, 27, 29, 32, 37, 38, 39, 42, 46, 48, 49, 51, 67, 69, 71, 73, 79, 82, 85, 87, 91, 93, 95, 96, 97, 101, 103, 105, 107, 108, 123, 125, 127, 128, 129, 133, 135, 137, 139, 140, 155, 157, 158, 160, 176, 178, 211, 213, 217, 219, 220, 221, 268, 292, 320, 344, 369, 394, 396, 398, 399, 403, 406, 409, 412, 416, 418, 420, 422, 423, 424, 442, 444, 446, 447, 455, 458, 461, 464, 468, 470, 503, 535, 567, 571, 576, 610, 631, 635, 640, 642, 644, 648, 652, 656, 661, 687, 707, 728, 760, 792, 824, 832, 864, 885, 889, 896, 900, 904, 908, 913, 917, 921, 925, 929, 978, 981, 983, 987, 992, 997, 1002, 1007], "summary": {"covered_lines": 129, "num_statements": 616, "percent_covered": 16.39511201629328, "percent_covered_display": "16", "missing_lines": 487, "excluded_lines": 0, "num_branches": 366, "num_partial_branches": 30, "covered_branches": 32, "missing_branches": 334}, "missing_lines": [40, 43, 52, 54, 55, 56, 57, 58, 60, 61, 62, 63, 64, 65, 75, 76, 77, 78, 81, 84, 89, 98, 102, 104, 106, 110, 111, 112, 113, 114, 115, 116, 117, 118, 119, 120, 121, 130, 134, 136, 138, 142, 143, 144, 145, 146, 147, 148, 149, 150, 151, 152, 153, 161, 163, 164, 165, 166, 167, 169, 170, 171, 172, 173, 174, 180, 182, 183, 184, 185, 188, 189, 190, 191, 192, 193, 194, 195, 197, 198, 199, 200, 201, 202, 203, 204, 205, 206, 207, 208, 224, 227, 238, 241, 243, 246, 247, 250, 251, 258, 265, 266, 270, 272, 273, 274, 277, 279, 280, 282, 283, 285, 286, 288, 290, 294, 296, 297, 298, 299, 300, 301, 302, 305, 307, 308, 310, 311, 313, 314, 316, 318, 322, 324, 325, 326, 329, 331, 332, 334, 335, 337, 338, 340, 342, 346, 348, 349, 350, 353, 355, 356, 358, 359, 361, 362, 363, 365, 367, 371, 373, 374, 375, 378, 380, 381, 383, 384, 386, 387, 389, 391, 400, 405, 408, 411, 414, 427, 429, 430, 432, 433, 435, 436, 438, 440, 448, 449, 450, 451, 452, 457, 460, 463, 466, 472, 474, 475, 476, 477, 480, 481, 482, 483, 484, 485, 486, 487, 489, 490, 491, 492, 493, 494, 495, 496, 497, 498, 499, 500, 505, 508, 515, 516, 517, 518, 521, 523, 524, 525, 527, 528, 529, 531, 533, 537, 540, 547, 548, 549, 550, 553, 555, 556, 557, 559, 560, 561, 563, 565, 569, 573, 578, 580, 581, 582, 583, 586, 588, 589, 591, 592, 594, 595, 597, 599, 600, 601, 602, 603, 604, 605, 606, 607, 608, 612, 614, 615, 616, 619, 621, 622, 624, 625, 627, 629, 633, 637, 646, 650, 654, 658, 663, 665, 666, 667, 670, 672, 673, 675, 676, 678, 679, 681, 684, 689, 691, 692, 693, 696, 697, 698, 699, 700, 701, 702, 703, 705, 709, 711, 712, 713, 716, 717, 718, 719, 720, 721, 722, 723, 725, 730, 732, 733, 734, 735, 738, 739, 740, 741, 742, 743, 744, 745, 747, 748, 749, 750, 751, 752, 753, 754, 755, 756, 757, 758, 762, 764, 765, 766, 767, 770, 771, 772, 773, 774, 775, 776, 777, 779, 780, 781, 782, 783, 784, 785, 786, 787, 788, 789, 790, 794, 796, 797, 798, 799, 802, 803, 804, 805, 806, 807, 808, 809, 811, 812, 813, 814, 815, 816, 817, 818, 819, 820, 821, 822, 826, 827, 828, 829, 834, 836, 837, 838, 839, 842, 843, 844, 845, 846, 847, 848, 849, 851, 852, 853, 854, 855, 856, 857, 858, 859, 860, 861, 862, 866, 868, 869, 870, 873, 874, 875, 876, 877, 878, 879, 880, 882, 887, 891, 892, 893, 894, 898, 902, 906, 910, 915, 919, 923, 927, 931, 932, 935, 940, 941, 942, 945, 946, 947, 949, 950, 953, 954, 957, 958, 961, 962, 963, 966, 967, 969, 989, 994, 999, 1004, 1009], "excluded_lines": [], "executed_branches": [[38, 39], [38, 42], [39, 38], [42, -29], [51, 67], [73, 79], [79, 82], [82, 85], [85, 87], [97, 101], [101, 103], [103, 105], [105, 107], [107, 108], [129, 133], [133, 135], [135, 137], [137, 139], [139, 140], [160, 176], [217, 219], [399, 403], [403, 406], [406, 409], [409, 412], [412, 416], [423, 424], [447, 455], [455, 458], [458, 461], [461, 464], [464, 468]], "missing_branches": [[39, 40], [42, 43], [51, 52], [52, 54], [52, 58], [58, 60], [58, 64], [64, 65], [64, 67], [73, 75], [76, 77], [76, 78], [79, 81], [82, 84], [85, 89], [97, 98], [101, 102], [103, 104], [105, 106], [107, 110], [113, 114], [113, 115], [115, 116], [115, 117], [117, 118], [117, 119], [119, 120], [119, 121], [129, 130], [133, 134], [135, 136], [137, 138], [139, 142], [145, 146], [145, 147], [147, 148], [147, 149], [149, 150], [149, 151], [151, 152], [151, 153], [160, 161], [161, 163], [161, 167], [167, 169], [167, 173], [173, 174], [173, 176], [184, 185], [184, 188], [188, 189], [188, 190], [190, 191], [190, 192], [192, 193], [192, 194], [194, 195], [194, 197], [200, 201], [200, 202], [202, 203], [202, 204], [204, 205], [204, 206], [206, 207], [206, 208], [217, 224], [243, 246], [243, 265], [250, 251], [250, 258], [273, 274], [273, 277], [277, 279], [277, 280], [280, 282], [280, 283], [283, 285], [283, 286], [286, 288], [286, 290], [297, 298], [297, 305], [305, 307], [305, 308], [308, 310], [308, 311], [311, 313], [311, 314], [314, 316], [314, 318], [325, 326], [325, 329], [329, 331], [329, 332], [332, 334], [332, 335], [335, 337], [335, 338], [338, 340], [338, 342], [349, 350], [349, 353], [353, 355], [353, 356], [356, 358], [356, 359], [359, 361], [359, 363], [363, 365], [363, 367], [374, 375], [374, 378], [378, 380], [378, 381], [381, 383], [381, 384], [384, 386], [384, 387], [387, 389], [387, 391], [399, 400], [403, 405], [406, 408], [409, 411], [412, 414], [423, 427], [427, 429], [427, 430], [430, 432], [430, 433], [433, 435], [433, 436], [436, 438], [436, 440], [447, 448], [455, 457], [458, 460], [461, 463], [464, 466], [476, 477], [476, 480], [480, 481], [480, 482], [482, 483], [482, 484], [484, 485], [484, 486], [486, 487], [486, 489], [492, 493], [492, 494], [494, 495], [494, 496], [496, 497], [496, 498], [498, 499], [498, 500], [515, 516], [515, 521], [517, 515], [517, 518], [521, 523], [521, 525], [525, 527], [525, 529], [529, 531], [529, 533], [547, 548], [547, 553], [549, 547], [549, 550], [553, 555], [553, 557], [557, 559], [557, 561], [561, 563], [561, 565], [582, 583], [582, 586], [586, 588], [586, 589], [589, 591], [589, 592], [592, 594], [592, 595], [595, 597], [595, 599], [602, 603], [602, 604], [604, 605], [604, 606], [606, 607], [606, 608], [615, 616], [615, 619], [619, 621], [619, 622], [622, 624], [622, 625], [625, 627], [625, 629], [666, 667], [666, 670], [670, 672], [670, 673], [673, 675], [673, 676], [676, 678], [676, 679], [679, 681], [679, 684], [692, 693], [692, 696], [696, 697], [696, 698], [698, 699], [698, 700], [700, 701], [700, 702], [702, 703], [702, 705], [712, 713], [712, 716], [716, 717], [716, 718], [718, 719], [718, 720], [720, 721], [720, 722], [722, 723], [722, 725], [734, 735], [734, 738], [738, 739], [738, 740], [740, 741], [740, 742], [742, 743], [742, 744], [744, 745], [744, 747], [750, 751], [750, 752], [752, 753], [752, 754], [754, 755], [754, 756], [756, 757], [756, 758], [766, 767], [766, 770], [770, 771], [770, 772], [772, 773], [772, 774], [774, 775], [774, 776], [776, 777], [776, 779], [782, 783], [782, 784], [784, 785], [784, 786], [786, 787], [786, 788], [788, 789], [788, 790], [798, 799], [798, 802], [802, 803], [802, 804], [804, 805], [804, 806], [806, 807], [806, 808], [808, 809], [808, 811], [814, 815], [814, 816], [816, 817], [816, 818], [818, 819], [818, 820], [820, 821], [820, 822], [838, 839], [838, 842], [842, 843], [842, 844], [844, 845], [844, 846], [846, 847], [846, 848], [848, 849], [848, 851], [854, 855], [854, 856], [856, 857], [856, 858], [858, 859], [858, 860], [860, 861], [860, 862], [869, 870], [869, 873], [873, 874], [873, 875], [875, 876], [875, 877], [877, 878], [877, 879], [879, 880], [879, 882], [940, 941], [940, 945], [941, 940], [941, 942], [945, 946], [945, 953], [946, 947], [946, 949], [949, 950], [949, 953], [953, 954], [953, 957], [957, 958], [957, 961], [961, 962], [961, 966], [962, 963], [962, 966], [966, 967], [966, 969]], "functions": {"AuthEnvironment.__init__": {"executed_lines": [26, 27], "summary": {"covered_lines": 2, "num_statements": 2, "percent_covered": 100.0, "percent_covered_display": "100", "missing_lines": 0, "excluded_lines": 0, "num_branches": 0, "num_partial_branches": 0, "covered_branches": 0, "missing_branches": 0}, "missing_lines": [], "excluded_lines": [], "executed_branches": [], "missing_branches": []}, "AuthEnvironment._validate_auth_config": {"executed_lines": [32, 37, 38, 39, 42], "summary": {"covered_lines": 5, "num_statements": 7, "percent_covered": 69.23076923076923, "percent_covered_display": "69", "missing_lines": 2, "excluded_lines": 0, "num_branches": 6, "num_partial_branches": 2, "covered_branches": 4, "missing_branches": 2}, "missing_lines": [40, 43], "excluded_lines": [], "executed_branches": [[38, 39], [38, 42], [39, 38], [42, -29]], "missing_branches": [[39, 40], [42, 43]]}, "AuthEnvironment.get_jwt_secret_key": {"executed_lines": [48, 49, 51, 67], "summary": {"covered_lines": 4, "num_statements": 16, "percent_covered": 20.833333333333332, "percent_covered_display": "21", "missing_lines": 12, "excluded_lines": 0, "num_branches": 8, "num_partial_branches": 1, "covered_branches": 1, "missing_branches": 7}, "missing_lines": [52, 54, 55, 56, 57, 58, 60, 61, 62, 63, 64, 65], "excluded_lines": [], "executed_branches": [[51, 67]], "missing_branches": [[51, 52], [52, 54], [52, 58], [58, 60], [58, 64], [64, 65], [64, 67]]}, "AuthEnvironment.get_jwt_algorithm": {"executed_lines": [71, 73, 79, 82, 85, 87], "summary": {"covered_lines": 6, "num_statements": 13, "percent_covered": 43.47826086956522, "percent_covered_display": "43", "missing_lines": 7, "excluded_lines": 0, "num_branches": 10, "num_partial_branches": 4, "covered_branches": 4, "missing_branches": 6}, "missing_lines": [75, 76, 77, 78, 81, 84, 89], "excluded_lines": [], "executed_branches": [[73, 79], [79, 82], [82, 85], [85, 87]], "missing_branches": [[73, 75], [76, 77], [76, 78], [79, 81], [82, 84], [85, 89]]}, "AuthEnvironment.get_jwt_expiration_minutes": {"executed_lines": [93, 95, 96, 97, 101, 103, 105, 107, 108], "summary": {"covered_lines": 9, "num_statements": 25, "percent_covered": 32.55813953488372, "percent_covered_display": "33", "missing_lines": 16, "excluded_lines": 0, "num_branches": 18, "num_partial_branches": 5, "covered_branches": 5, "missing_branches": 13}, "missing_lines": [98, 102, 104, 106, 110, 111, 112, 113, 114, 115, 116, 117, 118, 119, 120, 121], "excluded_lines": [], "executed_branches": [[97, 101], [101, 103], [103, 105], [105, 107], [107, 108]], "missing_branches": [[97, 98], [101, 102], [103, 104], [105, 106], [107, 110], [113, 114], [113, 115], [115, 116], [115, 117], [117, 118], [117, 119], [119, 120], [119, 121]]}, "AuthEnvironment.get_refresh_token_expiration_days": {"executed_lines": [125, 127, 128, 129, 133, 135, 137, 139, 140], "summary": {"covered_lines": 9, "num_statements": 25, "percent_covered": 32.55813953488372, "percent_covered_display": "33", "missing_lines": 16, "excluded_lines": 0, "num_branches": 18, "num_partial_branches": 5, "covered_branches": 5, "missing_branches": 13}, "missing_lines": [130, 134, 136, 138, 142, 143, 144, 145, 146, 147, 148, 149, 150, 151, 152, 153], "excluded_lines": [], "executed_branches": [[129, 133], [133, 135], [135, 137], [137, 139], [139, 140]], "missing_branches": [[129, 130], [133, 134], [135, 136], [137, 138], [139, 142], [145, 146], [145, 147], [147, 148], [147, 149], [149, 150], [149, 151], [151, 152], [151, 153]]}, "AuthEnvironment.get_secret_key": {"executed_lines": [157, 158, 160, 176], "summary": {"covered_lines": 4, "num_statements": 16, "percent_covered": 20.833333333333332, "percent_covered_display": "21", "missing_lines": 12, "excluded_lines": 0, "num_branches": 8, "num_partial_branches": 1, "covered_branches": 1, "missing_branches": 7}, "missing_lines": [161, 163, 164, 165, 166, 167, 169, 170, 171, 172, 173, 174], "excluded_lines": [], "executed_branches": [[160, 176]], "missing_branches": [[160, 161], [161, 163], [161, 167], [167, 169], [167, 173], [173, 174], [173, 176]]}, "AuthEnvironment.get_bcrypt_rounds": {"executed_lines": [], "summary": {"covered_lines": 0, "num_statements": 25, "percent_covered": 0.0, "percent_covered_display": "0", "missing_lines": 25, "excluded_lines": 0, "num_branches": 18, "num_partial_branches": 0, "covered_branches": 0, "missing_branches": 18}, "missing_lines": [180, 182, 183, 184, 185, 188, 189, 190, 191, 192, 193, 194, 195, 197, 198, 199, 200, 201, 202, 203, 204, 205, 206, 207, 208], "excluded_lines": [], "executed_branches": [], "missing_branches": [[184, 185], [184, 188], [188, 189], [188, 190], [190, 191], [190, 192], [192, 193], [192, 194], [194, 195], [194, 197], [200, 201], [200, 202], [202, 203], [202, 204], [204, 205], [204, 206], [206, 207], [206, 208]]}, "AuthEnvironment.get_database_url": {"executed_lines": [213, 217, 219, 220, 221], "summary": {"covered_lines": 5, "num_statements": 17, "percent_covered": 26.08695652173913, "percent_covered_display": "26", "missing_lines": 12, "excluded_lines": 0, "num_branches": 6, "num_partial_branches": 1, "covered_branches": 1, "missing_branches": 5}, "missing_lines": [224, 227, 238, 241, 243, 246, 247, 250, 251, 258, 265, 266], "excluded_lines": [], "executed_branches": [[217, 219]], "missing_branches": [[217, 224], [243, 246], [243, 265], [250, 251], [250, 258]]}, "AuthEnvironment.get_postgres_host": {"executed_lines": [], "summary": {"covered_lines": 0, "num_statements": 13, "percent_covered": 0.0, "percent_covered_display": "0", "missing_lines": 13, "excluded_lines": 0, "num_branches": 10, "num_partial_branches": 0, "covered_branches": 0, "missing_branches": 10}, "missing_lines": [270, 272, 273, 274, 277, 279, 280, 282, 283, 285, 286, 288, 290], "excluded_lines": [], "executed_branches": [], "missing_branches": [[273, 274], [273, 277], [277, 279], [277, 280], [280, 282], [280, 283], [283, 285], [283, 286], [286, 288], [286, 290]]}, "AuthEnvironment.get_postgres_port": {"executed_lines": [], "summary": {"covered_lines": 0, "num_statements": 17, "percent_covered": 0.0, "percent_covered_display": "0", "missing_lines": 17, "excluded_lines": 0, "num_branches": 10, "num_partial_branches": 0, "covered_branches": 0, "missing_branches": 10}, "missing_lines": [294, 296, 297, 298, 299, 300, 301, 302, 305, 307, 308, 310, 311, 313, 314, 316, 318], "excluded_lines": [], "executed_branches": [], "missing_branches": [[297, 298], [297, 305], [305, 307], [305, 308], [308, 310], [308, 311], [311, 313], [311, 314], [314, 316], [314, 318]]}, "AuthEnvironment.get_postgres_user": {"executed_lines": [], "summary": {"covered_lines": 0, "num_statements": 13, "percent_covered": 0.0, "percent_covered_display": "0", "missing_lines": 13, "excluded_lines": 0, "num_branches": 10, "num_partial_branches": 0, "covered_branches": 0, "missing_branches": 10}, "missing_lines": [322, 324, 325, 326, 329, 331, 332, 334, 335, 337, 338, 340, 342], "excluded_lines": [], "executed_branches": [], "missing_branches": [[325, 326], [325, 329], [329, 331], [329, 332], [332, 334], [332, 335], [335, 337], [335, 338], [338, 340], [338, 342]]}, "AuthEnvironment.get_postgres_password": {"executed_lines": [], "summary": {"covered_lines": 0, "num_statements": 14, "percent_covered": 0.0, "percent_covered_display": "0", "missing_lines": 14, "excluded_lines": 0, "num_branches": 10, "num_partial_branches": 0, "covered_branches": 0, "missing_branches": 10}, "missing_lines": [346, 348, 349, 350, 353, 355, 356, 358, 359, 361, 362, 363, 365, 367], "excluded_lines": [], "executed_branches": [], "missing_branches": [[349, 350], [349, 353], [353, 355], [353, 356], [356, 358], [356, 359], [359, 361], [359, 363], [363, 365], [363, 367]]}, "AuthEnvironment.get_postgres_db": {"executed_lines": [], "summary": {"covered_lines": 0, "num_statements": 13, "percent_covered": 0.0, "percent_covered_display": "0", "missing_lines": 13, "excluded_lines": 0, "num_branches": 10, "num_partial_branches": 0, "covered_branches": 0, "missing_branches": 10}, "missing_lines": [371, 373, 374, 375, 378, 380, 381, 383, 384, 386, 387, 389, 391], "excluded_lines": [], "executed_branches": [], "missing_branches": [[374, 375], [374, 378], [378, 380], [378, 381], [381, 383], [381, 384], [384, 386], [384, 387], [387, 389], [387, 391]]}, "AuthEnvironment.get_redis_url": {"executed_lines": [396, 398, 399, 403, 406, 409, 412, 416], "summary": {"covered_lines": 8, "num_statements": 13, "percent_covered": 56.52173913043478, "percent_covered_display": "57", "missing_lines": 5, "excluded_lines": 0, "num_branches": 10, "num_partial_branches": 5, "covered_branches": 5, "missing_branches": 5}, "missing_lines": [400, 405, 408, 411, 414], "excluded_lines": [], "executed_branches": [[399, 403], [403, 406], [406, 409], [409, 412], [412, 416]], "missing_branches": [[399, 400], [403, 405], [406, 408], [409, 411], [412, 414]]}, "AuthEnvironment.get_redis_host": {"executed_lines": [420, 422, 423, 424], "summary": {"covered_lines": 4, "num_statements": 13, "percent_covered": 21.73913043478261, "percent_covered_display": "22", "missing_lines": 9, "excluded_lines": 0, "num_branches": 10, "num_partial_branches": 1, "covered_branches": 1, "missing_branches": 9}, "missing_lines": [427, 429, 430, 432, 433, 435, 436, 438, 440], "excluded_lines": [], "executed_branches": [[423, 424]], "missing_branches": [[423, 427], [427, 429], [427, 430], [430, 432], [430, 433], [433, 435], [433, 436], [436, 438], [436, 440]]}, "AuthEnvironment.get_redis_port": {"executed_lines": [444, 446, 447, 455, 458, 461, 464, 468], "summary": {"covered_lines": 8, "num_statements": 17, "percent_covered": 48.148148148148145, "percent_covered_display": "48", "missing_lines": 9, "excluded_lines": 0, "num_branches": 10, "num_partial_branches": 5, "covered_branches": 5, "missing_branches": 5}, "missing_lines": [448, 449, 450, 451, 452, 457, 460, 463, 466], "excluded_lines": [], "executed_branches": [[447, 455], [455, 458], [458, 461], [461, 464], [464, 468]], "missing_branches": [[447, 448], [455, 457], [458, 460], [461, 463], [464, 466]]}, "AuthEnvironment.get_session_ttl": {"executed_lines": [], "summary": {"covered_lines": 0, "num_statements": 25, "percent_covered": 0.0, "percent_covered_display": "0", "missing_lines": 25, "excluded_lines": 0, "num_branches": 18, "num_partial_branches": 0, "covered_branches": 0, "missing_branches": 18}, "missing_lines": [472, 474, 475, 476, 477, 480, 481, 482, 483, 484, 485, 486, 487, 489, 490, 491, 492, 493, 494, 495, 496, 497, 498, 499, 500], "excluded_lines": [], "executed_branches": [], "missing_branches": [[476, 477], [476, 480], [480, 481], [480, 482], [482, 483], [482, 484], [484, 485], [484, 486], [486, 487], [486, 489], [492, 493], [492, 494], [494, 495], [494, 496], [496, 497], [496, 498], [498, 499], [498, 500]]}, "AuthEnvironment.get_oauth_google_client_id": {"executed_lines": [], "summary": {"covered_lines": 0, "num_statements": 15, "percent_covered": 0.0, "percent_covered_display": "0", "missing_lines": 15, "excluded_lines": 0, "num_branches": 10, "num_partial_branches": 0, "covered_branches": 0, "missing_branches": 10}, "missing_lines": [505, 508, 515, 516, 517, 518, 521, 523, 524, 525, 527, 528, 529, 531, 533], "excluded_lines": [], "executed_branches": [], "missing_branches": [[515, 516], [515, 521], [517, 515], [517, 518], [521, 523], [521, 525], [525, 527], [525, 529], [529, 531], [529, 533]]}, "AuthEnvironment.get_oauth_google_client_secret": {"executed_lines": [], "summary": {"covered_lines": 0, "num_statements": 15, "percent_covered": 0.0, "percent_covered_display": "0", "missing_lines": 15, "excluded_lines": 0, "num_branches": 10, "num_partial_branches": 0, "covered_branches": 0, "missing_branches": 10}, "missing_lines": [537, 540, 547, 548, 549, 550, 553, 555, 556, 557, 559, 560, 561, 563, 565], "excluded_lines": [], "executed_branches": [], "missing_branches": [[547, 548], [547, 553], [549, 547], [549, 550], [553, 555], [553, 557], [557, 559], [557, 561], [561, 563], [561, 565]]}, "AuthEnvironment.get_oauth_github_client_id": {"executed_lines": [], "summary": {"covered_lines": 0, "num_statements": 1, "percent_covered": 0.0, "percent_covered_display": "0", "missing_lines": 1, "excluded_lines": 0, "num_branches": 0, "num_partial_branches": 0, "covered_branches": 0, "missing_branches": 0}, "missing_lines": [569], "excluded_lines": [], "executed_branches": [], "missing_branches": []}, "AuthEnvironment.get_oauth_github_client_secret": {"executed_lines": [], "summary": {"covered_lines": 0, "num_statements": 1, "percent_covered": 0.0, "percent_covered_display": "0", "missing_lines": 1, "excluded_lines": 0, "num_branches": 0, "num_partial_branches": 0, "covered_branches": 0, "missing_branches": 0}, "missing_lines": [573], "excluded_lines": [], "executed_branches": [], "missing_branches": []}, "AuthEnvironment.get_auth_service_port": {"executed_lines": [], "summary": {"covered_lines": 0, "num_statements": 23, "percent_covered": 0.0, "percent_covered_display": "0", "missing_lines": 23, "excluded_lines": 0, "num_branches": 16, "num_partial_branches": 0, "covered_branches": 0, "missing_branches": 16}, "missing_lines": [578, 580, 581, 582, 583, 586, 588, 589, 591, 592, 594, 595, 597, 599, 600, 601, 602, 603, 604, 605, 606, 607, 608], "excluded_lines": [], "executed_branches": [], "missing_branches": [[582, 583], [582, 586], [586, 588], [586, 589], [589, 591], [589, 592], [592, 594], [592, 595], [595, 597], [595, 599], [602, 603], [602, 604], [604, 605], [604, 606], [606, 607], [606, 608]]}, "AuthEnvironment.get_auth_service_host": {"executed_lines": [], "summary": {"covered_lines": 0, "num_statements": 11, "percent_covered": 0.0, "percent_covered_display": "0", "missing_lines": 11, "excluded_lines": 0, "num_branches": 8, "num_partial_branches": 0, "covered_branches": 0, "missing_branches": 8}, "missing_lines": [612, 614, 615, 616, 619, 621, 622, 624, 625, 627, 629], "excluded_lines": [], "executed_branches": [], "missing_branches": [[615, 616], [615, 619], [619, 621], [619, 622], [622, 624], [622, 625], [625, 627], [625, 629]]}, "AuthEnvironment.get_backend_url": {"executed_lines": [], "summary": {"covered_lines": 0, "num_statements": 1, "percent_covered": 0.0, "percent_covered_display": "0", "missing_lines": 1, "excluded_lines": 0, "num_branches": 0, "num_partial_branches": 0, "covered_branches": 0, "missing_branches": 0}, "missing_lines": [633], "excluded_lines": [], "executed_branches": [], "missing_branches": []}, "AuthEnvironment.get_frontend_url": {"executed_lines": [], "summary": {"covered_lines": 0, "num_statements": 1, "percent_covered": 0.0, "percent_covered_display": "0", "missing_lines": 1, "excluded_lines": 0, "num_branches": 0, "num_partial_branches": 0, "covered_branches": 0, "missing_branches": 0}, "missing_lines": [637], "excluded_lines": [], "executed_branches": [], "missing_branches": []}, "AuthEnvironment.get_environment": {"executed_lines": [642], "summary": {"covered_lines": 1, "num_statements": 1, "percent_covered": 100.0, "percent_covered_display": "100", "missing_lines": 0, "excluded_lines": 0, "num_branches": 0, "num_partial_branches": 0, "covered_branches": 0, "missing_branches": 0}, "missing_lines": [], "excluded_lines": [], "executed_branches": [], "missing_branches": []}, "AuthEnvironment.is_production": {"executed_lines": [], "summary": {"covered_lines": 0, "num_statements": 1, "percent_covered": 0.0, "percent_covered_display": "0", "missing_lines": 1, "excluded_lines": 0, "num_branches": 0, "num_partial_branches": 0, "covered_branches": 0, "missing_branches": 0}, "missing_lines": [646], "excluded_lines": [], "executed_branches": [], "missing_branches": []}, "AuthEnvironment.is_staging": {"executed_lines": [], "summary": {"covered_lines": 0, "num_statements": 1, "percent_covered": 0.0, "percent_covered_display": "0", "missing_lines": 1, "excluded_lines": 0, "num_branches": 0, "num_partial_branches": 0, "covered_branches": 0, "missing_branches": 0}, "missing_lines": [650], "excluded_lines": [], "executed_branches": [], "missing_branches": []}, "AuthEnvironment.is_development": {"executed_lines": [], "summary": {"covered_lines": 0, "num_statements": 1, "percent_covered": 0.0, "percent_covered_display": "0", "missing_lines": 1, "excluded_lines": 0, "num_branches": 0, "num_partial_branches": 0, "covered_branches": 0, "missing_branches": 0}, "missing_lines": [654], "excluded_lines": [], "executed_branches": [], "missing_branches": []}, "AuthEnvironment.is_testing": {"executed_lines": [], "summary": {"covered_lines": 0, "num_statements": 1, "percent_covered": 0.0, "percent_covered_display": "0", "missing_lines": 1, "excluded_lines": 0, "num_branches": 0, "num_partial_branches": 0, "covered_branches": 0, "missing_branches": 0}, "missing_lines": [658], "excluded_lines": [], "executed_branches": [], "missing_branches": []}, "AuthEnvironment.get_cors_origins": {"executed_lines": [], "summary": {"covered_lines": 0, "num_statements": 13, "percent_covered": 0.0, "percent_covered_display": "0", "missing_lines": 13, "excluded_lines": 0, "num_branches": 10, "num_partial_branches": 0, "covered_branches": 0, "missing_branches": 10}, "missing_lines": [663, 665, 666, 667, 670, 672, 673, 675, 676, 678, 679, 681, 684], "excluded_lines": [], "executed_branches": [], "missing_branches": [[666, 667], [666, 670], [670, 672], [670, 673], [673, 675], [673, 676], [676, 678], [676, 679], [679, 681], [679, 684]]}, "AuthEnvironment.get_log_level": {"executed_lines": [], "summary": {"covered_lines": 0, "num_statements": 13, "percent_covered": 0.0, "percent_covered_display": "0", "missing_lines": 13, "excluded_lines": 0, "num_branches": 10, "num_partial_branches": 0, "covered_branches": 0, "missing_branches": 10}, "missing_lines": [689, 691, 692, 693, 696, 697, 698, 699, 700, 701, 702, 703, 705], "excluded_lines": [], "executed_branches": [], "missing_branches": [[692, 693], [692, 696], [696, 697], [696, 698], [698, 699], [698, 700], [700, 701], [700, 702], [702, 703], [702, 705]]}, "AuthEnvironment.should_enable_debug": {"executed_lines": [], "summary": {"covered_lines": 0, "num_statements": 13, "percent_covered": 0.0, "percent_covered_display": "0", "missing_lines": 13, "excluded_lines": 0, "num_branches": 10, "num_partial_branches": 0, "covered_branches": 0, "missing_branches": 10}, "missing_lines": [709, 711, 712, 713, 716, 717, 718, 719, 720, 721, 722, 723, 725], "excluded_lines": [], "executed_branches": [], "missing_branches": [[712, 713], [712, 716], [716, 717], [716, 718], [718, 719], [718, 720], [720, 721], [720, 722], [722, 723], [722, 725]]}, "AuthEnvironment.get_login_rate_limit": {"executed_lines": [], "summary": {"covered_lines": 0, "num_statements": 25, "percent_covered": 0.0, "percent_covered_display": "0", "missing_lines": 25, "excluded_lines": 0, "num_branches": 18, "num_partial_branches": 0, "covered_branches": 0, "missing_branches": 18}, "missing_lines": [730, 732, 733, 734, 735, 738, 739, 740, 741, 742, 743, 744, 745, 747, 748, 749, 750, 751, 752, 753, 754, 755, 756, 757, 758], "excluded_lines": [], "executed_branches": [], "missing_branches": [[734, 735], [734, 738], [738, 739], [738, 740], [740, 741], [740, 742], [742, 743], [742, 744], [744, 745], [744, 747], [750, 751], [750, 752], [752, 753], [752, 754], [754, 755], [754, 756], [756, 757], [756, 758]]}, "AuthEnvironment.get_login_rate_limit_period": {"executed_lines": [], "summary": {"covered_lines": 0, "num_statements": 25, "percent_covered": 0.0, "percent_covered_display": "0", "missing_lines": 25, "excluded_lines": 0, "num_branches": 18, "num_partial_branches": 0, "covered_branches": 0, "missing_branches": 18}, "missing_lines": [762, 764, 765, 766, 767, 770, 771, 772, 773, 774, 775, 776, 777, 779, 780, 781, 782, 783, 784, 785, 786, 787, 788, 789, 790], "excluded_lines": [], "executed_branches": [], "missing_branches": [[766, 767], [766, 770], [770, 771], [770, 772], [772, 773], [772, 774], [774, 775], [774, 776], [776, 777], [776, 779], [782, 783], [782, 784], [784, 785], [784, 786], [786, 787], [786, 788], [788, 789], [788, 790]]}, "AuthEnvironment.get_max_failed_login_attempts": {"executed_lines": [], "summary": {"covered_lines": 0, "num_statements": 25, "percent_covered": 0.0, "percent_covered_display": "0", "missing_lines": 25, "excluded_lines": 0, "num_branches": 18, "num_partial_branches": 0, "covered_branches": 0, "missing_branches": 18}, "missing_lines": [794, 796, 797, 798, 799, 802, 803, 804, 805, 806, 807, 808, 809, 811, 812, 813, 814, 815, 816, 817, 818, 819, 820, 821, 822], "excluded_lines": [], "executed_branches": [], "missing_branches": [[798, 799], [798, 802], [802, 803], [802, 804], [804, 805], [804, 806], [806, 807], [806, 808], [808, 809], [808, 811], [814, 815], [814, 816], [816, 817], [816, 818], [818, 819], [818, 820], [820, 821], [820, 822]]}, "AuthEnvironment.get_account_lockout_duration": {"executed_lines": [], "summary": {"covered_lines": 0, "num_statements": 4, "percent_covered": 0.0, "percent_covered_display": "0", "missing_lines": 4, "excluded_lines": 0, "num_branches": 0, "num_partial_branches": 0, "covered_branches": 0, "missing_branches": 0}, "missing_lines": [826, 827, 828, 829], "excluded_lines": [], "executed_branches": [], "missing_branches": []}, "AuthEnvironment.get_min_password_length": {"executed_lines": [], "summary": {"covered_lines": 0, "num_statements": 25, "percent_covered": 0.0, "percent_covered_display": "0", "missing_lines": 25, "excluded_lines": 0, "num_branches": 18, "num_partial_branches": 0, "covered_branches": 0, "missing_branches": 18}, "missing_lines": [834, 836, 837, 838, 839, 842, 843, 844, 845, 846, 847, 848, 849, 851, 852, 853, 854, 855, 856, 857, 858, 859, 860, 861, 862], "excluded_lines": [], "executed_branches": [], "missing_branches": [[838, 839], [838, 842], [842, 843], [842, 844], [844, 845], [844, 846], [846, 847], [846, 848], [848, 849], [848, 851], [854, 855], [854, 856], [856, 857], [856, 858], [858, 859], [858, 860], [860, 861], [860, 862]]}, "AuthEnvironment.require_password_complexity": {"executed_lines": [], "summary": {"covered_lines": 0, "num_statements": 13, "percent_covered": 0.0, "percent_covered_display": "0", "missing_lines": 13, "excluded_lines": 0, "num_branches": 10, "num_partial_branches": 0, "covered_branches": 0, "missing_branches": 10}, "missing_lines": [866, 868, 869, 870, 873, 874, 875, 876, 877, 878, 879, 880, 882], "excluded_lines": [], "executed_branches": [], "missing_branches": [[869, 870], [869, 873], [873, 874], [873, 875], [875, 876], [875, 877], [877, 878], [877, 879], [879, 880], [879, 882]]}, "AuthEnvironment.get_smtp_host": {"executed_lines": [], "summary": {"covered_lines": 0, "num_statements": 1, "percent_covered": 0.0, "percent_covered_display": "0", "missing_lines": 1, "excluded_lines": 0, "num_branches": 0, "num_partial_branches": 0, "covered_branches": 0, "missing_branches": 0}, "missing_lines": [887], "excluded_lines": [], "executed_branches": [], "missing_branches": []}, "AuthEnvironment.get_smtp_port": {"executed_lines": [], "summary": {"covered_lines": 0, "num_statements": 4, "percent_covered": 0.0, "percent_covered_display": "0", "missing_lines": 4, "excluded_lines": 0, "num_branches": 0, "num_partial_branches": 0, "covered_branches": 0, "missing_branches": 0}, "missing_lines": [891, 892, 893, 894], "excluded_lines": [], "executed_branches": [], "missing_branches": []}, "AuthEnvironment.get_smtp_username": {"executed_lines": [], "summary": {"covered_lines": 0, "num_statements": 1, "percent_covered": 0.0, "percent_covered_display": "0", "missing_lines": 1, "excluded_lines": 0, "num_branches": 0, "num_partial_branches": 0, "covered_branches": 0, "missing_branches": 0}, "missing_lines": [898], "excluded_lines": [], "executed_branches": [], "missing_branches": []}, "AuthEnvironment.get_smtp_password": {"executed_lines": [], "summary": {"covered_lines": 0, "num_statements": 1, "percent_covered": 0.0, "percent_covered_display": "0", "missing_lines": 1, "excluded_lines": 0, "num_branches": 0, "num_partial_branches": 0, "covered_branches": 0, "missing_branches": 0}, "missing_lines": [902], "excluded_lines": [], "executed_branches": [], "missing_branches": []}, "AuthEnvironment.get_smtp_from_email": {"executed_lines": [], "summary": {"covered_lines": 0, "num_statements": 1, "percent_covered": 0.0, "percent_covered_display": "0", "missing_lines": 1, "excluded_lines": 0, "num_branches": 0, "num_partial_branches": 0, "covered_branches": 0, "missing_branches": 0}, "missing_lines": [906], "excluded_lines": [], "executed_branches": [], "missing_branches": []}, "AuthEnvironment.is_smtp_enabled": {"executed_lines": [], "summary": {"covered_lines": 0, "num_statements": 1, "percent_covered": 0.0, "percent_covered_display": "0", "missing_lines": 1, "excluded_lines": 0, "num_branches": 0, "num_partial_branches": 0, "covered_branches": 0, "missing_branches": 0}, "missing_lines": [910], "excluded_lines": [], "executed_branches": [], "missing_branches": []}, "AuthEnvironment.get": {"executed_lines": [], "summary": {"covered_lines": 0, "num_statements": 1, "percent_covered": 0.0, "percent_covered_display": "0", "missing_lines": 1, "excluded_lines": 0, "num_branches": 0, "num_partial_branches": 0, "covered_branches": 0, "missing_branches": 0}, "missing_lines": [915], "excluded_lines": [], "executed_branches": [], "missing_branches": []}, "AuthEnvironment.set": {"executed_lines": [], "summary": {"covered_lines": 0, "num_statements": 1, "percent_covered": 0.0, "percent_covered_display": "0", "missing_lines": 1, "excluded_lines": 0, "num_branches": 0, "num_partial_branches": 0, "covered_branches": 0, "missing_branches": 0}, "missing_lines": [919], "excluded_lines": [], "executed_branches": [], "missing_branches": []}, "AuthEnvironment.exists": {"executed_lines": [], "summary": {"covered_lines": 0, "num_statements": 1, "percent_covered": 0.0, "percent_covered_display": "0", "missing_lines": 1, "excluded_lines": 0, "num_branches": 0, "num_partial_branches": 0, "covered_branches": 0, "missing_branches": 0}, "missing_lines": [923], "excluded_lines": [], "executed_branches": [], "missing_branches": []}, "AuthEnvironment.get_all": {"executed_lines": [], "summary": {"covered_lines": 0, "num_statements": 1, "percent_covered": 0.0, "percent_covered_display": "0", "missing_lines": 1, "excluded_lines": 0, "num_branches": 0, "num_partial_branches": 0, "covered_branches": 0, "missing_branches": 0}, "missing_lines": [927], "excluded_lines": [], "executed_branches": [], "missing_branches": []}, "AuthEnvironment.validate": {"executed_lines": [], "summary": {"covered_lines": 0, "num_statements": 21, "percent_covered": 0.0, "percent_covered_display": "0", "missing_lines": 21, "excluded_lines": 0, "num_branches": 20, "num_partial_branches": 0, "covered_branches": 0, "missing_branches": 20}, "missing_lines": [931, 932, 935, 940, 941, 942, 945, 946, 947, 949, 950, 953, 954, 957, 958, 961, 962, 963, 966, 967, 969], "excluded_lines": [], "executed_branches": [], "missing_branches": [[940, 941], [940, 945], [941, 940], [941, 942], [945, 946], [945, 953], [946, 947], [946, 949], [949, 950], [949, 953], [953, 954], [953, 957], [957, 958], [957, 961], [961, 962], [961, 966], [962, 963], [962, 966], [966, 967], [966, 969]]}, "get_auth_env": {"executed_lines": [983], "summary": {"covered_lines": 1, "num_statements": 1, "percent_covered": 100.0, "percent_covered_display": "100", "missing_lines": 0, "excluded_lines": 0, "num_branches": 0, "num_partial_branches": 0, "covered_branches": 0, "missing_branches": 0}, "missing_lines": [], "excluded_lines": [], "executed_branches": [], "missing_branches": []}, "get_jwt_secret_key": {"executed_lines": [], "summary": {"covered_lines": 0, "num_statements": 1, "percent_covered": 0.0, "percent_covered_display": "0", "missing_lines": 1, "excluded_lines": 0, "num_branches": 0, "num_partial_branches": 0, "covered_branches": 0, "missing_branches": 0}, "missing_lines": [989], "excluded_lines": [], "executed_branches": [], "missing_branches": []}, "get_database_url": {"executed_lines": [], "summary": {"covered_lines": 0, "num_statements": 1, "percent_covered": 0.0, "percent_covered_display": "0", "missing_lines": 1, "excluded_lines": 0, "num_branches": 0, "num_partial_branches": 0, "covered_branches": 0, "missing_branches": 0}, "missing_lines": [994], "excluded_lines": [], "executed_branches": [], "missing_branches": []}, "get_environment": {"executed_lines": [], "summary": {"covered_lines": 0, "num_statements": 1, "percent_covered": 0.0, "percent_covered_display": "0", "missing_lines": 1, "excluded_lines": 0, "num_branches": 0, "num_partial_branches": 0, "covered_branches": 0, "missing_branches": 0}, "missing_lines": [999], "excluded_lines": [], "executed_branches": [], "missing_branches": []}, "is_production": {"executed_lines": [], "summary": {"covered_lines": 0, "num_statements": 1, "percent_covered": 0.0, "percent_covered_display": "0", "missing_lines": 1, "excluded_lines": 0, "num_branches": 0, "num_partial_branches": 0, "covered_branches": 0, "missing_branches": 0}, "missing_lines": [1004], "excluded_lines": [], "executed_branches": [], "missing_branches": []}, "is_development": {"executed_lines": [], "summary": {"covered_lines": 0, "num_statements": 1, "percent_covered": 0.0, "percent_covered_display": "0", "missing_lines": 1, "excluded_lines": 0, "num_branches": 0, "num_partial_branches": 0, "covered_branches": 0, "missing_branches": 0}, "missing_lines": [1009], "excluded_lines": [], "executed_branches": [], "missing_branches": []}, "": {"executed_lines": [1, 9, 10, 11, 13, 16, 17, 24, 29, 46, 69, 91, 123, 155, 178, 211, 268, 292, 320, 344, 369, 394, 418, 442, 470, 503, 535, 567, 571, 576, 610, 631, 635, 640, 644, 648, 652, 656, 661, 687, 707, 728, 760, 792, 824, 832, 864, 885, 889, 896, 900, 904, 908, 913, 917, 921, 925, 929, 978, 981, 987, 992, 997, 1002, 1007], "summary": {"covered_lines": 63, "num_statements": 63, "percent_covered": 100.0, "percent_covered_display": "100", "missing_lines": 0, "excluded_lines": 0, "num_branches": 0, "num_partial_branches": 0, "covered_branches": 0, "missing_branches": 0}, "missing_lines": [], "excluded_lines": [], "executed_branches": [], "missing_branches": []}}, "classes": {"AuthEnvironment": {"executed_lines": [26, 27, 32, 37, 38, 39, 42, 48, 49, 51, 67, 71, 73, 79, 82, 85, 87, 93, 95, 96, 97, 101, 103, 105, 107, 108, 125, 127, 128, 129, 133, 135, 137, 139, 140, 157, 158, 160, 176, 213, 217, 219, 220, 221, 396, 398, 399, 403, 406, 409, 412, 416, 420, 422, 423, 424, 444, 446, 447, 455, 458, 461, 464, 468, 642], "summary": {"covered_lines": 65, "num_statements": 547, "percent_covered": 10.624315443592552, "percent_covered_display": "11", "missing_lines": 482, "excluded_lines": 0, "num_branches": 366, "num_partial_branches": 30, "covered_branches": 32, "missing_branches": 334}, "missing_lines": [40, 43, 52, 54, 55, 56, 57, 58, 60, 61, 62, 63, 64, 65, 75, 76, 77, 78, 81, 84, 89, 98, 102, 104, 106, 110, 111, 112, 113, 114, 115, 116, 117, 118, 119, 120, 121, 130, 134, 136, 138, 142, 143, 144, 145, 146, 147, 148, 149, 150, 151, 152, 153, 161, 163, 164, 165, 166, 167, 169, 170, 171, 172, 173, 174, 180, 182, 183, 184, 185, 188, 189, 190, 191, 192, 193, 194, 195, 197, 198, 199, 200, 201, 202, 203, 204, 205, 206, 207, 208, 224, 227, 238, 241, 243, 246, 247, 250, 251, 258, 265, 266, 270, 272, 273, 274, 277, 279, 280, 282, 283, 285, 286, 288, 290, 294, 296, 297, 298, 299, 300, 301, 302, 305, 307, 308, 310, 311, 313, 314, 316, 318, 322, 324, 325, 326, 329, 331, 332, 334, 335, 337, 338, 340, 342, 346, 348, 349, 350, 353, 355, 356, 358, 359, 361, 362, 363, 365, 367, 371, 373, 374, 375, 378, 380, 381, 383, 384, 386, 387, 389, 391, 400, 405, 408, 411, 414, 427, 429, 430, 432, 433, 435, 436, 438, 440, 448, 449, 450, 451, 452, 457, 460, 463, 466, 472, 474, 475, 476, 477, 480, 481, 482, 483, 484, 485, 486, 487, 489, 490, 491, 492, 493, 494, 495, 496, 497, 498, 499, 500, 505, 508, 515, 516, 517, 518, 521, 523, 524, 525, 527, 528, 529, 531, 533, 537, 540, 547, 548, 549, 550, 553, 555, 556, 557, 559, 560, 561, 563, 565, 569, 573, 578, 580, 581, 582, 583, 586, 588, 589, 591, 592, 594, 595, 597, 599, 600, 601, 602, 603, 604, 605, 606, 607, 608, 612, 614, 615, 616, 619, 621, 622, 624, 625, 627, 629, 633, 637, 646, 650, 654, 658, 663, 665, 666, 667, 670, 672, 673, 675, 676, 678, 679, 681, 684, 689, 691, 692, 693, 696, 697, 698, 699, 700, 701, 702, 703, 705, 709, 711, 712, 713, 716, 717, 718, 719, 720, 721, 722, 723, 725, 730, 732, 733, 734, 735, 738, 739, 740, 741, 742, 743, 744, 745, 747, 748, 749, 750, 751, 752, 753, 754, 755, 756, 757, 758, 762, 764, 765, 766, 767, 770, 771, 772, 773, 774, 775, 776, 777, 779, 780, 781, 782, 783, 784, 785, 786, 787, 788, 789, 790, 794, 796, 797, 798, 799, 802, 803, 804, 805, 806, 807, 808, 809, 811, 812, 813, 814, 815, 816, 817, 818, 819, 820, 821, 822, 826, 827, 828, 829, 834, 836, 837, 838, 839, 842, 843, 844, 845, 846, 847, 848, 849, 851, 852, 853, 854, 855, 856, 857, 858, 859, 860, 861, 862, 866, 868, 869, 870, 873, 874, 875, 876, 877, 878, 879, 880, 882, 887, 891, 892, 893, 894, 898, 902, 906, 910, 915, 919, 923, 927, 931, 932, 935, 940, 941, 942, 945, 946, 947, 949, 950, 953, 954, 957, 958, 961, 962, 963, 966, 967, 969], "excluded_lines": [], "executed_branches": [[38, 39], [38, 42], [39, 38], [42, -29], [51, 67], [73, 79], [79, 82], [82, 85], [85, 87], [97, 101], [101, 103], [103, 105], [105, 107], [107, 108], [129, 133], [133, 135], [135, 137], [137, 139], [139, 140], [160, 176], [217, 219], [399, 403], [403, 406], [406, 409], [409, 412], [412, 416], [423, 424], [447, 455], [455, 458], [458, 461], [461, 464], [464, 468]], "missing_branches": [[39, 40], [42, 43], [51, 52], [52, 54], [52, 58], [58, 60], [58, 64], [64, 65], [64, 67], [73, 75], [76, 77], [76, 78], [79, 81], [82, 84], [85, 89], [97, 98], [101, 102], [103, 104], [105, 106], [107, 110], [113, 114], [113, 115], [115, 116], [115, 117], [117, 118], [117, 119], [119, 120], [119, 121], [129, 130], [133, 134], [135, 136], [137, 138], [139, 142], [145, 146], [145, 147], [147, 148], [147, 149], [149, 150], [149, 151], [151, 152], [151, 153], [160, 161], [161, 163], [161, 167], [167, 169], [167, 173], [173, 174], [173, 176], [184, 185], [184, 188], [188, 189], [188, 190], [190, 191], [190, 192], [192, 193], [192, 194], [194, 195], [194, 197], [200, 201], [200, 202], [202, 203], [202, 204], [204, 205], [204, 206], [206, 207], [206, 208], [217, 224], [243, 246], [243, 265], [250, 251], [250, 258], [273, 274], [273, 277], [277, 279], [277, 280], [280, 282], [280, 283], [283, 285], [283, 286], [286, 288], [286, 290], [297, 298], [297, 305], [305, 307], [305, 308], [308, 310], [308, 311], [311, 313], [311, 314], [314, 316], [314, 318], [325, 326], [325, 329], [329, 331], [329, 332], [332, 334], [332, 335], [335, 337], [335, 338], [338, 340], [338, 342], [349, 350], [349, 353], [353, 355], [353, 356], [356, 358], [356, 359], [359, 361], [359, 363], [363, 365], [363, 367], [374, 375], [374, 378], [378, 380], [378, 381], [381, 383], [381, 384], [384, 386], [384, 387], [387, 389], [387, 391], [399, 400], [403, 405], [406, 408], [409, 411], [412, 414], [423, 427], [427, 429], [427, 430], [430, 432], [430, 433], [433, 435], [433, 436], [436, 438], [436, 440], [447, 448], [455, 457], [458, 460], [461, 463], [464, 466], [476, 477], [476, 480], [480, 481], [480, 482], [482, 483], [482, 484], [484, 485], [484, 486], [486, 487], [486, 489], [492, 493], [492, 494], [494, 495], [494, 496], [496, 497], [496, 498], [498, 499], [498, 500], [515, 516], [515, 521], [517, 515], [517, 518], [521, 523], [521, 525], [525, 527], [525, 529], [529, 531], [529, 533], [547, 548], [547, 553], [549, 547], [549, 550], [553, 555], [553, 557], [557, 559], [557, 561], [561, 563], [561, 565], [582, 583], [582, 586], [586, 588], [586, 589], [589, 591], [589, 592], [592, 594], [592, 595], [595, 597], [595, 599], [602, 603], [602, 604], [604, 605], [604, 606], [606, 607], [606, 608], [615, 616], [615, 619], [619, 621], [619, 622], [622, 624], [622, 625], [625, 627], [625, 629], [666, 667], [666, 670], [670, 672], [670, 673], [673, 675], [673, 676], [676, 678], [676, 679], [679, 681], [679, 684], [692, 693], [692, 696], [696, 697], [696, 698], [698, 699], [698, 700], [700, 701], [700, 702], [702, 703], [702, 705], [712, 713], [712, 716], [716, 717], [716, 718], [718, 719], [718, 720], [720, 721], [720, 722], [722, 723], [722, 725], [734, 735], [734, 738], [738, 739], [738, 740], [740, 741], [740, 742], [742, 743], [742, 744], [744, 745], [744, 747], [750, 751], [750, 752], [752, 753], [752, 754], [754, 755], [754, 756], [756, 757], [756, 758], [766, 767], [766, 770], [770, 771], [770, 772], [772, 773], [772, 774], [774, 775], [774, 776], [776, 777], [776, 779], [782, 783], [782, 784], [784, 785], [784, 786], [786, 787], [786, 788], [788, 789], [788, 790], [798, 799], [798, 802], [802, 803], [802, 804], [804, 805], [804, 806], [806, 807], [806, 808], [808, 809], [808, 811], [814, 815], [814, 816], [816, 817], [816, 818], [818, 819], [818, 820], [820, 821], [820, 822], [838, 839], [838, 842], [842, 843], [842, 844], [844, 845], [844, 846], [846, 847], [846, 848], [848, 849], [848, 851], [854, 855], [854, 856], [856, 857], [856, 858], [858, 859], [858, 860], [860, 861], [860, 862], [869, 870], [869, 873], [873, 874], [873, 875], [875, 876], [875, 877], [877, 878], [877, 879], [879, 880], [879, 882], [940, 941], [940, 945], [941, 940], [941, 942], [945, 946], [945, 953], [946, 947], [946, 949], [949, 950], [949, 953], [953, 954], [953, 957], [957, 958], [957, 961], [961, 962], [961, 966], [962, 963], [962, 966], [966, 967], [966, 969]]}, "": {"executed_lines": [1, 9, 10, 11, 13, 16, 17, 24, 29, 46, 69, 91, 123, 155, 178, 211, 268, 292, 320, 344, 369, 394, 418, 442, 470, 503, 535, 567, 571, 576, 610, 631, 635, 640, 644, 648, 652, 656, 661, 687, 707, 728, 760, 792, 824, 832, 864, 885, 889, 896, 900, 904, 908, 913, 917, 921, 925, 929, 978, 981, 983, 987, 992, 997, 1002, 1007], "summary": {"covered_lines": 64, "num_statements": 69, "percent_covered": 92.7536231884058, "percent_covered_display": "93", "missing_lines": 5, "excluded_lines": 0, "num_branches": 0, "num_partial_branches": 0, "covered_branches": 0, "missing_branches": 0}, "missing_lines": [989, 994, 999, 1004, 1009], "excluded_lines": [], "executed_branches": [], "missing_branches": []}}}, "auth_core/config.py": {"executed_lines": [1, 14, 15, 18, 20, 22, 23, 31, 34, 35, 39, 40, 42, 45, 46, 50, 51, 56, 57, 59, 61, 62, 64, 66, 67, 69, 71, 72, 74, 76, 77, 80, 83, 84, 86, 88, 89, 91, 92, 94, 96, 98, 99, 104, 105, 109, 110, 124, 125, 127, 129, 130, 141, 142, 146, 147, 152, 153, 160, 161, 201], "summary": {"covered_lines": 59, "num_statements": 112, "percent_covered": 47.72727272727273, "percent_covered_display": "48", "missing_lines": 53, "excluded_lines": 0, "num_branches": 20, "num_partial_branches": 4, "covered_branches": 4, "missing_branches": 16}, "missing_lines": [36, 48, 53, 93, 95, 97, 101, 107, 112, 113, 114, 116, 118, 121, 133, 134, 135, 136, 137, 138, 144, 150, 156, 157, 163, 164, 166, 167, 168, 169, 170, 171, 172, 173, 174, 175, 176, 177, 180, 182, 183, 184, 186, 187, 188, 189, 190, 191, 193, 195, 197, 198, 207], "excluded_lines": [], "executed_branches": [[92, 94], [94, 96], [96, 98], [98, 99]], "missing_branches": [[92, 93], [94, 95], [96, 97], [98, 101], [116, 118], [116, 121], [134, 135], [134, 136], [136, 137], [136, 138], [182, 183], [182, 197], [184, 186], [184, 195], [187, 188], [187, 193]], "functions": {"AuthConfig.ENVIRONMENT": {"executed_lines": [], "summary": {"covered_lines": 0, "num_statements": 1, "percent_covered": 0.0, "percent_covered_display": "0", "missing_lines": 1, "excluded_lines": 0, "num_branches": 0, "num_partial_branches": 0, "covered_branches": 0, "missing_branches": 0}, "missing_lines": [36], "excluded_lines": [], "executed_branches": [], "missing_branches": []}, "AuthConfig.get_environment": {"executed_lines": [42], "summary": {"covered_lines": 1, "num_statements": 1, "percent_covered": 100.0, "percent_covered_display": "100", "missing_lines": 0, "excluded_lines": 0, "num_branches": 0, "num_partial_branches": 0, "covered_branches": 0, "missing_branches": 0}, "missing_lines": [], "excluded_lines": [], "executed_branches": [], "missing_branches": []}, "AuthConfig.get_google_client_id": {"executed_lines": [], "summary": {"covered_lines": 0, "num_statements": 1, "percent_covered": 0.0, "percent_covered_display": "0", "missing_lines": 1, "excluded_lines": 0, "num_branches": 0, "num_partial_branches": 0, "covered_branches": 0, "missing_branches": 0}, "missing_lines": [48], "excluded_lines": [], "executed_branches": [], "missing_branches": []}, "AuthConfig.get_google_client_secret": {"executed_lines": [], "summary": {"covered_lines": 0, "num_statements": 1, "percent_covered": 0.0, "percent_covered_display": "0", "missing_lines": 1, "excluded_lines": 0, "num_branches": 0, "num_partial_branches": 0, "covered_branches": 0, "missing_branches": 0}, "missing_lines": [53], "excluded_lines": [], "executed_branches": [], "missing_branches": []}, "AuthConfig.get_jwt_secret": {"executed_lines": [59], "summary": {"covered_lines": 1, "num_statements": 1, "percent_covered": 100.0, "percent_covered_display": "100", "missing_lines": 0, "excluded_lines": 0, "num_branches": 0, "num_partial_branches": 0, "covered_branches": 0, "missing_branches": 0}, "missing_lines": [], "excluded_lines": [], "executed_branches": [], "missing_branches": []}, "AuthConfig.get_jwt_algorithm": {"executed_lines": [64], "summary": {"covered_lines": 1, "num_statements": 1, "percent_covered": 100.0, "percent_covered_display": "100", "missing_lines": 0, "excluded_lines": 0, "num_branches": 0, "num_partial_branches": 0, "covered_branches": 0, "missing_branches": 0}, "missing_lines": [], "excluded_lines": [], "executed_branches": [], "missing_branches": []}, "AuthConfig.get_jwt_access_expiry_minutes": {"executed_lines": [69], "summary": {"covered_lines": 1, "num_statements": 1, "percent_covered": 100.0, "percent_covered_display": "100", "missing_lines": 0, "excluded_lines": 0, "num_branches": 0, "num_partial_branches": 0, "covered_branches": 0, "missing_branches": 0}, "missing_lines": [], "excluded_lines": [], "executed_branches": [], "missing_branches": []}, "AuthConfig.get_jwt_refresh_expiry_days": {"executed_lines": [74], "summary": {"covered_lines": 1, "num_statements": 1, "percent_covered": 100.0, "percent_covered_display": "100", "missing_lines": 0, "excluded_lines": 0, "num_branches": 0, "num_partial_branches": 0, "covered_branches": 0, "missing_branches": 0}, "missing_lines": [], "excluded_lines": [], "executed_branches": [], "missing_branches": []}, "AuthConfig.get_jwt_service_expiry_minutes": {"executed_lines": [80], "summary": {"covered_lines": 1, "num_statements": 1, "percent_covered": 100.0, "percent_covered_display": "100", "missing_lines": 0, "excluded_lines": 0, "num_branches": 0, "num_partial_branches": 0, "covered_branches": 0, "missing_branches": 0}, "missing_lines": [], "excluded_lines": [], "executed_branches": [], "missing_branches": []}, "AuthConfig.get_service_secret": {"executed_lines": [86], "summary": {"covered_lines": 1, "num_statements": 1, "percent_covered": 100.0, "percent_covered_display": "100", "missing_lines": 0, "excluded_lines": 0, "num_branches": 0, "num_partial_branches": 0, "covered_branches": 0, "missing_branches": 0}, "missing_lines": [], "excluded_lines": [], "executed_branches": [], "missing_branches": []}, "AuthConfig.get_service_id": {"executed_lines": [91, 92, 94, 96, 98, 99], "summary": {"covered_lines": 6, "num_statements": 10, "percent_covered": 55.55555555555556, "percent_covered_display": "56", "missing_lines": 4, "excluded_lines": 0, "num_branches": 8, "num_partial_branches": 4, "covered_branches": 4, "missing_branches": 4}, "missing_lines": [93, 95, 97, 101], "excluded_lines": [], "executed_branches": [[92, 94], [94, 96], [96, 98], [98, 99]], "missing_branches": [[92, 93], [94, 95], [96, 97], [98, 101]]}, "AuthConfig.get_frontend_url": {"executed_lines": [], "summary": {"covered_lines": 0, "num_statements": 1, "percent_covered": 0.0, "percent_covered_display": "0", "missing_lines": 1, "excluded_lines": 0, "num_branches": 0, "num_partial_branches": 0, "covered_branches": 0, "missing_branches": 0}, "missing_lines": [107], "excluded_lines": [], "executed_branches": [], "missing_branches": []}, "AuthConfig.get_auth_service_url": {"executed_lines": [], "summary": {"covered_lines": 0, "num_statements": 6, "percent_covered": 0.0, "percent_covered_display": "0", "missing_lines": 6, "excluded_lines": 0, "num_branches": 2, "num_partial_branches": 0, "covered_branches": 0, "missing_branches": 2}, "missing_lines": [112, 113, 114, 116, 118, 121], "excluded_lines": [], "executed_branches": [], "missing_branches": [[116, 118], [116, 121]]}, "AuthConfig.get_database_url": {"executed_lines": [127], "summary": {"covered_lines": 1, "num_statements": 1, "percent_covered": 100.0, "percent_covered_display": "100", "missing_lines": 0, "excluded_lines": 0, "num_branches": 0, "num_partial_branches": 0, "covered_branches": 0, "missing_branches": 0}, "missing_lines": [], "excluded_lines": [], "executed_branches": [], "missing_branches": []}, "AuthConfig.get_raw_database_url": {"executed_lines": [], "summary": {"covered_lines": 0, "num_statements": 6, "percent_covered": 0.0, "percent_covered_display": "0", "missing_lines": 6, "excluded_lines": 0, "num_branches": 4, "num_partial_branches": 0, "covered_branches": 0, "missing_branches": 4}, "missing_lines": [133, 134, 135, 136, 137, 138], "excluded_lines": [], "executed_branches": [], "missing_branches": [[134, 135], [134, 136], [136, 137], [136, 138]]}, "AuthConfig.get_redis_url": {"executed_lines": [], "summary": {"covered_lines": 0, "num_statements": 1, "percent_covered": 0.0, "percent_covered_display": "0", "missing_lines": 1, "excluded_lines": 0, "num_branches": 0, "num_partial_branches": 0, "covered_branches": 0, "missing_branches": 0}, "missing_lines": [144], "excluded_lines": [], "executed_branches": [], "missing_branches": []}, "AuthConfig.get_session_ttl_hours": {"executed_lines": [], "summary": {"covered_lines": 0, "num_statements": 1, "percent_covered": 0.0, "percent_covered_display": "0", "missing_lines": 1, "excluded_lines": 0, "num_branches": 0, "num_partial_branches": 0, "covered_branches": 0, "missing_branches": 0}, "missing_lines": [150], "excluded_lines": [], "executed_branches": [], "missing_branches": []}, "AuthConfig.is_redis_disabled": {"executed_lines": [], "summary": {"covered_lines": 0, "num_statements": 2, "percent_covered": 0.0, "percent_covered_display": "0", "missing_lines": 2, "excluded_lines": 0, "num_branches": 0, "num_partial_branches": 0, "covered_branches": 0, "missing_branches": 0}, "missing_lines": [156, 157], "excluded_lines": [], "executed_branches": [], "missing_branches": []}, "AuthConfig.log_configuration": {"executed_lines": [], "summary": {"covered_lines": 0, "num_statements": 28, "percent_covered": 0.0, "percent_covered_display": "0", "missing_lines": 28, "excluded_lines": 0, "num_branches": 6, "num_partial_branches": 0, "covered_branches": 0, "missing_branches": 6}, "missing_lines": [163, 164, 166, 167, 168, 169, 170, 171, 172, 173, 174, 175, 176, 177, 180, 182, 183, 184, 186, 187, 188, 189, 190, 191, 193, 195, 197, 198], "excluded_lines": [], "executed_branches": [], "missing_branches": [[182, 183], [182, 197], [184, 186], [184, 195], [187, 188], [187, 193]]}, "get_config": {"executed_lines": [], "summary": {"covered_lines": 0, "num_statements": 1, "percent_covered": 0.0, "percent_covered_display": "0", "missing_lines": 1, "excluded_lines": 0, "num_branches": 0, "num_partial_branches": 0, "covered_branches": 0, "missing_branches": 0}, "missing_lines": [207], "excluded_lines": [], "executed_branches": [], "missing_branches": []}, "": {"executed_lines": [1, 14, 15, 18, 20, 22, 23, 31, 34, 35, 39, 40, 45, 46, 50, 51, 56, 57, 61, 62, 66, 67, 71, 72, 76, 77, 83, 84, 88, 89, 104, 105, 109, 110, 124, 125, 129, 130, 141, 142, 146, 147, 152, 153, 160, 161, 201], "summary": {"covered_lines": 45, "num_statements": 45, "percent_covered": 100.0, "percent_covered_display": "100", "missing_lines": 0, "excluded_lines": 0, "num_branches": 0, "num_partial_branches": 0, "covered_branches": 0, "missing_branches": 0}, "missing_lines": [], "excluded_lines": [], "executed_branches": [], "missing_branches": []}}, "classes": {"AuthConfig": {"executed_lines": [42, 59, 64, 69, 74, 80, 86, 91, 92, 94, 96, 98, 99, 127], "summary": {"covered_lines": 14, "num_statements": 66, "percent_covered": 20.930232558139537, "percent_covered_display": "21", "missing_lines": 52, "excluded_lines": 0, "num_branches": 20, "num_partial_branches": 4, "covered_branches": 4, "missing_branches": 16}, "missing_lines": [36, 48, 53, 93, 95, 97, 101, 107, 112, 113, 114, 116, 118, 121, 133, 134, 135, 136, 137, 138, 144, 150, 156, 157, 163, 164, 166, 167, 168, 169, 170, 171, 172, 173, 174, 175, 176, 177, 180, 182, 183, 184, 186, 187, 188, 189, 190, 191, 193, 195, 197, 198], "excluded_lines": [], "executed_branches": [[92, 94], [94, 96], [96, 98], [98, 99]], "missing_branches": [[92, 93], [94, 95], [96, 97], [98, 101], [116, 118], [116, 121], [134, 135], [134, 136], [136, 137], [136, 138], [182, 183], [182, 197], [184, 186], [184, 195], [187, 188], [187, 193]]}, "": {"executed_lines": [1, 14, 15, 18, 20, 22, 23, 31, 34, 35, 39, 40, 45, 46, 50, 51, 56, 57, 61, 62, 66, 67, 71, 72, 76, 77, 83, 84, 88, 89, 104, 105, 109, 110, 124, 125, 129, 130, 141, 142, 146, 147, 152, 153, 160, 161, 201], "summary": {"covered_lines": 45, "num_statements": 46, "percent_covered": 97.82608695652173, "percent_covered_display": "98", "missing_lines": 1, "excluded_lines": 0, "num_branches": 0, "num_partial_branches": 0, "covered_branches": 0, "missing_branches": 0}, "missing_lines": [207], "excluded_lines": [], "executed_branches": [], "missing_branches": []}}}, "auth_core/core/__init__.py": {"executed_lines": [1], "summary": {"covered_lines": 0, "num_statements": 0, "percent_covered": 100.0, "percent_covered_display": "100", "missing_lines": 0, "excluded_lines": 0, "num_branches": 0, "num_partial_branches": 0, "covered_branches": 0, "missing_branches": 0}, "missing_lines": [], "excluded_lines": [], "executed_branches": [], "missing_branches": [], "functions": {"": {"executed_lines": [1], "summary": {"covered_lines": 0, "num_statements": 0, "percent_covered": 100.0, "percent_covered_display": "100", "missing_lines": 0, "excluded_lines": 0, "num_branches": 0, "num_partial_branches": 0, "covered_branches": 0, "missing_branches": 0}, "missing_lines": [], "excluded_lines": [], "executed_branches": [], "missing_branches": []}}, "classes": {"": {"executed_lines": [1], "summary": {"covered_lines": 0, "num_statements": 0, "percent_covered": 100.0, "percent_covered_display": "100", "missing_lines": 0, "excluded_lines": 0, "num_branches": 0, "num_partial_branches": 0, "covered_branches": 0, "missing_branches": 0}, "missing_lines": [], "excluded_lines": [], "executed_branches": [], "missing_branches": []}}}, "auth_core/core/jwt_cache.py": {"executed_lines": [1, 5, 6, 7, 8, 9, 10, 12, 14, 16, 17, 19, 21, 22, 23, 26, 27, 30, 38, 40, 45, 104, 137, 150, 189, 202, 222], "summary": {"covered_lines": 25, "num_statements": 125, "percent_covered": 14.792899408284024, "percent_covered_display": "15", "missing_lines": 100, "excluded_lines": 0, "num_branches": 44, "num_partial_branches": 0, "covered_branches": 0, "missing_branches": 44}, "missing_lines": [42, 43, 47, 48, 51, 52, 53, 55, 56, 57, 58, 60, 61, 62, 63, 66, 69, 70, 71, 72, 73, 76, 77, 78, 80, 81, 83, 86, 90, 92, 93, 94, 95, 97, 98, 100, 101, 102, 106, 107, 108, 110, 113, 115, 116, 118, 119, 122, 128, 129, 130, 131, 132, 134, 135, 139, 140, 141, 142, 147, 148, 152, 154, 155, 156, 158, 160, 161, 164, 165, 168, 169, 170, 171, 172, 173, 174, 175, 177, 178, 179, 181, 182, 184, 186, 187, 191, 192, 193, 195, 196, 197, 198, 199, 200, 204, 205, 206, 207, 209], "excluded_lines": [], "executed_branches": [], "missing_branches": [[51, 52], [51, 69], [53, 55], [53, 66], [56, 57], [56, 62], [58, 60], [58, 62], [69, 70], [69, 97], [72, 73], [72, 92], [76, 77], [76, 83], [78, 80], [78, 83], [107, 108], [107, 110], [113, 115], [113, 122], [118, 119], [118, 122], [128, -104], [128, 129], [141, -137], [141, 142], [155, 156], [155, 160], [156, 155], [156, 158], [160, 161], [160, 164], [164, 165], [164, 184], [170, 171], [170, 184], [173, 170], [173, 174], [175, 170], [175, 177], [192, -189], [192, 193], [197, -189], [197, 198]], "functions": {"JWTValidationCache.__init__": {"executed_lines": [21, 22, 23, 26, 27, 30, 38], "summary": {"covered_lines": 7, "num_statements": 7, "percent_covered": 100.0, "percent_covered_display": "100", "missing_lines": 0, "excluded_lines": 0, "num_branches": 0, "num_partial_branches": 0, "covered_branches": 0, "missing_branches": 0}, "missing_lines": [], "excluded_lines": [], "executed_branches": [], "missing_branches": []}, "JWTValidationCache.get_cache_key": {"executed_lines": [], "summary": {"covered_lines": 0, "num_statements": 2, "percent_covered": 0.0, "percent_covered_display": "0", "missing_lines": 2, "excluded_lines": 0, "num_branches": 0, "num_partial_branches": 0, "covered_branches": 0, "missing_branches": 0}, "missing_lines": [42, 43], "excluded_lines": [], "executed_branches": [], "missing_branches": []}, "JWTValidationCache.get_from_cache": {"executed_lines": [], "summary": {"covered_lines": 0, "num_statements": 36, "percent_covered": 0.0, "percent_covered_display": "0", "missing_lines": 36, "excluded_lines": 0, "num_branches": 16, "num_partial_branches": 0, "covered_branches": 0, "missing_branches": 16}, "missing_lines": [47, 48, 51, 52, 53, 55, 56, 57, 58, 60, 61, 62, 63, 66, 69, 70, 71, 72, 73, 76, 77, 78, 80, 81, 83, 86, 90, 92, 93, 94, 95, 97, 98, 100, 101, 102], "excluded_lines": [], "executed_branches": [], "missing_branches": [[51, 52], [51, 69], [53, 55], [53, 66], [56, 57], [56, 62], [58, 60], [58, 62], [69, 70], [69, 97], [72, 73], [72, 92], [76, 77], [76, 83], [78, 80], [78, 83]]}, "JWTValidationCache.cache_validation_result": {"executed_lines": [], "summary": {"covered_lines": 0, "num_statements": 17, "percent_covered": 0.0, "percent_covered_display": "0", "missing_lines": 17, "excluded_lines": 0, "num_branches": 8, "num_partial_branches": 0, "covered_branches": 0, "missing_branches": 8}, "missing_lines": [106, 107, 108, 110, 113, 115, 116, 118, 119, 122, 128, 129, 130, 131, 132, 134, 135], "excluded_lines": [], "executed_branches": [], "missing_branches": [[107, 108], [107, 110], [113, 115], [113, 122], [118, 119], [118, 122], [128, -104], [128, 129]]}, "JWTValidationCache._cache_to_redis_async": {"executed_lines": [], "summary": {"covered_lines": 0, "num_statements": 6, "percent_covered": 0.0, "percent_covered_display": "0", "missing_lines": 6, "excluded_lines": 0, "num_branches": 2, "num_partial_branches": 0, "covered_branches": 0, "missing_branches": 2}, "missing_lines": [139, 140, 141, 142, 147, 148], "excluded_lines": [], "executed_branches": [], "missing_branches": [[141, -137], [141, 142]]}, "JWTValidationCache.invalidate_user_cache": {"executed_lines": [], "summary": {"covered_lines": 0, "num_statements": 25, "percent_covered": 0.0, "percent_covered_display": "0", "missing_lines": 25, "excluded_lines": 0, "num_branches": 14, "num_partial_branches": 0, "covered_branches": 0, "missing_branches": 14}, "missing_lines": [152, 154, 155, 156, 158, 160, 161, 164, 165, 168, 169, 170, 171, 172, 173, 174, 175, 177, 178, 179, 181, 182, 184, 186, 187], "excluded_lines": [], "executed_branches": [], "missing_branches": [[155, 156], [155, 160], [156, 155], [156, 158], [160, 161], [160, 164], [164, 165], [164, 184], [170, 171], [170, 184], [173, 170], [173, 174], [175, 170], [175, 177]]}, "JWTValidationCache.clear_cache": {"executed_lines": [], "summary": {"covered_lines": 0, "num_statements": 9, "percent_covered": 0.0, "percent_covered_display": "0", "missing_lines": 9, "excluded_lines": 0, "num_branches": 4, "num_partial_branches": 0, "covered_branches": 0, "missing_branches": 4}, "missing_lines": [191, 192, 193, 195, 196, 197, 198, 199, 200], "excluded_lines": [], "executed_branches": [], "missing_branches": [[192, -189], [192, 193], [197, -189], [197, 198]]}, "JWTValidationCache.get_cache_stats": {"executed_lines": [], "summary": {"covered_lines": 0, "num_statements": 5, "percent_covered": 0.0, "percent_covered_display": "0", "missing_lines": 5, "excluded_lines": 0, "num_branches": 0, "num_partial_branches": 0, "covered_branches": 0, "missing_branches": 0}, "missing_lines": [204, 205, 206, 207, 209], "excluded_lines": [], "executed_branches": [], "missing_branches": []}, "": {"executed_lines": [1, 5, 6, 7, 8, 9, 10, 12, 14, 16, 17, 19, 40, 45, 104, 137, 150, 189, 202, 222], "summary": {"covered_lines": 18, "num_statements": 18, "percent_covered": 100.0, "percent_covered_display": "100", "missing_lines": 0, "excluded_lines": 0, "num_branches": 0, "num_partial_branches": 0, "covered_branches": 0, "missing_branches": 0}, "missing_lines": [], "excluded_lines": [], "executed_branches": [], "missing_branches": []}}, "classes": {"JWTValidationCache": {"executed_lines": [21, 22, 23, 26, 27, 30, 38], "summary": {"covered_lines": 7, "num_statements": 107, "percent_covered": 4.635761589403973, "percent_covered_display": "5", "missing_lines": 100, "excluded_lines": 0, "num_branches": 44, "num_partial_branches": 0, "covered_branches": 0, "missing_branches": 44}, "missing_lines": [42, 43, 47, 48, 51, 52, 53, 55, 56, 57, 58, 60, 61, 62, 63, 66, 69, 70, 71, 72, 73, 76, 77, 78, 80, 81, 83, 86, 90, 92, 93, 94, 95, 97, 98, 100, 101, 102, 106, 107, 108, 110, 113, 115, 116, 118, 119, 122, 128, 129, 130, 131, 132, 134, 135, 139, 140, 141, 142, 147, 148, 152, 154, 155, 156, 158, 160, 161, 164, 165, 168, 169, 170, 171, 172, 173, 174, 175, 177, 178, 179, 181, 182, 184, 186, 187, 191, 192, 193, 195, 196, 197, 198, 199, 200, 204, 205, 206, 207, 209], "excluded_lines": [], "executed_branches": [], "missing_branches": [[51, 52], [51, 69], [53, 55], [53, 66], [56, 57], [56, 62], [58, 60], [58, 62], [69, 70], [69, 97], [72, 73], [72, 92], [76, 77], [76, 83], [78, 80], [78, 83], [107, 108], [107, 110], [113, 115], [113, 122], [118, 119], [118, 122], [128, -104], [128, 129], [141, -137], [141, 142], [155, 156], [155, 160], [156, 155], [156, 158], [160, 161], [160, 164], [164, 165], [164, 184], [170, 171], [170, 184], [173, 170], [173, 174], [175, 170], [175, 177], [192, -189], [192, 193], [197, -189], [197, 198]]}, "": {"executed_lines": [1, 5, 6, 7, 8, 9, 10, 12, 14, 16, 17, 19, 40, 45, 104, 137, 150, 189, 202, 222], "summary": {"covered_lines": 18, "num_statements": 18, "percent_covered": 100.0, "percent_covered_display": "100", "missing_lines": 0, "excluded_lines": 0, "num_branches": 0, "num_partial_branches": 0, "covered_branches": 0, "missing_branches": 0}, "missing_lines": [], "excluded_lines": [], "executed_branches": [], "missing_branches": []}}}, "auth_core/core/jwt_handler.py": {"executed_lines": [1, 5, 6, 7, 8, 9, 10, 11, 12, 13, 14, 15, 17, 19, 20, 21, 22, 24, 26, 27, 29, 30, 31, 32, 33, 34, 35, 36, 39, 40, 43, 45, 47, 48, 50, 62, 65, 67, 79, 95, 106, 225, 230, 280, 308, 366, 387, 391, 407, 440, 483, 530, 553, 561, 571, 578, 588, 617, 631, 650, 669, 679, 689, 714, 728, 746, 748, 750, 751, 752, 760, 769, 794, 812, 830, 848, 859, 870, 877, 905], "summary": {"covered_lines": 78, "num_statements": 552, "percent_covered": 11.312849162011172, "percent_covered_display": "11", "missing_lines": 474, "excluded_lines": 0, "num_branches": 164, "num_partial_branches": 3, "covered_branches": 3, "missing_branches": 161}, "missing_lines": [52, 53, 58, 60, 63, 70, 77, 81, 88, 89, 90, 91, 93, 98, 104, 109, 111, 112, 113, 114, 115, 116, 118, 119, 120, 123, 124, 125, 126, 127, 129, 130, 131, 132, 133, 136, 137, 138, 139, 141, 142, 143, 144, 145, 148, 149, 150, 151, 154, 155, 156, 157, 159, 173, 174, 175, 176, 179, 180, 181, 182, 183, 186, 187, 188, 189, 192, 193, 194, 195, 198, 199, 200, 201, 204, 205, 208, 209, 211, 213, 214, 215, 216, 217, 218, 219, 220, 221, 222, 223, 228, 232, 234, 235, 242, 252, 253, 254, 257, 258, 259, 260, 263, 264, 265, 266, 268, 270, 271, 272, 273, 274, 275, 276, 277, 278, 283, 284, 285, 286, 287, 288, 291, 292, 293, 296, 297, 298, 301, 303, 304, 306, 313, 315, 316, 317, 320, 321, 322, 324, 337, 338, 339, 342, 343, 344, 345, 348, 349, 350, 353, 354, 355, 357, 359, 360, 361, 362, 363, 364, 369, 370, 372, 384, 385, 389, 393, 395, 396, 399, 403, 404, 405, 409, 411, 412, 413, 414, 415, 418, 419, 420, 423, 424, 425, 427, 430, 431, 432, 434, 436, 437, 438, 442, 444, 445, 446, 450, 451, 452, 455, 456, 457, 458, 459, 462, 463, 464, 465, 466, 469, 470, 471, 472, 475, 477, 479, 480, 481, 485, 487, 488, 491, 492, 493, 496, 497, 499, 501, 503, 504, 505, 514, 515, 516, 517, 518, 520, 521, 522, 524, 526, 527, 528, 532, 534, 535, 538, 539, 540, 541, 544, 545, 547, 549, 550, 551, 557, 558, 559, 563, 564, 565, 568, 569, 574, 575, 576, 580, 586, 590, 592, 601, 602, 605, 611, 613, 614, 615, 619, 620, 622, 623, 624, 625, 626, 627, 634, 635, 639, 640, 644, 645, 646, 648, 653, 654, 658, 659, 663, 664, 665, 667, 671, 672, 673, 674, 675, 676, 677, 681, 682, 683, 684, 685, 686, 687, 691, 693, 694, 697, 698, 700, 701, 702, 703, 708, 710, 711, 712, 716, 717, 719, 721, 722, 723, 724, 725, 726, 730, 731, 736, 756, 757, 758, 762, 763, 764, 765, 766, 767, 771, 772, 773, 776, 777, 780, 781, 783, 784, 787, 788, 790, 791, 792, 796, 797, 798, 800, 801, 803, 804, 806, 807, 808, 809, 810, 814, 815, 816, 818, 819, 821, 822, 824, 825, 826, 827, 828, 832, 834, 835, 836, 838, 841, 842, 844, 845, 846, 850, 851, 852, 853, 854, 855, 856, 857, 861, 862, 863, 864, 865, 866, 867, 868, 872, 879, 881, 882, 885, 886, 889, 890, 891, 892, 895, 896, 897, 899, 901, 902, 903, 907, 908, 909, 910, 913, 914, 915, 916, 919, 920, 921, 922, 924, 926, 927, 928, 930, 931, 932, 933, 934, 935, 938, 940, 941, 942, 944, 945, 946, 949, 950, 951, 953, 954, 955, 957, 958, 959, 961, 963, 964, 965], "excluded_lines": [], "executed_branches": [[50, 62], [62, 65], [750, 751]], "missing_branches": [[50, 52], [52, 53], [52, 58], [62, 63], [88, 89], [88, 90], [90, 91], [90, 93], [111, 112], [111, 118], [114, 115], [114, 116], [118, 119], [118, 123], [125, 126], [125, 136], [126, 127], [126, 129], [130, 131], [130, 133], [136, 137], [136, 141], [142, 143], [142, 148], [148, 149], [148, 154], [154, 155], [154, 159], [173, 174], [173, 179], [180, 181], [180, 186], [186, 187], [186, 192], [192, 193], [192, 198], [198, 199], [198, 204], [252, 253], [252, 257], [258, 259], [258, 263], [264, 265], [264, 268], [283, 284], [283, 291], [286, 287], [286, 288], [292, 293], [292, 296], [315, 316], [315, 320], [320, 321], [320, 324], [337, 338], [337, 342], [343, 344], [343, 348], [348, 349], [348, 353], [353, 354], [353, 357], [395, 396], [395, 399], [412, 413], [412, 418], [413, 412], [413, 414], [418, 419], [418, 423], [424, 425], [424, 427], [430, 431], [430, 434], [445, 446], [445, 450], [450, 451], [450, 455], [457, 458], [457, 462], [464, 465], [464, 469], [470, 471], [470, 475], [491, 492], [491, 496], [499, 501], [499, 503], [503, 504], [503, 514], [516, 517], [516, 520], [520, 521], [520, 524], [534, 535], [534, 538], [539, 540], [539, 544], [544, 545], [544, 547], [557, 558], [557, 559], [563, 564], [563, 565], [568, -561], [568, 569], [574, -571], [574, 575], [634, 635], [634, 639], [640, 644], [640, 648], [653, 654], [653, 658], [659, 663], [659, 667], [693, 694], [693, 697], [698, 700], [698, 708], [701, 702], [701, 703], [750, 756], [772, 773], [772, 776], [781, -769], [781, 783], [797, 798], [797, 800], [801, 803], [801, 810], [815, 816], [815, 818], [819, 821], [819, 828], [836, 838], [836, 841], [852, 853], [852, 857], [863, 864], [863, 868], [881, 882], [881, 885], [890, 891], [890, 895], [895, 896], [895, 899], [908, 909], [908, 913], [914, 915], [914, 919], [919, 920], [919, 938], [920, 921], [920, 924], [927, 928], [927, 930], [941, 942], [941, 944], [950, 951], [950, 953]], "functions": {"JWTHandler.__init__": {"executed_lines": [30, 31, 32, 33, 34, 35, 36, 39, 40, 43], "summary": {"covered_lines": 10, "num_statements": 10, "percent_covered": 100.0, "percent_covered_display": "100", "missing_lines": 0, "excluded_lines": 0, "num_branches": 0, "num_partial_branches": 0, "covered_branches": 0, "missing_branches": 0}, "missing_lines": [], "excluded_lines": [], "executed_branches": [], "missing_branches": []}, "JWTHandler._get_jwt_secret": {"executed_lines": [47, 48, 50, 62, 65], "summary": {"covered_lines": 5, "num_statements": 10, "percent_covered": 43.75, "percent_covered_display": "44", "missing_lines": 5, "excluded_lines": 0, "num_branches": 6, "num_partial_branches": 2, "covered_branches": 2, "missing_branches": 4}, "missing_lines": [52, 53, 58, 60, 63], "excluded_lines": [], "executed_branches": [[50, 62], [62, 65]], "missing_branches": [[50, 52], [52, 53], [52, 58], [62, 63]]}, "JWTHandler.create_access_token": {"executed_lines": [], "summary": {"covered_lines": 0, "num_statements": 2, "percent_covered": 0.0, "percent_covered_display": "0", "missing_lines": 2, "excluded_lines": 0, "num_branches": 0, "num_partial_branches": 0, "covered_branches": 0, "missing_branches": 0}, "missing_lines": [70, 77], "excluded_lines": [], "executed_branches": [], "missing_branches": []}, "JWTHandler.create_refresh_token": {"executed_lines": [], "summary": {"covered_lines": 0, "num_statements": 6, "percent_covered": 0.0, "percent_covered_display": "0", "missing_lines": 6, "excluded_lines": 0, "num_branches": 4, "num_partial_branches": 0, "covered_branches": 0, "missing_branches": 4}, "missing_lines": [81, 88, 89, 90, 91, 93], "excluded_lines": [], "executed_branches": [], "missing_branches": [[88, 89], [88, 90], [90, 91], [90, 93]]}, "JWTHandler.create_service_token": {"executed_lines": [], "summary": {"covered_lines": 0, "num_statements": 2, "percent_covered": 0.0, "percent_covered_display": "0", "missing_lines": 2, "excluded_lines": 0, "num_branches": 0, "num_partial_branches": 0, "covered_branches": 0, "missing_branches": 0}, "missing_lines": [98, 104], "excluded_lines": [], "executed_branches": [], "missing_branches": []}, "JWTHandler.validate_token": {"executed_lines": [], "summary": {"covered_lines": 0, "num_statements": 75, "percent_covered": 0.0, "percent_covered_display": "0", "missing_lines": 75, "excluded_lines": 0, "num_branches": 30, "num_partial_branches": 0, "covered_branches": 0, "missing_branches": 30}, "missing_lines": [109, 111, 112, 113, 114, 115, 116, 118, 119, 120, 123, 124, 125, 126, 127, 129, 130, 131, 132, 133, 136, 137, 138, 139, 141, 142, 143, 144, 145, 148, 149, 150, 151, 154, 155, 156, 157, 159, 173, 174, 175, 176, 179, 180, 181, 182, 183, 186, 187, 188, 189, 192, 193, 194, 195, 198, 199, 200, 201, 204, 205, 208, 209, 211, 213, 214, 215, 216, 217, 218, 219, 220, 221, 222, 223], "excluded_lines": [], "executed_branches": [], "missing_branches": [[111, 112], [111, 118], [114, 115], [114, 116], [118, 119], [118, 123], [125, 126], [125, 136], [126, 127], [126, 129], [130, 131], [130, 133], [136, 137], [136, 141], [142, 143], [142, 148], [148, 149], [148, 154], [154, 155], [154, 159], [173, 174], [173, 179], [180, 181], [180, 186], [186, 187], [186, 192], [192, 193], [192, 198], [198, 199], [198, 204]]}, "JWTHandler.validate_token_jwt": {"executed_lines": [], "summary": {"covered_lines": 0, "num_statements": 1, "percent_covered": 0.0, "percent_covered_display": "0", "missing_lines": 1, "excluded_lines": 0, "num_branches": 0, "num_partial_branches": 0, "covered_branches": 0, "missing_branches": 0}, "missing_lines": [228], "excluded_lines": [], "executed_branches": [], "missing_branches": []}, "JWTHandler.validate_id_token": {"executed_lines": [], "summary": {"covered_lines": 0, "num_statements": 25, "percent_covered": 0.0, "percent_covered_display": "0", "missing_lines": 25, "excluded_lines": 0, "num_branches": 6, "num_partial_branches": 0, "covered_branches": 0, "missing_branches": 6}, "missing_lines": [232, 234, 235, 242, 252, 253, 254, 257, 258, 259, 260, 263, 264, 265, 266, 268, 270, 271, 272, 273, 274, 275, 276, 277, 278], "excluded_lines": [], "executed_branches": [], "missing_branches": [[252, 253], [252, 257], [258, 259], [258, 263], [264, 265], [264, 268]]}, "JWTHandler.refresh_access_token": {"executed_lines": [], "summary": {"covered_lines": 0, "num_statements": 16, "percent_covered": 0.0, "percent_covered_display": "0", "missing_lines": 16, "excluded_lines": 0, "num_branches": 6, "num_partial_branches": 0, "covered_branches": 0, "missing_branches": 6}, "missing_lines": [283, 284, 285, 286, 287, 288, 291, 292, 293, 296, 297, 298, 301, 303, 304, 306], "excluded_lines": [], "executed_branches": [], "missing_branches": [[283, 284], [283, 291], [286, 287], [286, 288], [292, 293], [292, 296]]}, "JWTHandler.validate_token_for_consumption": {"executed_lines": [], "summary": {"covered_lines": 0, "num_statements": 28, "percent_covered": 0.0, "percent_covered_display": "0", "missing_lines": 28, "excluded_lines": 0, "num_branches": 12, "num_partial_branches": 0, "covered_branches": 0, "missing_branches": 12}, "missing_lines": [313, 315, 316, 317, 320, 321, 322, 324, 337, 338, 339, 342, 343, 344, 345, 348, 349, 350, 353, 354, 355, 357, 359, 360, 361, 362, 363, 364], "excluded_lines": [], "executed_branches": [], "missing_branches": [[315, 316], [315, 320], [320, 321], [320, 324], [337, 338], [337, 342], [343, 344], [343, 348], [348, 349], [348, 353], [353, 354], [353, 357]]}, "JWTHandler._build_payload": {"executed_lines": [], "summary": {"covered_lines": 0, "num_statements": 5, "percent_covered": 0.0, "percent_covered_display": "0", "missing_lines": 5, "excluded_lines": 0, "num_branches": 0, "num_partial_branches": 0, "covered_branches": 0, "missing_branches": 0}, "missing_lines": [369, 370, 372, 384, 385], "excluded_lines": [], "executed_branches": [], "missing_branches": []}, "JWTHandler._encode_token": {"executed_lines": [], "summary": {"covered_lines": 0, "num_statements": 1, "percent_covered": 0.0, "percent_covered_display": "0", "missing_lines": 1, "excluded_lines": 0, "num_branches": 0, "num_partial_branches": 0, "covered_branches": 0, "missing_branches": 0}, "missing_lines": [389], "excluded_lines": [], "executed_branches": [], "missing_branches": []}, "JWTHandler.extract_user_id": {"executed_lines": [], "summary": {"covered_lines": 0, "num_statements": 7, "percent_covered": 0.0, "percent_covered_display": "0", "missing_lines": 7, "excluded_lines": 0, "num_branches": 2, "num_partial_branches": 0, "covered_branches": 0, "missing_branches": 2}, "m
[...]
3], [700, 701], [700, 706], [701, 702], [701, 706], [712, 713], [712, 724], [713, 714], [713, 724], [714, 713], [714, 715], [746, 747], [746, 751], [760, 761], [760, 764], [771, 772], [771, 776], [779, 780], [779, 784], [794, 795], [794, 800], [800, 801], [800, 804], [804, 805], [804, 813], [834, 835], [834, 837], [837, 838], [837, 846], [849, 850], [849, 854], [855, 856], [855, 861], [864, 865], [864, 869], [875, 876], [875, 882], [876, 875], [876, 877], [882, 883], [882, 902], [887, 888], [887, 893], [893, 894], [893, 902], [906, 907], [906, 908], [908, 909], [908, 910], [910, 911], [910, 913], [935, 936], [935, 940], [937, 938], [937, 940], [940, 941], [940, 946], [942, 943], [942, 946], [947, 948], [947, 959], [951, 952], [951, 955], [952, 953], [952, 955], [955, 947], [955, 956], [956, 947], [956, 957], [959, 960], [959, 964], [961, 962], [961, 964], [967, 968], [967, 969], [969, 970], [969, 972], [994, 995], [994, 998], [1001, 1002], [1001, 1003], [1003, 1004], [1003, 1006], [1009, -1], [1009, 1010]], "functions": {"PreDeploymentValidator.__init__": {"executed_lines": [], "summary": {"covered_lines": 0, "num_statements": 1, "percent_covered": 0.0, "percent_covered_display": "0", "missing_lines": 1, "excluded_lines": 0, "num_branches": 0, "num_partial_branches": 0, "covered_branches": 0, "missing_branches": 0}, "missing_lines": [42], "excluded_lines": [], "executed_branches": [], "missing_branches": []}, "PreDeploymentValidator.run_comprehensive_validation": {"executed_lines": [], "summary": {"covered_lines": 0, "num_statements": 14, "percent_covered": 0.0, "percent_covered_display": "0", "missing_lines": 14, "excluded_lines": 0, "num_branches": 0, "num_partial_branches": 0, "covered_branches": 0, "missing_branches": 0}, "missing_lines": [59, 60, 62, 65, 66, 67, 68, 69, 70, 71, 72, 75, 77, 78], "excluded_lines": [], "executed_branches": [], "missing_branches": []}, "PreDeploymentValidator._validate_database_configuration": {"executed_lines": [], "summary": {"covered_lines": 0, "num_statements": 63, "percent_covered": 0.0, "percent_covered_display": "0", "missing_lines": 63, "excluded_lines": 0, "num_branches": 20, "num_partial_branches": 0, "covered_branches": 0, "missing_branches": 20}, "missing_lines": [82, 84, 91, 93, 94, 95, 96, 97, 98, 99, 102, 103, 104, 105, 106, 107, 110, 111, 112, 113, 115, 116, 117, 118, 121, 123, 132, 133, 134, 135, 136, 137, 140, 141, 142, 144, 145, 146, 149, 150, 151, 154, 155, 156, 157, 158, 159, 160, 161, 162, 163, 166, 167, 168, 169, 170, 171, 172, 174, 175, 176, 177, 179], "excluded_lines": [], "executed_branches": [], "missing_branches": [[94, 95], [94, 102], [110, 111], [110, 121], [121, 123], [121, 149], [132, 133], [132, 140], [133, 132], [133, 134], [140, 141], [140, 144], [144, 145], [144, 154], [156, 157], [156, 159], [168, 169], [168, 179], [171, 172], [171, 179]]}, "PreDeploymentValidator._validate_database_ssl_config": {"executed_lines": [], "summary": {"covered_lines": 0, "num_statements": 43, "percent_covered": 0.0, "percent_covered_display": "0", "missing_lines": 43, "excluded_lines": 0, "num_branches": 12, "num_partial_branches": 0, "covered_branches": 0, "missing_branches": 12}, "missing_lines": [183, 190, 192, 193, 196, 197, 198, 199, 201, 203, 204, 206, 208, 211, 212, 213, 214, 217, 218, 219, 222, 223, 225, 226, 227, 228, 229, 231, 232, 235, 236, 237, 238, 240, 241, 242, 243, 244, 246, 247, 248, 249, 251], "excluded_lines": [], "executed_branches": [], "missing_branches": [[201, 203], [201, 211], [203, 204], [203, 208], [211, 212], [211, 217], [217, 218], [217, 222], [225, 226], [225, 231], [235, 236], [235, 251]]}, "PreDeploymentValidator._validate_jwt_secret_consistency": {"executed_lines": [], "summary": {"covered_lines": 0, "num_statements": 51, "percent_covered": 0.0, "percent_covered_display": "0", "missing_lines": 51, "excluded_lines": 0, "num_branches": 18, "num_partial_branches": 0, "covered_branches": 0, "missing_branches": 18}, "missing_lines": [255, 257, 264, 266, 267, 268, 271, 272, 273, 274, 277, 279, 280, 281, 284, 285, 287, 288, 289, 291, 293, 294, 295, 296, 297, 300, 301, 302, 303, 304, 305, 306, 308, 309, 310, 311, 314, 315, 316, 317, 318, 320, 322, 323, 324, 325, 326, 327, 328, 329, 331], "excluded_lines": [], "executed_branches": [], "missing_branches": [[271, 272], [271, 277], [277, 279], [277, 284], [287, 288], [287, 291], [288, 287], [288, 289], [293, 294], [293, 300], [294, 295], [294, 300], [302, 303], [302, 308], [315, 316], [315, 331], [316, 317], [316, 320]]}, "PreDeploymentValidator._validate_oauth_configuration": {"executed_lines": [], "summary": {"covered_lines": 0, "num_statements": 59, "percent_covered": 0.0, "percent_covered_display": "0", "missing_lines": 59, "excluded_lines": 0, "num_branches": 24, "num_partial_branches": 0, "covered_branches": 0, "missing_branches": 24}, "missing_lines": [335, 337, 344, 345, 348, 349, 351, 352, 353, 354, 355, 357, 360, 361, 362, 363, 366, 367, 368, 370, 373, 374, 376, 377, 378, 379, 380, 382, 385, 386, 389, 390, 391, 392, 395, 396, 397, 398, 399, 401, 402, 405, 406, 408, 414, 415, 416, 417, 419, 422, 423, 425, 426, 427, 429, 430, 431, 432, 434], "excluded_lines": [], "executed_branches": [], "missing_branches": [[351, 352], [351, 360], [352, 353], [352, 357], [360, 361], [360, 366], [366, 367], [366, 370], [376, 377], [376, 385], [377, 378], [377, 382], [390, 391], [390, 401], [395, 396], [395, 405], [396, 395], [396, 397], [414, 415], [414, 422], [415, 416], [415, 419], [425, 426], [425, 434]]}, "PreDeploymentValidator._get_expected_redirect_uris": {"executed_lines": [], "summary": {"covered_lines": 0, "num_statements": 5, "percent_covered": 0.0, "percent_covered_display": "0", "missing_lines": 5, "excluded_lines": 0, "num_branches": 4, "num_partial_branches": 0, "covered_branches": 0, "missing_branches": 4}, "missing_lines": [438, 439, 443, 444, 450], "excluded_lines": [], "executed_branches": [], "missing_branches": [[438, 439], [438, 443], [443, 444], [443, 450]]}, "PreDeploymentValidator._validate_ssl_parameters": {"executed_lines": [], "summary": {"covered_lines": 0, "num_statements": 43, "percent_covered": 0.0, "percent_covered_display": "0", "missing_lines": 43, "excluded_lines": 0, "num_branches": 28, "num_partial_branches": 0, "covered_branches": 0, "missing_branches": 28}, "missing_lines": [457, 459, 466, 468, 470, 472, 473, 474, 475, 476, 478, 479, 480, 481, 483, 486, 487, 488, 489, 490, 493, 494, 495, 496, 497, 498, 499, 501, 502, 503, 504, 507, 508, 509, 511, 514, 515, 516, 518, 519, 520, 521, 523], "excluded_lines": [], "executed_branches": [], "missing_branches": [[470, 472], [470, 507], [473, 474], [473, 478], [475, 476], [475, 478], [478, 479], [478, 483], [480, 481], [480, 483], [486, 487], [486, 493], [488, 489], [488, 493], [493, 494], [493, 507], [494, 495], [494, 499], [496, 493], [496, 497], [499, 493], [499, 501], [502, 493], [502, 503], [508, 509], [508, 511], [514, 515], [514, 523]]}, "PreDeploymentValidator._validate_container_lifecycle_readiness": {"executed_lines": [], "summary": {"covered_lines": 0, "num_statements": 52, "percent_covered": 0.0, "percent_covered_display": "0", "missing_lines": 52, "excluded_lines": 0, "num_branches": 12, "num_partial_branches": 0, "covered_branches": 0, "missing_branches": 12}, "missing_lines": [527, 529, 536, 538, 539, 541, 542, 543, 544, 546, 549, 550, 552, 553, 554, 556, 557, 558, 559, 560, 561, 563, 564, 565, 566, 567, 570, 571, 572, 575, 576, 577, 580, 582, 583, 584, 585, 587, 588, 589, 591, 594, 595, 598, 599, 600, 602, 604, 605, 606, 607, 609], "excluded_lines": [], "executed_branches": [], "missing_branches": [[541, 542], [541, 546], [552, 553], [552, 556], [558, 559], [558, 563], [580, 582], [580, 594], [587, 588], [587, 591], [599, 600], [599, 602]]}, "PreDeploymentValidator._check_signal_handlers": {"executed_lines": [], "summary": {"covered_lines": 0, "num_statements": 14, "percent_covered": 0.0, "percent_covered_display": "0", "missing_lines": 14, "excluded_lines": 0, "num_branches": 2, "num_partial_branches": 0, "covered_branches": 0, "missing_branches": 2}, "missing_lines": [613, 615, 617, 619, 620, 621, 622, 625, 626, 627, 628, 629, 631, 638], "excluded_lines": [], "executed_branches": [], "missing_branches": [[619, 620], [619, 638]]}, "PreDeploymentValidator._validate_environment_consistency": {"executed_lines": [], "summary": {"covered_lines": 0, "num_statements": 44, "percent_covered": 0.0, "percent_covered_display": "0", "missing_lines": 44, "excluded_lines": 0, "num_branches": 22, "num_partial_branches": 0, "covered_branches": 0, "missing_branches": 22}, "missing_lines": [642, 644, 651, 653, 654, 656, 657, 658, 660, 661, 662, 665, 666, 667, 670, 675, 676, 677, 679, 680, 681, 684, 691, 692, 693, 694, 697, 698, 700, 701, 702, 703, 706, 712, 713, 714, 715, 716, 717, 719, 720, 721, 722, 724], "excluded_lines": [], "executed_branches": [], "missing_branches": [[660, 661], [660, 665], [666, 667], [666, 684], [675, 676], [675, 684], [679, 680], [679, 684], [691, 692], [691, 697], [692, 691], [692, 693], [700, 701], [700, 706], [701, 702], [701, 706], [712, 713], [712, 724], [713, 714], [713, 724], [714, 713], [714, 715]]}, "PreDeploymentValidator._validate_service_configuration": {"executed_lines": [], "summary": {"covered_lines": 0, "num_statements": 51, "percent_covered": 0.0, "percent_covered_display": "0", "missing_lines": 51, "excluded_lines": 0, "num_branches": 14, "num_partial_branches": 0, "covered_branches": 0, "missing_branches": 14}, "missing_lines": [728, 730, 737, 739, 740, 743, 744, 746, 747, 748, 751, 752, 754, 759, 760, 761, 762, 764, 767, 768, 769, 771, 772, 773, 776, 777, 779, 780, 781, 784, 785, 786, 788, 789, 790, 793, 794, 795, 796, 797, 800, 801, 802, 804, 805, 806, 808, 809, 810, 811, 813], "excluded_lines": [], "executed_branches": [], "missing_branches": [[746, 747], [746, 751], [760, 761], [760, 764], [771, 772], [771, 776], [779, 780], [779, 784], [794, 795], [794, 800], [800, 801], [800, 804], [804, 805], [804, 813]]}, "PreDeploymentValidator._validate_security_configuration": {"executed_lines": [], "summary": {"covered_lines": 0, "num_statements": 52, "percent_covered": 0.0, "percent_covered_display": "0", "missing_lines": 52, "excluded_lines": 0, "num_branches": 20, "num_partial_branches": 0, "covered_branches": 0, "missing_branches": 20}, "missing_lines": [817, 819, 826, 827, 830, 831, 832, 834, 835, 837, 838, 839, 840, 841, 842, 843, 846, 847, 849, 850, 851, 854, 855, 856, 857, 858, 861, 862, 864, 865, 866, 869, 875, 876, 877, 878, 879, 882, 883, 884, 887, 888, 889, 890, 893, 894, 895, 897, 898, 899, 900, 902], "excluded_lines": [], "executed_branches": [], "missing_branches": [[834, 835], [834, 837], [837, 838], [837, 846], [849, 850], [849, 854], [855, 856], [855, 861], [864, 865], [864, 869], [875, 876], [875, 882], [876, 875], [876, 877], [882, 883], [882, 902], [887, 888], [887, 893], [893, 894], [893, 902]]}, "PreDeploymentValidator._determine_overall_status": {"executed_lines": [], "summary": {"covered_lines": 0, "num_statements": 7, "percent_covered": 0.0, "percent_covered_display": "0", "missing_lines": 7, "excluded_lines": 0, "num_branches": 6, "num_partial_branches": 0, "covered_branches": 0, "missing_branches": 6}, "missing_lines": [906, 907, 908, 909, 910, 911, 913], "excluded_lines": [], "executed_branches": [], "missing_branches": [[906, 907], [906, 908], [908, 909], [908, 910], [910, 911], [910, 913]]}, "PreDeploymentValidator.print_validation_report": {"executed_lines": [], "summary": {"covered_lines": 0, "num_statements": 38, "percent_covered": 0.0, "percent_covered_display": "0", "missing_lines": 38, "excluded_lines": 0, "num_branches": 26, "num_partial_branches": 0, "covered_branches": 0, "missing_branches": 26}, "missing_lines": [917, 919, 926, 928, 929, 930, 931, 932, 933, 935, 936, 937, 938, 940, 941, 942, 943, 946, 947, 948, 949, 951, 952, 953, 955, 956, 957, 959, 960, 961, 962, 964, 967, 968, 969, 970, 972, 974], "excluded_lines": [], "executed_branches": [], "missing_branches": [[935, 936], [935, 940], [937, 938], [937, 940], [940, 941], [940, 946], [942, 943], [942, 946], [947, 948], [947, 959], [951, 952], [951, 955], [952, 953], [952, 955], [955, 947], [955, 956], [956, 947], [956, 957], [959, 960], [959, 964], [961, 962], [961, 964], [967, 968], [967, 969], [969, 970], [969, 972]]}, "main": {"executed_lines": [], "summary": {"covered_lines": 0, "num_statements": 18, "percent_covered": 0.0, "percent_covered_display": "0", "missing_lines": 18, "excluded_lines": 0, "num_branches": 6, "num_partial_branches": 0, "covered_branches": 0, "missing_branches": 6}, "missing_lines": [979, 981, 982, 983, 984, 987, 988, 991, 992, 994, 995, 996, 998, 1001, 1002, 1003, 1004, 1006], "excluded_lines": [], "executed_branches": [], "missing_branches": [[994, 995], [994, 998], [1001, 1002], [1001, 1003], [1003, 1004], [1003, 1006]]}, "": {"executed_lines": [], "summary": {"covered_lines": 0, "num_statements": 33, "percent_covered": 0.0, "percent_covered_display": "0", "missing_lines": 33, "excluded_lines": 0, "num_branches": 2, "num_partial_branches": 0, "covered_branches": 0, "missing_branches": 2}, "missing_lines": [18, 19, 20, 21, 22, 23, 24, 25, 26, 27, 29, 33, 34, 35, 38, 41, 52, 80, 181, 253, 333, 436, 455, 525, 611, 640, 726, 815, 904, 915, 977, 1009, 1010], "excluded_lines": [], "executed_branches": [], "missing_branches": [[1009, -1], [1009, 1010]]}}, "classes": {"PreDeploymentValidator": {"executed_lines": [], "summary": {"covered_lines": 0, "num_statements": 537, "percent_covered": 0.0, "percent_covered_display": "0", "missing_lines": 537, "excluded_lines": 0, "num_branches": 208, "num_partial_branches": 0, "covered_branches": 0, "missing_branches": 208}, "missing_lines": [42, 59, 60, 62, 65, 66, 67, 68, 69, 70, 71, 72, 75, 77, 78, 82, 84, 91, 93, 94, 95, 96, 97, 98, 99, 102, 103, 104, 105, 106, 107, 110, 111, 112, 113, 115, 116, 117, 118, 121, 123, 132, 133, 134, 135, 136, 137, 140, 141, 142, 144, 145, 146, 149, 150, 151, 154, 155, 156, 157, 158, 159, 160, 161, 162, 163, 166, 167, 168, 169, 170, 171, 172, 174, 175, 176, 177, 179, 183, 190, 192, 193, 196, 197, 198, 199, 201, 203, 204, 206, 208, 211, 212, 213, 214, 217, 218, 219, 222, 223, 225, 226, 227, 228, 229, 231, 232, 235, 236, 237, 238, 240, 241, 242, 243, 244, 246, 247, 248, 249, 251, 255, 257, 264, 266, 267, 268, 271, 272, 273, 274, 277, 279, 280, 281, 284, 285, 287, 288, 289, 291, 293, 294, 295, 296, 297, 300, 301, 302, 303, 304, 305, 306, 308, 309, 310, 311, 314, 315, 316, 317, 318, 320, 322, 323, 324, 325, 326, 327, 328, 329, 331, 335, 337, 344, 345, 348, 349, 351, 352, 353, 354, 355, 357, 360, 361, 362, 363, 366, 367, 368, 370, 373, 374, 376, 377, 378, 379, 380, 382, 385, 386, 389, 390, 391, 392, 395, 396, 397, 398, 399, 401, 402, 405, 406, 408, 414, 415, 416, 417, 419, 422, 423, 425, 426, 427, 429, 430, 431, 432, 434, 438, 439, 443, 444, 450, 457, 459, 466, 468, 470, 472, 473, 474, 475, 476, 478, 479, 480, 481, 483, 486, 487, 488, 489, 490, 493, 494, 495, 496, 497, 498, 499, 501, 502, 503, 504, 507, 508, 509, 511, 514, 515, 516, 518, 519, 520, 521, 523, 527, 529, 536, 538, 539, 541, 542, 543, 544, 546, 549, 550, 552, 553, 554, 556, 557, 558, 559, 560, 561, 563, 564, 565, 566, 567, 570, 571, 572, 575, 576, 577, 580, 582, 583, 584, 585, 587, 588, 589, 591, 594, 595, 598, 599, 600, 602, 604, 605, 606, 607, 609, 613, 615, 617, 619, 620, 621, 622, 625, 626, 627, 628, 629, 631, 638, 642, 644, 651, 653, 654, 656, 657, 658, 660, 661, 662, 665, 666, 667, 670, 675, 676, 677, 679, 680, 681, 684, 691, 692, 693, 694, 697, 698, 700, 701, 702, 703, 706, 712, 713, 714, 715, 716, 717, 719, 720, 721, 722, 724, 728, 730, 737, 739, 740, 743, 744, 746, 747, 748, 751, 752, 754, 759, 760, 761, 762, 764, 767, 768, 769, 771, 772, 773, 776, 777, 779, 780, 781, 784, 785, 786, 788, 789, 790, 793, 794, 795, 796, 797, 800, 801, 802, 804, 805, 806, 808, 809, 810, 811, 813, 817, 819, 826, 827, 830, 831, 832, 834, 835, 837, 838, 839, 840, 841, 842, 843, 846, 847, 849, 850, 851, 854, 855, 856, 857, 858, 861, 862, 864, 865, 866, 869, 875, 876, 877, 878, 879, 882, 883, 884, 887, 888, 889, 890, 893, 894, 895, 897, 898, 899, 900, 902, 906, 907, 908, 909, 910, 911, 913, 917, 919, 926, 928, 929, 930, 931, 932, 933, 935, 936, 937, 938, 940, 941, 942, 943, 946, 947, 948, 949, 951, 952, 953, 955, 956, 957, 959, 960, 961, 962, 964, 967, 968, 969, 970, 972, 974], "excluded_lines": [], "executed_branches": [], "missing_branches": [[94, 95], [94, 102], [110, 111], [110, 121], [121, 123], [121, 149], [132, 133], [132, 140], [133, 132], [133, 134], [140, 141], [140, 144], [144, 145], [144, 154], [156, 157], [156, 159], [168, 169], [168, 179], [171, 172], [171, 179], [201, 203], [201, 211], [203, 204], [203, 208], [211, 212], [211, 217], [217, 218], [217, 222], [225, 226], [225, 231], [235, 236], [235, 251], [271, 272], [271, 277], [277, 279], [277, 284], [287, 288], [287, 291], [288, 287], [288, 289], [293, 294], [293, 300], [294, 295], [294, 300], [302, 303], [302, 308], [315, 316], [315, 331], [316, 317], [316, 320], [351, 352], [351, 360], [352, 353], [352, 357], [360, 361], [360, 366], [366, 367], [366, 370], [376, 377], [376, 385], [377, 378], [377, 382], [390, 391], [390, 401], [395, 396], [395, 405], [396, 395], [396, 397], [414, 415], [414, 422], [415, 416], [415, 419], [425, 426], [425, 434], [438, 439], [438, 443], [443, 444], [443, 450], [470, 472], [470, 507], [473, 474], [473, 478], [475, 476], [475, 478], [478, 479], [478, 483], [480, 481], [480, 483], [486, 487], [486, 493], [488, 489], [488, 493], [493, 494], [493, 507], [494, 495], [494, 499], [496, 493], [496, 497], [499, 493], [499, 501], [502, 493], [502, 503], [508, 509], [508, 511], [514, 515], [514, 523], [541, 542], [541, 546], [552, 553], [552, 556], [558, 559], [558, 563], [580, 582], [580, 594], [587, 588], [587, 591], [599, 600], [599, 602], [619, 620], [619, 638], [660, 661], [660, 665], [666, 667], [666, 684], [675, 676], [675, 684], [679, 680], [679, 684], [691, 692], [691, 697], [692, 691], [692, 693], [700, 701], [700, 706], [701, 702], [701, 706], [712, 713], [712, 724], [713, 714], [713, 724], [714, 713], [714, 715], [746, 747], [746, 751], [760, 761], [760, 764], [771, 772], [771, 776], [779, 780], [779, 784], [794, 795], [794, 800], [800, 801], [800, 804], [804, 805], [804, 813], [834, 835], [834, 837], [837, 838], [837, 846], [849, 850], [849, 854], [855, 856], [855, 861], [864, 865], [864, 869], [875, 876], [875, 882], [876, 875], [876, 877], [882, 883], [882, 902], [887, 888], [887, 893], [893, 894], [893, 902], [906, 907], [906, 908], [908, 909], [908, 910], [910, 911], [910, 913], [935, 936], [935, 940], [937, 938], [937, 940], [940, 941], [940, 946], [942, 943], [942, 946], [947, 948], [947, 959], [951, 952], [951, 955], [952, 953], [952, 955], [955, 947], [955, 956], [956, 947], [956, 957], [959, 960], [959, 964], [961, 962], [961, 964], [967, 968], [967, 969], [969, 970], [969, 972]]}, "": {"executed_lines": [], "summary": {"covered_lines": 0, "num_statements": 51, "percent_covered": 0.0, "percent_covered_display": "0", "missing_lines": 51, "excluded_lines": 0, "num_branches": 8, "num_partial_branches": 0, "covered_branches": 0, "missing_branches": 8}, "missing_lines": [18, 19, 20, 21, 22, 23, 24, 25, 26, 27, 29, 33, 34, 35, 38, 41, 52, 80, 181, 253, 333, 436, 455, 525, 611, 640, 726, 815, 904, 915, 977, 979, 981, 982, 983, 984, 987, 988, 991, 992, 994, 995, 996, 998, 1001, 1002, 1003, 1004, 1006, 1009, 1010], "excluded_lines": [], "executed_branches": [], "missing_branches": [[994, 995], [994, 998], [1001, 1002], [1001, 1003], [1003, 1004], [1003, 1006], [1009, -1], [1009, 1010]]}}}}, "totals": {"covered_lines": 849, "num_statements": 4685, "percent_covered": 14.712118740825314, "percent_covered_display": "15", "missing_lines": 3836, "excluded_lines": 0, "num_branches": 1446, "num_partial_branches": 47, "covered_branches": 53, "missing_branches": 1393}}