<?xml version="1.0" ?>
<coverage version="7.10.4" timestamp="1757317245902" lines-valid="5697" lines-covered="1153" line-rate="0.2024" branches-valid="1704" branches-covered="179" branch-rate="0.105" complexity="0">
	<!-- Generated by coverage.py: https://coverage.readthedocs.io/en/7.10.4 -->
	<!-- Based on https://raw.githubusercontent.com/cobertura/web/master/htdocs/xml/coverage-04.dtd -->
	<sources>
		<source>C:\Users\antho\OneDrive\Desktop\Netra\netra-core-generation-1\auth_service</source>
	</sources>
	<packages>
		<package name="auth_core" line-rate="0.385" branch-rate="0.2951" complexity="0">
			<classes>
				<class name="__init__.py" filename="auth_core/__init__.py" complexity="0" line-rate="1" branch-rate="1">
					<methods/>
					<lines>
						<line number="6" hits="1"/>
						<line number="8" hits="1"/>
						<line number="9" hits="1"/>
						<line number="11" hits="1"/>
					</lines>
				</class>
				<class name="auth_environment.py" filename="auth_core/auth_environment.py" complexity="0" line-rate="0.5036" branch-rate="0.3818">
					<methods/>
					<lines>
						<line number="9" hits="1"/>
						<line number="10" hits="1"/>
						<line number="11" hits="1"/>
						<line number="13" hits="1"/>
						<line number="16" hits="1"/>
						<line number="24" hits="1"/>
						<line number="26" hits="1"/>
						<line number="27" hits="1"/>
						<line number="29" hits="1"/>
						<line number="32" hits="1"/>
						<line number="37" hits="1"/>
						<line number="38" hits="1" branch="true" condition-coverage="100% (2/2)"/>
						<line number="39" hits="1" branch="true" condition-coverage="50% (1/2)" missing-branches="40"/>
						<line number="40" hits="0"/>
						<line number="42" hits="1" branch="true" condition-coverage="50% (1/2)" missing-branches="43"/>
						<line number="43" hits="0"/>
						<line number="46" hits="1"/>
						<line number="56" hits="1"/>
						<line number="58" hits="1"/>
						<line number="59" hits="1"/>
						<line number="60" hits="1"/>
						<line number="61" hits="1"/>
						<line number="62" hits="0"/>
						<line number="63" hits="0"/>
						<line number="64" hits="0"/>
						<line number="67" hits="0"/>
						<line number="70" hits="0"/>
						<line number="71" hits="0"/>
						<line number="72" hits="0" branch="true" condition-coverage="0% (0/2)" missing-branches="73,77"/>
						<line number="73" hits="0"/>
						<line number="74" hits="0"/>
						<line number="77" hits="0"/>
						<line number="78" hits="0" branch="true" condition-coverage="0% (0/2)" missing-branches="79,83"/>
						<line number="79" hits="0"/>
						<line number="80" hits="0"/>
						<line number="83" hits="0"/>
						<line number="84" hits="0" branch="true" condition-coverage="0% (0/2)" missing-branches="85,89"/>
						<line number="85" hits="0"/>
						<line number="86" hits="0"/>
						<line number="89" hits="0" branch="true" condition-coverage="0% (0/2)" missing-branches="91,96"/>
						<line number="91" hits="0"/>
						<line number="92" hits="0"/>
						<line number="93" hits="0"/>
						<line number="94" hits="0"/>
						<line number="95" hits="0"/>
						<line number="96" hits="0" branch="true" condition-coverage="0% (0/2)" missing-branches="98,103"/>
						<line number="98" hits="0"/>
						<line number="99" hits="0"/>
						<line number="100" hits="0"/>
						<line number="101" hits="0"/>
						<line number="102" hits="0"/>
						<line number="103" hits="0" branch="true" condition-coverage="0% (0/2)" missing-branches="105,110"/>
						<line number="105" hits="0"/>
						<line number="106" hits="0"/>
						<line number="107" hits="0"/>
						<line number="110" hits="0"/>
						<line number="112" hits="1"/>
						<line number="114" hits="1"/>
						<line number="116" hits="1" branch="true" condition-coverage="100% (2/2)"/>
						<line number="118" hits="1"/>
						<line number="119" hits="1" branch="true" condition-coverage="50% (1/2)" missing-branches="120"/>
						<line number="120" hits="0"/>
						<line number="121" hits="1"/>
						<line number="122" hits="1" branch="true" condition-coverage="100% (2/2)"/>
						<line number="124" hits="1"/>
						<line number="125" hits="1" branch="true" condition-coverage="100% (2/2)"/>
						<line number="127" hits="1"/>
						<line number="128" hits="1" branch="true" condition-coverage="100% (2/2)"/>
						<line number="130" hits="1"/>
						<line number="132" hits="1"/>
						<line number="134" hits="1"/>
						<line number="136" hits="1"/>
						<line number="138" hits="1"/>
						<line number="139" hits="1"/>
						<line number="140" hits="1" branch="true" condition-coverage="100% (2/2)"/>
						<line number="141" hits="1"/>
						<line number="144" hits="1" branch="true" condition-coverage="100% (2/2)"/>
						<line number="145" hits="1"/>
						<line number="146" hits="1" branch="true" condition-coverage="100% (2/2)"/>
						<line number="147" hits="1"/>
						<line number="148" hits="1" branch="true" condition-coverage="100% (2/2)"/>
						<line number="149" hits="1"/>
						<line number="150" hits="1" branch="true" condition-coverage="100% (2/2)"/>
						<line number="151" hits="1"/>
						<line number="153" hits="1"/>
						<line number="154" hits="1"/>
						<line number="155" hits="1"/>
						<line number="156" hits="1" branch="true" condition-coverage="50% (1/2)" missing-branches="157"/>
						<line number="157" hits="0"/>
						<line number="158" hits="1" branch="true" condition-coverage="50% (1/2)" missing-branches="159"/>
						<line number="159" hits="0"/>
						<line number="160" hits="1" branch="true" condition-coverage="50% (1/2)" missing-branches="162"/>
						<line number="161" hits="1"/>
						<line number="162" hits="0" branch="true" condition-coverage="0% (0/2)" missing-branches="163,164"/>
						<line number="163" hits="0"/>
						<line number="164" hits="0"/>
						<line number="166" hits="1"/>
						<line number="168" hits="1"/>
						<line number="170" hits="1"/>
						<line number="171" hits="1"/>
						<line number="172" hits="1" branch="true" condition-coverage="100% (2/2)"/>
						<line number="173" hits="1"/>
						<line number="176" hits="1" branch="true" condition-coverage="100% (2/2)"/>
						<line number="177" hits="1"/>
						<line number="178" hits="1" branch="true" condition-coverage="100% (2/2)"/>
						<line number="179" hits="1"/>
						<line number="180" hits="1" branch="true" condition-coverage="100% (2/2)"/>
						<line number="181" hits="1"/>
						<line number="182" hits="1" branch="true" condition-coverage="100% (2/2)"/>
						<line number="183" hits="1"/>
						<line number="185" hits="1"/>
						<line number="186" hits="1"/>
						<line number="187" hits="1"/>
						<line number="188" hits="1" branch="true" condition-coverage="50% (1/2)" missing-branches="189"/>
						<line number="189" hits="0"/>
						<line number="190" hits="1" branch="true" condition-coverage="50% (1/2)" missing-branches="191"/>
						<line number="191" hits="0"/>
						<line number="192" hits="1" branch="true" condition-coverage="50% (1/2)" missing-branches="194"/>
						<line number="193" hits="1"/>
						<line number="194" hits="0" branch="true" condition-coverage="0% (0/2)" missing-branches="195,196"/>
						<line number="195" hits="0"/>
						<line number="196" hits="0"/>
						<line number="198" hits="1"/>
						<line number="200" hits="1"/>
						<line number="201" hits="1"/>
						<line number="203" hits="1" branch="true" condition-coverage="100% (2/2)"/>
						<line number="204" hits="1" branch="true" condition-coverage="100% (2/2)"/>
						<line number="206" hits="1"/>
						<line number="207" hits="1"/>
						<line number="208" hits="1"/>
						<line number="209" hits="1"/>
						<line number="210" hits="1" branch="true" condition-coverage="50% (1/2)" missing-branches="212"/>
						<line number="212" hits="0"/>
						<line number="213" hits="0"/>
						<line number="214" hits="0"/>
						<line number="215" hits="0"/>
						<line number="216" hits="1" branch="true" condition-coverage="50% (1/2)" missing-branches="217"/>
						<line number="217" hits="0"/>
						<line number="219" hits="1"/>
						<line number="221" hits="1"/>
						<line number="223" hits="1"/>
						<line number="225" hits="1"/>
						<line number="226" hits="1"/>
						<line number="227" hits="1" branch="true" condition-coverage="100% (2/2)"/>
						<line number="228" hits="1"/>
						<line number="231" hits="1" branch="true" condition-coverage="100% (2/2)"/>
						<line number="232" hits="1"/>
						<line number="233" hits="1" branch="true" condition-coverage="100% (2/2)"/>
						<line number="234" hits="1"/>
						<line number="235" hits="1" branch="true" condition-coverage="100% (2/2)"/>
						<line number="236" hits="1"/>
						<line number="237" hits="1" branch="true" condition-coverage="50% (1/2)" missing-branches="240"/>
						<line number="238" hits="1"/>
						<line number="240" hits="0"/>
						<line number="241" hits="1"/>
						<line number="242" hits="1"/>
						<line number="243" hits="1" branch="true" condition-coverage="50% (1/2)" missing-branches="244"/>
						<line number="244" hits="0"/>
						<line number="245" hits="1" branch="true" condition-coverage="50% (1/2)" missing-branches="246"/>
						<line number="246" hits="0"/>
						<line number="247" hits="1" branch="true" condition-coverage="50% (1/2)" missing-branches="249"/>
						<line number="248" hits="1"/>
						<line number="249" hits="0" branch="true" condition-coverage="0% (0/2)" missing-branches="250,251"/>
						<line number="250" hits="0"/>
						<line number="251" hits="0"/>
						<line number="254" hits="1"/>
						<line number="256" hits="1"/>
						<line number="260" hits="1" branch="true" condition-coverage="100% (2/2)"/>
						<line number="263" hits="1"/>
						<line number="264" hits="1"/>
						<line number="267" hits="1"/>
						<line number="268" hits="1"/>
						<line number="269" hits="1"/>
						<line number="270" hits="1"/>
						<line number="273" hits="1"/>
						<line number="276" hits="1"/>
						<line number="286" hits="1"/>
						<line number="289" hits="1"/>
						<line number="291" hits="1" branch="true" condition-coverage="50% (1/2)" missing-branches="294"/>
						<line number="294" hits="0"/>
						<line number="295" hits="0"/>
						<line number="298" hits="0" branch="true" condition-coverage="0% (0/2)" missing-branches="299,306"/>
						<line number="299" hits="0"/>
						<line number="306" hits="0"/>
						<line number="313" hits="1"/>
						<line number="314" hits="1"/>
						<line number="316" hits="1"/>
						<line number="318" hits="1"/>
						<line number="320" hits="1"/>
						<line number="321" hits="1" branch="true" condition-coverage="100% (2/2)"/>
						<line number="322" hits="1"/>
						<line number="325" hits="1" branch="true" condition-coverage="100% (2/2)"/>
						<line number="327" hits="1"/>
						<line number="328" hits="1" branch="true" condition-coverage="100% (2/2)"/>
						<line number="330" hits="1"/>
						<line number="331" hits="1" branch="true" condition-coverage="50% (1/2)" missing-branches="334"/>
						<line number="333" hits="1"/>
						<line number="334" hits="0" branch="true" condition-coverage="0% (0/2)" missing-branches="336,338"/>
						<line number="336" hits="0"/>
						<line number="338" hits="0"/>
						<line number="340" hits="1"/>
						<line number="342" hits="1"/>
						<line number="344" hits="1"/>
						<line number="345" hits="1" branch="true" condition-coverage="50% (1/2)" missing-branches="353"/>
						<line number="346" hits="1"/>
						<line number="347" hits="1"/>
						<line number="348" hits="1"/>
						<line number="349" hits="1"/>
						<line number="350" hits="1"/>
						<line number="353" hits="0" branch="true" condition-coverage="0% (0/2)" missing-branches="355,356"/>
						<line number="355" hits="0"/>
						<line number="356" hits="0" branch="true" condition-coverage="0% (0/2)" missing-branches="358,359"/>
						<line number="358" hits="0"/>
						<line number="359" hits="0" branch="true" condition-coverage="0% (0/2)" missing-branches="361,362"/>
						<line number="361" hits="0"/>
						<line number="362" hits="0" branch="true" condition-coverage="0% (0/2)" missing-branches="364,366"/>
						<line number="364" hits="0"/>
						<line number="366" hits="0"/>
						<line number="368" hits="1"/>
						<line number="370" hits="1"/>
						<line number="372" hits="1"/>
						<line number="373" hits="1" branch="true" condition-coverage="50% (1/2)" missing-branches="377"/>
						<line number="374" hits="1"/>
						<line number="377" hits="0" branch="true" condition-coverage="0% (0/2)" missing-branches="379,380"/>
						<line number="379" hits="0"/>
						<line number="380" hits="0" branch="true" condition-coverage="0% (0/2)" missing-branches="382,383"/>
						<line number="382" hits="0"/>
						<line number="383" hits="0" branch="true" condition-coverage="0% (0/2)" missing-branches="385,386"/>
						<line number="385" hits="0"/>
						<line number="386" hits="0" branch="true" condition-coverage="0% (0/2)" missing-branches="388,390"/>
						<line number="388" hits="0"/>
						<line number="390" hits="0"/>
						<line number="392" hits="1"/>
						<line number="394" hits="1"/>
						<line number="396" hits="1"/>
						<line number="397" hits="1" branch="true" condition-coverage="100% (2/2)"/>
						<line number="398" hits="1"/>
						<line number="401" hits="1" branch="true" condition-coverage="100% (2/2)"/>
						<line number="403" hits="1"/>
						<line number="404" hits="1" branch="true" condition-coverage="100% (2/2)"/>
						<line number="406" hits="1"/>
						<line number="407" hits="1" branch="true" condition-coverage="100% (2/2)"/>
						<line number="409" hits="1"/>
						<line number="410" hits="1"/>
						<line number="411" hits="1" branch="true" condition-coverage="50% (1/2)" missing-branches="415"/>
						<line number="413" hits="1"/>
						<line number="415" hits="0"/>
						<line number="417" hits="1"/>
						<line number="419" hits="1"/>
						<line number="421" hits="1"/>
						<line number="422" hits="1" branch="true" condition-coverage="50% (1/2)" missing-branches="426"/>
						<line number="423" hits="1"/>
						<line number="426" hits="0" branch="true" condition-coverage="0% (0/2)" missing-branches="428,429"/>
						<line number="428" hits="0"/>
						<line number="429" hits="0" branch="true" condition-coverage="0% (0/2)" missing-branches="431,432"/>
						<line number="431" hits="0"/>
						<line number="432" hits="0" branch="true" condition-coverage="0% (0/2)" missing-branches="434,435"/>
						<line number="434" hits="0"/>
						<line number="435" hits="0" branch="true" condition-coverage="0% (0/2)" missing-branches="437,439"/>
						<line number="437" hits="0"/>
						<line number="439" hits="0"/>
						<line number="442" hits="1"/>
						<line number="444" hits="1"/>
						<line number="446" hits="1"/>
						<line number="447" hits="1" branch="true" condition-coverage="100% (2/2)"/>
						<line number="448" hits="1"/>
						<line number="451" hits="1" branch="true" condition-coverage="50% (1/2)" missing-branches="453"/>
						<line number="453" hits="0"/>
						<line number="454" hits="1" branch="true" condition-coverage="100% (2/2)"/>
						<line number="456" hits="1"/>
						<line number="457" hits="1" branch="true" condition-coverage="50% (1/2)" missing-branches="459"/>
						<line number="459" hits="0"/>
						<line number="460" hits="1" branch="true" condition-coverage="100% (2/2)"/>
						<line number="462" hits="1"/>
						<line number="464" hits="1"/>
						<line number="466" hits="1"/>
						<line number="468" hits="1"/>
						<line number="470" hits="1"/>
						<line number="471" hits="1" branch="true" condition-coverage="100% (2/2)"/>
						<line number="472" hits="1"/>
						<line number="475" hits="1" branch="true" condition-coverage="50% (1/2)" missing-branches="477"/>
						<line number="477" hits="0"/>
						<line number="478" hits="1" branch="true" condition-coverage="50% (1/2)" missing-branches="480"/>
						<line number="480" hits="0"/>
						<line number="481" hits="1" branch="true" condition-coverage="100% (2/2)"/>
						<line number="483" hits="1"/>
						<line number="484" hits="1" branch="true" condition-coverage="50% (1/2)" missing-branches="488"/>
						<line number="486" hits="1"/>
						<line number="488" hits="0"/>
						<line number="490" hits="1"/>
						<line number="492" hits="1"/>
						<line number="494" hits="1"/>
						<line number="495" hits="1" branch="true" condition-coverage="100% (2/2)"/>
						<line number="496" hits="1"/>
						<line number="497" hits="1"/>
						<line number="498" hits="1"/>
						<line number="499" hits="1"/>
						<line number="500" hits="1"/>
						<line number="503" hits="1" branch="true" condition-coverage="50% (1/2)" missing-branches="505"/>
						<line number="505" hits="0"/>
						<line number="506" hits="1" branch="true" condition-coverage="50% (1/2)" missing-branches="508"/>
						<line number="508" hits="0"/>
						<line number="509" hits="1" branch="true" condition-coverage="100% (2/2)"/>
						<line number="511" hits="1"/>
						<line number="512" hits="1" branch="true" condition-coverage="100% (2/2)"/>
						<line number="514" hits="1"/>
						<line number="516" hits="1"/>
						<line number="518" hits="1"/>
						<line number="520" hits="1"/>
						<line number="522" hits="1"/>
						<line number="523" hits="1"/>
						<line number="524" hits="1" branch="true" condition-coverage="50% (1/2)" missing-branches="528"/>
						<line number="525" hits="1"/>
						<line number="528" hits="0" branch="true" condition-coverage="0% (0/2)" missing-branches="529,530"/>
						<line number="529" hits="0"/>
						<line number="530" hits="0" branch="true" condition-coverage="0% (0/2)" missing-branches="531,532"/>
						<line number="531" hits="0"/>
						<line number="532" hits="0" branch="true" condition-coverage="0% (0/2)" missing-branches="533,534"/>
						<line number="533" hits="0"/>
						<line number="534" hits="0" branch="true" condition-coverage="0% (0/2)" missing-branches="535,537"/>
						<line number="535" hits="0"/>
						<line number="537" hits="0"/>
						<line number="538" hits="0"/>
						<line number="539" hits="0"/>
						<line number="540" hits="0" branch="true" condition-coverage="0% (0/2)" missing-branches="541,542"/>
						<line number="541" hits="0"/>
						<line number="542" hits="0" branch="true" condition-coverage="0% (0/2)" missing-branches="543,544"/>
						<line number="543" hits="0"/>
						<line number="544" hits="0" branch="true" condition-coverage="0% (0/2)" missing-branches="545,546"/>
						<line number="545" hits="0"/>
						<line number="546" hits="0" branch="true" condition-coverage="0% (0/2)" missing-branches="547,548"/>
						<line number="547" hits="0"/>
						<line number="548" hits="0"/>
						<line number="551" hits="1"/>
						<line number="553" hits="1"/>
						<line number="556" hits="1"/>
						<line number="563" hits="1" branch="true" condition-coverage="100% (2/2)"/>
						<line number="564" hits="1"/>
						<line number="565" hits="1" branch="true" condition-coverage="100% (2/2)"/>
						<line number="566" hits="1"/>
						<line number="569" hits="1" branch="true" condition-coverage="100% (2/2)"/>
						<line number="571" hits="1"/>
						<line number="572" hits="1"/>
						<line number="573" hits="1" branch="true" condition-coverage="100% (2/2)"/>
						<line number="575" hits="1"/>
						<line number="576" hits="1"/>
						<line number="577" hits="1" branch="true" condition-coverage="100% (2/2)"/>
						<line number="579" hits="1"/>
						<line number="581" hits="1"/>
						<line number="583" hits="1"/>
						<line number="585" hits="1"/>
						<line number="588" hits="1"/>
						<line number="595" hits="1" branch="true" condition-coverage="100% (2/2)"/>
						<line number="596" hits="1"/>
						<line number="597" hits="1" branch="true" condition-coverage="100% (2/2)"/>
						<line number="598" hits="1"/>
						<line number="601" hits="1" branch="true" condition-coverage="100% (2/2)"/>
						<line number="603" hits="1"/>
						<line number="604" hits="1"/>
						<line number="605" hits="1" branch="true" condition-coverage="100% (2/2)"/>
						<line number="607" hits="1"/>
						<line number="608" hits="1"/>
						<line number="609" hits="1" branch="true" condition-coverage="100% (2/2)"/>
						<line number="611" hits="1"/>
						<line number="613" hits="1"/>
						<line number="615" hits="1"/>
						<line number="617" hits="0"/>
						<line number="619" hits="1"/>
						<line number="621" hits="0"/>
						<line number="624" hits="1"/>
						<line number="626" hits="1"/>
						<line number="628" hits="1"/>
						<line number="629" hits="1"/>
						<line number="630" hits="1" branch="true" condition-coverage="50% (1/2)" missing-branches="631"/>
						<line number="631" hits="0"/>
						<line number="634" hits="1" branch="true" condition-coverage="50% (1/2)" missing-branches="636"/>
						<line number="636" hits="0"/>
						<line number="637" hits="1" branch="true" condition-coverage="50% (1/2)" missing-branches="639"/>
						<line number="639" hits="0"/>
						<line number="640" hits="1" branch="true" condition-coverage="100% (2/2)"/>
						<line number="642" hits="1"/>
						<line number="643" hits="1" branch="true" condition-coverage="50% (1/2)" missing-branches="645"/>
						<line number="645" hits="0"/>
						<line number="647" hits="1"/>
						<line number="648" hits="0"/>
						<line number="649" hits="0"/>
						<line number="650" hits="0" branch="true" condition-coverage="0% (0/2)" missing-branches="651,652"/>
						<line number="651" hits="0"/>
						<line number="652" hits="0" branch="true" condition-coverage="0% (0/2)" missing-branches="653,654"/>
						<line number="653" hits="0"/>
						<line number="654" hits="0" branch="true" condition-coverage="0% (0/2)" missing-branches="655,656"/>
						<line number="655" hits="0"/>
						<line number="656" hits="0"/>
						<line number="658" hits="1"/>
						<line number="660" hits="1"/>
						<line number="662" hits="1"/>
						<line number="663" hits="1" branch="true" condition-coverage="50% (1/2)" missing-branches="664"/>
						<line number="664" hits="0"/>
						<line number="667" hits="1" branch="true" condition-coverage="50% (1/2)" missing-branches="669"/>
						<line number="669" hits="0"/>
						<line number="670" hits="1" branch="true" condition-coverage="50% (1/2)" missing-branches="672"/>
						<line number="672" hits="0"/>
						<line number="673" hits="1" branch="true" condition-coverage="100% (2/2)"/>
						<line number="675" hits="1"/>
						<line number="676" hits="1" branch="true" condition-coverage="50% (1/2)" missing-branches="678"/>
						<line number="678" hits="0"/>
						<line number="680" hits="1"/>
						<line number="682" hits="1"/>
						<line number="684" hits="0"/>
						<line number="687" hits="0"/>
						<line number="688" hits="0" branch="true" condition-coverage="0% (0/2)" missing-branches="689,692"/>
						<line number="689" hits="0"/>
						<line number="692" hits="0" branch="true" condition-coverage="0% (0/2)" missing-branches="693,694"/>
						<line number="693" hits="0"/>
						<line number="694" hits="0" branch="true" condition-coverage="0% (0/2)" missing-branches="695,696"/>
						<line number="695" hits="0"/>
						<line number="696" hits="0" branch="true" condition-coverage="0% (0/2)" missing-branches="697,698"/>
						<line number="697" hits="0"/>
						<line number="698" hits="0" branch="true" condition-coverage="0% (0/2)" missing-branches="699,701"/>
						<line number="699" hits="0"/>
						<line number="701" hits="0"/>
						<line number="703" hits="1"/>
						<line number="705" hits="1"/>
						<line number="708" hits="1"/>
						<line number="709" hits="1" branch="true" condition-coverage="100% (2/2)"/>
						<line number="710" hits="1"/>
						<line number="713" hits="1" branch="true" condition-coverage="50% (1/2)" missing-branches="714"/>
						<line number="714" hits="0"/>
						<line number="715" hits="1" branch="true" condition-coverage="50% (1/2)" missing-branches="716"/>
						<line number="716" hits="0"/>
						<line number="717" hits="1" branch="true" condition-coverage="100% (2/2)"/>
						<line number="718" hits="1"/>
						<line number="719" hits="1" branch="true" condition-coverage="50% (1/2)" missing-branches="720"/>
						<line number="720" hits="0"/>
						<line number="722" hits="1"/>
						<line number="724" hits="1"/>
						<line number="726" hits="1"/>
						<line number="729" hits="1"/>
						<line number="730" hits="1" branch="true" condition-coverage="100% (2/2)"/>
						<line number="731" hits="1"/>
						<line number="734" hits="1" branch="true" condition-coverage="50% (1/2)" missing-branches="735"/>
						<line number="735" hits="0"/>
						<line number="736" hits="1" branch="true" condition-coverage="50% (1/2)" missing-branches="737"/>
						<line number="737" hits="0"/>
						<line number="738" hits="1" branch="true" condition-coverage="100% (2/2)"/>
						<line number="739" hits="1"/>
						<line number="740" hits="1"/>
						<line number="742" hits="1" branch="true" condition-coverage="50% (1/2)" missing-branches="744"/>
						<line number="743" hits="1"/>
						<line number="744" hits="1"/>
						<line number="745" hits="1" branch="true" condition-coverage="50% (1/2)" missing-branches="746"/>
						<line number="746" hits="0"/>
						<line number="747" hits="0"/>
						<line number="748" hits="0"/>
						<line number="750" hits="1"/>
						<line number="751" hits="1"/>
						<line number="752" hits="1" branch="true" condition-coverage="50% (1/2)" missing-branches="754"/>
						<line number="753" hits="1"/>
						<line number="754" hits="1"/>
						<line number="756" hits="1"/>
						<line number="775" hits="0"/>
						<line number="776" hits="0"/>
						<line number="785" hits="0"/>
						<line number="786" hits="0"/>
						<line number="789" hits="1"/>
						<line number="791" hits="1"/>
						<line number="793" hits="1"/>
						<line number="795" hits="1"/>
						<line number="797" hits="1"/>
						<line number="799" hits="0"/>
						<line number="801" hits="1"/>
						<line number="803" hits="1"/>
						<line number="805" hits="1"/>
						<line number="807" hits="1"/>
						<line number="810" hits="1"/>
						<line number="812" hits="1"/>
						<line number="814" hits="1"/>
						<line number="815" hits="1" branch="true" condition-coverage="50% (1/2)" missing-branches="816"/>
						<line number="816" hits="0"/>
						<line number="819" hits="1" branch="true" condition-coverage="50% (1/2)" missing-branches="822"/>
						<line number="821" hits="1"/>
						<line number="822" hits="0" branch="true" condition-coverage="0% (0/2)" missing-branches="824,825"/>
						<line number="824" hits="0"/>
						<line number="825" hits="0" branch="true" condition-coverage="0% (0/2)" missing-branches="827,828"/>
						<line number="827" hits="0"/>
						<line number="828" hits="0" branch="true" condition-coverage="0% (0/2)" missing-branches="830,833"/>
						<line number="830" hits="0"/>
						<line number="833" hits="0"/>
						<line number="836" hits="1"/>
						<line number="838" hits="0"/>
						<line number="840" hits="0"/>
						<line number="841" hits="0" branch="true" condition-coverage="0% (0/2)" missing-branches="842,845"/>
						<line number="842" hits="0"/>
						<line number="845" hits="0" branch="true" condition-coverage="0% (0/2)" missing-branches="846,847"/>
						<line number="846" hits="0"/>
						<line number="847" hits="0" branch="true" condition-coverage="0% (0/2)" missing-branches="848,849"/>
						<line number="848" hits="0"/>
						<line number="849" hits="0" branch="true" condition-coverage="0% (0/2)" missing-branches="850,851"/>
						<line number="850" hits="0"/>
						<line number="851" hits="0" branch="true" condition-coverage="0% (0/2)" missing-branches="852,854"/>
						<line number="852" hits="0"/>
						<line number="854" hits="0"/>
						<line number="856" hits="1"/>
						<line number="858" hits="0"/>
						<line number="860" hits="0"/>
						<line number="861" hits="0" branch="true" condition-coverage="0% (0/2)" missing-branches="862,865"/>
						<line number="862" hits="0"/>
						<line number="865" hits="0" branch="true" condition-coverage="0% (0/2)" missing-branches="866,867"/>
						<line number="866" hits="0"/>
						<line number="867" hits="0" branch="true" condition-coverage="0% (0/2)" missing-branches="868,869"/>
						<line number="868" hits="0"/>
						<line number="869" hits="0" branch="true" condition-coverage="0% (0/2)" missing-branches="870,871"/>
						<line number="870" hits="0"/>
						<line number="871" hits="0" branch="true" condition-coverage="0% (0/2)" missing-branches="872,874"/>
						<line number="872" hits="0"/>
						<line number="874" hits="0"/>
						<line number="877" hits="1"/>
						<line number="879" hits="0"/>
						<line number="881" hits="0"/>
						<line number="882" hits="0"/>
						<line number="883" hits="0" branch="true" condition-coverage="0% (0/2)" missing-branches="884,887"/>
						<line number="884" hits="0"/>
						<line number="887" hits="0" branch="true" condition-coverage="0% (0/2)" missing-branches="888,889"/>
						<line number="888" hits="0"/>
						<line number="889" hits="0" branch="true" condition-coverage="0% (0/2)" missing-branches="890,891"/>
						<line number="890" hits="0"/>
						<line number="891" hits="0" branch="true" condition-coverage="0% (0/2)" missing-branches="892,893"/>
						<line number="892" hits="0"/>
						<line number="893" hits="0" branch="true" condition-coverage="0% (0/2)" missing-branches="894,896"/>
						<line number="894" hits="0"/>
						<line number="896" hits="0"/>
						<line number="897" hits="0"/>
						<line number="898" hits="0"/>
						<line number="899" hits="0" branch="true" condition-coverage="0% (0/2)" missing-branches="900,901"/>
						<line number="900" hits="0"/>
						<line number="901" hits="0" branch="true" condition-coverage="0% (0/2)" missing-branches="902,903"/>
						<line number="902" hits="0"/>
						<line number="903" hits="0" branch="true" condition-coverage="0% (0/2)" missing-branches="904,905"/>
						<line number="904" hits="0"/>
						<line number="905" hits="0" branch="true" condition-coverage="0% (0/2)" missing-branches="906,907"/>
						<line number="906" hits="0"/>
						<line number="907" hits="0"/>
						<line number="909" hits="1"/>
						<line number="911" hits="0"/>
						<line number="913" hits="0"/>
						<line number="914" hits="0"/>
						<line number="915" hits="0" branch="true" condition-coverage="0% (0/2)" missing-branches="916,919"/>
						<line number="916" hits="0"/>
						<line number="919" hits="0" branch="true" condition-coverage="0% (0/2)" missing-branches="920,921"/>
						<line number="920" hits="0"/>
						<line number="921" hits="0" branch="true" condition-coverage="0% (0/2)" missing-branches="922,923"/>
						<line number="922" hits="0"/>
						<line number="923" hits="0" branch="true" condition-coverage="0% (0/2)" missing-branches="924,925"/>
						<line number="924" hits="0"/>
						<line number="925" hits="0" branch="true" condition-coverage="0% (0/2)" missing-branches="926,928"/>
						<line number="926" hits="0"/>
						<line number="928" hits="0"/>
						<line number="929" hits="0"/>
						<line number="930" hits="0"/>
						<line number="931" hits="0" branch="true" condition-coverage="0% (0/2)" missing-branches="932,933"/>
						<line number="932" hits="0"/>
						<line number="933" hits="0" branch="true" condition-coverage="0% (0/2)" missing-branches="934,935"/>
						<line number="934" hits="0"/>
						<line number="935" hits="0" branch="true" condition-coverage="0% (0/2)" missing-branches="936,937"/>
						<line number="936" hits="0"/>
						<line number="937" hits="0" branch="true" condition-coverage="0% (0/2)" missing-branches="938,939"/>
						<line number="938" hits="0"/>
						<line number="939" hits="0"/>
						<line number="941" hits="1"/>
						<line number="943" hits="1"/>
						<line number="945" hits="1"/>
						<line number="946" hits="1"/>
						<line number="947" hits="1" branch="true" condition-coverage="50% (1/2)" missing-branches="951"/>
						<line number="948" hits="1"/>
						<line number="951" hits="0" branch="true" condition-coverage="0% (0/2)" missing-branches="952,953"/>
						<line number="952" hits="0"/>
						<line number="953" hits="0" branch="true" condition-coverage="0% (0/2)" missing-branches="954,955"/>
						<line number="954" hits="0"/>
						<line number="955" hits="0" branch="true" condition-coverage="0% (0/2)" missing-branches="956,957"/>
						<line number="956" hits="0"/>
						<line number="957" hits="0" branch="true" condition-coverage="0% (0/2)" missing-branches="958,960"/>
						<line number="958" hits="0"/>
						<line number="960" hits="0"/>
						<line number="961" hits="0"/>
						<line number="962" hits="0"/>
						<line number="963" hits="0" branch="true" condition-coverage="0% (0/2)" missing-branches="964,965"/>
						<line number="964" hits="0"/>
						<line number="965" hits="0" branch="true" condition-coverage="0% (0/2)" missing-branches="966,967"/>
						<line number="966" hits="0"/>
						<line number="967" hits="0" branch="true" condition-coverage="0% (0/2)" missing-branches="968,969"/>
						<line number="968" hits="0"/>
						<line number="969" hits="0" branch="true" condition-coverage="0% (0/2)" missing-branches="970,971"/>
						<line number="970" hits="0"/>
						<line number="971" hits="0"/>
						<line number="973" hits="1"/>
						<line number="975" hits="0"/>
						<line number="976" hits="0"/>
						<line number="977" hits="0"/>
						<line number="978" hits="0"/>
						<line number="981" hits="1"/>
						<line number="983" hits="1"/>
						<line number="985" hits="1"/>
						<line number="986" hits="1"/>
						<line number="987" hits="1" branch="true" condition-coverage="50% (1/2)" missing-branches="991"/>
						<line number="988" hits="1"/>
						<line number="991" hits="0" branch="true" condition-coverage="0% (0/2)" missing-branches="992,993"/>
						<line number="992" hits="0"/>
						<line number="993" hits="0" branch="true" condition-coverage="0% (0/2)" missing-branches="994,995"/>
						<line number="994" hits="0"/>
						<line number="995" hits="0" branch="true" condition-coverage="0% (0/2)" missing-branches="996,997"/>
						<line number="996" hits="0"/>
						<line number="997" hits="0" branch="true" condition-coverage="0% (0/2)" missing-branches="998,1000"/>
						<line number="998" hits="0"/>
						<line number="1000" hits="0"/>
						<line number="1001" hits="0"/>
						<line number="1002" hits="0"/>
						<line number="1003" hits="0" branch="true" condition-coverage="0% (0/2)" missing-branches="1004,1005"/>
						<line number="1004" hits="0"/>
						<line number="1005" hits="0" branch="true" condition-coverage="0% (0/2)" missing-branches="1006,1007"/>
						<line number="1006" hits="0"/>
						<line number="1007" hits="0" branch="true" condition-coverage="0% (0/2)" missing-branches="1008,1009"/>
						<line number="1008" hits="0"/>
						<line number="1009" hits="0" branch="true" condition-coverage="0% (0/2)" missing-branches="1010,1011"/>
						<line number="1010" hits="0"/>
						<line number="1011" hits="0"/>
						<line number="1013" hits="1"/>
						<line number="1015" hits="0"/>
						<line number="1017" hits="0"/>
						<line number="1018" hits="0" branch="true" condition-coverage="0% (0/2)" missing-branches="1019,1022"/>
						<line number="1019" hits="0"/>
						<line number="1022" hits="0" branch="true" condition-coverage="0% (0/2)" missing-branches="1023,1024"/>
						<line number="1023" hits="0"/>
						<line number="1024" hits="0" branch="true" condition-coverage="0% (0/2)" missing-branches="1025,1026"/>
						<line number="1025" hits="0"/>
						<line number="1026" hits="0" branch="true" condition-coverage="0% (0/2)" missing-branches="1027,1028"/>
						<line number="1027" hits="0"/>
						<line number="1028" hits="0" branch="true" condition-coverage="0% (0/2)" missing-branches="1029,1031"/>
						<line number="1029" hits="0"/>
						<line number="1031" hits="0"/>
						<line number="1034" hits="1"/>
						<line number="1036" hits="0"/>
						<line number="1038" hits="1"/>
						<line number="1040" hits="0"/>
						<line number="1041" hits="0"/>
						<line number="1042" hits="0"/>
						<line number="1043" hits="0"/>
						<line number="1045" hits="1"/>
						<line number="1047" hits="0"/>
						<line number="1049" hits="1"/>
						<line number="1051" hits="0"/>
						<line number="1053" hits="1"/>
						<line number="1055" hits="0"/>
						<line number="1057" hits="1"/>
						<line number="1059" hits="0"/>
						<line number="1062" hits="1"/>
						<line number="1064" hits="0"/>
						<line number="1066" hits="1"/>
						<line number="1068" hits="0"/>
						<line number="1070" hits="1"/>
						<line number="1072" hits="0"/>
						<line number="1074" hits="1"/>
						<line number="1076" hits="0"/>
						<line number="1078" hits="1"/>
						<line number="1080" hits="0"/>
						<line number="1081" hits="0"/>
						<line number="1084" hits="0"/>
						<line number="1088" hits="0" branch="true" condition-coverage="0% (0/2)" missing-branches="1089,1093"/>
						<line number="1089" hits="0" branch="true" condition-coverage="0% (0/2)" missing-branches="1088,1090"/>
						<line number="1090" hits="0"/>
						<line number="1093" hits="0" branch="true" condition-coverage="0% (0/2)" missing-branches="1094,1101"/>
						<line number="1094" hits="0" branch="true" condition-coverage="0% (0/2)" missing-branches="1095,1097"/>
						<line number="1095" hits="0"/>
						<line number="1097" hits="0" branch="true" condition-coverage="0% (0/2)" missing-branches="1098,1101"/>
						<line number="1098" hits="0"/>
						<line number="1101" hits="0" branch="true" condition-coverage="0% (0/2)" missing-branches="1102,1105"/>
						<line number="1102" hits="0"/>
						<line number="1105" hits="0" branch="true" condition-coverage="0% (0/2)" missing-branches="1106,1109"/>
						<line number="1106" hits="0"/>
						<line number="1109" hits="0" branch="true" condition-coverage="0% (0/2)" missing-branches="1110,1114"/>
						<line number="1110" hits="0" branch="true" condition-coverage="0% (0/2)" missing-branches="1111,1114"/>
						<line number="1111" hits="0"/>
						<line number="1114" hits="0" branch="true" condition-coverage="0% (0/2)" missing-branches="1115,1117"/>
						<line number="1115" hits="0"/>
						<line number="1117" hits="0"/>
						<line number="1126" hits="1"/>
						<line number="1129" hits="1"/>
						<line number="1131" hits="1"/>
						<line number="1135" hits="1"/>
						<line number="1137" hits="0"/>
						<line number="1140" hits="1"/>
						<line number="1142" hits="0"/>
						<line number="1145" hits="1"/>
						<line number="1147" hits="0"/>
						<line number="1150" hits="1"/>
						<line number="1152" hits="0"/>
						<line number="1155" hits="1"/>
						<line number="1157" hits="0"/>
					</lines>
				</class>
				<class name="config.py" filename="auth_core/config.py" complexity="0" line-rate="0.7749" branch-rate="0.2955">
					<methods/>
					<lines>
						<line number="14" hits="1"/>
						<line number="15" hits="1"/>
						<line number="18" hits="1"/>
						<line number="20" hits="1"/>
						<line number="22" hits="1"/>
						<line number="31" hits="1"/>
						<line number="34" hits="1"/>
						<line number="35" hits="1"/>
						<line number="36" hits="0"/>
						<line number="39" hits="1"/>
						<line number="40" hits="1"/>
						<line number="42" hits="1"/>
						<line number="45" hits="1"/>
						<line number="46" hits="1"/>
						<line number="48" hits="1"/>
						<line number="50" hits="1"/>
						<line number="51" hits="1"/>
						<line number="53" hits="1"/>
						<line number="56" hits="1"/>
						<line number="57" hits="1"/>
						<line number="59" hits="1"/>
						<line number="61" hits="1"/>
						<line number="62" hits="1"/>
						<line number="64" hits="1"/>
						<line number="66" hits="1"/>
						<line number="67" hits="1"/>
						<line number="69" hits="1"/>
						<line number="71" hits="1"/>
						<line number="72" hits="1"/>
						<line number="74" hits="1"/>
						<line number="76" hits="1"/>
						<line number="77" hits="1"/>
						<line number="80" hits="0"/>
						<line number="83" hits="1"/>
						<line number="84" hits="1"/>
						<line number="86" hits="1"/>
						<line number="88" hits="1"/>
						<line number="89" hits="1"/>
						<line number="91" hits="1"/>
						<line number="92" hits="1" branch="true" condition-coverage="100% (2/2)"/>
						<line number="93" hits="1"/>
						<line number="94" hits="1" branch="true" condition-coverage="100% (2/2)"/>
						<line number="95" hits="1"/>
						<line number="96" hits="1" branch="true" condition-coverage="100% (2/2)"/>
						<line number="97" hits="1"/>
						<line number="98" hits="1" branch="true" condition-coverage="50% (1/2)" missing-branches="99"/>
						<line number="99" hits="0"/>
						<line number="101" hits="1"/>
						<line number="104" hits="1"/>
						<line number="105" hits="1"/>
						<line number="107" hits="1"/>
						<line number="109" hits="1"/>
						<line number="110" hits="1"/>
						<line number="113" hits="1"/>
						<line number="116" hits="1"/>
						<line number="117" hits="1"/>
						<line number="119" hits="1"/>
						<line number="121" hits="1"/>
						<line number="122" hits="1"/>
						<line number="125" hits="1"/>
						<line number="126" hits="1" branch="true" condition-coverage="50% (1/2)" missing-branches="128"/>
						<line number="127" hits="1"/>
						<line number="128" hits="0" branch="true" condition-coverage="0% (0/2)" missing-branches="129,130"/>
						<line number="129" hits="0"/>
						<line number="130" hits="0"/>
						<line number="133" hits="1"/>
						<line number="134" hits="1"/>
						<line number="136" hits="1"/>
						<line number="138" hits="1"/>
						<line number="139" hits="1"/>
						<line number="142" hits="0"/>
						<line number="144" hits="1"/>
						<line number="145" hits="1"/>
						<line number="148" hits="0"/>
						<line number="149" hits="0"/>
						<line number="152" hits="1"/>
						<line number="153" hits="1"/>
						<line number="155" hits="1"/>
						<line number="158" hits="1"/>
						<line number="159" hits="1"/>
						<line number="161" hits="0"/>
						<line number="164" hits="1"/>
						<line number="165" hits="1"/>
						<line number="167" hits="1"/>
						<line number="169" hits="1"/>
						<line number="170" hits="1"/>
						<line number="172" hits="1"/>
						<line number="174" hits="1"/>
						<line number="175" hits="1"/>
						<line number="177" hits="1"/>
						<line number="180" hits="1"/>
						<line number="181" hits="1"/>
						<line number="183" hits="1"/>
						<line number="184" hits="1"/>
						<line number="185" hits="1"/>
						<line number="187" hits="1"/>
						<line number="188" hits="1"/>
						<line number="192" hits="0"/>
						<line number="193" hits="0"/>
						<line number="195" hits="1"/>
						<line number="196" hits="1"/>
						<line number="199" hits="0"/>
						<line number="202" hits="1"/>
						<line number="203" hits="1"/>
						<line number="205" hits="1"/>
						<line number="207" hits="1"/>
						<line number="208" hits="1"/>
						<line number="210" hits="1"/>
						<line number="212" hits="1"/>
						<line number="213" hits="1"/>
						<line number="215" hits="1"/>
						<line number="217" hits="1"/>
						<line number="218" hits="1"/>
						<line number="220" hits="1"/>
						<line number="222" hits="1"/>
						<line number="223" hits="1"/>
						<line number="225" hits="1"/>
						<line number="228" hits="1"/>
						<line number="229" hits="1"/>
						<line number="231" hits="1"/>
						<line number="232" hits="1" branch="true" condition-coverage="50% (1/2)" missing-branches="234"/>
						<line number="233" hits="1"/>
						<line number="234" hits="0" branch="true" condition-coverage="0% (0/2)" missing-branches="235,236"/>
						<line number="235" hits="0"/>
						<line number="236" hits="0" branch="true" condition-coverage="0% (0/2)" missing-branches="237,238"/>
						<line number="237" hits="0"/>
						<line number="238" hits="0" branch="true" condition-coverage="0% (0/2)" missing-branches="239,241"/>
						<line number="239" hits="0"/>
						<line number="241" hits="0"/>
						<line number="243" hits="1"/>
						<line number="244" hits="1"/>
						<line number="246" hits="1"/>
						<line number="247" hits="1" branch="true" condition-coverage="50% (1/2)" missing-branches="249"/>
						<line number="248" hits="1"/>
						<line number="249" hits="0" branch="true" condition-coverage="0% (0/2)" missing-branches="250,251"/>
						<line number="250" hits="0"/>
						<line number="251" hits="0" branch="true" condition-coverage="0% (0/2)" missing-branches="252,253"/>
						<line number="252" hits="0"/>
						<line number="253" hits="0" branch="true" condition-coverage="0% (0/2)" missing-branches="254,256"/>
						<line number="254" hits="0"/>
						<line number="256" hits="0"/>
						<line number="259" hits="1"/>
						<line number="260" hits="1"/>
						<line number="262" hits="1"/>
						<line number="264" hits="1"/>
						<line number="265" hits="1"/>
						<line number="267" hits="1"/>
						<line number="269" hits="1"/>
						<line number="270" hits="1"/>
						<line number="272" hits="0"/>
						<line number="273" hits="0" branch="true" condition-coverage="0% (0/2)" missing-branches="274,275"/>
						<line number="274" hits="0"/>
						<line number="275" hits="0" branch="true" condition-coverage="0% (0/2)" missing-branches="276,277"/>
						<line number="276" hits="0"/>
						<line number="277" hits="0" branch="true" condition-coverage="0% (0/2)" missing-branches="278,279"/>
						<line number="278" hits="0"/>
						<line number="279" hits="0" branch="true" condition-coverage="0% (0/2)" missing-branches="280,282"/>
						<line number="280" hits="0"/>
						<line number="282" hits="0"/>
						<line number="284" hits="1"/>
						<line number="285" hits="1"/>
						<line number="288" hits="0"/>
						<line number="289" hits="0" branch="true" condition-coverage="0% (0/2)" missing-branches="291,294"/>
						<line number="291" hits="0"/>
						<line number="292" hits="0"/>
						<line number="294" hits="0"/>
						<line number="296" hits="1"/>
						<line number="297" hits="1"/>
						<line number="299" hits="0"/>
						<line number="301" hits="1"/>
						<line number="302" hits="1"/>
						<line number="304" hits="0"/>
						<line number="307" hits="1"/>
						<line number="308" hits="1"/>
						<line number="310" hits="1"/>
						<line number="312" hits="1"/>
						<line number="313" hits="1"/>
						<line number="315" hits="1"/>
						<line number="317" hits="1"/>
						<line number="318" hits="1"/>
						<line number="320" hits="1"/>
						<line number="322" hits="1"/>
						<line number="323" hits="1"/>
						<line number="326" hits="0"/>
						<line number="328" hits="1"/>
						<line number="329" hits="1"/>
						<line number="332" hits="1"/>
						<line number="334" hits="1"/>
						<line number="335" hits="1"/>
						<line number="337" hits="0"/>
						<line number="339" hits="1"/>
						<line number="340" hits="1"/>
						<line number="343" hits="0"/>
						<line number="345" hits="1"/>
						<line number="346" hits="1"/>
						<line number="348" hits="0"/>
						<line number="350" hits="1"/>
						<line number="351" hits="1"/>
						<line number="353" hits="0"/>
						<line number="356" hits="1"/>
						<line number="357" hits="1"/>
						<line number="359" hits="1"/>
						<line number="360" hits="1"/>
						<line number="362" hits="1"/>
						<line number="363" hits="1"/>
						<line number="364" hits="1"/>
						<line number="365" hits="1"/>
						<line number="366" hits="1"/>
						<line number="367" hits="1"/>
						<line number="368" hits="1"/>
						<line number="369" hits="1"/>
						<line number="370" hits="1"/>
						<line number="371" hits="1"/>
						<line number="372" hits="1"/>
						<line number="373" hits="1"/>
						<line number="376" hits="1"/>
						<line number="378" hits="1" branch="true" condition-coverage="50% (1/2)" missing-branches="393"/>
						<line number="379" hits="1"/>
						<line number="380" hits="1" branch="true" condition-coverage="50% (1/2)" missing-branches="391"/>
						<line number="382" hits="1"/>
						<line number="383" hits="1" branch="true" condition-coverage="50% (1/2)" missing-branches="389"/>
						<line number="384" hits="1"/>
						<line number="385" hits="1"/>
						<line number="386" hits="1"/>
						<line number="387" hits="1"/>
						<line number="389" hits="0"/>
						<line number="391" hits="0"/>
						<line number="393" hits="0"/>
						<line number="394" hits="1"/>
						<line number="397" hits="1"/>
						<line number="403" hits="1"/>
					</lines>
				</class>
				<class name="oauth_manager.py" filename="auth_core/oauth_manager.py" complexity="0" line-rate="0" branch-rate="0">
					<methods/>
					<lines>
						<line number="5" hits="0"/>
						<line number="6" hits="0"/>
						<line number="8" hits="0"/>
						<line number="10" hits="0"/>
						<line number="13" hits="0"/>
						<line number="16" hits="0"/>
						<line number="18" hits="0"/>
						<line number="19" hits="0"/>
						<line number="21" hits="0"/>
						<line number="23" hits="0"/>
						<line number="25" hits="0"/>
						<line number="26" hits="0"/>
						<line number="27" hits="0"/>
						<line number="28" hits="0"/>
						<line number="29" hits="0"/>
						<line number="30" hits="0"/>
						<line number="31" hits="0"/>
						<line number="33" hits="0"/>
						<line number="35" hits="0"/>
						<line number="37" hits="0"/>
						<line number="39" hits="0"/>
						<line number="41" hits="0"/>
						<line number="43" hits="0"/>
						<line number="44" hits="0" branch="true" condition-coverage="0% (0/2)" missing-branches="45,46"/>
						<line number="45" hits="0"/>
						<line number="46" hits="0"/>
						<line number="48" hits="0"/>
						<line number="50" hits="0"/>
						<line number="51" hits="0" branch="true" condition-coverage="0% (0/2)" missing-branches="52,58"/>
						<line number="52" hits="0"/>
						<line number="58" hits="0"/>
					</lines>
				</class>
				<class name="redis_manager.py" filename="auth_core/redis_manager.py" complexity="0" line-rate="0.2459" branch-rate="0.04">
					<methods/>
					<lines>
						<line number="15" hits="1"/>
						<line number="16" hits="1"/>
						<line number="17" hits="1"/>
						<line number="18" hits="1"/>
						<line number="19" hits="1"/>
						<line number="20" hits="1"/>
						<line number="22" hits="1"/>
						<line number="25" hits="1"/>
						<line number="28" hits="1"/>
						<line number="29" hits="1"/>
						<line number="30" hits="1"/>
						<line number="31" hits="1"/>
						<line number="34" hits="1"/>
						<line number="35" hits="1"/>
						<line number="36" hits="1"/>
						<line number="37" hits="1"/>
						<line number="38" hits="1"/>
						<line number="39" hits="1"/>
						<line number="40" hits="1"/>
						<line number="43" hits="1"/>
						<line number="44" hits="1"/>
						<line number="45" hits="1"/>
						<line number="46" hits="1"/>
						<line number="48" hits="1"/>
						<line number="49" hits="1"/>
						<line number="51" hits="1"/>
						<line number="52" hits="1"/>
						<line number="54" hits="1"/>
						<line number="56" hits="1" branch="true" condition-coverage="50% (1/2)" missing-branches="57"/>
						<line number="57" hits="0"/>
						<line number="59" hits="1"/>
						<line number="61" hits="1"/>
						<line number="64" hits="1"/>
						<line number="65" hits="1"/>
						<line number="66" hits="1"/>
						<line number="69" hits="1"/>
						<line number="70" hits="1" branch="true" condition-coverage="50% (1/2)" missing-branches="72"/>
						<line number="72" hits="0"/>
						<line number="73" hits="0"/>
						<line number="74" hits="0"/>
						<line number="75" hits="0"/>
						<line number="76" hits="0"/>
						<line number="77" hits="0"/>
						<line number="80" hits="1"/>
						<line number="81" hits="1"/>
						<line number="82" hits="1"/>
						<line number="84" hits="1"/>
						<line number="85" hits="1"/>
						<line number="86" hits="0"/>
						<line number="87" hits="0"/>
						<line number="88" hits="0"/>
						<line number="89" hits="0"/>
						<line number="91" hits="1"/>
						<line number="93" hits="0"/>
						<line number="95" hits="0"/>
						<line number="96" hits="0"/>
						<line number="107" hits="0"/>
						<line number="110" hits="0"/>
						<line number="111" hits="0"/>
						<line number="113" hits="0"/>
						<line number="114" hits="0"/>
						<line number="116" hits="0"/>
						<line number="117" hits="0"/>
						<line number="118" hits="0"/>
						<line number="119" hits="0"/>
						<line number="121" hits="1"/>
						<line number="123" hits="0" branch="true" condition-coverage="0% (0/2)" missing-branches="124,125"/>
						<line number="124" hits="0"/>
						<line number="125" hits="0" branch="true" condition-coverage="0% (0/2)" missing-branches="126,128"/>
						<line number="126" hits="0"/>
						<line number="128" hits="0"/>
						<line number="129" hits="0"/>
						<line number="131" hits="1"/>
						<line number="133" hits="0"/>
						<line number="134" hits="0"/>
						<line number="136" hits="1"/>
						<line number="138" hits="0" branch="true" condition-coverage="0% (0/2)" missing-branches="139,142"/>
						<line number="139" hits="0"/>
						<line number="140" hits="0"/>
						<line number="142" hits="0" branch="true" condition-coverage="0% (0/2)" missing-branches="143,145"/>
						<line number="143" hits="0"/>
						<line number="145" hits="0"/>
						<line number="146" hits="0"/>
						<line number="147" hits="0"/>
						<line number="148" hits="0"/>
						<line number="149" hits="0"/>
						<line number="150" hits="0"/>
						<line number="153" hits="1"/>
						<line number="155" hits="0" branch="true" condition-coverage="0% (0/2)" missing-branches="156,158"/>
						<line number="156" hits="0"/>
						<line number="158" hits="0"/>
						<line number="159" hits="0"/>
						<line number="160" hits="0"/>
						<line number="162" hits="0"/>
						<line number="163" hits="0"/>
						<line number="164" hits="0"/>
						<line number="166" hits="0"/>
						<line number="167" hits="0"/>
						<line number="168" hits="0"/>
						<line number="170" hits="1"/>
						<line number="172" hits="0" branch="true" condition-coverage="0% (0/2)" missing-branches="173,175"/>
						<line number="173" hits="0"/>
						<line number="175" hits="0"/>
						<line number="176" hits="0"/>
						<line number="177" hits="0"/>
						<line number="179" hits="0" branch="true" condition-coverage="0% (0/2)" missing-branches="180,181"/>
						<line number="180" hits="0"/>
						<line number="181" hits="0"/>
						<line number="183" hits="0"/>
						<line number="184" hits="0"/>
						<line number="185" hits="0"/>
						<line number="187" hits="1"/>
						<line number="189" hits="0" branch="true" condition-coverage="0% (0/2)" missing-branches="190,192"/>
						<line number="190" hits="0"/>
						<line number="192" hits="0"/>
						<line number="193" hits="0"/>
						<line number="194" hits="0"/>
						<line number="195" hits="0"/>
						<line number="196" hits="0"/>
						<line number="198" hits="0"/>
						<line number="199" hits="0"/>
						<line number="200" hits="0"/>
						<line number="202" hits="1"/>
						<line number="204" hits="0" branch="true" condition-coverage="0% (0/2)" missing-branches="205,207"/>
						<line number="205" hits="0"/>
						<line number="207" hits="0"/>
						<line number="208" hits="0"/>
						<line number="209" hits="0"/>
						<line number="210" hits="0"/>
						<line number="211" hits="0"/>
						<line number="213" hits="0"/>
						<line number="214" hits="0"/>
						<line number="215" hits="0"/>
						<line number="218" hits="1"/>
						<line number="220" hits="0" branch="true" condition-coverage="0% (0/2)" missing-branches="221,223"/>
						<line number="221" hits="0"/>
						<line number="223" hits="0"/>
						<line number="224" hits="0"/>
						<line number="225" hits="0"/>
						<line number="226" hits="0"/>
						<line number="227" hits="0"/>
						<line number="229" hits="0"/>
						<line number="230" hits="0"/>
						<line number="231" hits="0"/>
						<line number="233" hits="1"/>
						<line number="235" hits="0" branch="true" condition-coverage="0% (0/2)" missing-branches="236,238"/>
						<line number="236" hits="0"/>
						<line number="238" hits="0"/>
						<line number="239" hits="0"/>
						<line number="240" hits="0"/>
						<line number="241" hits="0"/>
						<line number="243" hits="0"/>
						<line number="244" hits="0"/>
						<line number="245" hits="0"/>
						<line number="248" hits="1"/>
						<line number="250" hits="0" branch="true" condition-coverage="0% (0/2)" missing-branches="251,253"/>
						<line number="251" hits="0"/>
						<line number="253" hits="0"/>
						<line number="254" hits="0"/>
						<line number="255" hits="0"/>
						<line number="257" hits="0"/>
						<line number="258" hits="0"/>
						<line number="259" hits="0"/>
						<line number="261" hits="0"/>
						<line number="262" hits="0"/>
						<line number="263" hits="0"/>
						<line number="265" hits="1"/>
						<line number="267" hits="0" branch="true" condition-coverage="0% (0/2)" missing-branches="268,270"/>
						<line number="268" hits="0"/>
						<line number="270" hits="0"/>
						<line number="271" hits="0"/>
						<line number="272" hits="0"/>
						<line number="274" hits="0" branch="true" condition-coverage="0% (0/2)" missing-branches="275,276"/>
						<line number="275" hits="0"/>
						<line number="276" hits="0"/>
						<line number="278" hits="0"/>
						<line number="279" hits="0"/>
						<line number="280" hits="0"/>
						<line number="282" hits="1"/>
						<line number="284" hits="0" branch="true" condition-coverage="0% (0/2)" missing-branches="285,287"/>
						<line number="285" hits="0"/>
						<line number="287" hits="0"/>
						<line number="288" hits="0"/>
						<line number="289" hits="0"/>
						<line number="290" hits="0"/>
						<line number="291" hits="0"/>
						<line number="293" hits="0"/>
						<line number="294" hits="0"/>
						<line number="295" hits="0"/>
						<line number="298" hits="1"/>
						<line number="300" hits="0" branch="true" condition-coverage="0% (0/2)" missing-branches="301,303"/>
						<line number="301" hits="0"/>
						<line number="303" hits="0"/>
						<line number="304" hits="0"/>
						<line number="305" hits="0"/>
						<line number="307" hits="0"/>
						<line number="308" hits="0"/>
						<line number="309" hits="0"/>
						<line number="311" hits="0"/>
						<line number="312" hits="0"/>
						<line number="313" hits="0"/>
						<line number="315" hits="1"/>
						<line number="317" hits="0" branch="true" condition-coverage="0% (0/2)" missing-branches="318,320"/>
						<line number="318" hits="0"/>
						<line number="320" hits="0"/>
						<line number="321" hits="0"/>
						<line number="322" hits="0"/>
						<line number="324" hits="0" branch="true" condition-coverage="0% (0/2)" missing-branches="325,326"/>
						<line number="325" hits="0"/>
						<line number="326" hits="0"/>
						<line number="328" hits="0"/>
						<line number="329" hits="0"/>
						<line number="330" hits="0"/>
						<line number="333" hits="1"/>
						<line number="335" hits="0"/>
						<line number="336" hits="0" branch="true" condition-coverage="0% (0/2)" missing-branches="337,340"/>
						<line number="337" hits="0"/>
						<line number="340" hits="0"/>
						<line number="341" hits="0"/>
						<line number="342" hits="0"/>
						<line number="343" hits="0"/>
						<line number="345" hits="0" branch="true" condition-coverage="0% (0/2)" missing-branches="346,349"/>
						<line number="346" hits="0"/>
						<line number="349" hits="0"/>
						<line number="351" hits="0"/>
						<line number="367" hits="0"/>
						<line number="368" hits="0"/>
						<line number="371" hits="1"/>
						<line number="373" hits="0" branch="true" condition-coverage="0% (0/2)" missing-branches="374,376"/>
						<line number="374" hits="0"/>
						<line number="376" hits="0"/>
						<line number="378" hits="0"/>
						<line number="379" hits="0"/>
						<line number="382" hits="0"/>
						<line number="383" hits="0" branch="true" condition-coverage="0% (0/2)" missing-branches="384,387"/>
						<line number="384" hits="0" branch="true" condition-coverage="0% (0/2)" missing-branches="383,385"/>
						<line number="385" hits="0"/>
						<line number="387" hits="0"/>
						<line number="388" hits="0"/>
						<line number="390" hits="0"/>
						<line number="391" hits="0"/>
						<line number="392" hits="0"/>
						<line number="396" hits="1"/>
						<line number="399" hits="1"/>
					</lines>
				</class>
				<class name="secret_loader.py" filename="auth_core/secret_loader.py" complexity="0" line-rate="0" branch-rate="0">
					<methods/>
					<lines>
						<line number="8" hits="0"/>
						<line number="9" hits="0"/>
						<line number="10" hits="0"/>
						<line number="11" hits="0"/>
						<line number="14" hits="0"/>
						<line number="17" hits="0"/>
						<line number="18" hits="0"/>
						<line number="20" hits="0"/>
						<line number="21" hits="0"/>
						<line number="22" hits="0"/>
						<line number="23" hits="0"/>
						<line number="25" hits="0"/>
						<line number="27" hits="0"/>
						<line number="30" hits="0"/>
						<line number="33" hits="0"/>
						<line number="34" hits="0"/>
						<line number="41" hits="0" branch="true" condition-coverage="0% (0/2)" missing-branches="43,52"/>
						<line number="43" hits="0"/>
						<line number="44" hits="0"/>
						<line number="45" hits="0"/>
						<line number="46" hits="0"/>
						<line number="47" hits="0"/>
						<line number="49" hits="0"/>
						<line number="52" hits="0"/>
						<line number="55" hits="0"/>
						<line number="56" hits="0"/>
						<line number="61" hits="0"/>
						<line number="63" hits="0"/>
						<line number="64" hits="0" branch="true" condition-coverage="0% (0/2)" missing-branches="65,68"/>
						<line number="65" hits="0"/>
						<line number="68" hits="0"/>
						<line number="69" hits="0"/>
						<line number="71" hits="0"/>
						<line number="72" hits="0"/>
						<line number="74" hits="0"/>
						<line number="75" hits="0"/>
						<line number="77" hits="0"/>
						<line number="78" hits="0"/>
						<line number="79" hits="0"/>
						<line number="80" hits="0"/>
						<line number="81" hits="0"/>
						<line number="82" hits="0"/>
						<line number="84" hits="0"/>
						<line number="85" hits="0"/>
						<line number="86" hits="0"/>
						<line number="88" hits="0"/>
						<line number="89" hits="0"/>
						<line number="101" hits="0" branch="true" condition-coverage="0% (0/2)" missing-branches="103,115"/>
						<line number="103" hits="0"/>
						<line number="104" hits="0"/>
						<line number="105" hits="0"/>
						<line number="106" hits="0"/>
						<line number="107" hits="0"/>
						<line number="108" hits="0"/>
						<line number="109" hits="0"/>
						<line number="110" hits="0"/>
						<line number="112" hits="0"/>
						<line number="115" hits="0"/>
						<line number="117" hits="0"/>
						<line number="118" hits="0"/>
						<line number="130" hits="0" branch="true" condition-coverage="0% (0/2)" missing-branches="132,144"/>
						<line number="132" hits="0"/>
						<line number="133" hits="0"/>
						<line number="134" hits="0"/>
						<line number="135" hits="0"/>
						<line number="136" hits="0"/>
						<line number="137" hits="0"/>
						<line number="138" hits="0"/>
						<line number="139" hits="0"/>
						<line number="141" hits="0"/>
						<line number="144" hits="0"/>
						<line number="146" hits="0"/>
						<line number="147" hits="0"/>
						<line number="156" hits="0"/>
						<line number="157" hits="0"/>
						<line number="160" hits="0"/>
						<line number="161" hits="0"/>
						<line number="162" hits="0"/>
						<line number="163" hits="0"/>
						<line number="164" hits="0"/>
						<line number="166" hits="0" branch="true" condition-coverage="0% (0/2)" missing-branches="168,198"/>
						<line number="168" hits="0"/>
						<line number="171" hits="0"/>
						<line number="172" hits="0"/>
						<line number="173" hits="0"/>
						<line number="174" hits="0"/>
						<line number="175" hits="0"/>
						<line number="176" hits="0" branch="true" condition-coverage="0% (0/2)" missing-branches="177,178"/>
						<line number="177" hits="0"/>
						<line number="178" hits="0"/>
						<line number="181" hits="0"/>
						<line number="184" hits="0" branch="true" condition-coverage="0% (0/2)" missing-branches="185,188"/>
						<line number="185" hits="0"/>
						<line number="188" hits="0" branch="true" condition-coverage="0% (0/2)" missing-branches="189,191"/>
						<line number="189" hits="0"/>
						<line number="191" hits="0"/>
						<line number="193" hits="0" branch="true" condition-coverage="0% (0/2)" missing-branches="194,198"/>
						<line number="194" hits="0"/>
						<line number="195" hits="0"/>
						<line number="198" hits="0" branch="true" condition-coverage="0% (0/2)" missing-branches="199,207"/>
						<line number="199" hits="0"/>
						<line number="200" hits="0"/>
						<line number="201" hits="0" branch="true" condition-coverage="0% (0/2)" missing-branches="202,207"/>
						<line number="202" hits="0"/>
						<line number="204" hits="0"/>
						<line number="205" hits="0"/>
						<line number="207" hits="0"/>
						<line number="208" hits="0"/>
						<line number="210" hits="0"/>
						<line number="211" hits="0"/>
						<line number="220" hits="0"/>
						<line number="221" hits="0"/>
						<line number="224" hits="0" branch="true" condition-coverage="0% (0/2)" missing-branches="225,229"/>
						<line number="225" hits="0"/>
						<line number="226" hits="0"/>
						<line number="229" hits="0"/>
						<line number="230" hits="0" branch="true" condition-coverage="0% (0/2)" missing-branches="231,235"/>
						<line number="231" hits="0"/>
						<line number="232" hits="0"/>
						<line number="235" hits="0"/>
						<line number="236" hits="0" branch="true" condition-coverage="0% (0/2)" missing-branches="237,240"/>
						<line number="237" hits="0"/>
						<line number="238" hits="0"/>
						<line number="240" hits="0"/>
						<line number="241" hits="0"/>
					</lines>
				</class>
				<class name="test_utils.py" filename="auth_core/test_utils.py" complexity="0" line-rate="0" branch-rate="0">
					<methods/>
					<lines>
						<line number="4" hits="0"/>
						<line number="5" hits="0"/>
						<line number="6" hits="0"/>
						<line number="8" hits="0"/>
						<line number="9" hits="0" branch="true" condition-coverage="0% (0/2)" missing-branches="10,12"/>
						<line number="10" hits="0"/>
						<line number="12" hits="0"/>
						<line number="14" hits="0"/>
					</lines>
				</class>
				<class name="unified_auth_interface.py" filename="auth_core/unified_auth_interface.py" complexity="0" line-rate="0" branch-rate="0">
					<methods/>
					<lines>
						<line number="13" hits="0"/>
						<line number="14" hits="0"/>
						<line number="15" hits="0"/>
						<line number="16" hits="0"/>
						<line number="17" hits="0"/>
						<line number="18" hits="0"/>
						<line number="19" hits="0"/>
						<line number="21" hits="0"/>
						<line number="23" hits="0"/>
						<line number="24" hits="0"/>
						<line number="31" hits="0"/>
						<line number="34" hits="0"/>
						<line number="40" hits="0"/>
						<line number="42" hits="0"/>
						<line number="44" hits="0"/>
						<line number="47" hits="0"/>
						<line number="48" hits="0"/>
						<line number="49" hits="0"/>
						<line number="50" hits="0"/>
						<line number="52" hits="0"/>
						<line number="58" hits="0"/>
						<line number="68" hits="0" branch="true" condition-coverage="0% (0/2)" missing-branches="69,75"/>
						<line number="69" hits="0"/>
						<line number="70" hits="0"/>
						<line number="71" hits="0"/>
						<line number="72" hits="0"/>
						<line number="75" hits="0"/>
						<line number="77" hits="0" branch="true" condition-coverage="0% (0/2)" missing-branches="78,80"/>
						<line number="78" hits="0"/>
						<line number="80" hits="0"/>
						<line number="86" hits="0"/>
						<line number="88" hits="0"/>
						<line number="90" hits="0"/>
						<line number="98" hits="0" branch="true" condition-coverage="0% (0/2)" missing-branches="99,104"/>
						<line number="99" hits="0"/>
						<line number="100" hits="0"/>
						<line number="101" hits="0"/>
						<line number="104" hits="0"/>
						<line number="106" hits="0" branch="true" condition-coverage="0% (0/2)" missing-branches="107,108"/>
						<line number="107" hits="0"/>
						<line number="108" hits="0" branch="true" condition-coverage="0% (0/2)" missing-branches="109,111"/>
						<line number="109" hits="0"/>
						<line number="111" hits="0"/>
						<line number="113" hits="0"/>
						<line number="119" hits="0"/>
						<line number="120" hits="0" branch="true" condition-coverage="0% (0/2)" missing-branches="121,124"/>
						<line number="121" hits="0"/>
						<line number="124" hits="0"/>
						<line number="125" hits="0" branch="true" condition-coverage="0% (0/2)" missing-branches="126,128"/>
						<line number="126" hits="0"/>
						<line number="128" hits="0"/>
						<line number="130" hits="0"/>
						<line number="132" hits="0"/>
						<line number="134" hits="0"/>
						<line number="136" hits="0"/>
						<line number="138" hits="0"/>
						<line number="140" hits="0"/>
						<line number="142" hits="0"/>
						<line number="144" hits="0"/>
						<line number="146" hits="0"/>
						<line number="148" hits="0"/>
						<line number="150" hits="0"/>
						<line number="152" hits="0"/>
						<line number="158" hits="0"/>
						<line number="160" hits="0"/>
						<line number="161" hits="0"/>
						<line number="162" hits="0" branch="true" condition-coverage="0% (0/2)" missing-branches="164,170"/>
						<line number="164" hits="0"/>
						<line number="170" hits="0"/>
						<line number="171" hits="0"/>
						<line number="172" hits="0"/>
						<line number="173" hits="0"/>
						<line number="175" hits="0"/>
						<line number="177" hits="0"/>
						<line number="179" hits="0"/>
						<line number="180" hits="0" branch="true" condition-coverage="0% (0/2)" missing-branches="181,187"/>
						<line number="181" hits="0"/>
						<line number="187" hits="0"/>
						<line number="188" hits="0"/>
						<line number="189" hits="0"/>
						<line number="190" hits="0"/>
						<line number="192" hits="0"/>
						<line number="194" hits="0"/>
						<line number="196" hits="0"/>
						<line number="197" hits="0"/>
						<line number="198" hits="0"/>
						<line number="199" hits="0"/>
						<line number="201" hits="0"/>
						<line number="204" hits="0"/>
						<line number="210" hits="0"/>
						<line number="211" hits="0"/>
						<line number="212" hits="0"/>
						<line number="213" hits="0"/>
						<line number="214" hits="0"/>
						<line number="215" hits="0"/>
						<line number="217" hits="0"/>
						<line number="219" hits="0"/>
						<line number="221" hits="0"/>
						<line number="227" hits="0"/>
						<line number="229" hits="0"/>
						<line number="231" hits="0" branch="true" condition-coverage="0% (0/2)" missing-branches="232,235"/>
						<line number="232" hits="0"/>
						<line number="235" hits="0"/>
						<line number="244" hits="0"/>
						<line number="245" hits="0"/>
						<line number="246" hits="0"/>
						<line number="253" hits="0"/>
						<line number="257" hits="0"/>
						<line number="258" hits="0"/>
						<line number="260" hits="0"/>
						<line number="264" hits="0"/>
						<line number="266" hits="0"/>
						<line number="270" hits="0"/>
						<line number="272" hits="0"/>
						<line number="275" hits="0"/>
						<line number="277" hits="0"/>
						<line number="279" hits="0"/>
						<line number="281" hits="0"/>
						<line number="285" hits="0"/>
						<line number="291" hits="0"/>
						<line number="295" hits="0"/>
						<line number="298" hits="0"/>
						<line number="299" hits="0"/>
						<line number="300" hits="0"/>
						<line number="301" hits="0"/>
						<line number="307" hits="0"/>
						<line number="309" hits="0"/>
						<line number="311" hits="0"/>
						<line number="313" hits="0"/>
						<line number="314" hits="0"/>
						<line number="317" hits="0" branch="true" condition-coverage="0% (0/2)" missing-branches="318,322"/>
						<line number="318" hits="0"/>
						<line number="319" hits="0"/>
						<line number="322" hits="0" branch="true" condition-coverage="0% (0/2)" missing-branches="323,327"/>
						<line number="323" hits="0"/>
						<line number="324" hits="0"/>
						<line number="327" hits="0"/>
						<line number="330" hits="0" branch="true" condition-coverage="0% (0/2)" missing-branches="331,335"/>
						<line number="331" hits="0"/>
						<line number="332" hits="0" branch="true" condition-coverage="0% (0/2)" missing-branches="333,335"/>
						<line number="333" hits="0"/>
						<line number="335" hits="0"/>
						<line number="337" hits="0"/>
						<line number="338" hits="0"/>
						<line number="339" hits="0"/>
						<line number="341" hits="0"/>
						<line number="343" hits="0"/>
						<line number="345" hits="0" branch="true" condition-coverage="0% (0/2)" missing-branches="exit,346"/>
						<line number="346" hits="0"/>
						<line number="347" hits="0"/>
						<line number="348" hits="0"/>
						<line number="349" hits="0"/>
						<line number="351" hits="0"/>
						<line number="353" hits="0"/>
						<line number="355" hits="0"/>
						<line number="358" hits="0"/>
						<line number="361" hits="0"/>
						<line number="367" hits="0"/>
						<line number="369" hits="0"/>
						<line number="370" hits="0"/>
						<line number="371" hits="0"/>
						<line number="377" hits="0"/>
						<line number="380" hits="0"/>
						<line number="383" hits="0"/>
						<line number="384" hits="0"/>
						<line number="385" hits="0"/>
						<line number="386" hits="0"/>
						<line number="387" hits="0"/>
						<line number="393" hits="0"/>
						<line number="395" hits="0"/>
						<line number="396" hits="0"/>
						<line number="406" hits="0"/>
						<line number="407" hits="0"/>
						<line number="408" hits="0"/>
						<line number="414" hits="0"/>
						<line number="416" hits="0"/>
						<line number="424" hits="0"/>
						<line number="434" hits="0"/>
						<line number="436" hits="0" branch="true" condition-coverage="0% (0/2)" missing-branches="437,440"/>
						<line number="437" hits="0"/>
						<line number="440" hits="0" branch="true" condition-coverage="0% (0/2)" missing-branches="441,457"/>
						<line number="441" hits="0"/>
						<line number="442" hits="0"/>
						<line number="443" hits="0"/>
						<line number="445" hits="0" branch="true" condition-coverage="0% (0/2)" missing-branches="446,457"/>
						<line number="446" hits="0"/>
						<line number="457" hits="0"/>
						<line number="459" hits="0"/>
						<line number="460" hits="0"/>
						<line number="461" hits="0"/>
						<line number="463" hits="0"/>
						<line number="472" hits="0" branch="true" condition-coverage="0% (0/2)" missing-branches="473,475"/>
						<line number="473" hits="0"/>
						<line number="475" hits="0"/>
						<line number="476" hits="0" branch="true" condition-coverage="0% (0/2)" missing-branches="477,480"/>
						<line number="477" hits="0"/>
						<line number="480" hits="0"/>
						<line number="488" hits="0"/>
						<line number="490" hits="0"/>
						<line number="496" hits="0" branch="true" condition-coverage="0% (0/2)" missing-branches="497,498"/>
						<line number="497" hits="0"/>
						<line number="498" hits="0"/>
						<line number="503" hits="0"/>
					</lines>
				</class>
			</classes>
		</package>
		<package name="auth_core.core" line-rate="0.1205" branch-rate="0" complexity="0">
			<classes>
				<class name="__init__.py" filename="auth_core/core/__init__.py" complexity="0" line-rate="1" branch-rate="1">
					<methods/>
					<lines/>
				</class>
				<class name="jwt_cache.py" filename="auth_core/core/jwt_cache.py" complexity="0" line-rate="0.2" branch-rate="0">
					<methods/>
					<lines>
						<line number="5" hits="1"/>
						<line number="6" hits="1"/>
						<line number="7" hits="1"/>
						<line number="8" hits="1"/>
						<line number="9" hits="1"/>
						<line number="10" hits="1"/>
						<line number="12" hits="1"/>
						<line number="14" hits="1"/>
						<line number="16" hits="1"/>
						<line number="19" hits="1"/>
						<line number="21" hits="1"/>
						<line number="22" hits="1"/>
						<line number="23" hits="1"/>
						<line number="26" hits="1"/>
						<line number="27" hits="1"/>
						<line number="30" hits="1"/>
						<line number="38" hits="1"/>
						<line number="40" hits="1"/>
						<line number="42" hits="0"/>
						<line number="43" hits="0"/>
						<line number="45" hits="1"/>
						<line number="47" hits="0"/>
						<line number="48" hits="0"/>
						<line number="51" hits="0" branch="true" condition-coverage="0% (0/2)" missing-branches="52,69"/>
						<line number="52" hits="0"/>
						<line number="53" hits="0" branch="true" condition-coverage="0% (0/2)" missing-branches="55,66"/>
						<line number="55" hits="0"/>
						<line number="56" hits="0" branch="true" condition-coverage="0% (0/2)" missing-branches="57,62"/>
						<line number="57" hits="0"/>
						<line number="58" hits="0" branch="true" condition-coverage="0% (0/2)" missing-branches="60,62"/>
						<line number="60" hits="0"/>
						<line number="61" hits="0"/>
						<line number="62" hits="0"/>
						<line number="63" hits="0"/>
						<line number="66" hits="0"/>
						<line number="69" hits="0" branch="true" condition-coverage="0% (0/2)" missing-branches="70,97"/>
						<line number="70" hits="0"/>
						<line number="71" hits="0"/>
						<line number="72" hits="0" branch="true" condition-coverage="0% (0/2)" missing-branches="73,92"/>
						<line number="73" hits="0"/>
						<line number="76" hits="0" branch="true" condition-coverage="0% (0/2)" missing-branches="77,83"/>
						<line number="77" hits="0"/>
						<line number="78" hits="0" branch="true" condition-coverage="0% (0/2)" missing-branches="80,83"/>
						<line number="80" hits="0"/>
						<line number="81" hits="0"/>
						<line number="83" hits="0"/>
						<line number="86" hits="0"/>
						<line number="90" hits="0"/>
						<line number="92" hits="0"/>
						<line number="93" hits="0"/>
						<line number="94" hits="0"/>
						<line number="95" hits="0"/>
						<line number="97" hits="0"/>
						<line number="98" hits="0"/>
						<line number="100" hits="0"/>
						<line number="101" hits="0"/>
						<line number="102" hits="0"/>
						<line number="104" hits="1"/>
						<line number="106" hits="0"/>
						<line number="107" hits="0" branch="true" condition-coverage="0% (0/2)" missing-branches="108,110"/>
						<line number="108" hits="0"/>
						<line number="110" hits="0"/>
						<line number="113" hits="0" branch="true" condition-coverage="0% (0/2)" missing-branches="115,122"/>
						<line number="115" hits="0"/>
						<line number="116" hits="0"/>
						<line number="118" hits="0" branch="true" condition-coverage="0% (0/2)" missing-branches="119,122"/>
						<line number="119" hits="0"/>
						<line number="122" hits="0"/>
						<line number="128" hits="0" branch="true" condition-coverage="0% (0/2)" missing-branches="exit,129"/>
						<line number="129" hits="0"/>
[...]
						<line number="261" hits="0" branch="true" condition-coverage="0% (0/2)" missing-branches="262,270"/>
						<line number="262" hits="0" branch="true" condition-coverage="0% (0/2)" missing-branches="263,267"/>
						<line number="263" hits="0"/>
						<line number="264" hits="0"/>
						<line number="265" hits="0"/>
						<line number="267" hits="0"/>
						<line number="270" hits="0" branch="true" condition-coverage="0% (0/2)" missing-branches="271,276"/>
						<line number="271" hits="0"/>
						<line number="272" hits="0"/>
						<line number="273" hits="0"/>
						<line number="276" hits="0" branch="true" condition-coverage="0% (0/2)" missing-branches="277,280"/>
						<line number="277" hits="0"/>
						<line number="278" hits="0"/>
						<line number="280" hits="0"/>
						<line number="283" hits="0"/>
						<line number="284" hits="0"/>
						<line number="286" hits="0" branch="true" condition-coverage="0% (0/2)" missing-branches="287,295"/>
						<line number="287" hits="0" branch="true" condition-coverage="0% (0/2)" missing-branches="288,292"/>
						<line number="288" hits="0"/>
						<line number="289" hits="0"/>
						<line number="290" hits="0"/>
						<line number="292" hits="0"/>
						<line number="295" hits="0"/>
						<line number="296" hits="0"/>
						<line number="299" hits="0"/>
						<line number="300" hits="0" branch="true" condition-coverage="0% (0/2)" missing-branches="301,311"/>
						<line number="301" hits="0"/>
						<line number="302" hits="0"/>
						<line number="305" hits="0" branch="true" condition-coverage="0% (0/2)" missing-branches="306,315"/>
						<line number="306" hits="0" branch="true" condition-coverage="0% (0/2)" missing-branches="305,307"/>
						<line number="307" hits="0"/>
						<line number="308" hits="0"/>
						<line number="309" hits="0"/>
						<line number="311" hits="0"/>
						<line number="312" hits="0"/>
						<line number="315" hits="0"/>
						<line number="316" hits="0"/>
						<line number="318" hits="0"/>
						<line number="324" hits="0" branch="true" condition-coverage="0% (0/2)" missing-branches="325,332"/>
						<line number="325" hits="0" branch="true" condition-coverage="0% (0/2)" missing-branches="326,329"/>
						<line number="326" hits="0"/>
						<line number="327" hits="0"/>
						<line number="329" hits="0"/>
						<line number="332" hits="0"/>
						<line number="333" hits="0"/>
						<line number="335" hits="0" branch="true" condition-coverage="0% (0/2)" missing-branches="336,344"/>
						<line number="336" hits="0"/>
						<line number="337" hits="0"/>
						<line number="339" hits="0"/>
						<line number="340" hits="0"/>
						<line number="341" hits="0"/>
						<line number="342" hits="0"/>
						<line number="344" hits="0"/>
						<line number="346" hits="0"/>
						<line number="348" hits="0" branch="true" condition-coverage="0% (0/2)" missing-branches="349,353"/>
						<line number="349" hits="0"/>
						<line number="353" hits="0" branch="true" condition-coverage="0% (0/2)" missing-branches="354,360"/>
						<line number="354" hits="0"/>
						<line number="360" hits="0"/>
						<line number="365" hits="0"/>
						<line number="367" hits="0"/>
						<line number="369" hits="0"/>
						<line number="376" hits="0"/>
						<line number="378" hits="0"/>
						<line number="380" hits="0" branch="true" condition-coverage="0% (0/2)" missing-branches="382,417"/>
						<line number="382" hits="0"/>
						<line number="383" hits="0" branch="true" condition-coverage="0% (0/2)" missing-branches="384,388"/>
						<line number="384" hits="0"/>
						<line number="385" hits="0" branch="true" condition-coverage="0% (0/2)" missing-branches="386,388"/>
						<line number="386" hits="0"/>
						<line number="388" hits="0" branch="true" condition-coverage="0% (0/2)" missing-branches="389,393"/>
						<line number="389" hits="0"/>
						<line number="390" hits="0" branch="true" condition-coverage="0% (0/2)" missing-branches="391,393"/>
						<line number="391" hits="0"/>
						<line number="393" hits="0"/>
						<line number="396" hits="0" branch="true" condition-coverage="0% (0/2)" missing-branches="397,403"/>
						<line number="397" hits="0"/>
						<line number="398" hits="0" branch="true" condition-coverage="0% (0/2)" missing-branches="399,403"/>
						<line number="399" hits="0"/>
						<line number="400" hits="0"/>
						<line number="403" hits="0" branch="true" condition-coverage="0% (0/2)" missing-branches="404,417"/>
						<line number="404" hits="0" branch="true" condition-coverage="0% (0/2)" missing-branches="405,409"/>
						<line number="405" hits="0"/>
						<line number="406" hits="0" branch="true" condition-coverage="0% (0/2)" missing-branches="403,407"/>
						<line number="407" hits="0"/>
						<line number="408" hits="0"/>
						<line number="409" hits="0" branch="true" condition-coverage="0% (0/2)" missing-branches="403,411"/>
						<line number="411" hits="0"/>
						<line number="412" hits="0" branch="true" condition-coverage="0% (0/2)" missing-branches="403,413"/>
						<line number="413" hits="0"/>
						<line number="414" hits="0"/>
						<line number="417" hits="0"/>
						<line number="418" hits="0" branch="true" condition-coverage="0% (0/2)" missing-branches="419,421"/>
						<line number="419" hits="0"/>
						<line number="421" hits="0"/>
						<line number="424" hits="0" branch="true" condition-coverage="0% (0/2)" missing-branches="425,433"/>
						<line number="425" hits="0"/>
						<line number="426" hits="0"/>
						<line number="428" hits="0"/>
						<line number="429" hits="0"/>
						<line number="430" hits="0"/>
						<line number="431" hits="0"/>
						<line number="433" hits="0"/>
						<line number="435" hits="0"/>
						<line number="437" hits="0"/>
						<line number="439" hits="0"/>
						<line number="446" hits="0"/>
						<line number="448" hits="0"/>
						<line number="449" hits="0"/>
						<line number="451" hits="0" branch="true" condition-coverage="0% (0/2)" missing-branches="452,456"/>
						<line number="452" hits="0"/>
						<line number="453" hits="0"/>
						<line number="454" hits="0"/>
						<line number="456" hits="0"/>
						<line number="459" hits="0"/>
						<line number="460" hits="0"/>
						<line number="462" hits="0" branch="true" condition-coverage="0% (0/2)" missing-branches="463,466"/>
						<line number="463" hits="0"/>
						<line number="464" hits="0"/>
						<line number="466" hits="0"/>
						<line number="467" hits="0"/>
						<line number="468" hits="0" branch="true" condition-coverage="0% (0/2)" missing-branches="469,473"/>
						<line number="469" hits="0"/>
						<line number="470" hits="0"/>
						<line number="471" hits="0"/>
						<line number="473" hits="0"/>
						<line number="474" hits="0"/>
						<line number="475" hits="0"/>
						<line number="476" hits="0"/>
						<line number="477" hits="0"/>
						<line number="480" hits="0"/>
						<line number="481" hits="0"/>
						<line number="482" hits="0"/>
						<line number="485" hits="0"/>
						<line number="486" hits="0"/>
						<line number="487" hits="0"/>
						<line number="490" hits="0" branch="true" condition-coverage="0% (0/2)" missing-branches="492,504"/>
						<line number="492" hits="0"/>
						<line number="493" hits="0"/>
						<line number="494" hits="0"/>
						<line number="495" hits="0"/>
						<line number="497" hits="0" branch="true" condition-coverage="0% (0/2)" missing-branches="498,501"/>
						<line number="498" hits="0"/>
						<line number="499" hits="0"/>
						<line number="501" hits="0"/>
						<line number="504" hits="0"/>
						<line number="505" hits="0"/>
						<line number="508" hits="0"/>
						<line number="509" hits="0" branch="true" condition-coverage="0% (0/2)" missing-branches="510,512"/>
						<line number="510" hits="0"/>
						<line number="512" hits="0"/>
						<line number="514" hits="0"/>
						<line number="515" hits="0"/>
						<line number="516" hits="0"/>
						<line number="517" hits="0"/>
						<line number="519" hits="0"/>
						<line number="521" hits="0"/>
						<line number="523" hits="0"/>
						<line number="525" hits="0"/>
						<line number="527" hits="0"/>
						<line number="529" hits="0" branch="true" condition-coverage="0% (0/2)" missing-branches="530,548"/>
						<line number="530" hits="0"/>
						<line number="531" hits="0"/>
						<line number="532" hits="0"/>
						<line number="535" hits="0"/>
						<line number="536" hits="0"/>
						<line number="537" hits="0"/>
						<line number="538" hits="0"/>
						<line number="539" hits="0"/>
						<line number="541" hits="0"/>
						<line number="548" hits="0"/>
						<line number="550" hits="0"/>
						<line number="552" hits="0"/>
						<line number="554" hits="0"/>
						<line number="561" hits="0"/>
						<line number="563" hits="0"/>
						<line number="564" hits="0"/>
						<line number="566" hits="0"/>
						<line number="567" hits="0"/>
						<line number="568" hits="0"/>
						<line number="570" hits="0" branch="true" condition-coverage="0% (0/2)" missing-branches="571,575"/>
						<line number="571" hits="0"/>
						<line number="572" hits="0"/>
						<line number="575" hits="0"/>
						<line number="576" hits="0" branch="true" condition-coverage="0% (0/2)" missing-branches="577,594"/>
						<line number="577" hits="0"/>
						<line number="580" hits="0"/>
						<line number="585" hits="0" branch="true" condition-coverage="0% (0/2)" missing-branches="586,594"/>
						<line number="586" hits="0"/>
						<line number="587" hits="0"/>
						<line number="589" hits="0" branch="true" condition-coverage="0% (0/2)" missing-branches="590,594"/>
						<line number="590" hits="0"/>
						<line number="591" hits="0"/>
						<line number="594" hits="0"/>
						<line number="601" hits="0" branch="true" condition-coverage="0% (0/2)" missing-branches="602,607"/>
						<line number="602" hits="0" branch="true" condition-coverage="0% (0/2)" missing-branches="601,603"/>
						<line number="603" hits="0"/>
						<line number="604" hits="0"/>
						<line number="607" hits="0"/>
						<line number="608" hits="0"/>
						<line number="610" hits="0" branch="true" condition-coverage="0% (0/2)" missing-branches="611,616"/>
						<line number="611" hits="0" branch="true" condition-coverage="0% (0/2)" missing-branches="612,616"/>
						<line number="612" hits="0"/>
						<line number="613" hits="0"/>
						<line number="616" hits="0"/>
						<line number="622" hits="0" branch="true" condition-coverage="0% (0/2)" missing-branches="623,634"/>
						<line number="623" hits="0" branch="true" condition-coverage="0% (0/2)" missing-branches="624,634"/>
						<line number="624" hits="0" branch="true" condition-coverage="0% (0/2)" missing-branches="623,625"/>
						<line number="625" hits="0"/>
						<line number="626" hits="0"/>
						<line number="627" hits="0"/>
						<line number="629" hits="0"/>
						<line number="630" hits="0"/>
						<line number="631" hits="0"/>
						<line number="632" hits="0"/>
						<line number="634" hits="0"/>
						<line number="636" hits="0"/>
						<line number="638" hits="0"/>
						<line number="640" hits="0"/>
						<line number="647" hits="0"/>
						<line number="649" hits="0"/>
						<line number="650" hits="0"/>
						<line number="653" hits="0"/>
						<line number="654" hits="0"/>
						<line number="656" hits="0" branch="true" condition-coverage="0% (0/2)" missing-branches="657,661"/>
						<line number="657" hits="0"/>
						<line number="658" hits="0"/>
						<line number="661" hits="0"/>
						<line number="662" hits="0"/>
						<line number="664" hits="0"/>
						<line number="669" hits="0"/>
						<line number="670" hits="0" branch="true" condition-coverage="0% (0/2)" missing-branches="671,674"/>
						<line number="671" hits="0"/>
						<line number="672" hits="0"/>
						<line number="674" hits="0"/>
						<line number="677" hits="0"/>
						<line number="678" hits="0"/>
						<line number="679" hits="0"/>
						<line number="681" hits="0" branch="true" condition-coverage="0% (0/2)" missing-branches="682,686"/>
						<line number="682" hits="0"/>
						<line number="683" hits="0"/>
						<line number="686" hits="0"/>
						<line number="687" hits="0"/>
						<line number="689" hits="0" branch="true" condition-coverage="0% (0/2)" missing-branches="690,694"/>
						<line number="690" hits="0"/>
						<line number="691" hits="0"/>
						<line number="694" hits="0"/>
						<line number="695" hits="0"/>
						<line number="696" hits="0"/>
						<line number="698" hits="0"/>
						<line number="699" hits="0"/>
						<line number="700" hits="0"/>
						<line number="703" hits="0"/>
						<line number="704" hits="0" branch="true" condition-coverage="0% (0/2)" missing-branches="705,710"/>
						<line number="705" hits="0"/>
						<line number="706" hits="0"/>
						<line number="707" hits="0"/>
						<line number="710" hits="0" branch="true" condition-coverage="0% (0/2)" missing-branches="711,714"/>
						<line number="711" hits="0"/>
						<line number="712" hits="0"/>
						<line number="714" hits="0" branch="true" condition-coverage="0% (0/2)" missing-branches="715,723"/>
						<line number="715" hits="0"/>
						<line number="716" hits="0"/>
						<line number="718" hits="0"/>
						<line number="719" hits="0"/>
						<line number="720" hits="0"/>
						<line number="721" hits="0"/>
						<line number="723" hits="0"/>
						<line number="725" hits="0"/>
						<line number="727" hits="0"/>
						<line number="729" hits="0"/>
						<line number="736" hits="0"/>
						<line number="737" hits="0"/>
						<line number="740" hits="0"/>
						<line number="741" hits="0"/>
						<line number="742" hits="0"/>
						<line number="744" hits="0" branch="true" condition-coverage="0% (0/2)" missing-branches="745,747"/>
						<line number="745" hits="0"/>
						<line number="747" hits="0" branch="true" condition-coverage="0% (0/2)" missing-branches="748,756"/>
						<line number="748" hits="0"/>
						<line number="749" hits="0"/>
						<line number="750" hits="0"/>
						<line number="751" hits="0"/>
						<line number="752" hits="0"/>
						<line number="753" hits="0"/>
						<line number="756" hits="0"/>
						<line number="757" hits="0"/>
						<line number="759" hits="0" branch="true" condition-coverage="0% (0/2)" missing-branches="760,764"/>
						<line number="760" hits="0"/>
						<line number="761" hits="0"/>
						<line number="764" hits="0"/>
						<line number="765" hits="0" branch="true" condition-coverage="0% (0/2)" missing-branches="766,771"/>
						<line number="766" hits="0"/>
						<line number="767" hits="0"/>
						<line number="768" hits="0"/>
						<line number="771" hits="0"/>
						<line number="772" hits="0"/>
						<line number="774" hits="0" branch="true" condition-coverage="0% (0/2)" missing-branches="775,779"/>
						<line number="775" hits="0"/>
						<line number="776" hits="0"/>
						<line number="779" hits="0"/>
						<line number="785" hits="0" branch="true" condition-coverage="0% (0/2)" missing-branches="786,792"/>
						<line number="786" hits="0" branch="true" condition-coverage="0% (0/2)" missing-branches="785,787"/>
						<line number="787" hits="0"/>
						<line number="788" hits="0"/>
						<line number="789" hits="0"/>
						<line number="792" hits="0" branch="true" condition-coverage="0% (0/2)" missing-branches="793,812"/>
						<line number="793" hits="0"/>
						<line number="794" hits="0"/>
						<line number="797" hits="0" branch="true" condition-coverage="0% (0/2)" missing-branches="798,803"/>
						<line number="798" hits="0"/>
						<line number="799" hits="0"/>
						<line number="800" hits="0"/>
						<line number="803" hits="0" branch="true" condition-coverage="0% (0/2)" missing-branches="804,812"/>
						<line number="804" hits="0"/>
						<line number="805" hits="0"/>
						<line number="807" hits="0"/>
						<line number="808" hits="0"/>
						<line number="809" hits="0"/>
						<line number="810" hits="0"/>
						<line number="812" hits="0"/>
						<line number="814" hits="0"/>
						<line number="816" hits="0" branch="true" condition-coverage="0% (0/2)" missing-branches="817,818"/>
						<line number="817" hits="0"/>
						<line number="818" hits="0" branch="true" condition-coverage="0% (0/2)" missing-branches="819,820"/>
						<line number="819" hits="0"/>
						<line number="820" hits="0" branch="true" condition-coverage="0% (0/2)" missing-branches="821,823"/>
						<line number="821" hits="0"/>
						<line number="823" hits="0"/>
						<line number="825" hits="0"/>
						<line number="827" hits="0"/>
						<line number="829" hits="0"/>
						<line number="836" hits="0"/>
						<line number="838" hits="0"/>
						<line number="839" hits="0"/>
						<line number="840" hits="0"/>
						<line number="841" hits="0"/>
						<line number="842" hits="0"/>
						<line number="843" hits="0"/>
						<line number="845" hits="0" branch="true" condition-coverage="0% (0/2)" missing-branches="846,850"/>
						<line number="846" hits="0"/>
						<line number="847" hits="0" branch="true" condition-coverage="0% (0/2)" missing-branches="848,850"/>
						<line number="848" hits="0"/>
						<line number="850" hits="0" branch="true" condition-coverage="0% (0/2)" missing-branches="851,856"/>
						<line number="851" hits="0"/>
						<line number="852" hits="0" branch="true" condition-coverage="0% (0/2)" missing-branches="853,856"/>
						<line number="853" hits="0"/>
						<line number="856" hits="0"/>
						<line number="857" hits="0" branch="true" condition-coverage="0% (0/2)" missing-branches="858,869"/>
						<line number="858" hits="0"/>
						<line number="859" hits="0"/>
						<line number="861" hits="0" branch="true" condition-coverage="0% (0/2)" missing-branches="862,865"/>
						<line number="862" hits="0" branch="true" condition-coverage="0% (0/2)" missing-branches="863,865"/>
						<line number="863" hits="0"/>
						<line number="865" hits="0" branch="true" condition-coverage="0% (0/2)" missing-branches="857,866"/>
						<line number="866" hits="0" branch="true" condition-coverage="0% (0/2)" missing-branches="857,867"/>
						<line number="867" hits="0"/>
						<line number="869" hits="0" branch="true" condition-coverage="0% (0/2)" missing-branches="870,874"/>
						<line number="870" hits="0"/>
						<line number="871" hits="0" branch="true" condition-coverage="0% (0/2)" missing-branches="872,874"/>
						<line number="872" hits="0"/>
						<line number="874" hits="0"/>
						<line number="877" hits="0" branch="true" condition-coverage="0% (0/2)" missing-branches="878,879"/>
						<line number="878" hits="0"/>
						<line number="879" hits="0" branch="true" condition-coverage="0% (0/2)" missing-branches="880,882"/>
						<line number="880" hits="0"/>
						<line number="882" hits="0"/>
						<line number="884" hits="0"/>
						<line number="887" hits="0"/>
						<line number="889" hits="0"/>
						<line number="891" hits="0"/>
						<line number="892" hits="0"/>
						<line number="893" hits="0"/>
						<line number="894" hits="0"/>
						<line number="897" hits="0"/>
						<line number="898" hits="0"/>
						<line number="901" hits="0"/>
						<line number="902" hits="0"/>
						<line number="904" hits="0" branch="true" condition-coverage="0% (0/2)" missing-branches="905,908"/>
						<line number="905" hits="0"/>
						<line number="906" hits="0"/>
						<line number="908" hits="0"/>
						<line number="911" hits="0" branch="true" condition-coverage="0% (0/2)" missing-branches="912,913"/>
						<line number="912" hits="0"/>
						<line number="913" hits="0" branch="true" condition-coverage="0% (0/2)" missing-branches="914,916"/>
						<line number="914" hits="0"/>
						<line number="916" hits="0"/>
						<line number="919" hits="0" branch="true" condition-coverage="0% (0/2)" missing-branches="exit,920"/>
						<line number="920" hits="0"/>
					</lines>
				</class>
			</classes>
		</package>
	</packages>
</coverage>
