<?xml version="1.0" encoding="utf-8"?><testsuites name="pytest tests"><testsuite name="pytest" errors="6" failures="0" skipped="1" tests="7" time="11.953" timestamp="2025-09-07T17:38:49.323581-07:00" hostname="Anthony"><testcase classname="tests.e2e.test_auth_service_business_flows" name="TestAuthServiceBusinessFlows" time="0.000"><error message="collection failure">C:\Users\antho\AppData\Roaming\Python\Python312\site-packages\_pytest\runner.py:344: in from_call
    result: TResult | None = func()
                             ^^^^^^
C:\Users\antho\AppData\Roaming\Python\Python312\site-packages\_pytest\runner.py:389: in collect
    return list(collector.collect())
                ^^^^^^^^^^^^^^^^^^^
C:\Users\antho\AppData\Roaming\Python\Python312\site-packages\_pytest\python.py:752: in collect
    self.warn(
C:\Users\antho\AppData\Roaming\Python\Python312\site-packages\_pytest\nodes.py:271: in warn
    warnings.warn_explicit(
E   pytest.PytestCollectionWarning: cannot collect test class 'TestAuthServiceBusinessFlows' because it has a __init__ constructor (from: tests/e2e/test_auth_service_business_flows.py)</error></testcase><testcase classname="tests.e2e.test_complete_oauth_login_flow" name="TestCompleteOAuthLoginFlow" time="0.000"><error message="collection failure">C:\Users\antho\AppData\Roaming\Python\Python312\site-packages\_pytest\runner.py:344: in from_call
    result: TResult | None = func()
                             ^^^^^^
C:\Users\antho\AppData\Roaming\Python\Python312\site-packages\_pytest\runner.py:389: in collect
    return list(collector.collect())
                ^^^^^^^^^^^^^^^^^^^
C:\Users\antho\AppData\Roaming\Python\Python312\site-packages\_pytest\python.py:752: in collect
    self.warn(
C:\Users\antho\AppData\Roaming\Python\Python312\site-packages\_pytest\nodes.py:271: in warn
    warnings.warn_explicit(
E   pytest.PytestCollectionWarning: cannot collect test class 'TestCompleteOAuthLoginFlow' because it has a __init__ constructor (from: tests/e2e/test_complete_oauth_login_flow.py)</error></testcase><testcase classname="tests.e2e.test_cross_service_authentication" name="TestCrossServiceAuthentication" time="0.000"><error message="collection failure">C:\Users\antho\AppData\Roaming\Python\Python312\site-packages\_pytest\runner.py:344: in from_call
    result: TResult | None = func()
                             ^^^^^^
C:\Users\antho\AppData\Roaming\Python\Python312\site-packages\_pytest\runner.py:389: in collect
    return list(collector.collect())
                ^^^^^^^^^^^^^^^^^^^
C:\Users\antho\AppData\Roaming\Python\Python312\site-packages\_pytest\python.py:752: in collect
    self.warn(
C:\Users\antho\AppData\Roaming\Python\Python312\site-packages\_pytest\nodes.py:271: in warn
    warnings.warn_explicit(
E   pytest.PytestCollectionWarning: cannot collect test class 'TestCrossServiceAuthentication' because it has a __init__ constructor (from: tests/e2e/test_cross_service_authentication.py)</error></testcase><testcase classname="" name="tests.integration.auth.test_jwt_token_validation_integration" time="0.000"><error message="collection failure">ImportError while importing test module 'C:\Users\antho\OneDrive\Desktop\Netra\netra-core-generation-1\auth_service\tests\integration\auth\test_jwt_token_validation_integration.py'.
Hint: make sure your test modules/packages have valid Python names.
Traceback:
C:\Users\antho\AppData\Roaming\Python\Python312\site-packages\_pytest\python.py:498: in importtestmodule
    mod = import_path(
C:\Users\antho\AppData\Roaming\Python\Python312\site-packages\_pytest\pathlib.py:587: in import_path
    importlib.import_module(module_name)
C:\Users\antho\miniconda3\Lib\importlib\__init__.py:90: in import_module
    return _bootstrap._gcd_import(name[level:], package, level)
           ^^^^^^^^^^^^^^^^^^^^^^^^^^^^^^^^^^^^^^^^^^^^^^^^^^^^
&lt;frozen importlib._bootstrap&gt;:1387: in _gcd_import
    ???
&lt;frozen importlib._bootstrap&gt;:1360: in _find_and_load
    ???
&lt;frozen importlib._bootstrap&gt;:1331: in _find_and_load_unlocked
    ???
&lt;frozen importlib._bootstrap&gt;:935: in _load_unlocked
    ???
C:\Users\antho\AppData\Roaming\Python\Python312\site-packages\_pytest\assertion\rewrite.py:186: in exec_module
    exec(co, module.__dict__)
tests\integration\auth\test_jwt_token_validation_integration.py:25: in &lt;module&gt;
    from auth_service.auth_core.jwt_handler import JWTHandler
E   ModuleNotFoundError: No module named 'auth_service.auth_core.jwt_handler'</error></testcase><testcase classname="" name="tests.integration.test_auth_database_business_integration" time="0.000"><error message="collection failure">ImportError while importing test module 'C:\Users\antho\OneDrive\Desktop\Netra\netra-core-generation-1\auth_service\tests\integration\test_auth_database_business_integration.py'.
Hint: make sure your test modules/packages have valid Python names.
Traceback:
C:\Users\antho\AppData\Roaming\Python\Python312\site-packages\_pytest\python.py:498: in importtestmodule
    mod = import_path(
C:\Users\antho\AppData\Roaming\Python\Python312\site-packages\_pytest\pathlib.py:587: in import_path
    importlib.import_module(module_name)
C:\Users\antho\miniconda3\Lib\importlib\__init__.py:90: in import_module
    return _bootstrap._gcd_import(name[level:], package, level)
           ^^^^^^^^^^^^^^^^^^^^^^^^^^^^^^^^^^^^^^^^^^^^^^^^^^^^
&lt;frozen importlib._bootstrap&gt;:1387: in _gcd_import
    ???
&lt;frozen importlib._bootstrap&gt;:1360: in _find_and_load
    ???
&lt;frozen importlib._bootstrap&gt;:1331: in _find_and_load_unlocked
    ???
&lt;frozen importlib._bootstrap&gt;:935: in _load_unlocked
    ???
C:\Users\antho\AppData\Roaming\Python\Python312\site-packages\_pytest\assertion\rewrite.py:186: in exec_module
    exec(co, module.__dict__)
tests\integration\test_auth_database_business_integration.py:41: in &lt;module&gt;
    from auth_service.auth_core.database.models import User, Session, OAuthAccount, AuditLog, Base
E   ImportError: cannot import name 'User' from 'auth_service.auth_core.database.models' (C:\Users\antho\OneDrive\Desktop\Netra\netra-core-generation-1\auth_service\auth_core\database\models.py)</error></testcase><testcase classname="" name="tests.integration.test_auth_registration_login_integration" time="0.000"><error message="collection failure">ImportError while importing test module 'C:\Users\antho\OneDrive\Desktop\Netra\netra-core-generation-1\auth_service\tests\integration\test_auth_registration_login_integration.py'.
Hint: make sure your test modules/packages have valid Python names.
Traceback:
C:\Users\antho\AppData\Roaming\Python\Python312\site-packages\_pytest\python.py:498: in importtestmodule
    mod = import_path(
C:\Users\antho\AppData\Roaming\Python\Python312\site-packages\_pytest\pathlib.py:587: in import_path
    importlib.import_module(module_name)
C:\Users\antho\miniconda3\Lib\importlib\__init__.py:90: in import_module
    return _bootstrap._gcd_import(name[level:], package, level)
           ^^^^^^^^^^^^^^^^^^^^^^^^^^^^^^^^^^^^^^^^^^^^^^^^^^^^
&lt;frozen importlib._bootstrap&gt;:1387: in _gcd_import
    ???
&lt;frozen importlib._bootstrap&gt;:1360: in _find_and_load
    ???
&lt;frozen importlib._bootstrap&gt;:1331: in _find_and_load_unlocked
    ???
&lt;frozen importlib._bootstrap&gt;:935: in _load_unlocked
    ???
C:\Users\antho\AppData\Roaming\Python\Python312\site-packages\_pytest\assertion\rewrite.py:186: in exec_module
    exec(co, module.__dict__)
tests\integration\test_auth_registration_login_integration.py:33: in &lt;module&gt;
    from auth_service.models import User
E   ModuleNotFoundError: No module named 'auth_service.models'</error></testcase><testcase classname="" name="tests.test_auth_real_services_comprehensive" time="0.000"><skipped message="collection skipped">('C:\\Users\\antho\\OneDrive\\Desktop\\Netra\\netra-core-generation-1\\auth_service\\tests\\test_auth_real_services_comprehensive.py', 50, 'Skipped: Test framework functions have been removed')</skipped></testcase></testsuite></testsuites>