<?xml version="1.0" encoding="utf-8"?><testsuites name="pytest tests"><testsuite name="pytest" errors="55" failures="218" skipped="0" tests="1162" time="46.440" timestamp="2025-09-07T21:50:37.283849-07:00" hostname="Anthony"><testcase classname="tests.unit.test_auth_config_comprehensive.TestAuthConfigBasics" name="test_get_environment" time="0.134" /><testcase classname="tests.unit.test_auth_config_comprehensive.TestAuthConfigBasics" name="test_get_jwt_secret" time="0.000" /><testcase classname="tests.unit.test_auth_config_comprehensive.TestAuthConfigBasics" name="test_get_jwt_algorithm" time="0.000" /><testcase classname="tests.unit.test_auth_config_comprehensive.TestAuthConfigBasics" name="test_get_jwt_access_expiry_minutes" time="0.000" /><testcase classname="tests.unit.test_auth_config_comprehensive.TestAuthConfigBasics" name="test_get_jwt_refresh_expiry_days" time="0.000" /><testcase classname="tests.unit.test_auth_config_comprehensive.TestAuthConfigBasics" name="test_get_jwt_service_expiry_minutes" time="0.000" /><testcase classname="tests.unit.test_auth_config_comprehensive.TestAuthConfigBasics" name="test_get_service_secret" time="0.000" /><testcase classname="tests.unit.test_auth_config_comprehensive.TestAuthConfigBasics" name="test_get_service_id" time="0.000" /><testcase classname="tests.unit.test_auth_config_comprehensive.TestAuthConfigBasics" name="test_get_database_url" time="0.001" /><testcase classname="tests.unit.test_auth_config_comprehensive.TestAuthConfigBasics" name="test_get_redis_url" time="0.000" /><testcase classname="tests.unit.test_auth_config_comprehensive.TestAuthConfigBasics" name="test_get_cors_origins" time="0.000" /><testcase classname="tests.unit.test_auth_config_comprehensive.TestAuthConfigBasics" name="test_get_api_base_url" time="0.000" /><testcase classname="tests.unit.test_auth_config_comprehensive.TestAuthConfigBasics" name="test_get_frontend_url" time="0.000" /><testcase classname="tests.unit.test_auth_config_comprehensive.TestAuthConfigBasics" name="test_is_development" time="0.000" /><testcase classname="tests.unit.test_auth_config_comprehensive.TestAuthConfigBasics" name="test_is_production" time="0.000" /><testcase classname="tests.unit.test_auth_config_comprehensive.TestAuthConfigBasics" name="test_is_test" time="0.000" /><testcase classname="tests.unit.test_auth_config_comprehensive.TestAuthConfigGoogleOAuth" name="test_get_google_client_id" time="0.000" /><testcase classname="tests.unit.test_auth_config_comprehensive.TestAuthConfigGoogleOAuth" name="test_get_google_client_secret" time="0.000" /><testcase classname="tests.unit.test_auth_config_comprehensive.TestAuthConfigGoogleOAuth" name="test_google_oauth_enabled" time="0.000" /><testcase classname="tests.unit.test_auth_config_comprehensive.TestAuthConfigGoogleOAuth" name="test_get_google_oauth_redirect_uri" time="0.000" /><testcase classname="tests.unit.test_auth_config_comprehensive.TestAuthConfigGoogleOAuth" name="test_get_google_oauth_scopes" time="0.000" /><testcase classname="tests.unit.test_auth_config_comprehensive.TestAuthConfigDatabase" name="test_get_database_host" time="0.000" /><testcase classname="tests.unit.test_auth_config_comprehensive.TestAuthConfigDatabase" name="test_get_database_port" time="0.000" /><testcase classname="tests.unit.test_auth_config_comprehensive.TestAuthConfigDatabase" name="test_get_database_name" time="0.000" /><testcase classname="tests.unit.test_auth_config_comprehensive.TestAuthConfigDatabase" name="test_get_database_user" time="0.000" /><testcase classname="tests.unit.test_auth_config_comprehensive.TestAuthConfigDatabase" name="test_get_database_password" time="0.000" /><testcase classname="tests.unit.test_auth_config_comprehensive.TestAuthConfigDatabase" name="test_get_database_pool_size" time="0.000" /><testcase classname="tests.unit.test_auth_config_comprehensive.TestAuthConfigDatabase" name="test_get_database_max_overflow" time="0.000" /><testcase classname="tests.unit.test_auth_config_comprehensive.TestAuthConfigDatabase" name="test_use_sqlite_in_test" time="0.000" /><testcase classname="tests.unit.test_auth_config_comprehensive.TestAuthConfigRedis" name="test_get_redis_host" time="0.000" /><testcase classname="tests.unit.test_auth_config_comprehensive.TestAuthConfigRedis" name="test_get_redis_port" time="0.000" /><testcase classname="tests.unit.test_auth_config_comprehensive.TestAuthConfigRedis" name="test_get_redis_db" time="0.000" /><testcase classname="tests.unit.test_auth_config_comprehensive.TestAuthConfigRedis" name="test_get_redis_password" time="0.000" /><testcase classname="tests.unit.test_auth_config_comprehensive.TestAuthConfigRedis" name="test_redis_enabled" time="0.000" /><testcase classname="tests.unit.test_auth_config_comprehensive.TestAuthConfigRedis" name="test_redis_disabled_in_test" time="0.000" /><testcase classname="tests.unit.test_auth_config_comprehensive.TestAuthConfigRedis" name="test_get_redis_ttl" time="0.000" /><testcase classname="tests.unit.test_auth_config_comprehensive.TestAuthConfigSecurity" name="test_get_bcrypt_rounds" time="0.000" /><testcase classname="tests.unit.test_auth_config_comprehensive.TestAuthConfigSecurity" name="test_get_password_min_length" time="0.000" /><testcase classname="tests.unit.test_auth_config_comprehensive.TestAuthConfigSecurity" name="test_get_max_login_attempts" time="0.000" /><testcase classname="tests.unit.test_auth_config_comprehensive.TestAuthConfigSecurity" name="test_get_account_lockout_duration" time="0.000" /><testcase classname="tests.unit.test_auth_config_comprehensive.TestAuthConfigSecurity" name="test_get_session_timeout" time="0.000" /><testcase classname="tests.unit.test_auth_config_comprehensive.TestAuthConfigSecurity" name="test_require_email_verification" time="0.000" /><testcase classname="tests.unit.test_auth_config_comprehensive.TestAuthConfigSecurity" name="test_get_token_blacklist_ttl" time="0.000" /><testcase classname="tests.unit.test_auth_config_comprehensive.TestAuthConfigSecurity" name="test_get_rate_limit_requests" time="0.000" /><testcase classname="tests.unit.test_auth_config_comprehensive.TestAuthConfigSecurity" name="test_get_allowed_origins" time="0.000" /><testcase classname="tests.unit.test_auth_config_comprehensive.TestAuthConfigDefaults" name="test_default_values_when_env_empty" time="0.000" /><testcase classname="tests.unit.test_auth_config_comprehensive.TestAuthConfigDefaults" name="test_type_conversion" time="0.000" /><testcase classname="tests.unit.test_auth_config_comprehensive.TestAuthConfigDefaults" name="test_boolean_conversion" time="0.000" /><testcase classname="tests.unit.test_auth_config_comprehensive.TestAuthConfigDefaults" name="test_list_conversion" time="0.000" /><testcase classname="tests.unit.test_auth_config_comprehensive.TestAuthConfigDefaults" name="test_environment_specific_defaults" time="0.000" /><testcase classname="tests.unit.test_auth_config_comprehensive.TestAuthConfigValidation" name="test_validate_jwt_secret_length" time="0.000"><failure message="Failed: DID NOT RAISE &lt;class 'ValueError'&gt;">E   Failed: DID NOT RAISE &lt;class 'ValueError'&gt;</failure></testcase><testcase classname="tests.unit.test_auth_config_comprehensive.TestAuthConfigValidation" name="test_validate_service_secret_length" time="0.000" /><testcase classname="tests.unit.test_auth_config_comprehensive.TestAuthConfigValidation" name="test_validate_database_url_format" time="0.001" /><testcase classname="tests.unit.test_auth_config_comprehensive.TestAuthConfigValidation" name="test_validate_redis_url_format" time="0.000" /><testcase classname="tests.unit.test_auth_endpoint_response_consistency.TestAuthEndpointResponseFormats" name="test_login_endpoint_response_format" time="0.017" /><testcase classname="tests.unit.test_auth_endpoint_validation_security.TestAuthEndpointInputValidation" name="test_login_endpoint_validates_required_fields" time="0.014" /><testcase classname="tests.unit.test_auth_environment_comprehensive.TestAuthEnvironmentInitialization" name="test_initialization_with_minimal_config" time="0.001" /><testcase classname="tests.unit.test_auth_environment_comprehensive.TestAuthEnvironmentInitialization" name="test_initialization_validates_config" time="0.001" /><testcase classname="tests.unit.test_auth_environment_comprehensive.TestAuthEnvironmentInitialization" name="test_validation_logs_missing_required_vars" time="0.001" /><testcase classname="tests.unit.test_auth_environment_comprehensive.TestJWTConfiguration" name="test_get_jwt_secret_key_uses_unified_manager" time="0.000" /><testcase classname="tests.unit.test_auth_environment_comprehensive.TestJWTConfiguration" name="test_get_jwt_secret_key_falls_back_on_unified_failure" time="0.001" /><testcase classname="tests.unit.test_auth_environment_comprehensive.TestJWTConfiguration" name="test_get_jwt_secret_key_environment_specific" time="0.001" /><testcase classname="tests.unit.test_auth_environment_comprehensive.TestJWTConfiguration" name="test_get_jwt_secret_key_generates_dev_fallback" time="0.001" /><testcase classname="tests.unit.test_auth_environment_comprehensive.TestJWTConfiguration" name="test_get_jwt_secret_key_generates_test_fallback" time="0.001" /><testcase classname="tests.unit.test_auth_environment_comprehensive.TestJWTConfiguration" name="test_get_jwt_secret_key_fails_for_staging_without_config" time="0.001" /><testcase classname="tests.unit.test_auth_environment_comprehensive.TestJWTConfiguration" name="test_get_jwt_secret_key_fails_for_production_without_config" time="0.001" /><testcase classname="tests.unit.test_auth_environment_comprehensive.TestJWTConfiguration" name="test_get_jwt_algorithm_environment_specific" time="0.001" /><testcase classname="tests.unit.test_auth_environment_comprehensive.TestJWTConfiguration" name="test_get_jwt_algorithm_respects_explicit_config" time="0.000" /><testcase classname="tests.unit.test_auth_environment_comprehensive.TestJWTConfiguration" name="test_get_jwt_expiration_minutes_environment_defaults" time="0.001" /><testcase classname="tests.unit.test_auth_environment_comprehensive.TestJWTConfiguration" name="test_get_jwt_expiration_minutes_respects_config" time="0.000" /><testcase classname="tests.unit.test_auth_environment_comprehensive.TestJWTConfiguration" name="test_get_jwt_expiration_minutes_handles_invalid_config" time="0.001" /><testcase classname="tests.unit.test_auth_environment_comprehensive.TestJWTConfiguration" name="test_get_refresh_token_expiration_days_environment_defaults" time="0.001" /><testcase classname="tests.unit.test_auth_environment_comprehensive.TestSecretKeyConfiguration" name="test_get_secret_key_with_explicit_config" time="0.000" /><testcase classname="tests.unit.test_auth_environment_comprehensive.TestSecretKeyConfiguration" name="test_get_secret_key_generates_dev_fallback" time="0.000" /><testcase classname="tests.unit.test_auth_environment_comprehensive.TestSecretKeyConfiguration" name="test_get_secret_key_generates_test_fallback" time="0.000" /><testcase classname="tests.unit.test_auth_environment_comprehensive.TestSecretKeyConfiguration" name="test_get_secret_key_fails_for_staging_without_config" time="0.001" /><testcase classname="tests.unit.test_auth_environment_comprehensive.TestSecretKeyConfiguration" name="test_get_bcrypt_rounds_environment_defaults" time="0.001" /><testcase classname="tests.unit.test_auth_environment_comprehensive.TestDatabaseConfiguration" name="test_get_database_url_uses_sqlite_for_test" time="0.001" /><testcase classname="tests.unit.test_auth_environment_comprehensive.TestDatabaseConfiguration" name="test_get_database_url_uses_builder_for_non_test" time="0.001" /><testcase classname="tests.unit.test_auth_environment_comprehensive.TestDatabaseConfiguration" name="test_get_database_url_fails_gracefully_when_builder_fails" time="0.001" /><testcase classname="tests.unit.test_auth_environment_comprehensive.TestDatabaseConfiguration" name="test_get_postgres_host_environment_defaults" time="0.001" /><testcase classname="tests.unit.test_auth_environment_comprehensive.TestDatabaseConfiguration" name="test_get_postgres_port_environment_defaults" time="0.001" /><testcase classname="tests.unit.test_auth_environment_comprehensive.TestDatabaseConfiguration" name="test_get_postgres_port_handles_invalid_config" time="0.001" /><testcase classname="tests.unit.test_auth_environment_comprehensive.TestDatabaseConfiguration" name="test_get_postgres_user_environment_defaults" time="0.001" /><testcase classname="tests.unit.test_auth_environment_comprehensive.TestDatabaseConfiguration" name="test_get_postgres_password_environment_defaults" time="0.001" /><testcase classname="tests.unit.test_auth_environment_comprehensive.TestDatabaseConfiguration" name="test_get_postgres_db_environment_defaults" time="0.001" /><testcase classname="tests.unit.test_auth_environment_comprehensive.TestRedisConfiguration" name="test_get_redis_url_environment_defaults" time="0.001" /><testcase classname="tests.unit.test_auth_environment_comprehensive.TestRedisConfiguration" name="test_get_redis_host_environment_defaults" time="0.001" /><testcase classname="tests.unit.test_auth_environment_comprehensive.TestRedisConfiguration" name="test_get_redis_port_environment_defaults" time="0.001" /><testcase classname="tests.unit.test_auth_environment_comprehensive.TestRedisConfiguration" name="test_get_redis_port_handles_invalid_config" time="0.001" /><testcase classname="tests.unit.test_auth_environment_comprehensive.TestRedisConfiguration" name="test_get_session_ttl_environment_defaults" time="0.001" /><testcase classname="tests.unit.test_auth_environment_comprehensive.TestOAuthConfiguration" name="test_get_oauth_google_client_id_tries_environment_specific_keys" time="0.001" /><testcase classname="tests.unit.test_auth_environment_comprehensive.TestOAuthConfiguration" name="test_get_oauth_google_client_id_falls_back_to_generic" time="0.000" /><testcase classname="tests.unit.test_auth_environment_comprehensive.TestOAuthConfiguration" name="test_get_oauth_google_client_id_returns_empty_for_missing_config" time="0.001" /><testcase classname="tests.unit.test_auth_environment_comprehensive.TestOAuthConfiguration" name="test_get_oauth_google_client_secret_environment_specific_behavior" time="0.000" /><testcase classname="tests.unit.test_auth_environment_comprehensive.TestOAuthConfiguration" name="test_get_oauth_github_client_id_simple_getter" time="0.000" /><testcase classname="tests.unit.test_auth_environment_comprehensive.TestOAuthConfiguration" name="test_get_oauth_github_client_secret_simple_getter" time="0.000" /><testcase classname="tests.unit.test_auth_environment_comprehensive.TestServiceURLConfiguration" name="test_get_auth_service_port_environment_defaults" time="0.001" /><testcase classname="tests.unit.test_auth_environment_comprehensive.TestServiceURLConfiguration" name="test_get_auth_service_host_environment_defaults" time="0.001" /><testcase classname="tests.unit.test_auth_environment_comprehensive.TestServiceURLConfiguration" name="test_get_backend_url_environment_defaults" time="0.001" /><testcase classname="tests.unit.test_auth_environment_comprehensive.TestServiceURLConfiguration" name="test_get_frontend_url_environment_defaults" time="0.001" /><testcase classname="tests.unit.test_auth_environment_comprehensive.TestServiceURLConfiguration" name="test_get_auth_service_url_constructs_from_host_and_port" time="0.001" /><testcase classname="tests.unit.test_auth_environment_comprehensive.TestServiceURLConfiguration" name="test_get_auth_service_url_production_default" time="0.000" /><testcase classname="tests.unit.test_auth_environment_comprehensive.TestServiceURLConfiguration" name="test_get_oauth_redirect_uri_deprecated_warning" time="0.000" /><testcase classname="tests.unit.test_auth_environment_comprehensive.TestEnvironmentDetection" name="test_get_environment_returns_lowercase" time="0.000" /><testcase classname="tests.unit.test_auth_environment_comprehensive.TestEnvironmentDetection" name="test_get_environment_defaults_to_development" time="0.000" /><testcase classname="tests.unit.test_auth_environment_comprehensive.TestEnvironmentDetection" name="test_is_production_detection" time="0.000" /><testcase classname="tests.unit.test_auth_environment_comprehensive.TestEnvironmentDetection" name="test_is_staging_detection" time="0.000" /><testcase classname="tests.unit.test_auth_environment_comprehensive.TestEnvironmentDetection" name="test_is_development_detection" time="0.001" /><testcase classname="tests.unit.test_auth_environment_comprehensive.TestEnvironmentDetection" name="test_is_testing_detection" time="0.000" /><testcase classname="tests.unit.test_auth_environment_comprehensive.TestCORSConfiguration" name="test_get_cors_origins_from_config" time="0.000" /><testcase classname="tests.unit.test_auth_environment_comprehensive.TestCORSConfiguration" name="test_get_cors_origins_environment_defaults" time="0.001" /><testcase classname="tests.unit.test_auth_environment_comprehensive.TestLoggingConfiguration" name="test_get_log_level_environment_defaults" time="0.001" /><testcase classname="tests.unit.test_auth_environment_comprehensive.TestLoggingConfiguration" name="test_get_log_level_respects_config" time="0.000" /><testcase classname="tests.unit.test_auth_environment_comprehensive.TestLoggingConfiguration" name="test_should_enable_debug_environment_defaults" time="0.001" /><testcase classname="tests.unit.test_auth_environment_comprehensive.TestLoggingConfiguration" name="test_should_enable_debug_respects_config" time="0.000" /><testcase classname="tests.unit.test_auth_environment_comprehensive.TestRateLimitingConfiguration" name="test_get_login_rate_limit_environment_defaults" time="0.001" /><testcase classname="tests.unit.test_auth_environment_comprehensive.TestRateLimitingConfiguration" name="test_get_login_rate_limit_period_environment_defaults" time="0.001" /><testcase classname="tests.unit.test_auth_environment_comprehensive.TestRateLimitingConfiguration" name="test_get_max_failed_login_attempts_environment_defaults" time="0.001" /><testcase classname="tests.unit.test_auth_environment_comprehensive.TestRateLimitingConfiguration" name="test_get_account_lockout_duration_default" time="0.000" /><testcase classname="tests.unit.test_auth_environment_comprehensive.TestRateLimitingConfiguration" name="test_get_account_lockout_duration_handles_invalid" time="0.000" /><testcase classname="tests.unit.test_auth_environment_comprehensive.TestPasswordPolicyConfiguration" name="test_get_min_password_length_environment_defaults" time="0.001" /><testcase classname="tests.unit.test_auth_environment_comprehensive.TestPasswordPolicyConfiguration" name="test_require_password_complexity_environment_defaults" time="0.001" /><testcase classname="tests.unit.test_auth_environment_comprehensive.TestEmailConfiguration" name="test_get_smtp_host_simple_getter" time="0.000" /><testcase classname="tests.unit.test_auth_environment_comprehensive.TestEmailConfiguration" name="test_get_smtp_port_handles_conversion" time="0.001" /><testcase classname="tests.unit.test_auth_environment_comprehensive.TestEmailConfiguration" name="test_get_smtp_from_email_default" time="0.000" /><testcase classname="tests.unit.test_auth_environment_comprehensive.TestEmailConfiguration" name="test_is_smtp_enabled_checks_required_fields" time="0.001" /><testcase classname="tests.unit.test_auth_environment_comprehensive.TestGenericAccessors" name="test_get_method" time="0.000" /><testcase classname="tests.unit.test_auth_environment_comprehensive.TestGenericAccessors" name="test_set_method" time="0.000" /><testcase classname="tests.unit.test_auth_environment_comprehensive.TestGenericAccessors" name="test_exists_method" time="0.000" /><testcase classname="tests.unit.test_auth_environment_comprehensive.TestGenericAccessors" name="test_get_all_method" time="0.000" /><testcase classname="tests.unit.test_auth_environment_comprehensive.TestValidationMethod" name="test_validate_success_with_all_required" time="0.001" /><testcase classname="tests.unit.test_auth_environment_comprehensive.TestValidationMethod" name="test_validate_fails_with_missing_jwt_secret" time="0.000" /><testcase classname="tests.unit.test_auth_environment_comprehensive.TestValidationMethod" name="test_validate_warns_about_insecure_defaults_in_production" time="0.001" /><testcase classname="tests.unit.test_auth_environment_comprehensive.TestValidationMethod" name="test_validate_warns_about_long_jwt_expiration" time="0.000" /><testcase classname="tests.unit.test_auth_environment_comprehensive.TestValidationMethod" name="test_validate_warns_about_weak_password_policy" time="0.001" /><testcase classname="tests.unit.test_auth_environment_comprehensive.TestSingletonBehavior" name="test_get_auth_env_returns_same_instance" time="0.001" /><testcase classname="tests.unit.test_auth_environment_comprehensive.TestSingletonBehavior" name="test_convenience_functions_use_singleton" time="0.001" /><testcase classname="tests.unit.test_auth_environment_comprehensive.TestErrorHandlingAndEdgeCases" name="test_handles_environment_variable_not_found_gracefully" time="0.000" /><testcase classname="tests.unit.test_auth_environment_comprehensive.TestErrorHandlingAndEdgeCases" name="test_handles_invalid_integer_configurations" time="0.002" /><testcase classname="tests.unit.test_auth_environment_comprehensive.TestErrorHandlingAndEdgeCases" name="test_oauth_redirect_uri_with_different_providers" time="0.000" /><testcase classname="tests.unit.test_auth_environment_comprehensive.TestErrorHandlingAndEdgeCases" name="test_database_url_builder_with_missing_dependencies" time="0.001" /><testcase classname="tests.unit.test_auth_environment_comprehensive.TestErrorHandlingAndEdgeCases" name="test_unified_jwt_secret_with_import_error" time="0.001" /><testcase classname="tests.unit.test_auth_environment_comprehensive.TestErrorHandlingAndEdgeCases" name="test_cors_origins_with_whitespace_in_config" time="0.001" /><testcase classname="tests.unit.test_auth_environment_comprehensive.TestErrorHandlingAndEdgeCases" name="test_environment_detection_case_insensitive" time="0.001" /><testcase classname="tests.unit.test_auth_environment_comprehensive.TestErrorHandlingAndEdgeCases" name="test_port_configuration_with_explicit_values" time="0.001" /><testcase classname="tests.unit.test_auth_environment_comprehensive.TestErrorHandlingAndEdgeCases" name="test_url_explicit_overrides" time="0.001" /><testcase classname="tests.unit.test_auth_environment_comprehensive.TestErrorHandlingAndEdgeCases" name="test_auth_service_url_localhost_conversion" time="0.001" /><testcase classname="tests.unit.test_auth_environment_comprehensive.TestErrorHandlingAndEdgeCases" name="test_integer_configuration_explicit_values" time="0.002" /><testcase classname="tests.unit.test_auth_environment_comprehensive.TestErrorHandlingAndEdgeCases" name="test_validate_method_comprehensive_coverage" time="0.002" /><testcase classname="tests.unit.test_auth_environment_comprehensive.TestErrorHandlingAndEdgeCases" name="test_database_url_builder_error_scenarios" time="0.001" /><testcase classname="tests.unit.test_auth_environment_comprehensive.TestErrorHandlingAndEdgeCases" name="test_all_explicit_configuration_getters" time="0.002" /><testcase classname="tests.unit.test_auth_environment_comprehensive.TestJWTSecretFallbackScenarios" name="test_jwt_secret_tries_all_fallback_keys" time="0.001" /><testcase classname="tests.unit.test_auth_environment_comprehensive.TestJWTSecretFallbackScenarios" name="test_jwt_secret_fails_for_unknown_environment" time="0.001" /><testcase classname="tests.unit.test_auth_environment_comprehensive.TestJWTSecretFallbackScenarios" name="test_jwt_secret_strips_whitespace" time="0.001" /><testcase classname="tests.unit.test_auth_environment_comprehensive.TestEnvironmentSpecificBehaviorEdgeCases" name="test_environment_fallback_patterns" time="0.001" /><testcase classname="tests.unit.test_auth_environment_comprehensive.TestEnvironmentSpecificBehaviorEdgeCases" name="test_testing_environment_detection_with_env_var" time="0.000" /><testcase classname="tests.unit.test_auth_environment_comprehensive.TestEnvironmentSpecificBehaviorEdgeCases" name="test_password_complexity_boolean_conversion" time="0.001"><failure message="assert True is False">E   assert True is False</failure></testcase><testcase classname="tests.unit.test_auth_environment_comprehensive.TestEnvironmentSpecificBehaviorEdgeCases" name="test_debug_enable_boolean_conversion" time="0.001" /><testcase classname="tests.unit.test_auth_environment_comprehensive.TestSecurityValidationComprehensive" name="test_validate_method_environment_reporting" time="0.001" /><testcase classname="tests.unit.test_auth_environment_comprehensive.TestSecurityValidationComprehensive" name="test_validate_catches_all_security_issues" time="0.001" /><testcase classname="tests.unit.test_auth_environment_comprehensive.TestConfigurationOverridePatterns" name="test_oauth_google_tries_all_key_patterns" time="0.001" /><testcase classname="tests.unit.test_auth_environment_comprehensive.TestConfigurationOverridePatterns" name="test_cors_origins_parsing_edge_cases" time="0.000" /><testcase classname="tests.unit.test_auth_environment_comprehensive.TestSecretGenerationAndFallbacks" name="test_secret_key_generation_consistency" time="0.000" /><testcase classname="tests.unit.test_auth_environment_comprehensive.TestSecretGenerationAndFallbacks" name="test_jwt_secret_generation_environment_specific" time="0.001" /><testcase classname="tests.unit.test_auth_service_basic.TestAuthServiceCore" name="test_create_user" time="0.069" /><testcase classname="tests.unit.test_auth_service_basic.TestAuthServiceCore" name="test_authenticate_user" time="0.125" /><testcase classname="tests.unit.test_auth_service_basic.TestAuthServiceCore" name="test_authenticate_with_wrong_password_fails" time="0.102" /><testcase classname="tests.unit.test_auth_service_basic.TestAuthServiceCore" name="test_create_access_token" time="0.051" /><testcase classname="tests.unit.test_auth_service_basic.TestAuthServiceCore" name="test_create_refresh_token" time="0.064" /><testcase classname="tests.unit.test_auth_service_basic.TestAuthServiceCore" name="test_validate_token" time="0.054" /><testcase classname="tests.unit.test_auth_service_basic.TestAuthServiceCore" name="test_refresh_tokens" time="0.052" /><testcase classname="tests.unit.test_auth_service_basic.TestAuthServiceCore" name="test_blacklist_token" time="0.063" /><testcase classname="tests.unit.test_auth_service_basic.TestAuthServiceCore" name="test_hash_and_verify_password" time="0.131" /><testcase classname="tests.unit.test_auth_service_basic.TestAuthServiceCore" name="test_register_user" time="0.053" /><testcase classname="tests.unit.test_auth_service_basic.TestAuthServiceCore" name="test_duplicate_registration_fails" time="0.105"><failure message="Failed: DID NOT RAISE &lt;class 'Exception'&gt;">E   Failed: DID NOT RAISE &lt;class 'Exception'&gt;</failure></testcase><testcase classname="tests.unit.test_auth_service_basic.TestAuthServiceCore" name="test_invalidate_user_sessions" time="0.053" /><testcase classname="tests.unit.test_auth_service_basic.TestAuthServiceCore" name="test_create_service_token" time="0.011" /><testcase classname="tests.unit.test_auth_service_comprehensive.TestAuthServiceBasics" name="test_register_user" time="0.046" /><testcase classname="tests.unit.test_auth_service_comprehensive.TestAuthServiceBasics" name="test_register_duplicate_email_fails" time="0.094"><failure message="Failed: DID NOT RAISE &lt;class 'ValueError'&gt;">E   Failed: DID NOT RAISE &lt;class 'ValueError'&gt;</failure></testcase><testcase classname="tests.unit.test_auth_service_comprehensive.TestAuthServiceBasics" name="test_login_with_valid_credentials" time="0.044"><failure message="AttributeError: 'str' object has no attribute 'provider'">E   AttributeError: 'str' object has no attribute 'provider'</failure></testcase><testcase classname="tests.unit.test_auth_service_comprehensive.TestAuthServiceBasics" name="test_login_with_invalid_password_fails" time="0.044"><failure message="AttributeError: 'str' object has no attribute 'provider'">E   AttributeError: 'str' object has no attribute 'provider'</failure></testcase><testcase classname="tests.unit.test_auth_service_comprehensive.TestAuthServiceBasics" name="test_login_with_nonexistent_user_fails" time="0.001"><failure message="AttributeError: 'str' object has no attribute 'provider'">E   AttributeError: 'str' object has no attribute 'provider'</failure></testcase><testcase classname="tests.unit.test_auth_service_comprehensive.TestAuthServiceBasics" name="test_validate_token" time="0.048"><failure message="AttributeError: 'str' object has no attribute 'provider'">E   AttributeError: 'str' object has no attribute 'provider'</failure></testcase><testcase classname="tests.unit.test_auth_service_comprehensive.TestAuthServiceBasics" name="test_validate_invalid_token_returns_none" time="0.002"><failure message="assert TokenResponse(valid=False, user_id=None, email=None, permissions=[], expires_at=None) is None">E   assert TokenResponse(valid=False, user_id=None, email=None, permissions=[], expires_at=None) is None</failure></testcase><testcase classname="tests.unit.test_auth_service_comprehensive.TestAuthServiceBasics" name="test_refresh_tokens" time="0.044"><failure message="AttributeError: 'str' object has no attribute 'provider'">E   AttributeError: 'str' object has no attribute 'provider'</failure></testcase><testcase classname="tests.unit.test_auth_service_comprehensive.TestAuthServiceBasics" name="test_refresh_with_invalid_token_fails" time="0.003" /><testcase classname="tests.unit.test_auth_service_comprehensive.TestAuthServiceBasics" name="test_logout" time="0.044"><failure message="AttributeError: 'str' object has no attribute 'provider'">E   AttributeError: 'str' object has no attribute 'provider'</failure></testcase><testcase classname="tests.unit.test_auth_service_comprehensive.TestAuthServiceBasics" name="test_logout_with_invalid_token" time="0.003" /><testcase classname="tests.unit.test_auth_service_comprehensive.TestAuthServiceBasics" name="test_get_user_by_id" time="0.062"><failure message="AttributeError: 'AuthService' object has no attribute 'get_user_by_id'">E   AttributeError: 'AuthService' object has no attribute 'get_user_by_id'</failure></testcase><testcase classname="tests.unit.test_auth_service_comprehensive.TestAuthServiceBasics" name="test_get_user_by_nonexistent_id_returns_none" time="0.003"><failure message="AttributeError: 'AuthService' object has no attribute 'get_user_by_id'">E   AttributeError: 'AuthService' object has no attribute 'get_user_by_id'</failure></testcase><testcase classname="tests.unit.test_auth_service_comprehensive.TestAuthServiceBasics" name="test_get_user_by_email" time="0.069"><failure message="AttributeError: 'AuthService' object has no attribute 'get_user_by_email'">E   AttributeError: 'AuthService' object has no attribute 'get_user_by_email'</failure></testcase><testcase classname="tests.unit.test_auth_service_comprehensive.TestAuthServiceBasics" name="test_get_user_by_nonexistent_email_returns_none" time="0.004"><failure message="AttributeError: 'AuthService' object has no attribute 'get_user_by_email'">E   AttributeError: 'AuthService' object has no attribute 'get_user_by_email'</failure></testcase><testcase classname="tests.unit.test_auth_service_comprehensive.TestAuthServiceSessions" name="test_create_session" time="0.074"><failure message="AttributeError: 'str' object has no attribute 'provider'">E   AttributeError: 'str' object has no attribute 'provider'</failure></testcase><testcase classname="tests.unit.test_auth_service_comprehensive.TestAuthServiceSessions" name="test_validate_session" time="0.080"><failure message="AttributeError: 'str' object has no attribute 'provider'">E   AttributeError: 'str' object has no attribute 'provider'</failure></testcase><testcase classname="tests.unit.test_auth_service_comprehensive.TestAuthServiceSessions" name="test_invalidate_session_on_logout" time="0.069"><failure message="AttributeError: 'str' object has no attribute 'provider'">E   AttributeError: 'str' object has no attribute 'provider'</failure></testcase><testcase classname="tests.unit.test_auth_service_comprehensive.TestAuthServiceSessions" name="test_get_user_sessions" time="0.074"><failure message="AttributeError: 'str' object has no attribute 'provider'">E   AttributeError: 'str' object has no attribute 'provider'</failure></testcase><testcase classname="tests.unit.test_auth_service_comprehensive.TestAuthServiceSessions" name="test_cleanup_expired_sessions" time="0.068"><failure message="AttributeError: 'str' object has no attribute 'provider'">E   AttributeError: 'str' object has no attribute 'provider'</failure></testcase><testcase classname="tests.unit.test_auth_service_comprehensive.TestAuthServicePasswordManagement" name="test_update_password" time="0.070"><failure message="AttributeError: 'AuthService' object has no attribute 'update_password'. Did you mean: 'validate_password'?">E   AttributeError: 'AuthService' object has no attribute 'update_password'. Did you mean: 'validate_password'?</failure></testcase><testcase classname="tests.unit.test_auth_service_comprehensive.TestAuthServicePasswordManagement" name="test_update_password_with_wrong_old_password_fails" time="0.072"><failure message="AttributeError: 'AuthService' object has no attribute 'update_password'. Did you mean: 'validate_password'?">E   AttributeError: 'AuthService' object has no attribute 'update_password'. Did you mean: 'validate_password'?</failure></testcase><testcase classname="tests.unit.test_auth_service_comprehensive.TestAuthServicePasswordManagement" name="test_password_hash_verification" time="0.070"><failure message="AttributeError: 'AuthService' object has no attribute 'repository'">E   AttributeError: 'AuthService' object has no attribute 'repository'</failure></testcase><testcase classname="tests.unit.test_auth_service_comprehensive.TestAuthServicePasswordManagement" name="test_password_hash_differs_from_plaintext" time="0.071"><failure message="AttributeError: 'AuthService' object has no attribute 'repository'">E   AttributeError: 'AuthService' object has no attribute 'repository'</failure></testcase><testcase classname="tests.unit.test_auth_service_comprehensive.TestAuthServicePasswordManagement" name="test_weak_password_validation" time="0.002" /><testcase classname="tests.unit.test_auth_service_comprehensive.TestAuthServicePasswordManagement" name="test_password_requirements" time="0.002" /><testcase classname="tests.unit.test_auth_service_comprehensive.TestAuthServiceUserManagement" name="test_update_user_profile" time="0.064"><failure message="AttributeError: 'AuthService' object has no attribute 'update_user_profile'">E   AttributeError: 'AuthService' object has no attribute 'update_user_profile'</failure></testcase><testcase classname="tests.unit.test_auth_service_comprehensive.TestAuthServiceUserManagement" name="test_update_user_email" time="0.071"><failure message="AttributeError: 'AuthService' object has no attribute 'update_user_email'">E   AttributeError: 'AuthService' object has no attribute 'update_user_email'</failure></testcase><testcase classname="tests.unit.test_auth_service_comprehensive.TestAuthServiceUserManagement" name="test_update_to_duplicate_email_fails" time="0.145"><failure message="AttributeError: 'AuthService' object has no attribute 'update_user_email'">E   AttributeError: 'AuthService' object has no attribute 'update_user_email'</failure></testcase><testcase classname="tests.unit.test_auth_service_comprehensive.TestAuthServiceUserManagement" name="test_delete_user" time="0.070"><failure message="AttributeError: 'AuthService' object has no attribute 'delete_user'. Did you mean: 'create_user'?">E   AttributeError: 'AuthService' object has no attribute 'delete_user'. Did you mean: 'create_user'?</failure></testcase><testcase classname="tests.unit.test_auth_service_comprehensive.TestAuthServiceUserManagement" name="test_delete_nonexistent_user" time="0.003"><failure message="AttributeError: 'AuthService' object has no attribute 'delete_user'. Did you mean: 'create_user'?">E   AttributeError: 'AuthService' object has no attribute 'delete_user'. Did you mean: 'create_user'?</failure></testcase><testcase classname="tests.unit.test_auth_service_comprehensive.TestAuthServiceUserManagement" name="test_activate_user" time="0.073"><failure message="AttributeError: 'AuthService' object has no attribute 'deactivate_user'">E   AttributeError: 'AuthService' object has no attribute 'deactivate_user'</failure></testcase><testcase classname="tests.unit.test_auth_service_comprehensive.TestAuthServiceUserManagement" name="test_deactivate_user" time="0.071"><failure message="AttributeError: 'AuthService' object has no attribute 'deactivate_user'">E   AttributeError: 'AuthService' object has no attribute 'deactivate_user'</failure></testcase><testcase classname="tests.unit.test_auth_service_comprehensive.TestAuthServiceUserManagement" name="test_login_with_deactivated_user_fails" time="0.071"><failure message="AttributeError: 'AuthService' object has no attribute 'deactivate_user'">E   AttributeError: 'AuthService' object has no attribute 'deactivate_user'</failure></testcase><testcase classname="tests.unit.test_auth_service_comprehensive.TestAuthServicePermissions" name="test_default_user_permissions" time="0.069"><failure message="AttributeError: 'dict' object has no attribute 'role'">E   AttributeError: 'dict' object has no attribute 'role'</failure></testcase><testcase classname="tests.unit.test_auth_service_comprehensive.TestAuthServicePermissions" name="test_update_user_role" time="0.076"><failure message="AttributeError: 'AuthService' object has no attribute 'update_user_role'">E   AttributeError: 'AuthService' object has no attribute 'update_user_role'</failure></testcase><testcase classname="tests.unit.test_auth_service_comprehensive.TestAuthServicePermissions" name="test_update_user_permissions" time="0.068"><failure message="AttributeError: 'AuthService' object has no attribute 'update_user_permissions'">E   AttributeError: 'AuthService' object has no attribute 'update_user_permissions'</failure></testcase><testcase classname="tests.unit.test_auth_service_comprehensive.TestAuthServicePermissions" name="test_add_user_permission" time="0.084"><failure message="AttributeError: 'AuthService' object has no attribute 'add_user_permission'">E   AttributeError: 'AuthService' object has no attribute 'add_user_permission'</failure></testcase><testcase classname="tests.unit.test_auth_service_comprehensive.TestAuthServicePermissions" name="test_remove_user_permission" time="0.066"><failure message="AttributeError: 'AuthService' object has no attribute 'update_user_permissions'">E   AttributeError: 'AuthService' object has no attribute 'update_user_permissions'</failure></testcase><testcase classname="tests.unit.test_auth_service_comprehensive.TestAuthServicePermissions" name="test_check_user_permission" time="0.062"><failure message="AttributeError: 'AuthService' object has no attribute 'update_user_permissions'">E   AttributeError: 'AuthService' object has no attribute 'update_user_permissions'</failure></testcase><testcase classname="tests.unit.test_auth_service_comprehensive.TestAuthServicePermissions" name="test_token_includes_permissions" time="0.066"><failure message="AttributeError: 'AuthService' object has no attribute 'update_user_permissions'">E   AttributeError: 'AuthService' object has no attribute 'update_user_permissions'</failure></testcase><testcase classname="tests.unit.test_auth_service_comprehensive.TestAuthServiceEmailVerification" name="test_user_created_unverified" time="0.069"><failure message="AttributeError: 'dict' object has no attribute 'email_verified'">E   AttributeError: 'dict' object has no attribute 'email_verified'</failure></testcase><testcase classname="tests.unit.test_auth_service_comprehensive.TestAuthServiceEmailVerification" name="test_generate_verification_token" time="0.065"><failure message="AttributeError: 'AuthService' object has no attribute 'generate_verification_token'">E   AttributeError: 'AuthService' object has no attribute 'generate_verification_token'</failure></testcase><testcase classname="tests.unit.test_auth_service_comprehensive.TestAuthServiceEmailVerification" name="test_verify_email_with_valid_token" time="0.069"><failure message="AttributeError: 'AuthService' object has no attribute 'generate_verification_token'">E   AttributeError: 'AuthService' object has no attribute 'generate_verification_token'</failure></testcase><testcase classname="tests.unit.test_auth_service_comprehensive.TestAuthServiceEmailVerification" name="test_verify_email_with_invalid_token_fails" time="0.002"><failure message="AttributeError: 'AuthService' object has no attribute 'verify_email'">E   AttributeError: 'AuthService' object has no attribute 'verify_email'</failure></testcase><testcase classname="tests.unit.test_auth_service_comprehensive.TestAuthServiceEmailVerification" name="test_resend_verification_email" time="0.071"><failure message="AttributeError: 'AuthService' object has no attribute 'resend_verification_email'">E   AttributeError: 'AuthService' object has no attribute 'resend_verification_email'</failure></testcase><testcase classname="tests.unit.test_auth_service_comprehensive.TestAuthServiceEmailVerification" name="test_login_with_unverified_email_warning" time="0.063"><failure message="AttributeError: 'str' object has no attribute 'provider'">E   AttributeError: 'str' object has no attribute 'provider'</failure></testcase><testcase classname="tests.unit.test_auth_service_comprehensive.TestAuthServiceRateLimiting" name="test_login_attempts_tracking" time="0.067"><failure message="AttributeError: 'str' object has no attribute 'provider'">E   AttributeError: 'str' object has no attribute 'provider'</failure></testcase><testcase classname="tests.unit.test_auth_service_comprehensive.TestAuthServiceRateLimiting" name="test_account_lockout_after_max_attempts" time="0.078"><failure message="AttributeError: 'str' object has no attribute 'provider'">E   AttributeError: 'str' object has no attribute 'provider'</failure></testcase><testcase classname="tests.unit.test_auth_service_comprehensive.TestAuthServiceRateLimiting" name="test_reset_failed_attempts_on_success" time="0.072"><failure message="AttributeError: 'str' object has no attribute 'provider'">E   AttributeError: 'str' object has no attribute 'provider'</failure></testcase><testcase classname="tests.unit.test_auth_service_comprehensive.TestAuthServiceRateLimiting" name="test_unlock_account" time="0.076"><failure message="AttributeError: 'AuthService' object has no attribute 'lock_account'">E   AttributeError: 'AuthService' object has no attribute 'lock_account'</failure></testcase><testcase classname="tests.unit.test_auth_service_comprehensive.TestAuthServiceAuditLogging" name="test_login_audit_log" time="0.071"><failure message="AttributeError: 'str' object has no attribute 'provider'">E   AttributeError: 'str' object has no attribute 'provider'</failure></testcase><testcase classname="tests.unit.test_auth_service_comprehensive.TestAuthServiceAuditLogging" name="test_logout_audit_log" time="0.073"><failure message="AttributeError: 'str' object has no attribute 'provider'">E   AttributeError: 'str' object has no attribute 'provider'</failure></testcase><testcase classname="tests.unit.test_auth_service_comprehensive.TestAuthServiceAuditLogging" name="test_password_change_audit_log" time="0.063"><failure message="AttributeError: 'AuthService' object has no attribute 'update_password'. Did you mean: 'validate_password'?">E   AttributeError: 'AuthService' object has no attribute 'update_password'. Did you mean: 'validate_password'?</failure></testcase><testcase classname="tests.unit.test_auth_service_comprehensive.TestAuthServiceAuditLogging" name="test_failed_login_audit_log" time="0.070"><failure message="AttributeError: 'str' object has no attribute 'provider'">E   AttributeError: 'str' object has no attribute 'provider'</failure></testcase><testcase classname="tests.unit.test_auth_service_comprehensive.TestAuthServiceAuditLogging" name="test_get_recent_audit_logs" time="0.069"><failure message="AttributeError: 'str' object has no attribute 'provider'">E   AttributeError: 'str' object has no attribute 'provider'</failure></testcase><testcase classname="tests.unit.test_auth_service_core_business_value.TestAuthServiceCoreBusinessValue" name="test_auth_config_provides_critical_business_configuration" time="0.002" /><testcase classname="tests.unit.test_auth_service_core_business_value.TestAuthServiceCoreBusinessValue" name="test_auth_config_adapts_to_environment_specific_business_needs" time="0.002" /><testcase classname="tests.unit.test_auth_service_core_business_value.TestAuthServiceCoreBusinessValue" name="test_oauth_configuration_enables_user_onboarding_business_value" time="0.002" /><testcase classname="tests.unit.test_auth_service_core_business_value.TestAuthServiceCoreBusinessValue" name="test_security_configuration_protects_business_assets" time="0.001" /><testcase classname="tests.unit.test_auth_service_core_business_value.TestAuthServiceCoreBusinessValue" name="test_session_configuration_balances_security_and_usability" time="0.001" /><testcase classname="tests.unit.test_auth_service_core_business_value.TestAuthServiceCoreBusinessValue" name="test_database_configuration_supports_business_scalability" time="0.002" /><testcase classname="tests.unit.test_auth_service_core_business_value.TestAuthServiceCoreBusinessValue" name="test_redis_configuration_enables_session_management_business_value" time="0.001" /><testcase classname="tests.unit.test_auth_service_core_business_value.TestAuthServiceCoreBusinessValue" name="test_cors_configuration_enables_frontend_integration_business_value" time="0.001" /><testcase classname="tests.unit.test_auth_service_core_business_value.TestAuthServiceCoreBusinessValue" name="test_configuration_logging_masks_secrets_for_security" time="0.003"><failure message="ValueError: JWT_ALGORITHM must be explicitly set in production">E   ValueError: JWT_ALGORITHM must be explicitly set in production</failure></testcase><testcase classname="tests.unit.test_auth_service_core_business_value.TestAuthServiceCoreBusinessValue" name="test_unified_auth_interface_provides_business_authentication_capabilities" time="0.002"><failure message="AssertionError: assert False&#10; +  where False = hasattr(&lt;auth_service.auth_core.unified_auth_interface.UnifiedAuthInterface object at 0x000002ED9444F0E0&gt;, 'authenticate_user')">E   AssertionError: assert False
     +  where False = hasattr(&lt;auth_service.auth_core.unified_auth_interface.UnifiedAuthInterface object at 0x000002ED9444F0E0&gt;, 'authenticate_user')</failure></testcase><testcase classname="tests.unit.test_auth_service_core_business_value.TestAuthServiceCoreBusinessValue" name="test_auth_interface_token_creation_supports_business_workflows" time="0.004"><failure message="TypeError: UnifiedAuthInterface.create_access_token() missing 1 required positional argument: 'email'">E   TypeError: UnifiedAuthInterface.create_access_token() missing 1 required positional argument: 'email'</failure></testcase><testcase classname="tests.unit.test_auth_service_core_business_value.TestAuthServiceCoreBusinessValue" name="test_token_validation_protects_business_operations" time="0.001"><failure message="TypeError: UnifiedAuthInterface.create_access_token() missing 1 required positional argument: 'email'">E   TypeError: UnifiedAuthInterface.create_access_token() missing 1 required positional argument: 'email'</failure></testcase><testcase classname="tests.unit.test_auth_service_core_comprehensive.TestAuthServiceInitialization" name="test_auth_service_init_creates_real_instances" time="0.007"><error message="failed on teardown with &quot;pytest.PytestUnraisableExceptionWarning: Exception ignored in: &lt;coroutine object TestAuthServiceCore.teardown_method at 0x000002ED94361630&gt;&#10;Enable tracemalloc to get traceback where the object was allocated.&#10;See https://docs.pytest.org/en/stable/how-to/capture-warnings.html#resource-warnings for more info.&quot;">E   RuntimeWarning: coroutine 'TestAuthServiceCore.teardown_method' was never awaited

The above exception was the direct cause of the following exception:
E   pytest.PytestUnraisableExceptionWarning: Exception ignored in: &lt;coroutine object TestAuthServiceCore.teardown_method at 0x000002ED94361630&gt;
    Enable tracemalloc to get traceback where the object was allocated.
    See https://docs.pytest.org/en/stable/how-to/capture-warnings.html#resource-warnings for more info.</error></testcase><testcase classname="tests.unit.test_auth_service_core_comprehensive.TestAuthServiceInitialization" name="test_database_initialization_handles_missing_db_gracefully" time="0.002"><error message="failed on teardown with &quot;pytest.PytestUnraisableExceptionWarning: Exception ignored in: &lt;coroutine object TestAuthServiceCore.teardown_method at 0x000002ED9441C6C0&gt;&#10;Enable tracemalloc to get traceback where the object was allocated.&#10;See https://docs.pytest.org/en/stable/how-to/capture-warnings.html#resource-warnings for more info.&quot;">E   RuntimeWarning: coroutine 'TestAuthServiceCore.teardown_method' was never awaited

The above exception was the direct cause of the following exception:
E   pytest.PytestUnraisableExceptionWarning: Exception ignored in: &lt;coroutine object TestAuthServiceCore.teardown_method at 0x000002ED9441C6C0&gt;
    Enable tracemalloc to get traceback where the object was allocated.
    See https://docs.pytest.org/en/stable/how-to/capture-warnings.html#resource-warnings for more info.</error></testcase><testcase classname="tests.unit.test_auth_service_core_comprehensive.TestAuthServiceInitialization" name="test_jwt_handler_initialization_with_real_secret" time="0.017"><error message="failed on teardown with &quot;pytest.PytestUnraisableExceptionWarning: Exception ignored in: &lt;coroutine object TestAuthServiceCore.teardown_method at 0x000002ED94361FF0&gt;&#10;Enable tracemalloc to get traceback where the object was allocated.&#10;See https://docs.pytest.org/en/stable/how-to/capture-warnings.html#resource-warnings for more info.&quot;">E   RuntimeWarning: coroutine 'TestAuthServiceCore.teardown_method' was never awaited

The above exception was the direct cause of the following exception:
E   pytest.PytestUnraisableExceptionWarning: Exception ignored in: &lt;coroutine object TestAuthServiceCore.teardown_method at 0x000002ED94361FF0&gt;
    Enable tracemalloc to get traceback where the object was allocated.
    See https://docs.pytest.org/en/stable/how-to/capture-warnings.html#resource-warnings for more info.</error></testcase><testcase classname="tests.unit.test_auth_service_core_comprehensive.TestAuthServiceUserAuthentication" name="test_authenticate_user_with_valid_credentials_succeeds" time="0.172"><error message="failed on teardown with &quot;pytest.PytestUnraisableExceptionWarning: Exception ignored in: &lt;coroutine object TestAuthServiceCore.teardown_method at 0x000002ED9441CEE0&gt;&#10;Enable tracemalloc to get traceback where the object was allocated.&#10;See https://docs.pytest.org/en/stable/how-to/capture-warnings.html#resource-warnings for more info.&quot;">E   RuntimeWarning: coroutine 'TestAuthServiceCore.teardown_method' was never awaited

The above exception was the direct cause of the following exception:
E   pytest.PytestUnraisableExceptionWarning: Exception ignored in: &lt;coroutine object TestAuthServiceCore.teardown_method at 0x000002ED9441CEE0&gt;
    Enable tracemalloc to get traceback where the object was allocated.
    See https://docs.pytest.org/en/stable/how-to/capture-warnings.html#resource-warnings for more info.</error></testcase><testcase classname="tests.unit.test_auth_service_core_comprehensive.TestAuthServiceUserAuthentication" name="test_authenticate_user_with_invalid_password_fails_hard" time="0.155"><error message="failed on teardown with &quot;pytest.PytestUnraisableExceptionWarning: Exception ignored in: &lt;coroutine object TestAuthServiceCore.teardown_method at 0x000002ED94361630&gt;&#10;Enable tracemalloc to get traceback where the object was allocated.&#10;See https://docs.pytest.org/en/stable/how-to/capture-warnings.html#resource-warnings for more info.&quot;">E   RuntimeWarning: coroutine 'TestAuthServiceCore.teardown_method' was never awaited

The above exception was the direct cause of the following exception:
E   pytest.PytestUnraisableExceptionWarning: Exception ignored in: &lt;coroutine object TestAuthServiceCore.teardown_method at 0x000002ED94361630&gt;
    Enable tracemalloc to get traceback where the object was allocated.
    See https://docs.pytest.org/en/stable/how-to/capture-warnings.html#resource-warnings for more info.</error></testcase><testcase classname="tests.unit.test_auth_service_core_comprehensive.TestAuthServiceUserAuthentication" name="test_authenticate_user_with_nonexistent_email_fails_hard" time="0.007"><error message="failed on teardown with &quot;pytest.PytestUnraisableExceptionWarning: Exception ignored in: &lt;coroutine object TestAuthServiceCore.teardown_method at 0x000002ED94363E00&gt;&#10;Enable tracemalloc to get traceback where the object was allocated.&#10;See https://docs.pytest.org/en/stable/how-to/capture-warnings.html#resource-warnings for more info.&quot;">E   RuntimeWarning: coroutine 'TestAuthServiceCore.teardown_method' was never awaited

The above exception was the direct cause of the following exception:
E   pytest.PytestUnraisableExceptionWarning: Exception ignored in: &lt;coroutine object TestAuthServiceCore.teardown_method at 0x000002ED94363E00&gt;
    Enable tracemalloc to get traceback where the object was allocated.
    See https://docs.pytest.org/en/stable/how-to/capture-warnings.html#resource-warnings for more info.</error></testcase><testcase classname="tests.unit.test_auth_service_core_comprehensive.TestAuthServiceUserAuthentication" name="test_authenticate_user_with_empty_email_fails_hard" time="0.009"><error message="failed on teardown with &quot;pytest.PytestUnraisableExceptionWarning: Exception ignored in: &lt;coroutine object TestAuthServiceCore.teardown_method at 0x000002ED94387850&gt;&#10;Enable tracemalloc to get traceback where the object was allocated.&#10;See https://docs.pytest.org/en/stable/how-to/capture-warnings.html#resource-warnings for more info.&quot;">E   RuntimeWarning: coroutine 'TestAuthServiceCore.teardown_method' was never awaited

The above exception was the direct cause of the following exception:
E   pytest.PytestUnraisableExceptionWarning: Exception ignored in: &lt;coroutine object TestAuthServiceCore.teardown_method at 0x000002ED94387850&gt;
    Enable tracemalloc to get traceback where the object was allocated.
    See https://docs.pytest.org/en/stable/how-to/capture-warnings.html#resource-warnings for more info.</error></testcase><testcase classname="tests.unit.test_auth_service_core_comprehensive.TestAuthServiceUserAuthentication" name="test_authenticate_user_with_empty_password_fails_hard" time="0.156"><error message="failed on teardown with &quot;pytest.PytestUnraisableExceptionWarning: Exception ignored in: &lt;coroutine object TestAuthServiceCore.teardown_method at 0x000002ED942CDFF0&gt;&#10;Enable tracemalloc to get traceback where the object was allocated.&#10;See https://docs.pytest.org/en/stable/how-to/capture-warnings.html#resource-warnings for more info.&quot;">E   RuntimeWarning: coroutine 'TestAuthServiceCore.teardown_method' was never awaited

The above exception was the direct cause of the following exception:
E   pytest.PytestUnraisableExceptionWarning: Exception ignored in: &lt;coroutine object TestAuthServiceCore.teardown_method at 0x000002ED942CDFF0&gt;
    Enable tracemalloc to get traceback where the object was allocated.
    See https://docs.pytest.org/en/stable/how-to/capture-warnings.html#resource-warnings for more info.</error></testcase><testcase classname="tests.unit.test_auth_service_core_comprehensive.TestAuthServiceUserAuthentication" name="test_authenticate_user_with_none_values_fails_hard" time="0.015"><error message="failed on teardown with &quot;pytest.PytestUnraisableExceptionWarning: Exception ignored in: &lt;coroutine object TestAuthServiceCore.teardown_method at 0x000002ED94361630&gt;&#10;Enable tracemalloc to get traceback where the object was allocated.&#10;See https://docs.pytest.org/en/stable/how-to/capture-warnings.html#resource-warnings for more info.&quot;">E   RuntimeWarning: coroutine 'TestAuthServiceCore.teardown_method' was never awaited

The above exception was the direct cause of the following exception:
E   pytest.PytestUnraisableExceptionWarning: Exception ignored in: &lt;coroutine object TestAuthServiceCore.teardown_method at 0x000002ED94361630&gt;
    Enable tracemalloc to get traceback where the object was allocated.
    See https://docs.pytest.org/en/stable/how-to/capture-warnings.html#resource-warnings for more info.</error></testcase><testcase classname="tests.unit.test_auth_service_core_comprehensive.TestAuthServiceUserAuthentication" name="test_authenticate_user_dev_fallback_works" time="0.011"><error message="failed on teardown with &quot;pytest.PytestUnraisableExceptionWarning: Exception ignored in: &lt;coroutine object TestAuthServiceCore.teardown_method at 0x000002ED94361FF0&gt;&#10;Enable tracemalloc to get traceback where the object was allocated.&#10;See https://docs.pytest.org/en/stable/how-to/capture-warnings.html#resource-warnings for more info.&quot;">E   RuntimeWarning: coroutine 'TestAuthServiceCore.teardown_method' was never awaited

The above exception was the direct cause of the following exception:
E   pytest.PytestUnraisableExceptionWarning: Exception ignored in: &lt;coroutine object TestAuthServiceCore.teardown_method at 0x000002ED94361FF0&gt;
    Enable tracemalloc to get traceback where the object was allocated.
    See https://docs.pytest.org/en/stable/how-to/capture-warnings.html#resource-warnings for more info.</error></testcase><testcase classname="tests.unit.test_auth_service_core_comprehensive.TestAuthServiceUserCreation" name="test_create_user_with_valid_data_succeeds" time="0.075"><error message="failed on teardown with &quot;pytest.PytestUnraisableExceptionWarning: Exception ignored in: &lt;coroutine object TestAuthServiceCore.teardown_method at 0x000002ED94387ED0&gt;&#10;Enable tracemalloc to get traceback where the object was allocated.&#10;See https://docs.pytest.org/en/stable/how-to/capture-warnings.html#resource-warnings for more info.&quot;">E   RuntimeWarning: coroutine 'TestAuthServiceCore.teardown_method' was never awaited

The above exception was the direct cause of the following exception:
E   pytest.PytestUnraisableExceptionWarning: Exception ignored in: &lt;coroutine object TestAuthServiceCore.teardown_method at 0x000002ED94387ED0&gt;
    Enable tracemalloc to get traceback where the object was allocated.
    See https://docs.pytest.org/en/stable/how-to/capture-warnings.html#resource-warnings for more info.</error></testcase><testcase classname="tests.unit.test_auth_service_core_comprehensive.TestAuthServiceUserCreation" name="test_create_user_with_duplicate_email_fails_hard" time="0.088"><error message="failed on teardown with &quot;pytest.PytestUnraisableExceptionWarning: Exception ignored in: &lt;coroutine object TestAuthServiceCore.teardown_method at 0x000002ED943BE0C0&gt;&#10;Enable tracemalloc to get traceback where the object was allocated.&#10;See https://docs.pytest.org/en/stable/how-to/capture-warnings.html#resource-warnings for more info.&quot;">E   RuntimeWarning: coroutine 'TestAuthServiceCore.teardown_method' was never awaited

The above exception was the direct cause of the following exception:
E   pytest.PytestUnraisableExceptionWarning: Exception ignored in: &lt;coroutine object TestAuthServiceCore.teardown_method at 0x000002ED943BE0C0&gt;
    Enable tracemalloc to get traceback where the object was allocated.
    See https://docs.pytest.org/en/stable/how-to/capture-warnings.html#resource-warnings for more info.</error></testcase><testcase classname="tests.unit.test_auth_service_core_comprehensive.TestAuthServiceUserCreation" name="test_create_user_with_invalid_email_formats_fails_hard" time="0.003"><failure message="TypeError: expected string or bytes-like object, got 'NoneType'">E   TypeError: expected string or bytes-like object, got 'NoneType'</failure></testcase><testcase classname="tests.unit.test_auth_service_core_comprehensive.TestAuthServiceUserCreation" name="test_create_user_with_invalid_email_formats_fails_hard" time="0.001"><error message="failed on teardown with &quot;pytest.PytestUnraisableExceptionWarning: Exception ignored in: &lt;coroutine object TestAuthServiceCore.teardown_method at 0x000002ED943BE260&gt;&#10;Enable tracemalloc to get traceback where the object was allocated.&#10;See https://docs.pytest.org/en/stable/how-to/capture-warnings.html#resource-warnings for more info.&quot;">E   RuntimeWarning: coroutine 'TestAuthServiceCore.teardown_method' was never awaited

The above exception was the direct cause of the following exception:
E   pytest.PytestUnraisableExceptionWarning: Exception ignored in: &lt;coroutine object TestAuthServiceCore.teardown_method at 0x000002ED943BE260&gt;
    Enable tracemalloc to get traceback where the object was allocated.
    See https://docs.pytest.org/en/stable/how-to/capture-warnings.html#resource-warnings for more info.</error></testcase><testcase classname="tests.unit.test_auth_service_core_comprehensive.TestAuthServiceUserCreation" name="test_create_user_with_weak_passwords_succeeds_but_validates" time="0.253"><error message="failed on teardown with &quot;pytest.PytestUnraisableExceptionWarning: Exception ignored in: &lt;coroutine object TestAuthServiceCore.teardown_method at 0x000002ED94387ED0&gt;&#10;Enable tracemalloc to get traceback where the object was allocated.&#10;See https://docs.pytest.org/en/stable/how-to/capture-warnings.html#resource-warnings for more info.&quot;">E   RuntimeWarning: coroutine 'TestAuthServiceCore.teardown_method' was never awaited

The above exception was the direct cause of the following exception:
E   pytest.PytestUnraisableExceptionWarning: Exception ignored in: &lt;coroutine object TestAuthServiceCore.teardown_method at 0x000002ED94387ED0&gt;
    Enable tracemalloc to get traceback where the object was allocated.
    See https://docs.pytest.org/en/stable/how-to/capture-warnings.html#resource-warnings for more info.</error></testcase><testcase classname="tests.unit.test_auth_service_core_comprehensive.TestAuthServiceUserCreation" name="test_create_user_without_database_falls_back_to_memory" time="0.083"><error message="failed on teardown with &quot;pytest.PytestUnraisableExceptionWarning: Exception ignored in: &lt;coroutine object TestAuthServiceCore.teardown_method at 0x000002ED9441D150&gt;&#10;Enable tracemalloc to get traceback where the object was allocated.&#10;See https://docs.pytest.org/en/stable/how-to/capture-warnings.html#resource-warnings for more info.&quot;">E   RuntimeWarning: coroutine 'TestAuthServiceCore.teardown_method' was never awaited

The above exception was the direct cause of the following exception:
E   pytest.PytestUnraisableExceptionWarning: Exception ignored in: &lt;coroutine object TestAuthServiceCore.teardown_method at 0x000002ED9441D150&gt;
    Enable tracemalloc to get traceback where the object was allocated.
    See https://docs.pytest.org/en/stable/how-to/capture-warnings.html#resource-warnings for more info.</error></testcase><testcase classname="tests.unit.test_auth_service_core_comprehensive.TestAuthServicePasswordSecurity" name="test_hash_password_produces_different_hashes" time="0.143"><error message="failed on teardown with &quot;pytest.PytestUnraisableExceptionWarning: Exception ignored in: &lt;coroutine object TestAuthServiceCore.teardown_method at 0x000002ED9441DE50&gt;&#10;Enable tracemalloc to get traceback where the object was allocated.&#10;See https://docs.pytest.org/en/stable/how-to/capture-warnings.html#resource-warnings for more info.&quot;">E   RuntimeWarning: coroutine 'TestAuthServiceCore.teardown_method' was never awaited

The above exception was the direct cause of the following exception:
E   pytest.PytestUnraisableExceptionWarning: Exception ignored in: &lt;coroutine object TestAuthServiceCore.teardown_method at 0x000002ED9441DE50&gt;
    Enable tracemalloc to get traceback where the object was allocated.
    See https://docs.pytest.org/en/stable/how-to/capture-warnings.html#resource-warnings for more info.</error></testcase><testcase classname="tests.unit.test_auth_service_core_comprehensive.TestAuthServicePasswordSecurity" name="test_verify_password_with_correct_password_succeeds" time="0.134"><error message="failed on teardown with &quot;pytest.PytestUnraisableExceptionWarning: Exception ignored in: &lt;coroutine object TestAuthServiceCore.teardown_method at 0x000002ED94361630&gt;&#10;Enable tracemalloc to get traceback where the object was allocated.&#10;See https://docs.pytest.org/en/stable/how-to/capture-warnings.html#resource-warnings for more info.&quot;">E   RuntimeWarning: coroutine 'TestAuthServiceCore.teardown_method' was never awaited

The above exception was the direct cause of the following exception:
E   pytest.PytestUnraisableExceptionWarning: Exception ignored in: &lt;coroutine object TestAuthServiceCore.teardown_method at 0x000002ED94361630&gt;
    Enable tracemalloc to get traceback where the object was allocated.
    See https://docs.pytest.org/en/stable/how-to/capture-warnings.html#resource-warnings for more info.</error></testcase><testcase classname="tests.unit.test_auth_service_core_comprehensive.TestAuthServicePasswordSecurity" name="test_verify_password_with_wrong_password_fails_hard" time="0.145"><error message="failed on teardown with &quot;pytest.PytestUnraisableExceptionWarning: Exception ignored in: &lt;coroutine object TestAuthServiceCore.teardown_method at 0x000002ED9441E0C0&gt;&#10;Enable tracemalloc to get traceback where the object was allocated.&#10;See https://docs.pytest.org/en/stable/how-to/capture-warnings.html#resource-warnings for more info.&quot;">E   RuntimeWarning: coroutine 'TestAuthServiceCore.teardown_method' was never awaited

The above exception was the direct cause of the following exception:
E   pytest.PytestUnraisableExceptionWarning: Exception ignored in: &lt;coroutine object TestAuthServiceCore.teardown_method at 0x000002ED9441E0C0&gt;
    Enable tracemalloc to get traceback where the object was allocated.
    See https://docs.pytest.org/en/stable/how-to/capture-warnings.html#resource-warnings for more info.</error></testcase><testcase classname="tests.unit.test_auth_service_core_comprehensive.TestAuthServicePasswordSecurity" name="test_verify_password_with_malformed_hash_fails_hard" time="0.004"><error message="failed on teardown with &quot;pytest.PytestUnraisableExceptionWarning: Exception ignored in: &lt;coroutine object TestAuthServiceCore.teardown_method at 0x000002ED9441DD80&gt;&#10;Enable tracemalloc to get traceback where the object was allocated.&#10;See https://docs.pytest.org/en/stable/how-to/capture-warnings.html#resource-warnings for more info.&quot;">E   RuntimeWarning: coroutine 'TestAuthServiceCore.teardown_method' was never awaited

The above exception was the direct cause of the following exception:
E   pytest.PytestUnraisableExceptionWarning: Exception ignored in: &lt;coroutine object TestAuthServiceCore.teardown_method at 0x000002ED9441DD80&gt;
    Enable tracemalloc to get traceback where the object was allocated.
    See https://docs.pytest.org/en/stable/how-to/capture-warnings.html#resource-warnings for more info.</error></testcase><testcase classname="tests.unit.test_auth_service_core_comprehensive.TestAuthServicePasswordSecurity" name="test_password_validation_enforces_security_rules" time="0.002"><failure message="AssertionError: Good password should pass: Password must contain at least one special character&#10;assert False is True">E   AssertionError: Good password should pass: Password must contain at least one special character
    assert False is True</failure></testcase><testcase classname="tests.unit.test_auth_service_core_comprehensive.TestAuthServicePasswordSecurity" name="test_password_validation_enforces_security_rules" time="0.001"><error message="failed on teardown with &quot;pytest.PytestUnraisableExceptionWarning: Exception ignored in: &lt;coroutine object TestAuthServiceCore.teardown_method at 0x000002ED94387ED0&gt;&#10;Enable tracemalloc to get traceback where the object was allocated.&#10;See https://docs.pytest.org/en/stable/how-to/capture-warnings.html#resource-warnings for more info.&quot;">E   RuntimeWarning: coroutine 'TestAuthServiceCore.teardown_method' was never awaited

The above exception was the direct cause of the following exception:
E   pytest.PytestUnraisableExceptionWarning: Exception ignored in: &lt;coroutine object TestAuthServiceCore.teardown_method at 0x000002ED94387ED0&gt;
    Enable tracemalloc to get traceback where the object was allocated.
    See https://docs.pytest.org/en/stable/how-to/capture-warnings.html#resource-warnings for more info.</error></testcase><testcase classname="tests.unit.test_auth_service_core_comprehensive.TestAuthServiceTokenOperations" name="test_create_access_token_generates_valid_jwt" time="0.003"><error message="failed on teardown with &quot;pytest.PytestUnraisableExceptionWarning: Exception ignored in: &lt;coroutine object TestAuthServiceCore.teardown_method at 0x000002ED9441EC20&gt;&#10;Enable tracemalloc to get traceback where the object was allocated.&#10;See https://docs.pytest.org/en/stable/how-to/capture-warnings.html#resource-warnings for more info.&quot;">E   RuntimeWarning: coroutine 'TestAuthServiceCore.teardown_method' was never awaited

The above exception was the direct cause of the following exception:
E   pytest.PytestUnraisableExceptionWarning: Exception ignored in: &lt;coroutine object TestAuthServiceCore.teardown_method at 0x000002ED9441EC20&gt;
    Enable tracemalloc to get traceback where the object was allocated.
    See https://docs.pytest.org/en/stable/how-to/capture-warnings.html#resource-warnings for more info.</error></testcase><testcase classname="tests.unit.test_auth_service_core_comprehensive.TestAuthServiceTokenOperations" name="test_create_refresh_token_generates_valid_jwt" time="0.003"><failure message="assert None is not None">E   assert None is not None</failure></testcase><testcase classname="tests.unit.test_auth_service_core_comprehensive.TestAuthServiceTokenOperations" name="test_create_refresh_token_generates_valid_jwt" time="0.001"><error message="failed on teardown with &quot;pytest.PytestUnraisableExceptionWarning: Exception ignored in: &lt;coroutine object TestAuthServiceCore.teardown_method at 0x000002ED9441FED0&gt;&#10;Enable tracemalloc to get traceback where the object was allocated.&#10;See https://docs.pytest.org/en/stable/how-to/capture-warnings.html#resource-warnings for more info.&quot;">E   RuntimeWarning: coroutine 'TestAuthServiceCore.teardown_method' was never awaited

The above exception was the direct cause of the following exception:
E   pytest.PytestUnraisableExceptionWarning: Exception ignored in: &lt;coroutine object TestAuthServiceCore.teardown_method at 0x000002ED9441FED0&gt;
    Enable tracemalloc to get traceback where the object was allocated.
    See https://docs.pytest.org/en/stable/how-to/capture-warnings.html#resource-warnings for more info.</error></testcase><testcase classname="tests.unit.test_auth_service_core_comprehensive.TestAuthServiceTokenOperations" name="test_create_service_token_generates_valid_jwt" time="0.003"><failure message="assert None is not None">E   assert None is not None</failure></testcase><testcase classname="tests.unit.test_auth_service_core_comprehensive.TestAuthServiceTokenOperations" name="test_create_service_token_generates_valid_jwt" time="0.001"><error message="failed on teardown with &quot;pytest.PytestUnraisableExceptionWarning: Exception ignored in: &lt;coroutine object TestAuthServiceCore.teardown_method at 0x000002ED9441EC20&gt;&#10;Enable tracemalloc to get traceback where the object was allocated.&#10;See https://docs.pytest.org/en/stable/how-to/capture-warnings.html#resource-warnings for more info.&quot;">E   RuntimeWarning: coroutine 'TestAuthServiceCore.teardown_method' was never awaited

The above exception was the direct cause of the following exception:
E   pytest.PytestUnraisableExceptionWarning: Exception ignored in: &lt;coroutine object TestAuthServiceCore.teardown_method at 0x000002ED9441EC20&gt;
    Enable tracemalloc to get traceback where the object was allocated.
    See https://docs.pytest.org/en/stable/how-to/capture-warnings.html#resource-warnings for more info.</error></testcase><testcase classname="tests.unit.test_auth_service_core_comprehensive.TestAuthServiceTokenOperations" name="test_blacklist_token_prevents_reuse" time="0.003"><failure message="assert False is True">E   assert False is True</failure></testcase><testcase classname="tests.unit.test_auth_service_core_comprehensive.TestAuthServiceTokenOperations" name="test_blacklist_token_prevents_reuse" time="0.001"><error message="failed on teardown with &quot;pytest.PytestUnraisableExceptionWarning: Exception ignored in: &lt;coroutine object TestAuthServiceCore.teardown_method at 0x000002ED944C6260&gt;&#10;Enable tracemalloc to get traceback where the object was allocated.&#10;See https://docs.pytest.org/en/stable/how-to/capture-warnings.html#resource-warnings for more info.&quot;">E   RuntimeWarning: coroutine 'TestAuthServiceCore.teardown_method' was never awaited

The above exception was the direct cause of the following exception:
E   pytest.PytestUnraisableExceptionWarning: Exception ignored in: &lt;coroutine object TestAuthServiceCore.teardown_method at 0x000002ED944C6260&gt;
    Enable tracemalloc to get traceback where the object was allocated.
    See https://docs.pytest.org/en/stable/how-to/capture-warnings.html#resource-warnings for more info.</error></testcase><testcase classname="tests.unit.test_auth_service_core_comprehensive.TestAuthServiceLoginFlow" name="test_login_complete_flow_with_valid_credentials" time="0.085"><failure message="TypeError: AuthService.login() missing 1 required positional argument: 'client_info'">E   TypeError: AuthService.login() missing 1 required positional argument: 'client_info'</failure></testcase><testcase classname="tests.unit.test_auth_service_core_comprehensive.TestAuthServiceLoginFlow" name="test_login_complete_flow_with_valid_credentials" time="0.001"><error message="failed on teardown with &quot;pytest.PytestUnraisableExceptionWarning: Exception ignored in: &lt;coroutine object TestAuthServiceCore.teardown_method at 0x000002ED9454EA80&gt;&#10;Enable tracemalloc to get traceback where the object was allocated.&#10;See https://docs.pytest.org/en/stable/how-to/capture-warnings.html#resource-warnings for more info.&quot;">E   RuntimeWarning: coroutine 'TestAuthServiceCore.teardown_method' was never awaited

The above exception was the direct cause of the following exception:
E   pytest.PytestUnraisableExceptionWarning: Exception ignored in: &lt;coroutine object TestAuthServiceCore.teardown_method at 0x000002ED9454EA80&gt;
    Enable tracemalloc to get traceback where the object was allocated.
    See https://docs.pytest.org/en/stable/how-to/capture-warnings.html#resource-warnings for more info.</error></testcase><testcase classname="tests.unit.test_auth_service_core_comprehensive.TestAuthServiceLoginFlow" name="test_login_with_invalid_credentials_returns_none" time="0.002"><failure message="TypeError: AuthService.login() missing 1 required positional argument: 'client_info'">E   TypeError: AuthService.login() missing 1 required positional argument: 'client_info'</failure></testcase><testcase classname="tests.unit.test_auth_service_core_comprehensive.TestAuthServiceLoginFlow" name="test_login_with_invalid_credentials_returns_none" time="0.001"><error message="failed on teardown with &quot;pytest.PytestUnraisableExceptionWarning: Exception ignored in: &lt;coroutine object TestAuthServiceCore.teardown_method at 0x000002ED9454FED0&gt;&#10;Enable tracemalloc to get traceback where the object was allocated.&#10;See https://docs.pytest.org/en/stable/how-to/capture-warnings.html#resource-warnings for more info.&quot;">E   RuntimeWarning: coroutine 'TestAuthServiceCore.teardown_method' was never awaited

The above exception was the direct cause of the following exception:
E   pytest.PytestUnraisableExceptionWarning: Exception ignored in: &lt;coroutine object TestAuthServiceCore.teardown_method at 0x000002ED9454FED0&gt;
    Enable tracemalloc to get traceback where the object was allocated.
    See https://docs.pytest.org/en/stable/how-to/capture-warnings.html#resource-warnings for more info.</error></testcase><testcase classname="tests.unit.test_auth_service_core_comprehensive.TestAuthServiceLoginFlow" name="test_login_with_malformed_request_fails_hard" time="0.002"><failure message="TypeError: AuthService.login() missing 1 required positional argument: 'client_info'">E   TypeError: AuthService.login() missing 1 required positional argument: 'client_info'</failure></testcase><testcase classname="tests.unit.test_auth_service_core_comprehensive.TestAuthServiceLoginFlow" name="test_login_with_malformed_request_fails_hard" time="0.001"><error message="failed on teardown with &quot;pytest.PytestUnraisableExceptionWarning: Exception ignored in: &lt;coroutine object TestAuthServiceCore.teardown_method at 0x000002ED94600EE0&gt;&#10;Enable tracemalloc to get traceback where the object was allocated.&#10;See https://docs.pytest.org/en/stable/how-to/capture-warnings.html#resource-warnings for more info.&quot;">E   RuntimeWarning: coroutine 'TestAuthServiceCore.teardown_method' was never awaited

The above exception was the direct cause of the following exception:
E   pytest.PytestUnraisableExceptionWarning: Exception ignored in: &lt;coroutine object TestAuthServiceCore.teardown_method at 0x000002ED94600EE0&gt;
    Enable tracemalloc to get traceback where the object was allocated.
    See https://docs.pytest.org/en/stable/how-to/capture-warnings.html#resource-warnings for more info.</error></testcase><testcase classname="tests.unit.test_auth_service_core_comprehensive.TestAuthServiceLogoutFlow" name="test_logout_with_valid_token_succeeds" time="0.083"><failure message="TypeError: AuthService.login() missing 1 required positional argument: 'client_info'">E   TypeError: AuthService.login() missing 1 required positional argument: 'client_info'</failure></testcase><testcase classname="tests.unit.test_auth_service_core_comprehensive.TestAuthServiceLogoutFlow" name="test_logout_with_valid_token_succeeds" time="0.001"><error message="failed on teardown with &quot;pytest.PytestUnraisableExceptionWarning: Exception ignored in: &lt;coroutine object TestAuthServiceCore.teardown_method at 0x000002ED94601220&gt;&#10;Enable tracemalloc to get traceback where the object was allocated.&#10;See https://docs.pytest.org/en/stable/how-to/capture-warnings.html#resource-warnings for more info.&quot;">E   RuntimeWarning: coroutine 'TestAuthServiceCore.teardown_method' was never awaited

[...]
    | 
    | The above exception was the direct cause of the following exception:
    | 
    | Traceback (most recent call last):
    |   File "C:\Users\antho\AppData\Roaming\Python\Python312\site-packages\_pytest\unraisableexception.py", line 67, in collect_unraisable
    |     warnings.warn(pytest.PytestUnraisableExceptionWarning(msg))
    | pytest.PytestUnraisableExceptionWarning: Exception ignored in: &lt;coroutine object sleep at 0x000002ED969B9C40&gt;
    | Enable tracemalloc to get traceback where the object was allocated.
    | See https://docs.pytest.org/en/stable/how-to/capture-warnings.html#resource-warnings for more info.
    +---------------- 2 ----------------
    | Traceback (most recent call last):
    |   File "C:\Users\antho\miniconda3\Lib\warnings.py", line 555, in _warn_unawaited_coroutine
    |     warn(msg, category=RuntimeWarning, stacklevel=2, source=coro)
    | RuntimeWarning: coroutine 'sleep' was never awaited
    | 
    | The above exception was the direct cause of the following exception:
    | 
    | Traceback (most recent call last):
    |   File "C:\Users\antho\AppData\Roaming\Python\Python312\site-packages\_pytest\unraisableexception.py", line 67, in collect_unraisable
    |     warnings.warn(pytest.PytestUnraisableExceptionWarning(msg))
    | pytest.PytestUnraisableExceptionWarning: Exception ignored in: &lt;coroutine object sleep at 0x000002ED969BB940&gt;
    | Enable tracemalloc to get traceback where the object was allocated.
    | See https://docs.pytest.org/en/stable/how-to/capture-warnings.html#resource-warnings for more info.
    +---------------- 3 ----------------
    | Traceback (most recent call last):
    |   File "C:\Users\antho\miniconda3\Lib\warnings.py", line 555, in _warn_unawaited_coroutine
    |     warn(msg, category=RuntimeWarning, stacklevel=2, source=coro)
    | RuntimeWarning: coroutine 'sleep' was never awaited
    | 
    | The above exception was the direct cause of the following exception:
    | 
    | Traceback (most recent call last):
    |   File "C:\Users\antho\AppData\Roaming\Python\Python312\site-packages\_pytest\unraisableexception.py", line 67, in collect_unraisable
    |     warnings.warn(pytest.PytestUnraisableExceptionWarning(msg))
    | pytest.PytestUnraisableExceptionWarning: Exception ignored in: &lt;coroutine object sleep at 0x000002ED969BB340&gt;
    | Enable tracemalloc to get traceback where the object was allocated.
    | See https://docs.pytest.org/en/stable/how-to/capture-warnings.html#resource-warnings for more info.
    +---------------- 4 ----------------
    | Traceback (most recent call last):
    |   File "C:\Users\antho\miniconda3\Lib\warnings.py", line 555, in _warn_unawaited_coroutine
    |     warn(msg, category=RuntimeWarning, stacklevel=2, source=coro)
    | RuntimeWarning: coroutine 'sleep' was never awaited
    | 
    | The above exception was the direct cause of the following exception:
    | 
    | Traceback (most recent call last):
    |   File "C:\Users\antho\AppData\Roaming\Python\Python312\site-packages\_pytest\unraisableexception.py", line 67, in collect_unraisable
    |     warnings.warn(pytest.PytestUnraisableExceptionWarning(msg))
    | pytest.PytestUnraisableExceptionWarning: Exception ignored in: &lt;coroutine object sleep at 0x000002ED969BBD40&gt;
    | Enable tracemalloc to get traceback where the object was allocated.
    | See https://docs.pytest.org/en/stable/how-to/capture-warnings.html#resource-warnings for more info.
    +---------------- 5 ----------------
    | Traceback (most recent call last):
    |   File "C:\Users\antho\miniconda3\Lib\warnings.py", line 555, in _warn_unawaited_coroutine
    |     warn(msg, category=RuntimeWarning, stacklevel=2, source=coro)
    | RuntimeWarning: coroutine 'sleep' was never awaited
    | 
    | The above exception was the direct cause of the following exception:
    | 
    | Traceback (most recent call last):
    |   File "C:\Users\antho\AppData\Roaming\Python\Python312\site-packages\_pytest\unraisableexception.py", line 67, in collect_unraisable
    |     warnings.warn(pytest.PytestUnraisableExceptionWarning(msg))
    | pytest.PytestUnraisableExceptionWarning: Exception ignored in: &lt;coroutine object sleep at 0x000002ED969BBA40&gt;
    | Enable tracemalloc to get traceback where the object was allocated.
    | See https://docs.pytest.org/en/stable/how-to/capture-warnings.html#resource-warnings for more info.
    +---------------- 6 ----------------
    | Traceback (most recent call last):
    |   File "C:\Users\antho\miniconda3\Lib\warnings.py", line 555, in _warn_unawaited_coroutine
    |     warn(msg, category=RuntimeWarning, stacklevel=2, source=coro)
    | RuntimeWarning: coroutine 'sleep' was never awaited
    | 
    | The above exception was the direct cause of the following exception:
    | 
    | Traceback (most recent call last):
    |   File "C:\Users\antho\AppData\Roaming\Python\Python312\site-packages\_pytest\unraisableexception.py", line 67, in collect_unraisable
    |     warnings.warn(pytest.PytestUnraisableExceptionWarning(msg))
    | pytest.PytestUnraisableExceptionWarning: Exception ignored in: &lt;coroutine object sleep at 0x000002ED969BBB40&gt;
    | Enable tracemalloc to get traceback where the object was allocated.
    | See https://docs.pytest.org/en/stable/how-to/capture-warnings.html#resource-warnings for more info.
    +---------------- 7 ----------------
    | Traceback (most recent call last):
    |   File "C:\Users\antho\miniconda3\Lib\warnings.py", line 555, in _warn_unawaited_coroutine
    |     warn(msg, category=RuntimeWarning, stacklevel=2, source=coro)
    | RuntimeWarning: coroutine 'sleep' was never awaited
    | 
    | The above exception was the direct cause of the following exception:
    | 
    | Traceback (most recent call last):
    |   File "C:\Users\antho\AppData\Roaming\Python\Python312\site-packages\_pytest\unraisableexception.py", line 67, in collect_unraisable
    |     warnings.warn(pytest.PytestUnraisableExceptionWarning(msg))
    | pytest.PytestUnraisableExceptionWarning: Exception ignored in: &lt;coroutine object sleep at 0x000002ED969BB440&gt;
    | Enable tracemalloc to get traceback where the object was allocated.
    | See https://docs.pytest.org/en/stable/how-to/capture-warnings.html#resource-warnings for more info.
    +---------------- 8 ----------------
    | Traceback (most recent call last):
    |   File "C:\Users\antho\miniconda3\Lib\warnings.py", line 555, in _warn_unawaited_coroutine
    |     warn(msg, category=RuntimeWarning, stacklevel=2, source=coro)
    | RuntimeWarning: coroutine 'sleep' was never awaited
    | 
    | The above exception was the direct cause of the following exception:
    | 
    | Traceback (most recent call last):
    |   File "C:\Users\antho\AppData\Roaming\Python\Python312\site-packages\_pytest\unraisableexception.py", line 67, in collect_unraisable
    |     warnings.warn(pytest.PytestUnraisableExceptionWarning(msg))
    | pytest.PytestUnraisableExceptionWarning: Exception ignored in: &lt;coroutine object sleep at 0x000002ED969BB840&gt;
    | Enable tracemalloc to get traceback where the object was allocated.
    | See https://docs.pytest.org/en/stable/how-to/capture-warnings.html#resource-warnings for more info.
    +---------------- 9 ----------------
    | Traceback (most recent call last):
    |   File "C:\Users\antho\miniconda3\Lib\warnings.py", line 555, in _warn_unawaited_coroutine
    |     warn(msg, category=RuntimeWarning, stacklevel=2, source=coro)
    | RuntimeWarning: coroutine 'sleep' was never awaited
    | 
    | The above exception was the direct cause of the following exception:
    | 
    | Traceback (most recent call last):
    |   File "C:\Users\antho\AppData\Roaming\Python\Python312\site-packages\_pytest\unraisableexception.py", line 67, in collect_unraisable
    |     warnings.warn(pytest.PytestUnraisableExceptionWarning(msg))
    | pytest.PytestUnraisableExceptionWarning: Exception ignored in: &lt;coroutine object sleep at 0x000002ED969BB740&gt;
    | Enable tracemalloc to get traceback where the object was allocated.
    | See https://docs.pytest.org/en/stable/how-to/capture-warnings.html#resource-warnings for more info.
    +------------------------------------</error></testcase><testcase classname="tests.unit.test_startup_optimizer_comprehensive.TestAuthServiceStartupOptimizerConcurrentSafety" name="test_concurrent_component_initialization" time="0.008" /><testcase classname="tests.unit.test_startup_optimizer_comprehensive.TestAuthServiceStartupOptimizerConcurrentSafety" name="test_concurrent_lazy_loading_same_component" time="0.004"><failure message="assert 2 == 1">E   assert 2 == 1</failure></testcase><testcase classname="tests.unit.test_startup_optimizer_comprehensive.TestAuthServiceStartupOptimizerRealTiming" name="test_startup_timing_recorded_accurately" time="0.030" /><testcase classname="tests.unit.test_startup_optimizer_comprehensive.TestAuthServiceStartupOptimizerRealTiming" name="test_component_timing_precision" time="0.052" /><testcase classname="tests.unit.test_startup_optimizer_comprehensive.TestAuthServiceStartupOptimizerRealTiming" name="test_parallel_vs_sequential_timing_difference" time="0.034" /><testcase classname="tests.unit.test_startup_optimizer_comprehensive.TestAuthServiceStartupOptimizerEdgeCases" name="test_empty_startup_metrics" time="0.001" /><testcase classname="tests.unit.test_startup_optimizer_comprehensive.TestAuthServiceStartupOptimizerEdgeCases" name="test_very_long_component_names" time="0.001" /><testcase classname="tests.unit.test_startup_optimizer_comprehensive.TestAuthServiceStartupOptimizerEdgeCases" name="test_component_ready_special_characters" time="0.001" /><testcase classname="tests.unit.test_startup_optimizer_comprehensive.TestAuthServiceStartupOptimizerEdgeCases" name="test_background_initialization_fire_and_forget" time="0.002" /><testcase classname="tests.unit.test_startup_optimizer_comprehensive.TestAuthServiceStartupOptimizerBusinessValue" name="test_sub_five_second_startup_requirement" time="1.512" /><testcase classname="tests.unit.test_startup_optimizer_comprehensive.TestAuthServiceStartupOptimizerBusinessValue" name="test_startup_optimizer_singleton_business_value" time="0.000" /><testcase classname="tests.unit.test_startup_optimizer_comprehensive.TestAuthServiceStartupOptimizerBusinessValue" name="test_critical_components_failure_detection" time="0.006" /><testcase classname="tests.unit.test_token_validator_comprehensive.TestTokenValidatorBasicOperations" name="test_token_validator_initialization" time="0.001" /><testcase classname="tests.unit.test_token_validator_comprehensive.TestTokenValidatorBasicOperations" name="test_create_token_basic_user_data" time="0.001" /><testcase classname="tests.unit.test_token_validator_comprehensive.TestTokenValidatorBasicOperations" name="test_create_token_with_expiration_datetime" time="0.001" /><testcase classname="tests.unit.test_token_validator_comprehensive.TestTokenValidatorBasicOperations" name="test_create_token_with_naive_datetime_assumes_utc" time="0.001" /><testcase classname="tests.unit.test_token_validator_comprehensive.TestTokenValidatorBasicOperations" name="test_create_token_with_aware_datetime_preserves_timezone" time="0.001" /><testcase classname="tests.unit.test_token_validator_comprehensive.TestTokenValidatorBasicOperations" name="test_create_token_preserves_user_data" time="0.001" /><testcase classname="tests.unit.test_token_validator_comprehensive.TestTokenValidatorBasicOperations" name="test_create_token_makes_copy_of_user_data" time="0.000" /><testcase classname="tests.unit.test_token_validator_comprehensive.TestTokenValidatorValidationOperations" name="test_validate_valid_token_success" time="0.001" /><testcase classname="tests.unit.test_token_validator_comprehensive.TestTokenValidatorValidationOperations" name="test_validate_token_verifies_expiration" time="0.001" /><testcase classname="tests.unit.test_token_validator_comprehensive.TestTokenValidatorValidationOperations" name="test_validate_token_verifies_signature" time="0.001"><failure message="jwt.exceptions.DecodeError: Invalid crypto padding">E   binascii.Error: Invalid base64-encoded string: number of data characters (17) cannot be 1 more than a multiple of 4

The above exception was the direct cause of the following exception:
E   jwt.exceptions.DecodeError: Invalid crypto padding</failure></testcase><testcase classname="tests.unit.test_token_validator_comprehensive.TestTokenValidatorValidationOperations" name="test_validate_malformed_token_fails" time="0.001" /><testcase classname="tests.unit.test_token_validator_comprehensive.TestTokenValidatorValidationOperations" name="test_validate_token_with_wrong_algorithm" time="0.001"><failure message="jwt.exceptions.InvalidAlgorithmError: The specified alg value is not allowed">E   jwt.exceptions.InvalidAlgorithmError: The specified alg value is not allowed</failure></testcase><testcase classname="tests.unit.test_token_validator_comprehensive.TestTokenValidatorValidationOperations" name="test_validate_token_with_wrong_secret" time="0.001" /><testcase classname="tests.unit.test_token_validator_comprehensive.TestTokenValidatorValidationOperations" name="test_validate_token_future_issued_time" time="0.001"><failure message="jwt.exceptions.ImmatureSignatureError: The token is not yet valid (iat)">E   jwt.exceptions.ImmatureSignatureError: The token is not yet valid (iat)</failure></testcase><testcase classname="tests.unit.test_token_validator_comprehensive.TestTokenValidatorSecurityPatterns" name="test_algorithm_is_secure" time="0.001" /><testcase classname="tests.unit.test_token_validator_comprehensive.TestTokenValidatorSecurityPatterns" name="test_secret_key_is_configured" time="0.000" /><testcase classname="tests.unit.test_token_validator_comprehensive.TestTokenValidatorSecurityPatterns" name="test_rejects_none_algorithm_tokens" time="0.001" /><testcase classname="tests.unit.test_token_validator_comprehensive.TestTokenValidatorSecurityPatterns" name="test_token_tampering_detection" time="0.001" /><testcase classname="tests.unit.test_token_validator_comprehensive.TestTokenValidatorSecurityPatterns" name="test_handles_injection_attempts_in_user_data" time="0.001" /><testcase classname="tests.unit.test_token_validator_comprehensive.TestTokenValidatorSecurityPatterns" name="test_large_payload_handling" time="0.001" /><testcase classname="tests.unit.test_token_validator_comprehensive.TestTokenValidatorSecurityPatterns" name="test_special_characters_in_user_data" time="0.001" /><testcase classname="tests.unit.test_token_validator_comprehensive.TestTokenValidatorDatetimeHandling" name="test_datetime_conversion_utc_aware" time="0.001" /><testcase classname="tests.unit.test_token_validator_comprehensive.TestTokenValidatorDatetimeHandling" name="test_datetime_conversion_naive_assumes_utc" time="0.000" /><testcase classname="tests.unit.test_token_validator_comprehensive.TestTokenValidatorDatetimeHandling" name="test_datetime_conversion_non_utc_timezone" time="0.001" /><testcase classname="tests.unit.test_token_validator_comprehensive.TestTokenValidatorDatetimeHandling" name="test_non_datetime_exp_preserved" time="0.001" /><testcase classname="tests.unit.test_token_validator_comprehensive.TestTokenValidatorDatetimeHandling" name="test_multiple_datetime_fields_handled" time="0.001"><failure message="assert 1757306783 == datetime.datetime(2025, 9, 8, 4, 46, 23, 655993, tzinfo=datetime.timezone.utc)">E   assert 1757306783 == datetime.datetime(2025, 9, 8, 4, 46, 23, 655993, tzinfo=datetime.timezone.utc)</failure></testcase><testcase classname="tests.unit.test_token_validator_comprehensive.TestTokenValidatorDatetimeHandling" name="test_edge_case_datetime_values" time="0.001" /><testcase classname="tests.unit.test_token_validator_comprehensive.TestTokenValidatorErrorHandling" name="test_create_token_empty_user_data" time="0.000" /><testcase classname="tests.unit.test_token_validator_comprehensive.TestTokenValidatorErrorHandling" name="test_create_token_none_user_data_fails" time="0.001" /><testcase classname="tests.unit.test_token_validator_comprehensive.TestTokenValidatorErrorHandling" name="test_create_token_non_dict_user_data_fails" time="0.002" /><testcase classname="tests.unit.test_token_validator_comprehensive.TestTokenValidatorErrorHandling" name="test_validate_token_empty_string_fails" time="0.001" /><testcase classname="tests.unit.test_token_validator_comprehensive.TestTokenValidatorErrorHandling" name="test_validate_token_none_fails" time="0.001"><failure message="jwt.exceptions.DecodeError: Invalid token type. Token must be a &lt;class 'bytes'&gt;">E   jwt.exceptions.DecodeError: Invalid token type. Token must be a &lt;class 'bytes'&gt;</failure></testcase><testcase classname="tests.unit.test_token_validator_comprehensive.TestTokenValidatorErrorHandling" name="test_validate_token_non_string_fails" time="0.001"><failure message="jwt.exceptions.DecodeError: Invalid token type. Token must be a &lt;class 'bytes'&gt;">E   jwt.exceptions.DecodeError: Invalid token type. Token must be a &lt;class 'bytes'&gt;</failure></testcase><testcase classname="tests.unit.test_token_validator_comprehensive.TestTokenValidatorErrorHandling" name="test_create_token_with_circular_reference_fails" time="0.000" /><testcase classname="tests.unit.test_token_validator_comprehensive.TestTokenValidatorErrorHandling" name="test_create_token_with_non_serializable_data_fails" time="0.000" /><testcase classname="tests.unit.test_token_validator_comprehensive.TestTokenValidatorPerformanceCharacteristics" name="test_token_creation_is_deterministic" time="0.001" /><testcase classname="tests.unit.test_token_validator_comprehensive.TestTokenValidatorPerformanceCharacteristics" name="test_token_validation_is_consistent" time="0.001" /><testcase classname="tests.unit.test_token_validator_comprehensive.TestTokenValidatorPerformanceCharacteristics" name="test_handles_concurrent_operations" time="0.006" /><testcase classname="tests.unit.test_token_validator_comprehensive.TestTokenValidatorPerformanceCharacteristics" name="test_memory_usage_with_large_tokens" time="0.004" /><testcase classname="tests.unit.test_token_validator_comprehensive.TestTokenValidatorBusinessValueScenarios" name="test_user_authentication_scenario" time="0.001" /><testcase classname="tests.unit.test_token_validator_comprehensive.TestTokenValidatorBusinessValueScenarios" name="test_service_to_service_authentication" time="0.001" /><testcase classname="tests.unit.test_token_validator_comprehensive.TestTokenValidatorBusinessValueScenarios" name="test_temporary_access_token_scenario" time="0.001" /><testcase classname="tests.unit.test_token_validator_comprehensive.TestTokenValidatorBusinessValueScenarios" name="test_api_key_style_long_lived_token" time="0.001" /><testcase classname="tests.unit.test_token_validator_comprehensive.TestTokenValidatorBusinessValueScenarios" name="test_multi_tenant_scenario" time="0.001" /><testcase classname="tests.unit.test_token_validator_comprehensive.TestTokenValidatorRegressionPrevention" name="test_prevents_algorithm_confusion_attack" time="0.001" /><testcase classname="tests.unit.test_token_validator_comprehensive.TestTokenValidatorRegressionPrevention" name="test_prevents_key_confusion_attack" time="0.001" /><testcase classname="tests.unit.test_token_validator_comprehensive.TestTokenValidatorRegressionPrevention" name="test_prevents_timing_attacks_on_validation" time="0.002" /><testcase classname="tests.unit.test_token_validator_comprehensive.TestTokenValidatorRegressionPrevention" name="test_handles_jwt_header_injection" time="0.001" /><testcase classname="tests.unit.test_token_validator_comprehensive.TestTokenValidatorRegressionPrevention" name="test_consistent_error_handling_across_invalid_inputs" time="0.003" /></testsuite></testsuites>