from test_framework.ssot.base_test_case import SSotAsyncTestCase, SSotBaseTestCase
# REMOVED_SYNTAX_ERROR: class TestWebSocketConnection:
    # REMOVED_SYNTAX_ERROR: """Real WebSocket connection for testing instead of mocks."""

# REMOVED_SYNTAX_ERROR: def __init__(self):
    # REMOVED_SYNTAX_ERROR: pass
    # REMOVED_SYNTAX_ERROR: self.messages_sent = []
    # REMOVED_SYNTAX_ERROR: self.is_connected = True
    # REMOVED_SYNTAX_ERROR: self._closed = False

# REMOVED_SYNTAX_ERROR: async def send_json(self, message: dict):
    # REMOVED_SYNTAX_ERROR: """Send JSON message."""
    # REMOVED_SYNTAX_ERROR: if self._closed:
        # REMOVED_SYNTAX_ERROR: raise RuntimeError("WebSocket is closed")
        # REMOVED_SYNTAX_ERROR: self.messages_sent.append(message)

# REMOVED_SYNTAX_ERROR: async def close(self, code: int = 1000, reason: str = "Normal closure"):
    # REMOVED_SYNTAX_ERROR: """Close WebSocket connection."""
    # REMOVED_SYNTAX_ERROR: pass
    # REMOVED_SYNTAX_ERROR: self._closed = True
    # REMOVED_SYNTAX_ERROR: self.is_connected = False

# REMOVED_SYNTAX_ERROR: def get_messages(self) -> list:
    # REMOVED_SYNTAX_ERROR: """Get all sent messages."""
    # REMOVED_SYNTAX_ERROR: await asyncio.sleep(0)
    # REMOVED_SYNTAX_ERROR: return self.messages_sent.copy()

    # REMOVED_SYNTAX_ERROR: '''
    # REMOVED_SYNTAX_ERROR: End-to-end integration tests for deployment configuration validation.
    # REMOVED_SYNTAX_ERROR: These tests verify the complete deployment flow including configuration.

    # REMOVED_SYNTAX_ERROR: Cross-references:
        # REMOVED_SYNTAX_ERROR: - Incident Report: FIVE_WHYS_STAGING_CONFIG_FAILURE_20250905.md
        # REMOVED_SYNTAX_ERROR: - Learning Doc: SPEC/learnings/cloud_run_config_failure_20250905.xml
        # REMOVED_SYNTAX_ERROR: - Remediation Plan: STAGING_CONFIG_REMEDIATION_PLAN.md
        # REMOVED_SYNTAX_ERROR: - Unit Tests: tests/unit/test_deployment_config_validation.py
        # REMOVED_SYNTAX_ERROR: '''

        # REMOVED_SYNTAX_ERROR: import unittest
        # REMOVED_SYNTAX_ERROR: import os
        # REMOVED_SYNTAX_ERROR: import json
        # REMOVED_SYNTAX_ERROR: import asyncio
        # REMOVED_SYNTAX_ERROR: from pathlib import Path
        # REMOVED_SYNTAX_ERROR: import sys
        # REMOVED_SYNTAX_ERROR: from netra_backend.app.websocket_core.unified_manager import UnifiedWebSocketManager
        # REMOVED_SYNTAX_ERROR: from test_framework.docker.unified_docker_manager import UnifiedDockerManager
        # REMOVED_SYNTAX_ERROR: from test_framework.database.test_database_manager import DatabaseTestManager
        # REMOVED_SYNTAX_ERROR: from test_framework.redis_test_utils.test_redis_manager import RedisTestManager
        # REMOVED_SYNTAX_ERROR: from auth_service.core.auth_manager import AuthManager
        # REMOVED_SYNTAX_ERROR: from shared.isolated_environment import IsolatedEnvironment

        # Add project root to path
        # REMOVED_SYNTAX_ERROR: project_root = Path(__file__).parent.parent.parent
        # REMOVED_SYNTAX_ERROR: sys.path.insert(0, str(project_root))

        # REMOVED_SYNTAX_ERROR: from netra_backend.config.staging import StagingConfig
        # REMOVED_SYNTAX_ERROR: from netra_backend.config.base import BaseConfig
        # REMOVED_SYNTAX_ERROR: from netra_backend.app.core.unified_error_handler import UnifiedErrorHandler
        # REMOVED_SYNTAX_ERROR: from netra_backend.app.db.database_manager import DatabaseManager
        # REMOVED_SYNTAX_ERROR: from netra_backend.app.clients.auth_client_core import AuthServiceClient
        # REMOVED_SYNTAX_ERROR: from shared.isolated_environment import get_env


# REMOVED_SYNTAX_ERROR: class TestDeploymentConfigurationE2E(SSotAsyncTestCase):
    # REMOVED_SYNTAX_ERROR: """End-to-end tests for deployment configuration validation."""

# REMOVED_SYNTAX_ERROR: def setUp(self):
    # REMOVED_SYNTAX_ERROR: """Set up test environment."""
    # REMOVED_SYNTAX_ERROR: self.test_env_vars = { )
    # REMOVED_SYNTAX_ERROR: 'ENV': 'test',
    # REMOVED_SYNTAX_ERROR: 'DATABASE_URL': 'postgresql://test:test@localhost/test',
    # REMOVED_SYNTAX_ERROR: 'POSTGRES_HOST': 'localhost',
    # REMOVED_SYNTAX_ERROR: 'POSTGRES_PORT': '5432',
    # REMOVED_SYNTAX_ERROR: 'POSTGRES_DB': 'test_db',
    # REMOVED_SYNTAX_ERROR: 'POSTGRES_USER': 'test_user',
    # REMOVED_SYNTAX_ERROR: 'POSTGRES_PASSWORD': 'test_pass',
    # REMOVED_SYNTAX_ERROR: 'JWT_SECRET_KEY': 'test_jwt_secret_key_very_long_and_secure',
    # REMOVED_SYNTAX_ERROR: 'SECRET_KEY': 'test_secret_key_also_very_long_and_secure',
    # REMOVED_SYNTAX_ERROR: 'REDIS_HOST': 'localhost',
    # REMOVED_SYNTAX_ERROR: 'REDIS_PORT': '6379',
    # REMOVED_SYNTAX_ERROR: 'BACKEND_URL': 'http://localhost:8000',
    # REMOVED_SYNTAX_ERROR: 'FRONTEND_URL': 'http://localhost:3000',
    # REMOVED_SYNTAX_ERROR: 'API_BASE_URL': 'http://localhost:8000'
    

# REMOVED_SYNTAX_ERROR: def test_application_fails_without_config(self):
    # REMOVED_SYNTAX_ERROR: """Test that application cannot start without required configuration."""
    # REMOVED_SYNTAX_ERROR: pass
    # REMOVED_SYNTAX_ERROR: from netra_backend.app.services.health.deep_checks import HealthChecker

    # REMOVED_SYNTAX_ERROR: checker = HealthChecker()
    # REMOVED_SYNTAX_ERROR: result = checker.check_configuration()

    # REMOVED_SYNTAX_ERROR: self.assertFalse(result['healthy'])
    # REMOVED_SYNTAX_ERROR: self.assertIn('configuration', result['issues'][0].lower())
    # REMOVED_SYNTAX_ERROR: self.assertTrue(len(result['missing_configs']) > 0)

# REMOVED_SYNTAX_ERROR: def test_partial_config_detected(self):
    # REMOVED_SYNTAX_ERROR: """Test that partial configuration is detected as incomplete."""
    # REMOVED_SYNTAX_ERROR: from netra_backend.app.services.health.deep_checks import validate_configuration

    # REMOVED_SYNTAX_ERROR: issues = validate_configuration()

    # REMOVED_SYNTAX_ERROR: self.assertGreater(len(issues), 0)
    # Should detect multiple missing configs
    # REMOVED_SYNTAX_ERROR: self.assertTrue(any('JWT_SECRET_KEY' in issue for issue in issues))
    # REMOVED_SYNTAX_ERROR: self.assertTrue(any('POSTGRES_HOST' in issue for issue in issues))

# REMOVED_SYNTAX_ERROR: def test_staging_config_requires_cloud_sql_format(self):
    # REMOVED_SYNTAX_ERROR: """Test that staging config enforces Cloud SQL connection format."""
    # REMOVED_SYNTAX_ERROR: pass
    # REMOVED_SYNTAX_ERROR: with patch.dict(os.environ, { ))
    # REMOVED_SYNTAX_ERROR: 'ENV': 'staging',
    # REMOVED_SYNTAX_ERROR: 'DATABASE_URL': 'postgresql://user:pass@10.0.0.1:5432/db',  # Wrong format
    # REMOVED_SYNTAX_ERROR: **self.test_env_vars
    # REMOVED_SYNTAX_ERROR: }):
        # REMOVED_SYNTAX_ERROR: from netra_backend.config.staging import validate_staging_database_url

        # REMOVED_SYNTAX_ERROR: is_valid, error = validate_staging_database_url(os.environ['DATABASE_URL'])

        # REMOVED_SYNTAX_ERROR: self.assertFalse(is_valid)
        # REMOVED_SYNTAX_ERROR: self.assertIn('cloudsql', error.lower())

# REMOVED_SYNTAX_ERROR: def test_staging_config_rejects_localhost_urls(self):
    # REMOVED_SYNTAX_ERROR: """Test that staging configuration rejects localhost URLs."""
    # REMOVED_SYNTAX_ERROR: with patch.dict(os.environ, { ))
    # REMOVED_SYNTAX_ERROR: 'ENV': 'staging',
    # REMOVED_SYNTAX_ERROR: 'BACKEND_URL': 'http://localhost:8000',  # Invalid for staging
    # REMOVED_SYNTAX_ERROR: 'FRONTEND_URL': 'http://localhost:3000',  # Invalid for staging
    # REMOVED_SYNTAX_ERROR: **self.test_env_vars
    # REMOVED_SYNTAX_ERROR: }):
        # REMOVED_SYNTAX_ERROR: from netra_backend.config.base import validate_urls_for_environment

        # REMOVED_SYNTAX_ERROR: issues = validate_urls_for_environment(os.environ, 'staging')

        # REMOVED_SYNTAX_ERROR: self.assertGreater(len(issues), 0)
        # REMOVED_SYNTAX_ERROR: self.assertTrue(any('localhost' in issue for issue in issues))

# REMOVED_SYNTAX_ERROR: def test_deployment_validates_gsm_secrets(self, mock_run):
    # REMOVED_SYNTAX_ERROR: """Test that deployment validates Google Secret Manager secrets exist."""
    # REMOVED_SYNTAX_ERROR: pass
    # First call: list secrets (missing some)
    # REMOVED_SYNTAX_ERROR: mock_run.return_value = Mock( )
    # REMOVED_SYNTAX_ERROR: returncode=0,
    # REMOVED_SYNTAX_ERROR: stdout=json.dumps([ ))
    # REMOVED_SYNTAX_ERROR: {'name': 'projects/netra-staging/secrets/jwt-secret-staging'}
    # Missing other required secrets
    
    

    # REMOVED_SYNTAX_ERROR: from scripts.validate_secrets import check_gsm_secrets

    # REMOVED_SYNTAX_ERROR: missing = check_gsm_secrets('netra-staging', [ ))
    # REMOVED_SYNTAX_ERROR: 'jwt-secret-staging',
    # REMOVED_SYNTAX_ERROR: 'secret-key-staging',
    # REMOVED_SYNTAX_ERROR: 'postgres-password-staging'
    

    # REMOVED_SYNTAX_ERROR: self.assertEqual(len(missing), 2)  # 2 secrets missing
    # REMOVED_SYNTAX_ERROR: self.assertIn('secret-key-staging', missing)
    # REMOVED_SYNTAX_ERROR: self.assertIn('postgres-password-staging', missing)

# REMOVED_SYNTAX_ERROR: def test_cloud_run_service_config_validation(self, mock_run):
    # REMOVED_SYNTAX_ERROR: """Test validation of Cloud Run service configuration."""
    # Simulate Cloud Run service with incomplete config
    # REMOVED_SYNTAX_ERROR: mock_run.return_value = Mock( )
    # REMOVED_SYNTAX_ERROR: returncode=0,
    # REMOVED_SYNTAX_ERROR: stdout="ENV
    # REMOVED_SYNTAX_ERROR: DATABASE_URL",  # Only 2 of many required
    # REMOVED_SYNTAX_ERROR: stderr=''
    

    # REMOVED_SYNTAX_ERROR: from scripts.deploy_to_gcp import get_cloud_run_env_vars

    # REMOVED_SYNTAX_ERROR: env_vars = get_cloud_run_env_vars('netra-backend', 'netra-staging', 'us-central1')

    # REMOVED_SYNTAX_ERROR: required_vars = [ )
    # REMOVED_SYNTAX_ERROR: 'JWT_SECRET_KEY', 'SECRET_KEY', 'POSTGRES_HOST',
    # REMOVED_SYNTAX_ERROR: 'POSTGRES_PORT', 'POSTGRES_DB', 'POSTGRES_USER'
    

    # REMOVED_SYNTAX_ERROR: missing = set(required_vars) - set(env_vars.split(" ))
    # REMOVED_SYNTAX_ERROR: "))

    # REMOVED_SYNTAX_ERROR: self.assertGreater(len(missing), 0)
    # REMOVED_SYNTAX_ERROR: self.assertIn('JWT_SECRET_KEY', missing)

# REMOVED_SYNTAX_ERROR: def test_health_check_with_complete_config(self):
    # REMOVED_SYNTAX_ERROR: """Test that health check passes with complete configuration."""
    # REMOVED_SYNTAX_ERROR: pass
    # REMOVED_SYNTAX_ERROR: with patch.dict(os.environ, self.test_env_vars):
        # REMOVED_SYNTAX_ERROR: from netra_backend.app.services.health.deep_checks import HealthChecker

        # REMOVED_SYNTAX_ERROR: checker = HealthChecker()

        # Mock database and redis connections
        # REMOVED_SYNTAX_ERROR: with patch.object(checker, '_check_database', return_value={'healthy': True}):
            # REMOVED_SYNTAX_ERROR: with patch.object(checker, '_check_redis', return_value={'healthy': True}):
                # REMOVED_SYNTAX_ERROR: result = checker.check_all()

                # REMOVED_SYNTAX_ERROR: self.assertTrue(result['configuration']['healthy'])
                # REMOVED_SYNTAX_ERROR: self.assertEqual(len(result['configuration']['missing_configs']), 0)

# REMOVED_SYNTAX_ERROR: def test_deployment_rollback_on_validation_failure(self):
    # REMOVED_SYNTAX_ERROR: """Test that deployment rolls back when validation fails."""
    # REMOVED_SYNTAX_ERROR: from scripts.deploy_to_gcp import DeploymentManager

    # REMOVED_SYNTAX_ERROR: manager = DeploymentManager('netra-staging', 'us-central1')

    # REMOVED_SYNTAX_ERROR: with patch.object(manager, 'deploy_service', return_value=True):
        # REMOVED_SYNTAX_ERROR: with patch.object(manager, 'validate_deployment', return_value=False):
            # REMOVED_SYNTAX_ERROR: with patch.object(manager, 'rollback', return_value=True) as mock_rollback:

                # REMOVED_SYNTAX_ERROR: success = manager.deploy_with_validation('netra-backend')

                # REMOVED_SYNTAX_ERROR: self.assertFalse(success)
                # REMOVED_SYNTAX_ERROR: mock_rollback.assert_called_once()

# REMOVED_SYNTAX_ERROR: def test_configuration_compliance_monitoring(self):
    # REMOVED_SYNTAX_ERROR: """Test ongoing configuration compliance monitoring."""
    # REMOVED_SYNTAX_ERROR: pass
    # REMOVED_SYNTAX_ERROR: from scripts.monitor_config_drift import ConfigMonitor

    # REMOVED_SYNTAX_ERROR: monitor = ConfigMonitor()

    # REMOVED_SYNTAX_ERROR: expected_config = self.test_env_vars.copy()
    # REMOVED_SYNTAX_ERROR: actual_config = self.test_env_vars.copy()
    # REMOVED_SYNTAX_ERROR: actual_config['JWT_SECRET_KEY'] = 'different_value'  # Configuration drift
    # REMOVED_SYNTAX_ERROR: del actual_config['REDIS_HOST']  # Missing config

    # REMOVED_SYNTAX_ERROR: drift_report = monitor.check_drift(expected_config, actual_config)

    # REMOVED_SYNTAX_ERROR: self.assertEqual(len(drift_report['modified']), 1)
    # REMOVED_SYNTAX_ERROR: self.assertEqual(len(drift_report['missing']), 1)
    # REMOVED_SYNTAX_ERROR: self.assertIn('JWT_SECRET_KEY', drift_report['modified'])
    # REMOVED_SYNTAX_ERROR: self.assertIn('REDIS_HOST', drift_report['missing'])


# REMOVED_SYNTAX_ERROR: class TestAsyncDeploymentValidation(unittest.IsolatedAsyncioTestCase):
    # REMOVED_SYNTAX_ERROR: """Async tests for deployment validation workflows."""

    # Removed problematic line: async def test_parallel_secret_validation(self):
        # REMOVED_SYNTAX_ERROR: """Test parallel validation of multiple secrets."""
        # REMOVED_SYNTAX_ERROR: from scripts.validate_secrets import validate_secrets_parallel

        # REMOVED_SYNTAX_ERROR: secrets_to_check = [ )
        # REMOVED_SYNTAX_ERROR: 'jwt-secret-staging',
        # REMOVED_SYNTAX_ERROR: 'secret-key-staging',
        # REMOVED_SYNTAX_ERROR: 'postgres-password-staging',
        # REMOVED_SYNTAX_ERROR: 'redis-host-staging'
        

        # REMOVED_SYNTAX_ERROR: with patch('scripts.validate_secrets.check_secret_exists', new_callable=AsyncMock) as mock_check:
            # Mock that half the secrets exist
            # REMOVED_SYNTAX_ERROR: mock_check.side_effect = [True, True, False, False]

            # REMOVED_SYNTAX_ERROR: results = await validate_secrets_parallel('netra-staging', secrets_to_check)

            # REMOVED_SYNTAX_ERROR: self.assertEqual(len(results['existing']), 2)
            # REMOVED_SYNTAX_ERROR: self.assertEqual(len(results['missing']), 2)

            # Removed problematic line: async def test_health_check_with_timeout(self):
                # REMOVED_SYNTAX_ERROR: """Test health check with timeout for slow config validation."""
                # REMOVED_SYNTAX_ERROR: pass
                # REMOVED_SYNTAX_ERROR: from netra_backend.app.services.health.async_health import AsyncHealthChecker

                # REMOVED_SYNTAX_ERROR: checker = AsyncHealthChecker()

                # Mock slow config check
# REMOVED_SYNTAX_ERROR: async def slow_config_check():
    # REMOVED_SYNTAX_ERROR: pass
    # REMOVED_SYNTAX_ERROR: await asyncio.sleep(10)  # Simulate slow check
    # REMOVED_SYNTAX_ERROR: await asyncio.sleep(0)
    # REMOVED_SYNTAX_ERROR: return {'healthy': False}

    # REMOVED_SYNTAX_ERROR: with patch.object(checker, 'check_configuration', side_effect=slow_config_check):
        # Should timeout after 5 seconds
        # REMOVED_SYNTAX_ERROR: result = await checker.check_with_timeout(timeout=5)

        # REMOVED_SYNTAX_ERROR: self.assertFalse(result['healthy'])
        # REMOVED_SYNTAX_ERROR: self.assertIn('timeout', result.get('error', '').lower())


# REMOVED_SYNTAX_ERROR: class TestDeploymentConfigCrossReferences(SSotAsyncTestCase):
    # REMOVED_SYNTAX_ERROR: """Test that all configuration documentation is properly cross-referenced."""

# REMOVED_SYNTAX_ERROR: def test_incident_documentation_exists(self):
    # REMOVED_SYNTAX_ERROR: """Test that incident documentation files exist and are linked."""
    # REMOVED_SYNTAX_ERROR: required_docs = [ )
    # REMOVED_SYNTAX_ERROR: 'FIVE_WHYS_STAGING_CONFIG_FAILURE_20250905.md',
    # REMOVED_SYNTAX_ERROR: 'STAGING_CONFIG_REMEDIATION_PLAN.md',
    # REMOVED_SYNTAX_ERROR: 'SPEC/learnings/cloud_run_config_failure_20250905.xml'
    

    # REMOVED_SYNTAX_ERROR: for doc in required_docs:
        # REMOVED_SYNTAX_ERROR: doc_path = project_root / doc
        # REMOVED_SYNTAX_ERROR: self.assertTrue(doc_path.exists(), "formatted_string")

# REMOVED_SYNTAX_ERROR: def test_test_files_reference_incidents(self):
    # REMOVED_SYNTAX_ERROR: """Test that test files properly reference incident documentation."""
    # REMOVED_SYNTAX_ERROR: pass
    # REMOVED_SYNTAX_ERROR: test_file = project_root / 'tests' / 'unit' / 'test_deployment_config_validation.py'

    # REMOVED_SYNTAX_ERROR: with open(test_file, 'r') as f:
        # REMOVED_SYNTAX_ERROR: content = f.read()

        # Check for cross-references
        # REMOVED_SYNTAX_ERROR: self.assertIn('FIVE_WHYS_STAGING_CONFIG_FAILURE', content)
        # REMOVED_SYNTAX_ERROR: self.assertIn('cloud_run_config_failure', content)
        # REMOVED_SYNTAX_ERROR: self.assertIn('STAGING_CONFIG_REMEDIATION_PLAN', content)

# REMOVED_SYNTAX_ERROR: def test_config_validation_covers_all_required_vars(self):
    # REMOVED_SYNTAX_ERROR: """Test that validation covers all 19 required environment variables."""
    # REMOVED_SYNTAX_ERROR: from tests.unit.test_deployment_config_validation import TestDeploymentConfigValidation

    # REMOVED_SYNTAX_ERROR: required_vars = TestDeploymentConfigValidation.REQUIRED_ENV_VARS

    # These are the 19 critical vars identified in the incident
    # REMOVED_SYNTAX_ERROR: critical_vars = [ )
    # REMOVED_SYNTAX_ERROR: 'DATABASE_URL', 'JWT_SECRET_KEY', 'SECRET_KEY',
    # REMOVED_SYNTAX_ERROR: 'POSTGRES_HOST', 'POSTGRES_PORT', 'POSTGRES_DB',
    # REMOVED_SYNTAX_ERROR: 'POSTGRES_USER', 'POSTGRES_PASSWORD', 'ENV',
    # REMOVED_SYNTAX_ERROR: 'REDIS_HOST', 'REDIS_PORT', 'BACKEND_URL',
    # REMOVED_SYNTAX_ERROR: 'FRONTEND_URL', 'API_BASE_URL'
    

    # REMOVED_SYNTAX_ERROR: for var in critical_vars:
        # REMOVED_SYNTAX_ERROR: self.assertIn(var, required_vars,
        # REMOVED_SYNTAX_ERROR: "formatted_string")


# REMOVED_SYNTAX_ERROR: class TestCloudRunProbeSimulation(SSotAsyncTestCase):
    # REMOVED_SYNTAX_ERROR: """Simulate Cloud Run probe failures from missing configuration."""

# REMOVED_SYNTAX_ERROR: def test_tcp_probe_failure_simulation(self, mock_run):
    # REMOVED_SYNTAX_ERROR: """Simulate TCP probe failure as seen in incident."""
    # Simulate the exact error from the incident
    # REMOVED_SYNTAX_ERROR: mock_run.return_value = Mock( )
    # REMOVED_SYNTAX_ERROR: returncode=1,
    # REMOVED_SYNTAX_ERROR: stdout='',
    # REMOVED_SYNTAX_ERROR: stderr='Default STARTUP TCP probe failed 1 time consecutively for container "netra-backend"'
    

    # REMOVED_SYNTAX_ERROR: from scripts.deploy_to_gcp import check_startup_probe

    # REMOVED_SYNTAX_ERROR: probe_healthy = check_startup_probe('netra-backend', 'netra-staging', 'us-central1')

    # REMOVED_SYNTAX_ERROR: self.assertFalse(probe_healthy)

# REMOVED_SYNTAX_ERROR: def test_probe_retry_logic(self):
    # REMOVED_SYNTAX_ERROR: """Test that probe retry logic handles configuration delays."""
    # REMOVED_SYNTAX_ERROR: pass
    # REMOVED_SYNTAX_ERROR: from scripts.deploy_to_gcp import wait_for_healthy_with_retry

    # REMOVED_SYNTAX_ERROR: with patch('scripts.deploy_to_gcp.check_startup_probe') as mock_probe:
        # Fail first 2 attempts, succeed on third
        # REMOVED_SYNTAX_ERROR: mock_probe.side_effect = [False, False, True]

        # REMOVED_SYNTAX_ERROR: healthy = wait_for_healthy_with_retry( )
        # REMOVED_SYNTAX_ERROR: 'netra-backend',
        # REMOVED_SYNTAX_ERROR: 'netra-staging',
        # REMOVED_SYNTAX_ERROR: 'us-central1',
        # REMOVED_SYNTAX_ERROR: max_attempts=3,
        # REMOVED_SYNTAX_ERROR: delay=1
        

        # REMOVED_SYNTAX_ERROR: self.assertTrue(healthy)
        # REMOVED_SYNTAX_ERROR: self.assertEqual(mock_probe.call_count, 3)


        # REMOVED_SYNTAX_ERROR: if __name__ == '__main__':
            # Run tests with detailed output
            # REMOVED_SYNTAX_ERROR: unittest.main(verbosity=2)