{
  "timestamp": "2025-08-14T09:23:40.627207",
  "level": "comprehensive-websocket",
  "metrics": {
    "total_tests": 7,
    "passed": 4,
    "failed": 1,
    "coverage": null
  },
  "results": {
    "backend": {
      "status": "failed",
      "duration": 57.94258713722229,
      "exit_code": 2,
      "output": "Loaded test environment from C:\\Users\\antho\\OneDrive\\Desktop\\Netra\\netra-core-generation-1\\.env.test\n================================================================================\nNETRA AI PLATFORM - BACKEND TEST RUNNER\n================================================================================\nTest Configuration:\n  Category: all\n  Parallel: 2\n  Coverage: enabled\n  Fail Fast: enabled\n  Environment: testing\n\nRunning command:\n  pytest app/tests tests integration_tests -v -n 2 -x --maxfail=1 --cov=app --cov-report=html:reports/coverage/html --cov-report=term-missing --cov-report=json:reports/coverage/coverage.json --cov-fail-under=70 -k websocket or ws_manager --tb=short --asyncio-mode=auto --color=yes --strict-markers --disable-warnings -p no:warnings\n================================================================================\n\u001b[1m============================= test session starts =============================\u001b[0m\nplatform win32 -- Python 3.12.4, pytest-8.4.1, pluggy-1.6.0 -- C:\\Users\\antho\\miniconda3\\python.exe\ncachedir: .pytest_cache\nmetadata: {'Python': '3.12.4', 'Platform': 'Windows-11-10.0.26100-SP0', 'Packages': {'pytest': '8.4.1', 'pluggy': '1.6.0'}, 'Plugins': {'anyio': '4.9.0', 'Faker': '37.4.2', 'langsmith': '0.4.10', 'asyncio': '0.21.1', 'cov': '6.2.1', 'html': '4.1.1', 'json-report': '1.5.0', 'metadata': '3.1.1', 'mock': '3.14.1', 'timeout': '2.4.0', 'xdist': '3.8.0', 'typeguard': '4.4.4'}}\nrootdir: C:\\Users\\antho\\OneDrive\\Desktop\\Netra\\netra-core-generation-1\nconfigfile: pytest.ini\nplugins: anyio-4.9.0, Faker-37.4.2, langsmith-0.4.10, asyncio-0.21.1, cov-6.2.1, html-4.1.1, json-report-1.5.0, metadata-3.1.1, mock-3.14.1, timeout-2.4.0, xdist-3.8.0, typeguard-4.4.4\nasyncio: mode=Mode.AUTO\ncreated: 2/2 workers\n2 workers [194 items]\n\nscheduling tests via LoadScheduling\n\napp/tests/agents/test_agent_e2e_critical.py::TestAgentE2ECritical::test_2_websocket_real_time_streaming \napp/tests/services/synthetic_data/test_websocket_updates.py::TestWebSocketUpdates::test_multiple_client_subscriptions \n[gw1]\u001b[36m [  0%] \u001b[0m\u001b[31mFAILED\u001b[0m app/tests/services/synthetic_data/test_websocket_updates.py::TestWebSocketUpdates::test_multiple_client_subscriptions \n[gw0]\u001b[36m [  1%] \u001b[0m\u001b[32mPASSED\u001b[0m app/tests/agents/test_agent_e2e_critical.py::TestAgentE2ECritical::test_2_websocket_real_time_streaming \napp/tests/agents/test_data_sub_agent.py::TestIntegration::test_integration_with_websocket \n[gw0]\u001b[36m [  1%] \u001b[0m\u001b[32mPASSED\u001b[0m app/tests/agents/test_data_sub_agent.py::TestIntegration::test_integration_with_websocket \napp/tests/agents/test_error_handler_unit.py::TestAgentErrorClasses::test_websocket_error \n[gw0]\u001b[36m [  2%] \u001b[0m\u001b[32mPASSED\u001b[0m app/tests/agents/test_error_handler_unit.py::TestAgentErrorClasses::test_websocket_error \napp/tests/agents/test_llm_agent_e2e_real.py::test_websocket_message_streaming \n[gw0]\u001b[36m [  2%] \u001b[0m\u001b[32mPASSED\u001b[0m app/tests/agents/test_llm_agent_e2e_real.py::test_websocket_message_streaming \napp/tests/agents/test_llm_agent_integration.py::TestLLMAgentIntegration::test_websocket_message_streaming \n[gw0]\u001b[36m [  3%] \u001b[0m\u001b[31mERROR\u001b[0m app/tests/agents/test_llm_agent_integration.py::TestLLMAgentIntegration::test_websocket_message_streaming Loaded .env file from C:\\Users\\antho\\OneDrive\\Desktop\\Netra\\netra-core-generation-1\\.env\n\n\n=================================== ERRORS ====================================\n\u001b[31m\u001b[1m_ ERROR at setup of TestLLMAgentIntegration.test_websocket_message_streaming __\u001b[0m\n[gw0] win32 -- Python 3.12.4 C:\\Users\\antho\\miniconda3\\python.exe\n\u001b[1m\u001b[31m..\\..\\..\\..\\miniconda3\\Lib\\site-packages\\pytest_asyncio\\plugin.py\u001b[0m:319: in _async_fixture_wrapper\n    \u001b[0mfixture, request.instance, fixturedef.unittest\u001b[90m\u001b[39;49;00m\n                               ^^^^^^^^^^^^^^^^^^^\u001b[90m\u001b[39;49;00m\n\u001b[1m\u001b[31mE   AttributeError: 'FixtureDef' object has no attribute 'unittest'\u001b[0m\n----------------------------- Captured log setup ------------------------------\n\u001b[35mDEBUG   \u001b[0m asyncio:proactor_events.py:634 Using proactor: IocpProactor\n================================== FAILURES ===================================\n\u001b[31m\u001b[1m___________ TestWebSocketUpdates.test_multiple_client_subscriptions ___________\u001b[0m\n[gw1] win32 -- Python 3.12.4 C:\\Users\\antho\\miniconda3\\python.exe\n\u001b[1m\u001b[31m..\\..\\..\\..\\miniconda3\\Lib\\unittest\\mock.py\u001b[0m:935: in assert_called_with\n    \u001b[0m\u001b[94mraise\u001b[39;49;00m \u001b[96mAssertionError\u001b[39;49;00m(error_message)\u001b[90m\u001b[39;49;00m\n\u001b[1m\u001b[31mE   AssertionError: expected call not found.\u001b[0m\n\u001b[1m\u001b[31mE   Expected: send_json({'type': 'progress', 'percentage': 75})\u001b[0m\n\u001b[1m\u001b[31mE     Actual: not called.\u001b[0m\n\n\u001b[33mDuring handling of the above exception, another exception occurred:\u001b[0m\n\u001b[1m\u001b[31mapp\\tests\\services\\synthetic_data\\test_websocket_updates.py\u001b[0m:132: in test_multiple_client_subscriptions\n    \u001b[0mclient.send_json.assert_called_with(update)\u001b[90m\u001b[39;49;00m\n\u001b[1m\u001b[31mE   AssertionError: expected call not found.\u001b[0m\n\u001b[1m\u001b[31mE   Expected: send_json({'type': 'progress', 'percentage': 75})\u001b[0m\n\u001b[1m\u001b[31mE     Actual: not called.\u001b[0m\n----------------------------- Captured log setup ------------------------------\n\u001b[35mDEBUG   \u001b[0m asyncio:proactor_events.py:634 Using proactor: IocpProactor\n\u001b[35mDEBUG   \u001b[0m asyncio:proactor_events.py:634 Using proactor: IocpProactor\n---------------------------- Captured stderr call -----------------------------\nC:\\Users\\antho\\miniconda3\\Lib\\site-packages\\pydantic\\main.py:253: DeprecationWarning: datetime.datetime.utcnow() is deprecated and scheduled for removal in a future version. Use timezone-aware objects to represent datetimes in UTC: datetime.datetime.now(datetime.UTC).\n  validated_self = self.__pydantic_validator__.validate_python(data, self_instance=self)\n---------------------------- Captured log teardown ----------------------------\n\u001b[35mDEBUG   \u001b[0m asyncio:proactor_events.py:634 Using proactor: IocpProactor\n\u001b[36m\u001b[1m=========================== short test summary info ===========================\u001b[0m\n\u001b[31mFAILED\u001b[0m app/tests/services/synthetic_data/test_websocket_updates.py::\u001b[1mTestWebSocketUpdates::test_multiple_client_subscriptions\u001b[0m - AssertionError: expected call not found.\n\u001b[31mERROR\u001b[0m app/tests/agents/test_llm_agent_integration.py::\u001b[1mTestLLMAgentIntegration::test_websocket_message_streaming\u001b[0m - AttributeError: 'FixtureDef' object has no attribute 'unittest'\n\u001b[31m!!!!!!!!!!!!!!!!!!!!!!!!!! stopping after 2 failures !!!!!!!!!!!!!!!!!!!!!!!!!!\u001b[0m\n!!!!!!!!!!!! xdist.dsession.Interrupted: stopping after 1 failures !!!!!!!!!!!!\n\u001b[31m============== \u001b[31m\u001b[1m1 failed\u001b[0m, \u001b[32m4 passed\u001b[0m, \u001b[33m1 skipped\u001b[0m, \u001b[31m\u001b[1m1 error\u001b[0m\u001b[31m in 47.99s\u001b[0m\u001b[31m ===============\u001b[0m\n================================================================================\n[FAIL] TESTS FAILED with exit code 2 after 57.12s\n[Coverage] Coverage Report: reports/coverage/html/index.html\n================================================================================\n\n",
      "test_counts": {
        "total": 7,
        "passed": 4,
        "failed": 1,
        "skipped": 1,
        "errors": 1,
        "test_files": 6
      },
      "coverage": null,
      "test_details": []
    },
    "frontend": {
      "status": "skipped",
      "duration": 0,
      "exit_code": null,
      "output": "",
      "test_counts": {
        "total": 0,
        "passed": 0,
        "failed": 0,
        "skipped": 0,
        "errors": 0
      },
      "coverage": null
    },
    "e2e": {
      "status": "pending",
      "duration": 0,
      "exit_code": null,
      "output": "",
      "test_counts": {
        "total": 0,
        "passed": 0,
        "failed": 0,
        "skipped": 0,
        "errors": 0
      },
      "coverage": null
    },
    "overall": {
      "status": "failed",
      "start_time": 1755188562.681208,
      "end_time": 1755188620.6262085
    }
  }
}