{
  "timestamp": "2025-08-13T22:50:33.681739",
  "level": "comprehensive-database",
  "metrics": {
    "total_tests": 23,
    "passed": 18,
    "failed": 3,
    "coverage": null
  },
  "results": {
    "backend": {
      "status": "failed",
      "duration": 43.07348990440369,
      "exit_code": 2,
      "output": "Loaded test environment from C:\\Users\\antho\\OneDrive\\Desktop\\Netra\\netra-core-generation-1\\.env.test\n================================================================================\nNETRA AI PLATFORM - BACKEND TEST RUNNER\n================================================================================\nTest Configuration:\n  Category: all\n  Parallel: 4\n  Coverage: enabled\n  Fail Fast: enabled\n  Environment: testing\n\nRunning command:\n  pytest app/tests tests integration_tests -v -n 4 -x --maxfail=1 --cov=app --cov-report=html:reports/coverage/html --cov-report=term-missing --cov-report=json:reports/coverage/coverage.json --cov-fail-under=70 -k database or repository or clickhouse or postgres --tb=short --asyncio-mode=auto --color=yes --strict-markers --disable-warnings -p no:warnings\n================================================================================\n\u001b[1m============================= test session starts =============================\u001b[0m\nplatform win32 -- Python 3.12.4, pytest-8.4.1, pluggy-1.6.0 -- C:\\Users\\antho\\miniconda3\\python.exe\ncachedir: .pytest_cache\nmetadata: {'Python': '3.12.4', 'Platform': 'Windows-11-10.0.26100-SP0', 'Packages': {'pytest': '8.4.1', 'pluggy': '1.6.0'}, 'Plugins': {'anyio': '4.9.0', 'Faker': '37.4.2', 'langsmith': '0.4.10', 'asyncio': '0.21.1', 'cov': '6.2.1', 'html': '4.1.1', 'json-report': '1.5.0', 'metadata': '3.1.1', 'mock': '3.14.1', 'timeout': '2.4.0', 'xdist': '3.8.0', 'typeguard': '4.4.4'}}\nrootdir: C:\\Users\\antho\\OneDrive\\Desktop\\Netra\\netra-core-generation-1\nconfigfile: pytest.ini\nplugins: anyio-4.9.0, Faker-37.4.2, langsmith-0.4.10, asyncio-0.21.1, cov-6.2.1, html-4.1.1, json-report-1.5.0, metadata-3.1.1, mock-3.14.1, timeout-2.4.0, xdist-3.8.0, typeguard-4.4.4\nasyncio: mode=Mode.AUTO\ncreated: 4/4 workers\n4 workers [307 items]\n\nscheduling tests via LoadScheduling\n\napp/tests/clickhouse/test_corpus_generation_coverage.py::TestValidationAndSafety::test_prompt_response_length_validation \napp/tests/clickhouse/test_performance_edge_cases.py::TestConcurrencyAndAsync::test_async_table_creation_timeout \napp/tests/agents/test_data_sub_agent.py::TestIntegration::test_integration_with_database \napp/tests/clickhouse/test_query_correctness.py::TestUsagePatternQueries::test_usage_patterns_query_structure \n[gw2]\u001b[36m [  0%] \u001b[0m\u001b[32mPASSED\u001b[0m app/tests/clickhouse/test_corpus_generation_coverage.py::TestValidationAndSafety::test_prompt_response_length_validation \napp/tests/clickhouse/test_corpus_generation_coverage.py::TestValidationAndSafety::test_required_fields_validation \n[gw3]\u001b[36m [  0%] \u001b[0m\u001b[32mPASSED\u001b[0m app/tests/clickhouse/test_query_correctness.py::TestUsagePatternQueries::test_usage_patterns_query_structure \n[gw2]\u001b[36m [  0%] \u001b[0m\u001b[32mPASSED\u001b[0m app/tests/clickhouse/test_corpus_generation_coverage.py::TestValidationAndSafety::test_required_fields_validation \napp/tests/clickhouse/test_query_correctness.py::TestUsagePatternQueries::test_usage_patterns_custom_days_back \napp/tests/clickhouse/test_corpus_generation_coverage.py::TestValidationAndSafety::test_corpus_access_control \n[gw3]\u001b[36m [  1%] \u001b[0m\u001b[32mPASSED\u001b[0m app/tests/clickhouse/test_query_correctness.py::TestUsagePatternQueries::test_usage_patterns_custom_days_back \napp/tests/clickhouse/test_query_correctness.py::TestCorrelationQueries::test_correlation_analysis_query \n[gw3]\u001b[36m [  1%] \u001b[0m\u001b[32mPASSED\u001b[0m app/tests/clickhouse/test_query_correctness.py::TestCorrelationQueries::test_correlation_analysis_query \n[gw0]\u001b[36m [  1%] \u001b[0m\u001b[32mPASSED\u001b[0m app/tests/agents/test_data_sub_agent.py::TestIntegration::test_integration_with_database \napp/tests/clickhouse/test_query_correctness.py::TestGenerationServiceQueries::test_get_corpus_from_clickhouse_query \napp/tests/agents/test_data_sub_agent_comprehensive_suite/test_data_sub_agent_basic.py::TestDataSubAgentBasic::test_fetch_clickhouse_data_with_cache_hit \n[gw2]\u001b[36m [  2%] \u001b[0m\u001b[32mPASSED\u001b[0m app/tests/clickhouse/test_corpus_generation_coverage.py::TestValidationAndSafety::test_corpus_access_control \napp/tests/clickhouse/test_corpus_generation_coverage.py::TestMetadataTracking::test_corpus_metadata_creation \n[gw0]\u001b[36m [  2%] \u001b[0m\u001b[32mPASSED\u001b[0m app/tests/agents/test_data_sub_agent_comprehensive_suite/test_data_sub_agent_basic.py::TestDataSubAgentBasic::test_fetch_clickhouse_data_with_cache_hit \napp/tests/agents/test_data_sub_agent_comprehensive_suite/test_data_sub_agent_basic.py::TestDataSubAgentBasic::test_fetch_clickhouse_data_cache_miss \n[gw3]\u001b[36m [  2%] \u001b[0m\u001b[32mPASSED\u001b[0m app/tests/clickhouse/test_query_correctness.py::TestGenerationServiceQueries::test_get_corpus_from_clickhouse_query \napp/tests/clickhouse/test_query_correctness.py::TestGenerationServiceQueries::test_save_corpus_to_clickhouse_batch_insert \n[gw3]\u001b[36m [  3%] \u001b[0m\u001b[32mPASSED\u001b[0m app/tests/clickhouse/test_query_correctness.py::TestGenerationServiceQueries::test_save_corpus_to_clickhouse_batch_insert \napp/tests/clickhouse/test_query_correctness.py::TestTableInitializationQueries::test_initialize_clickhouse_tables \n[gw3]\u001b[36m [  3%] \u001b[0m\u001b[32mPASSED\u001b[0m app/tests/clickhouse/test_query_correctness.py::TestTableInitializationQueries::test_initialize_clickhouse_tables \napp/tests/clickhouse/test_query_correctness.py::TestTableInitializationQueries::test_verify_workload_events_table \n[gw3]\u001b[36m [  3%] \u001b[0m\u001b[32mPASSED\u001b[0m app/tests/clickhouse/test_query_correctness.py::TestTableInitializationQueries::test_verify_workload_events_table \napp/tests/clickhouse/test_query_correctness.py::TestNestedArrayQueries::test_nested_array_access_pattern \n[gw3]\u001b[36m [  4%] \u001b[0m\u001b[32mPASSED\u001b[0m app/tests/clickhouse/test_query_correctness.py::TestNestedArrayQueries::test_nested_array_access_pattern \napp/tests/clickhouse/test_query_correctness.py::TestNestedArrayQueries::test_nested_array_existence_check \n[gw3]\u001b[36m [  4%] \u001b[0m\u001b[32mPASSED\u001b[0m app/tests/clickhouse/test_query_correctness.py::TestNestedArrayQueries::test_nested_array_existence_check \napp/tests/clickhouse/test_query_correctness.py::TestErrorHandling::test_null_safety_in_calculations \n[gw3]\u001b[36m [  4%] \u001b[0m\u001b[32mPASSED\u001b[0m app/tests/clickhouse/test_query_correctness.py::TestErrorHandling::test_null_safety_in_calculations \napp/tests/clickhouse/test_real_clickhouse_api.py::TestRealClickHouseConnection::test_real_connection \n[gw3]\u001b[36m [  5%] \u001b[0m\u001b[31mERROR\u001b[0m app/tests/clickhouse/test_real_clickhouse_api.py::TestRealClickHouseConnection::test_real_connection \n[gw2]\u001b[36m [  5%] \u001b[0m\u001b[32mPASSED\u001b[0m app/tests/clickhouse/test_corpus_generation_coverage.py::TestMetadataTracking::test_corpus_metadata_creation \napp/tests/clickhouse/test_corpus_generation_coverage.py::TestMetadataTracking::test_corpus_metadata_update \n[gw2]\u001b[36m [  5%] \u001b[0m\u001b[32mPASSED\u001b[0m app/tests/clickhouse/test_corpus_generation_coverage.py::TestMetadataTracking::test_corpus_metadata_update \napp/tests/clickhouse/test_corpus_generation_coverage.py::TestErrorRecovery::test_table_creation_failure_recovery \n[gw2]\u001b[36m [  6%] \u001b[0m\u001b[32mPASSED\u001b[0m app/tests/clickhouse/test_corpus_generation_coverage.py::TestErrorRecovery::test_table_creation_failure_recovery \napp/tests/clickhouse/test_corpus_generation_coverage.py::TestErrorRecovery::test_upload_failure_recovery \n[gw0]\u001b[36m [  6%] \u001b[0m\u001b[31mFAILED\u001b[0m app/tests/agents/test_data_sub_agent_comprehensive_suite/test_data_sub_agent_basic.py::TestDataSubAgentBasic::test_fetch_clickhouse_data_cache_miss \n[gw2]\u001b[36m [  6%] \u001b[0m\u001b[31mFAILED\u001b[0m app/tests/clickhouse/test_corpus_generation_coverage.py::TestErrorRecovery::test_upload_failure_recovery \n[gw1]\u001b[36m [  7%] \u001b[0m\u001b[31mFAILED\u001b[0m app/tests/clickhouse/test_performance_edge_cases.py::TestConcurrencyAndAsync::test_async_table_creation_timeout Loaded .env file from C:\\Users\\antho\\OneDrive\\Desktop\\Netra\\netra-core-generation-1\\.env\n\n\n=================================== ERRORS ====================================\n\u001b[31m\u001b[1m_____ ERROR at setup of TestRealClickHouseConnection.test_real_connection _____\u001b[0m\n[gw3] win32 -- Python 3.12.4 C:\\Users\\antho\\miniconda3\\python.exe\n\u001b[1m\u001b[31m..\\..\\..\\..\\miniconda3\\Lib\\site-packages\\pytest_asyncio\\plugin.py\u001b[0m:281: in _asyncgen_fixture_wrapper\n    \u001b[0mfixture, request.instance, fixturedef.unittest\u001b[90m\u001b[39;49;00m\n                               ^^^^^^^^^^^^^^^^^^^\u001b[90m\u001b[39;49;00m\n\u001b[1m\u001b[31mE   AttributeError: 'FixtureDef' object has no attribute 'unittest'\u001b[0m\n================================== FAILURES ===================================\n\u001b[31m\u001b[1m_________ TestDataSubAgentBasic.test_fetch_clickhouse_data_cache_miss _________\u001b[0m\n[gw0] win32 -- Python 3.12.4 C:\\Users\\antho\\miniconda3\\python.exe\n\u001b[1m\u001b[31mapp\\tests\\agents\\test_data_sub_agent_comprehensive_suite\\test_data_sub_agent_basic.py\u001b[0m:95: in test_fetch_clickhouse_data_cache_miss\n    \u001b[0m\u001b[94mwith\u001b[39;49;00m patch(\u001b[33m'\u001b[39;49;00m\u001b[33mapp.agents.data_sub_agent.create_workload_events_table_if_missing\u001b[39;49;00m\u001b[33m'\u001b[39;49;00m, new_callable=AsyncMock):\u001b[90m\u001b[39;49;00m\n\u001b[1m\u001b[31m..\\..\\..\\..\\miniconda3\\Lib\\unittest\\mock.py\u001b[0m:1458: in __enter__\n    \u001b[0moriginal, local = \u001b[96mself\u001b[39;49;00m.get_original()\u001b[90m\u001b[39;49;00m\n                      ^^^^^^^^^^^^^^^^^^^\u001b[90m\u001b[39;49;00m\n\u001b[1m\u001b[31m..\\..\\..\\..\\miniconda3\\Lib\\unittest\\mock.py\u001b[0m:1431: in get_original\n    \u001b[0m\u001b[94mraise\u001b[39;49;00m \u001b[96mAttributeError\u001b[39;49;00m(\u001b[90m\u001b[39;49;00m\n\u001b[1m\u001b[31mE   AttributeError: <module 'app.agents.data_sub_agent' from 'C:\\\\Users\\\\antho\\\\OneDrive\\\\Desktop\\\\Netra\\\\netra-core-generation-1\\\\app\\\\agents\\\\data_sub_agent\\\\__init__.py'> does not have the attribute 'create_workload_events_table_if_missing'\u001b[0m\n----------------------------- Captured log setup ------------------------------\n\u001b[35mDEBUG   \u001b[0m asyncio:proactor_events.py:634 Using proactor: IocpProactor\n---------------------------- Captured log teardown ----------------------------\n\u001b[35mDEBUG   \u001b[0m asyncio:proactor_events.py:634 Using proactor: IocpProactor\n\u001b[31m\u001b[1m_______________ TestErrorRecovery.test_upload_failure_recovery ________________\u001b[0m\n[gw2] win32 -- Python 3.12.4 C:\\Users\\antho\\miniconda3\\python.exe\n\u001b[1m\u001b[31mapp\\tests\\clickhouse\\test_corpus_generation_coverage.py\u001b[0m:533: in test_upload_failure_recovery\n    \u001b[0m\u001b[94massert\u001b[39;49;00m result[\u001b[33m\"\u001b[39;49;00m\u001b[33mrecords_uploaded\u001b[39;49;00m\u001b[33m\"\u001b[39;49;00m] == \u001b[94m0\u001b[39;49;00m\u001b[90m\u001b[39;49;00m\n\u001b[1m\u001b[31mE   assert 1 == 0\u001b[0m\n---------------------------- Captured stderr call -----------------------------\n2025-08-13 22:50:20.179 | ERROR    | app.ws_manager:broadcast:157 | Broadcast message validation failed: Invalid message type: corpus:upload_progress\n---------------------------- Captured log teardown ----------------------------\n\u001b[35mDEBUG   \u001b[0m asyncio:proactor_events.py:634 Using proactor: IocpProactor\n\u001b[31m\u001b[1m__________ TestConcurrencyAndAsync.test_async_table_creation_timeout __________\u001b[0m\n[gw1] win32 -- Python 3.12.4 C:\\Users\\antho\\miniconda3\\python.exe\n\u001b[1m\u001b[31mapp\\tests\\clickhouse\\test_performance_edge_cases.py\u001b[0m:266: in test_async_table_creation_timeout\n    \u001b[0m\u001b[94massert\u001b[39;49;00m duration < \u001b[94m1.0\u001b[39;49;00m\u001b[90m\u001b[39;49;00m\n\u001b[1m\u001b[31mE   assert 10.007853 < 1.0\u001b[0m\n----------------------------- Captured log setup ------------------------------\n\u001b[35mDEBUG   \u001b[0m asyncio:proactor_events.py:634 Using proactor: IocpProactor\n\u001b[35mDEBUG   \u001b[0m asyncio:proactor_events.py:634 Using proactor: IocpProactor\n---------------------------- Captured log teardown ----------------------------\n\u001b[35mDEBUG   \u001b[0m asyncio:proactor_events.py:634 Using proactor: IocpProactor\n\u001b[36m\u001b[1m=========================== short test summary info ===========================\u001b[0m\n\u001b[31mFAILED\u001b[0m app/tests/agents/test_data_sub_agent_comprehensive_suite/test_data_sub_agent_basic.py::\u001b[1mTestDataSubAgentBasic::test_fetch_clickhouse_data_cache_miss\u001b[0m - AttributeError: <module 'app.agents.data_sub_agent' from 'C:\\\\Users\\\\antho\\...\n\u001b[31mFAILED\u001b[0m app/tests/clickhouse/test_corpus_generation_coverage.py::\u001b[1mTestErrorRecovery::test_upload_failure_recovery\u001b[0m - assert 1 == 0\n\u001b[31mFAILED\u001b[0m app/tests/clickhouse/test_performance_edge_cases.py::\u001b[1mTestConcurrencyAndAsync::test_async_table_creation_timeout\u001b[0m - assert 10.007853 < 1.0\n\u001b[31mERROR\u001b[0m app/tests/clickhouse/test_real_clickhouse_api.py::\u001b[1mTestRealClickHouseConnection::test_real_connection\u001b[0m - AttributeError: 'FixtureDef' object has no attribute 'unittest'\n\u001b[31m!!!!!!!!!!!!!!!!!!!!!!!!!! stopping after 4 failures !!!!!!!!!!!!!!!!!!!!!!!!!!\u001b[0m\n!!!!!!!!!!!! xdist.dsession.Interrupted: stopping after 1 failures !!!!!!!!!!!!\n\u001b[31m============== \u001b[31m\u001b[1m3 failed\u001b[0m, \u001b[32m18 passed\u001b[0m, \u001b[33m1 skipped\u001b[0m, \u001b[31m\u001b[1m1 error\u001b[0m\u001b[31m in 33.62s\u001b[0m\u001b[31m ==============\u001b[0m\n================================================================================\n[FAIL] TESTS FAILED with exit code 2 after 42.21s\n[Coverage] Coverage Report: reports/coverage/html/index.html\n================================================================================\n\n",
      "test_counts": {
        "total": 23,
        "passed": 18,
        "failed": 3,
        "skipped": 1,
        "errors": 1,
        "test_files": 6
      },
      "coverage": null,
      "test_details": []
    },
    "frontend": {
      "status": "skipped",
      "duration": 0,
      "exit_code": null,
      "output": "",
      "test_counts": {
        "total": 0,
        "passed": 0,
        "failed": 0,
        "skipped": 0,
        "errors": 0
      },
      "coverage": null
    },
    "e2e": {
      "status": "pending",
      "duration": 0,
      "exit_code": null,
      "output": "",
      "test_counts": {
        "total": 0,
        "passed": 0,
        "failed": 0,
        "skipped": 0,
        "errors": 0
      },
      "coverage": null
    },
    "overall": {
      "status": "failed",
      "start_time": 1755150590.6003513,
      "end_time": 1755150633.6787395
    }
  }
}