{
  "timestamp": "2025-08-13T13:03:24.001592",
  "level": "comprehensive",
  "metrics": {
    "total_tests": 0,
    "passed": 0,
    "failed": 0,
    "coverage": 26.6
  },
  "results": {
    "backend": {
      "status": "failed",
      "duration": 119.09795546531677,
      "exit_code": 1,
      "output": "Loaded test environment from C:\\Users\\antho\\OneDrive\\Desktop\\Netra\\netra-core-generation-1\\.env.test\n================================================================================\nNETRA AI PLATFORM - BACKEND TEST RUNNER\n================================================================================\nTest Configuration:\n  Category: all\n  Parallel: 6\n  Coverage: enabled\n  Fail Fast: enabled\n  Environment: testing\n\nRunning command:\n  pytest app/tests tests integration_tests -v -n 6 -x --maxfail=1 --cov=app --cov-report=html:reports/coverage/html --cov-report=term-missing --cov-report=json:reports/coverage/coverage.json --cov-fail-under=70 --html=reports/tests/report.html --self-contained-html --tb=short --asyncio-mode=auto --color=yes --strict-markers --disable-warnings -p no:warnings\n================================================================================\n\u001b[1m============================= test session starts =============================\u001b[0m\nplatform win32 -- Python 3.12.4, pytest-8.4.1, pluggy-1.6.0 -- C:\\Users\\antho\\miniconda3\\python.exe\ncachedir: .pytest_cache\nmetadata: {'Python': '3.12.4', 'Platform': 'Windows-11-10.0.26100-SP0', 'Packages': {'pytest': '8.4.1', 'pluggy': '1.6.0'}, 'Plugins': {'anyio': '4.9.0', 'Faker': '37.4.2', 'langsmith': '0.4.10', 'asyncio': '0.21.1', 'cov': '6.2.1', 'html': '4.1.1', 'json-report': '1.5.0', 'metadata': '3.1.1', 'mock': '3.14.1', 'timeout': '2.4.0', 'xdist': '3.8.0', 'typeguard': '4.4.4'}}\nrootdir: C:\\Users\\antho\\OneDrive\\Desktop\\Netra\\netra-core-generation-1\nconfigfile: pytest.ini\nplugins: anyio-4.9.0, Faker-37.4.2, langsmith-0.4.10, asyncio-0.21.1, cov-6.2.1, html-4.1.1, json-report-1.5.0, metadata-3.1.1, mock-3.14.1, timeout-2.4.0, xdist-3.8.0, typeguard-4.4.4\nasyncio: mode=Mode.AUTO\ncreated: 6/6 workers\n[gw0] node down: Traceback (most recent call last):\n  File \"C:\\Users\\antho\\miniconda3\\Lib\\site-packages\\_pytest\\config\\__init__.py\", line 712, in _importconftest\n    mod = import_path(\n          ^^^^^^^^^^^^\n  File \"C:\\Users\\antho\\miniconda3\\Lib\\site-packages\\_pytest\\pathlib.py\", line 587, in import_path\n    importlib.import_module(module_name)\n  File \"C:\\Users\\antho\\miniconda3\\Lib\\importlib\\__init__.py\", line 90, in import_module\n    return _bootstrap._gcd_import(name[level:], package, level)\n           ^^^^^^^^^^^^^^^^^^^^^^^^^^^^^^^^^^^^^^^^^^^^^^^^^^^^\n  File \"<frozen importlib._bootstrap>\", line 1387, in _gcd_import\n  File \"<frozen importlib._bootstrap>\", line 1360, in _find_and_load\n  File \"<frozen importlib._bootstrap>\", line 1331, in _find_and_load_unlocked\n  File \"<frozen importlib._bootstrap>\", line 935, in _load_unlocked\n  File \"C:\\Users\\antho\\miniconda3\\Lib\\site-packages\\_pytest\\assertion\\rewrite.py\", line 186, in exec_module\n    exec(co, module.__dict__)\n  File \"C:\\Users\\antho\\OneDrive\\Desktop\\Netra\\netra-core-generation-1\\app\\tests\\conftest.py\", line 52, in <module>\n    from app.main import app\n  File \"C:\\Users\\antho\\OneDrive\\Desktop\\Netra\\netra-core-generation-1\\app\\main.py\", line 46, in <module>\n    from app.agents.supervisor_consolidated import SupervisorAgent as Supervisor\n  File \"C:\\Users\\antho\\OneDrive\\Desktop\\Netra\\netra-core-generation-1\\app\\agents\\supervisor_consolidated.py\", line 21, in <module>\n    from app.agents.supervisor.execution_context import (\n  File \"C:\\Users\\antho\\OneDrive\\Desktop\\Netra\\netra-core-generation-1\\app\\agents\\supervisor.py\", line 31, in <module>\n    from app.agents.supervisor_consolidated import SupervisorAgent as BaseSupervisorAgent\nImportError: cannot import name 'SupervisorAgent' from partially initialized module 'app.agents.supervisor_consolidated' (most likely due to a circular import) (C:\\Users\\antho\\OneDrive\\Desktop\\Netra\\netra-core-generation-1\\app\\agents\\supervisor_consolidated.py)\n\nThe above exception was the direct cause of the following exception:\n\nTraceback (most recent call last):\n  File \"C:\\Users\\antho\\miniconda3\\Lib\\site-packages\\execnet\\gateway_base.py\", line 1291, in executetask\n    exec(co, loc)\n  File \"C:\\Users\\antho\\miniconda3\\Lib\\site-packages\\xdist\\remote.py\", line 420, in <module>\n    config = _prepareconfig(args, None)\n             ^^^^^^^^^^^^^^^^^^^^^^^^^^\n  File \"C:\\Users\\antho\\miniconda3\\Lib\\site-packages\\_pytest\\config\\__init__.py\", line 342, in _prepareconfig\n    config = pluginmanager.hook.pytest_cmdline_parse(\n             ^^^^^^^^^^^^^^^^^^^^^^^^^^^^^^^^^^^^^^^^\n  File \"C:\\Users\\antho\\miniconda3\\Lib\\site-packages\\pluggy\\_hooks.py\", line 512, in __call__\n    return self._hookexec(self.name, self._hookimpls.copy(), kwargs, firstresult)\n           ^^^^^^^^^^^^^^^^^^^^^^^^^^^^^^^^^^^^^^^^^^^^^^^^^^^^^^^^^^^^^^^^^^^^^^\n  File \"C:\\Users\\antho\\miniconda3\\Lib\\site-packages\\pluggy\\_manager.py\", line 120, in _hookexec\n    return self._inner_hookexec(hook_name, methods, kwargs, firstresult)\n           ^^^^^^^^^^^^^^^^^^^^^^^^^^^^^^^^^^^^^^^^^^^^^^^^^^^^^^^^^^^^^\n  File \"C:\\Users\\antho\\miniconda3\\Lib\\site-packages\\pluggy\\_callers.py\", line 167, in _multicall\n    raise exception\n  File \"C:\\Users\\antho\\miniconda3\\Lib\\site-packages\\pluggy\\_callers.py\", line 139, in _multicall\n    teardown.throw(exception)\n  File \"C:\\Users\\antho\\miniconda3\\Lib\\site-packages\\_pytest\\helpconfig.py\", line 112, in pytest_cmdline_parse\n    config = yield\n             ^^^^^\n  File \"C:\\Users\\antho\\miniconda3\\Lib\\site-packages\\pluggy\\_callers.py\", line 121, in _multicall\n    res = hook_impl.function(*args)\n          ^^^^^^^^^^^^^^^^^^^^^^^^^\n  File \"C:\\Users\\antho\\miniconda3\\Lib\\site-packages\\_pytest\\config\\__init__.py\", line 1146, in pytest_cmdline_parse\n    self.parse(args)\n  File \"C:\\Users\\antho\\miniconda3\\Lib\\site-packages\\_pytest\\config\\__init__.py\", line 1527, in parse\n    self._preparse(args, addopts=addopts)\n  File \"C:\\Users\\antho\\miniconda3\\Lib\\site-packages\\_pytest\\config\\__init__.py\", line 1431, in _preparse\n    self.hook.pytest_load_initial_conftests(\n  File \"C:\\Users\\antho\\miniconda3\\Lib\\site-packages\\pluggy\\_hooks.py\", line 512, in __call__\n    return self._hookexec(self.name, self._hookimpls.copy(), kwargs, firstresult)\n           ^^^^^^^^^^^^^^^^^^^^^^^^^^^^^^^^^^^^^^^^^^^^^^^^^^^^^^^^^^^^^^^^^^^^^^\n  File \"C:\\Users\\antho\\miniconda3\\Lib\\site-packages\\pluggy\\_manager.py\", line 120, in _hookexec\n    return self._inner_hookexec(hook_name, methods, kwargs, firstresult)\n           ^^^^^^^^^^^^^^^^^^^^^^^^^^^^^^^^^^^^^^^^^^^^^^^^^^^^^^^^^^^^^\n  File \"C:\\Users\\antho\\miniconda3\\Lib\\site-packages\\pluggy\\_callers.py\", line 167, in _multicall\n    raise exception\n  File \"C:\\Users\\antho\\miniconda3\\Lib\\site-packages\\pluggy\\_callers.py\", line 139, in _multicall\n    teardown.throw(exception)\n  File \"C:\\Users\\antho\\miniconda3\\Lib\\site-packages\\_pytest\\capture.py\", line 173, in pytest_load_initial_conftests\n    yield\n  File \"C:\\Users\\antho\\miniconda3\\Lib\\site-packages\\pluggy\\_callers.py\", line 121, in _multicall\n    res = hook_impl.function(*args)\n          ^^^^^^^^^^^^^^^^^^^^^^^^^\n  File \"C:\\Users\\antho\\miniconda3\\Lib\\site-packages\\_pytest\\config\\__init__.py\", line 1228, in pytest_load_initial_conftests\n    self.pluginmanager._set_initial_conftests(\n  File \"C:\\Users\\antho\\miniconda3\\Lib\\site-packages\\_pytest\\config\\__init__.py\", line 583, in _set_initial_conftests\n    self._try_load_conftest(\n  File \"C:\\Users\\antho\\miniconda3\\Lib\\site-packages\\_pytest\\config\\__init__.py\", line 621, in _try_load_conftest\n    self._loadconftestmodules(\n  File \"C:\\Users\\antho\\miniconda3\\Lib\\site-packages\\_pytest\\config\\__init__.py\", line 661, in _loadconftestmodules\n    mod = self._importconftest(\n          ^^^^^^^^^^^^^^^^^^^^^\n  File \"C:\\Users\\antho\\miniconda3\\Lib\\site-packages\\_pytest\\config\\__init__.py\", line 720, in _importconftest\n    raise ConftestImportFailure(conftestpath, cause=e) from e\n_pytest.config.ConftestImportFailure: ImportError: cannot import name 'SupervisorAgent' from partially initialized module 'app.agents.supervisor_consolidated' (most likely due to a circular import) (C:\\Users\\antho\\OneDrive\\Desktop\\Netra\\netra-core-generation-1\\app\\agents\\supervisor_consolidated.py) (from C:\\Users\\antho\\OneDrive\\Desktop\\Netra\\netra-core-generation-1\\app\\tests\\conftest.py)\n\n\nreplacing crashed worker gw0\n[gw1] node down: Traceback (most recent call last):\n  File \"C:\\Users\\antho\\miniconda3\\Lib\\site-packages\\_pytest\\config\\__init__.py\", line 712, in _importconftest\n    mod = import_path(\n          ^^^^^^^^^^^^\n  File \"C:\\Users\\antho\\miniconda3\\Lib\\site-packages\\_pytest\\pathlib.py\", line 587, in import_path\n    importlib.import_module(module_name)\n  File \"C:\\Users\\antho\\miniconda3\\Lib\\importlib\\__init__.py\", line 90, in import_module\n    return _bootstrap._gcd_import(name[level:], package, level)\n           ^^^^^^^^^^^^^^^^^^^^^^^^^^^^^^^^^^^^^^^^^^^^^^^^^^^^\n  File \"<frozen importlib._bootstrap>\", line 1387, in _gcd_import\n  File \"<frozen importlib._bootstrap>\", line 1360, in _find_and_load\n  File \"<frozen importlib._bootstrap>\", line 1331, in _find_and_load_unlocked\n  File \"<frozen importlib._bootstrap>\", line 935, in _load_unlocked\n  File \"C:\\Users\\antho\\miniconda3\\Lib\\site-packages\\_pytest\\assertion\\rewrite.py\", line 186, in exec_module\n    exec(co, module.__dict__)\n  File \"C:\\Users\\antho\\OneDrive\\Desktop\\Netra\\netra-core-generation-1\\app\\tests\\conftest.py\", line 52, in <module>\n    from app.main import app\n  File \"C:\\Users\\antho\\OneDrive\\Desktop\\Netra\\netra-core-generation-1\\app\\main.py\", line 46, in <module>\n    from app.agents.supervisor_consolidated import SupervisorAgent as Supervisor\n  File \"C:\\Users\\antho\\OneDrive\\Desktop\\Netra\\netra-core-generation-1\\app\\agents\\supervisor_consolidated.py\", line 21, in <module>\n    from app.agents.supervisor.execution_context import (\n  File \"C:\\Users\\antho\\OneDrive\\Desktop\\Netra\\netra-core-generation-1\\app\\agents\\supervisor.py\", line 31, in <module>\n    from app.agents.supervisor_consolidated import SupervisorAgent as BaseSupervisorAgent\nImportError: cannot import name 'SupervisorAgent' from partially initialized module 'app.agents.supervisor_consolidated' (most likely due to a circular import) (C:\\Users\\antho\\OneDrive\\Desktop\\Netra\\netra-core-generation-1\\app\\agents\\supervisor_consolidated.py)\n\nThe above exception was the direct cause of the following exception:\n\nTraceback (most recent call last):\n  File \"C:\\Users\\antho\\miniconda3\\Lib\\site-packages\\execnet\\gateway_base.py\", line 1291, in executetask\n    exec(co, loc)\n  File \"C:\\Users\\antho\\miniconda3\\Lib\\site-packages\\xdist\\remote.py\", line 420, in <module>\n    config = _prepareconfig(args, None)\n             ^^^^^^^^^^^^^^^^^^^^^^^^^^\n  File \"C:\\Users\\antho\\miniconda3\\Lib\\site-packages\\_pytest\\config\\__init__.py\", line 342, in _prepareconfig\n    config = pluginmanager.hook.pytest_cmdline_parse(\n             ^^^^^^^^^^^^^^^^^^^^^^^^^^^^^^^^^^^^^^^^\n  File \"C:\\Users\\antho\\miniconda3\\Lib\\site-packages\\pluggy\\_hooks.py\", line 512, in __call__\n    return self._hookexec(self.name, self._hookimpls.copy(), kwargs, firstresult)\n           ^^^^^^^^^^^^^^^^^^^^^^^^^^^^^^^^^^^^^^^^^^^^^^^^^^^^^^^^^^^^^^^^^^^^^^\n  File \"C:\\Users\\antho\\miniconda3\\Lib\\site-packages\\pluggy\\_manager.py\", line 120, in _hookexec\n    return self._inner_hookexec(hook_name, methods, kwargs, firstresult)\n           ^^^^^^^^^^^^^^^^^^^^^^^^^^^^^^^^^^^^^^^^^^^^^^^^^^^^^^^^^^^^^\n  File \"C:\\Users\\antho\\miniconda3\\Lib\\site-packages\\pluggy\\_callers.py\", line 167, in _multicall\n    raise exception\n  File \"C:\\Users\\antho\\miniconda3\\Lib\\site-packages\\pluggy\\_callers.py\", line 139, in _multicall\n    teardown.throw(exception)\n  File \"C:\\Users\\antho\\miniconda3\\Lib\\site-packages\\_pytest\\helpconfig.py\", line 112, in pytest_cmdline_parse\n    config = yield\n             ^^^^^\n  File \"C:\\Users\\antho\\miniconda3\\Lib\\site-packages\\pluggy\\_callers.py\", line 121, in _multicall\n    res = hook_impl.function(*args)\n          ^^^^^^^^^^^^^^^^^^^^^^^^^\n  File \"C:\\Users\\antho\\miniconda3\\Lib\\site-packages\\_pytest\\config\\__init__.py\", line 1146, in pytest_cmdline_parse\n    self.parse(args)\n  File \"C:\\Users\\antho\\miniconda3\\Lib\\site-packages\\_pytest\\config\\__init__.py\", line 1527, in parse\n    self._preparse(args, addopts=addopts)\n  File \"C:\\Users\\antho\\miniconda3\\Lib\\site-packages\\_pytest\\config\\__init__.py\", line 1431, in _preparse\n    self.hook.pytest_load_initial_conftests(\n  File \"C:\\Users\\antho\\miniconda3\\Lib\\site-packages\\pluggy\\_hooks.py\", line 512, in __call__\n    return self._hookexec(self.name, self._hookimpls.copy(), kwargs, firstresult)\n           ^^^^^^^^^^^^^^^^^^^^^^^^^^^^^^^^^^^^^^^^^^^^^^^^^^^^^^^^^^^^^^^^^^^^^^\n  File \"C:\\Users\\antho\\miniconda3\\Lib\\site-packages\\pluggy\\_manager.py\", line 120, in _hookexec\n    return self._inner_hookexec(hook_name, methods, kwargs, firstresult)\n           ^^^^^^^^^^^^^^^^^^^^^^^^^^^^^^^^^^^^^^^^^^^^^^^^^^^^^^^^^^^^^\n  File \"C:\\Users\\antho\\miniconda3\\Lib\\site-packages\\pluggy\\_callers.py\", line 167, in _multicall\n    raise exception\n  File \"C:\\Users\\antho\\miniconda3\\Lib\\site-packages\\pluggy\\_callers.py\", line 139, in _multicall\n    teardown.throw(exception)\n  File \"C:\\Users\\antho\\miniconda3\\Lib\\site-packages\\_pytest\\capture.py\", line 173, in pytest_load_initial_conftests\n    yield\n  File \"C:\\Users\\antho\\miniconda3\\Lib\\site-packages\\pluggy\\_callers.py\", line 121, in _multicall\n    res = hook_impl.function(*args)\n          ^^^^^^^^^^^^^^^^^^^^^^^^^\n  File \"C:\\Users\\antho\\miniconda3\\Lib\\site-packages\\_pytest\\config\\__init__.py\", line 1228, in pytest_load_initial_conftests\n    self.pluginmanager._set_initial_conftests(\n  File \"C:\\Users\\antho\\miniconda3\\Lib\\site-packages\\_pytest\\config\\__init__.py\", line 583, in _set_initial_conftests\n    self._try_load_conftest(\n  File \"C:\\Users\\antho\\miniconda3\\Lib\\site-packages\\_pytest\\config\\__init__.py\", line 621, in _try_load_conftest\n    self._loadconftestmodules(\n  File \"C:\\Users\\antho\\miniconda3\\Lib\\site-packages\\_pytest\\config\\__init__.py\", line 661, in _loadconftestmodules\n    mod = self._importconftest(\n          ^^^^^^^^^^^^^^^^^^^^^\n  File \"C:\\Users\\antho\\miniconda3\\Lib\\site-packages\\_pytest\\config\\__init__.py\", line 720, in _importconftest\n    raise ConftestImportFailure(conftestpath, cause=e) from e\n_pytest.config.ConftestImportFailure: ImportError: cannot import name 'SupervisorAgent' from partially initialized module 'app.agents.supervisor_consolidated' (most likely due to a circular import) (C:\\Users\\antho\\OneDrive\\Desktop\\Netra\\netra-core-generation-1\\app\\agents\\supervisor_consolidated.py) (from C:\\Users\\antho\\OneDrive\\Desktop\\Netra\\netra-core-generation-1\\app\\tests\\conftest.py)\n\n\nreplacing crashed worker gw1\n[gw2] node down: Traceback (most recent call last):\n  File \"C:\\Users\\antho\\miniconda3\\Lib\\site-packages\\_pytest\\config\\__init__.py\", line 712, in _importconftest\n    mod = import_path(\n          ^^^^^^^^^^^^\n  File \"C:\\Users\\antho\\miniconda3\\Lib\\site-packages\\_pytest\\pathlib.py\", line 587, in import_path\n    importlib.import_module(module_name)\n  File \"C:\\Users\\antho\\miniconda3\\Lib\\importlib\\__init__.py\", line 90, in import_module\n    return _bootstrap._gcd_import(name[level:], package, level)\n           ^^^^^^^^^^^^^^^^^^^^^^^^^^^^^^^^^^^^^^^^^^^^^^^^^^^^\n  File \"<frozen importlib._bootstrap>\", line 1387, in _gcd_import\n  File \"<frozen importlib._bootstrap>\", line 1360, in _find_and_load\n  File \"<frozen importlib._bootstrap>\", line 1331, in _find_and_load_unlocked\n  File \"<frozen importlib._bootstrap>\", line 935, in _load_unlocked\n  File \"C:\\Users\\antho\\miniconda3\\Lib\\site-packages\\_pytest\\assertion\\rewrite.py\", line 186, in exec_module\n    exec(co, module.__dict__)\n  File \"C:\\Users\\antho\\OneDrive\\Desktop\\Netra\\netra-core-generation-1\\app\\tests\\conftest.py\", line 52, in <module>\n    from app.main import app\n  File \"C:\\Users\\antho\\OneDrive\\Desktop\\Netra\\netra-core-generation-1\\app\\main.py\", line 46, in <module>\n    from app.agents.supervisor_consolidated import SupervisorAgent as Supervisor\n  File \"C:\\Users\\antho\\OneDrive\\Desktop\\Netra\\netra-core-generation-1\\app\\agents\\supervisor_consolidated.py\", line 21, in <module>\n    from app.agents.supervisor.execution_context import (\n  File \"C:\\Users\\antho\\OneDrive\\Desktop\\Netra\\netra-core-generation-1\\app\\agents\\supervisor.py\", line 31, in <module>\n    from app.agents.supervisor_consolidated import SupervisorAgent as BaseSupervisorAgent\nImportError: cannot import name 'SupervisorAgent' from partially initialized module 'app.agents.supervisor_consolidated' (most likely due to a circular import) (C:\\Users\\antho\\OneDrive\\Desktop\\Netra\\netra-core-generation-1\\app\\agents\\supervisor_consolidated.py)\n\nThe above exception was the direct cause of the following exception:\n\nTraceback (most recent call last):\n  File \"C:\\Users\\antho\\miniconda3\\Lib\\site-packages\\execnet\\gateway_base.py\", line 1291, in executetask\n    exec(co, loc)\n  File \"C:\\Users\\antho\\miniconda3\\Lib\\site-packages\\xdist\\remote.py\", line 420, in <module>\n    config = _prepareconfig(args, None)\n             ^^^^^^^^^^^^^^^^^^^^^^^^^^\n  File \"C:\\Users\\antho\\miniconda3\\Lib\\site-packages\\_pytest\\config\\__init__.py\", line 342, in _prepareconfig\n    config = pluginmanager.hook.pytest_cmdline_parse(\n             ^^^^^^^^^^^^^^^^^^^^^^^^^^^^^^^^^^^^^^^^\n  File \"C:\\Users\\antho\\miniconda3\\Lib\\site-packages\\pluggy\\_hooks.py\", line 512, in __call__\n    return self._hookexec(self.name, self._hookimpls.copy(), kwargs, firstresult)\n           ^^^^^^^^^^^^^^^^^^^^^^^^^^^^^^^^^^^^^^^^^^^^^^^^^^^^^^^^^^^^^^^^^^^^^^\n  File \"C:\\Users\\antho\\miniconda3\\Lib\\site-packages\\pluggy\\_manager.py\", line 120, in _hookexec\n    return self._inner_hookexec(hook_name, methods, kwargs, firstresult)\n           ^^^^^^^^^^^^^^^^^^^^^^^^^^^^^^^^^^^^^^^^^^^^^^^^^^^^^^^^^^^^^\n  File \"C:\\Users\\antho\\miniconda3\\Lib\\site-packages\\pluggy\\_callers.py\", line 167, in _multicall\n    raise exception\n  File \"C:\\Users\\antho\\miniconda3\\Lib\\site-packages\\pluggy\\_callers.py\", line 139, in _multicall\n    teardown.throw(exception)\n  File \"C:\\Users\\antho\\miniconda3\\Lib\\site-packages\\_pytest\\helpconfig.py\", line 112, in pytest_cmdline_parse\n    config = yield\n             ^^^^^\n  File \"C:\\Users\\antho\\miniconda3\\Lib\\site-packages\\pluggy\\_callers.py\", line 121, in _multicall\n    res = hook_impl.function(*args)\n          ^^^^^^^^^^^^^^^^^^^^^^^^^\n  File \"C:\\Users\\antho\\miniconda3\\Lib\\site-packages\\_pytest\\config\\__init__.py\", line 1146, in pytest_cmdline_parse\n    self.parse(args)\n  File \"C:\\Users\\antho\\miniconda3\\Lib\\site-packages\\_pytest\\config\\__init__.py\", line 1527, in parse\n    self._preparse(args, addopts=addopts)\n  File \"C:\\Users\\antho\\miniconda3\\Lib\\site-packages\\_pytest\\config\\__init__.py\", line 1431, in _preparse\n    self.hook.pytest_load_initial_conftests(\n  File \"C:\\Users\\antho\\miniconda3\\Lib\\site-packages\\pluggy\\_hooks.py\", line 512, in __call__\n    return self._hookexec(self.name, self._hookimpls.copy(), kwargs, firstresult)\n           ^^^^^^^^^^^^^^^^^^^^^^^^^^^^^^^^^^^^^^^^^^^^^^^^^^^^^^^^^^^^^^^^^^^^^^\n  File \"C:\\Users\\antho\\miniconda3\\Lib\\site-packages\\pluggy\\_manager.py\", line 120, in _hookexec\n    return self._inner_hookexec(hook_name, methods, kwargs, firstresult)\n           ^^^^^^^^^^^^^^^^^^^^^^^^^^^^^^^^^^^^^^^^^^^^^^^^^^^^^^^^^^^^^\n  File \"C:\\Users\\antho\\miniconda3\\Lib\\site-packages\\pluggy\\_callers.py\", line 167, in _multicall\n    raise exception\n  File \"C:\\Users\\antho\\miniconda3\\Lib\\site-packages\\pluggy\\_callers.py\", line 139, in _multicall\n    teardown.throw(exception)\n  File \"C:\\Users\\antho\\miniconda3\\Lib\\site-packages\\_pytest\\capture.py\", line 173, in pytest_load_initial_conftests\n    yield\n  File \"C:\\Users\\antho\\miniconda3\\Lib\\site-packages\\pluggy\\_callers.py\", line 121, in _multicall\n    res = hook_impl.function(*args)\n          ^^^^^^^^^^^^^^^^^^^^^^^^^\n  File \"C:\\Users\\antho\\miniconda3\\Lib\\site-packages\\_pytest\\config\\__init__.py\", line 1228, in pytest_load_initial_conftests\n    self.pluginmanager._set_initial_conftests(\n  File \"C:\\Users\\antho\\miniconda3\\Lib\\site-packages\\_pytest\\config\\__init__.py\", line 583, in _set_initial_conftests\n    self._try_load_conftest(\n  File \"C:\\Users\\antho\\miniconda3\\Lib\\site-packages\\_pytest\\config\\__init__.py\", line 621, in _try_load_conftest\n    self._loadconftestmodules(\n  File \"C:\\Users\\antho\\miniconda3\\Lib\\site-packages\\_pytest\\config\\__init__.py\", line 661, in _loadconftestmodules\n    mod = self._importconftest(\n          ^^^^^^^^^^^^^^^^^^^^^\n  File \"C:\\Users\\antho\\miniconda3\\Lib\\site-packages\\_pytest\\config\\__init__.py\", line 720, in _importconftest\n    raise ConftestImportFailure(conftestpath, cause=e) from e\n_pytest.config.ConftestImportFailure: ImportError: cannot import name 'SupervisorAgent' from partially initialized module 'app.agents.supervisor_consolidated' (most likely due to a circular import) (C:\\Users\\antho\\OneDrive\\Desktop\\Netra\\netra-core-generation-1\\app\\agents\\supervisor_consolidated.py) (from C:\\Users\\antho\\OneDrive\\Desktop\\Netra\\netra-core-generation-1\\app\\tests\\conftest.py)\n\n\nreplacing crashed worker gw2\n[gw3] node down: Traceback (most recent call last):\n  File \"C:\\Users\\antho\\miniconda3\\Lib\\site-packages\\_pytest\\config\\__init__.py\", line 712, in _importconftest\n    mod = import_path(\n          ^^^^^^^^^^^^\n  File \"C:\\Users\\antho\\miniconda3\\Lib\\site-packages\\_pytest\\pathlib.py\", line 587, in import_path\n    importlib.import_module(module_name)\n  File \"C:\\Users\\antho\\miniconda3\\Lib\\importlib\\__init__.py\", line 90, in import_module\n    return _bootstrap._gcd_import(name[level:], package, level)\n           ^^^^^^^^^^^^^^^^^^^^^^^^^^^^^^^^^^^^^^^^^^^^^^^^^^^^\n  File \"<frozen importlib._bootstrap>\", line 1387, in _gcd_import\n  File \"<frozen importlib._bootstrap>\", line 1360, in _find_and_load\n  File \"<frozen importlib._bootstrap>\", line 1331, in _find_and_load_unlocked\n  File \"<frozen importlib._bootstrap>\", line 935, in _load_unlocked\n  File \"C:\\Users\\antho\\miniconda3\\Lib\\site-packages\\_pytest\\assertion\\rewrite.py\", line 186, in exec_module\n    exec(co, module.__dict__)\n  File \"C:\\Users\\antho\\OneDrive\\Desktop\\Netra\\netra-core-generation-1\\app\\tests\\conftest.py\", line 52, in <module>\n    from app.main import app\n  File \"C:\\Users\\antho\\OneDrive\\Desktop\\Netra\\netra-core-generation-1\\app\\main.py\", line 46, in <module>\n    from app.agents.supervisor_consolidated import SupervisorAgent as Supervisor\n  File \"C:\\Users\\antho\\OneDrive\\Desktop\\Netra\\netra-core-generation-1\\app\\agents\\supervisor_consolidated.py\", line 21, in <module>\n    from app.agents.supervisor.execution_context import (\n  File \"C:\\Users\\antho\\OneDrive\\Desktop\\Netra\\netra-core-generation-1\\app\\agents\\supervisor.py\", line 31, in <module>\n    from app.agents.supervisor_consolidated import SupervisorAgent as BaseSupervisorAgent\nImportError: cannot import name 'SupervisorAgent' from partially initialized module 'app.agents.supervisor_consolidated' (most likely due to a circular import) (C:\\Users\\antho\\OneDrive\\Desktop\\Netra\\netra-core-generation-1\\app\\agents\\supervisor_consolidated.py)\n\nThe above exception was the direct cause of the following exception:\n\nTraceback (most recent call last):\n  File \"C:\\Users\\antho\\miniconda3\\Lib\\site-packages\\execnet\\gateway_base.py\", line 1291, in executetask\n    exec(co, loc)\n  File \"C:\\Users\\antho\\miniconda3\\Lib\\site-packages\\xdist\\remote.py\", line 420, in <module>\n    config = _prepareconfig(args, None)\n             ^^^^^^^^^^^^^^^^^^^^^^^^^^\n  File \"C:\\Users\\antho\\miniconda3\\Lib\\site-packages\\_pytest\\config\\__init__.py\", line 342, in _prepareconfig\n    config = pluginmanager.hook.pytest_cmdline_parse(\n             ^^^^^^^^^^^^^^^^^^^^^^^^^^^^^^^^^^^^^^^^\n  File \"C:\\Users\\antho\\miniconda3\\Lib\\site-packages\\pluggy\\_hooks.py\", line 512, in __call__\n    return self._hookexec(self.name, self._hookimpls.copy(), kwargs, firstresult)\n           ^^^^^^^^^^^^^^^^^^^^^^^^^^^^^^^^^^^^^^^^^^^^^^^^^^^^^^^^^^^^^^^^^^^^^^\n  File \"C:\\Users\\antho\\miniconda3\\Lib\\site-packages\\pluggy\\_manager.py\", line 120, in _hookexec\n    return self._inner_hookexec(hook_name, methods, kwargs, firstresult)\n           ^^^^^^^^^^^^^^^^^^^^^^^^^^^^^^^^^^^^^^^^^^^^^^^^^^^^^^^^^^^^^\n  File \"C:\\Users\\antho\\miniconda3\\Lib\\site-packages\\pluggy\\_callers.py\", line 167, in _multicall\n    raise exception\n  File \"C:\\Users\\antho\\miniconda3\\Lib\\site-packages\\pluggy\\_callers.py\", line 139, in _multicall\n    teardown.throw(exception)\n  File \"C:\\Users\\antho\\miniconda3\\Lib\\site-packages\\_pytest\\helpconfig.py\", line 112, in pytest_cmdline_parse\n    config = yield\n             ^^^^^\n  File \"C:\\Users\\antho\\miniconda3\\Lib\\site-packages\\pluggy\\_callers.py\", line 121, in _multicall\n    res = hook_impl.function(*args)\n          ^^^^^^^^^^^^^^^^^^^^^^^^^\n  File \"C:\\Users\\antho\\miniconda3\\Lib\\site-packages\\_pytest\\config\\__init__.py\", line 1146, in pytest_cmdline_parse\n    self.parse(args)\n  File \"C:\\Users\\antho\\miniconda3\\Lib\\site-packages\\_pytest\\config\\__init__.py\", line 1527, in parse\n    self._preparse(args, addopts=addopts)\n  File \"C:\\Users\\antho\\miniconda3\\Lib\\site-packages\\_pytest\\config\\__init__.py\", line 1431, in _preparse\n    self.hook.pytest_load_initial_conftests(\n  File \"C:\\Users\\antho\\miniconda3\\Lib\\site-packages\\pluggy\\_hooks.py\", line 512, in __call__\n    return self._hookexec(self.name, self._hookimpls.copy(), kwargs, firstresult)\n           ^^^^^^^^^^^^^^^^^^^^^^^^^^^^^^^^^^^^^^^^^^^^^^^^^^^^^^^^^^^^^^^^^^^^^^\n  File \"C:\\Users\\antho\\miniconda3\\Lib\\site-packages\\pluggy\\_manager.py\", line 120, in _hookexec\n    return self._inner_hookexec(hook_name, methods, kwargs, firstresult)\n           ^^^^^^^^^^^^^^^^^^^^^^^^^^^^^^^^^^^^^^^^^^^^^^^^^^^^^^^^^^^^^\n  File \"C:\\Users\\antho\\miniconda3\\Lib\\site-packages\\pluggy\\_callers.py\", line 167, in _multicall\n    raise exception\n  File \"C:\\Users\\antho\\miniconda3\\Lib\\site-packages\\pluggy\\_callers.py\", line 139, in _multicall\n    teardown.throw(exception)\n  File \"C:\\Users\\antho\\miniconda3\\Lib\\site-packages\\_pytest\\capture.py\", line 173, in pytest_load_initial_conftests\n    yield\n  File \"C:\\Users\\antho\\miniconda3\\Lib\\site-packages\\pluggy\\_callers.py\", line 121, in _multicall\n    res = hook_impl.function(*args)\n          ^^^^^^^^^^^^^^^^^^^^^^^^^\n  File \"C:\\Users\\antho\\miniconda3\\Lib\\site-packages\\_pytest\\config\\__init__.py\", line 1228, in pytest_load_initial_conftests\n    self.pluginmanager._set_initial_conftests(\n  File \"C:\\Users\\antho\\miniconda3\\Lib\\site-packages\\_pytest\\config\\__init__.py\", line 583, in _set_initial_conftests\n    self._try_load_conftest(\n  File \"C:\\Users\\antho\\miniconda3\\Lib\\site-packages\\_pytest\\config\\__init__.py\", line 621, in _try_load_conftest\n    self._loadconftestmodules(\n  File \"C:\\Users\\antho\\miniconda3\\Lib\\site-packages\\_pytest\\config\\__init__.py\", line 661, in _loadconftestmodules\n    mod = self._importconftest(\n          ^^^^^^^^^^^^^^^^^^^^^\n  File \"C:\\Users\\antho\\miniconda3\\Lib\\site-packages\\_pytest\\config\\__init__.py\", line 720, in _importconftest\n    raise ConftestImportFailure(conftestpath, cause=e) from e\n_pytest.config.ConftestImportFailure: ImportError: cannot import name 'SupervisorAgent' from partially initialized module 'app.agents.supervisor_consolidated' (most likely due to a circular import) (C:\\Users\\antho\\OneDrive\\Desktop\\Netra\\netra-core-generation-1\\app\\agents\\supervisor_consolidated.py) (from C:\\Users\\antho\\OneDrive\\Desktop\\Netra\\netra-core-generation-1\\app\\tests\\conftest.py)\n\n\nreplacing crashed worker gw3\n[gw5] node down: Traceback (most recent call last):\n  File \"C:\\Users\\antho\\miniconda3\\Lib\\site-packages\\_pytest\\config\\__init__.py\", line 712, in _importconftest\n    mod = import_path(\n          ^^^^^^^^^^^^\n  File \"C:\\Users\\antho\\miniconda3\\Lib\\site-packages\\_pytest\\pathlib.py\", line 587, in import_path\n    importlib.import_module(module_name)\n  File \"C:\\Users\\antho\\miniconda3\\Lib\\importlib\\__init__.py\", line 90, in import_module\n    return _bootstrap._gcd_import(name[level:], package, level)\n           ^^^^^^^^^^^^^^^^^^^^^^^^^^^^^^^^^^^^^^^^^^^^^^^^^^^^\n  File \"<frozen importlib._bootstrap>\", line 1387, in _gcd_import\n  File \"<frozen importlib._bootstrap>\", line 1360, in _find_and_load\n  File \"<frozen importlib._bootstrap>\", line 1331, in _find_and_load_unlocked\n  File \"<frozen importlib._bootstrap>\", line 935, in _load_unlocked\n  File \"C:\\Users\\antho\\miniconda3\\Lib\\site-packages\\_pytest\\assertion\\rewrite.py\", line 186, in exec_module\n    exec(co, module.__dict__)\n  File \"C:\\Users\\antho\\OneDrive\\Desktop\\Netra\\netra-core-generation-1\\app\\tests\\conftest.py\", line 52, in <module>\n    from app.main import app\n  File \"C:\\Users\\antho\\OneDrive\\Desktop\\Netra\\netra-core-generation-1\\app\\main.py\", line 46, in <module>\n    from app.agents.supervisor_consolidated import SupervisorAgent as Supervisor\n  File \"C:\\Users\\antho\\OneDrive\\Desktop\\Netra\\netra-core-generation-1\\app\\agents\\supervisor_consolidated.py\", line 21, in <module>\n    from app.agents.supervisor.execution_context import (\n  File \"C:\\Users\\antho\\OneDrive\\Desktop\\Netra\\netra-core-generation-1\\app\\agents\\supervisor.py\", line 31, in <module>\n    from app.agents.supervisor_consolidated import SupervisorAgent as BaseSupervisorAgent\nImportError: cannot import name 'SupervisorAgent' from partially initialized module 'app.agents.supervisor_consolidated' (most likely due to a circular import) (C:\\Users\\antho\\OneDrive\\Desktop\\Netra\\netra-core-generation-1\\app\\agents\\supervisor_consolidated.py)\n\nThe above exception was the direct cause of the following exception:\n\nTraceback (most recent call last):\n  File \"C:\\Users\\antho\\miniconda3\\Lib\\site-packages\\execnet\\gateway_base.py\", line 1291, in executetask\n    exec(co, loc)\n  File \"C:\\Users\\antho\\miniconda3\\Lib\\site-packages\\xdist\\remote.py\", line 420, in <module>\n    config = _prepareconfig(args, None)\n             ^^^^^^^^^^^^^^^^^^^^^^^^^^\n  File \"C:\\Users\\antho\\miniconda3\\Lib\\site-packages\\_pytest\\config\\__init__.py\", line 342, in _prepareconfig\n    config = pluginmanager.hook.pytest_cmdline_parse(\n             ^^^^^^^^^^^^^^^^^^^^^^^^^^^^^^^^^^^^^^^^\n  File \"C:\\Users\\antho\\miniconda3\\Lib\\site-packages\\pluggy\\_hooks.py\", line 512, in __call__\n    return self._hookexec(self.name, self._hookimpls.copy(), kwargs, firstresult)\n           ^^^^^^^^^^^^^^^^^^^^^^^^^^^^^^^^^^^^^^^^^^^^^^^^^^^^^^^^^^^^^^^^^^^^^^\n  File \"C:\\Users\\antho\\miniconda3\\Lib\\site-packages\\pluggy\\_manager.py\", line 120, in _hookexec\n    return self._inner_hookexec(hook_name, methods, kwargs, firstresult)\n           ^^^^^^^^^^^^^^^^^^^^^^^^^^^^^^^^^^^^^^^^^^^^^^^^^^^^^^^^^^^^^\n  File \"C:\\Users\\antho\\miniconda3\\Lib\\site-packages\\pluggy\\_callers.py\", line 167, in _multicall\n    raise exception\n  File \"C:\\Users\\antho\\miniconda3\\Lib\\site-packages\\pluggy\\_callers.py\", line 139, in _multicall\n    teardown.throw(exception)\n  File \"C:\\Users\\antho\\miniconda3\\Lib\\site-packages\\_pytest\\helpconfig.py\", line 112, in pytest_cmdline_parse\n    config = yield\n             ^^^^^\n  File \"C:\\Users\\antho\\miniconda3\\Lib\\site-packages\\pluggy\\_callers.py\", line 121, in _multicall\n    res = hook_impl.function(*args)\n          ^^^^^^^^^^^^^^^^^^^^^^^^^\n  File \"C:\\Users\\antho\\miniconda3\\Lib\\site-packages\\_pytest\\config\\__init__.py\", line 1146, in pytest_cmdline_parse\n    self.parse(args)\n  File \"C:\\Users\\antho\\miniconda3\\Lib\\site-packages\\_pytest\\config\\__init__.py\", line 1527, in parse\n    self._preparse(args, addopts=addopts)\n  File \"C:\\Users\\antho\\miniconda3\\Lib\\site-packages\\_pytest\\config\\__init__.py\", line 1431, in _preparse\n    self.hook.pytest_load_initial_conftests(\n  File \"C:\\Users\\antho\\miniconda3\\Lib\\site-packages\\pluggy\\_hooks.py\", line 512, in __call__\n    return self._hookexec(self.name, self._hookimpls.copy(), kwargs, firstresult)\n           ^^^^^^^^^^^^^^^^^^^^^^^^^^^^^^^^^^^^^^^^^^^^^^^^^^^^^^^^^^^^^^^^^^^^^^\n  File \"C:\\Users\\antho\\miniconda3\\Lib\\site-packages\\pluggy\\_manager.py\", line 120, in _hookexec\n    return self._inner_hookexec(hook_name, methods, kwargs, firstresult)\n           ^^^^^^^^^^^^^^^^^^^^^^^^^^^^^^^^^^^^^^^^^^^^^^^^^^^^^^^^^^^^^\n  File \"C:\\Users\\antho\\miniconda3\\Lib\\site-packages\\pluggy\\_callers.py\", line 167, in _multicall\n    raise exception\n  File \"C:\\Users\\antho\\miniconda3\\Lib\\site-packages\\pluggy\\_callers.py\", line 139, in _multicall\n    teardown.throw(exception)\n  File \"C:\\Users\\antho\\miniconda3\\Lib\\site-packages\\_pytest\\capture.py\", line 173, in pytest_load_initial_conftests\n    yield\n  File \"C:\\Users\\antho\\miniconda3\\Lib\\site-packages\\pluggy\\_callers.py\", line 121, in _multicall\n    res = hook_impl.function(*args)\n          ^^^^^^^^^^^^^^^^^^^^^^^^^\n  File \"C:\\Users\\antho\\miniconda3\\Lib\\site-packages\\_pytest\\config\\__init__.py\", line 1228, in pytest_load_initial_conftests\n    self.pluginmanager._set_initial_conftests(\n  File \"C:\\Users\\antho\\miniconda3\\Lib\\site-packages\\_pytest\\config\\__init__.py\", line 583, in _set_initial_conftests\n    self._try_load_conftest(\n  File \"C:\\Users\\antho\\miniconda3\\Lib\\site-packages\\_pytest\\config\\__init__.py\", line 621, in _try_load_conftest\n    self._loadconftestmodules(\n  File \"C:\\Users\\antho\\miniconda3\\Lib\\site-packages\\_pytest\\config\\__init__.py\", line 661, in _loadconftestmodules\n    mod = self._importconftest(\n          ^^^^^^^^^^^^^^^^^^^^^\n  File \"C:\\Users\\antho\\miniconda3\\Lib\\site-packages\\_pytest\\config\\__init__.py\", line 720, in _importconftest\n    raise ConftestImportFailure(conftestpath, cause=e) from e\n_pytest.config.ConftestImportFailure: ImportError: cannot import name 'SupervisorAgent' from partially initialized module 'app.agents.supervisor_consolidated' (most likely due to a circular import) (C:\\Users\\antho\\OneDrive\\Desktop\\Netra\\netra-core-generation-1\\app\\agents\\supervisor_consolidated.py) (from C:\\Users\\antho\\OneDrive\\Desktop\\Netra\\netra-core-generation-1\\app\\tests\\conftest.py)\n\n\nreplacing crashed worker gw5\n[gw4] node down: Traceback (most recent call last):\n  File \"C:\\Users\\antho\\miniconda3\\Lib\\site-packages\\_pytest\\config\\__init__.py\", line 712, in _importconftest\n    mod = import_path(\n          ^^^^^^^^^^^^\n  File \"C:\\Users\\antho\\miniconda3\\Lib\\site-packages\\_pytest\\pathlib.py\", line 587, in import_path\n    importlib.import_module(module_name)\n  File \"C:\\Users\\antho\\miniconda3\\Lib\\importlib\\__init__.py\", line 90, in import_module\n    return _bootstrap._gcd_import(name[level:], package, level)\n           ^^^^^^^^^^^^^^^^^^^^^^^^^^^^^^^^^^^^^^^^^^^^^^^^^^^^\n  File \"<frozen importlib._bootstrap>\", line 1387, in _gcd_import\n  File \"<frozen importlib._bootstrap>\", line 1360, in _find_and_load\n  File \"<frozen importlib._bootstrap>\", line 1331, in _find_and_load_unlocked\n  File \"<frozen importlib._bootstrap>\", line 935, in _load_unlocked\n  File \"C:\\Users\\antho\\miniconda3\\Lib\\site-packages\\_pytest\\assertion\\rewrite.py\", line 186, in exec_module\n    exec(co, module.__dict__)\n  File \"C:\\Users\\antho\\OneDrive\\Desktop\\Netra\\netra-core-generation-1\\app\\tests\\conftest.py\", line 52, in <module>\n    from app.main import app\n  File \"C:\\Users\\antho\\OneDrive\\Desktop\\Netra\\netra-core-generation-1\\app\\main.py\", line 46, in <module>\n    from app.agents.supervisor_consolidated import SupervisorAgent as Supervisor\n  File \"C:\\Users\\antho\\OneDrive\\Desktop\\Netra\\netra-core-generation-1\\app\\agents\\supervisor_consolidated.py\", line 21, in <module>\n    from app.agents.supervisor.execution_context import (\n  File \"C:\\Users\\antho\\OneDrive\\Desktop\\Netra\\netra-core-generation-1\\app\\agents\\supervisor.py\", line 31, in <module>\n    from app.agents.supervisor_consolidated import SupervisorAgent as BaseSupervisorAgent\nImportError: cannot import name 'SupervisorAgent' from partially initialized module 'app.agents.supervisor_consolidated' (most likely due to a circular import) (C:\\Users\\antho\\OneDrive\\Desktop\\Netra\\netra-core-generation-1\\app\\agents\\supervisor_consolidated.py)\n\nThe above exception was the direct cause of the following exception:\n\nTraceback (most recent call last):\n  File \"C:\\Users\\antho\\miniconda3\\Lib\\site-packages\\execnet\\gateway_base.py\", line 1291, in executetask\n    exec(co, loc)\n  File \"C:\\Users\\antho\\miniconda3\\Lib\\site-packages\\xdist\\remote.py\", line 420, in <module>\n    config = _prepareconfig(args, None)\n             ^^^^^^^^^^^^^^^^^^^^^^^^^^\n  File \"C:\\Users\\antho\\miniconda3\\Lib\\site-packages\\_pytest\\config\\__init__.py\", line 342, in _prepareconfig\n    config = pluginmanager.hook.pytest_cmdline_parse(\n             ^^^^^^^^^^^^^^^^^^^^^^^^^^^^^^^^^^^^^^^^\n  File \"C:\\Users\\antho\\miniconda3\\Lib\\site-packages\\pluggy\\_hooks.py\", line 512, in __call__\n    return self._hookexec(self.name, self._hookimpls.copy(), kwargs, firstresult)\n           ^^^^^^^^^^^^^^^^^^^^^^^^^^^^^^^^^^^^^^^^^^^^^^^^^^^^^^^^^^^^^^^^^^^^^^\n  File \"C:\\Users\\antho\\miniconda3\\Lib\\site-packages\\pluggy\\_manager.py\", line 120, in _hookexec\n    return self._inner_hookexec(hook_name, methods, kwargs, firstresult)\n           ^^^^^^^^^^^^^^^^^^^^^^^^^^^^^^^^^^^^^^^^^^^^^^^^^^^^^^^^^^^^^\n  File \"C:\\Users\\antho\\miniconda3\\Lib\\site-packages\\pluggy\\_callers.py\", line 167, in _multicall\n    raise exception\n  File \"C:\\Users\\antho\\miniconda3\\Lib\\site-packages\\pluggy\\_callers.py\", line 139, in _multicall\n    teardown.throw(exception)\n  File \"C:\\Users\\antho\\miniconda3\\Lib\\site-packages\\_pytest\\helpconfig.py\", line 112, in pytest_cmdline_parse\n    config = yield\n             ^^^^^\n  File \"C:\\Users\\antho\\miniconda3\\Lib\\site-packages\\pluggy\\_callers.py\", line 121, in _multicall\n    res = hook_impl.function(*args)\n          ^^^^^^^^^^^^^^^^^^^^^^^^^\n  File \"C:\\Users\\antho\\miniconda3\\Lib\\site-packages\\_pytest\\config\\__init__.py\", line 1146, in pytest_cmdline_parse\n    self.parse(args)\n  File \"C:\\Users\\antho\\miniconda3\\Lib\\site-packages\\_pytest\\config\\__init__.py\", line 1527, in parse\n    self._preparse(args, addopts=addopts)\n  File \"C:\\Users\\antho\\miniconda3\\Lib\\site-packages\\_pytest\\config\\__init__.py\", line 1431, in _preparse\n    self.hook.pytest_load_initial_conftests(\n  File \"C:\\Users\\antho\\miniconda3\\Lib\\site-packages\\pluggy\\_hooks.py\", line 512, in __call__\n    return self._hookexec(self.name, self._hookimpls.copy(), kwargs, firstresult)\n           ^^^^^^^^^^^^^^^^^^^^^^^^^^^^^^^^^^^^^^^^^^^^^^^^^^^^^^^^^^^^^^^^^^^^^^\n  File \"C:\\Users\\antho\\miniconda3\\Lib\\site-packages\\pluggy\\_manager.py\", line 120, in _hookexec\n    return self._inner_hookexec(hook_name, methods, kwargs, firstresult)\n           ^^^^^^^^^^^^^^^^^^^^^^^^^^^^^^^^^^^^^^^^^^^^^^^^^^^^^^^^^^^^^\n  File \"C:\\Users\\antho\\miniconda3\\Lib\\site-packages\\pluggy\\_callers.py\", line 167, in _multicall\n    raise exception\n  File \"C:\\Users\\antho\\miniconda3\\Lib\\site-packages\\pluggy\\_callers.py\", line 139, in _multicall\n    teardown.throw(exception)\n  File \"C:\\Users\\antho\\miniconda3\\Lib\\site-packages\\_pytest\\capture.py\", line 173, in pytest_load_initial_conftests\n    yield\n  File \"C:\\Users\\antho\\miniconda3\\Lib\\site-packages\\pluggy\\_callers.py\", line 121, in _multicall\n    res = hook_impl.function(*args)\n          ^^^^^^^^^^^^^^^^^^^^^^^^^\n  File \"C:\\Users\\antho\\miniconda3\\Lib\\site-packages\\_pytest\\config\\__init__.py\", line 1228, in pytest_load_initial_conftests\n    self.pluginmanager._set_initial_conftests(\n  File \"C:\\Users\\antho\\miniconda3\\Lib\\site-packages\\_pytest\\config\\__init__.py\", line 583, in _set_initial_conftests\n    self._try_load_conftest(\n  File \"C:\\Users\\antho\\miniconda3\\Lib\\site-packages\\_pytest\\config\\__init__.py\", line 621, in _try_load_conftest\n    self._loadconftestmodules(\n  File \"C:\\Users\\antho\\miniconda3\\Lib\\site-packages\\_pytest\\config\\__init__.py\", line 661, in _loadconftestmodules\n    mod = self._importconftest(\n          ^^^^^^^^^^^^^^^^^^^^^\n  File \"C:\\Users\\antho\\miniconda3\\Lib\\site-packages\\_pytest\\config\\__init__.py\", line 720, in _importconftest\n    raise ConftestImportFailure(conftestpath, cause=e) from e\n_pytest.config.ConftestImportFailure: ImportError: cannot import name 'SupervisorAgent' from partially initialized module 'app.agents.supervisor_consolidated' (most likely due to a circular import) (C:\\Users\\antho\\OneDrive\\Desktop\\Netra\\netra-core-generation-1\\app\\agents\\supervisor_consolidated.py) (from C:\\Users\\antho\\OneDrive\\Desktop\\Netra\\netra-core-generation-1\\app\\tests\\conftest.py)\n\n\nreplacing crashed worker gw4\n[gw6] node down: Traceback (most recent call last):\n  File \"C:\\Users\\antho\\miniconda3\\Lib\\site-packages\\_pytest\\config\\__init__.py\", line 712, in _importconftest\n    mod = import_path(\n          ^^^^^^^^^^^^\n  File \"C:\\Users\\antho\\miniconda3\\Lib\\site-packages\\_pytest\\pathlib.py\", line 587, in import_path\n    importlib.import_module(module_name)\n  File \"C:\\Users\\antho\\miniconda3\\Lib\\importlib\\__init__.py\", line 90, in import_module\n    return _bootstrap._gcd_import(name[level:], package, level)\n           ^^^^^^^^^^^^^^^^^^^^^^^^^^^^^^^^^^^^^^^^^^^^^^^^^^^^\n  File \"<frozen importlib._bootstrap>\", line 1387, in _gcd_import\n  File \"<frozen importlib._bootstrap>\", line 1360, in _find_and_load\n  File \"<frozen importlib._bootstrap>\", line 1331, in _find_and_load_unlocked\n  File \"<frozen importlib._bootstrap>\", line 935, in _load_unlocked\n  File \"C:\\Users\\antho\\miniconda3\\Lib\\site-packages\\_pytest\\assertion\\rewrite.py\", line 186, in exec_module\n    exec(co, module.__dict__)\n  File \"C:\\Users\\antho\\OneDrive\\Desktop\\Netra\\netra-core-generation-1\\app\\tests\\conftest.py\", line 52, in <module>\n    from app.main import app\n  File \"C:\\Users\\antho\\OneDrive\\Desktop\\Netra\\netra-core-generation-1\\app\\main.py\", line 46, in <module>\n    from app.agents.supervisor_consolidated import SupervisorAgent as Supervisor\n  File \"C:\\Users\\antho\\OneDrive\\Desktop\\Netra\\netra-core-generation-1\\app\\agents\\supervisor_consolidated.py\", line 21, in <module>\n    from app.agents.supervisor.execution_context import (\n  File \"C:\\Users\\antho\\OneDrive\\Desktop\\Netra\\netra-core-generation-1\\app\\agents\\supervisor.py\", line 31, in <module>\n    from app.agents.supervisor_consolidated import SupervisorAgent as BaseSupervisorAgent\nImportError: cannot import name 'SupervisorAgent' from partially initialized module 'app.agents.supervisor_consolidated' (most likely due to a circular import) (C:\\Users\\antho\\OneDrive\\Desktop\\Netra\\netra-core-generation-1\\app\\agents\\supervisor_consolidated.py)\n\nThe above exception was the direct cause of the following exception:\n\nTraceback (most recent call last):\n  File \"C:\\Users\\antho\\miniconda3\\Lib\\site-packages\\execnet\\gateway_base.py\", line 1291, in executetask\n    exec(co, loc)\n  File \"C:\\Users\\antho\\miniconda3\\Lib\\site-packages\\xdist\\remote.py\", line 420, in <module>\n    config = _prepareconfig(args, None)\n             ^^^^^^^^^^^^^^^^^^^^^^^^^^\n  File \"C:\\Users\\antho\\miniconda3\\Lib\\site-packages\\_pytest\\config\\__init__.py\", line 342, in _prepareconfig\n    config = pluginmanager.hook.pytest_cmdline_parse(\n             ^^^^^^^^^^^^^^^^^^^^^^^^^^^^^^^^^^^^^^^^\n  File \"C:\\Users\\antho\\miniconda3\\Lib\\site-packages\\pluggy\\_hooks.py\", line 512, in __call__\n    return self._hookexec(self.name, self._hookimpls.copy(), kwargs, firstresult)\n           ^^^^^^^^^^^^^^^^^^^^^^^^^^^^^^^^^^^^^^^^^^^^^^^^^^^^^^^^^^^^^^^^^^^^^^\n  File \"C:\\Users\\antho\\miniconda3\\Lib\\site-packages\\pluggy\\_manager.py\", line 120, in _hookexec\n    return self._inner_hookexec(hook_name, methods, kwargs, firstresult)\n           ^^^^^^^^^^^^^^^^^^^^^^^^^^^^^^^^^^^^^^^^^^^^^^^^^^^^^^^^^^^^^\n  File \"C:\\Users\\antho\\miniconda3\\Lib\\site-packages\\pluggy\\_callers.py\", line 167, in _multicall\n    raise exception\n  File \"C:\\Users\\antho\\miniconda3\\Lib\\site-packages\\pluggy\\_callers.py\", line 139, in _multicall\n    teardown.throw(exception)\n  File \"C:\\Users\\antho\\miniconda3\\Lib\\site-packages\\_pytest\\helpconfig.py\", line 112, in pytest_cmdline_parse\n    config = yield\n             ^^^^^\n  File \"C:\\Users\\antho\\miniconda3\\Lib\\site-packages\\pluggy\\_callers.py\", line 121, in _multicall\n    res = hook_impl.function(*args)\n          ^^^^^^^^^^^^^^^^^^^^^^^^^\n  File \"C:\\Users\\antho\\miniconda3\\Lib\\site-packages\\_pytest\\config\\__init__.py\", line 1146, in pytest_cmdline_parse\n    self.parse(args)\n  File \"C:\\Users\\antho\\miniconda3\\Lib\\site-packages\\_pytest\\config\\__init__.py\", line 1527, in parse\n    self._preparse(args, addopts=addopts)\n  File \"C:\\Users\\antho\\miniconda3\\Lib\\site-packages\\_pytest\\config\\__init__.py\", line 1431, in _preparse\n    self.hook.pytest_load_initial_conftests(\n  File \"C:\\Users\\antho\\miniconda3\\Lib\\site-packages\\pluggy\\_hooks.py\", line 512, in __call__\n    return self._hookexec(self.name, self._hookimpls.copy(), kwargs, firstresult)\n           ^^^^^^^^^^^^^^^^^^^^^^^^^^^^^^^^^^^^^^^^^^^^^^^^^^^^^^^^^^^^^^^^^^^^^^\n  File \"C:\\Users\\antho\\miniconda3\\Lib\\site-packages\\pluggy\\_manager.py\", line 120, in _hookexec\n    return self._inner_hookexec(hook_name, methods, kwargs, firstresult)\n           ^^^^^^^^^^^^^^^^^^^^^^^^^^^^^^^^^^^^^^^^^^^^^^^^^^^^^^^^^^^^^\n  File \"C:\\Users\\antho\\miniconda3\\Lib\\site-packages\\pluggy\\_callers.py\", line 167, in _multicall\n    raise exception\n  File \"C:\\Users\\antho\\miniconda3\\Lib\\site-packages\\pluggy\\_callers.py\", line 139, in _multicall\n    teardown.throw(exception)\n  File \"C:\\Users\\antho\\miniconda3\\Lib\\site-packages\\_pytest\\capture.py\", line 173, in pytest_load_initial_conftests\n    yield\n  File \"C:\\Users\\antho\\miniconda3\\Lib\\site-packages\\pluggy\\_callers.py\", line 121, in _multicall\n    res = hook_impl.function(*args)\n          ^^^^^^^^^^^^^^^^^^^^^^^^^\n  File \"C:\\Users\\antho\\miniconda3\\Lib\\site-packages\\_pytest\\config\\__init__.py\", line 1228, in pytest_load_initial_conftests\n    self.pluginmanager._set_initial_conftests(\n  File \"C:\\Users\\antho\\miniconda3\\Lib\\site-packages\\_pytest\\config\\__init__.py\", line 583, in _set_initial_conftests\n    self._try_load_conftest(\n  File \"C:\\Users\\antho\\miniconda3\\Lib\\site-packages\\_pytest\\config\\__init__.py\", line 621, in _try_load_conftest\n    self._loadconftestmodules(\n  File \"C:\\Users\\antho\\miniconda3\\Lib\\site-packages\\_pytest\\config\\__init__.py\", line 661, in _loadconftestmodules\n    mod = self._importconftest(\n          ^^^^^^^^^^^^^^^^^^^^^\n  File \"C:\\Users\\antho\\miniconda3\\Lib\\site-packages\\_pytest\\config\\__init__.py\", line 720, in _importconftest\n    raise ConftestImportFailure(conftestpath, cause=e) from e\n_pytest.config.ConftestImportFailure: ImportError: cannot import name 'SupervisorAgent' from partially initialized module 'app.agents.supervisor_consolidated' (most likely due to a circular import) (C:\\Users\\antho\\OneDrive\\Desktop\\Netra\\netra-core-generation-1\\app\\agents\\supervisor_consolidated.py) (from C:\\Users\\antho\\OneDrive\\Desktop\\Netra\\netra-core-generation-1\\app\\tests\\conftest.py)\n\n\nreplacing crashed worker gw6\n[gw8] node down: Traceback (most recent call last):\n  File \"C:\\Users\\antho\\miniconda3\\Lib\\site-packages\\_pytest\\config\\__init__.py\", line 712, in _importconftest\n    mod = import_path(\n          ^^^^^^^^^^^^\n  File \"C:\\Users\\antho\\miniconda3\\Lib\\site-packages\\_pytest\\pathlib.py\", line 587, in import_path\n    importlib.import_module(module_name)\n  File \"C:\\Users\\antho\\miniconda3\\Lib\\importlib\\__init__.py\", line 90, in import_module\n    return _bootstrap._gcd_import(name[level:], package, level)\n           ^^^^^^^^^^^^^^^^^^^^^^^^^^^^^^^^^^^^^^^^^^^^^^^^^^^^\n  File \"<frozen importlib._bootstrap>\", line 1387, in _gcd_import\n  File \"<frozen importlib._bootstrap>\", line 1360, in _find_and_load\n  File \"<frozen importlib._bootstrap>\", line 1331, in _find_and_load_unlocked\n  File \"<frozen importlib._bootstrap>\", line 935, in _load_unlocked\n  File \"C:\\Users\\antho\\miniconda3\\Lib\\site-packages\\_pytest\\assertion\\rewrite.py\", line 186, in exec_module\n    exec(co, module.__dict__)\n  File \"C:\\Users\\antho\\OneDrive\\Desktop\\Netra\\netra-core-generation-1\\app\\tests\\conftest.py\", line 52, in <module>\n    from app.main import app\n  File \"C:\\Users\\antho\\OneDrive\\Desktop\\Netra\\netra-core-generation-1\\app\\main.py\", line 46, in <module>\n    from app.agents.supervisor_consolidated import SupervisorAgent as Supervisor\n  File \"C:\\Users\\antho\\OneDrive\\Desktop\\Netra\\netra-core-generation-1\\app\\agents\\supervisor_consolidated.py\", line 21, in <module>\n    from app.agents.supervisor.execution_context import (\n  File \"C:\\Users\\antho\\OneDrive\\Desktop\\Netra\\netra-core-generation-1\\app\\agents\\supervisor.py\", line 31, in <module>\n    from app.agents.supervisor_consolidated import SupervisorAgent as BaseSupervisorAgent\nImportError: cannot import name 'SupervisorAgent' from partially initialized module 'app.agents.supervisor_consolidated' (most likely due to a circular import) (C:\\Users\\antho\\OneDrive\\Desktop\\Netra\\netra-core-generation-1\\app\\agents\\supervisor_consolidated.py)\n\nThe above exception was the direct cause of the following exception:\n\nTraceback (most recent call last):\n  File \"C:\\Users\\antho\\miniconda3\\Lib\\site-packages\\execnet\\gateway_base.py\", line 1291, in executetask\n    exec(co, loc)\n  File \"C:\\Users\\antho\\miniconda3\\Lib\\site-packages\\xdist\\remote.py\", line 420, in <module>\n    config = _prepareconfig(args, None)\n             ^^^^^^^^^^^^^^^^^^^^^^^^^^\n  File \"C:\\Users\\antho\\miniconda3\\Lib\\site-packages\\_pytest\\config\\__init__.py\", line 342, in _prepareconfig\n    config = pluginmanager.hook.pytest_cmdline_parse(\n             ^^^^^^^^^^^^^^^^^^^^^^^^^^^^^^^^^^^^^^^^\n  File \"C:\\Users\\antho\\miniconda3\\Lib\\site-packages\\pluggy\\_hooks.py\", line 512, in __call__\n    return self._hookexec(self.name, self._hookimpls.copy(), kwargs, firstresult)\n           ^^^^^^^^^^^^^^^^^^^^^^^^^^^^^^^^^^^^^^^^^^^^^^^^^^^^^^^^^^^^^^^^^^^^^^\n  File \"C:\\Users\\antho\\miniconda3\\Lib\\site-packages\\pluggy\\_manager.py\", line 120, in _hookexec\n    return self._inner_hookexec(hook_name, methods, kwargs, firstresult)\n           ^^^^^^^^^^^^^^^^^^^^^^^^^^^^^^^^^^^^^^^^^^^^^^^^^^^^^^^^^^^^^\n  File \"C:\\Users\\antho\\miniconda3\\Lib\\site-packages\\pluggy\\_callers.py\", line 167, in _multicall\n    raise exception\n  File \"C:\\Users\\antho\\miniconda3\\Lib\\site-packages\\pluggy\\_callers.py\", line 139, in _multicall\n    teardown.throw(exception)\n  File \"C:\\Users\\antho\\miniconda3\\Lib\\site-packages\\_pytest\\helpconfig.py\", line 112, in pytest_cmdline_parse\n    config = yield\n             ^^^^^\n  File \"C:\\Users\\antho\\miniconda3\\Lib\\site-packages\\pluggy\\_callers.py\", line 121, in _multicall\n    res = hook_impl.function(*args)\n          ^^^^^^^^^^^^^^^^^^^^^^^^^\n  File \"C:\\Users\\antho\\miniconda3\\Lib\\site-packages\\_pytest\\config\\__init__.py\", line 1146, in pytest_cmdline_parse\n    self.parse(args)\n  File \"C:\\Users\\antho\\miniconda3\\Lib\\site-packages\\_pytest\\config\\__init__.py\", line 1527, in parse\n    self._preparse(args, addopts=addopts)\n  File \"C:\\Users\\antho\\miniconda3\\Lib\\site-packages\\_pytest\\config\\__init__.py\", line 1431, in _preparse\n    self.hook.pytest_load_initial_conftests(\n  File \"C:\\Users\\antho\\miniconda3\\Lib\\site-packages\\pluggy\\_hooks.py\", line 512, in __call__\n    return self._hookexec(self.name, self._hookimpls.copy(), kwargs, firstresult)\n           ^^^^^^^^^^^^^^^^^^^^^^^^^^^^^^^^^^^^^^^^^^^^^^^^^^^^^^^^^^^^^^^^^^^^^^\n  File \"C:\\Users\\antho\\miniconda3\\Lib\\site-packages\\pluggy\\_manager.py\", line 120, in _hookexec\n    return self._inner_hookexec(hook_name, methods, kwargs, firstresult)\n           ^^^^^^^^^^^^^^^^^^^^^^^^^^^^^^^^^^^^^^^^^^^^^^^^^^^^^^^^^^^^^\n  File \"C:\\Users\\antho\\miniconda3\\Lib\\site-packages\\pluggy\\_callers.py\", line 167, in _multicall\n    raise exception\n  File \"C:\\Users\\antho\\miniconda3\\Lib\\site-packages\\pluggy\\_callers.py\", line 139, in _multicall\n    teardown.throw(exception)\n  File \"C:\\Users\\antho\\miniconda3\\Lib\\site-packages\\_pytest\\capture.py\", line 173, in pytest_load_initial_conftests\n    yield\n  File \"C:\\Users\\antho\\miniconda3\\Lib\\site-packages\\pluggy\\_callers.py\", line 121, in _multicall\n    res = hook_impl.function(*args)\n          ^^^^^^^^^^^^^^^^^^^^^^^^^\n  File \"C:\\Users\\antho\\miniconda3\\Lib\\site-packages\\_pytest\\config\\__init__.py\", line 1228, in pytest_load_initial_conftests\n    self.pluginmanager._set_initial_conftests(\n  File \"C:\\Users\\antho\\miniconda3\\Lib\\site-packages\\_pytest\\config\\__init__.py\", line 583, in _set_initial_conftests\n    self._try_load_conftest(\n  File \"C:\\Users\\antho\\miniconda3\\Lib\\site-packages\\_pytest\\config\\__init__.py\", line 621, in _try_load_conftest\n    self._loadconftestmodules(\n  File \"C:\\Users\\antho\\miniconda3\\Lib\\site-packages\\_pytest\\config\\__init__.py\", line 661, in _loadconftestmodules\n    mod = self._importconftest(\n          ^^^^^^^^^^^^^^^^^^^^^\n  File \"C:\\Users\\antho\\miniconda3\\Lib\\site-packages\\_pytest\\config\\__init__.py\", line 720, in _importconftest\n    raise ConftestImportFailure(conftestpath, cause=e) from e\n_pytest.config.ConftestImportFailure: ImportError: cannot import name 'SupervisorAgent' from partially initialized module 'app.agents.supervisor_consolidated' (most likely due to a circular import) (C:\\Users\\antho\\OneDrive\\Desktop\\Netra\\netra-core-generation-1\\app\\agents\\supervisor_consolidated.py) (from C:\\Users\\antho\\OneDrive\\Desktop\\Netra\\netra-core-generation-1\\app\\tests\\conftest.py)\n\n\nreplacing crashed worker gw8\n[gw7] node down: Traceback (most recent call last):\n  File \"C:\\Users\\antho\\miniconda3\\Lib\\site-packages\\_pytest\\config\\__init__.py\", line 712, in _importconftest\n    mod = import_path(\n          ^^^^^^^^^^^^\n  File \"C:\\Users\\antho\\miniconda3\\Lib\\site-packages\\_pytest\\pathlib.py\", line 587, in import_path\n    importlib.import_module(module_name)\n  File \"C:\\Users\\antho\\miniconda3\\Lib\\importlib\\__init__.py\", line 90, in import_module\n    return _bootstrap._gcd_import(name[level:], package, level)\n           ^^^^^^^^^^^^^^^^^^^^^^^^^^^^^^^^^^^^^^^^^^^^^^^^^^^^\n  File \"<frozen importlib._bootstrap>\", line 1387, in _gcd_import\n  File \"<frozen importlib._bootstrap>\", line 1360, in _find_and_load\n  File \"<frozen importlib._bootstrap>\", line 1331, in _find_and_load_unlocked\n  File \"<frozen importlib._bootstrap>\", line 935, in _load_unlocked\n  File \"C:\\Users\\antho\\miniconda3\\Lib\\site-packages\\_pytest\\assertion\\rewrite.py\", line 186, in exec_module\n    exec(co, module.__dict__)\n  File \"C:\\Users\\antho\\OneDrive\\Desktop\\Netra\\netra-core-generation-1\\app\\tests\\conftest.py\", line 52, in <module>\n    from app.main import app\n  File \"C:\\Users\\antho\\OneDrive\\Desktop\\Netra\\netra-core-generation-1\\app\\main.py\", line 46, in <module>\n    from app.agents.supervisor_consolidated import SupervisorAgent as Supervisor\n  File \"C:\\Users\\antho\\OneDrive\\Desktop\\Netra\\netra-core-generation-1\\app\\agents\\supervisor_consolidated.py\", line 21, in <module>\n    from app.agents.supervisor.execution_context import (\n  File \"C:\\Users\\antho\\OneDrive\\Desktop\\Netra\\netra-core-generation-1\\app\\agents\\supervisor.py\", line 31, in <module>\n    from app.agents.supervisor_consolidated import SupervisorAgent as BaseSupervisorAgent\nImportError: cannot import name 'SupervisorAgent' from partially initialized module 'app.agents.supervisor_consolidated' (most likely due to a circular import) (C:\\Users\\antho\\OneDrive\\Desktop\\Netra\\netra-core-generation-1\\app\\agents\\supervisor_consolidated.py)\n\nThe above exception was the direct cause of the following exception:\n\nTraceback (most recent call last):\n  File \"C:\\Users\\antho\\miniconda3\\Lib\\site-packages\\execnet\\gateway_base.py\", line 1291, in executetask\n    exec(co, loc)\n  File \"C:\\Users\\antho\\miniconda3\\Lib\\site-packages\\xdist\\remote.py\", line 420, in <module>\n    config = _prepareconfig(args, None)\n             ^^^^^^^^^^^^^^^^^^^^^^^^^^\n  File \"C:\\Users\\antho\\miniconda3\\Lib\\site-packages\\_pytest\\config\\__init__.py\", line 342, in _prepareconfig\n    config = pluginmanager.hook.pytest_cmdline_parse(\n             ^^^^^^^^^^^^^^^^^^^^^^^^^^^^^^^^^^^^^^^^\n  File \"C:\\Users\\antho\\miniconda3\\Lib\\site-packages\\pluggy\\_hooks.py\", line 512, in __call__\n    return self._hookexec(self.name, self._hookimpls.copy(), kwargs, firstresult)\n           ^^^^^^^^^^^^^^^^^^^^^^^^^^^^^^^^^^^^^^^^^^^^^^^^^^^^^^^^^^^^^^^^^^^^^^\n  File \"C:\\Users\\antho\\miniconda3\\Lib\\site-packages\\pluggy\\_manager.py\", line 120, in _hookexec\n    return self._inner_hookexec(hook_name, methods, kwargs, firstresult)\n           ^^^^^^^^^^^^^^^^^^^^^^^^^^^^^^^^^^^^^^^^^^^^^^^^^^^^^^^^^^^^^\n  File \"C:\\Users\\antho\\miniconda3\\Lib\\site-packages\\pluggy\\_callers.py\", line 167, in _multicall\n    raise exception\n  File \"C:\\Users\\antho\\miniconda3\\Lib\\site-packages\\pluggy\\_callers.py\", line 139, in _multicall\n    teardown.throw(exception)\n  File \"C:\\Users\\antho\\miniconda3\\Lib\\site-packages\\_pytest\\helpconfig.py\", line 112, in pytest_cmdline_parse\n    config = yield\n             ^^^^^\n  File \"C:\\Users\\antho\\miniconda3\\Lib\\site-packages\\pluggy\\_callers.py\", line 121, in _multicall\n    res = hook_impl.function(*args)\n          ^^^^^^^^^^^^^^^^^^^^^^^^^\n  File \"C:\\Users\\antho\\miniconda3\\Lib\\site-packages\\_pytest\\config\\__init__.py\", line 1146, in pytest_cmdline_parse\n    self.parse(args)\n  File \"C:\\Users\\antho\\miniconda3\\Lib\\site-packages\\_pytest\\config\\__init__.py\", line 1527, in parse\n    self._preparse(args, addopts=addopts)\n  File \"C:\\Users\\antho\\miniconda3\\Lib\\site-packages\\_pytest\\config\\__init__.py\", line 1431, in _preparse\n    self.hook.pytest_load_initial_conftests(\n  File \"C:\\Users\\antho\\miniconda3\\Lib\\site-packages\\pluggy\\_hooks.py\", line 512, in __call__\n    return self._hookexec(self.name, self._hookimpls.copy(), kwargs, firstresult)\n           ^^^^^^^^^^^^^^^^^^^^^^^^^^^^^^^^^^^^^^^^^^^^^^^^^^^^^^^^^^^^^^^^^^^^^^\n  File \"C:\\Users\\antho\\miniconda3\\Lib\\site-packages\\pluggy\\_manager.py\", line 120, in _hookexec\n    return self._inner_hookexec(hook_name, methods, kwargs, firstresult)\n           ^^^^^^^^^^^^^^^^^^^^^^^^^^^^^^^^^^^^^^^^^^^^^^^^^^^^^^^^^^^^^\n  File \"C:\\Users\\antho\\miniconda3\\Lib\\site-packages\\pluggy\\_callers.py\", line 167, in _multicall\n    raise exception\n  File \"C:\\Users\\antho\\miniconda3\\Lib\\site-packages\\pluggy\\_callers.py\", line 139, in _multicall\n    teardown.throw(exception)\n  File \"C:\\Users\\antho\\miniconda3\\Lib\\site-packages\\_pytest\\capture.py\", line 173, in pytest_load_initial_conftests\n    yield\n  File \"C:\\Users\\antho\\miniconda3\\Lib\\site-packages\\pluggy\\_callers.py\", line 121, in _multicall\n    res = hook_impl.function(*args)\n          ^^^^^^^^^^^^^^^^^^^^^^^^^\n  File \"C:\\Users\\antho\\miniconda3\\Lib\\site-packages\\_pytest\\config\\__init__.py\", line 1228, in pytest_load_initial_conftests\n    self.pluginmanager._set_initial_conftests(\n  File \"C:\\Users\\antho\\miniconda3\\Lib\\site-packages\\_pytest\\config\\__init__.py\", line 583, in _set_initial_conftests\n    self._try_load_conftest(\n  File \"C:\\Users\\antho\\miniconda3\\Lib\\site-packages\\_pytest\\config\\__init__.py\", line 621, in _try_load_conftest\n    self._loadconftestmodules(\n  File \"C:\\Users\\antho\\miniconda3\\Lib\\site-packages\\_pytest\\config\\__init__.py\", line 661, in _loadconftestmodules\n    mod = self._importconftest(\n          ^^^^^^^^^^^^^^^^^^^^^\n  File \"C:\\Users\\antho\\miniconda3\\Lib\\site-packages\\_pytest\\config\\__init__.py\", line 720, in _importconftest\n    raise ConftestImportFailure(conftestpath, cause=e) from e\n_pytest.config.ConftestImportFailure: ImportError: cannot import name 'SupervisorAgent' from partially initialized module 'app.agents.supervisor_consolidated' (most likely due to a circular import) (C:\\Users\\antho\\OneDrive\\Desktop\\Netra\\netra-core-generation-1\\app\\agents\\supervisor_consolidated.py) (from C:\\Users\\antho\\OneDrive\\Desktop\\Netra\\netra-core-generation-1\\app\\tests\\conftest.py)\n\n\nreplacing crashed worker gw7\n[gw9] node down: Traceback (most recent call last):\n  File \"C:\\Users\\antho\\miniconda3\\Lib\\site-packages\\_pytest\\config\\__init__.py\", line 712, in _importconftest\n    mod = import_path(\n          ^^^^^^^^^^^^\n  File \"C:\\Users\\antho\\miniconda3\\Lib\\site-packages\\_pytest\\pathlib.py\", line 587, in import_path\n    importlib.import_module(module_name)\n  File \"C:\\Users\\antho\\miniconda3\\Lib\\importlib\\__init__.py\", line 90, in import_module\n    return _bootstrap._gcd_import(name[level:], package, level)\n           ^^^^^^^^^^^^^^^^^^^^^^^^^^^^^^^^^^^^^^^^^^^^^^^^^^^^\n  File \"<frozen importlib._bootstrap>\", line 1387, in _gcd_import\n  File \"<frozen importlib._bootstrap>\", line 1360, in _find_and_load\n  File \"<frozen importlib._bootstrap>\", line 1331, in _find_and_load_unlocked\n  File \"<frozen importlib._bootstrap>\", line 935, in _load_unlocked\n  File \"C:\\Users\\antho\\miniconda3\\Lib\\site-packages\\_pytest\\assertion\\rewrite.py\", line 186, in exec_module\n    exec(co, module.__dict__)\n  File \"C:\\Users\\antho\\OneDrive\\Desktop\\Netra\\netra-core-generation-1\\app\\tests\\conftest.py\", line 52, in <module>\n    from app.main import app\n  File \"C:\\Users\\antho\\OneDrive\\Desktop\\Netra\\netra-core-generation-1\\app\\main.py\", line 46, in <module>\n    from app.agents.supervisor_consolidated import SupervisorAgent as Supervisor\n  File \"C:\\Users\\antho\\OneDrive\\Desktop\\Netra\\netra-core-generation-1\\app\\agents\\supervisor_consolidated.py\", line 21, in <module>\n    from app.agents.supervisor.execution_context import (\n  File \"C:\\Users\\antho\\OneDrive\\Desktop\\Netra\\netra-core-generation-1\\app\\agents\\supervisor.py\", line 31, in <module>\n    from app.agents.supervisor_consolidated import SupervisorAgent as BaseSupervisorAgent\nImportError: cannot import name 'SupervisorAgent' from partially initialized module 'app.agents.supervisor_consolidated' (most likely due to a circular import) (C:\\Users\\antho\\OneDrive\\Desktop\\Netra\\netra-core-generation-1\\app\\agents\\supervisor_consolidated.py)\n\nThe above exception was the direct cause of the following exception:\n\nTraceback (most recent call last):\n  File \"C:\\Users\\antho\\miniconda3\\Lib\\site-packages\\execnet\\gateway_base.py\", line 1291, in executetask\n    exec(co, loc)\n  File \"C:\\Users\\antho\\miniconda3\\Lib\\site-packages\\xdist\\remote.py\", line 420, in <module>\n    config = _prepareconfig(args, None)\n             ^^^^^^^^^^^^^^^^^^^^^^^^^^\n  File \"C:\\Users\\antho\\miniconda3\\Lib\\site-packages\\_pytest\\config\\__init__.py\", line 342, in _prepareconfig\n    config = pluginmanager.hook.pytest_cmdline_parse(\n             ^^^^^^^^^^^^^^^^^^^^^^^^^^^^^^^^^^^^^^^^\n  File \"C:\\Users\\antho\\miniconda3\\Lib\\site-packages\\pluggy\\_hooks.py\", line 512, in __call__\n    return self._hookexec(self.name, self._hookimpls.copy(), kwargs, firstresult)\n           ^^^^^^^^^^^^^^^^^^^^^^^^^^^^^^^^^^^^^^^^^^^^^^^^^^^^^^^^^^^^^^^^^^^^^^\n  File \"C:\\Users\\antho\\miniconda3\\Lib\\site-packages\\pluggy\\_manager.py\", line 120, in _hookexec\n    return self._inner_hookexec(hook_name, methods, kwargs, firstresult)\n           ^^^^^^^^^^^^^^^^^^^^^^^^^^^^^^^^^^^^^^^^^^^^^^^^^^^^^^^^^^^^^\n  File \"C:\\Users\\antho\\miniconda3\\Lib\\site-packages\\pluggy\\_callers.py\", line 167, in _multicall\n    raise exception\n  File \"C:\\Users\\antho\\miniconda3\\Lib\\site-packages\\pluggy\\_callers.py\", line 139, in _multicall\n    teardown.throw(exception)\n  File \"C:\\Users\\antho\\miniconda3\\Lib\\site-packages\\_pytest\\helpconfig.py\", line 112, in pytest_cmdline_parse\n    config = yield\n             ^^^^^\n  File \"C:\\Users\\antho\\miniconda3\\Lib\\site-packages\\pluggy\\_callers.py\", line 121, in _multicall\n    res = hook_impl.function(*args)\n          ^^^^^^^^^^^^^^^^^^^^^^^^^\n  File \"C:\\Users\\antho\\miniconda3\\Lib\\site-packages\\_pytest\\config\\__init__.py\", line 1146, in pytest_cmdline_parse\n    self.parse(args)\n  File \"C:\\Users\\antho\\miniconda3\\Lib\\site-packages\\_pytest\\config\\__init__.py\", line 1527, in parse\n    self._preparse(args, addopts=addopts)\n  File \"C:\\Users\\antho\\miniconda3\\Lib\\site-packages\\_pytest\\config\\__init__.py\", line 1431, in _preparse\n    self.hook.pytest_load_initial_conftests(\n  File \"C:\\Users\\antho\\miniconda3\\Lib\\site-packages\\pluggy\\_hooks.py\", line 512, in __call__\n    return self._hookexec(self.name, self._hookimpls.copy(), kwargs, firstresult)\n           ^^^^^^^^^^^^^^^^^^^^^^^^^^^^^^^^^^^^^^^^^^^^^^^^^^^^^^^^^^^^^^^^^^^^^^\n  File \"C:\\Users\\antho\\miniconda3\\Lib\\site-packages\\pluggy\\_manager.py\", line 120, in _hookexec\n    return self._inner_hookexec(hook_name, methods, kwargs, firstresult)\n           ^^^^^^^^^^^^^^^^^^^^^^^^^^^^^^^^^^^^^^^^^^^^^^^^^^^^^^^^^^^^^\n  File \"C:\\Users\\antho\\miniconda3\\Lib\\site-packages\\pluggy\\_callers.py\", line 167, in _multicall\n    raise exception\n  File \"C:\\Users\\antho\\miniconda3\\Lib\\site-packages\\pluggy\\_callers.py\", line 139, in _multicall\n    teardown.throw(exception)\n  File \"C:\\Users\\antho\\miniconda3\\Lib\\site-packages\\_pytest\\capture.py\", line 173, in pytest_load_initial_conftests\n    yield\n  File \"C:\\Users\\antho\\miniconda3\\Lib\\site-packages\\pluggy\\_callers.py\", line 121, in _multicall\n    res = hook_impl.function(*args)\n          ^^^^^^^^^^^^^^^^^^^^^^^^^\n  File \"C:\\Users\\antho\\miniconda3\\Lib\\site-packages\\_pytest\\config\\__init__.py\", line 1228, in pytest_load_initial_conftests\n    self.pluginmanager._set_initial_conftests(\n  File \"C:\\Users\\antho\\miniconda3\\Lib\\site-packages\\_pytest\\config\\__init__.py\", line 583, in _set_initial_conftests\n    self._try_load_conftest(\n  File \"C:\\Users\\antho\\miniconda3\\Lib\\site-packages\\_pytest\\config\\__init__.py\", line 621, in _try_load_conftest\n    self._loadconftestmodules(\n  File \"C:\\Users\\antho\\miniconda3\\Lib\\site-packages\\_pytest\\config\\__init__.py\", line 661, in _loadconftestmodules\n    mod = self._importconftest(\n          ^^^^^^^^^^^^^^^^^^^^^\n  File \"C:\\Users\\antho\\miniconda3\\Lib\\site-packages\\_pytest\\config\\__init__.py\", line 720, in _importconftest\n    raise ConftestImportFailure(conftestpath, cause=e) from e\n_pytest.config.ConftestImportFailure: ImportError: cannot import name 'SupervisorAgent' from partially initialized module 'app.agents.supervisor_consolidated' (most likely due to a circular import) (C:\\Users\\antho\\OneDrive\\Desktop\\Netra\\netra-core-generation-1\\app\\agents\\supervisor_consolidated.py) (from C:\\Users\\antho\\OneDrive\\Desktop\\Netra\\netra-core-generation-1\\app\\tests\\conftest.py)\n\n\nreplacing crashed worker gw9\n[gw10] node down: Traceback (most recent call last):\n  File \"C:\\Users\\antho\\miniconda3\\Lib\\site-packages\\_pytest\\config\\__init__.py\", line 712, in _importconftest\n    mod = import_path(\n          ^^^^^^^^^^^^\n  File \"C:\\Users\\antho\\miniconda3\\Lib\\site-packages\\_pytest\\pathlib.py\", line 587, in import_path\n    importlib.import_module(module_name)\n  File \"C:\\Users\\antho\\miniconda3\\Lib\\importlib\\__init__.py\", line 90, in import_module\n    return _bootstrap._gcd_import(name[level:], package, level)\n           ^^^^^^^^^^^^^^^^^^^^^^^^^^^^^^^^^^^^^^^^^^^^^^^^^^^^\n  File \"<frozen importlib._bootstrap>\", line 1387, in _gcd_import\n  File \"<frozen importlib._bootstrap>\", line 1360, in _find_and_load\n  File \"<frozen importlib._bootstrap>\", line 1331, in _find_and_load_unlocked\n  File \"<frozen importlib._bootstrap>\", line 935, in _load_unlocked\n  File \"C:\\Users\\antho\\miniconda3\\Lib\\site-packages\\_pytest\\assertion\\rewrite.py\", line 186, in exec_module\n    exec(co, module.__dict__)\n  File \"C:\\Users\\antho\\OneDrive\\Desktop\\Netra\\netra-core-generation-1\\app\\tests\\conftest.py\", line 52, in <module>\n    from app.main import app\n  File \"C:\\Users\\antho\\OneDrive\\Desktop\\Netra\\netra-core-generation-1\\app\\main.py\", line 46, in <module>\n    from app.agents.supervisor_consolidated import SupervisorAgent as Supervisor\n  File \"C:\\Users\\antho\\OneDrive\\Desktop\\Netra\\netra-core-generation-1\\app\\agents\\supervisor_consolidated.py\", line 21, in <module>\n    from app.agents.supervisor.execution_context import (\n  File \"C:\\Users\\antho\\OneDrive\\Desktop\\Netra\\netra-core-generation-1\\app\\agents\\supervisor.py\", line 31, in <module>\n    from app.agents.supervisor_consolidated import SupervisorAgent as BaseSupervisorAgent\nImportError: cannot import name 'SupervisorAgent' from partially initialized module 'app.agents.supervisor_consolidated' (most likely due to a circular import) (C:\\Users\\antho\\OneDrive\\Desktop\\Netra\\netra-core-generation-1\\app\\agents\\supervisor_consolidated.py)\n\nThe above exception was the direct cause of the following exception:\n\nTraceback (most recent call last):\n  File \"C:\\Users\\antho\\miniconda3\\Lib\\site-packages\\execnet\\gateway_base.py\", line 1291, in executetask\n    exec(co, loc)\n  File \"C:\\Users\\antho\\miniconda3\\Lib\\site-packages\\xdist\\remote.py\", line 420, in <module>\n    config = _prepareconfig(args, None)\n             ^^^^^^^^^^^^^^^^^^^^^^^^^^\n  File \"C:\\Users\\antho\\miniconda3\\Lib\\site-packages\\_pytest\\config\\__init__.py\", line 342, in _prepareconfig\n    config = pluginmanager.hook.pytest_cmdline_parse(\n             ^^^^^^^^^^^^^^^^^^^^^^^^^^^^^^^^^^^^^^^^\n  File \"C:\\Users\\antho\\miniconda3\\Lib\\site-packages\\pluggy\\_hooks.py\", line 512, in __call__\n    return self._hookexec(self.name, self._hookimpls.copy(), kwargs, firstresult)\n           ^^^^^^^^^^^^^^^^^^^^^^^^^^^^^^^^^^^^^^^^^^^^^^^^^^^^^^^^^^^^^^^^^^^^^^\n  File \"C:\\Users\\antho\\miniconda3\\Lib\\site-packages\\pluggy\\_manager.py\", line 120, in _hookexec\n    return self._inner_hookexec(hook_name, methods, kwargs, firstresult)\n           ^^^^^^^^^^^^^^^^^^^^^^^^^^^^^^^^^^^^^^^^^^^^^^^^^^^^^^^^^^^^^\n  File \"C:\\Users\\antho\\miniconda3\\Lib\\site-packages\\pluggy\\_callers.py\", line 167, in _multicall\n    raise exception\n  File \"C:\\Users\\antho\\miniconda3\\Lib\\site-packages\\pluggy\\_callers.py\", line 139, in _multicall\n    teardown.throw(exception)\n  File \"C:\\Users\\antho\\miniconda3\\Lib\\site-packages\\_pytest\\helpconfig.py\", line 112, in pytest_cmdline_parse\n    config = yield\n             ^^^^^\n  File \"C:\\Users\\antho\\miniconda3\\Lib\\site-packages\\pluggy\\_callers.py\", line 121, in _multicall\n    res = hook_impl.function(*args)\n          ^^^^^^^^^^^^^^^^^^^^^^^^^\n  File \"C:\\Users\\antho\\miniconda3\\Lib\\site-packages\\_pytest\\config\\__init__.py\", line 1146, in pytest_cmdline_parse\n    self.parse(args)\n  File \"C:\\Users\\antho\\miniconda3\\Lib\\site-packages\\_pytest\\config\\__init__.py\", line 1527, in parse\n    self._preparse(args, addopts=addopts)\n  File \"C:\\Users\\antho\\miniconda3\\Lib\\site-packages\\_pytest\\config\\__init__.py\", line 1431, in _preparse\n    self.hook.pytest_load_initial_conftests(\n  File \"C:\\Users\\antho\\miniconda3\\Lib\\site-packages\\pluggy\\_hooks.py\", line 512, in __call__\n    return self._hookexec(self.name, self._hookimpls.copy(), kwargs, firstresult)\n           ^^^^^^^^^^^^^^^^^^^^^^^^^^^^^^^^^^^^^^^^^^^^^^^^^^^^^^^^^^^^^^^^^^^^^^\n  File \"C:\\Users\\antho\\miniconda3\\Lib\\site-packages\\pluggy\\_manager.py\", line 120, in _hookexec\n    return self._inner_hookexec(hook_name, methods, kwargs, firstresult)\n           ^^^^^^^^^^^^^^^^^^^^^^^^^^^^^^^^^^^^^^^^^^^^^^^^^^^^^^^^^^^^^\n  File \"C:\\Users\\antho\\miniconda3\\Lib\\site-packages\\pluggy\\_callers.py\", line 167, in _multicall\n    raise exception\n  File \"C:\\Users\\antho\\miniconda3\\Lib\\site-packages\\pluggy\\_callers.py\", line 139, in _multicall\n    teardown.throw(exception)\n  File \"C:\\Users\\antho\\miniconda3\\Lib\\site-packages\\_pytest\\capture.py\", line 173, in pytest_load_initial_conftests\n    yield\n  File \"C:\\Users\\antho\\miniconda3\\Lib\\site-packages\\pluggy\\_callers.py\", line 121, in _multicall\n    res = hook_impl.function(*args)\n          ^^^^^^^^^^^^^^^^^^^^^^^^^\n  File \"C:\\Users\\antho\\miniconda3\\Lib\\site-packages\\_pytest\\config\\__init__.py\", line 1228, in pytest_load_initial_conftests\n    self.pluginmanager._set_initial_conftests(\n  File \"C:\\Users\\antho\\miniconda3\\Lib\\site-packages\\_pytest\\config\\__init__.py\", line 583, in _set_initial_conftests\n    self._try_load_conftest(\n  File \"C:\\Users\\antho\\miniconda3\\Lib\\site-packages\\_pytest\\config\\__init__.py\", line 621, in _try_load_conftest\n    self._loadconftestmodules(\n  File \"C:\\Users\\antho\\miniconda3\\Lib\\site-packages\\_pytest\\config\\__init__.py\", line 661, in _loadconftestmodules\n    mod = self._importconftest(\n          ^^^^^^^^^^^^^^^^^^^^^\n  File \"C:\\Users\\antho\\miniconda3\\Lib\\site-packages\\_pytest\\config\\__init__.py\", line 720, in _importconftest\n    raise ConftestImportFailure(conftestpath, cause=e) from e\n_pytest.config.ConftestImportFailure: ImportError: cannot import name 'SupervisorAgent' from partially initialized module 'app.agents.supervisor_consolidated' (most likely due to a circular import) (C:\\Users\\antho\\OneDrive\\Desktop\\Netra\\netra-core-generation-1\\app\\agents\\supervisor_consolidated.py) (from C:\\Users\\antho\\OneDrive\\Desktop\\Netra\\netra-core-generation-1\\app\\tests\\conftest.py)\n\n\nreplacing crashed worker gw10\n[gw11] node down: Traceback (most recent call last):\n  File \"C:\\Users\\antho\\miniconda3\\Lib\\site-packages\\_pytest\\config\\__init__.py\", line 712, in _importconftest\n    mod = import_path(\n          ^^^^^^^^^^^^\n  File \"C:\\Users\\antho\\miniconda3\\Lib\\site-packages\\_pytest\\pathlib.py\", line 587, in import_path\n    importlib.import_module(module_name)\n  File \"C:\\Users\\antho\\miniconda3\\Lib\\importlib\\__init__.py\", line 90, in import_module\n    return _bootstrap._gcd_import(name[level:], package, level)\n           ^^^^^^^^^^^^^^^^^^^^^^^^^^^^^^^^^^^^^^^^^^^^^^^^^^^^\n  File \"<frozen importlib._bootstrap>\", line 1387, in _gcd_import\n  File \"<frozen importlib._bootstrap>\", line 1360, in _find_and_load\n  File \"<frozen importlib._bootstrap>\", line 1331, in _find_and_load_unlocked\n  File \"<frozen importlib._bootstrap>\", line 935, in _load_unlocked\n  File \"C:\\Users\\antho\\miniconda3\\Lib\\site-packages\\_pytest\\assertion\\rewrite.py\", line 186, in exec_module\n    exec(co, module.__dict__)\n  File \"C:\\Users\\antho\\OneDrive\\Desktop\\Netra\\netra-core-generation-1\\app\\tests\\conftest.py\", line 52, in <module>\n    from app.main import app\n  File \"C:\\Users\\antho\\OneDrive\\Desktop\\Netra\\netra-core-generation-1\\app\\main.py\", line 46, in <module>\n    from app.agents.supervisor_consolidated import SupervisorAgent as Supervisor\n  File \"C:\\Users\\antho\\OneDrive\\Desktop\\Netra\\netra-core-generation-1\\app\\agents\\supervisor_consolidated.py\", line 21, in <module>\n    from app.agents.supervisor.execution_context import (\n  File \"C:\\Users\\antho\\OneDrive\\Desktop\\Netra\\netra-core-generation-1\\app\\agents\\supervisor.py\", line 31, in <module>\n    from app.agents.supervisor_consolidated import SupervisorAgent as BaseSupervisorAgent\nImportError: cannot import name 'SupervisorAgent' from partially initialized module 'app.agents.supervisor_consolidated' (most likely due to a circular import) (C:\\Users\\antho\\OneDrive\\Desktop\\Netra\\netra-core-generation-1\\app\\agents\\supervisor_consolidated.py)\n\nThe above exception was the direct cause of the following exception:\n\nTraceback (most recent call last):\n  File \"C:\\Users\\antho\\miniconda3\\Lib\\site-packages\\execnet\\gateway_base.py\", line 1291, in executetask\n    exec(co, loc)\n  File \"C:\\Users\\antho\\miniconda3\\Lib\\site-packages\\xdist\\remote.py\", line 420, in <module>\n    config = _prepareconfig(args, None)\n             ^^^^^^^^^^^^^^^^^^^^^^^^^^\n  File \"C:\\Users\\antho\\miniconda3\\Lib\\site-packages\\_pytest\\config\\__init__.py\", line 342, in _prepareconfig\n    config = pluginmanager.hook.pytest_cmdline_parse(\n             ^^^^^^^^^^^^^^^^^^^^^^^^^^^^^^^^^^^^^^^^\n  File \"C:\\Users\\antho\\miniconda3\\Lib\\site-packages\\pluggy\\_hooks.py\", line 512, in __call__\n    return self._hookexec(self.name, self._hookimpls.copy(), kwargs, firstresult)\n           ^^^^^^^^^^^^^^^^^^^^^^^^^^^^^^^^^^^^^^^^^^^^^^^^^^^^^^^^^^^^^^^^^^^^^^\n  File \"C:\\Users\\antho\\miniconda3\\Lib\\site-packages\\pluggy\\_manager.py\", line 120, in _hookexec\n    return self._inner_hookexec(hook_name, methods, kwargs, firstresult)\n           ^^^^^^^^^^^^^^^^^^^^^^^^^^^^^^^^^^^^^^^^^^^^^^^^^^^^^^^^^^^^^\n  File \"C:\\Users\\antho\\miniconda3\\Lib\\site-packages\\pluggy\\_callers.py\", line 167, in _multicall\n    raise exception\n  File \"C:\\Users\\antho\\miniconda3\\Lib\\site-packages\\pluggy\\_callers.py\", line 139, in _multicall\n    teardown.throw(exception)\n  File \"C:\\Users\\antho\\miniconda3\\Lib\\site-packages\\_pytest\\helpconfig.py\", line 112, in pytest_cmdline_parse\n    config = yield\n             ^^^^^\n  File \"C:\\Users\\antho\\miniconda3\\Lib\\site-packages\\pluggy\\_callers.py\", line 121, in _multicall\n    res = hook_impl.function(*args)\n          ^^^^^^^^^^^^^^^^^^^^^^^^^\n  File \"C:\\Users\\antho\\miniconda3\\Lib\\site-packages\\_pytest\\config\\__init__.py\", line 1146, in pytest_cmdline_parse\n    self.parse(args)\n  File \"C:\\Users\\antho\\miniconda3\\Lib\\site-packages\\_pytest\\config\\__init__.py\", line 1527, in parse\n    self._preparse(args, addopts=addopts)\n  File \"C:\\Users\\antho\\miniconda3\\Lib\\site-packages\\_pytest\\config\\__init__.py\", line 1431, in _preparse\n    self.hook.pytest_load_initial_conftests(\n  File \"C:\\Users\\antho\\miniconda3\\Lib\\site-packages\\pluggy\\_hooks.py\", line 512, in __call__\n    return self._hookexec(self.name, self._hookimpls.copy(), kwargs, firstresult)\n           ^^^^^^^^^^^^^^^^^^^^^^^^^^^^^^^^^^^^^^^^^^^^^^^^^^^^^^^^^^^^^^^^^^^^^^\n  File \"C:\\Users\\antho\\miniconda3\\Lib\\site-packages\\pluggy\\_manager.py\", line 120, in _hookexec\n    return self._inner_hookexec(hook_name, methods, kwargs, firstresult)\n           ^^^^^^^^^^^^^^^^^^^^^^^^^^^^^^^^^^^^^^^^^^^^^^^^^^^^^^^^^^^^^\n  File \"C:\\Users\\antho\\miniconda3\\Lib\\site-packages\\pluggy\\_callers.py\", line 167, in _multicall\n    raise exception\n  File \"C:\\Users\\antho\\miniconda3\\Lib\\site-packages\\pluggy\\_callers.py\", line 139, in _multicall\n    teardown.throw(exception)\n  File \"C:\\Users\\antho\\miniconda3\\Lib\\site-packages\\_pytest\\capture.py\", line 173, in pytest_load_initial_conftests\n    yield\n  File \"C:\\Users\\antho\\miniconda3\\Lib\\site-packages\\pluggy\\_callers.py\", line 121, in _multicall\n    res = hook_impl.function(*args)\n          ^^^^^^^^^^^^^^^^^^^^^^^^^\n  File \"C:\\Users\\antho\\miniconda3\\Lib\\site-packages\\_pytest\\config\\__init__.py\", line 1228, in pytest_load_initial_conftests\n    self.pluginmanager._set_initial_conftests(\n  File \"C:\\Users\\antho\\miniconda3\\Lib\\site-packages\\_pytest\\config\\__init__.py\", line 583, in _set_initial_conftests\n    self._try_load_conftest(\n  File \"C:\\Users\\antho\\miniconda3\\Lib\\site-packages\\_pytest\\config\\__init__.py\", line 621, in _try_load_conftest\n    self._loadconftestmodules(\n  File \"C:\\Users\\antho\\miniconda3\\Lib\\site-packages\\_pytest\\config\\__init__.py\", line 661, in _loadconftestmodules\n    mod = self._importconftest(\n          ^^^^^^^^^^^^^^^^^^^^^\n  File \"C:\\Users\\antho\\miniconda3\\Lib\\site-packages\\_pytest\\config\\__init__.py\", line 720, in _importconftest\n    raise ConftestImportFailure(conftestpath, cause=e) from e\n_pytest.config.ConftestImportFailure: ImportError: cannot import name 'SupervisorAgent' from partially initialized module 'app.agents.supervisor_consolidated' (most likely due to a circular import) (C:\\Users\\antho\\OneDrive\\Desktop\\Netra\\netra-core-generation-1\\app\\agents\\supervisor_consolidated.py) (from C:\\Users\\antho\\OneDrive\\Desktop\\Netra\\netra-core-generation-1\\app\\tests\\conftest.py)\n\n\nreplacing crashed worker gw11\n[gw12] node down: Traceback (most recent call last):\n  File \"C:\\Users\\antho\\miniconda3\\Lib\\site-packages\\_pytest\\config\\__init__.py\", line 712, in _importconftest\n    mod = import_path(\n          ^^^^^^^^^^^^\n  File \"C:\\Users\\antho\\miniconda3\\Lib\\site-packages\\_pytest\\pathlib.py\", line 587, in import_path\n    importlib.import_module(module_name)\n  File \"C:\\Users\\antho\\miniconda3\\Lib\\importlib\\__init__.py\", line 90, in import_module\n    return _bootstrap._gcd_import(name[level:], package, level)\n           ^^^^^^^^^^^^^^^^^^^^^^^^^^^^^^^^^^^^^^^^^^^^^^^^^^^^\n  File \"<frozen importlib._bootstrap>\", line 1387, in _gcd_import\n  File \"<frozen importlib._bootstrap>\", line 1360, in _find_and_load\n  File \"<frozen importlib._bootstrap>\", line 1331, in _find_and_load_unlocked\n  File \"<frozen importlib._bootstrap>\", line 935, in _load_unlocked\n  File \"C:\\Users\\antho\\miniconda3\\Lib\\site-packages\\_pytest\\assertion\\rewrite.py\", line 186, in exec_module\n    exec(co, module.__dict__)\n  File \"C:\\Users\\antho\\OneDrive\\Desktop\\Netra\\netra-core-generation-1\\app\\tests\\conftest.py\", line 52, in <module>\n    from app.main import app\n  File \"C:\\Users\\antho\\OneDrive\\Desktop\\Netra\\netra-core-generation-1\\app\\main.py\", line 46, in <module>\n    from app.agents.supervisor_consolidated import SupervisorAgent as Supervisor\n  File \"C:\\Users\\antho\\OneDrive\\Desktop\\Netra\\netra-core-generation-1\\app\\agents\\supervisor_consolidated.py\", line 21, in <module>\n    from app.agents.supervisor.execution_context import (\n  File \"C:\\Users\\antho\\OneDrive\\Desktop\\Netra\\netra-core-generation-1\\app\\agents\\supervisor.py\", line 31, in <module>\n    from app.agents.supervisor_consolidated import SupervisorAgent as BaseSupervisorAgent\nImportError: cannot import name 'SupervisorAgent' from partially initialized module 'app.agents.supervisor_consolidated' (most likely due to a circular import) (C:\\Users\\antho\\OneDrive\\Desktop\\Netra\\netra-core-generation-1\\app\\agents\\supervisor_consolidated.py)\n\nThe above exception was the direct cause of the following exception:\n\nTraceback (most recent call last):\n  File \"C:\\Users\\antho\\miniconda3\\Lib\\site-packages\\execnet\\gateway_base.py\", line 1291, in executetask\n    exec(co, loc)\n  File \"C:\\Users\\antho\\miniconda3\\Lib\\site-packages\\xdist\\remote.py\", line 420, in <module>\n    config = _prepareconfig(args, None)\n             ^^^^^^^^^^^^^^^^^^^^^^^^^^\n  File \"C:\\Users\\antho\\miniconda3\\Lib\\site-packages\\_pytest\\config\\__init__.py\", line 342, in _prepareconfig\n    config = pluginmanager.hook.pytest_cmdline_parse(\n             ^^^^^^^^^^^^^^^^^^^^^^^^^^^^^^^^^^^^^^^^\n  File \"C:\\Users\\antho\\miniconda3\\Lib\\site-packages\\pluggy\\_hooks.py\", line 512, in __call__\n    return self._hookexec(self.name, self._hookimpls.copy(), kwargs, firstresult)\n           ^^^^^^^^^^^^^^^^^^^^^^^^^^^^^^^^^^^^^^^^^^^^^^^^^^^^^^^^^^^^^^^^^^^^^^\n  File \"C:\\Users\\antho\\miniconda3\\Lib\\site-packages\\pluggy\\_manager.py\", line 120, in _hookexec\n    return self._inner_hookexec(hook_name, methods, kwargs, firstresult)\n           ^^^^^^^^^^^^^^^^^^^^^^^^^^^^^^^^^^^^^^^^^^^^^^^^^^^^^^^^^^^^^\n  File \"C:\\Users\\antho\\miniconda3\\Lib\\site-packages\\pluggy\\_callers.py\", line 167, in _multicall\n    raise exception\n  File \"C:\\Users\\antho\\miniconda3\\Lib\\site-packages\\pluggy\\_callers.py\", line 139, in _multicall\n    teardown.throw(exception)\n  File \"C:\\Users\\antho\\miniconda3\\Lib\\site-packages\\_pytest\\helpconfig.py\", line 112, in pytest_cmdline_parse\n    config = yield\n             ^^^^^\n  File \"C:\\Users\\antho\\miniconda3\\Lib\\site-packages\\pluggy\\_callers.py\", line 121, in _multicall\n    res = hook_impl.function(*args)\n          ^^^^^^^^^^^^^^^^^^^^^^^^^\n  File \"C:\\Users\\antho\\miniconda3\\Lib\\site-packages\\_pytest\\config\\__init__.py\", line 1146, in pytest_cmdline_parse\n    self.parse(args)\n  File \"C:\\Users\\antho\\miniconda3\\Lib\\site-packages\\_pytest\\config\\__init__.py\", line 1527, in parse\n    self._preparse(args, addopts=addopts)\n  File \"C:\\Users\\antho\\miniconda3\\Lib\\site-packages\\_pytest\\config\\__init__.py\", line 1431, in _preparse\n    self.hook.pytest_load_initial_conftests(\n  File \"C:\\Users\\antho\\miniconda3\\Lib\\site-packages\\pluggy\\_hooks.py\", line 512, in __call__\n    return self._hookexec(self.name, self._hookimpls.copy(), kwargs, firstresult)\n           ^^^^^^^^^^^^^^^^^^^^^^^^^^^^^^^^^^^^^^^^^^^^^^^^^^^^^^^^^^^^^^^^^^^^^^\n  File \"C:\\Users\\antho\\miniconda3\\Lib\\site-packages\\pluggy\\_manager.py\", line 120, in _hookexec\n    return self._inner_hookexec(hook_name, methods, kwargs, firstresult)\n           ^^^^^^^^^^^^^^^^^^^^^^^^^^^^^^^^^^^^^^^^^^^^^^^^^^^^^^^^^^^^^\n  File \"C:\\Users\\antho\\miniconda3\\Lib\\site-packages\\pluggy\\_callers.py\", line 167, in _multicall\n    raise exception\n  File \"C:\\Users\\antho\\miniconda3\\Lib\\site-packages\\pluggy\\_callers.py\", line 139, in _multicall\n    teardown.throw(exception)\n  File \"C:\\Users\\antho\\miniconda3\\Lib\\site-packages\\_pytest\\capture.py\", line 173, in pytest_load_initial_conftests\n    yield\n  File \"C:\\Users\\antho\\miniconda3\\Lib\\site-packages\\pluggy\\_callers.py\", line 121, in _multicall\n    res = hook_impl.function(*args)\n          ^^^^^^^^^^^^^^^^^^^^^^^^^\n  File \"C:\\Users\\antho\\miniconda3\\Lib\\site-packages\\_pytest\\config\\__init__.py\", line 1228, in pytest_load_initial_conftests\n    self.pluginmanager._set_initial_conftests(\n  File \"C:\\Users\\antho\\miniconda3\\Lib\\site-packages\\_pytest\\config\\__init__.py\", line 583, in _set_initial_conftests\n    self._try_load_conftest(\n  File \"C:\\Users\\antho\\miniconda3\\Lib\\site-packages\\_pytest\\config\\__init__.py\", line 621, in _try_load_conftest\n    self._loadconftestmodules(\n  File \"C:\\Users\\antho\\miniconda3\\Lib\\site-packages\\_pytest\\config\\__init__.py\", line 661, in _loadconftestmodules\n    mod = self._importconftest(\n          ^^^^^^^^^^^^^^^^^^^^^\n  File \"C:\\Users\\antho\\miniconda3\\Lib\\site-packages\\_pytest\\config\\__init__.py\", line 720, in _importconftest\n    raise ConftestImportFailure(conftestpath, cause=e) from e\n_pytest.config.ConftestImportFailure: ImportError: cannot import name 'SupervisorAgent' from partially initialized module 'app.agents.supervisor_consolidated' (most likely due to a circular import) (C:\\Users\\antho\\OneDrive\\Desktop\\Netra\\netra-core-generation-1\\app\\agents\\supervisor_consolidated.py) (from C:\\Users\\antho\\OneDrive\\Desktop\\Netra\\netra-core-generation-1\\app\\tests\\conftest.py)\n\n\nreplacing crashed worker gw12\n[gw13] node down: Traceback (most recent call last):\n  File \"C:\\Users\\antho\\miniconda3\\Lib\\site-packages\\_pytest\\config\\__init__.py\", line 712, in _importconftest\n    mod = import_path(\n          ^^^^^^^^^^^^\n  File \"C:\\Users\\antho\\miniconda3\\Lib\\site-packages\\_pytest\\pathlib.py\", line 587, in import_path\n    importlib.import_module(module_name)\n  File \"C:\\Users\\antho\\miniconda3\\Lib\\importlib\\__init__.py\", line 90, in import_module\n    return _bootstrap._gcd_import(name[level:], package, level)\n           ^^^^^^^^^^^^^^^^^^^^^^^^^^^^^^^^^^^^^^^^^^^^^^^^^^^^\n  File \"<frozen importlib._bootstrap>\", line 1387, in _gcd_import\n  File \"<frozen importlib._bootstrap>\", line 1360, in _find_and_load\n  File \"<frozen importlib._bootstrap>\", line 1331, in _find_and_load_unlocked\n  File \"<frozen importlib._bootstrap>\", line 935, in _load_unlocked\n  File \"C:\\Users\\antho\\miniconda3\\Lib\\site-packages\\_pytest\\assertion\\rewrite.py\", line 186, in exec_module\n    exec(co, module.__dict__)\n  File \"C:\\Users\\antho\\OneDrive\\Desktop\\Netra\\netra-core-generation-1\\app\\tests\\conftest.py\", line 52, in <module>\n    from app.main import app\n  File \"C:\\Users\\antho\\OneDrive\\Desktop\\Netra\\netra-core-generation-1\\app\\main.py\", line 46, in <module>\n    from app.agents.supervisor_consolidated import SupervisorAgent as Supervisor\n  File \"C:\\Users\\antho\\OneDrive\\Desktop\\Netra\\netra-core-generation-1\\app\\agents\\supervisor_consolidated.py\", line 21, in <module>\n    from app.agents.supervisor.execution_context import (\n  File \"C:\\Users\\antho\\OneDrive\\Desktop\\Netra\\netra-core-generation-1\\app\\agents\\supervisor.py\", line 31, in <module>\n    from app.agents.supervisor_consolidated import SupervisorAgent as BaseSupervisorAgent\nImportError: cannot import name 'SupervisorAgent' from partially initialized module 'app.agents.supervisor_consolidated' (most likely due to a circular import) (C:\\Users\\antho\\OneDrive\\Desktop\\Netra\\netra-core-generation-1\\app\\agents\\supervisor_consolidated.py)\n\nThe above exception was the direct cause of the following exception:\n\nTraceback (most recent call last):\n  File \"C:\\Users\\antho\\miniconda3\\Lib\\site-packages\\execnet\\gateway_base.py\", line 1291, in executetask\n    exec(co, loc)\n  File \"C:\\Users\\antho\\miniconda3\\Lib\\site-packages\\xdist\\remote.py\", line 420, in <module>\n    config = _prepareconfig(args, None)\n             ^^^^^^^^^^^^^^^^^^^^^^^^^^\n  File \"C:\\Users\\antho\\miniconda3\\Lib\\site-packages\\_pytest\\config\\__init__.py\", line 342, in _prepareconfig\n    config = pluginmanager.hook.pytest_cmdline_parse(\n             ^^^^^^^^^^^^^^^^^^^^^^^^^^^^^^^^^^^^^^^^\n  File \"C:\\Users\\antho\\miniconda3\\Lib\\site-packages\\pluggy\\_hooks.py\", line 512, in __call__\n    return self._hookexec(self.name, self._hookimpls.copy(), kwargs, firstresult)\n           ^^^^^^^^^^^^^^^^^^^^^^^^^^^^^^^^^^^^^^^^^^^^^^^^^^^^^^^^^^^^^^^^^^^^^^\n  File \"C:\\Users\\antho\\miniconda3\\Lib\\site-packages\\pluggy\\_manager.py\", line 120, in _hookexec\n    return self._inner_hookexec(hook_name, methods, kwargs, firstresult)\n           ^^^^^^^^^^^^^^^^^^^^^^^^^^^^^^^^^^^^^^^^^^^^^^^^^^^^^^^^^^^^^\n  File \"C:\\Users\\antho\\miniconda3\\Lib\\site-packages\\pluggy\\_callers.py\", line 167, in _multicall\n    raise exception\n  File \"C:\\Users\\antho\\miniconda3\\Lib\\site-packages\\pluggy\\_callers.py\", line 139, in _multicall\n    teardown.throw(exception)\n  File \"C:\\Users\\antho\\miniconda3\\Lib\\site-packages\\_pytest\\helpconfig.py\", line 112, in pytest_cmdline_parse\n    config = yield\n             ^^^^^\n  File \"C:\\Users\\antho\\miniconda3\\Lib\\site-packages\\pluggy\\_callers.py\", line 121, in _multicall\n    res = hook_impl.function(*args)\n          ^^^^^^^^^^^^^^^^^^^^^^^^^\n  File \"C:\\Users\\antho\\miniconda3\\Lib\\site-packages\\_pytest\\config\\__init__.py\", line 1146, in pytest_cmdline_parse\n    self.parse(args)\n  File \"C:\\Users\\antho\\miniconda3\\Lib\\site-packages\\_pytest\\config\\__init__.py\", line 1527, in parse\n    self._preparse(args, addopts=addopts)\n  File \"C:\\Users\\antho\\miniconda3\\Lib\\site-packages\\_pytest\\config\\__init__.py\", line 1431, in _preparse\n    self.hook.pytest_load_initial_conftests(\n  File \"C:\\Users\\antho\\miniconda3\\Lib\\site-packages\\pluggy\\_hooks.py\", line 512, in __call__\n    return self._hookexec(self.name, self._hookimpls.copy(), kwargs, firstresult)\n           ^^^^^^^^^^^^^^^^^^^^^^^^^^^^^^^^^^^^^^^^^^^^^^^^^^^^^^^^^^^^^^^^^^^^^^\n  File \"C:\\Users\\antho\\miniconda3\\Lib\\site-packages\\pluggy\\_manager.py\", line 120, in _hookexec\n    return self._inner_hookexec(hook_name, methods, kwargs, firstresult)\n           ^^^^^^^^^^^^^^^^^^^^^^^^^^^^^^^^^^^^^^^^^^^^^^^^^^^^^^^^^^^^^\n  File \"C:\\Users\\antho\\miniconda3\\Lib\\site-packages\\pluggy\\_callers.py\", line 167, in _multicall\n    raise exception\n  File \"C:\\Users\\antho\\miniconda3\\Lib\\site-packages\\pluggy\\_callers.py\", line 139, in _multicall\n    teardown.throw(exception)\n  File \"C:\\Users\\antho\\miniconda3\\Lib\\site-packages\\_pytest\\capture.py\", line 173, in pytest_load_initial_conftests\n    yield\n  File \"C:\\Users\\antho\\miniconda3\\Lib\\site-packages\\pluggy\\_callers.py\", line 121, in _multicall\n    res = hook_impl.function(*args)\n          ^^^^^^^^^^^^^^^^^^^^^^^^^\n  File \"C:\\Users\\antho\\miniconda3\\Lib\\site-packages\\_pytest\\config\\__init__.py\", line 1228, in pytest_load_initial_conftests\n    self.pluginmanager._set_initial_conftests(\n  File \"C:\\Users\\antho\\miniconda3\\Lib\\site-packages\\_pytest\\config\\__init__.py\", line 583, in _set_initial_conftests\n    self._try_load_conftest(\n  File \"C:\\Users\\antho\\miniconda3\\Lib\\site-packages\\_pytest\\config\\__init__.py\", line 621, in _try_load_conftest\n    self._loadconftestmodules(\n  File \"C:\\Users\\antho\\miniconda3\\Lib\\site-packages\\_pytest\\config\\__init__.py\", line 661, in _loadconftestmodules\n    mod = self._importconftest(\n          ^^^^^^^^^^^^^^^^^^^^^\n  File \"C:\\Users\\antho\\miniconda3\\Lib\\site-packages\\_pytest\\config\\__init__.py\", line 720, in _importconftest\n    raise ConftestImportFailure(conftestpath, cause=e) from e\n_pytest.config.ConftestImportFailure: ImportError: cannot import name 'SupervisorAgent' from partially initialized module 'app.agents.supervisor_consolidated' (most likely due to a circular import) (C:\\Users\\antho\\OneDrive\\Desktop\\Netra\\netra-core-generation-1\\app\\agents\\supervisor_consolidated.py) (from C:\\Users\\antho\\OneDrive\\Desktop\\Netra\\netra-core-generation-1\\app\\tests\\conftest.py)\n\n\nreplacing crashed worker gw13\n[gw14] node down: Traceback (most recent call last):\n  File \"C:\\Users\\antho\\miniconda3\\Lib\\site-packages\\_pytest\\config\\__init__.py\", line 712, in _importconftest\n    mod = import_path(\n          ^^^^^^^^^^^^\n  File \"C:\\Users\\antho\\miniconda3\\Lib\\site-packages\\_pytest\\pathlib.py\", line 587, in import_path\n    importlib.import_module(module_name)\n  File \"C:\\Users\\antho\\miniconda3\\Lib\\importlib\\__init__.py\", line 90, in import_module\n    return _bootstrap._gcd_import(name[level:], package, level)\n           ^^^^^^^^^^^^^^^^^^^^^^^^^^^^^^^^^^^^^^^^^^^^^^^^^^^^\n  File \"<frozen importlib._bootstrap>\", line 1387, in _gcd_import\n  File \"<frozen importlib._bootstrap>\", line 1360, in _find_and_load\n  File \"<frozen importlib._bootstrap>\", line 1331, in _find_and_load_unlocked\n  File \"<frozen importlib._bootstrap>\", line 935, in _load_unlocked\n  File \"C:\\Users\\antho\\miniconda3\\Lib\\site-packages\\_pytest\\assertion\\rewrite.py\", line 186, in exec_module\n    exec(co, module.__dict__)\n  File \"C:\\Users\\antho\\OneDrive\\Desktop\\Netra\\netra-core-generation-1\\app\\tests\\conftest.py\", line 52, in <module>\n    from app.main import app\n  File \"C:\\Users\\antho\\OneDrive\\Desktop\\Netra\\netra-core-generation-1\\app\\main.py\", line 46, in <module>\n    from app.agents.supervisor_consolidated import SupervisorAgent as Supervisor\n  File \"C:\\Users\\antho\\OneDrive\\Desktop\\Netra\\netra-core-generation-1\\app\\agents\\supervisor_consolidated.py\", line 21, in <module>\n    from app.agents.supervisor.execution_context import (\n  File \"C:\\Users\\antho\\OneDrive\\Desktop\\Netra\\netra-core-generation-1\\app\\agents\\supervisor.py\", line 31, in <module>\n    from app.agents.supervisor_consolidated import SupervisorAgent as BaseSupervisorAgent\nImportError: cannot import name 'SupervisorAgent' from partially initialized module 'app.agents.supervisor_consolidated' (most likely due to a circular import) (C:\\Users\\antho\\OneDrive\\Desktop\\Netra\\netra-core-generation-1\\app\\agents\\supervisor_consolidated.py)\n\nThe above exception was the direct cause of the following exception:\n\nTraceback (most recent call last):\n  File \"C:\\Users\\antho\\miniconda3\\Lib\\site-packages\\execnet\\gateway_base.py\", line 1291, in executetask\n    exec(co, loc)\n  File \"C:\\Users\\antho\\miniconda3\\Lib\\site-packages\\xdist\\remote.py\", line 420, in <module>\n    config = _prepareconfig(args, None)\n             ^^^^^^^^^^^^^^^^^^^^^^^^^^\n  File \"C:\\Users\\antho\\miniconda3\\Lib\\site-packages\\_pytest\\config\\__init__.py\", line 342, in _prepareconfig\n    config = pluginmanager.hook.pytest_cmdline_parse(\n             ^^^^^^^^^^^^^^^^^^^^^^^^^^^^^^^^^^^^^^^^\n  File \"C:\\Users\\antho\\miniconda3\\Lib\\site-packages\\pluggy\\_hooks.py\", line 512, in __call__\n    return self._hookexec(self.name, self._hookimpls.copy(), kwargs, firstresult)\n           ^^^^^^^^^^^^^^^^^^^^^^^^^^^^^^^^^^^^^^^^^^^^^^^^^^^^^^^^^^^^^^^^^^^^^^\n  File \"C:\\Users\\antho\\miniconda3\\Lib\\site-packages\\pluggy\\_manager.py\", line 120, in _hookexec\n    return self._inner_hookexec(hook_name, methods, kwargs, firstresult)\n           ^^^^^^^^^^^^^^^^^^^^^^^^^^^^^^^^^^^^^^^^^^^^^^^^^^^^^^^^^^^^^\n  File \"C:\\Users\\antho\\miniconda3\\Lib\\site-packages\\pluggy\\_callers.py\", line 167, in _multicall\n    raise exception\n  File \"C:\\Users\\antho\\miniconda3\\Lib\\site-packages\\pluggy\\_callers.py\", line 139, in _multicall\n    teardown.throw(exception)\n  File \"C:\\Users\\antho\\miniconda3\\Lib\\site-packages\\_pytest\\helpconfig.py\", line 112, in pytest_cmdline_parse\n    config = yield\n             ^^^^^\n  File \"C:\\Users\\antho\\miniconda3\\Lib\\site-packages\\pluggy\\_callers.py\", line 121, in _multicall\n    res = hook_impl.function(*args)\n          ^^^^^^^^^^^^^^^^^^^^^^^^^\n  File \"C:\\Users\\antho\\miniconda3\\Lib\\site-packages\\_pytest\\config\\__init__.py\", line 1146, in pytest_cmdline_parse\n    self.parse(args)\n  File \"C:\\Users\\antho\\miniconda3\\Lib\\site-packages\\_pytest\\config\\__init__.py\", line 1527, in parse\n    self._preparse(args, addopts=addopts)\n  File \"C:\\Users\\antho\\miniconda3\\Lib\\site-packages\\_pytest\\config\\__init__.py\", line 1431, in _preparse\n    self.hook.pytest_load_initial_conftests(\n  File \"C:\\Users\\antho\\miniconda3\\Lib\\site-packages\\pluggy\\_hooks.py\", line 512, in __call__\n    return self._hookexec(self.name, self._hookimpls.copy(), kwargs, firstresult)\n           ^^^^^^^^^^^^^^^^^^^^^^^^^^^^^^^^^^^^^^^^^^^^^^^^^^^^^^^^^^^^^^^^^^^^^^\n  File \"C:\\Users\\antho\\miniconda3\\Lib\\site-packages\\pluggy\\_manager.py\", line 120, in _hookexec\n    return self._inner_hookexec(hook_name, methods, kwargs, firstresult)\n           ^^^^^^^^^^^^^^^^^^^^^^^^^^^^^^^^^^^^^^^^^^^^^^^^^^^^^^^^^^^^^\n  File \"C:\\Users\\antho\\miniconda3\\Lib\\site-packages\\pluggy\\_callers.py\", line 167, in _multicall\n    raise exception\n  File \"C:\\Users\\antho\\miniconda3\\Lib\\site-packages\\pluggy\\_callers.py\", line 139, in _multicall\n    teardown.throw(exception)\n  File \"C:\\Users\\antho\\miniconda3\\Lib\\site-packages\\_pytest\\capture.py\", line 173, in pytest_load_initial_conftests\n    yield\n  File \"C:\\Users\\antho\\miniconda3\\Lib\\site-packages\\pluggy\\_callers.py\", line 121, in _multicall\n    res = hook_impl.function(*args)\n          ^^^^^^^^^^^^^^^^^^^^^^^^^\n  File \"C:\\Users\\antho\\miniconda3\\Lib\\site-packages\\_pytest\\config\\__init__.py\", line 1228, in pytest_load_initial_conftests\n    self.pluginmanager._set_initial_conftests(\n  File \"C:\\Users\\antho\\miniconda3\\Lib\\site-packages\\_pytest\\config\\__init__.py\", line 583, in _set_initial_conftests\n    self._try_load_conftest(\n  File \"C:\\Users\\antho\\miniconda3\\Lib\\site-packages\\_pytest\\config\\__init__.py\", line 621, in _try_load_conftest\n    self._loadconftestmodules(\n  File \"C:\\Users\\antho\\miniconda3\\Lib\\site-packages\\_pytest\\config\\__init__.py\", line 661, in _loadconftestmodules\n    mod = self._importconftest(\n          ^^^^^^^^^^^^^^^^^^^^^\n  File \"C:\\Users\\antho\\miniconda3\\Lib\\site-packages\\_pytest\\config\\__init__.py\", line 720, in _importconftest\n    raise ConftestImportFailure(conftestpath, cause=e) from e\n_pytest.config.ConftestImportFailure: ImportError: cannot import name 'SupervisorAgent' from partially initialized module 'app.agents.supervisor_consolidated' (most likely due to a circular import) (C:\\Users\\antho\\OneDrive\\Desktop\\Netra\\netra-core-generation-1\\app\\agents\\supervisor_consolidated.py) (from C:\\Users\\antho\\OneDrive\\Desktop\\Netra\\netra-core-generation-1\\app\\tests\\conftest.py)\n\n\nreplacing crashed worker gw14\n[gw15] node down: Traceback (most recent call last):\n  File \"C:\\Users\\antho\\miniconda3\\Lib\\site-packages\\_pytest\\config\\__init__.py\", line 712, in _importconftest\n    mod = import_path(\n          ^^^^^^^^^^^^\n  File \"C:\\Users\\antho\\miniconda3\\Lib\\site-packages\\_pytest\\pathlib.py\", line 587, in import_path\n    importlib.import_module(module_name)\n  File \"C:\\Users\\antho\\miniconda3\\Lib\\importlib\\__init__.py\", line 90, in import_module\n    return _bootstrap._gcd_import(name[level:], package, level)\n           ^^^^^^^^^^^^^^^^^^^^^^^^^^^^^^^^^^^^^^^^^^^^^^^^^^^^\n  File \"<frozen importlib._bootstrap>\", line 1387, in _gcd_import\n  File \"<frozen importlib._bootstrap>\", line 1360, in _find_and_load\n  File \"<frozen importlib._bootstrap>\", line 1331, in _find_and_load_unlocked\n  File \"<frozen importlib._bootstrap>\", line 935, in _load_unlocked\n  File \"C:\\Users\\antho\\miniconda3\\Lib\\site-packages\\_pytest\\assertion\\rewrite.py\", line 186, in exec_module\n    exec(co, module.__dict__)\n  File \"C:\\Users\\antho\\OneDrive\\Desktop\\Netra\\netra-core-generation-1\\app\\tests\\conftest.py\", line 52, in <module>\n    from app.main import app\n  File \"C:\\Users\\antho\\OneDrive\\Desktop\\Netra\\netra-core-generation-1\\app\\main.py\", line 46, in <module>\n    from app.agents.supervisor_consolidated import SupervisorAgent as Supervisor\n  File \"C:\\Users\\antho\\OneDrive\\Desktop\\Netra\\netra-core-generation-1\\app\\agents\\supervisor_consolidated.py\", line 21, in <module>\n    from app.agents.supervisor.execution_context import (\n  File \"C:\\Users\\antho\\OneDrive\\Desktop\\Netra\\netra-core-generation-1\\app\\agents\\supervisor.py\", line 31, in <module>\n    from app.agents.supervisor_consolidated import SupervisorAgent as BaseSupervisorAgent\nImportError: cannot import name 'SupervisorAgent' from partially initialized module 'app.agents.supervisor_consolidated' (most likely due to a circular import) (C:\\Users\\antho\\OneDrive\\Desktop\\Netra\\netra-core-generation-1\\app\\agents\\supervisor_consolidated.py)\n\nThe above exception was the direct cause of the following exception:\n\nTraceback (most recent call last):\n  File \"C:\\Users\\antho\\miniconda3\\Lib\\site-packages\\execnet\\gateway_base.py\", line 1291, in executetask\n    exec(co, loc)\n  File \"C:\\Users\\antho\\miniconda3\\Lib\\site-packages\\xdist\\remote.py\", line 420, in <module>\n    config = _prepareconfig(args, None)\n             ^^^^^^^^^^^^^^^^^^^^^^^^^^\n  File \"C:\\Users\\antho\\miniconda3\\Lib\\site-packages\\_pytest\\config\\__init__.py\", line 342, in _prepareconfig\n    config = pluginmanager.hook.pytest_cmdline_parse(\n             ^^^^^^^^^^^^^^^^^^^^^^^^^^^^^^^^^^^^^^^^\n  File \"C:\\Users\\antho\\miniconda3\\Lib\\site-packages\\pluggy\\_hooks.py\", line 512, in __call__\n    return self._hookexec(self.name, self._hookimpls.copy(), kwargs, firstresult)\n           ^^^^^^^^^^^^^^^^^^^^^^^^^^^^^^^^^^^^^^^^^^^^^^^^^^^^^^^^^^^^^^^^^^^^^^\n  File \"C:\\Users\\antho\\miniconda3\\Lib\\site-packages\\pluggy\\_manager.py\", line 120, in _hookexec\n    return self._inner_hookexec(hook_name, methods, kwargs, firstresult)\n           ^^^^^^^^^^^^^^^^^^^^^^^^^^^^^^^^^^^^^^^^^^^^^^^^^^^^^^^^^^^^^\n  File \"C:\\Users\\antho\\miniconda3\\Lib\\site-packages\\pluggy\\_callers.py\", line 167, in _multicall\n    raise exception\n  File \"C:\\Users\\antho\\miniconda3\\Lib\\site-packages\\pluggy\\_callers.py\", line 139, in _multicall\n    teardown.throw(exception)\n  File \"C:\\Users\\antho\\miniconda3\\Lib\\site-packages\\_pytest\\helpconfig.py\", line 112, in pytest_cmdline_parse\n    config = yield\n             ^^^^^\n  File \"C:\\Users\\antho\\miniconda3\\Lib\\site-packages\\pluggy\\_callers.py\", line 121, in _multicall\n    res = hook_impl.function(*args)\n          ^^^^^^^^^^^^^^^^^^^^^^^^^\n  File \"C:\\Users\\antho\\miniconda3\\Lib\\site-packages\\_pytest\\config\\__init__.py\", line 1146, in pytest_cmdline_parse\n    self.parse(args)\n  File \"C:\\Users\\antho\\miniconda3\\Lib\\site-packages\\_pytest\\config\\__init__.py\", line 1527, in parse\n    self._preparse(args, addopts=addopts)\n  File \"C:\\Users\\antho\\miniconda3\\Lib\\site-packages\\_pytest\\config\\__init__.py\", line 1431, in _preparse\n    self.hook.pytest_load_initial_conftests(\n  File \"C:\\Users\\antho\\miniconda3\\Lib\\site-packages\\pluggy\\_hooks.py\", line 512, in __call__\n    return self._hookexec(self.name, self._hookimpls.copy(), kwargs, firstresult)\n           ^^^^^^^^^^^^^^^^^^^^^^^^^^^^^^^^^^^^^^^^^^^^^^^^^^^^^^^^^^^^^^^^^^^^^^\n  File \"C:\\Users\\antho\\miniconda3\\Lib\\site-packages\\pluggy\\_manager.py\", line 120, in _hookexec\n    return self._inner_hookexec(hook_name, methods, kwargs, firstresult)\n           ^^^^^^^^^^^^^^^^^^^^^^^^^^^^^^^^^^^^^^^^^^^^^^^^^^^^^^^^^^^^^\n  File \"C:\\Users\\antho\\miniconda3\\Lib\\site-packages\\pluggy\\_callers.py\", line 167, in _multicall\n    raise exception\n  File \"C:\\Users\\antho\\miniconda3\\Lib\\site-packages\\pluggy\\_callers.py\", line 139, in _multicall\n    teardown.throw(exception)\n  File \"C:\\Users\\antho\\miniconda3\\Lib\\site-packages\\_pytest\\capture.py\", line 173, in pytest_load_initial_conftests\n    yield\n  File \"C:\\Users\\antho\\miniconda3\\Lib\\site-packages\\pluggy\\_callers.py\", line 121, in _multicall\n    res = hook_impl.function(*args)\n          ^^^^^^^^^^^^^^^^^^^^^^^^^\n  File \"C:\\Users\\antho\\miniconda3\\Lib\\site-packages\\_pytest\\config\\__init__.py\", line 1228, in pytest_load_initial_conftests\n    self.pluginmanager._set_initial_conftests(\n  File \"C:\\Users\\antho\\miniconda3\\Lib\\site-packages\\_pytest\\config\\__init__.py\", line 583, in _set_initial_conftests\n    self._try_load_conftest(\n  File \"C:\\Users\\antho\\miniconda3\\Lib\\site-packages\\_pytest\\config\\__init__.py\", line 621, in _try_load_conftest\n    self._loadconftestmodules(\n  File \"C:\\Users\\antho\\miniconda3\\Lib\\site-packages\\_pytest\\config\\__init__.py\", line 661, in _loadconftestmodules\n    mod = self._importconftest(\n          ^^^^^^^^^^^^^^^^^^^^^\n  File \"C:\\Users\\antho\\miniconda3\\Lib\\site-packages\\_pytest\\config\\__init__.py\", line 720, in _importconftest\n    raise ConftestImportFailure(conftestpath, cause=e) from e\n_pytest.config.ConftestImportFailure: ImportError: cannot import name 'SupervisorAgent' from partially initialized module 'app.agents.supervisor_consolidated' (most likely due to a circular import) (C:\\Users\\antho\\OneDrive\\Desktop\\Netra\\netra-core-generation-1\\app\\agents\\supervisor_consolidated.py) (from C:\\Users\\antho\\OneDrive\\Desktop\\Netra\\netra-core-generation-1\\app\\tests\\conftest.py)\n\n\nreplacing crashed worker gw15\n[gw16] node down: Traceback (most recent call last):\n  File \"C:\\Users\\antho\\miniconda3\\Lib\\site-packages\\_pytest\\config\\__init__.py\", line 712, in _importconftest\n    mod = import_path(\n          ^^^^^^^^^^^^\n  File \"C:\\Users\\antho\\miniconda3\\Lib\\site-packages\\_pytest\\pathlib.py\", line 587, in import_path\n    importlib.import_module(module_name)\n  File \"C:\\Users\\antho\\miniconda3\\Lib\\importlib\\__init__.py\", line 90, in import_module\n    return _bootstrap._gcd_import(name[level:], package, level)\n           ^^^^^^^^^^^^^^^^^^^^^^^^^^^^^^^^^^^^^^^^^^^^^^^^^^^^\n  File \"<frozen importlib._bootstrap>\", line 1387, in _gcd_import\n  File \"<frozen importlib._bootstrap>\", line 1360, in _find_and_load\n  File \"<frozen importlib._bootstrap>\", line 1331, in _find_and_load_unlocked\n  File \"<frozen importlib._bootstrap>\", line 935, in _load_unlocked\n  File \"C:\\Users\\antho\\miniconda3\\Lib\\site-packages\\_pytest\\assertion\\rewrite.py\", line 186, in exec_module\n    exec(co, module.__dict__)\n  File \"C:\\Users\\antho\\OneDrive\\Desktop\\Netra\\netra-core-generation-1\\app\\tests\\conftest.py\", line 52, in <module>\n    from app.main import app\n  File \"C:\\Users\\antho\\OneDrive\\Desktop\\Netra\\netra-core-generation-1\\app\\main.py\", line 46, in <module>\n    from app.agents.supervisor_consolidated import SupervisorAgent as Supervisor\n  File \"C:\\Users\\antho\\OneDrive\\Desktop\\Netra\\netra-core-generation-1\\app\\agents\\supervisor_consolidated.py\", line 21, in <module>\n    from app.agents.supervisor.execution_context import (\n  File \"C:\\Users\\antho\\OneDrive\\Desktop\\Netra\\netra-core-generation-1\\app\\agents\\supervisor.py\", line 31, in <module>\n    from app.agents.supervisor_consolidated import SupervisorAgent as BaseSupervisorAgent\nImportError: cannot import name 'SupervisorAgent' from partially initialized module 'app.agents.supervisor_consolidated' (most likely due to a circular import) (C:\\Users\\antho\\OneDrive\\Desktop\\Netra\\netra-core-generation-1\\app\\agents\\supervisor_consolidated.py)\n\nThe above exception was the direct cause of the following exception:\n\nTraceback (most recent call last):\n  File \"C:\\Users\\antho\\miniconda3\\Lib\\site-packages\\execnet\\gateway_base.py\", line 1291, in executetask\n    exec(co, loc)\n  File \"C:\\Users\\antho\\miniconda3\\Lib\\site-packages\\xdist\\remote.py\", line 420, in <module>\n    config = _prepareconfig(args, None)\n             ^^^^^^^^^^^^^^^^^^^^^^^^^^\n  File \"C:\\Users\\antho\\miniconda3\\Lib\\site-packages\\_pytest\\config\\__init__.py\", line 342, in _prepareconfig\n    config = pluginmanager.hook.pytest_cmdline_parse(\n             ^^^^^^^^^^^^^^^^^^^^^^^^^^^^^^^^^^^^^^^^\n  File \"C:\\Users\\antho\\miniconda3\\Lib\\site-packages\\pluggy\\_hooks.py\", line 512, in __call__\n    return self._hookexec(self.name, self._hookimpls.copy(), kwargs, firstresult)\n           ^^^^^^^^^^^^^^^^^^^^^^^^^^^^^^^^^^^^^^^^^^^^^^^^^^^^^^^^^^^^^^^^^^^^^^\n  File \"C:\\Users\\antho\\miniconda3\\Lib\\site-packages\\pluggy\\_manager.py\", line 120, in _hookexec\n    return self._inner_hookexec(hook_name, methods, kwargs, firstresult)\n           ^^^^^^^^^^^^^^^^^^^^^^^^^^^^^^^^^^^^^^^^^^^^^^^^^^^^^^^^^^^^^\n  File \"C:\\Users\\antho\\miniconda3\\Lib\\site-packages\\pluggy\\_callers.py\", line 167, in _multicall\n    raise exception\n  File \"C:\\Users\\antho\\miniconda3\\Lib\\site-packages\\pluggy\\_callers.py\", line 139, in _multicall\n    teardown.throw(exception)\n  File \"C:\\Users\\antho\\miniconda3\\Lib\\site-packages\\_pytest\\helpconfig.py\", line 112, in pytest_cmdline_parse\n    config = yield\n             ^^^^^\n  File \"C:\\Users\\antho\\miniconda3\\Lib\\site-packages\\pluggy\\_callers.py\", line 121, in _multicall\n    res = hook_impl.function(*args)\n          ^^^^^^^^^^^^^^^^^^^^^^^^^\n  File \"C:\\Users\\antho\\miniconda3\\Lib\\site-packages\\_pytest\\config\\__init__.py\", line 1146, in pytest_cmdline_parse\n    self.parse(args)\n  File \"C:\\Users\\antho\\miniconda3\\Lib\\site-packages\\_pytest\\config\\__init__.py\", line 1527, in parse\n    self._preparse(args, addopts=addopts)\n  File \"C:\\Users\\antho\\miniconda3\\Lib\\site-packages\\_pytest\\config\\__init__.py\", line 1431, in _preparse\n    self.hook.pytest_load_initial_conftests(\n  File \"C:\\Users\\antho\\miniconda3\\Lib\\site-packages\\pluggy\\_hooks.py\", line 512, in __call__\n    return self._hookexec(self.name, self._hookimpls.copy(), kwargs, firstresult)\n           ^^^^^^^^^^^^^^^^^^^^^^^^^^^^^^^^^^^^^^^^^^^^^^^^^^^^^^^^^^^^^^^^^^^^^^\n  File \"C:\\Users\\antho\\miniconda3\\Lib\\site-packages\\pluggy\\_manager.py\", line 120, in _hookexec\n    return self._inner_hookexec(hook_name, methods, kwargs, firstresult)\n           ^^^^^^^^^^^^^^^^^^^^^^^^^^^^^^^^^^^^^^^^^^^^^^^^^^^^^^^^^^^^^\n  File \"C:\\Users\\antho\\miniconda3\\Lib\\site-packages\\pluggy\\_callers.py\", line 167, in _multicall\n    raise exception\n  File \"C:\\Users\\antho\\miniconda3\\Lib\\site-packages\\pluggy\\_callers.py\", line 139, in _multicall\n    teardown.throw(exception)\n  File \"C:\\Users\\antho\\miniconda3\\Lib\\site-packages\\_pytest\\capture.py\", line 173, in pytest_load_initial_conftests\n    yield\n  File \"C:\\Users\\antho\\miniconda3\\Lib\\site-packages\\pluggy\\_callers.py\", line 121, in _multicall\n    res = hook_impl.function(*args)\n          ^^^^^^^^^^^^^^^^^^^^^^^^^\n  File \"C:\\Users\\antho\\miniconda3\\Lib\\site-packages\\_pytest\\config\\__init__.py\", line 1228, in pytest_load_initial_conftests\n    self.pluginmanager._set_initial_conftests(\n  File \"C:\\Users\\antho\\miniconda3\\Lib\\site-packages\\_pytest\\config\\__init__.py\", line 583, in _set_initial_conftests\n    self._try_load_conftest(\n  File \"C:\\Users\\antho\\miniconda3\\Lib\\site-packages\\_pytest\\config\\__init__.py\", line 621, in _try_load_conftest\n    self._loadconftestmodules(\n  File \"C:\\Users\\antho\\miniconda3\\Lib\\site-packages\\_pytest\\config\\__init__.py\", line 661, in _loadconftestmodules\n    mod = self._importconftest(\n          ^^^^^^^^^^^^^^^^^^^^^\n  File \"C:\\Users\\antho\\miniconda3\\Lib\\site-packages\\_pytest\\config\\__init__.py\", line 720, in _importconftest\n    raise ConftestImportFailure(conftestpath, cause=e) from e\n_pytest.config.ConftestImportFailure: ImportError: cannot import name 'SupervisorAgent' from partially initialized module 'app.agents.supervisor_consolidated' (most likely due to a circular import) (C:\\Users\\antho\\OneDrive\\Desktop\\Netra\\netra-core-generation-1\\app\\agents\\supervisor_consolidated.py) (from C:\\Users\\antho\\OneDrive\\Desktop\\Netra\\netra-core-generation-1\\app\\tests\\conftest.py)\n\n\nreplacing crashed worker gw16\n[gw17] node down: Traceback (most recent call last):\n  File \"C:\\Users\\antho\\miniconda3\\Lib\\site-packages\\_pytest\\config\\__init__.py\", line 712, in _importconftest\n    mod = import_path(\n          ^^^^^^^^^^^^\n  File \"C:\\Users\\antho\\miniconda3\\Lib\\site-packages\\_pytest\\pathlib.py\", line 587, in import_path\n    importlib.import_module(module_name)\n  File \"C:\\Users\\antho\\miniconda3\\Lib\\importlib\\__init__.py\", line 90, in import_module\n    return _bootstrap._gcd_import(name[level:], package, level)\n           ^^^^^^^^^^^^^^^^^^^^^^^^^^^^^^^^^^^^^^^^^^^^^^^^^^^^\n  File \"<frozen importlib._bootstrap>\", line 1387, in _gcd_import\n  File \"<frozen importlib._bootstrap>\", line 1360, in _find_and_load\n  File \"<frozen importlib._bootstrap>\", line 1331, in _find_and_load_unlocked\n  File \"<frozen importlib._bootstrap>\", line 935, in _load_unlocked\n  File \"C:\\Users\\antho\\miniconda3\\Lib\\site-packages\\_pytest\\assertion\\rewrite.py\", line 186, in exec_module\n    exec(co, module.__dict__)\n  File \"C:\\Users\\antho\\OneDrive\\Desktop\\Netra\\netra-core-generation-1\\app\\tests\\conftest.py\", line 52, in <module>\n    from app.main import app\n  File \"C:\\Users\\antho\\OneDrive\\Desktop\\Netra\\netra-core-generation-1\\app\\main.py\", line 46, in <module>\n    from app.agents.supervisor_consolidated import SupervisorAgent as Supervisor\n  File \"C:\\Users\\antho\\OneDrive\\Desktop\\Netra\\netra-core-generation-1\\app\\agents\\supervisor_consolidated.py\", line 21, in <module>\n    from app.agents.supervisor.execution_context import (\n  File \"C:\\Users\\antho\\OneDrive\\Desktop\\Netra\\netra-core-generation-1\\app\\agents\\supervisor.py\", line 31, in <module>\n    from app.agents.supervisor_consolidated import SupervisorAgent as BaseSupervisorAgent\nImportError: cannot import name 'SupervisorAgent' from partially initialized module 'app.agents.supervisor_consolidated' (most likely due to a circular import) (C:\\Users\\antho\\OneDrive\\Desktop\\Netra\\netra-core-generation-1\\app\\agents\\supervisor_consolidated.py)\n\nThe above exception was the direct cause of the following exception:\n\nTraceback (most recent call last):\n  File \"C:\\Users\\antho\\miniconda3\\Lib\\site-packages\\execnet\\gateway_base.py\", line 1291, in executetask\n    exec(co, loc)\n  File \"C:\\Users\\antho\\miniconda3\\Lib\\site-packages\\xdist\\remote.py\", line 420, in <module>\n    config = _prepareconfig(args, None)\n             ^^^^^^^^^^^^^^^^^^^^^^^^^^\n  File \"C:\\Users\\antho\\miniconda3\\Lib\\site-packages\\_pytest\\config\\__init__.py\", line 342, in _prepareconfig\n    config = pluginmanager.hook.pytest_cmdline_parse(\n             ^^^^^^^^^^^^^^^^^^^^^^^^^^^^^^^^^^^^^^^^\n  File \"C:\\Users\\antho\\miniconda3\\Lib\\site-packages\\pluggy\\_hooks.py\", line 512, in __call__\n    return self._hookexec(self.name, self._hookimpls.copy(), kwargs, firstresult)\n           ^^^^^^^^^^^^^^^^^^^^^^^^^^^^^^^^^^^^^^^^^^^^^^^^^^^^^^^^^^^^^^^^^^^^^^\n  File \"C:\\Users\\antho\\miniconda3\\Lib\\site-packages\\pluggy\\_manager.py\", line 120, in _hookexec\n    return self._inner_hookexec(hook_name, methods, kwargs, firstresult)\n           ^^^^^^^^^^^^^^^^^^^^^^^^^^^^^^^^^^^^^^^^^^^^^^^^^^^^^^^^^^^^^\n  File \"C:\\Users\\antho\\miniconda3\\Lib\\site-packages\\pluggy\\_callers.py\", line 167, in _multicall\n    raise exception\n  File \"C:\\Users\\antho\\miniconda3\\Lib\\site-packages\\pluggy\\_callers.py\", line 139, in _multicall\n    teardown.throw(exception)\n  File \"C:\\Users\\antho\\miniconda3\\Lib\\site-packages\\_pytest\\helpconfig.py\", line 112, in pytest_cmdline_parse\n    config = yield\n             ^^^^^\n  File \"C:\\Users\\antho\\miniconda3\\Lib\\site-packages\\pluggy\\_callers.py\", line 121, in _multicall\n    res = hook_impl.function(*args)\n          ^^^^^^^^^^^^^^^^^^^^^^^^^\n  File \"C:\\Users\\antho\\miniconda3\\Lib\\site-packages\\_pytest\\config\\__init__.py\", line 1146, in pytest_cmdline_parse\n    self.parse(args)\n  File \"C:\\Users\\antho\\miniconda3\\Lib\\site-packages\\_pytest\\config\\__init__.py\", line 1527, in parse\n    self._preparse(args, addopts=addopts)\n  File \"C:\\Users\\antho\\miniconda3\\Lib\\site-packages\\_pytest\\config\\__init__.py\", line 1431, in _preparse\n    self.hook.pytest_load_initial_conftests(\n  File \"C:\\Users\\antho\\miniconda3\\Lib\\site-packages\\pluggy\\_hooks.py\", line 512, in __call__\n    return self._hookexec(self.name, self._hookimpls.copy(), kwargs, firstresult)\n           ^^^^^^^^^^^^^^^^^^^^^^^^^^^^^^^^^^^^^^^^^^^^^^^^^^^^^^^^^^^^^^^^^^^^^^\n  File \"C:\\Users\\antho\\miniconda3\\Lib\\site-packages\\pluggy\\_manager.py\", line 120, in _hookexec\n    return self._inner_hookexec(hook_name, methods, kwargs, firstresult)\n           ^^^^^^^^^^^^^^^^^^^^^^^^^^^^^^^^^^^^^^^^^^^^^^^^^^^^^^^^^^^^^\n  File \"C:\\Users\\antho\\miniconda3\\Lib\\site-packages\\pluggy\\_callers.py\", line 167, in _multicall\n    raise exception\n  File \"C:\\Users\\antho\\miniconda3\\Lib\\site-packages\\pluggy\\_callers.py\", line 139, in _multicall\n    teardown.throw(exception)\n  File \"C:\\Users\\antho\\miniconda3\\Lib\\site-packages\\_pytest\\capture.py\", line 173, in pytest_load_initial_conftests\n    yield\n  File \"C:\\Users\\antho\\miniconda3\\Lib\\site-packages\\pluggy\\_callers.py\", line 121, in _multicall\n    res = hook_impl.function(*args)\n          ^^^^^^^^^^^^^^^^^^^^^^^^^\n  File \"C:\\Users\\antho\\miniconda3\\Lib\\site-packages\\_pytest\\config\\__init__.py\", line 1228, in pytest_load_initial_conftests\n    self.pluginmanager._set_initial_conftests(\n  File \"C:\\Users\\antho\\miniconda3\\Lib\\site-packages\\_pytest\\config\\__init__.py\", line 583, in _set_initial_conftests\n    self._try_load_conftest(\n  File \"C:\\Users\\antho\\miniconda3\\Lib\\site-packages\\_pytest\\config\\__init__.py\", line 621, in _try_load_conftest\n    self._loadconftestmodules(\n  File \"C:\\Users\\antho\\miniconda3\\Lib\\site-packages\\_pytest\\config\\__init__.py\", line 661, in _loadconftestmodules\n    mod = self._importconftest(\n          ^^^^^^^^^^^^^^^^^^^^^\n  File \"C:\\Users\\antho\\miniconda3\\Lib\\site-packages\\_pytest\\config\\__init__.py\", line 720, in _importconftest\n    raise ConftestImportFailure(conftestpath, cause=e) from e\n_pytest.config.ConftestImportFailure: ImportError: cannot import name 'SupervisorAgent' from partially initialized module 'app.agents.supervisor_consolidated' (most likely due to a circular import) (C:\\Users\\antho\\OneDrive\\Desktop\\Netra\\netra-core-generation-1\\app\\agents\\supervisor_consolidated.py) (from C:\\Users\\antho\\OneDrive\\Desktop\\Netra\\netra-core-generation-1\\app\\tests\\conftest.py)\n\n\nreplacing crashed worker gw17\n[gw18] node down: Traceback (most recent call last):\n  File \"C:\\Users\\antho\\miniconda3\\Lib\\site-packages\\_pytest\\config\\__init__.py\", line 712, in _importconftest\n    mod = import_path(\n          ^^^^^^^^^^^^\n  File \"C:\\Users\\antho\\miniconda3\\Lib\\site-packages\\_pytest\\pathlib.py\", line 587, in import_path\n    importlib.import_module(module_name)\n  File \"C:\\Users\\antho\\miniconda3\\Lib\\importlib\\__init__.py\", line 90, in import_module\n    return _bootstrap._gcd_import(name[level:], package, level)\n           ^^^^^^^^^^^^^^^^^^^^^^^^^^^^^^^^^^^^^^^^^^^^^^^^^^^^\n  File \"<frozen importlib._bootstrap>\", line 1387, in _gcd_import\n  File \"<frozen importlib._bootstrap>\", line 1360, in _find_and_load\n  File \"<frozen importlib._bootstrap>\", line 1331, in _find_and_load_unlocked\n  File \"<frozen importlib._bootstrap>\", line 935, in _load_unlocked\n  File \"C:\\Users\\antho\\miniconda3\\Lib\\site-packages\\_pytest\\assertion\\rewrite.py\", line 186, in exec_module\n    exec(co, module.__dict__)\n  File \"C:\\Users\\antho\\OneDrive\\Desktop\\Netra\\netra-core-generation-1\\app\\tests\\conftest.py\", line 52, in <module>\n    from app.main import app\n  File \"C:\\Users\\antho\\OneDrive\\Desktop\\Netra\\netra-core-generation-1\\app\\main.py\", line 46, in <module>\n    from app.agents.supervisor_consolidated import SupervisorAgent as Supervisor\n  File \"C:\\Users\\antho\\OneDrive\\Desktop\\Netra\\netra-core-generation-1\\app\\agents\\supervisor_consolidated.py\", line 21, in <module>\n    from app.agents.supervisor.execution_context import (\n  File \"C:\\Users\\antho\\OneDrive\\Desktop\\Netra\\netra-core-generation-1\\app\\agents\\supervisor.py\", line 31, in <module>\n    from app.agents.supervisor_consolidated import SupervisorAgent as BaseSupervisorAgent\nImportError: cannot import name 'SupervisorAgent' from partially initialized module 'app.agents.supervisor_consolidated' (most likely due to a circular import) (C:\\Users\\antho\\OneDrive\\Desktop\\Netra\\netra-core-generation-1\\app\\agents\\supervisor_consolidated.py)\n\nThe above exception was the direct cause of the following exception:\n\nTraceback (most recent call last):\n  File \"C:\\Users\\antho\\miniconda3\\Lib\\site-packages\\execnet\\gateway_base.py\", line 1291, in executetask\n    exec(co, loc)\n  File \"C:\\Users\\antho\\miniconda3\\Lib\\site-packages\\xdist\\remote.py\", line 420, in <module>\n    config = _prepareconfig(args, None)\n             ^^^^^^^^^^^^^^^^^^^^^^^^^^\n  File \"C:\\Users\\antho\\miniconda3\\Lib\\site-packages\\_pytest\\config\\__init__.py\", line 342, in _prepareconfig\n    config = pluginmanager.hook.pytest_cmdline_parse(\n             ^^^^^^^^^^^^^^^^^^^^^^^^^^^^^^^^^^^^^^^^\n  File \"C:\\Users\\antho\\miniconda3\\Lib\\site-packages\\pluggy\\_hooks.py\", line 512, in __call__\n    return self._hookexec(self.name, self._hookimpls.copy(), kwargs, firstresult)\n           ^^^^^^^^^^^^^^^^^^^^^^^^^^^^^^^^^^^^^^^^^^^^^^^^^^^^^^^^^^^^^^^^^^^^^^\n  File \"C:\\Users\\antho\\miniconda3\\Lib\\site-packages\\pluggy\\_manager.py\", line 120, in _hookexec\n    return self._inner_hookexec(hook_name, methods, kwargs, firstresult)\n           ^^^^^^^^^^^^^^^^^^^^^^^^^^^^^^^^^^^^^^^^^^^^^^^^^^^^^^^^^^^^^\n  File \"C:\\Users\\antho\\miniconda3\\Lib\\site-packages\\pluggy\\_callers.py\", line 167, in _multicall\n    raise exception\n  File \"C:\\Users\\antho\\miniconda3\\Lib\\site-packages\\pluggy\\_callers.py\", line 139, in _multicall\n    teardown.throw(exception)\n  File \"C:\\Users\\antho\\miniconda3\\Lib\\site-packages\\_pytest\\helpconfig.py\", line 112, in pytest_cmdline_parse\n    config = yield\n             ^^^^^\n  File \"C:\\Users\\antho\\miniconda3\\Lib\\site-packages\\pluggy\\_callers.py\", line 121, in _multicall\n    res = hook_impl.function(*args)\n          ^^^^^^^^^^^^^^^^^^^^^^^^^\n  File \"C:\\Users\\antho\\miniconda3\\Lib\\site-packages\\_pytest\\config\\__init__.py\", line 1146, in pytest_cmdline_parse\n    self.parse(args)\n  File \"C:\\Users\\antho\\miniconda3\\Lib\\site-packages\\_pytest\\config\\__init__.py\", line 1527, in parse\n    self._preparse(args, addopts=addopts)\n  File \"C:\\Users\\antho\\miniconda3\\Lib\\site-packages\\_pytest\\config\\__init__.py\", line 1431, in _preparse\n    self.hook.pytest_load_initial_conftests(\n  File \"C:\\Users\\antho\\miniconda3\\Lib\\site-packages\\pluggy\\_hooks.py\", line 512, in __call__\n    return self._hookexec(self.name, self._hookimpls.copy(), kwargs, firstresult)\n           ^^^^^^^^^^^^^^^^^^^^^^^^^^^^^^^^^^^^^^^^^^^^^^^^^^^^^^^^^^^^^^^^^^^^^^\n  File \"C:\\Users\\antho\\miniconda3\\Lib\\site-packages\\pluggy\\_manager.py\", line 120, in _hookexec\n    return self._inner_hookexec(hook_name, methods, kwargs, firstresult)\n           ^^^^^^^^^^^^^^^^^^^^^^^^^^^^^^^^^^^^^^^^^^^^^^^^^^^^^^^^^^^^^\n  File \"C:\\Users\\antho\\miniconda3\\Lib\\site-packages\\pluggy\\_callers.py\", line 167, in _multicall\n    raise exception\n  File \"C:\\Users\\antho\\miniconda3\\Lib\\site-packages\\pluggy\\_callers.py\", line 139, in _multicall\n    teardown.throw(exception)\n  File \"C:\\Users\\antho\\miniconda3\\Lib\\site-packages\\_pytest\\capture.py\", line 173, in pytest_load_initial_conftests\n    yield\n  File \"C:\\Users\\antho\\miniconda3\\Lib\\site-packages\\pluggy\\_callers.py\", line 121, in _multicall\n    res = hook_impl.function(*args)\n          ^^^^^^^^^^^^^^^^^^^^^^^^^\n  File \"C:\\Users\\antho\\miniconda3\\Lib\\site-packages\\_pytest\\config\\__init__.py\", line 1228, in pytest_load_initial_conftests\n    self.pluginmanager._set_initial_conftests(\n  File \"C:\\Users\\antho\\miniconda3\\Lib\\site-packages\\_pytest\\config\\__init__.py\", line 583, in _set_initial_conftests\n    self._try_load_conftest(\n  File \"C:\\Users\\antho\\miniconda3\\Lib\\site-packages\\_pytest\\config\\__init__.py\", line 621, in _try_load_conftest\n    self._loadconftestmodules(\n  File \"C:\\Users\\antho\\miniconda3\\Lib\\site-packages\\_pytest\\config\\__init__.py\", line 661, in _loadconftestmodules\n    mod = self._importconftest(\n          ^^^^^^^^^^^^^^^^^^^^^\n  File \"C:\\Users\\antho\\miniconda3\\Lib\\site-packages\\_pytest\\config\\__init__.py\", line 720, in _importconftest\n    raise ConftestImportFailure(conftestpath, cause=e) from e\n_pytest.config.ConftestImportFailure: ImportError: cannot import name 'SupervisorAgent' from partially initialized module 'app.agents.supervisor_consolidated' (most likely due to a circular import) (C:\\Users\\antho\\OneDrive\\Desktop\\Netra\\netra-core-generation-1\\app\\agents\\supervisor_consolidated.py) (from C:\\Users\\antho\\OneDrive\\Desktop\\Netra\\netra-core-generation-1\\app\\tests\\conftest.py)\n\n\nreplacing crashed worker gw18\n[gw19] node down: Traceback (most recent call last):\n  File \"C:\\Users\\antho\\miniconda3\\Lib\\site-packages\\_pytest\\config\\__init__.py\", line 712, in _importconftest\n    mod = import_path(\n          ^^^^^^^^^^^^\n  File \"C:\\Users\\antho\\miniconda3\\Lib\\site-packages\\_pytest\\pathlib.py\", line 587, in import_path\n    importlib.import_module(module_name)\n  File \"C:\\Users\\antho\\miniconda3\\Lib\\importlib\\__init__.py\", line 90, in import_module\n    return _bootstrap._gcd_import(name[level:], package, level)\n           ^^^^^^^^^^^^^^^^^^^^^^^^^^^^^^^^^^^^^^^^^^^^^^^^^^^^\n  File \"<frozen importlib._bootstrap>\", line 1387, in _gcd_import\n  File \"<frozen importlib._bootstrap>\", line 1360, in _find_and_load\n  File \"<frozen importlib._bootstrap>\", line 1331, in _find_and_load_unlocked\n  File \"<frozen importlib._bootstrap>\", line 935, in _load_unlocked\n  File \"C:\\Users\\antho\\miniconda3\\Lib\\site-packages\\_pytest\\assertion\\rewrite.py\", line 186, in exec_module\n    exec(co, module.__dict__)\n  File \"C:\\Users\\antho\\OneDrive\\Desktop\\Netra\\netra-core-generation-1\\app\\tests\\conftest.py\", line 52, in <module>\n    from app.main import app\n  File \"C:\\Users\\antho\\OneDrive\\Desktop\\Netra\\netra-core-generation-1\\app\\main.py\", line 46, in <module>\n    from app.agents.supervisor_consolidated import SupervisorAgent as Supervisor\n  File \"C:\\Users\\antho\\OneDrive\\Desktop\\Netra\\netra-core-generation-1\\app\\agents\\supervisor_consolidated.py\", line 21, in <module>\n    from app.agents.supervisor.execution_context import (\n  File \"C:\\Users\\antho\\OneDrive\\Desktop\\Netra\\netra-core-generation-1\\app\\agents\\supervisor.py\", line 31, in <module>\n    from app.agents.supervisor_consolidated import SupervisorAgent as BaseSupervisorAgent\nImportError: cannot import name 'SupervisorAgent' from partially initialized module 'app.agents.supervisor_consolidated' (most likely due to a circular import) (C:\\Users\\antho\\OneDrive\\Desktop\\Netra\\netra-core-generation-1\\app\\agents\\supervisor_consolidated.py)\n\nThe above exception was the direct cause of the following exception:\n\nTraceback (most recent call last):\n  File \"C:\\Users\\antho\\miniconda3\\Lib\\site-packages\\execnet\\gateway_base.py\", line 1291, in executetask\n    exec(co, loc)\n  File \"C:\\Users\\antho\\miniconda3\\Lib\\site-packages\\xdist\\remote.py\", line 420, in <module>\n    config = _prepareconfig(args, None)\n             ^^^^^^^^^^^^^^^^^^^^^^^^^^\n  File \"C:\\Users\\antho\\miniconda3\\Lib\\site-packages\\_pytest\\config\\__init__.py\", line 342, in _prepareconfig\n    config = pluginmanager.hook.pytest_cmdline_parse(\n             ^^^^^^^^^^^^^^^^^^^^^^^^^^^^^^^^^^^^^^^^\n  File \"C:\\Users\\antho\\miniconda3\\Lib\\site-packages\\pluggy\\_hooks.py\", line 512, in __call__\n    return self._hookexec(self.name, self._hookimpls.copy(), kwargs, firstresult)\n           ^^^^^^^^^^^^^^^^^^^^^^^^^^^^^^^^^^^^^^^^^^^^^^^^^^^^^^^^^^^^^^^^^^^^^^\n  File \"C:\\Users\\antho\\miniconda3\\Lib\\site-packages\\pluggy\\_manager.py\", line 120, in _hookexec\n    return self._inner_hookexec(hook_name, methods, kwargs, firstresult)\n           ^^^^^^^^^^^^^^^^^^^^^^^^^^^^^^^^^^^^^^^^^^^^^^^^^^^^^^^^^^^^^\n  File \"C:\\Users\\antho\\miniconda3\\Lib\\site-packages\\pluggy\\_callers.py\", line 167, in _multicall\n    raise exception\n  File \"C:\\Users\\antho\\miniconda3\\Lib\\site-packages\\pluggy\\_callers.py\", line 139, in _multicall\n    teardown.throw(exception)\n  File \"C:\\Users\\antho\\miniconda3\\Lib\\site-packages\\_pytest\\helpconfig.py\", line 112, in pytest_cmdline_parse\n    config = yield\n             ^^^^^\n  File \"C:\\Users\\antho\\miniconda3\\Lib\\site-packages\\pluggy\\_callers.py\", line 121, in _multicall\n    res = hook_impl.function(*args)\n          ^^^^^^^^^^^^^^^^^^^^^^^^^\n  File \"C:\\Users\\antho\\miniconda3\\Lib\\site-packages\\_pytest\\config\\__init__.py\", line 1146, in pytest_cmdline_parse\n    self.parse(args)\n  File \"C:\\Users\\antho\\miniconda3\\Lib\\site-packages\\_pytest\\config\\__init__.py\", line 1527, in parse\n    self._preparse(args, addopts=addopts)\n  File \"C:\\Users\\antho\\miniconda3\\Lib\\site-packages\\_pytest\\config\\__init__.py\", line 1431, in _preparse\n    self.hook.pytest_load_initial_conftests(\n  File \"C:\\Users\\antho\\miniconda3\\Lib\\site-packages\\pluggy\\_hooks.py\", line 512, in __call__\n    return self._hookexec(self.name, self._hookimpls.copy(), kwargs, firstresult)\n           ^^^^^^^^^^^^^^^^^^^^^^^^^^^^^^^^^^^^^^^^^^^^^^^^^^^^^^^^^^^^^^^^^^^^^^\n  File \"C:\\Users\\antho\\miniconda3\\Lib\\site-packages\\pluggy\\_manager.py\", line 120, in _hookexec\n    return self._inner_hookexec(hook_name, methods, kwargs, firstresult)\n           ^^^^^^^^^^^^^^^^^^^^^^^^^^^^^^^^^^^^^^^^^^^^^^^^^^^^^^^^^^^^^\n  File \"C:\\Users\\antho\\miniconda3\\Lib\\site-packages\\pluggy\\_callers.py\", line 167, in _multicall\n    raise exception\n  File \"C:\\Users\\antho\\miniconda3\\Lib\\site-packages\\pluggy\\_callers.py\", line 139, in _multicall\n    teardown.throw(exception)\n  File \"C:\\Users\\antho\\miniconda3\\Lib\\site-packages\\_pytest\\capture.py\", line 173, in pytest_load_initial_conftests\n    yield\n  File \"C:\\Users\\antho\\miniconda3\\Lib\\site-packages\\pluggy\\_callers.py\", line 121, in _multicall\n    res = hook_impl.function(*args)\n          ^^^^^^^^^^^^^^^^^^^^^^^^^\n  File \"C:\\Users\\antho\\miniconda3\\Lib\\site-packages\\_pytest\\config\\__init__.py\", line 1228, in pytest_load_initial_conftests\n    self.pluginmanager._set_initial_conftests(\n  File \"C:\\Users\\antho\\miniconda3\\Lib\\site-packages\\_pytest\\config\\__init__.py\", line 583, in _set_initial_conftests\n    self._try_load_conftest(\n  File \"C:\\Users\\antho\\miniconda3\\Lib\\site-packages\\_pytest\\config\\__init__.py\", line 621, in _try_load_conftest\n    self._loadconftestmodules(\n  File \"C:\\Users\\antho\\miniconda3\\Lib\\site-packages\\_pytest\\config\\__init__.py\", line 661, in _loadconftestmodules\n    mod = self._importconftest(\n          ^^^^^^^^^^^^^^^^^^^^^\n  File \"C:\\Users\\antho\\miniconda3\\Lib\\site-packages\\_pytest\\config\\__init__.py\", line 720, in _importconftest\n    raise ConftestImportFailure(conftestpath, cause=e) from e\n_pytest.config.ConftestImportFailure: ImportError: cannot import name 'SupervisorAgent' from partially initialized module 'app.agents.supervisor_consolidated' (most likely due to a circular import) (C:\\Users\\antho\\OneDrive\\Desktop\\Netra\\netra-core-generation-1\\app\\agents\\supervisor_consolidated.py) (from C:\\Users\\antho\\OneDrive\\Desktop\\Netra\\netra-core-generation-1\\app\\tests\\conftest.py)\n\n\nreplacing crashed worker gw19\n[gw20] node down: Traceback (most recent call last):\n  File \"C:\\Users\\antho\\miniconda3\\Lib\\site-packages\\_pytest\\config\\__init__.py\", line 712, in _importconftest\n    mod = import_path(\n          ^^^^^^^^^^^^\n  File \"C:\\Users\\antho\\miniconda3\\Lib\\site-packages\\_pytest\\pathlib.py\", line 587, in import_path\n    importlib.import_module(module_name)\n  File \"C:\\Users\\antho\\miniconda3\\Lib\\importlib\\__init__.py\", line 90, in import_module\n    return _bootstrap._gcd_import(name[level:], package, level)\n           ^^^^^^^^^^^^^^^^^^^^^^^^^^^^^^^^^^^^^^^^^^^^^^^^^^^^\n  File \"<frozen importlib._bootstrap>\", line 1387, in _gcd_import\n  File \"<frozen importlib._bootstrap>\", line 1360, in _find_and_load\n  File \"<frozen importlib._bootstrap>\", line 1331, in _find_and_load_unlocked\n  File \"<frozen importlib._bootstrap>\", line 935, in _load_unlocked\n  File \"C:\\Users\\antho\\miniconda3\\Lib\\site-packages\\_pytest\\assertion\\rewrite.py\", line 186, in exec_module\n    exec(co, module.__dict__)\n  File \"C:\\Users\\antho\\OneDrive\\Desktop\\Netra\\netra-core-generation-1\\app\\tests\\conftest.py\", line 52, in <module>\n    from app.main import app\n  File \"C:\\Users\\antho\\OneDrive\\Desktop\\Netra\\netra-core-generation-1\\app\\main.py\", line 46, in <module>\n    from app.agents.supervisor_consolidated import SupervisorAgent as Supervisor\n  File \"C:\\Users\\antho\\OneDrive\\Desktop\\Netra\\netra-core-generation-1\\app\\agents\\supervisor_consolidated.py\", line 21, in <module>\n    from app.agents.supervisor.execution_context import (\n  File \"C:\\Users\\antho\\OneDrive\\Desktop\\Netra\\netra-core-generation-1\\app\\agents\\supervisor.py\", line 31, in <module>\n    from app.agents.supervisor_consolidated import SupervisorAgent as BaseSupervisorAgent\nImportError: cannot import name 'SupervisorAgent' from partially initialized module 'app.agents.supervisor_consolidated' (most likely due to a circular import) (C:\\Users\\antho\\OneDrive\\Desktop\\Netra\\netra-core-generation-1\\app\\agents\\supervisor_consolidated.py)\n\nThe above exception was the direct cause of the following exception:\n\nTraceback (most recent call last):\n  File \"C:\\Users\\antho\\miniconda3\\Lib\\site-packages\\execnet\\gateway_base.py\", line 1291, in executetask\n    exec(co, loc)\n  File \"C:\\Users\\antho\\miniconda3\\Lib\\site-packages\\xdist\\remote.py\", line 420, in <module>\n    config = _prepareconfig(args, None)\n             ^^^^^^^^^^^^^^^^^^^^^^^^^^\n  File \"C:\\Users\\antho\\miniconda3\\Lib\\site-packages\\_pytest\\config\\__init__.py\", line 342, in _prepareconfig\n    config = pluginmanager.hook.pytest_cmdline_parse(\n             ^^^^^^^^^^^^^^^^^^^^^^^^^^^^^^^^^^^^^^^^\n  File \"C:\\Users\\antho\\miniconda3\\Lib\\site-packages\\pluggy\\_hooks.py\", line 512, in __call__\n    return self._hookexec(self.name, self._hookimpls.copy(), kwargs, firstresult)\n           ^^^^^^^^^^^^^^^^^^^^^^^^^^^^^^^^^^^^^^^^^^^^^^^^^^^^^^^^^^^^^^^^^^^^^^\n  File \"C:\\Users\\antho\\miniconda3\\Lib\\site-packages\\pluggy\\_manager.py\", line 120, in _hookexec\n    return self._inner_hookexec(hook_name, methods, kwargs, firstresult)\n           ^^^^^^^^^^^^^^^^^^^^^^^^^^^^^^^^^^^^^^^^^^^^^^^^^^^^^^^^^^^^^\n  File \"C:\\Users\\antho\\miniconda3\\Lib\\site-packages\\pluggy\\_callers.py\", line 167, in _multicall\n    raise exception\n  File \"C:\\Users\\antho\\miniconda3\\Lib\\site-packages\\pluggy\\_callers.py\", line 139, in _multicall\n    teardown.throw(exception)\n  File \"C:\\Users\\antho\\miniconda3\\Lib\\site-packages\\_pytest\\helpconfig.py\", line 112, in pytest_cmdline_parse\n    config = yield\n             ^^^^^\n  File \"C:\\Users\\antho\\miniconda3\\Lib\\site-packages\\pluggy\\_callers.py\", line 121, in _multicall\n    res = hook_impl.function(*args)\n          ^^^^^^^^^^^^^^^^^^^^^^^^^\n  File \"C:\\Users\\antho\\miniconda3\\Lib\\site-packages\\_pytest\\config\\__init__.py\", line 1146, in pytest_cmdline_parse\n    self.parse(args)\n  File \"C:\\Users\\antho\\miniconda3\\Lib\\site-packages\\_pytest\\config\\__init__.py\", line 1527, in parse\n    self._preparse(args, addopts=addopts)\n  File \"C:\\Users\\antho\\miniconda3\\Lib\\site-packages\\_pytest\\config\\__init__.py\", line 1431, in _preparse\n    self.hook.pytest_load_initial_conftests(\n  File \"C:\\Users\\antho\\miniconda3\\Lib\\site-packages\\pluggy\\_hooks.py\", line 512, in __call__\n    return self._hookexec(self.name, self._hookimpls.copy(), kwargs, firstresult)\n           ^^^^^^^^^^^^^^^^^^^^^^^^^^^^^^^^^^^^^^^^^^^^^^^^^^^^^^^^^^^^^^^^^^^^^^\n  File \"C:\\Users\\antho\\miniconda3\\Lib\\site-packages\\pluggy\\_manager.py\", line 120, in _hookexec\n    return self._inner_hookexec(hook_name, methods, kwargs, firstresult)\n           ^^^^^^^^^^^^^^^^^^^^^^^^^^^^^^^^^^^^^^^^^^^^^^^^^^^^^^^^^^^^^\n  File \"C:\\Users\\antho\\miniconda3\\Lib\\site-packages\\pluggy\\_callers.py\", line 167, in _multicall\n    raise exception\n  File \"C:\\Users\\antho\\miniconda3\\Lib\\site-packages\\pluggy\\_callers.py\", line 139, in _multicall\n    teardown.throw(exception)\n  File \"C:\\Users\\antho\\miniconda3\\Lib\\site-packages\\_pytest\\capture.py\", line 173, in pytest_load_initial_conftests\n    yield\n  File \"C:\\Users\\antho\\miniconda3\\Lib\\site-packages\\pluggy\\_callers.py\", line 121, in _multicall\n    res = hook_impl.function(*args)\n          ^^^^^^^^^^^^^^^^^^^^^^^^^\n  File \"C:\\Users\\antho\\miniconda3\\Lib\\site-packages\\_pytest\\config\\__init__.py\", line 1228, in pytest_load_initial_conftests\n    self.pluginmanager._set_initial_conftests(\n  File \"C:\\Users\\antho\\miniconda3\\Lib\\site-packages\\_pytest\\config\\__init__.py\", line 583, in _set_initial_conftests\n    self._try_load_conftest(\n  File \"C:\\Users\\antho\\miniconda3\\Lib\\site-packages\\_pytest\\config\\__init__.py\", line 621, in _try_load_conftest\n    self._loadconftestmodules(\n  File \"C:\\Users\\antho\\miniconda3\\Lib\\site-packages\\_pytest\\config\\__init__.py\", line 661, in _loadconftestmodules\n    mod = self._importconftest(\n          ^^^^^^^^^^^^^^^^^^^^^\n  File \"C:\\Users\\antho\\miniconda3\\Lib\\site-packages\\_pytest\\config\\__init__.py\", line 720, in _importconftest\n    raise ConftestImportFailure(conftestpath, cause=e) from e\n_pytest.config.ConftestImportFailure: ImportError: cannot import name 'SupervisorAgent' from partially initialized module 'app.agents.supervisor_consolidated' (most likely due to a circular import) (C:\\Users\\antho\\OneDrive\\Desktop\\Netra\\netra-core-generation-1\\app\\agents\\supervisor_consolidated.py) (from C:\\Users\\antho\\OneDrive\\Desktop\\Netra\\netra-core-generation-1\\app\\tests\\conftest.py)\n\n\nreplacing crashed worker gw20\n[gw21] node down: Traceback (most recent call last):\n  File \"C:\\Users\\antho\\miniconda3\\Lib\\site-packages\\_pytest\\config\\__init__.py\", line 712, in _importconftest\n    mod = import_path(\n          ^^^^^^^^^^^^\n  File \"C:\\Users\\antho\\miniconda3\\Lib\\site-packages\\_pytest\\pathlib.py\", line 587, in import_path\n    importlib.import_module(module_name)\n  File \"C:\\Users\\antho\\miniconda3\\Lib\\importlib\\__init__.py\", line 90, in import_module\n    return _bootstrap._gcd_import(name[level:], package, level)\n           ^^^^^^^^^^^^^^^^^^^^^^^^^^^^^^^^^^^^^^^^^^^^^^^^^^^^\n  File \"<frozen importlib._bootstrap>\", line 1387, in _gcd_import\n  File \"<frozen importlib._bootstrap>\", line 1360, in _find_and_load\n  File \"<frozen importlib._bootstrap>\", line 1331, in _find_and_load_unlocked\n  File \"<frozen importlib._bootstrap>\", line 935, in _load_unlocked\n  File \"C:\\Users\\antho\\miniconda3\\Lib\\site-packages\\_pytest\\assertion\\rewrite.py\", line 186, in exec_module\n    exec(co, module.__dict__)\n  File \"C:\\Users\\antho\\OneDrive\\Desktop\\Netra\\netra-core-generation-1\\app\\tests\\conftest.py\", line 52, in <module>\n    from app.main import app\n  File \"C:\\Users\\antho\\OneDrive\\Desktop\\Netra\\netra-core-generation-1\\app\\main.py\", line 46, in <module>\n    from app.agents.supervisor_consolidated import SupervisorAgent as Supervisor\n  File \"C:\\Users\\antho\\OneDrive\\Desktop\\Netra\\netra-core-generation-1\\app\\agents\\supervisor_consolidated.py\", line 21, in <module>\n    from app.agents.supervisor.execution_context import (\n  File \"C:\\Users\\antho\\OneDrive\\Desktop\\Netra\\netra-core-generation-1\\app\\agents\\supervisor.py\", line 31, in <module>\n    from app.agents.supervisor_consolidated import SupervisorAgent as BaseSupervisorAgent\nImportError: cannot import name 'SupervisorAgent' from partially initialized module 'app.agents.supervisor_consolidated' (most likely due to a circular import) (C:\\Users\\antho\\OneDrive\\Desktop\\Netra\\netra-core-generation-1\\app\\agents\\supervisor_consolidated.py)\n\nThe above exception was the direct cause of the following exception:\n\nTraceback (most recent call last):\n  File \"C:\\Users\\antho\\miniconda3\\Lib\\site-packages\\execnet\\gateway_base.py\", line 1291, in executetask\n    exec(co, loc)\n  File \"C:\\Users\\antho\\miniconda3\\Lib\\site-packages\\xdist\\remote.py\", line 420, in <module>\n    config = _prepareconfig(args, None)\n             ^^^^^^^^^^^^^^^^^^^^^^^^^^\n  File \"C:\\Users\\antho\\miniconda3\\Lib\\site-packages\\_pytest\\config\\__init__.py\", line 342, in _prepareconfig\n    config = pluginmanager.hook.pytest_cmdline_parse(\n             ^^^^^^^^^^^^^^^^^^^^^^^^^^^^^^^^^^^^^^^^\n  File \"C:\\Users\\antho\\miniconda3\\Lib\\site-packages\\pluggy\\_hooks.py\", line 512, in __call__\n    return self._hookexec(self.name, self._hookimpls.copy(), kwargs, firstresult)\n           ^^^^^^^^^^^^^^^^^^^^^^^^^^^^^^^^^^^^^^^^^^^^^^^^^^^^^^^^^^^^^^^^^^^^^^\n  File \"C:\\Users\\antho\\miniconda3\\Lib\\site-packages\\pluggy\\_manager.py\", line 120, in _hookexec\n    return self._inner_hookexec(hook_name, methods, kwargs, firstresult)\n           ^^^^^^^^^^^^^^^^^^^^^^^^^^^^^^^^^^^^^^^^^^^^^^^^^^^^^^^^^^^^^\n  File \"C:\\Users\\antho\\miniconda3\\Lib\\site-packages\\pluggy\\_callers.py\", line 167, in _multicall\n    raise exception\n  File \"C:\\Users\\antho\\miniconda3\\Lib\\site-packages\\pluggy\\_callers.py\", line 139, in _multicall\n    teardown.throw(exception)\n  File \"C:\\Users\\antho\\miniconda3\\Lib\\site-packages\\_pytest\\helpconfig.py\", line 112, in pytest_cmdline_parse\n    config = yield\n             ^^^^^\n  File \"C:\\Users\\antho\\miniconda3\\Lib\\site-packages\\pluggy\\_callers.py\", line 121, in _multicall\n    res = hook_impl.function(*args)\n          ^^^^^^^^^^^^^^^^^^^^^^^^^\n  File \"C:\\Users\\antho\\miniconda3\\Lib\\site-packages\\_pytest\\config\\__init__.py\", line 1146, in pytest_cmdline_parse\n    self.parse(args)\n  File \"C:\\Users\\antho\\miniconda3\\Lib\\site-packages\\_pytest\\config\\__init__.py\", line 1527, in parse\n    self._preparse(args, addopts=addopts)\n  File \"C:\\Users\\antho\\miniconda3\\Lib\\site-packages\\_pytest\\config\\__init__.py\", line 1431, in _preparse\n    self.hook.pytest_load_initial_conftests(\n  File \"C:\\Users\\antho\\miniconda3\\Lib\\site-packages\\pluggy\\_hooks.py\", line 512, in __call__\n    return self._hookexec(self.name, self._hookimpls.copy(), kwargs, firstresult)\n           ^^^^^^^^^^^^^^^^^^^^^^^^^^^^^^^^^^^^^^^^^^^^^^^^^^^^^^^^^^^^^^^^^^^^^^\n  File \"C:\\Users\\antho\\miniconda3\\Lib\\site-packages\\pluggy\\_manager.py\", line 120, in _hookexec\n    return self._inner_hookexec(hook_name, methods, kwargs, firstresult)\n           ^^^^^^^^^^^^^^^^^^^^^^^^^^^^^^^^^^^^^^^^^^^^^^^^^^^^^^^^^^^^^\n  File \"C:\\Users\\antho\\miniconda3\\Lib\\site-packages\\pluggy\\_callers.py\", line 167, in _multicall\n    raise exception\n  File \"C:\\Users\\antho\\miniconda3\\Lib\\site-packages\\pluggy\\_callers.py\", line 139, in _multicall\n    teardown.throw(exception)\n  File \"C:\\Users\\antho\\miniconda3\\Lib\\site-packages\\_pytest\\capture.py\", line 173, in pytest_load_initial_conftests\n    yield\n  File \"C:\\Users\\antho\\miniconda3\\Lib\\site-packages\\pluggy\\_callers.py\", line 121, in _multicall\n    res = hook_impl.function(*args)\n          ^^^^^^^^^^^^^^^^^^^^^^^^^\n  File \"C:\\Users\\antho\\miniconda3\\Lib\\site-packages\\_pytest\\config\\__init__.py\", line 1228, in pytest_load_initial_conftests\n    self.pluginmanager._set_initial_conftests(\n  File \"C:\\Users\\antho\\miniconda3\\Lib\\site-packages\\_pytest\\config\\__init__.py\", line 583, in _set_initial_conftests\n    self._try_load_conftest(\n  File \"C:\\Users\\antho\\miniconda3\\Lib\\site-packages\\_pytest\\config\\__init__.py\", line 621, in _try_load_conftest\n    self._loadconftestmodules(\n  File \"C:\\Users\\antho\\miniconda3\\Lib\\site-packages\\_pytest\\config\\__init__.py\", line 661, in _loadconftestmodules\n    mod = self._importconftest(\n          ^^^^^^^^^^^^^^^^^^^^^\n  File \"C:\\Users\\antho\\miniconda3\\Lib\\site-packages\\_pytest\\config\\__init__.py\", line 720, in _importconftest\n    raise ConftestImportFailure(conftestpath, cause=e) from e\n_pytest.config.ConftestImportFailure: ImportError: cannot import name 'SupervisorAgent' from partially initialized module 'app.agents.supervisor_consolidated' (most likely due to a circular import) (C:\\Users\\antho\\OneDrive\\Desktop\\Netra\\netra-core-generation-1\\app\\agents\\supervisor_consolidated.py) (from C:\\Users\\antho\\OneDrive\\Desktop\\Netra\\netra-core-generation-1\\app\\tests\\conftest.py)\n\n\nreplacing crashed worker gw21\n[gw23] node down: Traceback (most recent call last):\n  File \"C:\\Users\\antho\\miniconda3\\Lib\\site-packages\\_pytest\\config\\__init__.py\", line 712, in _importconftest\n    mod = import_path(\n          ^^^^^^^^^^^^\n  File \"C:\\Users\\antho\\miniconda3\\Lib\\site-packages\\_pytest\\pathlib.py\", line 587, in import_path\n    importlib.import_module(module_name)\n  File \"C:\\Users\\antho\\miniconda3\\Lib\\importlib\\__init__.py\", line 90, in import_module\n    return _bootstrap._gcd_import(name[level:], package, level)\n           ^^^^^^^^^^^^^^^^^^^^^^^^^^^^^^^^^^^^^^^^^^^^^^^^^^^^\n  File \"<frozen importlib._bootstrap>\", line 1387, in _gcd_import\n  File \"<frozen importlib._bootstrap>\", line 1360, in _find_and_load\n  File \"<frozen importlib._bootstrap>\", line 1331, in _find_and_load_unlocked\n  File \"<frozen importlib._bootstrap>\", line 935, in _load_unlocked\n  File \"C:\\Users\\antho\\miniconda3\\Lib\\site-packages\\_pytest\\assertion\\rewrite.py\", line 186, in exec_module\n    exec(co, module.__dict__)\n  File \"C:\\Users\\antho\\OneDrive\\Desktop\\Netra\\netra-core-generation-1\\app\\tests\\conftest.py\", line 52, in <module>\n    from app.main import app\n  File \"C:\\Users\\antho\\OneDrive\\Desktop\\Netra\\netra-core-generation-1\\app\\main.py\", line 46, in <module>\n    from app.agents.supervisor_consolidated import SupervisorAgent as Supervisor\n  File \"C:\\Users\\antho\\OneDrive\\Desktop\\Netra\\netra-core-generation-1\\app\\agents\\supervisor_consolidated.py\", line 21, in <module>\n    from app.agents.supervisor.execution_context import (\n  File \"C:\\Users\\antho\\OneDrive\\Desktop\\Netra\\netra-core-generation-1\\app\\agents\\supervisor.py\", line 31, in <module>\n    from app.agents.supervisor_consolidated import SupervisorAgent as BaseSupervisorAgent\nImportError: cannot import name 'SupervisorAgent' from partially initialized module 'app.agents.supervisor_consolidated' (most likely due to a circular import) (C:\\Users\\antho\\OneDrive\\Desktop\\Netra\\netra-core-generation-1\\app\\agents\\supervisor_consolidated.py)\n\nThe above exception was the direct cause of the following exception:\n\nTraceback (most recent call last):\n  File \"C:\\Users\\antho\\miniconda3\\Lib\\site-packages\\execnet\\gateway_base.py\", line 1291, in executetask\n    exec(co, loc)\n  File \"C:\\Users\\antho\\miniconda3\\Lib\\site-packages\\xdist\\remote.py\", line 420, in <module>\n    config = _prepareconfig(args, None)\n             ^^^^^^^^^^^^^^^^^^^^^^^^^^\n  File \"C:\\Users\\antho\\miniconda3\\Lib\\site-packages\\_pytest\\config\\__init__.py\", line 342, in _prepareconfig\n    config = pluginmanager.hook.pytest_cmdline_parse(\n             ^^^^^^^^^^^^^^^^^^^^^^^^^^^^^^^^^^^^^^^^\n  File \"C:\\Users\\antho\\miniconda3\\Lib\\site-packages\\pluggy\\_hooks.py\", line 512, in __call__\n    return self._hookexec(self.name, self._hookimpls.copy(), kwargs, firstresult)\n           ^^^^^^^^^^^^^^^^^^^^^^^^^^^^^^^^^^^^^^^^^^^^^^^^^^^^^^^^^^^^^^^^^^^^^^\n  File \"C:\\Users\\antho\\miniconda3\\Lib\\site-packages\\pluggy\\_manager.py\", line 120, in _hookexec\n    return self._inner_hookexec(hook_name, methods, kwargs, firstresult)\n           ^^^^^^^^^^^^^^^^^^^^^^^^^^^^^^^^^^^^^^^^^^^^^^^^^^^^^^^^^^^^^\n  File \"C:\\Users\\antho\\miniconda3\\Lib\\site-packages\\pluggy\\_callers.py\", line 167, in _multicall\n    raise exception\n  File \"C:\\Users\\antho\\miniconda3\\Lib\\site-packages\\pluggy\\_callers.py\", line 139, in _multicall\n    teardown.throw(exception)\n  File \"C:\\Users\\antho\\miniconda3\\Lib\\site-packages\\_pytest\\helpconfig.py\", line 112, in pytest_cmdline_parse\n    config = yield\n             ^^^^^\n  File \"C:\\Users\\antho\\miniconda3\\Lib\\site-packages\\pluggy\\_callers.py\", line 121, in _multicall\n    res = hook_impl.function(*args)\n          ^^^^^^^^^^^^^^^^^^^^^^^^^\n  File \"C:\\Users\\antho\\miniconda3\\Lib\\site-packages\\_pytest\\config\\__init__.py\", line 1146, in pytest_cmdline_parse\n    self.parse(args)\n  File \"C:\\Users\\antho\\miniconda3\\Lib\\site-packages\\_pytest\\config\\__init__.py\", line 1527, in parse\n    self._preparse(args, addopts=addopts)\n  File \"C:\\Users\\antho\\miniconda3\\Lib\\site-packages\\_pytest\\config\\__init__.py\", line 1431, in _preparse\n    self.hook.pytest_load_initial_conftests(\n  File \"C:\\Users\\antho\\miniconda3\\Lib\\site-packages\\pluggy\\_hooks.py\", line 512, in __call__\n    return self._hookexec(self.name, self._hookimpls.copy(), kwargs, firstresult)\n           ^^^^^^^^^^^^^^^^^^^^^^^^^^^^^^^^^^^^^^^^^^^^^^^^^^^^^^^^^^^^^^^^^^^^^^\n  File \"C:\\Users\\antho\\miniconda3\\Lib\\site-packages\\pluggy\\_manager.py\", line 120, in _hookexec\n    return self._inner_hookexec(hook_name, methods, kwargs, firstresult)\n           ^^^^^^^^^^^^^^^^^^^^^^^^^^^^^^^^^^^^^^^^^^^^^^^^^^^^^^^^^^^^^\n  File \"C:\\Users\\antho\\miniconda3\\Lib\\site-packages\\pluggy\\_callers.py\", line 167, in _multicall\n    raise exception\n  File \"C:\\Users\\antho\\miniconda3\\Lib\\site-packages\\pluggy\\_callers.py\", line 139, in _multicall\n    teardown.throw(exception)\n  File \"C:\\Users\\antho\\miniconda3\\Lib\\site-packages\\_pytest\\capture.py\", line 173, in pytest_load_initial_conftests\n    yield\n  File \"C:\\Users\\antho\\miniconda3\\Lib\\site-packages\\pluggy\\_callers.py\", line 121, in _multicall\n    res = hook_impl.function(*args)\n          ^^^^^^^^^^^^^^^^^^^^^^^^^\n  File \"C:\\Users\\antho\\miniconda3\\Lib\\site-packages\\_pytest\\config\\__init__.py\", line 1228, in pytest_load_initial_conftests\n    self.pluginmanager._set_initial_conftests(\n  File \"C:\\Users\\antho\\miniconda3\\Lib\\site-packages\\_pytest\\config\\__init__.py\", line 583, in _set_initial_conftests\n    self._try_load_conftest(\n  File \"C:\\Users\\antho\\miniconda3\\Lib\\site-packages\\_pytest\\config\\__init__.py\", line 621, in _try_load_conftest\n    self._loadconftestmodules(\n  File \"C:\\Users\\antho\\miniconda3\\Lib\\site-packages\\_pytest\\config\\__init__.py\", line 661, in _loadconftestmodules\n    mod = self._importconftest(\n          ^^^^^^^^^^^^^^^^^^^^^\n  File \"C:\\Users\\antho\\miniconda3\\Lib\\site-packages\\_pytest\\config\\__init__.py\", line 720, in _importconftest\n    raise ConftestImportFailure(conftestpath, cause=e) from e\n_pytest.config.ConftestImportFailure: ImportError: cannot import name 'SupervisorAgent' from partially initialized module 'app.agents.supervisor_consolidated' (most likely due to a circular import) (C:\\Users\\antho\\OneDrive\\Desktop\\Netra\\netra-core-generation-1\\app\\agents\\supervisor_consolidated.py) (from C:\\Users\\antho\\OneDrive\\Desktop\\Netra\\netra-core-generation-1\\app\\tests\\conftest.py)\n\n\nreplacing crashed worker gw23\n[gw22] node down: Traceback (most recent call last):\n  File \"C:\\Users\\antho\\miniconda3\\Lib\\site-packages\\_pytest\\config\\__init__.py\", line 712, in _importconftest\n    mod = import_path(\n          ^^^^^^^^^^^^\n  File \"C:\\Users\\antho\\miniconda3\\Lib\\site-packages\\_pytest\\pathlib.py\", line 587, in import_path\n    importlib.import_module(module_name)\n  File \"C:\\Users\\antho\\miniconda3\\Lib\\importlib\\__init__.py\", line 90, in import_module\n    return _bootstrap._gcd_import(name[level:], package, level)\n           ^^^^^^^^^^^^^^^^^^^^^^^^^^^^^^^^^^^^^^^^^^^^^^^^^^^^\n  File \"<frozen importlib._bootstrap>\", line 1387, in _gcd_import\n  File \"<frozen importlib._bootstrap>\", line 1360, in _find_and_load\n  File \"<frozen importlib._bootstrap>\", line 1331, in _find_and_load_unlocked\n  File \"<frozen importlib._bootstrap>\", line 935, in _load_unlocked\n  File \"C:\\Users\\antho\\miniconda3\\Lib\\site-packages\\_pytest\\assertion\\rewrite.py\", line 186, in exec_module\n    exec(co, module.__dict__)\n  File \"C:\\Users\\antho\\OneDrive\\Desktop\\Netra\\netra-core-generation-1\\app\\tests\\conftest.py\", line 52, in <module>\n    from app.main import app\n  File \"C:\\Users\\antho\\OneDrive\\Desktop\\Netra\\netra-core-generation-1\\app\\main.py\", line 46, in <module>\n    from app.agents.supervisor_consolidated import SupervisorAgent as Supervisor\n  File \"C:\\Users\\antho\\OneDrive\\Desktop\\Netra\\netra-core-generation-1\\app\\agents\\supervisor_consolidated.py\", line 21, in <module>\n    from app.agents.supervisor.execution_context import (\n  File \"C:\\Users\\antho\\OneDrive\\Desktop\\Netra\\netra-core-generation-1\\app\\agents\\supervisor.py\", line 31, in <module>\n    from app.agents.supervisor_consolidated import SupervisorAgent as BaseSupervisorAgent\nImportError: cannot import name 'SupervisorAgent' from partially initialized module 'app.agents.supervisor_consolidated' (most likely due to a circular import) (C:\\Users\\antho\\OneDrive\\Desktop\\Netra\\netra-core-generation-1\\app\\agents\\supervisor_consolidated.py)\n\nThe above exception was the direct cause of the following exception:\n\nTraceback (most recent call last):\n  File \"C:\\Users\\antho\\miniconda3\\Lib\\site-packages\\execnet\\gateway_base.py\", line 1291, in executetask\n    exec(co, loc)\n  File \"C:\\Users\\antho\\miniconda3\\Lib\\site-packages\\xdist\\remote.py\", line 420, in <module>\n    config = _prepareconfig(args, None)\n             ^^^^^^^^^^^^^^^^^^^^^^^^^^\n  File \"C:\\Users\\antho\\miniconda3\\Lib\\site-packages\\_pytest\\config\\__init__.py\", line 342, in _prepareconfig\n    config = pluginmanager.hook.pytest_cmdline_parse(\n             ^^^^^^^^^^^^^^^^^^^^^^^^^^^^^^^^^^^^^^^^\n  File \"C:\\Users\\antho\\miniconda3\\Lib\\site-packages\\pluggy\\_hooks.py\", line 512, in __call__\n    return self._hookexec(self.name, self._hookimpls.copy(), kwargs, firstresult)\n           ^^^^^^^^^^^^^^^^^^^^^^^^^^^^^^^^^^^^^^^^^^^^^^^^^^^^^^^^^^^^^^^^^^^^^^\n  File \"C:\\Users\\antho\\miniconda3\\Lib\\site-packages\\pluggy\\_manager.py\", line 120, in _hookexec\n    return self._inner_hookexec(hook_name, methods, kwargs, firstresult)\n           ^^^^^^^^^^^^^^^^^^^^^^^^^^^^^^^^^^^^^^^^^^^^^^^^^^^^^^^^^^^^^\n  File \"C:\\Users\\antho\\miniconda3\\Lib\\site-packages\\pluggy\\_callers.py\", line 167, in _multicall\n    raise exception\n  File \"C:\\Users\\antho\\miniconda3\\Lib\\site-packages\\pluggy\\_callers.py\", line 139, in _multicall\n    teardown.throw(exception)\n  File \"C:\\Users\\antho\\miniconda3\\Lib\\site-packages\\_pytest\\helpconfig.py\", line 112, in pytest_cmdline_parse\n    config = yield\n             ^^^^^\n  File \"C:\\Users\\antho\\miniconda3\\Lib\\site-packages\\pluggy\\_callers.py\", line 121, in _multicall\n    res = hook_impl.function(*args)\n          ^^^^^^^^^^^^^^^^^^^^^^^^^\n  File \"C:\\Users\\antho\\miniconda3\\Lib\\site-packages\\_pytest\\config\\__init__.py\", line 1146, in pytest_cmdline_parse\n    self.parse(args)\n  File \"C:\\Users\\antho\\miniconda3\\Lib\\site-packages\\_pytest\\config\\__init__.py\", line 1527, in parse\n    self._preparse(args, addopts=addopts)\n  File \"C:\\Users\\antho\\miniconda3\\Lib\\site-packages\\_pytest\\config\\__init__.py\", line 1431, in _preparse\n    self.hook.pytest_load_initial_conftests(\n  File \"C:\\Users\\antho\\miniconda3\\Lib\\site-packages\\pluggy\\_hooks.py\", line 512, in __call__\n    return self._hookexec(self.name, self._hookimpls.copy(), kwargs, firstresult)\n           ^^^^^^^^^^^^^^^^^^^^^^^^^^^^^^^^^^^^^^^^^^^^^^^^^^^^^^^^^^^^^^^^^^^^^^\n  File \"C:\\Users\\antho\\miniconda3\\Lib\\site-packages\\pluggy\\_manager.py\", line 120, in _hookexec\n    return self._inner_hookexec(hook_name, methods, kwargs, firstresult)\n           ^^^^^^^^^^^^^^^^^^^^^^^^^^^^^^^^^^^^^^^^^^^^^^^^^^^^^^^^^^^^^\n  File \"C:\\Users\\antho\\miniconda3\\Lib\\site-packages\\pluggy\\_callers.py\", line 167, in _multicall\n    raise exception\n  File \"C:\\Users\\antho\\miniconda3\\Lib\\site-packages\\pluggy\\_callers.py\", line 139, in _multicall\n    teardown.throw(exception)\n  File \"C:\\Users\\antho\\miniconda3\\Lib\\site-packages\\_pytest\\capture.py\", line 173, in pytest_load_initial_conftests\n    yield\n  File \"C:\\Users\\antho\\miniconda3\\Lib\\site-packages\\pluggy\\_callers.py\", line 121, in _multicall\n    res = hook_impl.function(*args)\n          ^^^^^^^^^^^^^^^^^^^^^^^^^\n  File \"C:\\Users\\antho\\miniconda3\\Lib\\site-packages\\_pytest\\config\\__init__.py\", line 1228, in pytest_load_initial_conftests\n    self.pluginmanager._set_initial_conftests(\n  File \"C:\\Users\\antho\\miniconda3\\Lib\\site-packages\\_pytest\\config\\__init__.py\", line 583, in _set_initial_conftests\n    self._try_load_conftest(\n  File \"C:\\Users\\antho\\miniconda3\\Lib\\site-packages\\_pytest\\config\\__init__.py\", line 621, in _try_load_conftest\n    self._loadconftestmodules(\n  File \"C:\\Users\\antho\\miniconda3\\Lib\\site-packages\\_pytest\\config\\__init__.py\", line 661, in _loadconftestmodules\n    mod = self._importconftest(\n          ^^^^^^^^^^^^^^^^^^^^^\n  File \"C:\\Users\\antho\\miniconda3\\Lib\\site-packages\\_pytest\\config\\__init__.py\", line 720, in _importconftest\n    raise ConftestImportFailure(conftestpath, cause=e) from e\n_pytest.config.ConftestImportFailure: ImportError: cannot import name 'SupervisorAgent' from partially initialized module 'app.agents.supervisor_consolidated' (most likely due to a circular import) (C:\\Users\\antho\\OneDrive\\Desktop\\Netra\\netra-core-generation-1\\app\\agents\\supervisor_consolidated.py) (from C:\\Users\\antho\\OneDrive\\Desktop\\Netra\\netra-core-generation-1\\app\\tests\\conftest.py)\n\n\nreplacing crashed worker gw22\n[gw24] node down: Traceback (most recent call last):\n  File \"C:\\Users\\antho\\miniconda3\\Lib\\site-packages\\_pytest\\config\\__init__.py\", line 712, in _importconftest\n    mod = import_path(\n          ^^^^^^^^^^^^\n  File \"C:\\Users\\antho\\miniconda3\\Lib\\site-packages\\_pytest\\pathlib.py\", line 587, in import_path\n    importlib.import_module(module_name)\n  File \"C:\\Users\\antho\\miniconda3\\Lib\\importlib\\__init__.py\", line 90, in import_module\n    return _bootstrap._gcd_import(name[level:], package, level)\n           ^^^^^^^^^^^^^^^^^^^^^^^^^^^^^^^^^^^^^^^^^^^^^^^^^^^^\n  File \"<frozen importlib._bootstrap>\", line 1387, in _gcd_import\n  File \"<frozen importlib._bootstrap>\", line 1360, in _find_and_load\n  File \"<frozen importlib._bootstrap>\", line 1331, in _find_and_load_unlocked\n  File \"<frozen importlib._bootstrap>\", line 935, in _load_unlocked\n  File \"C:\\Users\\antho\\miniconda3\\Lib\\site-packages\\_pytest\\assertion\\rewrite.py\", line 186, in exec_module\n    exec(co, module.__dict__)\n  File \"C:\\Users\\antho\\OneDrive\\Desktop\\Netra\\netra-core-generation-1\\app\\tests\\conftest.py\", line 52, in <module>\n    from app.main import app\n  File \"C:\\Users\\antho\\OneDrive\\Desktop\\Netra\\netra-core-generation-1\\app\\main.py\", line 46, in <module>\n    from app.agents.supervisor_consolidated import SupervisorAgent as Supervisor\n  File \"C:\\Users\\antho\\OneDrive\\Desktop\\Netra\\netra-core-generation-1\\app\\agents\\supervisor_consolidated.py\", line 21, in <module>\n    from app.agents.supervisor.execution_context import (\n  File \"C:\\Users\\antho\\OneDrive\\Desktop\\Netra\\netra-core-generation-1\\app\\agents\\supervisor.py\", line 32, in <module>\n    from app.agents.quality_supervisor import QualityEnhancedSupervisor\n  File \"C:\\Users\\antho\\OneDrive\\Desktop\\Netra\\netra-core-generation-1\\app\\agents\\quality_supervisor.py\", line 22, in <module>\n    from app.agents.supervisor_consolidated import SupervisorAgent, AgentExecutionContext\nImportError: cannot import name 'SupervisorAgent' from partially initialized module 'app.agents.supervisor_consolidated' (most likely due to a circular import) (C:\\Users\\antho\\OneDrive\\Desktop\\Netra\\netra-core-generation-1\\app\\agents\\supervisor_consolidated.py)\n\nThe above exception was the direct cause of the following exception:\n\nTraceback (most recent call last):\n  File \"C:\\Users\\antho\\miniconda3\\Lib\\site-packages\\execnet\\gateway_base.py\", line 1291, in executetask\n    exec(co, loc)\n  File \"C:\\Users\\antho\\miniconda3\\Lib\\site-packages\\xdist\\remote.py\", line 420, in <module>\n    config = _prepareconfig(args, None)\n             ^^^^^^^^^^^^^^^^^^^^^^^^^^\n  File \"C:\\Users\\antho\\miniconda3\\Lib\\site-packages\\_pytest\\config\\__init__.py\", line 342, in _prepareconfig\n    config = pluginmanager.hook.pytest_cmdline_parse(\n             ^^^^^^^^^^^^^^^^^^^^^^^^^^^^^^^^^^^^^^^^\n  File \"C:\\Users\\antho\\miniconda3\\Lib\\site-packages\\pluggy\\_hooks.py\", line 512, in __call__\n    return self._hookexec(self.name, self._hookimpls.copy(), kwargs, firstresult)\n           ^^^^^^^^^^^^^^^^^^^^^^^^^^^^^^^^^^^^^^^^^^^^^^^^^^^^^^^^^^^^^^^^^^^^^^\n  File \"C:\\Users\\antho\\miniconda3\\Lib\\site-packages\\pluggy\\_manager.py\", line 120, in _hookexec\n    return self._inner_hookexec(hook_name, methods, kwargs, firstresult)\n           ^^^^^^^^^^^^^^^^^^^^^^^^^^^^^^^^^^^^^^^^^^^^^^^^^^^^^^^^^^^^^\n  File \"C:\\Users\\antho\\miniconda3\\Lib\\site-packages\\pluggy\\_callers.py\", line 167, in _multicall\n    raise exception\n  File \"C:\\Users\\antho\\miniconda3\\Lib\\site-packages\\pluggy\\_callers.py\", line 139, in _multicall\n    teardown.throw(exception)\n  File \"C:\\Users\\antho\\miniconda3\\Lib\\site-packages\\_pytest\\helpconfig.py\", line 112, in pytest_cmdline_parse\n    config = yield\n             ^^^^^\n  File \"C:\\Users\\antho\\miniconda3\\Lib\\site-packages\\pluggy\\_callers.py\", line 121, in _multicall\n    res = hook_impl.function(*args)\n          ^^^^^^^^^^^^^^^^^^^^^^^^^\n  File \"C:\\Users\\antho\\miniconda3\\Lib\\site-packages\\_pytest\\config\\__init__.py\", line 1146, in pytest_cmdline_parse\n    self.parse(args)\n  File \"C:\\Users\\antho\\miniconda3\\Lib\\site-packages\\_pytest\\config\\__init__.py\", line 1527, in parse\n    self._preparse(args, addopts=addopts)\n  File \"C:\\Users\\antho\\miniconda3\\Lib\\site-packages\\_pytest\\config\\__init__.py\", line 1431, in _preparse\n    self.hook.pytest_load_initial_conftests(\n  File \"C:\\Users\\antho\\miniconda3\\Lib\\site-packages\\pluggy\\_hooks.py\", line 512, in __call__\n    return self._hookexec(self.name, self._hookimpls.copy(), kwargs, firstresult)\n           ^^^^^^^^^^^^^^^^^^^^^^^^^^^^^^^^^^^^^^^^^^^^^^^^^^^^^^^^^^^^^^^^^^^^^^\n  File \"C:\\Users\\antho\\miniconda3\\Lib\\site-packages\\pluggy\\_manager.py\", line 120, in _hookexec\n    return self._inner_hookexec(hook_name, methods, kwargs, firstresult)\n           ^^^^^^^^^^^^^^^^^^^^^^^^^^^^^^^^^^^^^^^^^^^^^^^^^^^^^^^^^^^^^\n  File \"C:\\Users\\antho\\miniconda3\\Lib\\site-packages\\pluggy\\_callers.py\", line 167, in _multicall\n    raise exception\n  File \"C:\\Users\\antho\\miniconda3\\Lib\\site-packages\\pluggy\\_callers.py\", line 139, in _multicall\n    teardown.throw(exception)\n  File \"C:\\Users\\antho\\miniconda3\\Lib\\site-packages\\_pytest\\capture.py\", line 173, in pytest_load_initial_conftests\n    yield\n  File \"C:\\Users\\antho\\miniconda3\\Lib\\site-packages\\pluggy\\_callers.py\", line 121, in _multicall\n    res = hook_impl.function(*args)\n          ^^^^^^^^^^^^^^^^^^^^^^^^^\n  File \"C:\\Users\\antho\\miniconda3\\Lib\\site-packages\\_pytest\\config\\__init__.py\", line 1228, in pytest_load_initial_conftests\n    self.pluginmanager._set_initial_conftests(\n  File \"C:\\Users\\antho\\miniconda3\\Lib\\site-packages\\_pytest\\config\\__init__.py\", line 583, in _set_initial_conftests\n    self._try_load_conftest(\n  File \"C:\\Users\\antho\\miniconda3\\Lib\\site-packages\\_pytest\\config\\__init__.py\", line 621, in _try_load_conftest\n    self._loadconftestmodules(\n  File \"C:\\Users\\antho\\miniconda3\\Lib\\site-packages\\_pytest\\config\\__init__.py\", line 661, in _loadconftestmodules\n    mod = self._importconftest(\n          ^^^^^^^^^^^^^^^^^^^^^\n  File \"C:\\Users\\antho\\miniconda3\\Lib\\site-packages\\_pytest\\config\\__init__.py\", line 720, in _importconftest\n    raise ConftestImportFailure(conftestpath, cause=e) from e\n_pytest.config.ConftestImportFailure: ImportError: cannot import name 'SupervisorAgent' from partially initialized module 'app.agents.supervisor_consolidated' (most likely due to a circular import) (C:\\Users\\antho\\OneDrive\\Desktop\\Netra\\netra-core-generation-1\\app\\agents\\supervisor_consolidated.py) (from C:\\Users\\antho\\OneDrive\\Desktop\\Netra\\netra-core-generation-1\\app\\tests\\conftest.py)\n\n\nmaximum crashed workers reached: 24\n[gw25] node down: Traceback (most recent call last):\n  File \"C:\\Users\\antho\\miniconda3\\Lib\\site-packages\\_pytest\\config\\__init__.py\", line 712, in _importconftest\n    mod = import_path(\n          ^^^^^^^^^^^^\n  File \"C:\\Users\\antho\\miniconda3\\Lib\\site-packages\\_pytest\\pathlib.py\", line 587, in import_path\n    importlib.import_module(module_name)\n  File \"C:\\Users\\antho\\miniconda3\\Lib\\importlib\\__init__.py\", line 90, in import_module\n    return _bootstrap._gcd_import(name[level:], package, level)\n           ^^^^^^^^^^^^^^^^^^^^^^^^^^^^^^^^^^^^^^^^^^^^^^^^^^^^\n  File \"<frozen importlib._bootstrap>\", line 1387, in _gcd_import\n  File \"<frozen importlib._bootstrap>\", line 1360, in _find_and_load\n  File \"<frozen importlib._bootstrap>\", line 1331, in _find_and_load_unlocked\n  File \"<frozen importlib._bootstrap>\", line 935, in _load_unlocked\n  File \"C:\\Users\\antho\\miniconda3\\Lib\\site-packages\\_pytest\\assertion\\rewrite.py\", line 186, in exec_module\n    exec(co, module.__dict__)\n  File \"C:\\Users\\antho\\OneDrive\\Desktop\\Netra\\netra-core-generation-1\\app\\tests\\conftest.py\", line 52, in <module>\n    from app.main import app\n  File \"C:\\Users\\antho\\OneDrive\\Desktop\\Netra\\netra-core-generation-1\\app\\main.py\", line 46, in <module>\n    from app.agents.supervisor_consolidated import SupervisorAgent as Supervisor\n  File \"C:\\Users\\antho\\OneDrive\\Desktop\\Netra\\netra-core-generation-1\\app\\agents\\supervisor_consolidated.py\", line 21, in <module>\n    from app.agents.supervisor.execution_context import (\n  File \"C:\\Users\\antho\\OneDrive\\Desktop\\Netra\\netra-core-generation-1\\app\\agents\\supervisor.py\", line 32, in <module>\n    from app.agents.quality_supervisor import QualityEnhancedSupervisor\n  File \"C:\\Users\\antho\\OneDrive\\Desktop\\Netra\\netra-core-generation-1\\app\\agents\\quality_supervisor.py\", line 22, in <module>\n    from app.agents.supervisor_consolidated import SupervisorAgent, AgentExecutionContext\nImportError: cannot import name 'SupervisorAgent' from partially initialized module 'app.agents.supervisor_consolidated' (most likely due to a circular import) (C:\\Users\\antho\\OneDrive\\Desktop\\Netra\\netra-core-generation-1\\app\\agents\\supervisor_consolidated.py)\n\nThe above exception was the direct cause of the following exception:\n\nTraceback (most recent call last):\n  File \"C:\\Users\\antho\\miniconda3\\Lib\\site-packages\\execnet\\gateway_base.py\", line 1291, in executetask\n    exec(co, loc)\n  File \"C:\\Users\\antho\\miniconda3\\Lib\\site-packages\\xdist\\remote.py\", line 420, in <module>\n    config = _prepareconfig(args, None)\n             ^^^^^^^^^^^^^^^^^^^^^^^^^^\n  File \"C:\\Users\\antho\\miniconda3\\Lib\\site-packages\\_pytest\\config\\__init__.py\", line 342, in _prepareconfig\n    config = pluginmanager.hook.pytest_cmdline_parse(\n             ^^^^^^^^^^^^^^^^^^^^^^^^^^^^^^^^^^^^^^^^\n  File \"C:\\Users\\antho\\miniconda3\\Lib\\site-packages\\pluggy\\_hooks.py\", line 512, in __call__\n    return self._hookexec(self.name, self._hookimpls.copy(), kwargs, firstresult)\n           ^^^^^^^^^^^^^^^^^^^^^^^^^^^^^^^^^^^^^^^^^^^^^^^^^^^^^^^^^^^^^^^^^^^^^^\n  File \"C:\\Users\\antho\\miniconda3\\Lib\\site-packages\\pluggy\\_manager.py\", line 120, in _hookexec\n    return self._inner_hookexec(hook_name, methods, kwargs, firstresult)\n           ^^^^^^^^^^^^^^^^^^^^^^^^^^^^^^^^^^^^^^^^^^^^^^^^^^^^^^^^^^^^^\n  File \"C:\\Users\\antho\\miniconda3\\Lib\\site-packages\\pluggy\\_callers.py\", line 167, in _multicall\n    raise exception\n  File \"C:\\Users\\antho\\miniconda3\\Lib\\site-packages\\pluggy\\_callers.py\", line 139, in _multicall\n    teardown.throw(exception)\n  File \"C:\\Users\\antho\\miniconda3\\Lib\\site-packages\\_pytest\\helpconfig.py\", line 112, in pytest_cmdline_parse\n    config = yield\n             ^^^^^\n  File \"C:\\Users\\antho\\miniconda3\\Lib\\site-packages\\pluggy\\_callers.py\", line 121, in _multicall\n    res = hook_impl.function(*args)\n          ^^^^^^^^^^^^^^^^^^^^^^^^^\n  File \"C:\\Users\\antho\\miniconda3\\Lib\\site-packages\\_pytest\\config\\__init__.py\", line 1146, in pytest_cmdline_parse\n    self.parse(args)\n  File \"C:\\Users\\antho\\miniconda3\\Lib\\site-packages\\_pytest\\config\\__init__.py\", line 1527, in parse\n    self._preparse(args, addopts=addopts)\n  File \"C:\\Users\\antho\\miniconda3\\Lib\\site-packages\\_pytest\\config\\__init__.py\", line 1431, in _preparse\n    self.hook.pytest_load_initial_conftests(\n  File \"C:\\Users\\antho\\miniconda3\\Lib\\site-packages\\pluggy\\_hooks.py\", line 512, in __call__\n    return self._hookexec(self.name, self._hookimpls.copy(), kwargs, firstresult)\n           ^^^^^^^^^^^^^^^^^^^^^^^^^^^^^^^^^^^^^^^^^^^^^^^^^^^^^^^^^^^^^^^^^^^^^^\n  File \"C:\\Users\\antho\\miniconda3\\Lib\\site-packages\\pluggy\\_manager.py\", line 120, in _hookexec\n    return self._inner_hookexec(hook_name, methods, kwargs, firstresult)\n           ^^^^^^^^^^^^^^^^^^^^^^^^^^^^^^^^^^^^^^^^^^^^^^^^^^^^^^^^^^^^^\n  File \"C:\\Users\\antho\\miniconda3\\Lib\\site-packages\\pluggy\\_callers.py\", line 167, in _multicall\n    raise exception\n  File \"C:\\Users\\antho\\miniconda3\\Lib\\site-packages\\pluggy\\_callers.py\", line 139, in _multicall\n    teardown.throw(exception)\n  File \"C:\\Users\\antho\\miniconda3\\Lib\\site-packages\\_pytest\\capture.py\", line 173, in pytest_load_initial_conftests\n    yield\n  File \"C:\\Users\\antho\\miniconda3\\Lib\\site-packages\\pluggy\\_callers.py\", line 121, in _multicall\n    res = hook_impl.function(*args)\n          ^^^^^^^^^^^^^^^^^^^^^^^^^\n  File \"C:\\Users\\antho\\miniconda3\\Lib\\site-packages\\_pytest\\config\\__init__.py\", line 1228, in pytest_load_initial_conftests\n    self.pluginmanager._set_initial_conftests(\n  File \"C:\\Users\\antho\\miniconda3\\Lib\\site-packages\\_pytest\\config\\__init__.py\", line 583, in _set_initial_conftests\n    self._try_load_conftest(\n  File \"C:\\Users\\antho\\miniconda3\\Lib\\site-packages\\_pytest\\config\\__init__.py\", line 621, in _try_load_conftest\n    self._loadconftestmodules(\n  File \"C:\\Users\\antho\\miniconda3\\Lib\\site-packages\\_pytest\\config\\__init__.py\", line 661, in _loadconftestmodules\n    mod = self._importconftest(\n          ^^^^^^^^^^^^^^^^^^^^^\n  File \"C:\\Users\\antho\\miniconda3\\Lib\\site-packages\\_pytest\\config\\__init__.py\", line 720, in _importconftest\n    raise ConftestImportFailure(conftestpath, cause=e) from e\n_pytest.config.ConftestImportFailure: ImportError: cannot import name 'SupervisorAgent' from partially initialized module 'app.agents.supervisor_consolidated' (most likely due to a circular import) (C:\\Users\\antho\\OneDrive\\Desktop\\Netra\\netra-core-generation-1\\app\\agents\\supervisor_consolidated.py) (from C:\\Users\\antho\\OneDrive\\Desktop\\Netra\\netra-core-generation-1\\app\\tests\\conftest.py)\n\n\nmaximum crashed workers reached: 24\n[gw26] node down: Traceback (most recent call last):\n  File \"C:\\Users\\antho\\miniconda3\\Lib\\site-packages\\_pytest\\config\\__init__.py\", line 712, in _importconftest\n    mod = import_path(\n          ^^^^^^^^^^^^\n  File \"C:\\Users\\antho\\miniconda3\\Lib\\site-packages\\_pytest\\pathlib.py\", line 587, in import_path\n    importlib.import_module(module_name)\n  File \"C:\\Users\\antho\\miniconda3\\Lib\\importlib\\__init__.py\", line 90, in import_module\n    return _bootstrap._gcd_import(name[level:], package, level)\n           ^^^^^^^^^^^^^^^^^^^^^^^^^^^^^^^^^^^^^^^^^^^^^^^^^^^^\n  File \"<frozen importlib._bootstrap>\", line 1387, in _gcd_import\n  File \"<frozen importlib._bootstrap>\", line 1360, in _find_and_load\n  File \"<frozen importlib._bootstrap>\", line 1331, in _find_and_load_unlocked\n  File \"<frozen importlib._bootstrap>\", line 935, in _load_unlocked\n  File \"C:\\Users\\antho\\miniconda3\\Lib\\site-packages\\_pytest\\assertion\\rewrite.py\", line 186, in exec_module\n    exec(co, module.__dict__)\n  File \"C:\\Users\\antho\\OneDrive\\Desktop\\Netra\\netra-core-generation-1\\app\\tests\\conftest.py\", line 52, in <module>\n    from app.main import app\n  File \"C:\\Users\\antho\\OneDrive\\Desktop\\Netra\\netra-core-generation-1\\app\\main.py\", line 46, in <module>\n    from app.agents.supervisor_consolidated import SupervisorAgent as Supervisor\n  File \"C:\\Users\\antho\\OneDrive\\Desktop\\Netra\\netra-core-generation-1\\app\\agents\\supervisor_consolidated.py\", line 21, in <module>\n    from app.agents.supervisor.execution_context import (\n  File \"C:\\Users\\antho\\OneDrive\\Desktop\\Netra\\netra-core-generation-1\\app\\agents\\supervisor.py\", line 32, in <module>\n    from app.agents.quality_supervisor import QualityEnhancedSupervisor\n  File \"C:\\Users\\antho\\OneDrive\\Desktop\\Netra\\netra-core-generation-1\\app\\agents\\quality_supervisor.py\", line 22, in <module>\n    from app.agents.supervisor_consolidated import SupervisorAgent, AgentExecutionContext\nImportError: cannot import name 'SupervisorAgent' from partially initialized module 'app.agents.supervisor_consolidated' (most likely due to a circular import) (C:\\Users\\antho\\OneDrive\\Desktop\\Netra\\netra-core-generation-1\\app\\agents\\supervisor_consolidated.py)\n\nThe above exception was the direct cause of the following exception:\n\nTraceback (most recent call last):\n  File \"C:\\Users\\antho\\miniconda3\\Lib\\site-packages\\execnet\\gateway_base.py\", line 1291, in executetask\n    exec(co, loc)\n  File \"C:\\Users\\antho\\miniconda3\\Lib\\site-packages\\xdist\\remote.py\", line 420, in <module>\n    config = _prepareconfig(args, None)\n             ^^^^^^^^^^^^^^^^^^^^^^^^^^\n  File \"C:\\Users\\antho\\miniconda3\\Lib\\site-packages\\_pytest\\config\\__init__.py\", line 342, in _prepareconfig\n    config = pluginmanager.hook.pytest_cmdline_parse(\n             ^^^^^^^^^^^^^^^^^^^^^^^^^^^^^^^^^^^^^^^^\n  File \"C:\\Users\\antho\\miniconda3\\Lib\\site-packages\\pluggy\\_hooks.py\", line 512, in __call__\n    return self._hookexec(self.name, self._hookimpls.copy(), kwargs, firstresult)\n           ^^^^^^^^^^^^^^^^^^^^^^^^^^^^^^^^^^^^^^^^^^^^^^^^^^^^^^^^^^^^^^^^^^^^^^\n  File \"C:\\Users\\antho\\miniconda3\\Lib\\site-packages\\pluggy\\_manager.py\", line 120, in _hookexec\n    return self._inner_hookexec(hook_name, methods, kwargs, firstresult)\n           ^^^^^^^^^^^^^^^^^^^^^^^^^^^^^^^^^^^^^^^^^^^^^^^^^^^^^^^^^^^^^\n  File \"C:\\Users\\antho\\miniconda3\\Lib\\site-packages\\pluggy\\_callers.py\", line 167, in _multicall\n    raise exception\n  File \"C:\\Users\\antho\\miniconda3\\Lib\\site-packages\\pluggy\\_callers.py\", line 139, in _multicall\n    teardown.throw(exception)\n  File \"C:\\Users\\antho\\miniconda3\\Lib\\site-packages\\_pytest\\helpconfig.py\", line 112, in pytest_cmdline_parse\n    config = yield\n             ^^^^^\n  File \"C:\\Users\\antho\\miniconda3\\Lib\\site-packages\\pluggy\\_callers.py\", line 121, in _multicall\n    res = hook_impl.function(*args)\n          ^^^^^^^^^^^^^^^^^^^^^^^^^\n  File \"C:\\Users\\antho\\miniconda3\\Lib\\site-packages\\_pytest\\config\\__init__.py\", line 1146, in pytest_cmdline_parse\n    self.parse(args)\n  File \"C:\\Users\\antho\\miniconda3\\Lib\\site-packages\\_pytest\\config\\__init__.py\", line 1527, in parse\n    self._preparse(args, addopts=addopts)\n  File \"C:\\Users\\antho\\miniconda3\\Lib\\site-packages\\_pytest\\config\\__init__.py\", line 1431, in _preparse\n    self.hook.pytest_load_initial_conftests(\n  File \"C:\\Users\\antho\\miniconda3\\Lib\\site-packages\\pluggy\\_hooks.py\", line 512, in __call__\n    return self._hookexec(self.name, self._hookimpls.copy(), kwargs, firstresult)\n           ^^^^^^^^^^^^^^^^^^^^^^^^^^^^^^^^^^^^^^^^^^^^^^^^^^^^^^^^^^^^^^^^^^^^^^\n  File \"C:\\Users\\antho\\miniconda3\\Lib\\site-packages\\pluggy\\_manager.py\", line 120, in _hookexec\n    return self._inner_hookexec(hook_name, methods, kwargs, firstresult)\n           ^^^^^^^^^^^^^^^^^^^^^^^^^^^^^^^^^^^^^^^^^^^^^^^^^^^^^^^^^^^^^\n  File \"C:\\Users\\antho\\miniconda3\\Lib\\site-packages\\pluggy\\_callers.py\", line 167, in _multicall\n    raise exception\n  File \"C:\\Users\\antho\\miniconda3\\Lib\\site-packages\\pluggy\\_callers.py\", line 139, in _multicall\n    teardown.throw(exception)\n  File \"C:\\Users\\antho\\miniconda3\\Lib\\site-packages\\_pytest\\capture.py\", line 173, in pytest_load_initial_conftests\n    yield\n  File \"C:\\Users\\antho\\miniconda3\\Lib\\site-packages\\pluggy\\_callers.py\", line 121, in _multicall\n    res = hook_impl.function(*args)\n          ^^^^^^^^^^^^^^^^^^^^^^^^^\n  File \"C:\\Users\\antho\\miniconda3\\Lib\\site-packages\\_pytest\\config\\__init__.py\", line 1228, in pytest_load_initial_conftests\n    self.pluginmanager._set_initial_conftests(\n  File \"C:\\Users\\antho\\miniconda3\\Lib\\site-packages\\_pytest\\config\\__init__.py\", line 583, in _set_initial_conftests\n    self._try_load_conftest(\n  File \"C:\\Users\\antho\\miniconda3\\Lib\\site-packages\\_pytest\\config\\__init__.py\", line 621, in _try_load_conftest\n    self._loadconftestmodules(\n  File \"C:\\Users\\antho\\miniconda3\\Lib\\site-packages\\_pytest\\config\\__init__.py\", line 661, in _loadconftestmodules\n    mod = self._importconftest(\n          ^^^^^^^^^^^^^^^^^^^^^\n  File \"C:\\Users\\antho\\miniconda3\\Lib\\site-packages\\_pytest\\config\\__init__.py\", line 720, in _importconftest\n    raise ConftestImportFailure(conftestpath, cause=e) from e\n_pytest.config.ConftestImportFailure: ImportError: cannot import name 'SupervisorAgent' from partially initialized module 'app.agents.supervisor_consolidated' (most likely due to a circular import) (C:\\Users\\antho\\OneDrive\\Desktop\\Netra\\netra-core-generation-1\\app\\agents\\supervisor_consolidated.py) (from C:\\Users\\antho\\OneDrive\\Desktop\\Netra\\netra-core-generation-1\\app\\tests\\conftest.py)\n\n\nmaximum crashed workers reached: 24\n[gw27] node down: Traceback (most recent call last):\n  File \"C:\\Users\\antho\\miniconda3\\Lib\\site-packages\\_pytest\\config\\__init__.py\", line 712, in _importconftest\n    mod = import_path(\n          ^^^^^^^^^^^^\n  File \"C:\\Users\\antho\\miniconda3\\Lib\\site-packages\\_pytest\\pathlib.py\", line 587, in import_path\n    importlib.import_module(module_name)\n  File \"C:\\Users\\antho\\miniconda3\\Lib\\importlib\\__init__.py\", line 90, in import_module\n    return _bootstrap._gcd_import(name[level:], package, level)\n           ^^^^^^^^^^^^^^^^^^^^^^^^^^^^^^^^^^^^^^^^^^^^^^^^^^^^\n  File \"<frozen importlib._bootstrap>\", line 1387, in _gcd_import\n  File \"<frozen importlib._bootstrap>\", line 1360, in _find_and_load\n  File \"<frozen importlib._bootstrap>\", line 1331, in _find_and_load_unlocked\n  File \"<frozen importlib._bootstrap>\", line 935, in _load_unlocked\n  File \"C:\\Users\\antho\\miniconda3\\Lib\\site-packages\\_pytest\\assertion\\rewrite.py\", line 186, in exec_module\n    exec(co, module.__dict__)\n  File \"C:\\Users\\antho\\OneDrive\\Desktop\\Netra\\netra-core-generation-1\\app\\tests\\conftest.py\", line 52, in <module>\n    from app.main import app\n  File \"C:\\Users\\antho\\OneDrive\\Desktop\\Netra\\netra-core-generation-1\\app\\main.py\", line 46, in <module>\n    from app.agents.supervisor_consolidated import SupervisorAgent as Supervisor\n  File \"C:\\Users\\antho\\OneDrive\\Desktop\\Netra\\netra-core-generation-1\\app\\agents\\supervisor_consolidated.py\", line 21, in <module>\n    from app.agents.supervisor.execution_context import (\n  File \"C:\\Users\\antho\\OneDrive\\Desktop\\Netra\\netra-core-generation-1\\app\\agents\\supervisor.py\", line 32, in <module>\n    from app.agents.quality_supervisor import QualityEnhancedSupervisor\n  File \"C:\\Users\\antho\\OneDrive\\Desktop\\Netra\\netra-core-generation-1\\app\\agents\\quality_supervisor.py\", line 22, in <module>\n    from app.agents.supervisor_consolidated import SupervisorAgent, AgentExecutionContext\nImportError: cannot import name 'SupervisorAgent' from partially initialized module 'app.agents.supervisor_consolidated' (most likely due to a circular import) (C:\\Users\\antho\\OneDrive\\Desktop\\Netra\\netra-core-generation-1\\app\\agents\\supervisor_consolidated.py)\n\nThe above exception was the direct cause of the following exception:\n\nTraceback (most recent call last):\n  File \"C:\\Users\\antho\\miniconda3\\Lib\\site-packages\\execnet\\gateway_base.py\", line 1291, in executetask\n    exec(co, loc)\n  File \"C:\\Users\\antho\\miniconda3\\Lib\\site-packages\\xdist\\remote.py\", line 420, in <module>\n    config = _prepareconfig(args, None)\n             ^^^^^^^^^^^^^^^^^^^^^^^^^^\n  File \"C:\\Users\\antho\\miniconda3\\Lib\\site-packages\\_pytest\\config\\__init__.py\", line 342, in _prepareconfig\n    config = pluginmanager.hook.pytest_cmdline_parse(\n             ^^^^^^^^^^^^^^^^^^^^^^^^^^^^^^^^^^^^^^^^\n  File \"C:\\Users\\antho\\miniconda3\\Lib\\site-packages\\pluggy\\_hooks.py\", line 512, in __call__\n    return self._hookexec(self.name, self._hookimpls.copy(), kwargs, firstresult)\n           ^^^^^^^^^^^^^^^^^^^^^^^^^^^^^^^^^^^^^^^^^^^^^^^^^^^^^^^^^^^^^^^^^^^^^^\n  File \"C:\\Users\\antho\\miniconda3\\Lib\\site-packages\\pluggy\\_manager.py\", line 120, in _hookexec\n    return self._inner_hookexec(hook_name, methods, kwargs, firstresult)\n           ^^^^^^^^^^^^^^^^^^^^^^^^^^^^^^^^^^^^^^^^^^^^^^^^^^^^^^^^^^^^^\n  File \"C:\\Users\\antho\\miniconda3\\Lib\\site-packages\\pluggy\\_callers.py\", line 167, in _multicall\n    raise exception\n  File \"C:\\Users\\antho\\miniconda3\\Lib\\site-packages\\pluggy\\_callers.py\", line 139, in _multicall\n    teardown.throw(exception)\n  File \"C:\\Users\\antho\\miniconda3\\Lib\\site-packages\\_pytest\\helpconfig.py\", line 112, in pytest_cmdline_parse\n    config = yield\n             ^^^^^\n  File \"C:\\Users\\antho\\miniconda3\\Lib\\site-packages\\pluggy\\_callers.py\", line 121, in _multicall\n    res = hook_impl.function(*args)\n          ^^^^^^^^^^^^^^^^^^^^^^^^^\n  File \"C:\\Users\\antho\\miniconda3\\Lib\\site-packages\\_pytest\\config\\__init__.py\", line 1146, in pytest_cmdline_parse\n    self.parse(args)\n  File \"C:\\Users\\antho\\miniconda3\\Lib\\site-packages\\_pytest\\config\\__init__.py\", line 1527, in parse\n    self._preparse(args, addopts=addopts)\n  File \"C:\\Users\\antho\\miniconda3\\Lib\\site-packages\\_pytest\\config\\__init__.py\", line 1431, in _preparse\n    self.hook.pytest_load_initial_conftests(\n  File \"C:\\Users\\antho\\miniconda3\\Lib\\site-packages\\pluggy\\_hooks.py\", line 512, in __call__\n    return self._hookexec(self.name, self._hookimpls.copy(), kwargs, firstresult)\n           ^^^^^^^^^^^^^^^^^^^^^^^^^^^^^^^^^^^^^^^^^^^^^^^^^^^^^^^^^^^^^^^^^^^^^^\n  File \"C:\\Users\\antho\\miniconda3\\Lib\\site-packages\\pluggy\\_manager.py\", line 120, in _hookexec\n    return self._inner_hookexec(hook_name, methods, kwargs, firstresult)\n           ^^^^^^^^^^^^^^^^^^^^^^^^^^^^^^^^^^^^^^^^^^^^^^^^^^^^^^^^^^^^^\n  File \"C:\\Users\\antho\\miniconda3\\Lib\\site-packages\\pluggy\\_callers.py\", line 167, in _multicall\n    raise exception\n  File \"C:\\Users\\antho\\miniconda3\\Lib\\site-packages\\pluggy\\_callers.py\", line 139, in _multicall\n    teardown.throw(exception)\n  File \"C:\\Users\\antho\\miniconda3\\Lib\\site-packages\\_pytest\\capture.py\", line 173, in pytest_load_initial_conftests\n    yield\n  File \"C:\\Users\\antho\\miniconda3\\Lib\\site-packages\\pluggy\\_callers.py\", line 121, in _multicall\n    res = hook_impl.function(*args)\n          ^^^^^^^^^^^^^^^^^^^^^^^^^\n  File \"C:\\Users\\antho\\miniconda3\\Lib\\site-packages\\_pytest\\config\\__init__.py\", line 1228, in pytest_load_initial_conftests\n    self.pluginmanager._set_initial_conftests(\n  File \"C:\\Users\\antho\\miniconda3\\Lib\\site-packages\\_pytest\\config\\__init__.py\", line 583, in _set_initial_conftests\n    self._try_load_conftest(\n  File \"C:\\Users\\antho\\miniconda3\\Lib\\site-packages\\_pytest\\config\\__init__.py\", line 621, in _try_load_conftest\n    self._loadconftestmodules(\n  File \"C:\\Users\\antho\\miniconda3\\Lib\\site-packages\\_pytest\\config\\__init__.py\", line 661, in _loadconftestmodules\n    mod = self._importconftest(\n          ^^^^^^^^^^^^^^^^^^^^^\n  File \"C:\\Users\\antho\\miniconda3\\Lib\\site-packages\\_pytest\\config\\__init__.py\", line 720, in _importconftest\n    raise ConftestImportFailure(conftestpath, cause=e) from e\n_pytest.config.ConftestImportFailure: ImportError: cannot import name 'SupervisorAgent' from partially initialized module 'app.agents.supervisor_consolidated' (most likely due to a circular import) (C:\\Users\\antho\\OneDrive\\Desktop\\Netra\\netra-core-generation-1\\app\\agents\\supervisor_consolidated.py) (from C:\\Users\\antho\\OneDrive\\Desktop\\Netra\\netra-core-generation-1\\app\\tests\\conftest.py)\n\n\nmaximum crashed workers reached: 24\n[gw29] node down: Traceback (most recent call last):\n  File \"C:\\Users\\antho\\miniconda3\\Lib\\site-packages\\_pytest\\config\\__init__.py\", line 712, in _importconftest\n    mod = import_path(\n          ^^^^^^^^^^^^\n  File \"C:\\Users\\antho\\miniconda3\\Lib\\site-packages\\_pytest\\pathlib.py\", line 587, in import_path\n    importlib.import_module(module_name)\n  File \"C:\\Users\\antho\\miniconda3\\Lib\\importlib\\__init__.py\", line 90, in import_module\n    return _bootstrap._gcd_import(name[level:], package, level)\n           ^^^^^^^^^^^^^^^^^^^^^^^^^^^^^^^^^^^^^^^^^^^^^^^^^^^^\n  File \"<frozen importlib._bootstrap>\", line 1387, in _gcd_import\n  File \"<frozen importlib._bootstrap>\", line 1360, in _find_and_load\n  File \"<frozen importlib._bootstrap>\", line 1331, in _find_and_load_unlocked\n  File \"<frozen importlib._bootstrap>\", line 935, in _load_unlocked\n  File \"C:\\Users\\antho\\miniconda3\\Lib\\site-packages\\_pytest\\assertion\\rewrite.py\", line 186, in exec_module\n    exec(co, module.__dict__)\n  File \"C:\\Users\\antho\\OneDrive\\Desktop\\Netra\\netra-core-generation-1\\app\\tests\\conftest.py\", line 52, in <module>\n    from app.main import app\n  File \"C:\\Users\\antho\\OneDrive\\Desktop\\Netra\\netra-core-generation-1\\app\\main.py\", line 46, in <module>\n    from app.agents.supervisor_consolidated import SupervisorAgent as Supervisor\n  File \"C:\\Users\\antho\\OneDrive\\Desktop\\Netra\\netra-core-generation-1\\app\\agents\\supervisor_consolidated.py\", line 21, in <module>\n    from app.agents.supervisor.execution_context import (\n  File \"C:\\Users\\antho\\OneDrive\\Desktop\\Netra\\netra-core-generation-1\\app\\agents\\supervisor.py\", line 32, in <module>\n    from app.agents.quality_supervisor import QualityEnhancedSupervisor\n  File \"C:\\Users\\antho\\OneDrive\\Desktop\\Netra\\netra-core-generation-1\\app\\agents\\quality_supervisor.py\", line 22, in <module>\n    from app.agents.supervisor_consolidated import SupervisorAgent, AgentExecutionContext\nImportError: cannot import name 'SupervisorAgent' from partially initialized module 'app.agents.supervisor_consolidated' (most likely due to a circular import) (C:\\Users\\antho\\OneDrive\\Desktop\\Netra\\netra-core-generation-1\\app\\agents\\supervisor_consolidated.py)\n\nThe above exception was the direct cause of the following exception:\n\nTraceback (most recent call last):\n  File \"C:\\Users\\antho\\miniconda3\\Lib\\site-packages\\execnet\\gateway_base.py\", line 1291, in executetask\n    exec(co, loc)\n  File \"C:\\Users\\antho\\miniconda3\\Lib\\site-packages\\xdist\\remote.py\", line 420, in <module>\n    config = _prepareconfig(args, None)\n             ^^^^^^^^^^^^^^^^^^^^^^^^^^\n  File \"C:\\Users\\antho\\miniconda3\\Lib\\site-packages\\_pytest\\config\\__init__.py\", line 342, in _prepareconfig\n    config = pluginmanager.hook.pytest_cmdline_parse(\n             ^^^^^^^^^^^^^^^^^^^^^^^^^^^^^^^^^^^^^^^^\n  File \"C:\\Users\\antho\\miniconda3\\Lib\\site-packages\\pluggy\\_hooks.py\", line 512, in __call__\n    return self._hookexec(self.name, self._hookimpls.copy(), kwargs, firstresult)\n           ^^^^^^^^^^^^^^^^^^^^^^^^^^^^^^^^^^^^^^^^^^^^^^^^^^^^^^^^^^^^^^^^^^^^^^\n  File \"C:\\Users\\antho\\miniconda3\\Lib\\site-packages\\pluggy\\_manager.py\", line 120, in _hookexec\n    return self._inner_hookexec(hook_name, methods, kwargs, firstresult)\n           ^^^^^^^^^^^^^^^^^^^^^^^^^^^^^^^^^^^^^^^^^^^^^^^^^^^^^^^^^^^^^\n  File \"C:\\Users\\antho\\miniconda3\\Lib\\site-packages\\pluggy\\_callers.py\", line 167, in _multicall\n    raise exception\n  File \"C:\\Users\\antho\\miniconda3\\Lib\\site-packages\\pluggy\\_callers.py\", line 139, in _multicall\n    teardown.throw(exception)\n  File \"C:\\Users\\antho\\miniconda3\\Lib\\site-packages\\_pytest\\helpconfig.py\", line 112, in pytest_cmdline_parse\n    config = yield\n             ^^^^^\n  File \"C:\\Users\\antho\\miniconda3\\Lib\\site-packages\\pluggy\\_callers.py\", line 121, in _multicall\n    res = hook_impl.function(*args)\n          ^^^^^^^^^^^^^^^^^^^^^^^^^\n  File \"C:\\Users\\antho\\miniconda3\\Lib\\site-packages\\_pytest\\config\\__init__.py\", line 1146, in pytest_cmdline_parse\n    self.parse(args)\n  File \"C:\\Users\\antho\\miniconda3\\Lib\\site-packages\\_pytest\\config\\__init__.py\", line 1527, in parse\n    self._preparse(args, addopts=addopts)\n  File \"C:\\Users\\antho\\miniconda3\\Lib\\site-packages\\_pytest\\config\\__init__.py\", line 1431, in _preparse\n    self.hook.pytest_load_initial_conftests(\n  File \"C:\\Users\\antho\\miniconda3\\Lib\\site-packages\\pluggy\\_hooks.py\", line 512, in __call__\n    return self._hookexec(self.name, self._hookimpls.copy(), kwargs, firstresult)\n           ^^^^^^^^^^^^^^^^^^^^^^^^^^^^^^^^^^^^^^^^^^^^^^^^^^^^^^^^^^^^^^^^^^^^^^\n  File \"C:\\Users\\antho\\miniconda3\\Lib\\site-packages\\pluggy\\_manager.py\", line 120, in _hookexec\n    return self._inner_hookexec(hook_name, methods, kwargs, firstresult)\n           ^^^^^^^^^^^^^^^^^^^^^^^^^^^^^^^^^^^^^^^^^^^^^^^^^^^^^^^^^^^^^\n  File \"C:\\Users\\antho\\miniconda3\\Lib\\site-packages\\pluggy\\_callers.py\", line 167, in _multicall\n    raise exception\n  File \"C:\\Users\\antho\\miniconda3\\Lib\\site-packages\\pluggy\\_callers.py\", line 139, in _multicall\n    teardown.throw(exception)\n  File \"C:\\Users\\antho\\miniconda3\\Lib\\site-packages\\_pytest\\capture.py\", line 173, in pytest_load_initial_conftests\n    yield\n  File \"C:\\Users\\antho\\miniconda3\\Lib\\site-packages\\pluggy\\_callers.py\", line 121, in _multicall\n    res = hook_impl.function(*args)\n          ^^^^^^^^^^^^^^^^^^^^^^^^^\n  File \"C:\\Users\\antho\\miniconda3\\Lib\\site-packages\\_pytest\\config\\__init__.py\", line 1228, in pytest_load_initial_conftests\n    self.pluginmanager._set_initial_conftests(\n  File \"C:\\Users\\antho\\miniconda3\\Lib\\site-packages\\_pytest\\config\\__init__.py\", line 583, in _set_initial_conftests\n    self._try_load_conftest(\n  File \"C:\\Users\\antho\\miniconda3\\Lib\\site-packages\\_pytest\\config\\__init__.py\", line 621, in _try_load_conftest\n    self._loadconftestmodules(\n  File \"C:\\Users\\antho\\miniconda3\\Lib\\site-packages\\_pytest\\config\\__init__.py\", line 661, in _loadconftestmodules\n    mod = self._importconftest(\n          ^^^^^^^^^^^^^^^^^^^^^\n  File \"C:\\Users\\antho\\miniconda3\\Lib\\site-packages\\_pytest\\config\\__init__.py\", line 720, in _importconftest\n    raise ConftestImportFailure(conftestpath, cause=e) from e\n_pytest.config.ConftestImportFailure: ImportError: cannot import name 'SupervisorAgent' from partially initialized module 'app.agents.supervisor_consolidated' (most likely due to a circular import) (C:\\Users\\antho\\OneDrive\\Desktop\\Netra\\netra-core-generation-1\\app\\agents\\supervisor_consolidated.py) (from C:\\Users\\antho\\OneDrive\\Desktop\\Netra\\netra-core-generation-1\\app\\tests\\conftest.py)\n\n\nmaximum crashed workers reached: 24\n[gw28] node down: Traceback (most recent call last):\n  File \"C:\\Users\\antho\\miniconda3\\Lib\\site-packages\\_pytest\\config\\__init__.py\", line 712, in _importconftest\n    mod = import_path(\n          ^^^^^^^^^^^^\n  File \"C:\\Users\\antho\\miniconda3\\Lib\\site-packages\\_pytest\\pathlib.py\", line 587, in import_path\n    importlib.import_module(module_name)\n  File \"C:\\Users\\antho\\miniconda3\\Lib\\importlib\\__init__.py\", line 90, in import_module\n    return _bootstrap._gcd_import(name[level:], package, level)\n           ^^^^^^^^^^^^^^^^^^^^^^^^^^^^^^^^^^^^^^^^^^^^^^^^^^^^\n  File \"<frozen importlib._bootstrap>\", line 1387, in _gcd_import\n  File \"<frozen importlib._bootstrap>\", line 1360, in _find_and_load\n  File \"<frozen importlib._bootstrap>\", line 1331, in _find_and_load_unlocked\n  File \"<frozen importlib._bootstrap>\", line 935, in _load_unlocked\n  File \"C:\\Users\\antho\\miniconda3\\Lib\\site-packages\\_pytest\\assertion\\rewrite.py\", line 186, in exec_module\n    exec(co, module.__dict__)\n  File \"C:\\Users\\antho\\OneDrive\\Desktop\\Netra\\netra-core-generation-1\\app\\tests\\conftest.py\", line 52, in <module>\n    from app.main import app\n  File \"C:\\Users\\antho\\OneDrive\\Desktop\\Netra\\netra-core-generation-1\\app\\main.py\", line 46, in <module>\n    from app.agents.supervisor_consolidated import SupervisorAgent as Supervisor\n  File \"C:\\Users\\antho\\OneDrive\\Desktop\\Netra\\netra-core-generation-1\\app\\agents\\supervisor_consolidated.py\", line 21, in <module>\n    from app.agents.supervisor.execution_context import (\n  File \"C:\\Users\\antho\\OneDrive\\Desktop\\Netra\\netra-core-generation-1\\app\\agents\\supervisor.py\", line 32, in <module>\n    from app.agents.quality_supervisor import QualityEnhancedSupervisor\n  File \"C:\\Users\\antho\\OneDrive\\Desktop\\Netra\\netra-core-generation-1\\app\\agents\\quality_supervisor.py\", line 22, in <module>\n    from app.agents.supervisor_consolidated import SupervisorAgent, AgentExecutionContext\nImportError: cannot import name 'SupervisorAgent' from partially initialized module 'app.agents.supervisor_consolidated' (most likely due to a circular import) (C:\\Users\\antho\\OneDrive\\Desktop\\Netra\\netra-core-generation-1\\app\\agents\\supervisor_consolidated.py)\n\nThe above exception was the direct cause of the following exception:\n\nTraceback (most recent call last):\n  File \"C:\\Users\\antho\\miniconda3\\Lib\\site-packages\\execnet\\gateway_base.py\", line 1291, in executetask\n    exec(co, loc)\n  File \"C:\\Users\\antho\\miniconda3\\Lib\\site-packages\\xdist\\remote.py\", line 420, in <module>\n    config = _prepareconfig(args, None)\n             ^^^^^^^^^^^^^^^^^^^^^^^^^^\n  File \"C:\\Users\\antho\\miniconda3\\Lib\\site-packages\\_pytest\\config\\__init__.py\", line 342, in _prepareconfig\n    config = pluginmanager.hook.pytest_cmdline_parse(\n             ^^^^^^^^^^^^^^^^^^^^^^^^^^^^^^^^^^^^^^^^\n  File \"C:\\Users\\antho\\miniconda3\\Lib\\site-packages\\pluggy\\_hooks.py\", line 512, in __call__\n    return self._hookexec(self.name, self._hookimpls.copy(), kwargs, firstresult)\n           ^^^^^^^^^^^^^^^^^^^^^^^^^^^^^^^^^^^^^^^^^^^^^^^^^^^^^^^^^^^^^^^^^^^^^^\n  File \"C:\\Users\\antho\\miniconda3\\Lib\\site-packages\\pluggy\\_manager.py\", line 120, in _hookexec\n    return self._inner_hookexec(hook_name, methods, kwargs, firstresult)\n           ^^^^^^^^^^^^^^^^^^^^^^^^^^^^^^^^^^^^^^^^^^^^^^^^^^^^^^^^^^^^^\n  File \"C:\\Users\\antho\\miniconda3\\Lib\\site-packages\\pluggy\\_callers.py\", line 167, in _multicall\n    raise exception\n  File \"C:\\Users\\antho\\miniconda3\\Lib\\site-packages\\pluggy\\_callers.py\", line 139, in _multicall\n    teardown.throw(exception)\n  File \"C:\\Users\\antho\\miniconda3\\Lib\\site-packages\\_pytest\\helpconfig.py\", line 112, in pytest_cmdline_parse\n    config = yield\n             ^^^^^\n  File \"C:\\Users\\antho\\miniconda3\\Lib\\site-packages\\pluggy\\_callers.py\", line 121, in _multicall\n    res = hook_impl.function(*args)\n          ^^^^^^^^^^^^^^^^^^^^^^^^^\n  File \"C:\\Users\\antho\\miniconda3\\Lib\\site-packages\\_pytest\\config\\__init__.py\", line 1146, in pytest_cmdline_parse\n    self.parse(args)\n  File \"C:\\Users\\antho\\miniconda3\\Lib\\site-packages\\_pytest\\config\\__init__.py\", line 1527, in parse\n    self._preparse(args, addopts=addopts)\n  File \"C:\\Users\\antho\\miniconda3\\Lib\\site-packages\\_pytest\\config\\__init__.py\", line 1431, in _preparse\n    self.hook.pytest_load_initial_conftests(\n  File \"C:\\Users\\antho\\miniconda3\\Lib\\site-packages\\pluggy\\_hooks.py\", line 512, in __call__\n    return self._hookexec(self.name, self._hookimpls.copy(), kwargs, firstresult)\n           ^^^^^^^^^^^^^^^^^^^^^^^^^^^^^^^^^^^^^^^^^^^^^^^^^^^^^^^^^^^^^^^^^^^^^^\n  File \"C:\\Users\\antho\\miniconda3\\Lib\\site-packages\\pluggy\\_manager.py\", line 120, in _hookexec\n    return self._inner_hookexec(hook_name, methods, kwargs, firstresult)\n           ^^^^^^^^^^^^^^^^^^^^^^^^^^^^^^^^^^^^^^^^^^^^^^^^^^^^^^^^^^^^^\n  File \"C:\\Users\\antho\\miniconda3\\Lib\\site-packages\\pluggy\\_callers.py\", line 167, in _multicall\n    raise exception\n  File \"C:\\Users\\antho\\miniconda3\\Lib\\site-packages\\pluggy\\_callers.py\", line 139, in _multicall\n    teardown.throw(exception)\n  File \"C:\\Users\\antho\\miniconda3\\Lib\\site-packages\\_pytest\\capture.py\", line 173, in pytest_load_initial_conftests\n    yield\n  File \"C:\\Users\\antho\\miniconda3\\Lib\\site-packages\\pluggy\\_callers.py\", line 121, in _multicall\n    res = hook_impl.function(*args)\n          ^^^^^^^^^^^^^^^^^^^^^^^^^\n  File \"C:\\Users\\antho\\miniconda3\\Lib\\site-packages\\_pytest\\config\\__init__.py\", line 1228, in pytest_load_initial_conftests\n    self.pluginmanager._set_initial_conftests(\n  File \"C:\\Users\\antho\\miniconda3\\Lib\\site-packages\\_pytest\\config\\__init__.py\", line 583, in _set_initial_conftests\n    self._try_load_conftest(\n  File \"C:\\Users\\antho\\miniconda3\\Lib\\site-packages\\_pytest\\config\\__init__.py\", line 621, in _try_load_conftest\n    self._loadconftestmodules(\n  File \"C:\\Users\\antho\\miniconda3\\Lib\\site-packages\\_pytest\\config\\__init__.py\", line 661, in _loadconftestmodules\n    mod = self._importconftest(\n          ^^^^^^^^^^^^^^^^^^^^^\n  File \"C:\\Users\\antho\\miniconda3\\Lib\\site-packages\\_pytest\\config\\__init__.py\", line 720, in _importconftest\n    raise ConftestImportFailure(conftestpath, cause=e) from e\n_pytest.config.ConftestImportFailure: ImportError: cannot import name 'SupervisorAgent' from partially initialized module 'app.agents.supervisor_consolidated' (most likely due to a circular import) (C:\\Users\\antho\\OneDrive\\Desktop\\Netra\\netra-core-generation-1\\app\\agents\\supervisor_consolidated.py) (from C:\\Users\\antho\\OneDrive\\Desktop\\Netra\\netra-core-generation-1\\app\\tests\\conftest.py)\n\n\nmaximum crashed workers reached: 24\n\u001b[31m\u001b[1m\nERROR: Coverage failure: total of 26.60 is less than fail-under=70.00\n\u001b[0m\n================= xdist: maximum crashed workers reached: 24 ==================\n=============================== tests coverage ================================\n__________________________________ coverage ___________________________________\n\n__________________________ coverage: failed workers ___________________________\n\nThe following workers failed to return coverage data, ensure that pytest-cov is installed on these workers.\ngw0\ngw1\ngw2\ngw3\ngw5\ngw4\ngw6\ngw8\ngw7\ngw9\ngw10\ngw11\ngw12\ngw13\ngw14\ngw15\ngw16\ngw17\ngw18\ngw19\ngw20\ngw21\ngw23\ngw22\ngw24\ngw25\ngw26\ngw27\ngw29\ngw28\nName                                                                                 Stmts   Miss   Cover   Missing\n-------------------------------------------------------------------------------------------------------------------\napp\\__init__.py                                                                          1      0 100.00%\napp\\agents\\__init__.py                                                                   0      0 100.00%\napp\\agents\\actions_to_meet_goals_sub_agent.py                                           44     30  31.82%   24-25, 29, 34-94, 102, 125\napp\\agents\\admin_tool_dispatcher.py                                                    175    175   0.00%   17-472\napp\\agents\\base.py                                                                      99     77  22.22%   25-34, 38-50, 54-78, 82-122, 131, 135, 138, 141, 145-169, 173-174, 178-181\napp\\agents\\corpus_admin_sub_agent.py                                                   209    125  40.19%   97-103, 112-129, 133-220, 225-279, 291-312, 317-349, 357-388, 394-423, 436-470, 483, 495, 505-519, 530-532, 543, 554-565, 578, 597-602\napp\\agents\\data_sub_agent.py                                                             3      3   0.00%   8-37\napp\\agents\\data_sub_agent\\__init__.py                                                    9      0 100.00%\napp\\agents\\data_sub_agent\\agent.py                                                     116     89  23.28%   28-44, 49, 57, 63-67, 72-117, 121-132, 141-231, 238-257\napp\\agents\\data_sub_agent\\analysis_engine.py                                            75     63  16.00%   14-29, 45-77, 89-117, 132-160\napp\\agents\\data_sub_agent\\analysis_operations.py                                        91     91   0.00%   3-266\napp\\agents\\data_sub_agent\\clickhouse_operations.py                                      39     31  20.51%   16-25, 37-75\napp\\agents\\data_sub_agent\\data_analysis_ops.py                                          88     78  11.36%   14, 26-103, 115-131, 156-200, 221-267\napp\\agents\\data_sub_agent\\data_fetching.py                                              88     72  18.18%   17-24, 29-38, 48-86, 96-116, 127-142, 147-165, 175-211\napp\\agents\\data_sub_agent\\data_operations.py                                            32     14  56.25%   15-17, 21, 24, 27, 30, 33, 36, 40, 45, 50, 55, 60\napp\\agents\\data_sub_agent\\data_sub_agent_analysis_engine.py                             75     75   0.00%   12-169\napp\\agents\\data_sub_agent\\data_sub_agent_core.py                                        95     95   0.00%   12-217\napp\\agents\\data_sub_agent\\data_sub_agent_models.py                                      18     18   0.00%   12-35\napp\\agents\\data_sub_agent\\data_sub_agent_query_builder.py                               17     17   0.00%   12-148\napp\\agents\\data_sub_agent\\insights_generator.py                                         76     68  10.53%   21-65, 70-105, 110-140, 145-176\napp\\agents\\data_sub_agent\\models.py                                                     18      0 100.00%\napp\\agents\\data_sub_agent\\query_builder.py                                              17      6  64.71%   20-29, 74, 110, 139\napp\\agents\\data_sub_agent\\state_management.py                                           62     62   0.00%   3-120\napp\\agents\\demo_agent.py                                                                77     77   0.00%   13-331\napp\\agents\\optimizations_core_sub_agent.py                                              26     14  46.15%   24-25, 29, 34-59\napp\\agents\\prompts.py                                                                    6      0 100.00%\napp\\agents\\quality_supervisor.py                                                       139    139   0.00%   17-397\napp\\agents\\reporting_sub_agent.py                                                       26     14  46.15%   24-25, 29, 37-64\napp\\agents\\state.py                                                                     15      0 100.00%\napp\\agents\\supervisor.py                                                               154    154   0.00%   19-344\napp\\agents\\supervisor_admin_init.py                                                     52     52   0.00%   17-201\napp\\agents\\supervisor_consolidated.py                                                  116     87  25.00%   3-7, 12-16, 26-28, 45, 47, 53, 75, 78, 85-111, 115-133, 144-150, 155-236\napp\\agents\\supply_researcher_sub_agent.py                                              217    217   0.00%   5-572\napp\\agents\\synthetic_data_sub_agent.py                                                 164    108  34.15%   71-77, 81, 157-173, 177-267, 271-312, 321-334, 338, 361-411, 425-468, 472-474, 478-483\napp\\agents\\tool_dispatcher.py                                                           67     50  25.37%   21-26, 31-38, 42-54, 58, 61-73, 94-116, 123, 127, 138-166\napp\\agents\\triage_sub_agent.py                                                         319    225  29.47%   104-106, 110-115, 129-131, 135-147, 151-159, 163-214, 218-271, 275-281, 285-317, 325-354, 358-370, 388-439, 443-457, 461-606, 615-622\napp\\agents\\utils.py                                                                    221    212   4.07%   30-72, 85-167, 181-259, 273-372, 387-494\napp\\auth\\__init__.py                                                                     0      0 100.00%\napp\\auth\\auth.py                                                                        13      0 100.00%\napp\\auth\\auth_dependencies.py                                                           78     48  38.46%   21-40, 47, 54-68, 75-80, 85-94, 101-106, 114-119, 128-134\napp\\auth\\environment_config.py                                                          75     37  50.67%   47-58, 62-74, 78, 95, 112-131, 148, 165-180, 184-192, 196-204\napp\\auth\\oauth_proxy.py                                                                106    106   0.00%   3-235\napp\\background.py                                                                       18     10  44.44%   10, 14-16, 20-25\napp\\config_loader.py                                                                    66     22  66.67%   15, 36-37, 92-102, 107-116\napp\\config_secrets.py                                                                   21      0 100.00%\napp\\core\\__init__.py                                                                     0      0 100.00%\napp\\core\\async_utils.py                                                                273    273   0.00%   3-482\napp\\core\\config_validator.py                                                           108     48  55.56%   33-38, 50-51, 54, 66, 72, 80, 83-86, 90, 95, 97, 100, 109-110, 113, 121, 123, 129-130, 134, 137, 140-143, 152, 159, 161, 164, 168-184\napp\\core\\error_context.py                                                              108     71  34.26%   22-23, 28, 33-35, 40-41, 46, 51-52, 57, 62-64, 69, 74-88, 93-96, 109-118, 123-138, 143-158, 168-179, 184-189\napp\\core\\error_handlers.py                                                             103     64  37.86%   71-96, 107-113, 131-138, 159-173, 192-205, 223-225, 242-254, 259-288, 301, 306, 313-326, 334-336, 344-346, 354-356\napp\\core\\exceptions.py                                                                 165     61  63.03%   92-101, 105, 118, 130-134, 150, 163, 176, 189, 204, 216, 229-233, 247-251, 265, 281, 294-298, 313-317, 333, 346-352, 365-369, 382-386, 403, 415, 427, 439, 454, 465, 478, 492, 505-511\napp\\core\\fallback_handler.py                                                             2      2   0.00%   6-12\napp\\core\\resource_manager.py                                                           210    210   0.00%   3-368\napp\\core\\secret_manager.py                                                             111     72  35.14%   30, 55-74, 79-85, 89-166, 170-184, 224\napp\\core\\service_interfaces.py                                                         243    149  38.68%   49, 53, 57, 61, 69, 73, 83, 87, 91, 95, 103, 107, 114-116, 121, 126, 130-145, 149-152, 156-160, 167-168, 173, 177-184, 196-201, 213-231, 241, 248-249, 253, 258-275, 282-284, 288-299, 303-307, 317-327, 331-348, 352-359, 363-365, 369-376, 380-383, 390-391, 395-399, 407-412, 420, 431, 435, 439, 443-444, 448-449, 453-465\napp\\core\\type_validation.py                                                            194    194   0.00%   3-443\napp\\core\\unified_logging.py                                                            189     85  55.03%   63, 76-92, 131, 141, 152, 172, 186-188, 203-224, 229-238, 247-248, 253-254, 271, 283, 287, 291, 313, 319, 328, 341-346, 350-352, 356, 362-399, 408\napp\\data\\__init__.py                                                                     0      0 100.00%\napp\\data\\content_corpus.py                                                               1      0 100.00%\napp\\data\\data_copier.py                                                                 53     53   0.00%   2-91\napp\\data\\data_enricher.py                                                               36     36   0.00%   2-92\napp\\data\\ingestion.py                                                                   49     41  16.33%   12-35, 39-48, 54-69\napp\\data\\synthetic\\__init__.py                                                           0      0 100.00%\napp\\data\\synthetic\\content_generator.py                                                 86     59  31.40%   49-83, 87-93, 97-148\napp\\data\\synthetic\\default_synthetic_config.py                                           1      0 100.00%\napp\\data\\synthetic\\synthetic_data.py                                                   181    152  16.02%   49-77, 82-92, 97-132, 138-188, 192-268, 272-320, 325-393\napp\\data\\temp_update_user.py                                                            15     15   0.00%   1-25\napp\\db\\__init__.py                                                                       0      0 100.00%\napp\\db\\base.py                                                                           2      0 100.00%\napp\\db\\clickhouse.py                                                                    50     35  30.00%   13-14, 17-18, 22-36, 42, 45, 55-84\napp\\db\\clickhouse_base.py                                                               47     34  27.66%   38-44, 48-55, 58-60, 63-70, 73-75, 79-94, 97-99\napp\\db\\clickhouse_init.py                                                               64     55  14.06%   30-84, 93-103, 111-119\napp\\db\\clickhouse_query_fixer.py                                                        62     46  25.81%   26-50, 65-74, 90-93, 107-129, 138, 147-148, 152, 156, 160, 164, 168, 180\napp\\db\\migration_utils.py                                                               39     24  38.46%   13-15, 20-23, 28-29, 34-36, 41, 46-48, 53-56, 61, 66-69\napp\\db\\models_clickhouse.py                                                             12      2  83.33%   47, 87\napp\\db\\models_postgres.py                                                              268      1  99.63%   28\napp\\db\\postgres.py                                                                     138     87  36.96%   33-51, 55-76, 80-86, 91-100, 104-106, 118-123, 157-174, 179-185, 189-193, 201-214, 219-222, 228-230\napp\\db\\session.py                                                                       42     17  59.52%   29-42, 46, 61-66\napp\\db\\testing.py                                                                       16     16   0.00%   1-22\napp\\dependencies.py                                                                     21      6  71.43%   16, 19-20, 23-24, 29\napp\\llm\\llm_manager.py                                                                 180    148  17.78%   26, 29-31, 34-35, 39, 46-47, 52-85, 89-91, 95-113, 117-194, 198-225, 228-230, 246-253, 271-311, 315-319, 330-333, 344-358\napp\\logging_config.py                                                                    3      0 100.00%\napp\\netra_mcp\\__init__.py                                                                3      3   0.00%   8-11\napp\\netra_mcp\\modules\\__init__.py                                                        2      2   0.00%   3-5\napp\\netra_mcp\\modules\\netra_mcp_core.py                                                 43     43   0.00%   3-87\napp\\netra_mcp\\modules\\netra_mcp_models.py                                               29     29   0.00%   3-43\napp\\netra_mcp\\modules\\netra_mcp_prompts.py                                              23     23   0.00%   3-89\napp\\netra_mcp\\modules\\netra_mcp_resources.py                                            57     57   0.00%   3-221\napp\\netra_mcp\\modules\\netra_mcp_tools.py                                               129    129   0.00%   3-289\napp\\netra_mcp\\netra_mcp_server.py                                                        3      3   0.00%   9-29\napp\\netra_mcp\\run_server.py                                                             18     18   0.00%   7-42\napp\\redis_manager.py                                                                    56     37  33.93%   21-37, 40-58, 61-62, 67-69, 73-75, 79-83, 87-89\napp\\routes\\__init__.py                                                                   0      0 100.00%\napp\\routes\\admin.py                                                                     57     32  43.86%   13, 17-18, 22-23, 33, 45-49, 61-65, 77-84, 96-100, 112-116, 128-132\napp\\routes\\agent_route.py                                                               49     26  46.94%   15-17, 20, 30-37, 41-45, 58-62, 74-75, 83-85, 90-94\napp\\routes\\auth\\auth.py                                                                 80     49  38.75%   31-38, 48-75, 79-94, 100-126, 132, 136-152\napp\\routes\\config.py                                                                    15      5  66.67%   10, 15, 27-29\napp\\routes\\corpus.py                                                                    61     33  45.90%   14, 23-25, 34-35, 43-46, 55-58, 66-69, 78-83, 91-94, 102-105, 109-110\napp\\routes\\demo.py                                                                     167     96  42.51%   90-121, 134-142, 156-177, 191-200, 215-243, 255-263, 276-282, 296-305, 317-398\napp\\routes\\generation.py                                                                94     65  30.85%   22-25, 30-33, 38-41, 47-50, 56-59, 64-67, 72-83, 88-99, 104-123\napp\\routes\\health.py                                                                    51     30  41.18%   20, 27, 34-60, 67-73, 90-95\napp\\routes\\health_extended.py                                                           50     34  32.00%   17-54, 59-94, 103-125\napp\\routes\\llm_cache.py                                                                 36     21  41.67%   16-28, 41-52, 59-62, 72-81, 88\napp\\routes\\mcp.py                                                                      230    230   0.00%   7-603\napp\\routes\\monitoring.py                                                                91     51  43.96%   59-74, 91-105, 121-135, 152-164, 181-195, 210-224, 238-258\napp\\routes\\quality.py                                                                  150    150   0.00%   6-470\napp\\routes\\references.py                                                                46     29  36.96%   25-35, 47-52, 59-64, 71-82\napp\\routes\\supply.py                                                                    24      9  62.50%   19, 29, 38-41, 45-46, 50\napp\\routes\\synthetic_data.py                                                           152     78  48.68%   99-126, 139-148, 174-188, 208-230, 250-261, 284-299, 317-332, 348-360, 375-387, 403-421, 429-434\napp\\routes\\synthetic_data_corpus.py                                                     53     53   0.00%   6-147\napp\\routes\\threads_route.py                                                            175    132  24.57%   53-79, 88-126, 135-164, 174-217, 226-250, 261-303, 312-386\napp\\routes\\unified_tools.py                                                            141     90  36.17%   26-27, 70-104, 119-156, 164-168, 182-211, 222-250, 264-303, 310-330, 335-353\napp\\routes\\websockets.py                                                               100     90  10.00%   16-152\napp\\schemas\\Agent.py                                                                    96      9  90.62%   72-73, 76-77, 80-82, 85-86\napp\\schemas\\Analysis.py                                                                  8      0 100.00%\napp\\schemas\\Auth.py                                                                     31      0 100.00%\napp\\schemas\\Config.py                                                                  144     20  86.11%   232-253, 270-274\napp\\schemas\\Corpus.py                                                                   29      0 100.00%\napp\\schemas\\Event.py                                                                    13      0 100.00%\napp\\schemas\\FinOps.py                                                                    8      0 100.00%\napp\\schemas\\Generation.py                                                               29      0 100.00%\napp\\schemas\\Log.py                                                                       3      0 100.00%\napp\\schemas\\Message.py                                                                  20      0 100.00%\napp\\schemas\\Metrics.py                                                                   6      0 100.00%\napp\\schemas\\Pattern.py                                                                   4      0 100.00%\napp\\schemas\\Performance.py                                                               4      0 100.00%\napp\\schemas\\Policy.py                                                                    7      0 100.00%\napp\\schemas\\Reference.py                                                                22      0 100.00%\napp\\schemas\\Request.py                                                                  34      0 100.00%\napp\\schemas\\Run.py                                                                       5      0 100.00%\napp\\schemas\\Supply.py                                                                   17      0 100.00%\napp\\schemas\\Token.py                                                                     6      0 100.00%\napp\\schemas\\Tool.py                                                                     55      8  85.45%   44-48, 54-55, 65\napp\\schemas\\ToolPermission.py                                                           75      0 100.00%\napp\\schemas\\User.py                                                                     17      0 100.00%\napp\\schemas\\UserPlan.py                                                                 79      0 100.00%\napp\\schemas\\WebSocket.py                                                                34      0 100.00%\napp\\schemas\\__init__.py                                                                 23      0 100.00%\napp\\schemas\\admin_tool_types.py                                                        168    168   0.00%   5-237\napp\\schemas\\config_types.py                                                            170      0 100.00%\napp\\schemas\\data_ingestion_types.py                                                    180    180   0.00%   5-242\napp\\schemas\\llm_types.py                                                               204      7  96.57%   61, 199-202, 226, 230\napp\\schemas\\quality_types.py                                                           177    177   0.00%   3-246\napp\\schemas\\service_types.py                                                           187    187   0.00%   5-268\napp\\schemas\\websocket_message_types.py                                                 170      0 100.00%\napp\\schemas\\websocket_types.py                                                         213      8  96.24%   306-307, 348-353\napp\\schemas\\websocket_unified.py                                                       209     12  94.26%   365-388, 414, 430\napp\\services\\__init__.py                                                                 0      0 100.00%\napp\\services\\agent_service.py                                                           74     52  29.73%   37-39, 46-47, 58-104, 108-114, 120-124\napp\\services\\apex_optimizer_agent\\__init__.py                                            0      0 100.00%\napp\\services\\apex_optimizer_agent\\config_form.py                                        10     10   0.00%   1-12\napp\\services\\apex_optimizer_agent\\dev_utils.py                                          14     14   0.00%   1-18\napp\\services\\apex_optimizer_agent\\models.py                                             46     46   0.00%   11-66\napp\\services\\apex_optimizer_agent\\tool_builder.py                                       66     66   0.00%   11-128\napp\\services\\apex_optimizer_agent\\tools\\__init__.py                                      0      0 100.00%\napp\\services\\apex_optimizer_agent\\tools\\advanced_optimization_for_core_function.py      19     19   0.00%   1-35\napp\\services\\apex_optimizer_agent\\tools\\base.py                                         26     26   0.00%   11-49\napp\\services\\apex_optimizer_agent\\tools\\code_analyzer.py                                11     11   0.00%   1-17\napp\\services\\apex_optimizer_agent\\tools\\cost_analyzer.py                                16     16   0.00%   11-32\napp\\services\\apex_optimizer_agent\\tools\\cost_driver_identifier.py                       14     14   0.00%   1-18\napp\\services\\apex_optimizer_agent\\tools\\cost_estimator.py                               15     15   0.00%   1-32\napp\\services\\apex_optimizer_agent\\tools\\cost_impact_simulator.py                        14     14   0.00%   1-18\napp\\services\\apex_optimizer_agent\\tools\\cost_reduction_quality_preservation.py          19     19   0.00%   1-34\napp\\services\\apex_optimizer_agent\\tools\\cost_simulation_for_increased_usage.py          19     19   0.00%   1-34\napp\\services\\apex_optimizer_agent\\tools\\evaluation_criteria_definer.py                   6      6   0.00%   1-8\napp\\services\\apex_optimizer_agent\\tools\\final_report_generator.py                       17     17   0.00%   1-22\napp\\services\\apex_optimizer_agent\\tools\\finish.py                                        4      4   0.00%   1-6\napp\\services\\apex_optimizer_agent\\tools\\function_performance_analyzer.py                14     14   0.00%   1-20\napp\\services\\apex_optimizer_agent\\tools\\future_usage_modeler.py                          8      8   0.00%   1-11\napp\\services\\apex_optimizer_agent\\tools\\kv_cache_finder.py                               7      7   0.00%   1-11\napp\\services\\apex_optimizer_agent\\tools\\kv_cache_optimization_audit.py                  19     19   0.00%   1-34\napp\\services\\apex_optimizer_agent\\tools\\latency_analyzer.py                             17     17   0.00%   11-34\napp\\services\\apex_optimizer_agent\\tools\\latency_bottleneck_identifier.py                15     15   0.00%   1-19\napp\\services\\apex_optimizer_agent\\tools\\log_analyzer.py                                 12     12   0.00%   1-14\napp\\services\\apex_optimizer_agent\\tools\\log_enricher_and_clusterer.py                   28     28   0.00%   1-43\napp\\services\\apex_optimizer_agent\\tools\\log_fetcher.py                                  59     59   0.00%   1-73\napp\\services\\apex_optimizer_agent\\tools\\log_pattern_identifier.py                       41     41   0.00%   1-71\napp\\services\\apex_optimizer_agent\\tools\\multi_objective_optimization.py                 19     19   0.00%   1-34\napp\\services\\apex_optimizer_agent\\tools\\new_model_effectiveness_analysis.py             19     19   0.00%   1-34\napp\\services\\apex_optimizer_agent\\tools\\optimal_policy_proposer.py                      13     13   0.00%   1-19\napp\\services\\apex_optimizer_agent\\tools\\optimization_method_researcher.py                8      8   0.00%   1-14\napp\\services\\apex_optimizer_agent\\tools\\optimization_proposer.py                         9      9   0.00%   1-11\napp\\services\\apex_optimizer_agent\\tools\\optimized_implementation_proposer.py             8      8   0.00%   1-15\napp\\services\\apex_optimizer_agent\\tools\\performance_gains_simulator.py                  14     14   0.00%   1-19\napp\\services\\apex_optimizer_agent\\tools\\performance_predictor.py                        15     15   0.00%   1-33\napp\\services\\apex_optimizer_agent\\tools\\policy_proposer.py                              43     43   0.00%   1-99\napp\\services\\apex_optimizer_agent\\tools\\policy_simulator.py                             13     13   0.00%   1-20\napp\\services\\apex_optimizer_agent\\tools\\quality_impact_simulator.py                     14     14   0.00%   1-19\napp\\services\\apex_optimizer_agent\\tools\\rate_limit_impact_simulator.py                   8      8   0.00%   1-15\napp\\services\\apex_optimizer_agent\\tools\\supply_catalog_search.py                        12     12   0.00%   1-23\napp\\services\\apex_optimizer_agent\\tools\\system_inspector.py                              7      7   0.00%   2-15\napp\\services\\apex_optimizer_agent\\tools\\tool_dispatcher.py                              17     17   0.00%   1-33\napp\\services\\apex_optimizer_agent\\tools\\tool_latency_optimization.py                    19     19   0.00%   1-35\napp\\services\\base.py                                                                   113     70  38.05%   57-58, 63-64, 67-72, 77-88, 91-95, 102, 106-113, 117, 126-130, 141-164, 171-172, 176, 180, 184-191, 199-206\napp\\services\\clickhouse_service.py                                                       5      3  40.00%   4-6\napp\\services\\context.py                                                                 16     16   0.00%   1-29\napp\\services\\corpus\\__init__.py                                                          9      0 100.00%\napp\\services\\corpus\\base.py                                                             16      0 100.00%\napp\\services\\corpus\\clickhouse_operations.py                                            76     61  19.74%   27-83, 90-98, 105-116, 123-153, 160-169, 176-209\napp\\services\\corpus\\core.py                                                             93     58  37.63%   54-84, 109-115, 125, 136, 145, 153-174, 185-190, 200-205, 215-241, 246-250, 254-258, 262-266\napp\\services\\corpus\\corpus_manager.py                                                   68     52  23.53%   26, 39-46, 55-73, 94-121, 140-155, 172-195\napp\\services\\corpus\\document_manager.py                                                 78     58  25.64%   45-96, 104-123, 138-171, 181-211, 215-220, 224\napp\\services\\corpus\\search_operations.py                                                89     79  11.24%   22-72, 89-156, 175-209, 224-268\napp\\services\\corpus\\validation.py                                                       52     41  21.15%   25-50, 65-80, 92-104, 120-121, 125-126, 135\napp\\services\\corpus_service.py                                                          58     29  50.00%   47, 51, 54, 57, 60, 63, 66, 69, 72, 75, 78, 81, 84, 95-100, 108-113, 121-126, 134-139, 147-152, 161, 174-180, 188-193\napp\\services\\database\\base_repository.py                                               165    142  13.94%   26-27, 31-63, 70-84, 91, 98-112, 119-137, 144-159, 166-179, 186-192, 199-234, 241-255, 262-293\napp\\services\\database\\connection_monitor.py                                            218    180  17.43%   32-63, 67-108, 112-144, 148-152, 156-167, 174, 178-212, 224-233, 237-238, 242-268, 272-296, 300-341, 345-361, 369-377, 384-388, 392\napp\\services\\database\\message_repository.py                                             70     51  27.14%   21, 25-36, 47, 67-79, 85-92, 99-112, 116-123, 131-142, 149\napp\\services\\database\\reference_repository.py                                           64     47  26.56%   21, 25-34, 43, 57-66, 73-91, 98-107, 113-135\napp\\services\\database\\run_repository.py                                                 73     56  23.29%   21, 25-36, 46, 67-78, 86-110, 114-123, 127-140\napp\\services\\database\\thread_repository.py                                              47     33  29.79%   20, 24-33, 37-43, 53-65, 69-86\napp\\services\\database\\unit_of_work.py                                                   90     67  25.56%   22-27, 31-46, 50-58, 62-69, 73-78, 83-85, 89-103, 107-109, 113-120, 125-127\napp\\services\\database_env_service.py                                                    38     21  44.74%   22-35, 42-44, 52-54, 62-64, 71\napp\\services\\db_check_service.py                                                        61     61   0.00%   1-85\napp\\services\\demo_service.py                                                           193    161  16.58%   68-69, 73-75, 98-168, 178-207, 211-212, 224-246, 250, 262, 285, 295-298, 325-369, 386-433, 454-491, 503-530, 544-562, 578-593, 606-650, 662-671\napp\\services\\dev_bypass_service.py                                                       3      3   0.00%   1-3\napp\\services\\fallback_response_service.py                                              143    143   0.00%   7-662\napp\\services\\generation_service.py                                                     234    195  16.67%   34-35, 39-65, 69-123, 134-137, 140-142, 146-206, 213-250, 254-300, 305-316, 322-376, 380-382, 386\napp\\services\\generation_worker.py                                                       17     10  41.18%   13-17, 21-30\napp\\services\\job_store.py                                                               14      5  64.29%   9, 12, 15-17\napp\\services\\key_manager.py                                                             20     10  50.00%   12, 16-29\napp\\services\\llm_cache_service.py                                                      136    113  16.91%   30-40, 44-79, 85-125, 129-159, 163-194, 198-220, 225-237\napp\\services\\mcp_service.py                                                            117    117   0.00%   7-279\napp\\services\\message_handlers.py                                                       116    101  12.93%   27-28, 37-93, 108-217, 225-246, 259-260\napp\\services\\permission_service.py                                                      99     66  33.33%   64-78, 93-101, 115-137, 151-152, 166-167, 181-182, 195, 208, 221, 236-247, 262-273, 288-300\napp\\services\\quality_gate\\__init__.py                                                    3      3   0.00%   7-15\napp\\services\\quality_gate\\metrics_core.py                                              117    117   0.00%   3-222\napp\\services\\quality_gate\\metrics_specialized.py                                       106    106   0.00%   3-204\napp\\services\\quality_gate\\quality_gate_core.py                                          66     66   0.00%   3-193\napp\\services\\quality_gate\\quality_gate_metrics.py                                       43     43   0.00%   3-85\napp\\services\\quality_gate\\quality_gate_models.py                                        44     44   0.00%   3-67\napp\\services\\quality_gate\\quality_gate_patterns.py                                       5      5   0.00%   4-62\napp\\services\\quality_gate\\quality_gate_validators.py                                    92     92   0.00%   3-265\napp\\services\\quality_gate_service.py                                                     3      3   0.00%   8-34\napp\\services\\quality_monitoring\\__init__.py                                              6      6   0.00%   3-15\napp\\services\\quality_monitoring\\alerts.py                                               91     91   0.00%   3-199\napp\\services\\quality_monitoring\\analytics.py                                           126    126   0.00%   3-239\napp\\services\\quality_monitoring\\metrics.py                                              86     86   0.00%   3-176\napp\\services\\quality_monitoring\\models.py                                               54     54   0.00%   3-71\napp\\services\\quality_monitoring\\service.py                                             100    100   0.00%   3-177\napp\\services\\quality_monitoring_service.py                                               2      2   0.00%   7-16\napp\\services\\realistic_test_data_service.py                                            159    159   0.00%   7-618\napp\\services\\schema_validation_service.py                                               88     74  15.91%   28-103, 109-116, 121-160, 164-183\napp\\services\\security_service.py                                                        76     53  30.26%   21-31, 35-37, 41-43, 52-59, 62-69, 72-73, 81-84, 95-103, 106-107, 110-123\napp\\services\\service_locator.py                                                        101    101   0.00%   7-283\napp\\services\\state_persistence_service.py                                              128    106  17.19%   36-91, 99-137, 144-158, 168-200, 209-235, 244-268\napp\\services\\supply_catalog_service.py                                                  45     31  31.11%   17, 21, 25, 29-33, 37-45, 49-54, 58-73\napp\\services\\supply_research_scheduler.py                                              194    194   0.00%   5-416\napp\\services\\supply_research_service.py                                                188    188   0.00%   5-445\napp\\services\\synthetic_data\\__init__.py                                                  4      0 100.00%\napp\\services\\synthetic_data\\content_generator.py                                        34     24  29.41%   14-24, 29-39, 44-51, 59-110, 115-131\napp\\services\\synthetic_data\\corpus_manager.py                                           53     43  18.87%   15-56, 61-69, 74-75, 86-93, 98-112\napp\\services\\synthetic_data\\enums.py                                                    14      0 100.00%\napp\\services\\synthetic_data\\generation_patterns.py                                     118    118   0.00%   5-216\napp\\services\\synthetic_data\\ingestion.py                                                89     74  16.85%   15-35, 40-69, 82-90, 99-115, 121-142, 148-161, 169-179, 184-187, 196-206\napp\\services\\synthetic_data\\metrics.py                                                  83     67  19.28%   22, 35-48, 57-84, 89-99, 104-110, 121-122, 146-153, 158, 172, 182, 199-225\napp\\services\\synthetic_data\\service.py                                                 112     80  28.57%   61-96, 112-205, 223-242, 252-270, 287, 291-299, 308-320, 324-328\napp\\services\\synthetic_data\\tools.py                                                    42     35  16.67%   54-62, 73-112, 117-127\napp\\services\\synthetic_data\\validators.py                                              112    101   9.82%   14-42, 47-84, 89-108, 113-135, 140-153, 167-185\napp\\services\\synthetic_data_service.py                                                   2      0 100.00%\napp\\services\\thread_service.py                                                         121    105  13.22%   18-70, 86-125, 137-153, 167-242, 255-284\napp\\services\\tool_permission_service.py                                                175    143  18.29%   131-176, 196-245, 251-253, 265-279, 283-287, 298-307, 317-344, 353-384, 399-418, 428-450, 459-477, 481-485\napp\\services\\tool_registry.py                                                           12      7  41.67%   16-17, 27-31\napp\\services\\unified_tool_registry.py                                                    3      3   0.00%   9-36\napp\\services\\unified_tool_registry\\__init__.py                                           3      0 100.00%\napp\\services\\unified_tool_registry\\data_management_handlers.py                          22     22   0.00%   6-70\napp\\services\\unified_tool_registry\\execution_engine.py                                  43     43   0.00%   6-130\napp\\services\\unified_tool_registry\\models.py                                            33      0 100.00%\napp\\services\\unified_tool_registry\\optimization_handlers.py                             10     10   0.00%   6-32\napp\\services\\unified_tool_registry\\registry.py                                          45     28  37.78%   43-46, 58, 70-73, 92-114, 136-142, 146-148\napp\\services\\unified_tool_registry\\system_handlers.py                                   47     47   0.00%   6-151\napp\\services\\unified_tool_registry\\tool_handlers.py                                     33     33   0.00%   7-115\napp\\services\\unified_tool_registry\\tool_registrations.py                                23     23   0.00%   6-209\napp\\services\\user_service.py                                                            31     15  51.61%   14-15, 18-25, 29-30, 34-39, 46, 50\napp\\startup_checks.py                                                                  250    250   0.00%   1-566\napp\\utils\\__init__.py                                                                    0      0 100.00%\napp\\utils\\feature_extractors.py                                                         23     23   0.00%   3-44\napp\\utils\\log_parser.py                                                                 29     29   0.00%   1-69\napp\\utils\\multiprocessing_cleanup.py                                                    85     56  34.12%   39-41, 45, 49, 53, 57, 62-106, 119-138, 143\napp\\utils\\predictors.py                                                                 14     14   0.00%   3-31\napp\\utils\\vectorizers.py                                                                14     14   0.00%   3-29\napp\\websocket\\__init__.py                                                                8      0 100.00%\napp\\websocket\\broadcast.py                                                             131    104  20.61%   47-93, 110-141, 153-190, 207-222, 227, 231, 235, 239, 243, 247, 251, 255-257\napp\\websocket\\connection.py                                                            108     65  39.81%   53-76, 80-81, 85-114, 122, 126, 130-133, 148, 152-155, 159-169, 173-175, 188-202\napp\\websocket\\error_handler.py                                                          96     72  25.00%   43-71, 87-103, 117-128, 140-152, 156-183, 187-202, 206-212, 217-218, 222, 235, 239, 243-255\napp\\websocket\\error_types.py                                                            23      0 100.00%\napp\\websocket\\heartbeat.py                                                             151    116  23.18%   57-65, 73-90, 98-105, 116-133, 141-181, 189-202, 210-226, 240-251, 255-265, 269-284, 292-295, 318-328\napp\\websocket\\rate_limiter.py                                                           61     41  32.79%   38-52, 63-74, 89-91, 104-106, 111-120, 129-130, 134-136, 140-142, 146-148\napp\\websocket\\room_manager.py                                                           64     46  28.12%   35-40, 51-61, 74-86, 98, 110-128, 136-141, 152, 163, 171-175\napp\\websocket\\validation.py                                                            104     85  18.27%   44-102, 117-159, 170-191, 203-215, 226-238, 249-261, 272-276\napp\\ws_manager.py                                                                      153     95  37.91%   77-89, 94-103, 107, 111, 120-135, 140-149, 154-185, 189-191, 195-196, 200-232, 236, 249, 257, 265, 273, 281-289, 293-307, 322\n-------------------------------------------------------------------------------------------------------------------\nTOTAL                                                                                19067  13996  26.60%\nCoverage HTML written to dir reports/coverage/html\nCoverage JSON written to file reports/coverage/coverage.json\nLoaded .env file from C:\\Users\\antho\\OneDrive\\Desktop\\Netra\\netra-core-generation-1\\.env\n\u001b[31m\u001b[1mFAIL Required test coverage of 70% not reached. Total coverage: 26.60%\n\u001b[0m- Generated html report: file:///C:/Users/antho/OneDrive/Desktop/Netra/netra-core-generation-1/reports/tests/report.html -\n\u001b[33m====================== \u001b[33mno tests ran\u001b[0m\u001b[33m in 95.77s (0:01:35)\u001b[0m\u001b[33m =======================\u001b[0m\n================================================================================\n[FAIL] TESTS FAILED with exit code 1 after 117.97s\n\n[Report] HTML Report: reports/tests/report.html\n[Coverage] Coverage Report: reports/coverage/html/index.html\n================================================================================\n\nC:\\Users\\antho\\miniconda3\\Lib\\site-packages\\coverage\\report_core.py:110: CoverageWarning: Couldn't parse Python file 'C:\\Users\\antho\\OneDrive\\Desktop\\Netra\\netra-core-generation-1\\app\\core\\schema_sync.py' (couldnt-parse)\n  coverage._warn(msg, slug=\"couldnt-parse\")\n",
      "test_counts": {
        "total": 0,
        "passed": 0,
        "failed": 0,
        "skipped": 0,
        "errors": 0,
        "test_files": 0
      },
      "coverage": 26.6
    },
    "frontend": {
      "status": "timeout",
      "duration": 4209.638250589371,
      "exit_code": -1,
      "output": "Tests timed out after 2700s",
      "test_counts": {
        "total": 0,
        "passed": 0,
        "failed": 0,
        "skipped": 0,
        "errors": 0
      },
      "coverage": null
    },
    "e2e": {
      "status": "pending",
      "duration": 0,
      "exit_code": null,
      "output": "",
      "test_counts": {
        "total": 0,
        "passed": 0,
        "failed": 0,
        "skipped": 0,
        "errors": 0
      },
      "coverage": null
    },
    "overall": {
      "status": "failed",
      "start_time": 1755111074.7630959,
      "end_time": 1755115403.593504
    }
  }
}