{
  "timestamp": "2025-08-14T17:09:27.961533",
  "level": "integration",
  "metrics": {
    "total_tests": 8,
    "passed": 6,
    "failed": 1,
    "coverage": null
  },
  "results": {
    "backend": {
      "status": "failed",
      "duration": 29.577345609664917,
      "exit_code": 3,
      "output": "Loaded test environment from C:\\Users\\antho\\OneDrive\\Desktop\\Netra\\netra-core-generation-1\\.env.test\n================================================================================\nNETRA AI PLATFORM - BACKEND TEST RUNNER\n================================================================================\nTest Configuration:\n  Category: integration\n  Parallel: 4\n  Coverage: enabled\n  Fail Fast: enabled\n  Environment: testing\n\nRunning command:\n  pytest integration_tests app/tests/routes -vv -n 4 -x --maxfail=1 --cov=app --cov-report=html:reports/coverage/html --cov-report=term-missing --cov-report=json:reports/coverage/coverage.json --cov-fail-under=70 -m not real_services --tb=short --asyncio-mode=auto --color=yes --strict-markers --disable-warnings -p no:warnings\n================================================================================\n\u001b[1m============================= test session starts =============================\u001b[0m\nplatform win32 -- Python 3.12.4, pytest-8.4.1, pluggy-1.6.0 -- C:\\Users\\antho\\miniconda3\\python.exe\ncachedir: .pytest_cache\nmetadata: {'Python': '3.12.4', 'Platform': 'Windows-11-10.0.26100-SP0', 'Packages': {'pytest': '8.4.1', 'pluggy': '1.6.0'}, 'Plugins': {'anyio': '4.9.0', 'Faker': '37.4.2', 'langsmith': '0.4.10', 'asyncio': '0.21.1', 'cov': '6.2.1', 'html': '4.1.1', 'json-report': '1.5.0', 'metadata': '3.1.1', 'mock': '3.14.1', 'timeout': '2.4.0', 'xdist': '3.8.0', 'typeguard': '4.4.4'}}\nrootdir: C:\\Users\\antho\\OneDrive\\Desktop\\Netra\\netra-core-generation-1\nconfigfile: pytest.ini\nplugins: anyio-4.9.0, Faker-37.4.2, langsmith-0.4.10, asyncio-0.21.1, cov-6.2.1, html-4.1.1, json-report-1.5.0, metadata-3.1.1, mock-3.14.1, timeout-2.4.0, xdist-3.8.0, typeguard-4.4.4\nasyncio: mode=Mode.AUTO\ncreated: 4/4 workers\n4 workers [86 items]\n\nscheduling tests via LoadScheduling\n\nintegration_tests/test_generation_service.py::test_save_and_get_corpus \nintegration_tests/test_health.py::test_ready_endpoint_clickhouse_failure \nintegration_tests/test_app.py::test_read_main \napp/tests/routes/test_apex_optimizer_agent_route.py::test_apex_optimizer_agent[I need to reduce costs but keep quality the same. For feature X, I can accept a latency of 500ms. For feature Y, I need to maintain the current latency of 200ms.] \n[gw2]\u001b[36m [  1%] \u001b[0m\u001b[31mERROR\u001b[0m integration_tests/test_health.py::test_ready_endpoint_clickhouse_failure \n[gw1]\u001b[36m [  2%] \u001b[0m\u001b[32mPASSED\u001b[0m integration_tests/test_generation_service.py::test_save_and_get_corpus \nintegration_tests/test_generation_service.py::test_run_synthetic_data_generation_job_e2e \n[gw1]\u001b[36m [  3%] \u001b[0m\u001b[31mFAILED\u001b[0m integration_tests/test_generation_service.py::test_run_synthetic_data_generation_job_e2e \n[gw3]\u001b[36m [  4%] \u001b[0m\u001b[32mPASSED\u001b[0m app/tests/routes/test_apex_optimizer_agent_route.py::test_apex_optimizer_agent[I need to reduce costs but keep quality the same. For feature X, I can accept a latency of 500ms. For feature Y, I need to maintain the current latency of 200ms.] \napp/tests/routes/test_api_routes_21_30.py::TestAdminRoute::test_admin_endpoint_requires_authentication \n[gw3]\u001b[36m [  5%] \u001b[0m\u001b[32mPASSED\u001b[0m app/tests/routes/test_api_routes_21_30.py::TestAdminRoute::test_admin_endpoint_requires_authentication \napp/tests/routes/test_api_routes_21_30.py::TestAdminRoute::test_admin_role_verification \n[gw3]\u001b[36m [  6%] \u001b[0m\u001b[32mPASSED\u001b[0m app/tests/routes/test_api_routes_21_30.py::TestAdminRoute::test_admin_role_verification \napp/tests/routes/test_api_routes_21_30.py::TestAdminRoute::test_admin_user_management \n[gw3]\u001b[36m [  8%] \u001b[0m\u001b[32mPASSED\u001b[0m app/tests/routes/test_api_routes_21_30.py::TestAdminRoute::test_admin_user_management \napp/tests/routes/test_api_routes_21_30.py::TestAgentRoute::test_agent_message_processing \n[gw3]\u001b[36m [  9%] \u001b[0m\u001b[32mPASSED\u001b[0m app/tests/routes/test_api_routes_21_30.py::TestAgentRoute::test_agent_message_processing Loaded .env file from C:\\Users\\antho\\OneDrive\\Desktop\\Netra\\netra-core-generation-1\\.env\n\nINTERNALERROR> def worker_internal_error(\nINTERNALERROR>         self, node: WorkerController, formatted_error: str\nINTERNALERROR>     ) -> None:\nINTERNALERROR>         \"\"\"\nINTERNALERROR>         pytest_internalerror() was called on the worker.\nINTERNALERROR>     \nINTERNALERROR>         pytest_internalerror() arguments are an excinfo and an excrepr, which can't\nINTERNALERROR>         be serialized, so we go with a poor man's solution of raising an exception\nINTERNALERROR>         here ourselves using the formatted message.\nINTERNALERROR>         \"\"\"\nINTERNALERROR>         self._active_nodes.remove(node)\nINTERNALERROR>         try:\nINTERNALERROR> >           assert False, formatted_error\nINTERNALERROR> E           AssertionError: Traceback (most recent call last):\nINTERNALERROR> E               File \"C:\\Users\\antho\\miniconda3\\Lib\\site-packages\\coverage\\sqlitedb.py\", line 115, in _execute\nINTERNALERROR> E                 return self.con.execute(sql, parameters)    # type: ignore[arg-type]\nINTERNALERROR> E                        ^^^^^^^^^^^^^^^^^^^^^^^^^^^^^^^^^\nINTERNALERROR> E             sqlite3.OperationalError: no such table: file\nINTERNALERROR> E             \nINTERNALERROR> E             During handling of the above exception, another exception occurred:\nINTERNALERROR> E             \nINTERNALERROR> E             Traceback (most recent call last):\nINTERNALERROR> E               File \"C:\\Users\\antho\\miniconda3\\Lib\\site-packages\\coverage\\sqlitedb.py\", line 120, in _execute\nINTERNALERROR> E                 return self.con.execute(sql, parameters)    # type: ignore[arg-type]\nINTERNALERROR> E                        ^^^^^^^^^^^^^^^^^^^^^^^^^^^^^^^^^\nINTERNALERROR> E             sqlite3.OperationalError: no such table: file\nINTERNALERROR> E             \nINTERNALERROR> E             The above exception was the direct cause of the following exception:\nINTERNALERROR> E             \nINTERNALERROR> E             Traceback (most recent call last):\nINTERNALERROR> E               File \"C:\\Users\\antho\\miniconda3\\Lib\\site-packages\\_pytest\\main.py\", line 289, in wrap_session\nINTERNALERROR> E                 session.exitstatus = doit(config, session) or 0\nINTERNALERROR> E                                      ^^^^^^^^^^^^^^^^^^^^^\nINTERNALERROR> E               File \"C:\\Users\\antho\\miniconda3\\Lib\\site-packages\\_pytest\\main.py\", line 343, in _main\nINTERNALERROR> E                 config.hook.pytest_runtestloop(session=session)\nINTERNALERROR> E               File \"C:\\Users\\antho\\miniconda3\\Lib\\site-packages\\pluggy\\_hooks.py\", line 512, in __call__\nINTERNALERROR> E                 return self._hookexec(self.name, self._hookimpls.copy(), kwargs, firstresult)\nINTERNALERROR> E                        ^^^^^^^^^^^^^^^^^^^^^^^^^^^^^^^^^^^^^^^^^^^^^^^^^^^^^^^^^^^^^^^^^^^^^^\nINTERNALERROR> E               File \"C:\\Users\\antho\\miniconda3\\Lib\\site-packages\\pluggy\\_manager.py\", line 120, in _hookexec\nINTERNALERROR> E                 return self._inner_hookexec(hook_name, methods, kwargs, firstresult)\nINTERNALERROR> E                        ^^^^^^^^^^^^^^^^^^^^^^^^^^^^^^^^^^^^^^^^^^^^^^^^^^^^^^^^^^^^^\nINTERNALERROR> E               File \"C:\\Users\\antho\\miniconda3\\Lib\\site-packages\\pluggy\\_callers.py\", line 167, in _multicall\nINTERNALERROR> E                 raise exception\nINTERNALERROR> E               File \"C:\\Users\\antho\\miniconda3\\Lib\\site-packages\\pluggy\\_callers.py\", line 139, in _multicall\nINTERNALERROR> E                 teardown.throw(exception)\nINTERNALERROR> E               File \"C:\\Users\\antho\\miniconda3\\Lib\\site-packages\\_pytest\\logging.py\", line 801, in pytest_runtestloop\nINTERNALERROR> E                 return (yield)  # Run all the tests.\nINTERNALERROR> E                         ^^^^^\nINTERNALERROR> E               File \"C:\\Users\\antho\\miniconda3\\Lib\\site-packages\\pluggy\\_callers.py\", line 139, in _multicall\nINTERNALERROR> E                 teardown.throw(exception)\nINTERNALERROR> E               File \"C:\\Users\\antho\\miniconda3\\Lib\\site-packages\\_pytest\\terminal.py\", line 688, in pytest_runtestloop\nINTERNALERROR> E                 result = yield\nINTERNALERROR> E                          ^^^^^\nINTERNALERROR> E               File \"C:\\Users\\antho\\miniconda3\\Lib\\site-packages\\pluggy\\_callers.py\", line 152, in _multicall\nINTERNALERROR> E                 teardown.send(result)\nINTERNALERROR> E               File \"C:\\Users\\antho\\miniconda3\\Lib\\site-packages\\pytest_cov\\plugin.py\", line 346, in pytest_runtestloop\nINTERNALERROR> E                 self.cov_controller.finish()\nINTERNALERROR> E               File \"C:\\Users\\antho\\miniconda3\\Lib\\site-packages\\pytest_cov\\engine.py\", line 57, in ensure_topdir_wrapper\nINTERNALERROR> E                 return meth(self, *args, **kwargs)\nINTERNALERROR> E                        ^^^^^^^^^^^^^^^^^^^^^^^^^^^\nINTERNALERROR> E               File \"C:\\Users\\antho\\miniconda3\\Lib\\site-packages\\pytest_cov\\engine.py\", line 471, in finish\nINTERNALERROR> E                 self.cov.save()\nINTERNALERROR> E               File \"C:\\Users\\antho\\miniconda3\\Lib\\site-packages\\coverage\\control.py\", line 818, in save\nINTERNALERROR> E                 data = self.get_data()\nINTERNALERROR> E                        ^^^^^^^^^^^^^^^\nINTERNALERROR> E               File \"C:\\Users\\antho\\miniconda3\\Lib\\site-packages\\coverage\\control.py\", line 899, in get_data\nINTERNALERROR> E                 self._post_save_work()\nINTERNALERROR> E               File \"C:\\Users\\antho\\miniconda3\\Lib\\site-packages\\coverage\\control.py\", line 930, in _post_save_work\nINTERNALERROR> E                 self._data.touch_files(paths, plugin_name)\nINTERNALERROR> E               File \"C:\\Users\\antho\\miniconda3\\Lib\\site-packages\\coverage\\sqldata.py\", line 620, in touch_files\nINTERNALERROR> E                 self._file_id(filename, add=True)\nINTERNALERROR> E               File \"C:\\Users\\antho\\miniconda3\\Lib\\site-packages\\coverage\\sqldata.py\", line 416, in _file_id\nINTERNALERROR> E                 self._file_map[filename] = con.execute_for_rowid(\nINTERNALERROR> E                                            ^^^^^^^^^^^^^^^^^^^^^^\nINTERNALERROR> E               File \"C:\\Users\\antho\\miniconda3\\Lib\\site-packages\\coverage\\sqlitedb.py\", line 171, in execute_for_rowid\nINTERNALERROR> E                 with self.execute(sql, parameters) as cur:\nINTERNALERROR> E               File \"C:\\Users\\antho\\miniconda3\\Lib\\contextlib.py\", line 137, in __enter__\nINTERNALERROR> E                 return next(self.gen)\nINTERNALERROR> E                        ^^^^^^^^^^^^^^\nINTERNALERROR> E               File \"C:\\Users\\antho\\miniconda3\\Lib\\site-packages\\coverage\\sqlitedb.py\", line 150, in execute\nINTERNALERROR> E                 cur = self._execute(sql, parameters)\nINTERNALERROR> E                       ^^^^^^^^^^^^^^^^^^^^^^^^^^^^^^\nINTERNALERROR> E               File \"C:\\Users\\antho\\miniconda3\\Lib\\site-packages\\coverage\\sqlitedb.py\", line 138, in _execute\nINTERNALERROR> E                 raise DataError(f\"Couldn't use data file {self.filename!r}: {msg}\") from exc\nINTERNALERROR> E             coverage.exceptions.DataError: Couldn't use data file 'C:\\\\Users\\\\antho\\\\OneDrive\\\\Desktop\\\\Netra\\\\netra-core-generation-1\\\\.coverage.Anthony.22000.XuEWLudx.wgw2': no such table: file\nINTERNALERROR> E           assert False\nINTERNALERROR> \nINTERNALERROR> ..\\..\\..\\..\\miniconda3\\Lib\\site-packages\\xdist\\dsession.py:232: AssertionError\nINTERNALERROR> Traceback (most recent call last):\nINTERNALERROR>   File \"C:\\Users\\antho\\miniconda3\\Lib\\site-packages\\_pytest\\main.py\", line 289, in wrap_session\nINTERNALERROR>     session.exitstatus = doit(config, session) or 0\nINTERNALERROR>                          ^^^^^^^^^^^^^^^^^^^^^\nINTERNALERROR>   File \"C:\\Users\\antho\\miniconda3\\Lib\\site-packages\\_pytest\\main.py\", line 343, in _main\nINTERNALERROR>     config.hook.pytest_runtestloop(session=session)\nINTERNALERROR>   File \"C:\\Users\\antho\\miniconda3\\Lib\\site-packages\\pluggy\\_hooks.py\", line 512, in __call__\nINTERNALERROR>     return self._hookexec(self.name, self._hookimpls.copy(), kwargs, firstresult)\nINTERNALERROR>            ^^^^^^^^^^^^^^^^^^^^^^^^^^^^^^^^^^^^^^^^^^^^^^^^^^^^^^^^^^^^^^^^^^^^^^\nINTERNALERROR>   File \"C:\\Users\\antho\\miniconda3\\Lib\\site-packages\\pluggy\\_manager.py\", line 120, in _hookexec\nINTERNALERROR>     return self._inner_hookexec(hook_name, methods, kwargs, firstresult)\nINTERNALERROR>            ^^^^^^^^^^^^^^^^^^^^^^^^^^^^^^^^^^^^^^^^^^^^^^^^^^^^^^^^^^^^^\nINTERNALERROR>   File \"C:\\Users\\antho\\miniconda3\\Lib\\site-packages\\pluggy\\_callers.py\", line 167, in _multicall\nINTERNALERROR>     raise exception\nINTERNALERROR>   File \"C:\\Users\\antho\\miniconda3\\Lib\\site-packages\\pluggy\\_callers.py\", line 139, in _multicall\nINTERNALERROR>     teardown.throw(exception)\nINTERNALERROR>   File \"C:\\Users\\antho\\miniconda3\\Lib\\site-packages\\_pytest\\logging.py\", line 801, in pytest_runtestloop\nINTERNALERROR>     return (yield)  # Run all the tests.\nINTERNALERROR>             ^^^^^\nINTERNALERROR>   File \"C:\\Users\\antho\\miniconda3\\Lib\\site-packages\\pluggy\\_callers.py\", line 139, in _multicall\nINTERNALERROR>     teardown.throw(exception)\nINTERNALERROR>   File \"C:\\Users\\antho\\miniconda3\\Lib\\site-packages\\_pytest\\terminal.py\", line 688, in pytest_runtestloop\nINTERNALERROR>     result = yield\nINTERNALERROR>              ^^^^^\nINTERNALERROR>   File \"C:\\Users\\antho\\miniconda3\\Lib\\site-packages\\pluggy\\_callers.py\", line 139, in _multicall\nINTERNALERROR>     teardown.throw(exception)\nINTERNALERROR>   File \"C:\\Users\\antho\\miniconda3\\Lib\\site-packages\\pytest_cov\\plugin.py\", line 340, in pytest_runtestloop\nINTERNALERROR>     result = yield\nINTERNALERROR>              ^^^^^\nINTERNALERROR>   File \"C:\\Users\\antho\\miniconda3\\Lib\\site-packages\\pluggy\\_callers.py\", line 121, in _multicall\nINTERNALERROR>     res = hook_impl.function(*args)\nINTERNALERROR>           ^^^^^^^^^^^^^^^^^^^^^^^^^\nINTERNALERROR>   File \"C:\\Users\\antho\\miniconda3\\Lib\\site-packages\\xdist\\dsession.py\", line 138, in pytest_runtestloop\nINTERNALERROR>     self.loop_once()\nINTERNALERROR>   File \"C:\\Users\\antho\\miniconda3\\Lib\\site-packages\\xdist\\dsession.py\", line 163, in loop_once\nINTERNALERROR>     call(**kwargs)\nINTERNALERROR>   File \"C:\\Users\\antho\\miniconda3\\Lib\\site-packages\\xdist\\dsession.py\", line 218, in worker_workerfinished\nINTERNALERROR>     self._active_nodes.remove(node)\nINTERNALERROR> KeyError: <WorkerController gw2>\n\n\u001b[31m!!!!!!!!!!!!!!!!!!!!!!!!!! stopping after 2 failures !!!!!!!!!!!!!!!!!!!!!!!!!!\u001b[0m\n\u001b[31m==================== \u001b[31m\u001b[1m1 failed\u001b[0m, \u001b[32m6 passed\u001b[0m, \u001b[31m\u001b[1m1 error\u001b[0m\u001b[31m in 20.80s\u001b[0m\u001b[31m ====================\u001b[0m\n================================================================================\n[FAIL] TESTS FAILED with exit code 3 after 28.71s\n[Coverage] Coverage Report: reports/coverage/html/index.html\n================================================================================\n\n",
      "test_counts": {
        "total": 8,
        "passed": 6,
        "failed": 1,
        "skipped": 0,
        "errors": 1,
        "test_files": 5
      },
      "coverage": null,
      "test_details": []
    },
    "frontend": {
      "status": "failed",
      "duration": 17.521636247634888,
      "exit_code": 15,
      "output": "\n> netra-frontend-apex-v1@0.1.0 test\n> jest --forceExit --detectOpenHandles --testMatch **/__tests__/integration/**/*.test.[jt]s?(x)\n\n\nFAIL __tests__/integration/comprehensive/index.test.tsx (11.247 s)\n  \u25cf Console\n\n    console.error\n      Error: Component error for testing\n          at createMockError (C:\\Users\\antho\\OneDrive\\Desktop\\Netra\\netra-core-generation-1\\frontend\\__tests__\\integration\\comprehensive\\test-utils.tsx:235:10)\n          at ProblematicComponent (C:\\Users\\antho\\OneDrive\\Desktop\\Netra\\netra-core-generation-1\\frontend\\__tests__\\integration\\comprehensive\\performance-memory.test.tsx:541:32)\n          at Object.react_stack_bottom_frame (C:\\Users\\antho\\OneDrive\\Desktop\\Netra\\netra-core-generation-1\\frontend\\node_modules\\react-dom\\cjs\\react-dom-client.development.js:23863:20)\n          at renderWithHooks (C:\\Users\\antho\\OneDrive\\Desktop\\Netra\\netra-core-generation-1\\frontend\\node_modules\\react-dom\\cjs\\react-dom-client.development.js:5529:22)\n          at updateFunctionComponent (C:\\Users\\antho\\OneDrive\\Desktop\\Netra\\netra-core-generation-1\\frontend\\node_modules\\react-dom\\cjs\\react-dom-client.development.js:8897:19)\n          at beginWork (C:\\Users\\antho\\OneDrive\\Desktop\\Netra\\netra-core-generation-1\\frontend\\node_modules\\react-dom\\cjs\\react-dom-client.development.js:10522:18)\n          at runWithFiberInDEV (C:\\Users\\antho\\OneDrive\\Desktop\\Netra\\netra-core-generation-1\\frontend\\node_modules\\react-dom\\cjs\\react-dom-client.development.js:1522:13)\n          at performUnitOfWork (C:\\Users\\antho\\OneDrive\\Desktop\\Netra\\netra-core-generation-1\\frontend\\node_modules\\react-dom\\cjs\\react-dom-client.development.js:15140:22)\n          at workLoopSync (C:\\Users\\antho\\OneDrive\\Desktop\\Netra\\netra-core-generation-1\\frontend\\node_modules\\react-dom\\cjs\\react-dom-client.development.js:14956:41)\n          at renderRootSync (C:\\Users\\antho\\OneDrive\\Desktop\\Netra\\netra-core-generation-1\\frontend\\node_modules\\react-dom\\cjs\\react-dom-client.development.js:14936:11)\n          at performWorkOnRoot (C:\\Users\\antho\\OneDrive\\Desktop\\Netra\\netra-core-generation-1\\frontend\\node_modules\\react-dom\\cjs\\react-dom-client.development.js:14462:44)\n          at performSyncWorkOnRoot (C:\\Users\\antho\\OneDrive\\Desktop\\Netra\\netra-core-generation-1\\frontend\\node_modules\\react-dom\\cjs\\react-dom-client.development.js:16231:7)\n          at flushSyncWorkAcrossRoots_impl (C:\\Users\\antho\\OneDrive\\Desktop\\Netra\\netra-core-generation-1\\frontend\\node_modules\\react-dom\\cjs\\react-dom-client.development.js:16079:21)\n          at processRootScheduleInMicrotask (C:\\Users\\antho\\OneDrive\\Desktop\\Netra\\netra-core-generation-1\\frontend\\node_modules\\react-dom\\cjs\\react-dom-client.development.js:16116:7)\n          at C:\\Users\\antho\\OneDrive\\Desktop\\Netra\\netra-core-generation-1\\frontend\\node_modules\\react-dom\\cjs\\react-dom-client.development.js:16241:11\n          at flushActQueue (C:\\Users\\antho\\OneDrive\\Desktop\\Netra\\netra-core-generation-1\\frontend\\node_modules\\react\\cjs\\react.development.js:566:34)\n          at process.env.NODE_ENV.exports.act (C:\\Users\\antho\\OneDrive\\Desktop\\Netra\\netra-core-generation-1\\frontend\\node_modules\\react\\cjs\\react.development.js:860:10)\n          at C:\\Users\\antho\\OneDrive\\Desktop\\Netra\\netra-core-generation-1\\frontend\\node_modules\\@testing-library\\react\\dist\\act-compat.js:47:25\n          at Object.eventWrapper (C:\\Users\\antho\\OneDrive\\Desktop\\Netra\\netra-core-generation-1\\frontend\\node_modules\\@testing-library\\react\\dist\\pure.js:107:28)\n          at fireEvent (C:\\Users\\antho\\OneDrive\\Desktop\\Netra\\netra-core-generation-1\\frontend\\node_modules\\@testing-library\\dom\\dist\\events.js:12:35)\n          at fireEvent.<computed> [as click] (C:\\Users\\antho\\OneDrive\\Desktop\\Netra\\netra-core-generation-1\\frontend\\node_modules\\@testing-library\\dom\\dist\\events.js:110:36)\n          at fireEvent.<computed> [as click] (C:\\Users\\antho\\OneDrive\\Desktop\\Netra\\netra-core-generation-1\\frontend\\node_modules\\@testing-library\\react\\dist\\fire-event.js:15:52)\n          at Object.click (C:\\Users\\antho\\OneDrive\\Desktop\\Netra\\netra-core-generation-1\\frontend\\__tests__\\integration\\comprehensive\\performance-memory.test.tsx:566:17)\n          at Promise.finally.completed (C:\\Users\\antho\\OneDrive\\Desktop\\Netra\\netra-core-generation-1\\frontend\\node_modules\\jest-circus\\build\\jestAdapterInit.js:1559:28)\n          at new Promise (<anonymous>)\n          at callAsyncCircusFn (C:\\Users\\antho\\OneDrive\\Desktop\\Netra\\netra-core-generation-1\\frontend\\node_modules\\jest-circus\\build\\jestAdapterInit.js:1499:10)\n          at _callCircusTest (C:\\Users\\antho\\OneDrive\\Desktop\\Netra\\netra-core-generation-1\\frontend\\node_modules\\jest-circus\\build\\jestAdapterInit.js:1009:40)\n          at _runTest (C:\\Users\\antho\\OneDrive\\Desktop\\Netra\\netra-core-generation-1\\frontend\\node_modules\\jest-circus\\build\\jestAdapterInit.js:949:3)\n          at _runTestsForDescribeBlock (C:\\Users\\antho\\OneDrive\\Desktop\\Netra\\netra-core-generation-1\\frontend\\node_modules\\jest-circus\\build\\jestAdapterInit.js:839:13)\n          at _runTestsForDescribeBlock (C:\\Users\\antho\\OneDrive\\Desktop\\Netra\\netra-core-generation-1\\frontend\\node_modules\\jest-circus\\build\\jestAdapterInit.js:829:11)\n          at _runTestsForDescribeBlock (C:\\Users\\antho\\OneDrive\\Desktop\\Netra\\netra-core-generation-1\\frontend\\node_modules\\jest-circus\\build\\jestAdapterInit.js:829:11)\n          at run (C:\\Users\\antho\\OneDrive\\Desktop\\Netra\\netra-core-generation-1\\frontend\\node_modules\\jest-circus\\build\\jestAdapterInit.js:757:3)\n          at runAndTransformResultsToJestFormat (C:\\Users\\antho\\OneDrive\\Desktop\\Netra\\netra-core-generation-1\\frontend\\node_modules\\jest-circus\\build\\jestAdapterInit.js:1920:21)\n          at jestAdapter (C:\\Users\\antho\\OneDrive\\Desktop\\Netra\\netra-core-generation-1\\frontend\\node_modules\\jest-circus\\build\\runner.js:101:19)\n          at runTestInternal (C:\\Users\\antho\\OneDrive\\Desktop\\Netra\\netra-core-generation-1\\frontend\\node_modules\\jest-runner\\build\\index.js:275:16)\n          at runTest (C:\\Users\\antho\\OneDrive\\Desktop\\Netra\\netra-core-generation-1\\frontend\\node_modules\\jest-runner\\build\\index.js:343:7) {\n        [stack]: [Getter/Setter],\n        [message]: 'Component error for testing'\n      }\n      \n      The above error occurred in the <ProblematicComponent> component.\n      \n      React will try to recreate this component tree from scratch using the error boundary you provided, ErrorBoundary.\n\n    \u001b[0m \u001b[90m 121 |\u001b[39m       \u001b[36mreturn\u001b[39m\u001b[33m;\u001b[39m\n     \u001b[90m 122 |\u001b[39m     }\n    \u001b[31m\u001b[1m>\u001b[22m\u001b[39m\u001b[90m 123 |\u001b[39m     originalError\u001b[33m.\u001b[39mcall(console\u001b[33m,\u001b[39m \u001b[33m...\u001b[39margs)\u001b[33m;\u001b[39m\n     \u001b[90m     |\u001b[39m                   \u001b[31m\u001b[1m^\u001b[22m\u001b[39m\n     \u001b[90m 124 |\u001b[39m   }\u001b[33m;\u001b[39m\n     \u001b[90m 125 |\u001b[39m   \n     \u001b[90m 126 |\u001b[39m   console\u001b[33m.\u001b[39mwarn \u001b[33m=\u001b[39m (\u001b[33m...\u001b[39margs\u001b[33m:\u001b[39m any[]) \u001b[33m=>\u001b[39m {\u001b[0m\n\n      at console.call [as error] (jest.setup.ts:123:19)\n      at defaultOnCaughtError (node_modules/react-dom/cjs/react-dom-client.development.js:8331:17)\n      at logCaughtError (node_modules/react-dom/cjs/react-dom-client.development.js:8367:9)\n      at runWithFiberInDEV (node_modules/react-dom/cjs/react-dom-client.development.js:1522:13)\n      at ErrorBoundary.inst.componentDidCatch.update.callback (node_modules/react-dom/cjs/react-dom-client.development.js:8414:11)\n      at callCallback (node_modules/react-dom/cjs/react-dom-client.development.js:5363:16)\n      at commitCallbacks (node_modules/react-dom/cjs/react-dom-client.development.js:5383:11)\n      at runWithFiberInDEV (node_modules/react-dom/cjs/react-dom-client.development.js:1522:13)\n      at commitClassCallbacks (node_modules/react-dom/cjs/react-dom-client.development.js:12067:11)\n      at commitLayoutEffectOnFiber (node_modules/react-dom/cjs/react-dom-client.development.js:12688:25)\n      at recursivelyTraverseLayoutEffects (node_modules/react-dom/cjs/react-dom-client.development.js:13590:11)\n      at commitLayoutEffectOnFiber (node_modules/react-dom/cjs/react-dom-client.development.js:12727:11)\n      at recursivelyTraverseLayoutEffects (node_modules/react-dom/cjs/react-dom-client.development.js:13590:11)\n      at commitLayoutEffectOnFiber (node_modules/react-dom/cjs/react-dom-client.development.js:12611:11)\n      at recursivelyTraverseLayoutEffects (node_modules/react-dom/cjs/react-dom-client.development.js:13590:11)\n      at commitLayoutEffectOnFiber (node_modules/react-dom/cjs/react-dom-client.development.js:12693:11)\n      at flushLayoutEffects (node_modules/react-dom/cjs/react-dom-client.development.js:15559:15)\n      at commitRoot (node_modules/react-dom/cjs/react-dom-client.development.js:15402:9)\n      at performWorkOnRoot (node_modules/react-dom/cjs/react-dom-client.development.js:14526:15)\n      at performSyncWorkOnRoot (node_modules/react-dom/cjs/react-dom-client.development.js:16231:7)\n      at flushSyncWorkAcrossRoots_impl (node_modules/react-dom/cjs/react-dom-client.development.js:16079:21)\n      at processRootScheduleInMicrotask (node_modules/react-dom/cjs/react-dom-client.development.js:16116:7)\n      at node_modules/react-dom/cjs/react-dom-client.development.js:16241:11\n      at flushActQueue (node_modules/react/cjs/react.development.js:566:34)\n      at process.env.NODE_ENV.exports.act (node_modules/react/cjs/react.development.js:860:10)\n      at node_modules/@testing-library/react/dist/act-compat.js:47:25\n      at Object.eventWrapper (node_modules/@testing-library/react/dist/pure.js:107:28)\n      at fireEvent (node_modules/@testing-library/dom/dist/events.js:12:35)\n      at fireEvent.<computed> [as click] (node_modules/@testing-library/dom/dist/events.js:110:36)\n      at fireEvent.<computed> [as click] (node_modules/@testing-library/react/dist/fire-event.js:15:52)\n      at Object.click (__tests__/integration/comprehensive/performance-memory.test.tsx:566:17)\n\n    console.error\n      Error: Component error for testing\n          at createMockError (C:\\Users\\antho\\OneDrive\\Desktop\\Netra\\netra-core-generation-1\\frontend\\__tests__\\integration\\comprehensive\\test-utils.tsx:235:10)\n          at ProblematicComponent (C:\\Users\\antho\\OneDrive\\Desktop\\Netra\\netra-core-generation-1\\frontend\\__tests__\\integration\\comprehensive\\performance-memory.test.tsx:541:32)\n          at Object.react_stack_bottom_frame (C:\\Users\\antho\\OneDrive\\Desktop\\Netra\\netra-core-generation-1\\frontend\\node_modules\\react-dom\\cjs\\react-dom-client.development.js:23863:20)\n          at renderWithHooks (C:\\Users\\antho\\OneDrive\\Desktop\\Netra\\netra-core-generation-1\\frontend\\node_modules\\react-dom\\cjs\\react-dom-client.development.js:5529:22)\n          at updateFunctionComponent (C:\\Users\\antho\\OneDrive\\Desktop\\Netra\\netra-core-generation-1\\frontend\\node_modules\\react-dom\\cjs\\react-dom-client.development.js:8897:19)\n          at beginWork (C:\\Users\\antho\\OneDrive\\Desktop\\Netra\\netra-core-generation-1\\frontend\\node_modules\\react-dom\\cjs\\react-dom-client.development.js:10522:18)\n          at runWithFiberInDEV (C:\\Users\\antho\\OneDrive\\Desktop\\Netra\\netra-core-generation-1\\frontend\\node_modules\\react-dom\\cjs\\react-dom-client.development.js:1522:13)\n          at performUnitOfWork (C:\\Users\\antho\\OneDrive\\Desktop\\Netra\\netra-core-generation-1\\frontend\\node_modules\\react-dom\\cjs\\react-dom-client.development.js:15140:22)\n          at workLoopSync (C:\\Users\\antho\\OneDrive\\Desktop\\Netra\\netra-core-generation-1\\frontend\\node_modules\\react-dom\\cjs\\react-dom-client.development.js:14956:41)\n          at renderRootSync (C:\\Users\\antho\\OneDrive\\Desktop\\Netra\\netra-core-generation-1\\frontend\\node_modules\\react-dom\\cjs\\react-dom-client.development.js:14936:11)\n          at performWorkOnRoot (C:\\Users\\antho\\OneDrive\\Desktop\\Netra\\netra-core-generation-1\\frontend\\node_modules\\react-dom\\cjs\\react-dom-client.development.js:14462:44)\n          at performSyncWorkOnRoot (C:\\Users\\antho\\OneDrive\\Desktop\\Netra\\netra-core-generation-1\\frontend\\node_modules\\react-dom\\cjs\\react-dom-client.development.js:16231:7)\n          at flushSyncWorkAcrossRoots_impl (C:\\Users\\antho\\OneDrive\\Desktop\\Netra\\netra-core-generation-1\\frontend\\node_modules\\react-dom\\cjs\\react-dom-client.development.js:16079:21)\n          at processRootScheduleInMicrotask (C:\\Users\\antho\\OneDrive\\Desktop\\Netra\\netra-core-generation-1\\frontend\\node_modules\\react-dom\\cjs\\react-dom-client.development.js:16116:7)\n          at C:\\Users\\antho\\OneDrive\\Desktop\\Netra\\netra-core-generation-1\\frontend\\node_modules\\react-dom\\cjs\\react-dom-client.development.js:16241:11\n          at flushActQueue (C:\\Users\\antho\\OneDrive\\Desktop\\Netra\\netra-core-generation-1\\frontend\\node_modules\\react\\cjs\\react.development.js:566:34)\n          at process.env.NODE_ENV.exports.act (C:\\Users\\antho\\OneDrive\\Desktop\\Netra\\netra-core-generation-1\\frontend\\node_modules\\react\\cjs\\react.development.js:860:10)\n          at C:\\Users\\antho\\OneDrive\\Desktop\\Netra\\netra-core-generation-1\\frontend\\node_modules\\@testing-library\\react\\dist\\act-compat.js:47:25\n          at Object.eventWrapper (C:\\Users\\antho\\OneDrive\\Desktop\\Netra\\netra-core-generation-1\\frontend\\node_modules\\@testing-library\\react\\dist\\pure.js:107:28)\n          at fireEvent (C:\\Users\\antho\\OneDrive\\Desktop\\Netra\\netra-core-generation-1\\frontend\\node_modules\\@testing-library\\dom\\dist\\events.js:12:35)\n          at fireEvent.<computed> [as click] (C:\\Users\\antho\\OneDrive\\Desktop\\Netra\\netra-core-generation-1\\frontend\\node_modules\\@testing-library\\dom\\dist\\events.js:110:36)\n          at fireEvent.<computed> [as click] (C:\\Users\\antho\\OneDrive\\Desktop\\Netra\\netra-core-generation-1\\frontend\\node_modules\\@testing-library\\react\\dist\\fire-event.js:15:52)\n          at Object.click (C:\\Users\\antho\\OneDrive\\Desktop\\Netra\\netra-core-generation-1\\frontend\\__tests__\\integration\\comprehensive\\performance-memory.test.tsx:574:17) {\n        [stack]: [Getter/Setter],\n        [message]: 'Component error for testing'\n      }\n      \n      The above error occurred in the <ProblematicComponent> component.\n      \n      React will try to recreate this component tree from scratch using the error boundary you provided, ErrorBoundary.\n\n    \u001b[0m \u001b[90m 121 |\u001b[39m       \u001b[36mreturn\u001b[39m\u001b[33m;\u001b[39m\n     \u001b[90m 122 |\u001b[39m     }\n    \u001b[31m\u001b[1m>\u001b[22m\u001b[39m\u001b[90m 123 |\u001b[39m     originalError\u001b[33m.\u001b[39mcall(console\u001b[33m,\u001b[39m \u001b[33m...\u001b[39margs)\u001b[33m;\u001b[39m\n     \u001b[90m     |\u001b[39m                   \u001b[31m\u001b[1m^\u001b[22m\u001b[39m\n     \u001b[90m 124 |\u001b[39m   }\u001b[33m;\u001b[39m\n     \u001b[90m 125 |\u001b[39m   \n     \u001b[90m 126 |\u001b[39m   console\u001b[33m.\u001b[39mwarn \u001b[33m=\u001b[39m (\u001b[33m...\u001b[39margs\u001b[33m:\u001b[39m any[]) \u001b[33m=>\u001b[39m {\u001b[0m\n\n      at console.call [as error] (jest.setup.ts:123:19)\n      at defaultOnCaughtError (node_modules/react-dom/cjs/react-dom-client.development.js:8331:17)\n      at logCaughtError (node_modules/react-dom/cjs/react-dom-client.development.js:8367:9)\n      at runWithFiberInDEV (node_modules/react-dom/cjs/react-dom-client.development.js:1522:13)\n      at ErrorBoundary.inst.componentDidCatch.update.callback (node_modules/react-dom/cjs/react-dom-client.development.js:8414:11)\n      at callCallback (node_modules/react-dom/cjs/react-dom-client.development.js:5363:16)\n      at commitCallbacks (node_modules/react-dom/cjs/react-dom-client.development.js:5383:11)\n      at runWithFiberInDEV (node_modules/react-dom/cjs/react-dom-client.development.js:1522:13)\n      at commitClassCallbacks (node_modules/react-dom/cjs/react-dom-client.development.js:12067:11)\n      at commitLayoutEffectOnFiber (node_modules/react-dom/cjs/react-dom-client.development.js:12688:25)\n      at recursivelyTraverseLayoutEffects (node_modules/react-dom/cjs/react-dom-client.development.js:13590:11)\n      at commitLayoutEffectOnFiber (node_modules/react-dom/cjs/react-dom-client.development.js:12727:11)\n      at recursivelyTraverseLayoutEffects (node_modules/react-dom/cjs/react-dom-client.development.js:13590:11)\n      at commitLayoutEffectOnFiber (node_modules/react-dom/cjs/react-dom-client.development.js:12611:11)\n      at recursivelyTraverseLayoutEffects (node_modules/react-dom/cjs/react-dom-client.development.js:13590:11)\n      at commitLayoutEffectOnFiber (node_modules/react-dom/cjs/react-dom-client.development.js:12693:11)\n      at flushLayoutEffects (node_modules/react-dom/cjs/react-dom-client.development.js:15559:15)\n      at commitRoot (node_modules/react-dom/cjs/react-dom-client.development.js:15402:9)\n      at performWorkOnRoot (node_modules/react-dom/cjs/react-dom-client.development.js:14526:15)\n      at performSyncWorkOnRoot (node_modules/react-dom/cjs/react-dom-client.development.js:16231:7)\n      at flushSyncWorkAcrossRoots_impl (node_modules/react-dom/cjs/react-dom-client.development.js:16079:21)\n      at processRootScheduleInMicrotask (node_modules/react-dom/cjs/react-dom-client.development.js:16116:7)\n      at node_modules/react-dom/cjs/react-dom-client.development.js:16241:11\n      at flushActQueue (node_modules/react/cjs/react.development.js:566:34)\n      at process.env.NODE_ENV.exports.act (node_modules/react/cjs/react.development.js:860:10)\n      at node_modules/@testing-library/react/dist/act-compat.js:47:25\n      at Object.eventWrapper (node_modules/@testing-library/react/dist/pure.js:107:28)\n      at fireEvent (node_modules/@testing-library/dom/dist/events.js:12:35)\n      at fireEvent.<computed> [as click] (node_modules/@testing-library/dom/dist/events.js:110:36)\n      at fireEvent.<computed> [as click] (node_modules/@testing-library/react/dist/fire-event.js:15:52)\n      at Object.click (__tests__/integration/comprehensive/performance-memory.test.tsx:574:17)\n\n  \u25cf Collaboration Features Integration Tests \u203a Real-time Cursor Synchronization \u203a should sync cursor positions in real-time\n\n    TypeError: Cannot read properties of undefined (reading 'x')\n\n    \u001b[0m \u001b[90m 88 |\u001b[39m             {\u001b[33mArray\u001b[39m\u001b[33m.\u001b[39m\u001b[36mfrom\u001b[39m(otherCursors\u001b[33m.\u001b[39mentries())\u001b[33m.\u001b[39mmap(([userId\u001b[33m,\u001b[39m pos]) \u001b[33m=>\u001b[39m (\n     \u001b[90m 89 |\u001b[39m               \u001b[33m<\u001b[39m\u001b[33mdiv\u001b[39m key\u001b[33m=\u001b[39m{userId} data\u001b[33m-\u001b[39mtestid\u001b[33m=\u001b[39m{\u001b[32m`cursor-${userId}`\u001b[39m}\u001b[33m>\u001b[39m\n    \u001b[31m\u001b[1m>\u001b[22m\u001b[39m\u001b[90m 90 |\u001b[39m                 \u001b[33mUser\u001b[39m {userId}\u001b[33m:\u001b[39m {pos\u001b[33m.\u001b[39mx}\u001b[33m,\u001b[39m {pos\u001b[33m.\u001b[39my}\n     \u001b[90m    |\u001b[39m                                     \u001b[31m\u001b[1m^\u001b[22m\u001b[39m\n     \u001b[90m 91 |\u001b[39m               \u001b[33m<\u001b[39m\u001b[33m/\u001b[39m\u001b[33mdiv\u001b[39m\u001b[33m>\u001b[39m\n     \u001b[90m 92 |\u001b[39m             ))}\n     \u001b[90m 93 |\u001b[39m           \u001b[33m<\u001b[39m\u001b[33m/\u001b[39m\u001b[33mdiv\u001b[39m\u001b[33m>\u001b[39m\u001b[0m\n\n      at x (__tests__/integration/comprehensive/collaboration-features.test.tsx:90:37)\n          at Array.map (<anonymous>)\n      at map (__tests__/integration/comprehensive/collaboration-features.test.tsx:88:49)\n      at Object.react_stack_bottom_frame (node_modules/react-dom/cjs/react-dom-client.development.js:23863:20)\n      at renderWithHooks (node_modules/react-dom/cjs/react-dom-client.development.js:5529:22)\n      at updateFunctionComponent (node_modules/react-dom/cjs/react-dom-client.development.js:8897:19)\n      at beginWork (node_modules/react-dom/cjs/react-dom-client.development.js:10522:18)\n      at runWithFiberInDEV (node_modules/react-dom/cjs/react-dom-client.development.js:1522:13)\n      at performUnitOfWork (node_modules/react-dom/cjs/react-dom-client.development.js:15140:22)\n      at workLoopSync (node_modules/react-dom/cjs/react-dom-client.development.js:14956:41)\n      at renderRootSync (node_modules/react-dom/cjs/react-dom-client.development.js:14936:11)\n      at performWorkOnRoot (node_modules/react-dom/cjs/react-dom-client.development.js:14462:44)\n      at performWorkOnRootViaSchedulerTask (node_modules/react-dom/cjs/react-dom-client.development.js:16216:7)\n      at flushActQueue (node_modules/react/cjs/react.development.js:566:34)\n      at process.env.NODE_ENV.exports.act (node_modules/react/cjs/react.development.js:860:10)\n      at node_modules/@testing-library/react/dist/act-compat.js:47:25\n      at WS.send (node_modules/jest-websocket-mock/lib/jest-websocket-mock.cjs.js:165:5)\n      at Object.send (__tests__/integration/comprehensive/collaboration-features.test.tsx:102:14)\n\n  \u25cf Collaboration Features Integration Tests \u203a Real-time Cursor Synchronization \u203a should handle multiple cursor updates efficiently\n\n    TypeError: Cannot convert undefined or null to object\n        at Object.entries (<anonymous>)\n\n    \u001b[0m \u001b[90m 120 |\u001b[39m             \u001b[36mconst\u001b[39m message \u001b[33m=\u001b[39m \u001b[33mJSON\u001b[39m\u001b[33m.\u001b[39mparse(event\u001b[33m.\u001b[39mdata)\u001b[33m;\u001b[39m\n     \u001b[90m 121 |\u001b[39m             \u001b[36mif\u001b[39m (message\u001b[33m.\u001b[39mtype \u001b[33m===\u001b[39m \u001b[32m'multi_cursor_update'\u001b[39m) {\n    \u001b[31m\u001b[1m>\u001b[22m\u001b[39m\u001b[90m 122 |\u001b[39m               setCursors(\u001b[36mnew\u001b[39m \u001b[33mMap\u001b[39m(\u001b[33mObject\u001b[39m\u001b[33m.\u001b[39mentries(message\u001b[33m.\u001b[39mcursors)))\u001b[33m;\u001b[39m\n     \u001b[90m     |\u001b[39m                                         \u001b[31m\u001b[1m^\u001b[22m\u001b[39m\n     \u001b[90m 123 |\u001b[39m             }\n     \u001b[90m 124 |\u001b[39m           }\u001b[33m;\u001b[39m\n     \u001b[90m 125 |\u001b[39m           \u001b[0m\n\n      at Proxy.entries (__tests__/integration/comprehensive/collaboration-features.test.tsx:122:41)\n      at node_modules/mock-socket/dist/mock-socket.js:859:16\n          at Array.forEach (<anonymous>)\n      at Proxy.dispatchEvent (node_modules/mock-socket/dist/mock-socket.js:855:13)\n      at node_modules/mock-socket/dist/mock-socket.js:2133:16\n          at Array.forEach (<anonymous>)\n      at Server.emit (node_modules/mock-socket/dist/mock-socket.js:2121:16)\n      at node_modules/jest-websocket-mock/lib/jest-websocket-mock.cjs.js:166:19\n      at node_modules/@testing-library/react/dist/act-compat.js:48:24\n      at process.env.NODE_ENV.exports.act (node_modules/react/cjs/react.development.js:790:22)\n      at node_modules/@testing-library/react/dist/act-compat.js:47:25\n      at WS.send (node_modules/jest-websocket-mock/lib/jest-websocket-mock.cjs.js:165:5)\n      at Object.send (__tests__/integration/comprehensive/collaboration-features.test.tsx:145:14)\n\n  \u25cf Collaboration Features Integration Tests \u203a Presence and Activity Status \u203a should handle presence and activity status\n\n    expect(element).toHaveTextContent()\n\n    Expected element to have text content:\n      2 users online\n    Received:\n      1 users online\n\n    Ignored nodes: comments, script, style\n    \u001b[36m<html\u001b[39m\n      \u001b[33mdata-theme\u001b[39m=\u001b[32m\"dark\"\u001b[39m\n    \u001b[36m>\u001b[39m\n      \u001b[36m<head />\u001b[39m\n      \u001b[36m<body>\u001b[39m\n        \u001b[36m<div>\u001b[39m\n          \u001b[36m<div>\u001b[39m\n            \u001b[36m<div\u001b[39m\n              \u001b[33mdata-testid\u001b[39m=\u001b[32m\"active-count\"\u001b[39m\n            \u001b[36m>\u001b[39m\n              \u001b[0m1\u001b[0m\n              \u001b[0m users online\u001b[0m\n            \u001b[36m</div>\u001b[39m\n            \u001b[36m<div\u001b[39m\n              \u001b[33mdata-testid\u001b[39m=\u001b[32m\"typing-count\"\u001b[39m\n            \u001b[36m>\u001b[39m\n              \u001b[0m0\u001b[0m\n              \u001b[0m users typing\u001b[0m\n            \u001b[36m</div>\u001b[39m\n          \u001b[36m</div>\u001b[39m\n        \u001b[36m</div>\u001b[39m\n      \u001b[36m</body>\u001b[39m\n    \u001b[36m</html>\u001b[39m\n\n    \u001b[0m \u001b[90m 210 |\u001b[39m       \n     \u001b[90m 211 |\u001b[39m       \u001b[36mawait\u001b[39m waitFor(() \u001b[33m=>\u001b[39m {\n    \u001b[31m\u001b[1m>\u001b[22m\u001b[39m\u001b[90m 212 |\u001b[39m         expect(screen\u001b[33m.\u001b[39mgetByTestId(\u001b[32m'active-count'\u001b[39m))\u001b[33m.\u001b[39mtoHaveTextContent(\u001b[32m'2 users online'\u001b[39m)\u001b[33m;\u001b[39m\n     \u001b[90m     |\u001b[39m                                                    \u001b[31m\u001b[1m^\u001b[22m\u001b[39m\n     \u001b[90m 213 |\u001b[39m       })\u001b[33m;\u001b[39m\n     \u001b[90m 214 |\u001b[39m       \n     \u001b[90m 215 |\u001b[39m       \u001b[90m// Simulate typing\u001b[39m\u001b[0m\n\n      at toHaveTextContent (__tests__/integration/comprehensive/collaboration-features.test.tsx:212:52)\n      at runWithExpensiveErrorDiagnosticsDisabled (node_modules/@testing-library/dom/dist/config.js:47:12)\n      at checkCallback (node_modules/@testing-library/dom/dist/wait-for.js:124:77)\n      at checkRealTimersCallback (node_modules/@testing-library/dom/dist/wait-for.js:118:16)\n      at Timeout.task [as _onTimeout] (node_modules/jsdom/lib/jsdom/browser/Window.js:579:19)\n\n  \u25cf Collaboration Features Integration Tests \u203a Presence and Activity Status \u203a should handle user status with detailed information\n\n    TypeError: Cannot read properties of undefined (reading 'name')\n\n    \u001b[0m \u001b[90m 261 |\u001b[39m             {\u001b[33mArray\u001b[39m\u001b[33m.\u001b[39m\u001b[36mfrom\u001b[39m(users\u001b[33m.\u001b[39mentries())\u001b[33m.\u001b[39mmap(([userId\u001b[33m,\u001b[39m status]) \u001b[33m=>\u001b[39m (\n     \u001b[90m 262 |\u001b[39m               \u001b[33m<\u001b[39m\u001b[33mdiv\u001b[39m key\u001b[33m=\u001b[39m{userId} data\u001b[33m-\u001b[39mtestid\u001b[33m=\u001b[39m{\u001b[32m`user-${userId}`\u001b[39m}\u001b[33m>\u001b[39m\n    \u001b[31m\u001b[1m>\u001b[22m\u001b[39m\u001b[90m 263 |\u001b[39m                 {status\u001b[33m.\u001b[39mname} \u001b[33m-\u001b[39m {status\u001b[33m.\u001b[39mactivity} ({status\u001b[33m.\u001b[39mlastSeen})\n     \u001b[90m     |\u001b[39m                         \u001b[31m\u001b[1m^\u001b[22m\u001b[39m\n     \u001b[90m 264 |\u001b[39m               \u001b[33m<\u001b[39m\u001b[33m/\u001b[39m\u001b[33mdiv\u001b[39m\u001b[33m>\u001b[39m\n     \u001b[90m 265 |\u001b[39m             ))}\n     \u001b[90m 266 |\u001b[39m           \u001b[33m<\u001b[39m\u001b[33m/\u001b[39m\u001b[33mdiv\u001b[39m\u001b[33m>\u001b[39m\u001b[0m\n\n      at name (__tests__/integration/comprehensive/collaboration-features.test.tsx:263:25)\n          at Array.map (<anonymous>)\n      at map (__tests__/integration/comprehensive/collaboration-features.test.tsx:261:42)\n      at Object.react_stack_bottom_frame (node_modules/react-dom/cjs/react-dom-client.development.js:23863:20)\n      at renderWithHooks (node_modules/react-dom/cjs/react-dom-client.development.js:5529:22)\n      at updateFunctionComponent (node_modules/react-dom/cjs/react-dom-client.development.js:8897:19)\n      at beginWork (node_modules/react-dom/cjs/react-dom-client.development.js:10522:18)\n      at runWithFiberInDEV (node_modules/react-dom/cjs/react-dom-client.development.js:1522:13)\n      at performUnitOfWork (node_modules/react-dom/cjs/react-dom-client.development.js:15140:22)\n      at workLoopSync (node_modules/react-dom/cjs/react-dom-client.development.js:14956:41)\n      at renderRootSync (node_modules/react-dom/cjs/react-dom-client.development.js:14936:11)\n      at performWorkOnRoot (node_modules/react-dom/cjs/react-dom-client.development.js:14462:44)\n      at performWorkOnRootViaSchedulerTask (node_modules/react-dom/cjs/react-dom-client.development.js:16216:7)\n      at flushActQueue (node_modules/react/cjs/react.development.js:566:34)\n      at process.env.NODE_ENV.exports.act (node_modules/react/cjs/react.development.js:860:10)\n      at node_modules/@testing-library/react/dist/act-compat.js:47:25\n      at WS.send (node_modules/jest-websocket-mock/lib/jest-websocket-mock.cjs.js:165:5)\n      at Object.send (__tests__/integration/comprehensive/collaboration-features.test.tsx:274:14)\n\n  \u25cf Navigation and Search Integration Tests \u203a Complex Navigation Flows \u203a should handle deep linking with state preservation\n\n    expect(jest.fn()).toHaveBeenCalledWith(...expected)\n\n    Expected: \"/chat/thread-1\"\n\n    Number of calls: 0\n\n    \u001b[0m \u001b[90m 108 |\u001b[39m       \u001b[36mconst\u001b[39m savedState \u001b[33m=\u001b[39m \u001b[33mJSON\u001b[39m\u001b[33m.\u001b[39mparse(sessionStorage\u001b[33m.\u001b[39mgetItem(\u001b[32m'nav_state'\u001b[39m) \u001b[33m||\u001b[39m \u001b[32m'{}'\u001b[39m)\u001b[33m;\u001b[39m\n     \u001b[90m 109 |\u001b[39m       expect(savedState\u001b[33m.\u001b[39m\u001b[36mfrom\u001b[39m)\u001b[33m.\u001b[39mtoBe(\u001b[32m'/'\u001b[39m)\u001b[33m;\u001b[39m\n    \u001b[31m\u001b[1m>\u001b[22m\u001b[39m\u001b[90m 110 |\u001b[39m       expect(mockRouter\u001b[33m.\u001b[39mpush)\u001b[33m.\u001b[39mtoHaveBeenCalledWith(\u001b[32m'/chat/thread-1'\u001b[39m)\u001b[33m;\u001b[39m\n     \u001b[90m     |\u001b[39m                               \u001b[31m\u001b[1m^\u001b[22m\u001b[39m\n     \u001b[90m 111 |\u001b[39m       \n     \u001b[90m 112 |\u001b[39m       \u001b[90m// Test navigation to another path\u001b[39m\n     \u001b[90m 113 |\u001b[39m       fireEvent\u001b[33m.\u001b[39mclick(getByText(\u001b[32m'Go to Settings'\u001b[39m))\u001b[33m;\u001b[39m\u001b[0m\n\n      at Object.toHaveBeenCalledWith (__tests__/integration/comprehensive/navigation-search.test.tsx:110:31)\n\n  \u25cf Navigation and Search Integration Tests \u203a Complex Navigation Flows \u203a should handle protected route redirects\n\n    expect(jest.fn()).toHaveBeenCalledWith(...expected)\n\n    Expected: \"/auth/login\"\n\n    Number of calls: 0\n\n    \u001b[0m \u001b[90m 160 |\u001b[39m       expect(getByText(\u001b[32m'Redirecting to login...'\u001b[39m))\u001b[33m.\u001b[39mtoBeInTheDocument()\u001b[33m;\u001b[39m\n     \u001b[90m 161 |\u001b[39m       expect(sessionStorage\u001b[33m.\u001b[39mgetItem(\u001b[32m'redirect_after_login'\u001b[39m))\u001b[33m.\u001b[39mtoBe(\u001b[32m'/'\u001b[39m)\u001b[33m;\u001b[39m\n    \u001b[31m\u001b[1m>\u001b[22m\u001b[39m\u001b[90m 162 |\u001b[39m       expect(mockRouter\u001b[33m.\u001b[39mpush)\u001b[33m.\u001b[39mtoHaveBeenCalledWith(\u001b[32m'/auth/login'\u001b[39m)\u001b[33m;\u001b[39m\n     \u001b[90m     |\u001b[39m                               \u001b[31m\u001b[1m^\u001b[22m\u001b[39m\n     \u001b[90m 163 |\u001b[39m       \n     \u001b[90m 164 |\u001b[39m       \u001b[90m// Authenticate and rerender\u001b[39m\n     \u001b[90m 165 |\u001b[39m       act(() \u001b[33m=>\u001b[39m {\u001b[0m\n\n      at Object.toHaveBeenCalledWith (__tests__/integration/comprehensive/navigation-search.test.tsx:162:31)\n\n  \u25cf Internationalization and WebSocket Resilience Tests \u203a WebSocket Resilience Integration \u203a should handle WebSocket message buffering during reconnection\n\n    expect(element).toHaveTextContent()\n\n    Expected element to have text content:\n      2 buffered\n    Received:\n      0 buffered\n\n    \u001b[0m \u001b[90m 444 |\u001b[39m       \n     \u001b[90m 445 |\u001b[39m       expect(messageBuffer\u001b[33m.\u001b[39mlength)\u001b[33m.\u001b[39mtoBe(\u001b[35m2\u001b[39m)\u001b[33m;\u001b[39m\n    \u001b[31m\u001b[1m>\u001b[22m\u001b[39m\u001b[90m 446 |\u001b[39m       expect(getByTestId(\u001b[32m'buffer-size'\u001b[39m))\u001b[33m.\u001b[39mtoHaveTextContent(\u001b[32m'2 buffered'\u001b[39m)\u001b[33m;\u001b[39m\n     \u001b[90m     |\u001b[39m                                          \u001b[31m\u001b[1m^\u001b[22m\u001b[39m\n     \u001b[90m 447 |\u001b[39m     })\u001b[33m;\u001b[39m\n     \u001b[90m 448 |\u001b[39m\n     \u001b[90m 449 |\u001b[39m     it(\u001b[32m'should implement exponential backoff for reconnection'\u001b[39m\u001b[33m,\u001b[39m \u001b[36masync\u001b[39m () \u001b[33m=>\u001b[39m {\u001b[0m\n\n      at Object.toHaveTextContent (__tests__/integration/comprehensive/i18n-websocket.test.tsx:446:42)\n\n  \u25cf Internationalization and WebSocket Resilience Tests \u203a WebSocket Resilience Integration \u203a should implement exponential backoff for reconnection\n\n    expect(received).toBeGreaterThanOrEqual(expected)\n\n    Expected: >= 1068\n    Received:    1026\n\n    \u001b[0m \u001b[90m 540 |\u001b[39m       \u001b[90m// Verify exponential backoff pattern\u001b[39m\n     \u001b[90m 541 |\u001b[39m       \u001b[36mif\u001b[39m (reconnectionDelays\u001b[33m.\u001b[39mlength \u001b[33m>=\u001b[39m \u001b[35m2\u001b[39m) {\n    \u001b[31m\u001b[1m>\u001b[22m\u001b[39m\u001b[90m 542 |\u001b[39m         expect(reconnectionDelays[\u001b[35m1\u001b[39m])\u001b[33m.\u001b[39mtoBeGreaterThanOrEqual(reconnectionDelays[\u001b[35m0\u001b[39m])\u001b[33m;\u001b[39m\n     \u001b[90m     |\u001b[39m                                       \u001b[31m\u001b[1m^\u001b[22m\u001b[39m\n     \u001b[90m 543 |\u001b[39m       }\n     \u001b[90m 544 |\u001b[39m     })\u001b[33m;\u001b[39m\n     \u001b[90m 545 |\u001b[39m\u001b[0m\n\n      at Object.toBeGreaterThanOrEqual (__tests__/integration/comprehensive/i18n-websocket.test.tsx:542:39)\n\n  \u25cf Internationalization and WebSocket Resilience Tests \u203a WebSocket Resilience Integration \u203a should handle WebSocket heartbeat and keep-alive\n\n    expect(element).not.toHaveTextContent()\n\n    Expected element not to have text content:\n      None\n    Received:\n      None\n\n    Ignored nodes: comments, script, style\n    \u001b[36m<html\u001b[39m\n      \u001b[33mdata-theme\u001b[39m=\u001b[32m\"dark\"\u001b[39m\n      \u001b[33mdir\u001b[39m=\u001b[32m\"ltr\"\u001b[39m\n      \u001b[33mlang\u001b[39m=\u001b[32m\"zh\"\u001b[39m\n    \u001b[36m>\u001b[39m\n      \u001b[36m<head />\u001b[39m\n      \u001b[36m<body\u001b[39m\n        \u001b[33mstyle\u001b[39m=\u001b[32m\"text-align: left;\"\u001b[39m\n      \u001b[36m>\u001b[39m\n        \u001b[36m<div>\u001b[39m\n          \u001b[36m<div>\u001b[39m\n            \u001b[36m<div\u001b[39m\n              \u001b[33mdata-testid\u001b[39m=\u001b[32m\"connection-health\"\u001b[39m\n            \u001b[36m>\u001b[39m\n              \u001b[0mhealthy\u001b[0m\n            \u001b[36m</div>\u001b[39m\n            \u001b[36m<div\u001b[39m\n              \u001b[33mdata-testid\u001b[39m=\u001b[32m\"last-heartbeat\"\u001b[39m\n            \u001b[36m>\u001b[39m\n              \u001b[0mNone\u001b[0m\n            \u001b[36m</div>\u001b[39m\n            \u001b[36m<div\u001b[39m\n              \u001b[33mdata-testid\u001b[39m=\u001b[32m\"heartbeat-interval\"\u001b[39m\n            \u001b[36m>\u001b[39m\n              \u001b[0m1000\u001b[0m\n              \u001b[0mms\u001b[0m\n            \u001b[36m</div>\u001b[39m\n            \u001b[36m<button\u001b[39m\n              \u001b[33mdata-testid\u001b[39m=\u001b[32m\"manual-heartbeat\"\u001b[39m\n            \u001b[36m>\u001b[39m\n              \u001b[0mSend Heartbeat\u001b[0m\n            \u001b[36m</button>\u001b[39m\n            \u001b[36m<button\u001b[39m\n              \u001b[33mdata-testid\u001b[39m=\u001b[32m\"faster-heartbeat\"\u001b[39m\n            \u001b[36m>\u001b[39m\n              \u001b[0mFaster Heartbeat\u001b[0m\n            \u001b[36m</button>\u001b[39m\n          \u001b[36m</div>\u001b[39m\n        \u001b[36m</div>\u001b[39m\n      \u001b[36m</body>\u001b[39m\n    \u001b[36m</html>\u001b[39m\n\n    \u001b[0m \u001b[90m 615 |\u001b[39m       \n     \u001b[90m 616 |\u001b[39m       \u001b[36mawait\u001b[39m waitFor(() \u001b[33m=>\u001b[39m {\n    \u001b[31m\u001b[1m>\u001b[22m\u001b[39m\u001b[90m 617 |\u001b[39m         expect(getByTestId(\u001b[32m'last-heartbeat'\u001b[39m))\u001b[33m.\u001b[39mnot\u001b[33m.\u001b[39mtoHaveTextContent(\u001b[32m'None'\u001b[39m)\u001b[33m;\u001b[39m\n     \u001b[90m     |\u001b[39m                                                   \u001b[31m\u001b[1m^\u001b[22m\u001b[39m\n     \u001b[90m 618 |\u001b[39m         expect(getByTestId(\u001b[32m'connection-health'\u001b[39m))\u001b[33m.\u001b[39mtoHaveTextContent(\u001b[32m'healthy'\u001b[39m)\u001b[33m;\u001b[39m\n     \u001b[90m 619 |\u001b[39m       })\u001b[33m;\u001b[39m\n     \u001b[90m 620 |\u001b[39m       \u001b[0m\n\n      at toHaveTextContent (__tests__/integration/comprehensive/i18n-websocket.test.tsx:617:51)\n      at runWithExpensiveErrorDiagnosticsDisabled (node_modules/@testing-library/dom/dist/config.js:47:12)\n      at checkCallback (node_modules/@testing-library/dom/dist/wait-for.js:124:77)\n      at checkRealTimersCallback (node_modules/@testing-library/dom/dist/wait-for.js:118:16)\n      at Timeout.task [as _onTimeout] (node_modules/jsdom/lib/jsdom/browser/Window.js:579:19)\n\n  \u25cf End-to-End User Journey Integration Tests \u203a Complex Multi-User Workflow \u203a should handle collaborative workflow with multiple users\n\n    expect(element).toHaveTextContent()\n\n    Expected element to have text content:\n      2 users\n    Received:\n      1 users\n\n    Ignored nodes: comments, script, style\n    \u001b[36m<html\u001b[39m\n      \u001b[33mdata-theme\u001b[39m=\u001b[32m\"dark\"\u001b[39m\n      \u001b[33mdir\u001b[39m=\u001b[32m\"ltr\"\u001b[39m\n      \u001b[33mlang\u001b[39m=\u001b[32m\"zh\"\u001b[39m\n    \u001b[36m>\u001b[39m\n      \u001b[36m<head />\u001b[39m\n      \u001b[36m<body\u001b[39m\n        \u001b[33mstyle\u001b[39m=\u001b[32m\"text-align: left;\"\u001b[39m\n      \u001b[36m>\u001b[39m\n        \u001b[36m<div>\u001b[39m\n          \u001b[36m<div>\u001b[39m\n            \u001b[36m<div\u001b[39m\n              \u001b[33mdata-testid\u001b[39m=\u001b[32m\"current-step\"\u001b[39m\n            \u001b[36m>\u001b[39m\n              \u001b[0mplanning\u001b[0m\n            \u001b[36m</div>\u001b[39m\n            \u001b[36m<div\u001b[39m\n              \u001b[33mdata-testid\u001b[39m=\u001b[32m\"user-count\"\u001b[39m\n            \u001b[36m>\u001b[39m\n              \u001b[0m1\u001b[0m\n              \u001b[0m users\u001b[0m\n            \u001b[36m</div>\u001b[39m\n            \u001b[36m<div\u001b[39m\n              \u001b[33mdata-testid\u001b[39m=\u001b[32m\"vote-count\"\u001b[39m\n            \u001b[36m>\u001b[39m\n              \u001b[0m0\u001b[0m\n              \u001b[0m votes\u001b[0m\n            \u001b[36m</div>\u001b[39m\n            \u001b[36m<div\u001b[39m\n              \u001b[33mdata-testid\u001b[39m=\u001b[32m\"decision-count\"\u001b[39m\n            \u001b[36m>\u001b[39m\n              \u001b[0m0\u001b[0m\n              \u001b[0m decisions\u001b[0m\n            \u001b[36m</div>\u001b[39m\n            \u001b[36m<button\u001b[39m\n              \u001b[33mdata-testid\u001b[39m=\u001b[32m\"vote-approve\"\u001b[39m\n            \u001b[36m>\u001b[39m\n              \u001b[0mVote Approve\u001b[0m\n            \u001b[36m</button>\u001b[39m\n            \u001b[36m<button\u001b[39m\n              \u001b[33mdata-testid\u001b[39m=\u001b[32m\"vote-reject\"\u001b[39m\n            \u001b[36m>\u001b[39m\n              \u001b[0mVote Reject\u001b[0m\n            \u001b[36m</button>\u001b[39m\n          \u001b[36m</div>\u001b[39m\n        \u001b[36m</div>\u001b[39m\n      \u001b[36m</body>\u001b[39m\n    \u001b[36m</html>\u001b[39m\n\n    \u001b[0m \u001b[90m 653 |\u001b[39m       \n     \u001b[90m 654 |\u001b[39m       \u001b[36mawait\u001b[39m waitFor(() \u001b[33m=>\u001b[39m {\n    \u001b[31m\u001b[1m>\u001b[22m\u001b[39m\u001b[90m 655 |\u001b[39m         expect(getByTestId(\u001b[32m'user-count'\u001b[39m))\u001b[33m.\u001b[39mtoHaveTextContent(\u001b[32m'2 users'\u001b[39m)\u001b[33m;\u001b[39m\n     \u001b[90m     |\u001b[39m                                           \u001b[31m\u001b[1m^\u001b[22m\u001b[39m\n     \u001b[90m 656 |\u001b[39m       })\u001b[33m;\u001b[39m\n     \u001b[90m 657 |\u001b[39m       \n     \u001b[90m 658 |\u001b[39m       \u001b[90m// Simulate voting\u001b[39m\u001b[0m\n\n      at toHaveTextContent (__tests__/integration/comprehensive/user-journey.test.tsx:655:43)\n      at runWithExpensiveErrorDiagnosticsDisabled (node_modules/@testing-library/dom/dist/config.js:47:12)\n      at checkCallback (node_modules/@testing-library/dom/dist/wait-for.js:124:77)\n      at checkRealTimersCallback (node_modules/@testing-library/dom/dist/wait-for.js:118:16)\n      at Timeout.task [as _onTimeout] (node_modules/jsdom/lib/jsdom/browser/Window.js:579:19)\n\n",
      "test_counts": {
        "total": 0,
        "passed": 0,
        "failed": 0,
        "skipped": 0,
        "errors": 0,
        "test_files": 1
      },
      "coverage": null,
      "test_details": []
    },
    "e2e": {
      "status": "pending",
      "duration": 0,
      "exit_code": null,
      "output": "",
      "test_counts": {
        "total": 0,
        "passed": 0,
        "failed": 0,
        "skipped": 0,
        "errors": 0
      },
      "coverage": null
    },
    "overall": {
      "status": "failed",
      "start_time": 1755216520.838398,
      "end_time": 1755216567.9577708
    }
  }
}