{
  "timestamp": "2025-08-14T21:53:04.541278",
  "level": "unit",
  "metrics": {
    "total_tests": 321,
    "passed": 297,
    "failed": 3,
    "coverage": null
  },
  "results": {
    "backend": {
      "status": "failed",
      "duration": 30.03681206703186,
      "exit_code": 2,
      "output": "Loaded test environment from C:\\Users\\antho\\OneDrive\\Desktop\\Netra\\netra-core-generation-1\\.env.test\n================================================================================\nNETRA AI PLATFORM - BACKEND TEST RUNNER\n================================================================================\nTest Configuration:\n  Category: unit\n  Parallel: 4\n  Coverage: enabled\n  Fail Fast: enabled\n  Environment: testing\n\nRunning command:\n  pytest app/tests/services app/tests/core -vv -n 4 -x --maxfail=1 --cov=app --cov-report=html:reports/coverage/html --cov-report=term-missing --cov-report=json:reports/coverage/coverage.json --cov-fail-under=70 -m not real_services --tb=short --asyncio-mode=auto --color=yes --strict-markers --disable-warnings -p no:warnings\n================================================================================\n\u001b[1m============================= test session starts =============================\u001b[0m\nplatform win32 -- Python 3.12.4, pytest-8.4.1, pluggy-1.6.0 -- C:\\Users\\antho\\miniconda3\\python.exe\ncachedir: .pytest_cache\nmetadata: {'Python': '3.12.4', 'Platform': 'Windows-11-10.0.26100-SP0', 'Packages': {'pytest': '8.4.1', 'pluggy': '1.6.0'}, 'Plugins': {'anyio': '4.9.0', 'Faker': '37.4.2', 'langsmith': '0.4.10', 'asyncio': '0.21.1', 'cov': '6.2.1', 'html': '4.1.1', 'json-report': '1.5.0', 'metadata': '3.1.1', 'mock': '3.14.1', 'timeout': '2.4.0', 'xdist': '3.8.0', 'typeguard': '4.4.4'}}\nrootdir: C:\\Users\\antho\\OneDrive\\Desktop\\Netra\\netra-core-generation-1\\app\nconfigfile: pytest.ini\nplugins: anyio-4.9.0, Faker-37.4.2, langsmith-0.4.10, asyncio-0.21.1, cov-6.2.1, html-4.1.1, json-report-1.5.0, metadata-3.1.1, mock-3.14.1, timeout-2.4.0, xdist-3.8.0, typeguard-4.4.4\nasyncio: mode=Mode.AUTO\ncreated: 4/4 workers\n4 workers [2148 items]\n\nscheduling tests via LoadScheduling\n\napp\\tests\\services\\synthetic_data\\test_advanced_features.py::TestAdvancedFeatures::test_compliance_aware_generation \napp\\tests\\services\\test_agent_service_thread_operations.py::TestAgentServiceThreadOperations::test_thread_history_handling \napp\\tests\\services\\agents\\test_tools.py::test_tool_dispatcher \napp\\tests\\services\\test_corpus_service_comprehensive.py::TestErrorHandling::test_recover_from_partial_batch_failure \n[gw1]\u001b[36m [  0%] \u001b[0m\u001b[33mSKIPPED\u001b[0m app\\tests\\services\\synthetic_data\\test_advanced_features.py::TestAdvancedFeatures::test_compliance_aware_generation \napp\\tests\\services\\synthetic_data\\test_advanced_features.py::TestAdvancedFeatures::test_cost_optimized_generation \n[gw1]\u001b[36m [  0%] \u001b[0m\u001b[33mSKIPPED\u001b[0m app\\tests\\services\\synthetic_data\\test_advanced_features.py::TestAdvancedFeatures::test_cost_optimized_generation \napp\\tests\\services\\synthetic_data\\test_advanced_features.py::TestAdvancedFeatures::test_versioned_corpus_generation \n[gw1]\u001b[36m [  0%] \u001b[0m\u001b[33mSKIPPED\u001b[0m app\\tests\\services\\synthetic_data\\test_advanced_features.py::TestAdvancedFeatures::test_versioned_corpus_generation \napp\\tests\\services\\synthetic_data\\test_advanced_generation.py::TestAdvancedGenerationMethods::test_generate_with_temporal_patterns \n[gw2]\u001b[36m [  0%] \u001b[0m\u001b[32mPASSED\u001b[0m app\\tests\\services\\test_agent_service_thread_operations.py::TestAgentServiceThreadOperations::test_thread_history_handling \n[gw3]\u001b[36m [  0%] \u001b[0m\u001b[32mPASSED\u001b[0m app\\tests\\services\\test_corpus_service_comprehensive.py::TestErrorHandling::test_recover_from_partial_batch_failure \napp\\tests\\services\\test_agent_service_thread_operations.py::TestAgentServiceThreadOperations::test_create_thread_handling \napp\\tests\\services\\test_corpus_service_comprehensive.py::TestErrorHandling::test_search_fallback_on_vector_store_failure \n[gw1]\u001b[36m [  0%] \u001b[0m\u001b[32mPASSED\u001b[0m app\\tests\\services\\synthetic_data\\test_advanced_generation.py::TestAdvancedGenerationMethods::test_generate_with_temporal_patterns \n[gw2]\u001b[36m [  0%] \u001b[0m\u001b[32mPASSED\u001b[0m app\\tests\\services\\test_agent_service_thread_operations.py::TestAgentServiceThreadOperations::test_create_thread_handling \napp\\tests\\services\\synthetic_data\\test_advanced_generation.py::TestAdvancedGenerationMethods::test_generate_tool_invocations \napp\\tests\\services\\test_agent_service_thread_operations.py::TestAgentServiceThreadOperations::test_switch_thread_handling \n[gw3]\u001b[36m [  0%] \u001b[0m\u001b[32mPASSED\u001b[0m app\\tests\\services\\test_corpus_service_comprehensive.py::TestErrorHandling::test_search_fallback_on_vector_store_failure \n[gw1]\u001b[36m [  0%] \u001b[0m\u001b[32mPASSED\u001b[0m app\\tests\\services\\synthetic_data\\test_advanced_generation.py::TestAdvancedGenerationMethods::test_generate_tool_invocations \napp\\tests\\services\\test_database_repository_transactions.py::TestDatabaseRepositoryTransactions::test_successful_transaction_commit \napp\\tests\\services\\synthetic_data\\test_advanced_generation.py::TestAdvancedGenerationMethods::test_generate_with_errors \n[gw2]\u001b[36m [  0%] \u001b[0m\u001b[32mPASSED\u001b[0m app\\tests\\services\\test_agent_service_thread_operations.py::TestAgentServiceThreadOperations::test_switch_thread_handling \n[gw1]\u001b[36m [  0%] \u001b[0m\u001b[32mPASSED\u001b[0m app\\tests\\services\\synthetic_data\\test_advanced_generation.py::TestAdvancedGenerationMethods::test_generate_with_errors \napp\\tests\\services\\test_agent_service_thread_operations.py::TestAgentServiceThreadOperations::test_delete_thread_handling \napp\\tests\\services\\synthetic_data\\test_advanced_generation.py::TestAdvancedGenerationMethods::test_generate_trace_hierarchies \n[gw3]\u001b[36m [  0%] \u001b[0m\u001b[32mPASSED\u001b[0m app\\tests\\services\\test_database_repository_transactions.py::TestDatabaseRepositoryTransactions::test_successful_transaction_commit \n[gw1]\u001b[36m [  0%] \u001b[0m\u001b[32mPASSED\u001b[0m app\\tests\\services\\synthetic_data\\test_advanced_generation.py::TestAdvancedGenerationMethods::test_generate_trace_hierarchies \napp\\tests\\services\\test_database_repository_transactions.py::TestDatabaseRepositoryTransactions::test_transaction_rollback_on_integrity_error \n[gw2]\u001b[36m [  0%] \u001b[0m\u001b[32mPASSED\u001b[0m app\\tests\\services\\test_agent_service_thread_operations.py::TestAgentServiceThreadOperations::test_delete_thread_handling \napp\\tests\\services\\synthetic_data\\test_advanced_generation.py::TestAdvancedGenerationMethods::test_generate_domain_specific \napp\\tests\\services\\test_agent_service_thread_operations.py::TestAgentServiceThreadOperations::test_list_threads_handling \n[gw1]\u001b[36m [  0%] \u001b[0m\u001b[32mPASSED\u001b[0m app\\tests\\services\\synthetic_data\\test_advanced_generation.py::TestAdvancedGenerationMethods::test_generate_domain_specific \n[gw3]\u001b[36m [  0%] \u001b[0m\u001b[32mPASSED\u001b[0m app\\tests\\services\\test_database_repository_transactions.py::TestDatabaseRepositoryTransactions::test_transaction_rollback_on_integrity_error \napp\\tests\\services\\synthetic_data\\test_advanced_generation.py::TestAdvancedGenerationMethods::test_generate_with_distribution \n[gw2]\u001b[36m [  0%] \u001b[0m\u001b[32mPASSED\u001b[0m app\\tests\\services\\test_agent_service_thread_operations.py::TestAgentServiceThreadOperations::test_list_threads_handling \napp\\tests\\services\\test_database_repository_transactions.py::TestDatabaseRepositoryTransactions::test_transaction_rollback_on_sql_error \n[gw0]\u001b[36m [  0%] \u001b[0m\u001b[32mPASSED\u001b[0m app\\tests\\services\\agents\\test_tools.py::test_tool_dispatcher \napp\\tests\\services\\test_agent_service_thread_operations.py::TestAgentServiceThreadOperations::test_all_thread_operations_batch \napp\\tests\\services\\agents\\test_tools.py::test_tool_dispatcher_tool_not_found \n[gw1]\u001b[36m [  0%] \u001b[0m\u001b[32mPASSED\u001b[0m app\\tests\\services\\synthetic_data\\test_advanced_generation.py::TestAdvancedGenerationMethods::test_generate_with_distribution \n[gw0]\u001b[36m [  0%] \u001b[0m\u001b[32mPASSED\u001b[0m app\\tests\\services\\agents\\test_tools.py::test_tool_dispatcher_tool_not_found \n[gw3]\u001b[36m [  0%] \u001b[0m\u001b[32mPASSED\u001b[0m app\\tests\\services\\test_database_repository_transactions.py::TestDatabaseRepositoryTransactions::test_transaction_rollback_on_sql_error \napp\\tests\\services\\synthetic_data\\test_advanced_generation.py::TestAdvancedGenerationMethods::test_generate_with_custom_tools \napp\\tests\\services\\agents\\test_tools.py::test_tool_dispatcher_tool_error \napp\\tests\\services\\test_database_repository_transactions.py::TestDatabaseRepositoryTransactions::test_transaction_rollback_on_unexpected_error \n[gw2]\u001b[36m [  1%] \u001b[0m\u001b[32mPASSED\u001b[0m app\\tests\\services\\test_agent_service_thread_operations.py::TestAgentServiceThreadOperations::test_all_thread_operations_batch \n[gw1]\u001b[36m [  1%] \u001b[0m\u001b[32mPASSED\u001b[0m app\\tests\\services\\synthetic_data\\test_advanced_generation.py::TestAdvancedGenerationMethods::test_generate_with_custom_tools \napp\\tests\\services\\synthetic_data\\test_advanced_generation.py::TestAdvancedGenerationMethods::test_generate_incremental \n[gw0]\u001b[36m [  1%] \u001b[0m\u001b[32mPASSED\u001b[0m app\\tests\\services\\agents\\test_tools.py::test_tool_dispatcher_tool_error \n[gw3]\u001b[36m [  1%] \u001b[0m\u001b[32mPASSED\u001b[0m app\\tests\\services\\test_database_repository_transactions.py::TestDatabaseRepositoryTransactions::test_transaction_rollback_on_unexpected_error \napp\\tests\\services\\apex_optimizer_agent\\test_tool_builder.py::test_tool_builder_and_dispatcher \napp\\tests\\services\\test_database_repository_transactions.py::TestDatabaseRepositoryTransactions::test_concurrent_transaction_isolation \napp\\tests\\services\\test_agent_service_thread_operations.py::TestAgentServiceThreadOperations::test_websocket_message_handling_json_error \n[gw0]\u001b[36m [  1%] \u001b[0m\u001b[32mPASSED\u001b[0m app\\tests\\services\\apex_optimizer_agent\\test_tool_builder.py::test_tool_builder_and_dispatcher \n[gw2]\u001b[36m [  1%] \u001b[0m\u001b[32mPASSED\u001b[0m app\\tests\\services\\test_agent_service_thread_operations.py::TestAgentServiceThreadOperations::test_websocket_message_handling_json_error \napp\\tests\\services\\apex_optimizer_agent\\tools\\test_advanced_optimization_for_core_function.py::test_advanced_optimization_for_core_function_tool \napp\\tests\\services\\test_apex_optimizer_tool_selection_part1.py::TestApexOptimizerToolSelection::test_tool_selection_cost_optimization \n[gw0]\u001b[36m [  1%] \u001b[0m\u001b[32mPASSED\u001b[0m app\\tests\\services\\apex_optimizer_agent\\tools\\test_advanced_optimization_for_core_function.py::test_advanced_optimization_for_core_function_tool \napp\\tests\\services\\apex_optimizer_agent\\tools\\test_base.py::TestToolMetadata::test_tool_metadata_creation_basic \n[gw0]\u001b[36m [  1%] \u001b[0m\u001b[32mPASSED\u001b[0m app\\tests\\services\\apex_optimizer_agent\\tools\\test_base.py::TestToolMetadata::test_tool_metadata_creation_basic \napp\\tests\\services\\apex_optimizer_agent\\tools\\test_base.py::TestToolMetadata::test_tool_metadata_creation_full \n[gw2]\u001b[36m [  1%] \u001b[0m\u001b[32mPASSED\u001b[0m app\\tests\\services\\test_apex_optimizer_tool_selection_part1.py::TestApexOptimizerToolSelection::test_tool_selection_cost_optimization \n[gw0]\u001b[36m [  1%] \u001b[0m\u001b[32mPASSED\u001b[0m app\\tests\\services\\apex_optimizer_agent\\tools\\test_base.py::TestToolMetadata::test_tool_metadata_creation_full \napp\\tests\\services\\apex_optimizer_agent\\tools\\test_base.py::TestToolMetadata::test_tool_metadata_validation_missing_required \n[gw0]\u001b[36m [  1%] \u001b[0m\u001b[32mPASSED\u001b[0m app\\tests\\services\\apex_optimizer_agent\\tools\\test_base.py::TestToolMetadata::test_tool_metadata_validation_missing_required \napp\\tests\\services\\apex_optimizer_agent\\tools\\test_base.py::TestToolMetadata::test_tool_metadata_dict_conversion \n[gw0]\u001b[36m [  1%] \u001b[0m\u001b[32mPASSED\u001b[0m app\\tests\\services\\apex_optimizer_agent\\tools\\test_base.py::TestToolMetadata::test_tool_metadata_dict_conversion \napp\\tests\\services\\apex_optimizer_agent\\tools\\test_base.py::TestToolMetadata::test_tool_metadata_json_serialization \n[gw0]\u001b[36m [  1%] \u001b[0m\u001b[32mPASSED\u001b[0m app\\tests\\services\\apex_optimizer_agent\\tools\\test_base.py::TestToolMetadata::test_tool_metadata_json_serialization \napp\\tests\\services\\apex_optimizer_agent\\tools\\test_base.py::TestToolMetadata::test_tool_metadata_edge_cases \n[gw0]\u001b[36m [  1%] \u001b[0m\u001b[32mPASSED\u001b[0m app\\tests\\services\\apex_optimizer_agent\\tools\\test_base.py::TestToolMetadata::test_tool_metadata_edge_cases \napp\\tests\\services\\apex_optimizer_agent\\tools\\test_base.py::TestBaseTool::test_base_tool_instantiation \napp\\tests\\services\\test_apex_optimizer_tool_selection_part2.py::TestApexOptimizerAdvancedToolSelection::test_tool_selection_latency_optimization \n[gw0]\u001b[36m [  1%] \u001b[0m\u001b[32mPASSED\u001b[0m app\\tests\\services\\apex_optimizer_agent\\tools\\test_base.py::TestBaseTool::test_base_tool_instantiation \napp\\tests\\services\\apex_optimizer_agent\\tools\\test_base.py::TestBaseTool::test_base_tool_get_metadata \n[gw0]\u001b[36m [  1%] \u001b[0m\u001b[32mPASSED\u001b[0m app\\tests\\services\\apex_optimizer_agent\\tools\\test_base.py::TestBaseTool::test_base_tool_get_metadata \n[gw2]\u001b[36m [  1%] \u001b[0m\u001b[32mPASSED\u001b[0m app\\tests\\services\\test_apex_optimizer_tool_selection_part2.py::TestApexOptimizerAdvancedToolSelection::test_tool_selection_latency_optimization \napp\\tests\\services\\apex_optimizer_agent\\tools\\test_base.py::TestBaseTool::test_base_tool_execute_wrapper \napp\\tests\\services\\test_apex_optimizer_tool_selection_part2.py::TestApexOptimizerAdvancedToolSelection::test_tool_selection_cache_optimization \n[gw2]\u001b[36m [  1%] \u001b[0m\u001b[32mPASSED\u001b[0m app\\tests\\services\\test_apex_optimizer_tool_selection_part2.py::TestApexOptimizerAdvancedToolSelection::test_tool_selection_cache_optimization \napp\\tests\\services\\test_apex_optimizer_tool_selection_part2.py::TestApexOptimizerAdvancedToolSelection::test_tool_selection_model_analysis \n[gw0]\u001b[36m [  1%] \u001b[0m\u001b[32mPASSED\u001b[0m app\\tests\\services\\apex_optimizer_agent\\tools\\test_base.py::TestBaseTool::test_base_tool_execute_wrapper \n[gw2]\u001b[36m [  1%] \u001b[0m\u001b[32mPASSED\u001b[0m app\\tests\\services\\test_apex_optimizer_tool_selection_part2.py::TestApexOptimizerAdvancedToolSelection::test_tool_selection_model_analysis \napp\\tests\\services\\test_apex_optimizer_tool_selection_part2.py::TestApexOptimizerAdvancedToolSelection::test_tool_selection_multi_objective \n[gw2]\u001b[36m [  1%] \u001b[0m\u001b[32mPASSED\u001b[0m app\\tests\\services\\test_apex_optimizer_tool_selection_part2.py::TestApexOptimizerAdvancedToolSelection::test_tool_selection_multi_objective \napp\\tests\\services\\test_apex_optimizer_tool_selection_part2.py::TestApexOptimizerAdvancedToolSelection::test_tool_selection_empty_query \n[gw2]\u001b[36m [  2%] \u001b[0m\u001b[32mPASSED\u001b[0m app\\tests\\services\\test_apex_optimizer_tool_selection_part2.py::TestApexOptimizerAdvancedToolSelection::test_tool_selection_empty_query \n[gw1]\u001b[36m [  2%] \u001b[0m\u001b[32mPASSED\u001b[0m app\\tests\\services\\synthetic_data\\test_advanced_generation.py::TestAdvancedGenerationMethods::test_generate_incremental \napp\\tests\\services\\apex_optimizer_agent\\tools\\test_base.py::TestBaseTool::test_base_tool_execute_failure \napp\\tests\\services\\test_apex_optimizer_tool_selection_part2.py::TestApexOptimizerAdvancedToolSelection::test_tool_selection_llm_failure \napp\\tests\\services\\synthetic_data\\test_advanced_generation.py::TestAdvancedGenerationMethods::test_generate_from_corpus \n[gw0]\u001b[36m [  2%] \u001b[0m\u001b[32mPASSED\u001b[0m app\\tests\\services\\apex_optimizer_agent\\tools\\test_base.py::TestBaseTool::test_base_tool_execute_failure \n[gw1]\u001b[36m [  2%] \u001b[0m\u001b[32mPASSED\u001b[0m app\\tests\\services\\synthetic_data\\test_advanced_generation.py::TestAdvancedGenerationMethods::test_generate_from_corpus \n[gw2]\u001b[36m [  2%] \u001b[0m\u001b[32mPASSED\u001b[0m app\\tests\\services\\test_apex_optimizer_tool_selection_part2.py::TestApexOptimizerAdvancedToolSelection::test_tool_selection_llm_failure \napp\\tests\\services\\apex_optimizer_agent\\tools\\test_base.py::TestBaseTool::test_concrete_tool_run_method \napp\\tests\\services\\synthetic_data\\test_content_generation.py::TestContentGeneration::test_generate_content_with_corpus \napp\\tests\\services\\test_apex_optimizer_tool_selection_part2.py::TestApexOptimizerAdvancedToolSelection::test_tool_selection_invalid_json_response \n[gw1]\u001b[36m [  2%] \u001b[0m\u001b[32mPASSED\u001b[0m app\\tests\\services\\synthetic_data\\test_content_generation.py::TestContentGeneration::test_generate_content_with_corpus \napp\\tests\\services\\synthetic_data\\test_content_generation.py::TestContentGeneration::test_generate_content_synthetic \n[gw0]\u001b[36m [  2%] \u001b[0m\u001b[32mPASSED\u001b[0m app\\tests\\services\\apex_optimizer_agent\\tools\\test_base.py::TestBaseTool::test_concrete_tool_run_method \n[gw2]\u001b[36m [  2%] \u001b[0m\u001b[32mPASSED\u001b[0m app\\tests\\services\\test_apex_optimizer_tool_selection_part2.py::TestApexOptimizerAdvancedToolSelection::test_tool_selection_invalid_json_response \n[gw1]\u001b[36m [  2%] \u001b[0m\u001b[32mPASSED\u001b[0m app\\tests\\services\\synthetic_data\\test_content_generation.py::TestContentGeneration::test_generate_content_synthetic \napp\\tests\\services\\synthetic_data\\test_content_generation.py::TestContentGeneration::test_generate_content_all_workload_types \napp\\tests\\services\\test_apex_optimizer_tool_selection_part2.py::TestApexOptimizerAdvancedToolSelection::test_custom_tool_selection \napp\\tests\\services\\apex_optimizer_agent\\tools\\test_base.py::TestBaseTool::test_base_tool_with_llm_name \n[gw0]\u001b[36m [  2%] \u001b[0m\u001b[32mPASSED\u001b[0m app\\tests\\services\\apex_optimizer_agent\\tools\\test_base.py::TestBaseTool::test_base_tool_with_llm_name \n[gw1]\u001b[36m [  2%] \u001b[0m\u001b[32mPASSED\u001b[0m app\\tests\\services\\synthetic_data\\test_content_generation.py::TestContentGeneration::test_generate_content_all_workload_types \napp\\tests\\services\\apex_optimizer_agent\\tools\\test_base.py::TestBaseTool::test_base_tool_multiple_executions \napp\\tests\\services\\synthetic_data\\test_data_quality_validation.py::TestDataQualityValidation::test_schema_validation \n[gw2]\u001b[36m [  2%] \u001b[0m\u001b[32mPASSED\u001b[0m app\\tests\\services\\test_apex_optimizer_tool_selection_part2.py::TestApexOptimizerAdvancedToolSelection::test_custom_tool_selection \n[gw0]\u001b[36m [  2%] \u001b[0m\u001b[32mPASSED\u001b[0m app\\tests\\services\\apex_optimizer_agent\\tools\\test_base.py::TestBaseTool::test_base_tool_multiple_executions \n[gw1]\u001b[36m [  2%] \u001b[0m\u001b[32mPASSED\u001b[0m app\\tests\\services\\synthetic_data\\test_data_quality_validation.py::TestDataQualityValidation::test_schema_validation \napp\\tests\\services\\apex_optimizer_agent\\tools\\test_base.py::TestBaseTool::test_base_tool_concurrent_execution \napp\\tests\\services\\synthetic_data\\test_data_quality_validation.py::TestDataQualityValidation::test_statistical_distribution_validation \n[gw0]\u001b[36m [  2%] \u001b[0m\u001b[32mPASSED\u001b[0m app\\tests\\services\\apex_optimizer_agent\\tools\\test_base.py::TestBaseTool::test_base_tool_concurrent_execution \napp\\tests\\services\\apex_optimizer_agent\\tools\\test_base.py::TestBaseTool::test_base_tool_execute_without_metadata_attribute \n[gw0]\u001b[36m [  2%] \u001b[0m\u001b[32mPASSED\u001b[0m app\\tests\\services\\apex_optimizer_agent\\tools\\test_base.py::TestBaseTool::test_base_tool_execute_without_metadata_attribute \napp\\tests\\services\\apex_optimizer_agent\\tools\\test_base.py::TestBaseTool::test_base_tool_inheritance_chain \n[gw0]\u001b[36m [  2%] \u001b[0m\u001b[32mPASSED\u001b[0m app\\tests\\services\\apex_optimizer_agent\\tools\\test_base.py::TestBaseTool::test_base_tool_inheritance_chain \napp\\tests\\services\\apex_optimizer_agent\\tools\\test_base.py::TestBaseTool::test_base_tool_with_complex_kwargs \n[gw3]\u001b[36m [  2%] \u001b[0m\u001b[32mPASSED\u001b[0m app\\tests\\services\\test_database_repository_transactions.py::TestDatabaseRepositoryTransactions::test_concurrent_transaction_isolation \napp\\tests\\services\\test_apex_optimizer_tool_selection_part3.py::TestApexOptimizerToolChaining::test_simple_tool_chain_execution \n[gw0]\u001b[36m [  2%] \u001b[0m\u001b[32mPASSED\u001b[0m app\\tests\\services\\apex_optimizer_agent\\tools\\test_base.py::TestBaseTool::test_base_tool_with_complex_kwargs \napp\\tests\\services\\test_database_repository_transactions.py::TestDatabaseRepositoryTransactions::test_transaction_timeout_handling \napp\\tests\\services\\apex_optimizer_agent\\tools\\test_base.py::TestBaseTool::test_base_tool_exception_types \n[gw0]\u001b[36m [  2%] \u001b[0m\u001b[32mPASSED\u001b[0m app\\tests\\services\\apex_optimizer_agent\\tools\\test_base.py::TestBaseTool::test_base_tool_exception_types \napp\\tests\\services\\apex_optimizer_agent\\tools\\test_base.py::TestBaseTool::test_base_tool_async_delay \n[gw1]\u001b[36m [  2%] \u001b[0m\u001b[32mPASSED\u001b[0m app\\tests\\services\\synthetic_data\\test_data_quality_validation.py::TestDataQualityValidation::test_statistical_distribution_validation \napp\\tests\\services\\synthetic_data\\test_data_quality_validation.py::TestDataQualityValidation::test_referential_integrity_validation \n[gw1]\u001b[36m [  2%] \u001b[0m\u001b[32mPASSED\u001b[0m app\\tests\\services\\synthetic_data\\test_data_quality_validation.py::TestDataQualityValidation::test_referential_integrity_validation \napp\\tests\\services\\synthetic_data\\test_data_quality_validation.py::TestDataQualityValidation::test_temporal_consistency_validation \n[gw1]\u001b[36m [  3%] \u001b[0m\u001b[32mPASSED\u001b[0m app\\tests\\services\\synthetic_data\\test_data_quality_validation.py::TestDataQualityValidation::test_temporal_consistency_validation \napp\\tests\\services\\synthetic_data\\test_data_quality_validation.py::TestDataQualityValidation::test_data_completeness_validation \n[gw1]\u001b[36m [  3%] \u001b[0m\u001b[32mPASSED\u001b[0m app\\tests\\services\\synthetic_data\\test_data_quality_validation.py::TestDataQualityValidation::test_data_completeness_validation \napp\\tests\\services\\synthetic_data\\test_data_quality_validation.py::TestDataQualityValidation::test_anomaly_detection_in_generated_data \n[gw1]\u001b[36m [  3%] \u001b[0m\u001b[32mPASSED\u001b[0m app\\tests\\services\\synthetic_data\\test_data_quality_validation.py::TestDataQualityValidation::test_anomaly_detection_in_generated_data \napp\\tests\\services\\synthetic_data\\test_data_quality_validation.py::TestDataQualityValidation::test_correlation_preservation \n[gw1]\u001b[36m [  3%] \u001b[0m\u001b[32mPASSED\u001b[0m app\\tests\\services\\synthetic_data\\test_data_quality_validation.py::TestDataQualityValidation::test_correlation_preservation \napp\\tests\\services\\synthetic_data\\test_data_quality_validation.py::TestDataQualityValidation::test_quality_metrics_calculation \n[gw1]\u001b[36m [  3%] \u001b[0m\u001b[33mSKIPPED\u001b[0m app\\tests\\services\\synthetic_data\\test_data_quality_validation.py::TestDataQualityValidation::test_quality_metrics_calculation \napp\\tests\\services\\synthetic_data\\test_data_quality_validation.py::TestDataQualityValidation::test_data_diversity_validation \n[gw1]\u001b[36m [  3%] \u001b[0m\u001b[33mSKIPPED\u001b[0m app\\tests\\services\\synthetic_data\\test_data_quality_validation.py::TestDataQualityValidation::test_data_diversity_validation \napp\\tests\\services\\synthetic_data\\test_data_quality_validation.py::TestDataQualityValidation::test_validation_report_generation \n[gw1]\u001b[36m [  3%] \u001b[0m\u001b[33mSKIPPED\u001b[0m app\\tests\\services\\synthetic_data\\test_data_quality_validation.py::TestDataQualityValidation::test_validation_report_generation \napp\\tests\\services\\synthetic_data\\test_error_handling.py::TestCircuitBreakerAndErrorHandling::test_get_circuit_breaker \n[gw1]\u001b[36m [  3%] \u001b[0m\u001b[33mSKIPPED\u001b[0m app\\tests\\services\\synthetic_data\\test_error_handling.py::TestCircuitBreakerAndErrorHandling::test_get_circuit_breaker \napp\\tests\\services\\synthetic_data\\test_error_handling.py::TestCircuitBreakerAndErrorHandling::test_circuit_breaker_functionality \n[gw1]\u001b[36m [  3%] \u001b[0m\u001b[33mSKIPPED\u001b[0m app\\tests\\services\\synthetic_data\\test_error_handling.py::TestCircuitBreakerAndErrorHandling::test_circuit_breaker_functionality \napp\\tests\\services\\synthetic_data\\test_error_handling.py::TestErrorScenarios::test_generate_with_anomalies_method \n[gw0]\u001b[36m [  3%] \u001b[0m\u001b[32mPASSED\u001b[0m app\\tests\\services\\apex_optimizer_agent\\tools\\test_base.py::TestBaseTool::test_base_tool_async_delay \n[gw1]\u001b[36m [  3%] \u001b[0m\u001b[32mPASSED\u001b[0m app\\tests\\services\\synthetic_data\\test_error_handling.py::TestErrorScenarios::test_generate_with_anomalies_method \napp\\tests\\services\\apex_optimizer_agent\\tools\\test_cost_analyzer.py::TestCostAnalyzer::test_cost_analyzer_basic_functionality \napp\\tests\\services\\synthetic_data\\test_error_handling.py::TestErrorScenarios::test_detect_anomalies \n[gw0]\u001b[36m [  3%] \u001b[0m\u001b[32mPASSED\u001b[0m app\\tests\\services\\apex_optimizer_agent\\tools\\test_cost_analyzer.py::TestCostAnalyzer::test_cost_analyzer_basic_functionality \n[gw1]\u001b[36m [  3%] \u001b[0m\u001b[32mPASSED\u001b[0m app\\tests\\services\\synthetic_data\\test_error_handling.py::TestErrorScenarios::test_detect_anomalies \napp\\tests\\services\\apex_optimizer_agent\\tools\\test_cost_analyzer.py::TestCostAnalyzer::test_cost_analyzer_empty_logs \napp\\tests\\services\\synthetic_data\\test_error_handling.py::TestErrorScenarios::test_calculate_correlation \n[gw0]\u001b[36m [  3%] \u001b[0m\u001b[32mPASSED\u001b[0m app\\tests\\services\\apex_optimizer_agent\\tools\\test_cost_analyzer.py::TestCostAnalyzer::test_cost_analyzer_empty_logs \n[gw1]\u001b[36m [  3%] \u001b[0m\u001b[32mPASSED\u001b[0m app\\tests\\services\\synthetic_data\\test_error_handling.py::TestErrorScenarios::test_calculate_correlation \napp\\tests\\services\\apex_optimizer_agent\\tools\\test_cost_analyzer.py::TestCostAnalyzer::test_cost_analyzer_single_log \napp\\tests\\services\\synthetic_data\\test_error_handling.py::TestErrorScenarios::test_calculate_correlation_no_data \n[gw1]\u001b[36m [  3%] \u001b[0m\u001b[32mPASSED\u001b[0m app\\tests\\services\\synthetic_data\\test_error_handling.py::TestErrorScenarios::test_calculate_correlation_no_data \n[gw0]\u001b[36m [  3%] \u001b[0m\u001b[32mPASSED\u001b[0m app\\tests\\services\\apex_optimizer_agent\\tools\\test_cost_analyzer.py::TestCostAnalyzer::test_cost_analyzer_single_log \napp\\tests\\services\\synthetic_data\\test_error_handling.py::TestErrorScenarios::test_calculate_correlation_invalid_data \napp\\tests\\services\\apex_optimizer_agent\\tools\\test_cost_analyzer.py::TestCostAnalyzer::test_cost_analyzer_large_costs \n[gw1]\u001b[36m [  3%] \u001b[0m\u001b[32mPASSED\u001b[0m app\\tests\\services\\synthetic_data\\test_error_handling.py::TestErrorScenarios::test_calculate_correlation_invalid_data \n[gw0]\u001b[36m [  3%] \u001b[0m\u001b[32mPASSED\u001b[0m app\\tests\\services\\apex_optimizer_agent\\tools\\test_cost_analyzer.py::TestCostAnalyzer::test_cost_analyzer_large_costs \napp\\tests\\services\\apex_optimizer_agent\\tools\\test_cost_analyzer.py::TestCostAnalyzer::test_cost_analyzer_zero_costs \napp\\tests\\services\\synthetic_data\\test_error_recovery.py::TestErrorRecovery::test_corpus_unavailable_fallback \n[gw2]\u001b[36m [  3%] \u001b[0m\u001b[32mPASSED\u001b[0m app\\tests\\services\\test_apex_optimizer_tool_selection_part3.py::TestApexOptimizerToolChaining::test_simple_tool_chain_execution \n[gw0]\u001b[36m [  3%] \u001b[0m\u001b[32mPASSED\u001b[0m app\\tests\\services\\apex_optimizer_agent\\tools\\test_cost_analyzer.py::TestCostAnalyzer::test_cost_analyzer_zero_costs \napp\\tests\\services\\test_apex_optimizer_tool_selection_part3.py::TestApexOptimizerToolChaining::test_conditional_tool_chaining \napp\\tests\\services\\apex_optimizer_agent\\tools\\test_cost_analyzer.py::TestCostAnalyzer::test_cost_analyzer_fractional_cents \n[gw0]\u001b[36m [  4%] \u001b[0m\u001b[32mPASSED\u001b[0m app\\tests\\services\\apex_optimizer_agent\\tools\\test_cost_analyzer.py::TestCostAnalyzer::test_cost_analyzer_fractional_cents \napp\\tests\\services\\apex_optimizer_agent\\tools\\test_cost_analyzer.py::TestCostAnalyzer::test_cost_analyzer_exception_handling \n[gw0]\u001b[36m [  4%] \u001b[0m\u001b[32mPASSED\u001b[0m app\\tests\\services\\apex_optimizer_agent\\tools\\test_cost_analyzer.py::TestCostAnalyzer::test_cost_analyzer_exception_handling \napp\\tests\\services\\apex_optimizer_agent\\tools\\test_cost_analyzer.py::TestCostAnalyzer::test_cost_analyzer_async_execution \n[gw1]\u001b[36m [  4%] \u001b[0m\u001b[32mPASSED\u001b[0m app\\tests\\services\\synthetic_data\\test_error_recovery.py::TestErrorRecovery::test_corpus_unavailable_fallback \n[gw0]\u001b[36m [  4%] \u001b[0m\u001b[32mPASSED\u001b[0m app\\tests\\services\\apex_optimizer_agent\\tools\\test_cost_analyzer.py::TestCostAnalyzer::test_cost_analyzer_async_execution \napp\\tests\\services\\synthetic_data\\test_error_recovery.py::TestErrorRecovery::test_clickhouse_connection_recovery \napp\\tests\\services\\apex_optimizer_agent\\tools\\test_cost_analyzer.py::TestCostAnalyzer::test_cost_analyzer_concurrent_logs \n[gw0]\u001b[36m [  4%] \u001b[0m\u001b[32mPASSED\u001b[0m app\\tests\\services\\apex_optimizer_agent\\tools\\test_cost_analyzer.py::TestCostAnalyzer::test_cost_analyzer_concurrent_logs \napp\\tests\\services\\apex_optimizer_agent\\tools\\test_cost_analyzer.py::TestCostAnalyzer::test_cost_analyzer_negative_costs \n[gw0]\u001b[36m [  4%] \u001b[0m\u001b[32mPASSED\u001b[0m app\\tests\\services\\apex_optimizer_agent\\tools\\test_cost_analyzer.py::TestCostAnalyzer::test_cost_analyzer_negative_costs \napp\\tests\\services\\apex_optimizer_agent\\tools\\test_cost_analyzer.py::TestCostAnalyzer::test_cost_analyzer_mixed_model_types \n[gw0]\u001b[36m [  4%] \u001b[0m\u001b[32mPASSED\u001b[0m app\\tests\\services\\apex_optimizer_agent\\tools\\test_cost_analyzer.py::TestCostAnalyzer::test_cost_analyzer_mixed_model_types \napp\\tests\\services\\apex_optimizer_agent\\tools\\test_cost_analyzer.py::TestCostAnalyzer::test_cost_analyzer_partial_failure \n[gw0]\u001b[36m [  4%] \u001b[0m\u001b[32mPASSED\u001b[0m app\\tests\\services\\apex_optimizer_agent\\tools\\test_cost_analyzer.py::TestCostAnalyzer::test_cost_analyzer_partial_failure \n[gw1]\u001b[36m [  4%] \u001b[0m\u001b[32mPASSED\u001b[0m app\\tests\\services\\synthetic_data\\test_error_recovery.py::TestErrorRecovery::test_clickhouse_connection_recovery \napp\\tests\\services\\apex_optimizer_agent\\tools\\test_cost_analyzer.py::TestCostAnalyzer::test_cost_analyzer_rounding_edge_cases \napp\\tests\\services\\synthetic_data\\test_error_recovery.py::TestErrorRecovery::test_generation_checkpoint_recovery \n[gw1]\u001b[36m [  4%] \u001b[0m\u001b[32mPASSED\u001b[0m app\\tests\\services\\synthetic_data\\test_error_recovery.py::TestErrorRecovery::test_generation_checkpoint_recovery \n[gw0]\u001b[36m [  4%] \u001b[0m\u001b[32mPASSED\u001b[0m app\\tests\\services\\apex_optimizer_agent\\tools\\test_cost_analyzer.py::TestCostAnalyzer::test_cost_analyzer_rounding_edge_cases \napp\\tests\\services\\synthetic_data\\test_error_recovery.py::TestErrorRecovery::test_websocket_disconnect_recovery \napp\\tests\\services\\apex_optimizer_agent\\tools\\test_cost_reduction_quality_preservation.py::test_cost_reduction_quality_preservation_tool \n[gw0]\u001b[36m [  4%] \u001b[0m\u001b[32mPASSED\u001b[0m app\\tests\\services\\apex_optimizer_agent\\tools\\test_cost_reduction_quality_preservation.py::test_cost_reduction_quality_preservation_tool \n[gw1]\u001b[36m [  4%] \u001b[0m\u001b[32mPASSED\u001b[0m app\\tests\\services\\synthetic_data\\test_error_recovery.py::TestErrorRecovery::test_websocket_disconnect_recovery \napp\\tests\\services\\apex_optimizer_agent\\tools\\test_cost_simulation_for_increased_usage.py::test_cost_simulation_for_increased_usage_tool \napp\\tests\\services\\synthetic_data\\test_error_recovery.py::TestErrorRecovery::test_memory_overflow_handling \n[gw0]\u001b[36m [  4%] \u001b[0m\u001b[32mPASSED\u001b[0m app\\tests\\services\\apex_optimizer_agent\\tools\\test_cost_simulation_for_increased_usage.py::test_cost_simulation_for_increased_usage_tool \n[gw1]\u001b[36m [  4%] \u001b[0m\u001b[32mPASSED\u001b[0m app\\tests\\services\\synthetic_data\\test_error_recovery.py::TestErrorRecovery::test_memory_overflow_handling \napp\\tests\\services\\apex_optimizer_agent\\tools\\test_kv_cache_optimization_audit.py::test_kv_cache_optimization_audit_tool \napp\\tests\\services\\synthetic_data\\test_error_recovery.py::TestErrorRecovery::test_circuit_breaker_operation \n[gw0]\u001b[36m [  4%] \u001b[0m\u001b[32mPASSED\u001b[0m app\\tests\\services\\apex_optimizer_agent\\tools\\test_kv_cache_optimization_audit.py::test_kv_cache_optimization_audit_tool \napp\\tests\\services\\apex_optimizer_agent\\tools\\test_latency_analyzer.py::TestLatencyAnalyzer::test_latency_analyzer_basic_functionality \n[gw0]\u001b[36m [  4%] \u001b[0m\u001b[32mPASSED\u001b[0m app\\tests\\services\\apex_optimizer_agent\\tools\\test_latency_analyzer.py::TestLatencyAnalyzer::test_latency_analyzer_basic_functionality \napp\\tests\\services\\apex_optimizer_agent\\tools\\test_latency_analyzer.py::TestLatencyAnalyzer::test_latency_analyzer_empty_logs \n[gw0]\u001b[36m [  4%] \u001b[0m\u001b[32mPASSED\u001b[0m app\\tests\\services\\apex_optimizer_agent\\tools\\test_latency_analyzer.py::TestLatencyAnalyzer::test_latency_analyzer_empty_logs \napp\\tests\\services\\apex_optimizer_agent\\tools\\test_latency_analyzer.py::TestLatencyAnalyzer::test_latency_analyzer_single_log \n[gw0]\u001b[36m [  4%] \u001b[0m\u001b[32mPASSED\u001b[0m app\\tests\\services\\apex_optimizer_agent\\tools\\test_latency_analyzer.py::TestLatencyAnalyzer::test_latency_analyzer_single_log \napp\\tests\\services\\apex_optimizer_agent\\tools\\test_latency_analyzer.py::TestLatencyAnalyzer::test_latency_analyzer_high_latency_values \n[gw0]\u001b[36m [  4%] \u001b[0m\u001b[32mPASSED\u001b[0m app\\tests\\services\\apex_optimizer_agent\\tools\\test_latency_analyzer.py::TestLatencyAnalyzer::test_latency_analyzer_high_latency_values \napp\\tests\\services\\apex_optimizer_agent\\tools\\test_latency_analyzer.py::TestLatencyAnalyzer::test_latency_analyzer_zero_latency \n[gw2]\u001b[36m [  4%] \u001b[0m\u001b[32mPASSED\u001b[0m app\\tests\\services\\test_apex_optimizer_tool_selection_part3.py::TestApexOptimizerToolChaining::test_conditional_tool_chaining \n[gw0]\u001b[36m [  4%] \u001b[0m\u001b[32mPASSED\u001b[0m app\\tests\\services\\apex_optimizer_agent\\tools\\test_latency_analyzer.py::TestLatencyAnalyzer::test_latency_analyzer_zero_latency \napp\\tests\\services\\test_apex_optimizer_tool_selection_part3.py::TestApexOptimizerToolChaining::test_parallel_tool_execution \napp\\tests\\services\\apex_optimizer_agent\\tools\\test_latency_analyzer.py::TestLatencyAnalyzer::test_latency_analyzer_sub_millisecond_latency \n[gw0]\u001b[36m [  5%] \u001b[0m\u001b[32mPASSED\u001b[0m app\\tests\\services\\apex_optimizer_agent\\tools\\test_latency_analyzer.py::TestLatencyAnalyzer::test_latency_analyzer_sub_millisecond_latency \napp\\tests\\services\\apex_optimizer_agent\\tools\\test_latency_analyzer.py::TestLatencyAnalyzer::test_latency_analyzer_exception_handling \n[gw3]\u001b[36m [  5%] \u001b[0m\u001b[32mPASSED\u001b[0m app\\tests\\services\\test_database_repository_transactions.py::TestDatabaseRepositoryTransactions::test_transaction_timeout_handling \napp\\tests\\services\\test_database_repository_transactions.py::TestDatabaseRepositoryTransactions::test_nested_transaction_handling \n[gw0]\u001b[36m [  5%] \u001b[0m\u001b[32mPASSED\u001b[0m app\\tests\\services\\apex_optimizer_agent\\tools\\test_latency_analyzer.py::TestLatencyAnalyzer::test_latency_analyzer_exception_handling \napp\\tests\\services\\apex_optimizer_agent\\tools\\test_latency_analyzer.py::TestLatencyAnalyzer::test_latency_analyzer_async_execution \n[gw3]\u001b[36m [  5%] \u001b[0m\u001b[32mPASSED\u001b[0m app\\tests\\services\\test_database_repository_transactions.py::TestDatabaseRepositoryTransactions::test_nested_transaction_handling \napp\\tests\\services\\test_database_repository_transactions.py::TestDatabaseRepositoryTransactions::test_batch_operation_transaction_consistency \n[gw3]\u001b[36m [  5%] \u001b[0m\u001b[32mPASSED\u001b[0m app\\tests\\services\\test_database_repository_transactions.py::TestDatabaseRepositoryTransactions::test_batch_operation_transaction_consistency \napp\\tests\\services\\test_database_repository_transactions.py::TestDatabaseRepositoryTransactions::test_deadlock_detection_and_retry \n[gw1]\u001b[36m [  5%] \u001b[0m\u001b[32mPASSED\u001b[0m app\\tests\\services\\synthetic_data\\test_error_recovery.py::TestErrorRecovery::test_circuit_breaker_operation \n[gw3]\u001b[36m [  5%] \u001b[0m\u001b[32mPASSED\u001b[0m app\\tests\\services\\test_database_repository_transactions.py::TestDatabaseRepositoryTransactions::test_deadlock_detection_and_retry \napp\\tests\\services\\test_database_repository_transactions.py::TestDatabaseRepositoryTransactions::test_connection_recovery_handling \n[gw3]\u001b[36m [  5%] \u001b[0m\u001b[32mPASSED\u001b[0m app\\tests\\services\\test_database_repository_transactions.py::TestDatabaseRepositoryTransactions::test_connection_recovery_handling \napp\\tests\\services\\synthetic_data\\test_error_recovery.py::TestErrorRecovery::test_dead_letter_queue_processing \napp\\tests\\services\\test_database_repository_transactions.py::TestUnitOfWorkTransactions::test_unit_of_work_successful_transaction \n[gw1]\u001b[36m [  5%] \u001b[0m\u001b[32mPASSED\u001b[0m app\\tests\\services\\synthetic_data\\test_error_recovery.py::TestErrorRecovery::test_dead_letter_queue_processing \napp\\tests\\services\\synthetic_data\\test_error_recovery.py::TestErrorRecovery::test_transaction_rollback \n[gw1]\u001b[36m [  5%] \u001b[0m\u001b[32mPASSED\u001b[0m app\\tests\\services\\synthetic_data\\test_error_recovery.py::TestErrorRecovery::test_transaction_rollback \napp\\tests\\services\\synthetic_data\\test_error_recovery.py::TestErrorRecovery::test_idempotent_generation \n[gw3]\u001b[36m [  5%] \u001b[0m\u001b[32mPASSED\u001b[0m app\\tests\\services\\test_database_repository_transactions.py::TestUnitOfWorkTransactions::test_unit_of_work_successful_transaction \napp\\tests\\services\\test_database_repository_transactions.py::TestUnitOfWorkTransactions::test_unit_of_work_rollback_on_exception \n[gw1]\u001b[36m [  5%] \u001b[0m\u001b[32mPASSED\u001b[0m app\\tests\\services\\synthetic_data\\test_error_recovery.py::TestErrorRecovery::test_idempotent_generation \n[gw0]\u001b[36m [  5%] \u001b[0m\u001b[32mPASSED\u001b[0m app\\tests\\services\\apex_optimizer_agent\\tools\\test_latency_analyzer.py::TestLatencyAnalyzer::test_latency_analyzer_async_execution \n[gw2]\u001b[36m [  5%] \u001b[0m\u001b[32mPASSED\u001b[0m app\\tests\\services\\test_apex_optimizer_tool_selection_part3.py::TestApexOptimizerToolChaining::test_parallel_tool_execution \napp\\tests\\services\\synthetic_data\\test_error_recovery.py::TestErrorRecovery::test_graceful_degradation \napp\\tests\\services\\apex_optimizer_agent\\tools\\test_latency_analyzer.py::TestLatencyAnalyzer::test_latency_analyzer_large_dataset \napp\\tests\\services\\test_apex_optimizer_tool_selection_part3.py::TestApexOptimizerToolChaining::test_tool_chain_error_handling \n[gw1]\u001b[36m [  5%] \u001b[0m\u001b[32mPASSED\u001b[0m app\\tests\\services\\synthetic_data\\test_error_recovery.py::TestErrorRecovery::test_graceful_degradation \n[gw3]\u001b[36m [  5%] \u001b[0m\u001b[32mPASSED\u001b[0m app\\tests\\services\\test_database_repository_transactions.py::TestUnitOfWorkTransactions::test_unit_of_work_rollback_on_exception \napp\\tests\\services\\synthetic_data\\test_ingestion.py::TestIngestionMethods::test_ingest_with_retry_success \napp\\tests\\services\\test_database_repository_transactions.py::TestUnitOfWorkTransactions::test_unit_of_work_with_external_session \n[gw1]\u001b[36m [  5%] \u001b[0m\u001b[32mPASSED\u001b[0m app\\tests\\services\\synthetic_data\\test_ingestion.py::TestIngestionMethods::test_ingest_with_retry_success \napp\\tests\\services\\synthetic_data\\test_ingestion.py::TestIngestionMethods::test_ingest_with_retry_failure \n[gw3]\u001b[36m [  5%] \u001b[0m\u001b[32mPASSED\u001b[0m app\\tests\\services\\test_database_repository_transactions.py::TestUnitOfWorkTransactions::test_unit_of_work_with_external_session \napp\\tests\\services\\test_database_repository_transactions.py::TestUnitOfWorkTransactions::test_unit_of_work_complex_transaction \n[gw3]\u001b[36m [  5%] \u001b[0m\u001b[32mPASSED\u001b[0m app\\tests\\services\\test_database_repository_transactions.py::TestUnitOfWorkTransactions::test_unit_of_work_complex_transaction \napp\\tests\\services\\test_database_repository_transactions.py::TestUnitOfWorkTransactions::test_unit_of_work_partial_failure_rollback \n[gw3]\u001b[36m [  5%] \u001b[0m\u001b[32mPASSED\u001b[0m app\\tests\\services\\test_database_repository_transactions.py::TestUnitOfWorkTransactions::test_unit_of_work_partial_failure_rollback \napp\\tests\\services\\test_database_repository_transactions.py::TestTransactionPerformanceAndScaling::test_high_concurrency_transactions \n[gw1]\u001b[36m [  5%] \u001b[0m\u001b[32mPASSED\u001b[0m app\\tests\\services\\synthetic_data\\test_ingestion.py::TestIngestionMethods::test_ingest_with_retry_failure \napp\\tests\\services\\synthetic_data\\test_ingestion.py::TestIngestionMethods::test_ingest_with_deduplication \n[gw1]\u001b[36m [  6%] \u001b[0m\u001b[32mPASSED\u001b[0m app\\tests\\services\\synthetic_data\\test_ingestion.py::TestIngestionMethods::test_ingest_with_deduplication \napp\\tests\\services\\synthetic_data\\test_ingestion.py::TestIngestionMethods::test_ingest_with_transform \n[gw1]\u001b[36m [  6%] \u001b[0m\u001b[32mPASSED\u001b[0m app\\tests\\services\\synthetic_data\\test_ingestion.py::TestIngestionMethods::test_ingest_with_transform \napp\\tests\\services\\synthetic_data\\test_initialization.py::TestServiceInitialization::test_initialization \n[gw1]\u001b[36m [  6%] \u001b[0m\u001b[32mPASSED\u001b[0m app\\tests\\services\\synthetic_data\\test_initialization.py::TestServiceInitialization::test_initialization \napp\\tests\\services\\synthetic_data\\test_initialization.py::TestServiceInitialization::test_default_tools_structure \n[gw1]\u001b[36m [  6%] \u001b[0m\u001b[32mPASSED\u001b[0m app\\tests\\services\\synthetic_data\\test_initialization.py::TestServiceInitialization::test_default_tools_structure \napp\\tests\\services\\synthetic_data\\test_initialization.py::TestWorkloadTypeSelection::test_select_workload_type \n[gw3]\u001b[36m [  6%] \u001b[0m\u001b[32mPASSED\u001b[0m app\\tests\\services\\test_database_repository_transactions.py::TestTransactionPerformanceAndScaling::test_high_concurrency_transactions \napp\\tests\\services\\test_database_repository_transactions.py::TestTransactionPerformanceAndScaling::test_batch_transaction_performance \n[gw1]\u001b[36m [  6%] \u001b[0m\u001b[32mPASSED\u001b[0m app\\tests\\services\\synthetic_data\\test_initialization.py::TestWorkloadTypeSelection::test_select_workload_type \napp\\tests\\services\\synthetic_data\\test_initialization.py::TestWorkloadTypeSelection::test_select_agent_type \n[gw1]\u001b[36m [  6%] \u001b[0m\u001b[32mPASSED\u001b[0m app\\tests\\services\\synthetic_data\\test_initialization.py::TestWorkloadTypeSelection::test_select_agent_type \napp\\tests\\services\\synthetic_data\\test_table_operations.py::TestTableOperations::test_create_destination_table \n[gw1]\u001b[36m [  6%] \u001b[0m\u001b[32mPASSED\u001b[0m app\\tests\\services\\synthetic_data\\test_table_operations.py::TestTableOperations::test_create_destination_table \n[gw3]\u001b[36m [  6%] \u001b[0m\u001b[32mPASSED\u001b[0m app\\tests\\services\\test_database_repository_transactions.py::TestTransactionPerformanceAndScaling::test_batch_transaction_performance \napp\\tests\\services\\synthetic_data\\test_table_operations.py::TestTableOperations::test_ingest_batch_empty \napp\\tests\\services\\test_database_repository_transactions.py::TestTransactionPerformanceAndScaling::test_transaction_memory_usage \n[gw1]\u001b[36m [  6%] \u001b[0m\u001b[32mPASSED\u001b[0m app\\tests\\services\\synthetic_data\\test_table_operations.py::TestTableOperations::test_ingest_batch_empty \napp\\tests\\services\\synthetic_data\\test_table_operations.py::TestTableOperations::test_ingest_batch_with_data \n[gw1]\u001b[36m [  6%] \u001b[0m\u001b[32mPASSED\u001b[0m app\\tests\\services\\synthetic_data\\test_table_operations.py::TestTableOperations::test_ingest_batch_with_data \napp\\tests\\services\\synthetic_data\\test_tool_invocations.py::TestToolInvocations::test_generate_tool_invocations_simple \n[gw1]\u001b[36m [  6%] \u001b[0m\u001b[32mPASSED\u001b[0m app\\tests\\services\\synthetic_data\\test_tool_invocations.py::TestToolInvocations::test_generate_tool_invocations_simple \napp\\tests\\services\\synthetic_data\\test_tool_invocations.py::TestToolInvocations::test_generate_tool_invocations_orchestration \n[gw1]\u001b[36m [  6%] \u001b[0m\u001b[32mPASSED\u001b[0m app\\tests\\services\\synthetic_data\\test_tool_invocations.py::TestToolInvocations::test_generate_tool_invocations_orchestration \napp\\tests\\services\\synthetic_data\\test_tool_invocations.py::TestToolInvocations::test_generate_tool_invocations_data_analysis \n[gw1]\u001b[36m [  6%] \u001b[0m\u001b[32mPASSED\u001b[0m app\\tests\\services\\synthetic_data\\test_tool_invocations.py::TestToolInvocations::test_generate_tool_invocations_data_analysis \napp\\tests\\services\\synthetic_data\\test_tool_invocations.py::TestToolInvocations::test_generate_tool_invocations_error_scenarios \n[gw1]\u001b[36m [  6%] \u001b[0m\u001b[32mPASSED\u001b[0m app\\tests\\services\\synthetic_data\\test_tool_invocations.py::TestToolInvocations::test_generate_tool_invocations_error_scenarios \napp\\tests\\services\\synthetic_data\\test_tool_invocations.py::TestToolInvocations::test_create_tool_invocation \n[gw1]\u001b[36m [  6%] \u001b[0m\u001b[32mPASSED\u001b[0m app\\tests\\services\\synthetic_data\\test_tool_invocations.py::TestToolInvocations::test_create_tool_invocation \napp\\tests\\services\\synthetic_data\\test_validation.py::TestValidationMethods::test_validate_schema_valid \n[gw1]\u001b[36m [  6%] \u001b[0m\u001b[32mPASSED\u001b[0m app\\tests\\services\\synthetic_data\\test_validation.py::TestValidationMethods::test_validate_schema_valid \napp\\tests\\services\\synthetic_data\\test_validation.py::TestValidationMethods::test_validate_schema_missing_fields \n[gw1]\u001b[36m [  6%] \u001b[0m\u001b[32mPASSED\u001b[0m app\\tests\\services\\synthetic_data\\test_validation.py::TestValidationMethods::test_validate_schema_missing_fields \n[gw2]\u001b[36m [  6%] \u001b[0m\u001b[32mPASSED\u001b[0m app\\tests\\services\\test_apex_optimizer_tool_selection_part3.py::TestApexOptimizerToolChaining::test_tool_chain_error_handling \napp\\tests\\services\\test_apex_optimizer_tool_selection_part3.py::TestApexOptimizerToolChaining::test_tool_chain_cycle_prevention \napp\\tests\\services\\synthetic_data\\test_validation.py::TestValidationMethods::test_validate_schema_invalid_uuid \n[gw1]\u001b[36m [  6%] \u001b[0m\u001b[32mPASSED\u001b[0m app\\tests\\services\\synthetic_data\\test_validation.py::TestValidationMethods::test_validate_schema_invalid_uuid \napp\\tests\\services\\synthetic_data\\test_validation.py::TestValidationMethods::test_validate_schema_invalid_timestamp \n[gw1]\u001b[36m [  6%] \u001b[0m\u001b[32mPASSED\u001b[0m app\\tests\\services\\synthetic_data\\test_validation.py::TestValidationMethods::test_validate_schema_invalid_timestamp \napp\\tests\\services\\synthetic_data\\test_validation.py::TestValidationMethods::test_validate_distribution \n[gw1]\u001b[36m [  6%] \u001b[0m\u001b[32mPASSED\u001b[0m app\\tests\\services\\synthetic_data\\test_validation.py::TestValidationMethods::test_validate_distribution \n[gw0]\u001b[36m [  7%] \u001b[0m\u001b[32mPASSED\u001b[0m app\\tests\\services\\apex_optimizer_agent\\tools\\test_latency_analyzer.py::TestLatencyAnalyzer::test_latency_analyzer_large_dataset \napp\\tests\\services\\synthetic_data\\test_validation.py::TestValidationMethods::test_validate_referential_integrity \napp\\tests\\services\\apex_optimizer_agent\\tools\\test_latency_analyzer.py::TestLatencyAnalyzer::test_latency_analyzer_varied_latencies \n[gw1]\u001b[36m [  7%] \u001b[0m\u001b[32mPASSED\u001b[0m app\\tests\\services\\synthetic_data\\test_validation.py::TestValidationMethods::test_validate_referential_integrity \napp\\tests\\services\\synthetic_data\\test_validation.py::TestValidationMethods::test_validate_temporal_consistency \n[gw0]\u001b[36m [  7%] \u001b[0m\u001b[32mPASSED\u001b[0m app\\tests\\services\\apex_optimizer_agent\\tools\\test_latency_analyzer.py::TestLatencyAnalyzer::test_latency_analyzer_varied_latencies \n[gw1]\u001b[36m [  7%] \u001b[0m\u001b[32mPASSED\u001b[0m app\\tests\\services\\synthetic_data\\test_validation.py::TestValidationMethods::test_validate_temporal_consistency \napp\\tests\\services\\synthetic_data\\test_validation.py::TestValidationMethods::test_validate_completeness \n[gw1]\u001b[36m [  7%] \u001b[0m\u001b[32mPASSED\u001b[0m app\\tests\\services\\synthetic_data\\test_validation.py::TestValidationMethods::test_validate_completeness \napp\\tests\\services\\synthetic_data\\test_validation.py::TestQualityAndDiversityMetrics::test_calculate_quality_metrics \n[gw1]\u001b[36m [  7%] \u001b[0m\u001b[33mSKIPPED\u001b[0m app\\tests\\services\\synthetic_data\\test_validation.py::TestQualityAndDiversityMetrics::test_calculate_quality_metrics \napp\\tests\\services\\synthetic_data\\test_validation.py::TestQualityAndDiversityMetrics::test_calculate_diversity \n[gw1]\u001b[36m [  7%] \u001b[0m\u001b[33mSKIPPED\u001b[0m app\\tests\\services\\synthetic_data\\test_validation.py::TestQualityAndDiversityMetrics::test_calculate_diversity \napp\\tests\\services\\synthetic_data\\test_validation.py::TestQualityAndDiversityMetrics::test_generate_validation_report \n[gw1]\u001b[36m [  7%] \u001b[0m\u001b[33mSKIPPED\u001b[0m app\\tests\\services\\synthetic_data\\test_validation.py::TestQualityAndDiversityMetrics::test_generate_validation_report \napp\\tests\\services\\synthetic_data\\test_websocket_updates.py::TestWebSocketUpdates::test_websocket_connection_management \n[gw1]\u001b[36m [  7%] \u001b[0m\u001b[32mPASSED\u001b[0m app\\tests\\services\\synthetic_data\\test_websocket_updates.py::TestWebSocketUpdates::test_websocket_connection_management \napp\\tests\\services\\apex_optimizer_agent\\tools\\test_latency_analyzer.py::TestLatencyAnalyzer::test_latency_analyzer_partial_failure \n[gw0]\u001b[36m [  7%] \u001b[0m\u001b[32mPASSED\u001b[0m app\\tests\\services\\apex_optimizer_agent\\tools\\test_latency_analyzer.py::TestLatencyAnalyzer::test_latency_analyzer_partial_failure \napp\\tests\\services\\apex_optimizer_agent\\tools\\test_latency_analyzer.py::TestLatencyAnalyzer::test_latency_analyzer_edge_case_rounding \n[gw0]\u001b[36m [  7%] \u001b[0m\u001b[32mPASSED\u001b[0m app\\tests\\services\\apex_optimizer_agent\\tools\\test_latency_analyzer.py::TestLatencyAnalyzer::test_latency_analyzer_edge_case_rounding \napp\\tests\\services\\apex_optimizer_agent\\tools\\test_latency_analyzer.py::TestLatencyAnalyzer::test_latency_analyzer_negative_latencies \n[gw0]\u001b[36m [  7%] \u001b[0m\u001b[32mPASSED\u001b[0m app\\tests\\services\\apex_optimizer_agent\\tools\\test_latency_analyzer.py::TestLatencyAnalyzer::test_latency_analyzer_negative_latencies \napp\\tests\\services\\synthetic_data\\test_websocket_updates.py::TestWebSocketUpdates::test_generation_progress_broadcast \napp\\tests\\services\\apex_optimizer_agent\\tools\\test_latency_analyzer.py::TestLatencyAnalyzer::test_latency_analyzer_mixed_response_formats \n[gw0]\u001b[36m [  7%] \u001b[0m\u001b[32mPASSED\u001b[0m app\\tests\\services\\apex_optimizer_agent\\tools\\test_latency_analyzer.py::TestLatencyAnalyzer::test_latency_analyzer_mixed_response_formats \napp\\tests\\services\\apex_optimizer_agent\\tools\\test_latency_analyzer.py::TestLatencyAnalyzer::test_latency_analyzer_extreme_values \n[gw0]\u001b[36m [  7%] \u001b[0m\u001b[32mPASSED\u001b[0m app\\tests\\services\\apex_optimizer_agent\\tools\\test_latency_analyzer.py::TestLatencyAnalyzer::test_latency_analyzer_extreme_values \napp\\tests\\services\\apex_optimizer_agent\\tools\\test_latency_analyzer.py::TestLatencyAnalyzer::test_latency_analyzer_concurrent_execution_timing \n[gw2]\u001b[36m [  7%] \u001b[0m\u001b[32mPASSED\u001b[0m app\\tests\\services\\test_apex_optimizer_tool_selection_part3.py::TestApexOptimizerToolChaining::test_tool_chain_cycle_prevention \napp\\tests\\services\\test_apex_optimizer_tool_selection_part3.py::TestApexOptimizerToolChaining::test_dynamic_tool_chaining \n[gw1]\u001b[36m [  7%] \u001b[0m\u001b[31mFAILED\u001b[0m app\\tests\\services\\synthetic_data\\test_websocket_updates.py::TestWebSocketUpdates::test_generation_progress_broadcast \n[gw2]\u001b[36m [  7%] \u001b[0m\u001b[32mPASSED\u001b[0m app\\tests\\services\\test_apex_optimizer_tool_selection_part3.py::TestApexOptimizerToolChaining::test_dynamic_tool_chaining \napp\\tests\\services\\test_apex_optimizer_tool_selection_part4.py::TestApexOptimizerPerformanceAndScaling::test_tool_selection_performance \n[gw0]\u001b[36m [  7%] \u001b[0m\u001b[32mPASSED\u001b[0m app\\tests\\services\\apex_optimizer_agent\\tools\\test_latency_analyzer.py::TestLatencyAnalyzer::test_latency_analyzer_concurrent_execution_timing \napp\\tests\\services\\apex_optimizer_agent\\tools\\test_multi_objective_optimization.py::test_multi_objective_optimization_tool \n[gw0]\u001b[36m [  7%] \u001b[0m\u001b[32mPASSED\u001b[0m app\\tests\\services\\apex_optimizer_agent\\tools\\test_multi_objective_optimization.py::test_multi_objective_optimization_tool \napp\\tests\\services\\apex_optimizer_agent\\tools\\test_new_model_effectiveness_analysis.py::test_new_model_effectiveness_analysis_tool \n[gw0]\u001b[36m [  7%] \u001b[0m\u001b[32mPASSED\u001b[0m app\\tests\\services\\apex_optimizer_agent\\tools\\test_new_model_effectiveness_analysis.py::test_new_model_effectiveness_analysis_tool \napp\\tests\\services\\apex_optimizer_agent\\tools\\test_tool_latency_optimization.py::test_tool_latency_optimization_tool \n[gw0]\u001b[36m [  7%] \u001b[0m\u001b[32mPASSED\u001b[0m app\\tests\\services\\apex_optimizer_agent\\tools\\test_tool_latency_optimization.py::test_tool_latency_optimization_tool \napp\\tests\\services\\supply_research_scheduler\\test_integration.py::TestIntegrationScenarios::test_full_workflow_integration <- tests\\helpers\\shared_test_types.py \n[gw3]\u001b[36m [  8%] \u001b[0m\u001b[32mPASSED\u001b[0m app\\tests\\services\\test_database_repository_transactions.py::TestTransactionPerformanceAndScaling::test_transaction_memory_usage \napp\\tests\\services\\test_database_repository_transactions.py::TestTransactionPerformanceAndScaling::test_transaction_resource_cleanup \n[gw0]\u001b[36m [  8%] \u001b[0m\u001b[32mPASSED\u001b[0m app\\tests\\services\\supply_research_scheduler\\test_integration.py::TestIntegrationScenarios::test_full_workflow_integration <- tests\\helpers\\shared_test_types.py \napp\\tests\\services\\supply_research_scheduler\\test_integration.py::TestIntegrationScenarios::test_multi_component_interaction <- tests\\helpers\\shared_test_types.py \n[gw0]\u001b[36m [  8%] \u001b[0m\u001b[32mPASSED\u001b[0m app\\tests\\services\\supply_research_scheduler\\test_integration.py::TestIntegrationScenarios::test_multi_component_interaction <- tests\\helpers\\shared_test_types.py \napp\\tests\\services\\supply_research_scheduler\\test_integration.py::TestIntegrationScenarios::test_end_to_end_data_flow <- tests\\helpers\\shared_test_types.py \n[gw3]\u001b[36m [  8%] \u001b[0m\u001b[32mPASSED\u001b[0m app\\tests\\services\\test_database_repository_transactions.py::TestTransactionPerformanceAndScaling::test_transaction_resource_cleanup \n[gw0]\u001b[36m [  8%] \u001b[0m\u001b[32mPASSED\u001b[0m app\\tests\\services\\supply_research_scheduler\\test_integration.py::TestIntegrationScenarios::test_end_to_end_data_flow <- tests\\helpers\\shared_test_types.py \napp\\tests\\services\\test_demo_service.py::TestDemoService::test_process_demo_chat_new_session \napp\\tests\\services\\supply_research_scheduler\\test_integration.py::TestIntegrationScenarios::test_full_execution_cycle \n[gw3]\u001b[36m [  8%] \u001b[0m\u001b[32mPASSED\u001b[0m app\\tests\\services\\test_demo_service.py::TestDemoService::test_process_demo_chat_new_session \napp\\tests\\services\\test_demo_service.py::TestDemoService::test_process_demo_chat_existing_session \n[gw0]\u001b[36m [  8%] \u001b[0m\u001b[32mPASSED\u001b[0m app\\tests\\services\\supply_research_scheduler\\test_integration.py::TestIntegrationScenarios::test_full_execution_cycle \n[gw3]\u001b[36m [  8%] \u001b[0m\u001b[32mPASSED\u001b[0m app\\tests\\services\\test_demo_service.py::TestDemoService::test_process_demo_chat_existing_session \napp\\tests\\services\\test_demo_service.py::TestDemoService::test_get_industry_templates_valid \n[gw3]\u001b[36m [  8%] \u001b[0m\u001b[32mPASSED\u001b[0m app\\tests\\services\\test_demo_service.py::TestDemoService::test_get_industry_templates_valid \napp\\tests\\services\\test_demo_service.py::TestDemoService::test_get_industry_templates_invalid \n[gw3]\u001b[36m [  8%] \u001b[0m\u001b[32mPASSED\u001b[0m app\\tests\\services\\test_demo_service.py::TestDemoService::test_get_industry_templates_invalid \napp\\tests\\services\\test_demo_service.py::TestDemoService::test_calculate_roi_financial \n[gw3]\u001b[36m [  8%] \u001b[0m\u001b[32mPASSED\u001b[0m app\\tests\\services\\test_demo_service.py::TestDemoService::test_calculate_roi_financial \napp\\tests\\services\\supply_research_scheduler\\test_integration.py::TestIntegrationScenarios::test_concurrent_schedule_execution \napp\\tests\\services\\test_demo_service.py::TestDemoService::test_calculate_roi_different_industries \n[gw3]\u001b[36m [  8%] \u001b[0m\u001b[32mPASSED\u001b[0m app\\tests\\services\\test_demo_service.py::TestDemoService::test_calculate_roi_different_industries \napp\\tests\\services\\test_demo_service.py::TestDemoService::test_generate_synthetic_metrics \n[gw0]\u001b[36m [  8%] \u001b[0m\u001b[32mPASSED\u001b[0m app\\tests\\services\\supply_research_scheduler\\test_integration.py::TestIntegrationScenarios::test_concurrent_schedule_execution \napp\\tests\\services\\supply_research_scheduler\\test_integration.py::TestErrorHandling::test_redis_connection_failure_recovery <- tests\\helpers\\shared_test_types.py \n[gw3]\u001b[36m [  8%] \u001b[0m\u001b[32mPASSED\u001b[0m app\\tests\\services\\test_demo_service.py::TestDemoService::test_generate_synthetic_metrics \n[gw0]\u001b[36m [  8%] \u001b[0m\u001b[32mPASSED\u001b[0m app\\tests\\services\\supply_research_scheduler\\test_integration.py::TestErrorHandling::test_redis_connection_failure_recovery <- tests\\helpers\\shared_test_types.py \napp\\tests\\services\\test_demo_service.py::TestDemoService::test_generate_report \napp\\tests\\services\\supply_research_scheduler\\test_integration.py::TestErrorHandling::test_database_connection_failure \n[gw0]\u001b[36m [  8%] \u001b[0m\u001b[32mPASSED\u001b[0m app\\tests\\services\\supply_research_scheduler\\test_integration.py::TestErrorHandling::test_database_connection_failure \napp\\tests\\services\\supply_research_scheduler\\test_integration.py::TestErrorHandling::test_retry_on_failure \n[gw0]\u001b[36m [  8%] \u001b[0m\u001b[32mPASSED\u001b[0m app\\tests\\services\\supply_research_scheduler\\test_integration.py::TestErrorHandling::test_retry_on_failure \n[gw3]\u001b[36m [  8%] \u001b[0m\u001b[32mPASSED\u001b[0m app\\tests\\services\\test_demo_service.py::TestDemoService::test_generate_report \napp\\tests\\services\\test_demo_service.py::TestDemoService::test_generate_report_session_not_found \n[gw3]\u001b[36m [  8%] \u001b[0m\u001b[32mPASSED\u001b[0m app\\tests\\services\\test_demo_service.py::TestDemoService::test_generate_report_session_not_found \napp\\tests\\services\\supply_research_scheduler\\test_integration.py::TestErrorHandling::test_database_connection_failures \n[gw0]\u001b[36m [  8%] \u001b[0m\u001b[32mPASSED\u001b[0m app\\tests\\services\\supply_research_scheduler\\test_integration.py::TestErrorHandling::test_database_connection_failures \napp\\tests\\services\\supply_research_scheduler\\test_integration.py::TestErrorHandling::test_agent_execution_failures \n[gw0]\u001b[36m [  8%] \u001b[0m\u001b[32mPASSED\u001b[0m app\\tests\\services\\supply_research_scheduler\\test_integration.py::TestErrorHandling::test_agent_execution_failures \napp\\tests\\services\\test_demo_service.py::TestDemoService::test_get_session_status \n[gw3]\u001b[36m [  8%] \u001b[0m\u001b[32mPASSED\u001b[0m app\\tests\\services\\test_demo_service.py::TestDemoService::test_get_session_status \napp\\tests\\services\\supply_research_scheduler\\test_integration.py::TestErrorHandling::test_redis_failures_during_execution \n[gw0]\u001b[36m [  9%] \u001b[0m\u001b[32mPASSED\u001b[0m app\\tests\\services\\supply_research_scheduler\\test_integration.py::TestErrorHandling::test_redis_failures_during_execution \napp\\tests\\services\\supply_research_scheduler\\test_research_schedule.py::TestResearchSchedule::test_schedule_initialization_default_values \n[gw0]\u001b[36m [  9%] \u001b[0m\u001b[32mPASSED\u001b[0m app\\tests\\services\\supply_research_scheduler\\test_research_schedule.py::TestResearchSchedule::test_schedule_initialization_default_values \napp\\tests\\services\\supply_research_scheduler\\test_research_schedule.py::TestResearchSchedule::test_schedule_initialization_custom_values \n[gw0]\u001b[36m [  9%] \u001b[0m\u001b[32mPASSED\u001b[0m app\\tests\\services\\supply_research_scheduler\\test_research_schedule.py::TestResearchSchedule::test_schedule_initialization_custom_values \napp\\tests\\services\\supply_research_scheduler\\test_research_schedule.py::TestResearchSchedule::test_calculate_next_run_hourly \n[gw0]\u001b[36m [  9%] \u001b[0m\u001b[32mPASSED\u001b[0m app\\tests\\services\\supply_research_scheduler\\test_research_schedule.py::TestResearchSchedule::test_calculate_next_run_hourly \napp\\tests\\services\\test_demo_service.py::TestDemoService::test_get_session_status_not_found \napp\\tests\\services\\supply_research_scheduler\\test_research_schedule.py::TestResearchSchedule::test_calculate_next_run_daily \n[gw0]\u001b[36m [  9%] \u001b[0m\u001b[32mPASSED\u001b[0m app\\tests\\services\\supply_research_scheduler\\test_research_schedule.py::TestResearchSchedule::test_calculate_next_run_daily \napp\\tests\\services\\supply_research_scheduler\\test_research_schedule.py::TestResearchSchedule::test_calculate_next_run_weekly \n[gw0]\u001b[36m [  9%] \u001b[0m\u001b[32mPASSED\u001b[0m app\\tests\\services\\supply_research_scheduler\\test_research_schedule.py::TestResearchSchedule::test_calculate_next_run_weekly \napp\\tests\\services\\supply_research_scheduler\\test_research_schedule.py::TestResearchSchedule::test_calculate_next_run_monthly \n[gw3]\u001b[36m [  9%] \u001b[0m\u001b[32mPASSED\u001b[0m app\\tests\\services\\test_demo_service.py::TestDemoService::test_get_session_status_not_found \n[gw0]\u001b[36m [  9%] \u001b[0m\u001b[32mPASSED\u001b[0m app\\tests\\services\\supply_research_scheduler\\test_research_schedule.py::TestResearchSchedule::test_calculate_next_run_monthly \napp\\tests\\services\\test_demo_service.py::TestDemoService::test_submit_feedback \napp\\tests\\services\\supply_research_scheduler\\test_research_schedule.py::TestResearchSchedule::test_calculate_next_run_monthly_invalid_day \n[gw0]\u001b[36m [  9%] \u001b[0m\u001b[32mPASSED\u001b[0m app\\tests\\services\\supply_research_scheduler\\test_research_schedule.py::TestResearchSchedule::test_calculate_next_run_monthly_invalid_day \napp\\tests\\services\\supply_research_scheduler\\test_research_schedule.py::TestResearchSchedule::test_should_run_enabled_and_time_reached \n[gw0]\u001b[36m [  9%] \u001b[0m\u001b[32mPASSED\u001b[0m app\\tests\\services\\supply_research_scheduler\\test_research_schedule.py::TestResearchSchedule::test_should_run_enabled_and_time_reached \n[gw3]\u001b[36m [  9%] \u001b[0m\u001b[32mPASSED\u001b[0m app\\tests\\services\\test_demo_service.py::TestDemoService::test_submit_feedback \napp\\tests\\services\\supply_research_scheduler\\test_research_schedule.py::TestResearchSchedule::test_should_run_disabled \napp\\tests\\services\\test_demo_service.py::TestDemoService::test_track_demo_interaction \n[gw0]\u001b[36m [  9%] \u001b[0m\u001b[32mPASSED\u001b[0m app\\tests\\services\\supply_research_scheduler\\test_research_schedule.py::TestResearchSchedule::test_should_run_disabled \napp\\tests\\services\\supply_research_scheduler\\test_research_schedule.py::TestResearchSchedule::test_should_run_time_not_reached \n[gw0]\u001b[36m [  9%] \u001b[0m\u001b[32mPASSED\u001b[0m app\\tests\\services\\supply_research_scheduler\\test_research_schedule.py::TestResearchSchedule::test_should_run_time_not_reached \napp\\tests\\services\\supply_research_scheduler\\test_research_schedule.py::TestResearchSchedule::test_update_after_run \n[gw3]\u001b[36m [  9%] \u001b[0m\u001b[32mPASSED\u001b[0m app\\tests\\services\\test_demo_service.py::TestDemoService::test_track_demo_interaction \napp\\tests\\services\\test_demo_service.py::TestDemoService::test_get_analytics_summary \n[gw3]\u001b[36m [  9%] \u001b[0m\u001b[32mPASSED\u001b[0m app\\tests\\services\\test_demo_service.py::TestDemoService::test_get_analytics_summary \napp\\tests\\services\\test_demo_service.py::TestDemoService::test_generate_demo_response \n[gw3]\u001b[36m [  9%] \u001b[0m\u001b[32mPASSED\u001b[0m app\\tests\\services\\test_demo_service.py::TestDemoService::test_generate_demo_response \napp\\tests\\services\\test_demo_service.py::TestDemoService::test_error_handling_redis_failure \n[gw0]\u001b[36m [  9%] \u001b[0m\u001b[31mFAILED\u001b[0m app\\tests\\services\\supply_research_scheduler\\test_research_schedule.py::TestResearchSchedule::test_update_after_run \n[gw3]\u001b[36m [  9%] \u001b[0m\u001b[31mFAILED\u001b[0m app\\tests\\services\\test_demo_service.py::TestDemoService::test_error_handling_redis_failure \n[gw2]\u001b[36m [  9%] \u001b[0m\u001b[32mPASSED\u001b[0m app\\tests\\services\\test_apex_optimizer_tool_selection_part4.py::TestApexOptimizerPerformanceAndScaling::test_tool_selection_performance \napp\\tests\\services\\test_apex_optimizer_tool_selection_part4.py::TestApexOptimizerPerformanceAndScaling::test_concurrent_tool_execution_scaling \n[gw2]\u001b[36m [  9%] \u001b[0m\u001b[32mPASSED\u001b[0m app\\tests\\services\\test_apex_optimizer_tool_selection_part4.py::TestApexOptimizerPerformanceAndScaling::test_concurrent_tool_execution_scaling \napp\\tests\\services\\test_apex_optimizer_tool_selection_part4.py::TestApexOptimizerPerformanceAndScaling::test_tool_chain_optimization_performance \n[gw2]\u001b[36m [  9%] \u001b[0m\u001b[32mPASSED\u001b[0m app\\tests\\services\\test_apex_optimizer_tool_selection_part4.py::TestApexOptimizerPerformanceAndScaling::test_tool_chain_optimization_performance \napp\\tests\\services\\test_apex_optimizer_tool_selection_part4.py::TestApexOptimizerPerformanceAndScaling::test_tool_metrics_and_monitoring \n[gw2]\u001b[36m [ 10%] \u001b[0m\u001b[32mPASSED\u001b[0m app\\tests\\services\\test_apex_optimizer_tool_selection_part4.py::TestApexOptimizerPerformanceAndScaling::test_tool_metrics_and_monitoring \napp\\tests\\services\\test_apex_optimizer_tool_selection_part4.py::TestApexOptimizerPerformanceAndScaling::test_tool_load_balancing \n[gw2]\u001b[36m [ 10%] \u001b[0m\u001b[32mPASSED\u001b[0m app\\tests\\services\\test_apex_optimizer_tool_selection_part4.py::TestApexOptimizerPerformanceAndScaling::test_tool_load_balancing \napp\\tests\\services\\test_apex_optimizer_tool_selection_part4.py::TestApexOptimizerPerformanceAndScaling::test_tool_resource_management \n[gw2]\u001b[36m [ 10%] \u001b[0m\u001b[32mPASSED\u001b[0m app\\tests\\services\\test_apex_optimizer_tool_selection_part4.py::TestApexOptimizerPerformanceAndScaling::test_tool_resource_management \napp\\tests\\services\\test_base_repository.py::TestBaseRepository::test_repository_create \n[gw2]\u001b[36m [ 10%] \u001b[0m\u001b[32mPASSED\u001b[0m app\\tests\\services\\test_base_repository.py::TestBaseRepository::test_repository_create \napp\\tests\\services\\test_base_repository.py::TestBaseRepository::test_repository_bulk_create \n[gw2]\u001b[36m [ 10%] \u001b[0m\u001b[32mPASSED\u001b[0m app\\tests\\services\\test_base_repository.py::TestBaseRepository::test_repository_bulk_create \napp\\tests\\services\\test_base_repository.py::TestBaseRepository::test_repository_get_by_id \n[gw2]\u001b[36m [ 10%] \u001b[0m\u001b[32mPASSED\u001b[0m app\\tests\\services\\test_base_repository.py::TestBaseRepository::test_repository_get_by_id \napp\\tests\\services\\test_base_repository.py::TestBaseRepository::test_repository_get_many \n[gw2]\u001b[36m [ 10%] \u001b[0m\u001b[32mPASSED\u001b[0m app\\tests\\services\\test_base_repository.py::TestBaseRepository::test_repository_get_many \napp\\tests\\services\\test_base_repository.py::TestBaseRepository::test_repository_update \n[gw2]\u001b[36m [ 10%] \u001b[0m\u001b[32mPASSED\u001b[0m app\\tests\\services\\test_base_repository.py::TestBaseRepository::test_repository_update \napp\\tests\\services\\test_base_repository.py::TestBaseRepository::test_repository_delete \n[gw2]\u001b[36m [ 10%] \u001b[0m\u001b[32mPASSED\u001b[0m app\\tests\\services\\test_base_repository.py::TestBaseRepository::test_repository_delete \napp\\tests\\services\\test_base_repository.py::TestBaseRepository::test_repository_soft_delete \n[gw2]\u001b[36m [ 10%] \u001b[0m\u001b[32mPASSED\u001b[0m app\\tests\\services\\test_base_repository.py::TestBaseRepository::test_repository_soft_delete \napp\\tests\\services\\test_base_repository.py::TestBaseRepository::test_repository_pagination \n[gw2]\u001b[36m [ 10%] \u001b[0m\u001b[32mPASSED\u001b[0m app\\tests\\services\\test_base_repository.py::TestBaseRepository::test_repository_pagination \napp\\tests\\services\\test_circuit_breaker_integration.py::TestLLMClientCircuitBreaker::test_successful_llm_call \n[gw2]\u001b[36m [ 10%] \u001b[0m\u001b[32mPASSED\u001b[0m app\\tests\\services\\test_circuit_breaker_integration.py::TestLLMClientCircuitBreaker::test_successful_llm_call \napp\\tests\\services\\test_circuit_breaker_integration.py::TestLLMClientCircuitBreaker::test_llm_circuit_breaker_opens \n[gw2]\u001b[36m [ 10%] \u001b[0m\u001b[32mPASSED\u001b[0m app\\tests\\services\\test_circuit_breaker_integration.py::TestLLMClientCircuitBreaker::test_llm_circuit_breaker_opens \napp\\tests\\services\\test_circuit_breaker_integration.py::TestLLMClientCircuitBreaker::test_llm_structured_output_protection \n[gw2]\u001b[36m [ 10%] \u001b[0m\u001b[32mPASSED\u001b[0m app\\tests\\services\\test_circuit_breaker_integration.py::TestLLMClientCircuitBreaker::test_llm_structured_output_protection \napp\\tests\\services\\test_circuit_breaker_integration.py::TestLLMClientCircuitBreaker::test_llm_health_check \n[gw2]\u001b[36m [ 10%] \u001b[0m\u001b[32mPASSED\u001b[0m app\\tests\\services\\test_circuit_breaker_integration.py::TestLLMClientCircuitBreaker::test_llm_health_check \napp\\tests\\services\\test_circuit_breaker_integration.py::TestDatabaseClientCircuitBreaker::test_successful_db_query \n[gw2]\u001b[36m [ 10%] \u001b[0m\u001b[32mPASSED\u001b[0m app\\tests\\services\\test_circuit_breaker_integration.py::TestDatabaseClientCircuitBreaker::test_successful_db_query \napp\\tests\\services\\test_circuit_breaker_integration.py::TestDatabaseClientCircuitBreaker::test_db_circuit_breaker_fallback \n[gw2]\u001b[36m [ 10%] \u001b[0m\u001b[32mPASSED\u001b[0m app\\tests\\services\\test_circuit_breaker_integration.py::TestDatabaseClientCircuitBreaker::test_db_circuit_breaker_fallback \napp\\tests\\services\\test_circuit_breaker_integration.py::TestDatabaseClientCircuitBreaker::test_db_health_check \n[gw2]\u001b[36m [ 10%] \u001b[0m\u001b[32mPASSED\u001b[0m app\\tests\\services\\test_circuit_breaker_integration.py::TestDatabaseClientCircuitBreaker::test_db_health_check \napp\\tests\\services\\test_circuit_breaker_integration.py::TestHTTPClientCircuitBreaker::test_successful_http_request \n[gw2]\u001b[36m [ 10%] \u001b[0m\u001b[32mPASSED\u001b[0m app\\tests\\services\\test_circuit_breaker_integration.py::TestHTTPClientCircuitBreaker::test_successful_http_request \napp\\tests\\services\\test_circuit_breaker_integration.py::TestHTTPClientCircuitBreaker::test_http_circuit_breaker_opens \n[gw2]\u001b[36m [ 10%] \u001b[0m\u001b[32mPASSED\u001b[0m app\\tests\\services\\test_circuit_breaker_integration.py::TestHTTPClientCircuitBreaker::test_http_circuit_breaker_opens \napp\\tests\\services\\test_circuit_breaker_integration.py::TestHTTPClientCircuitBreaker::test_http_health_check \n[gw2]\u001b[36m [ 10%] \u001b[0m\u001b[32mPASSED\u001b[0m app\\tests\\services\\test_circuit_breaker_integration.py::TestHTTPClientCircuitBreaker::test_http_health_check \napp\\tests\\services\\test_circuit_breaker_integration.py::TestCircuitBreakerMonitoring::test_monitoring_start_stop \n[gw2]\u001b[36m [ 10%] \u001b[0m\u001b[32mPASSED\u001b[0m app\\tests\\services\\test_circuit_breaker_integration.py::TestCircuitBreakerMonitoring::test_monitoring_start_stop \napp\\tests\\services\\test_circuit_breaker_integration.py::TestCircuitBreakerMonitoring::test_alert_handler \n[gw2]\u001b[36m [ 11%] \u001b[0m\u001b[32mPASSED\u001b[0m app\\tests\\services\\test_circuit_breaker_integration.py::TestCircuitBreakerMonitoring::test_alert_handler \napp\\tests\\services\\test_circuit_breaker_integration.py::TestCircuitBreakerMonitoring::test_health_summary \n[gw2]\u001b[36m [ 11%] \u001b[0m\u001b[32mPASSED\u001b[0m app\\tests\\services\\test_circuit_breaker_integration.py::TestCircuitBreakerMonitoring::test_health_summary \napp\\tests\\services\\test_circuit_breaker_integration.py::TestCircuitBreakerMonitoring::test_recent_events \n[gw2]\u001b[36m [ 11%] \u001b[0m\u001b[32mPASSED\u001b[0m app\\tests\\services\\test_circuit_breaker_integration.py::TestCircuitBreakerMonitoring::test_recent_events \napp\\tests\\services\\test_circuit_breaker_integration.py::TestCircuitBreakerEndpoints::test_dashboard_endpoint_structure \n[gw2]\u001b[36m [ 11%] \u001b[0m\u001b[32mPASSED\u001b[0m app\\tests\\services\\test_circuit_breaker_integration.py::TestCircuitBreakerEndpoints::test_dashboard_endpoint_structure \napp\\tests\\services\\test_circuit_breaker_integration.py::TestCircuitBreakerPerformance::test_high_throughput_handling \n[gw2]\u001b[36m [ 11%] \u001b[0m\u001b[32mPASSED\u001b[0m app\\tests\\services\\test_circuit_breaker_integration.py::TestCircuitBreakerPerformance::test_high_throughput_handling \napp\\tests\\services\\test_circuit_breaker_integration.py::TestCircuitBreakerPerformance::test_memory_usage_under_load \n[gw2]\u001b[36m [ 11%] \u001b[0m\u001b[32mPASSED\u001b[0m app\\tests\\services\\test_circuit_breaker_integration.py::TestCircuitBreakerPerformance::test_memory_usage_under_load \napp\\tests\\services\\test_clickhouse_query_fixer.py::TestClickHouseArraySyntaxFixer::test_basic_array_access_fix \n[gw2]\u001b[36m [ 11%] \u001b[0m\u001b[32mPASSED\u001b[0m app\\tests\\services\\test_clickhouse_query_fixer.py::TestClickHouseArraySyntaxFixer::test_basic_array_access_fix \napp\\tests\\services\\test_clickhouse_query_fixer.py::TestClickHouseArraySyntaxFixer::test_multiple_array_access_fix \n[gw2]\u001b[36m [ 11%] \u001b[0m\u001b[32mPASSED\u001b[0m app\\tests\\services\\test_clickhouse_query_fixer.py::TestClickHouseArraySyntaxFixer::test_multiple_array_access_fix \napp\\tests\\services\\test_clickhouse_query_fixer.py::TestClickHouseArraySyntaxFixer::test_complex_query_array_fix \n[gw2]\u001b[36m [ 11%] \u001b[0m\u001b[32mPASSED\u001b[0m app\\tests\\services\\test_clickhouse_query_fixer.py::TestClickHouseArraySyntaxFixer::test_complex_query_array_fix \napp\\tests\\services\\test_clickhouse_query_fixer.py::TestClickHouseArraySyntaxFixer::test_no_changes_for_correct_syntax \n[gw2]\u001b[36m [ 11%] \u001b[0m\u001b[32mPASSED\u001b[0m app\\tests\\services\\test_clickhouse_query_fixer.py::TestClickHouseArraySyntaxFixer::test_no_changes_for_correct_syntax \napp\\tests\\services\\test_clickhouse_query_fixer.py::TestClickHouseArraySyntaxFixer::test_mixed_correct_and_incorrect_syntax \n[gw2]\u001b[36m [ 11%] \u001b[0m\u001b[32mPASSED\u001b[0m app\\tests\\services\\test_clickhouse_query_fixer.py::TestClickHouseArraySyntaxFixer::test_mixed_correct_and_incorrect_syntax \napp\\tests\\services\\test_clickhouse_query_fixer.py::TestClickHouseArraySyntaxFixer::test_array_access_with_expressions \n[gw2]\u001b[36m [ 11%] \u001b[0m\u001b[32mPASSED\u001b[0m app\\tests\\services\\test_clickhouse_query_fixer.py::TestClickHouseArraySyntaxFixer::test_array_access_with_expressions \napp\\tests\\services\\test_clickhouse_query_fixer.py::TestClickHouseArraySyntaxFixer::test_edge_case_array_patterns \n[gw2]\u001b[36m [ 11%] \u001b[0m\u001b[32mPASSED\u001b[0m app\\tests\\services\\test_clickhouse_query_fixer.py::TestClickHouseArraySyntaxFixer::test_edge_case_array_patterns \napp\\tests\\services\\test_clickhouse_query_fixer.py::TestClickHouseArraySyntaxFixer::test_performance_with_large_queries \n[gw2]\u001b[36m [ 11%] \u001b[0m\u001b[32mPASSED\u001b[0m app\\tests\\services\\test_clickhouse_query_fixer.py::TestClickHouseArraySyntaxFixer::test_performance_with_large_queries \napp\\tests\\services\\test_clickhouse_query_fixer.py::TestClickHouseQueryValidator::test_valid_query_validation \n[gw2]\u001b[36m [ 11%] \u001b[0m\u001b[32mPASSED\u001b[0m app\\tests\\services\\test_clickhouse_query_fixer.py::TestClickHouseQueryValidator::test_valid_query_validation \napp\\tests\\services\\test_clickhouse_query_fixer.py::TestClickHouseQueryValidator::test_invalid_array_syntax_detection \n[gw2]\u001b[36m [ 11%] \u001b[0m\u001b[32mPASSED\u001b[0m app\\tests\\services\\test_clickhouse_query_fixer.py::TestClickHouseQueryValidator::test_invalid_array_syntax_detection \napp\\tests\\services\\test_clickhouse_query_fixer.py::TestClickHouseQueryValidator::test_nested_field_access_warning \n[gw2]\u001b[36m [ 11%] \u001b[0m\u001b[32mPASSED\u001b[0m app\\tests\\services\\test_clickhouse_query_fixer.py::TestClickHouseQueryValidator::test_nested_field_access_warning \napp\\tests\\services\\test_clickhouse_query_fixer.py::TestClickHouseQueryValidator::test_complex_query_validation \n[gw2]\u001b[36m [ 11%] \u001b[0m\u001b[32mPASSED\u001b[0m app\\tests\\services\\test_clickhouse_query_fixer.py::TestClickHouseQueryValidator::test_complex_query_validation \napp\\tests\\services\\test_clickhouse_query_fixer.py::TestClickHouseQueryInterceptor::test_interceptor_fixes_and_executes_query \n[gw2]\u001b[36m [ 11%] \u001b[0m\u001b[32mPASSED\u001b[0m app\\tests\\services\\test_clickhouse_query_fixer.py::TestClickHouseQueryInterceptor::test_interceptor_fixes_and_executes_query \napp\\tests\\services\\test_clickhouse_query_fixer.py::TestClickHouseQueryInterceptor::test_interceptor_passes_through_correct_queries \n[gw2]\u001b[36m [ 11%] \u001b[0m\u001b[32mPASSED\u001b[0m app\\tests\\services\\test_clickhouse_query_fixer.py::TestClickHouseQueryInterceptor::test_interceptor_passes_through_correct_queries \napp\\tests\\services\\test_clickhouse_query_fixer.py::TestClickHouseQueryInterceptor::test_interceptor_handles_client_errors \n[gw2]\u001b[36m [ 11%] \u001b[0m\u001b[32mPASSED\u001b[0m app\\tests\\services\\test_clickhouse_query_fixer.py::TestClickHouseQueryInterceptor::test_interceptor_handles_client_errors \napp\\tests\\services\\test_clickhouse_query_fixer.py::TestClickHouseQueryInterceptor::test_interceptor_statistics_tracking \n[gw2]\u001b[36m [ 12%] \u001b[0m\u001b[32mPASSED\u001b[0m app\\tests\\services\\test_clickhouse_query_fixer.py::TestClickHouseQueryInterceptor::test_interceptor_statistics_tracking \napp\\tests\\services\\test_clickhouse_query_fixer.py::TestClickHouseQueryInterceptor::test_interceptor_can_be_disabled \n[gw2]\u001b[36m [ 12%] \u001b[0m\u001b[32mPASSED\u001b[0m app\\tests\\services\\test_clickhouse_query_fixer.py::TestClickHouseQueryInterceptor::test_interceptor_can_be_disabled \napp\\tests\\services\\test_clickhouse_query_fixer.py::TestClickHouseQueryInterceptor::test_interceptor_with_query_parameters \n[gw2]\u001b[36m [ 12%] \u001b[0m\u001b[32mPASSED\u001b[0m app\\tests\\services\\test_clickhouse_query_fixer.py::TestClickHouseQueryInterceptor::test_interceptor_with_query_parameters \napp\\tests\\services\\test_clickhouse_query_fixer.py::TestClickHouseQueryInterceptor::test_concurrent_interceptor_usage \n[gw2]\u001b[36m [ 12%] \u001b[0m\u001b[32mPASSED\u001b[0m app\\tests\\services\\test_clickhouse_query_fixer.py::TestClickHouseQueryInterceptor::test_concurrent_interceptor_usage \napp\\tests\\services\\test_clickhouse_query_fixer.py::TestClickHouseQueryInterceptor::test_interceptor_statistics_reset \n[gw2]\u001b[36m [ 12%] \u001b[0m\u001b[32mPASSED\u001b[0m app\\tests\\services\\test_clickhouse_query_fixer.py::TestClickHouseQueryInterceptor::test_interceptor_statistics_reset \napp\\tests\\services\\test_clickhouse_query_fixer.py::TestClickHouseQueryInterceptor::test_interceptor_get_statistics \n[gw2]\u001b[36m [ 12%] \u001b[0m\u001b[32mPASSED\u001b[0m app\\tests\\services\\test_clickhouse_query_fixer.py::TestClickHouseQueryInterceptor::test_interceptor_get_statistics \napp\\tests\\services\\test_clickhouse_query_fixer.py::TestClickHouseQueryFixerIntegration::test_end_to_end_query_processing \n[gw2]\u001b[36m [ 12%] \u001b[0m\u001b[32mPASSED\u001b[0m app\\tests\\services\\test_clickhouse_query_fixer.py::TestClickHouseQueryFixerIntegration::test_end_to_end_query_processing \napp\\tests\\services\\test_clickhouse_query_fixer.py::TestClickHouseQueryFixerIntegration::test_batch_query_processing \n[gw2]\u001b[36m [ 12%] \u001b[0m\u001b[32mPASSED\u001b[0m app\\tests\\services\\test_clickhouse_query_fixer.py::TestClickHouseQueryFixerIntegration::test_batch_query_processing \napp\\tests\\services\\test_clickhouse_query_fixer.py::TestClickHouseQueryFixerIntegration::test_regex_pattern_comprehensive_coverage \n[gw2]\u001b[36m [ 12%] \u001b[0m\u001b[32mPASSED\u001b[0m app\\tests\\services\\test_clickhouse_query_fixer.py::TestClickHouseQueryFixerIntegration::test_regex_pattern_comprehensive_coverage \napp\\tests\\services\\test_clickhouse_query_fixer.py::TestClickHouseQueryFixerIntegration::test_performance_optimization_caching \n[gw2]\u001b[36m [ 12%] \u001b[0m\u001b[32mPASSED\u001b[0m app\\tests\\services\\test_clickhouse_query_fixer.py::TestClickHouseQueryFixerIntegration::test_performance_optimization_caching \napp\\tests\\services\\test_clickhouse_query_fixer.py::TestClickHouseQueryFixerIntegration::test_logging_and_debugging_support \n[gw2]\u001b[36m [ 12%] \u001b[0m\u001b[32mPASSED\u001b[0m app\\tests\\services\\test_clickhouse_query_fixer.py::TestClickHouseQueryFixerIntegration::test_logging_and_debugging_support \napp\\tests\\services\\test_clickhouse_service.py::TestClickHouseConnection::test_client_initialization \n[gw2]\u001b[36m [ 12%] \u001b[0m\u001b[33mSKIPPED\u001b[0m app\\tests\\services\\test_clickhouse_service.py::TestClickHouseConnection::test_client_initialization \napp\\tests\\services\\test_clickhouse_service.py::TestClickHouseConnection::test_list_corpus_tables \n[gw2]\u001b[36m [ 12%] \u001b[0m\u001b[33mSKIPPED\u001b[0m app\\tests\\services\\test_clickhouse_service.py::TestClickHouseConnection::test_list_corpus_tables \napp\\tests\\services\\test_clickhouse_service.py::TestClickHouseConnection::test_query_with_parameters \n[gw2]\u001b[36m [ 12%] \u001b[0m\u001b[33mSKIPPED\u001b[0m app\\tests\\services\\test_clickhouse_service.py::TestClickHouseConnection::test_query_with_parameters \napp\\tests\\services\\test_clickhouse_service.py::TestBasicOperations::test_show_tables \n[gw2]\u001b[36m [ 12%] \u001b[0m\u001b[33mSKIPPED\u001b[0m app\\tests\\services\\test_clickhouse_service.py::TestBasicOperations::test_show_tables \napp\\tests\\services\\test_clickhouse_service.py::TestBasicOperations::test_database_info \n[gw2]\u001b[36m [ 12%] \u001b[0m\u001b[33mSKIPPED\u001b[0m app\\tests\\services\\test_clickhouse_service.py::TestBasicOperations::test_database_info \napp\\tests\\services\\test_clickhouse_service.py::TestBasicOperations::test_create_and_drop_table \n[gw2]\u001b[36m [ 12%] \u001b[0m\u001b[33mSKIPPED\u001b[0m app\\tests\\services\\test_clickhouse_service.py::TestBasicOperations::test_create_and_drop_table \napp\\tests\\services\\test_clickhouse_service.py::TestWorkloadEventsOperations::test_workload_events_operations \n[gw2]\u001b[36m [ 12%] \u001b[0m\u001b[33mSKIPPED\u001b[0m app\\tests\\services\\test_clickhouse_service.py::TestWorkloadEventsOperations::test_workload_events_operations \napp\\tests\\services\\test_corpus_audit.py::TestCorpusAuditRepository::test_find_by_user_success \n[gw2]\u001b[36m [ 12%] \u001b[0m\u001b[32mPASSED\u001b[0m app\\tests\\services\\test_corpus_audit.py::TestCorpusAuditRepository::test_find_by_user_success \napp\\tests\\services\\test_corpus_audit.py::TestCorpusAuditRepository::test_find_by_user_database_error \n[gw2]\u001b[36m [ 12%] \u001b[0m\u001b[32mPASSED\u001b[0m app\\tests\\services\\test_corpus_audit.py::TestCorpusAuditRepository::test_find_by_user_database_error \napp\\tests\\services\\test_corpus_audit.py::TestCorpusAuditRepository::test_search_records_with_filters \n[gw2]\u001b[36m [ 12%] \u001b[0m\u001b[32mPASSED\u001b[0m app\\tests\\services\\test_corpus_audit.py::TestCorpusAuditRepository::test_search_records_with_filters \napp\\tests\\services\\test_corpus_audit.py::TestCorpusAuditRepository::test_count_records_success \n[gw2]\u001b[36m [ 12%] \u001b[0m\u001b[32mPASSED\u001b[0m app\\tests\\services\\test_corpus_audit.py::TestCorpusAuditRepository::test_count_records_success \napp\\tests\\services\\test_corpus_audit.py::TestCorpusAuditRepository::test_get_summary_stats_success \n[gw2]\u001b[36m [ 13%] \u001b[0m\u001b[32mPASSED\u001b[0m app\\tests\\services\\test_corpus_audit.py::TestCorpusAuditRepository::test_get_summary_stats_success \napp\\tests\\services\\test_corpus_audit.py::TestCorpusAuditLogger::test_log_operation_success \n[gw2]\u001b[36m [ 13%] \u001b[0m\u001b[32mPASSED\u001b[0m app\\tests\\services\\test_corpus_audit.py::TestCorpusAuditLogger::test_log_operation_success \napp\\tests\\services\\test_corpus_audit.py::TestCorpusAuditLogger::test_log_operation_with_duration \n[gw2]\u001b[36m [ 13%] \u001b[0m\u001b[32mPASSED\u001b[0m app\\tests\\services\\test_corpus_audit.py::TestCorpusAuditLogger::test_log_operation_with_duration \napp\\tests\\services\\test_corpus_audit.py::TestCorpusAuditLogger::test_log_operation_failure \n[gw2]\u001b[36m [ 13%] \u001b[0m\u001b[32mPASSED\u001b[0m app\\tests\\services\\test_corpus_audit.py::TestCorpusAuditLogger::test_log_operation_failure \napp\\tests\\services\\test_corpus_audit.py::TestCorpusAuditLogger::test_search_audit_logs_success \n[gw2]\u001b[36m [ 13%] \u001b[0m\u001b[32mPASSED\u001b[0m app\\tests\\services\\test_corpus_audit.py::TestCorpusAuditLogger::test_search_audit_logs_success \napp\\tests\\services\\test_corpus_audit.py::TestCorpusAuditLogger::test_search_audit_logs_failure \n[gw2]\u001b[36m [ 13%] \u001b[0m\u001b[32mPASSED\u001b[0m app\\tests\\services\\test_corpus_audit.py::TestCorpusAuditLogger::test_search_audit_logs_failure \napp\\tests\\services\\test_corpus_audit.py::TestAuditTimer::test_timer_measures_duration \n[gw2]\u001b[36m [ 13%] \u001b[0m\u001b[32mPASSED\u001b[0m app\\tests\\services\\test_corpus_audit.py::TestAuditTimer::test_timer_measures_duration \napp\\tests\\services\\test_corpus_audit.py::TestAuditTimer::test_timer_without_context \n[gw2]\u001b[36m [ 13%] \u001b[0m\u001b[32mPASSED\u001b[0m app\\tests\\services\\test_corpus_audit.py::TestAuditTimer::test_timer_without_context \napp\\tests\\services\\test_corpus_audit.py::TestAuditIntegration::test_create_audit_logger_factory \n[gw2]\u001b[36m [ 13%] \u001b[0m\u001b[32mPASSED\u001b[0m app\\tests\\services\\test_corpus_audit.py::TestAuditIntegration::test_create_audit_logger_factory \napp\\tests\\services\\test_corpus_audit.py::TestAuditIntegration::test_end_to_end_audit_workflow \n[gw2]\u001b[36m [ 13%] \u001b[0m\u001b[32mPASSED\u001b[0m app\\tests\\services\\test_corpus_audit.py::TestAuditIntegration::test_end_to_end_audit_workflow \napp\\tests\\services\\test_corpus_audit.py::TestAuditPerformance::test_large_result_data_handling \n[gw2]\u001b[36m [ 13%] \u001b[0m\u001b[32mPASSED\u001b[0m app\\tests\\services\\test_corpus_audit.py::TestAuditPerformance::test_large_result_data_handling \napp\\tests\\services\\test_corpus_audit.py::TestAuditPerformance::test_metadata_edge_cases \n[gw2]\u001b[36m [ 13%] \u001b[0m\u001b[32mPASSED\u001b[0m app\\tests\\services\\test_corpus_audit.py::TestAuditPerformance::test_metadata_edge_cases \napp\\tests\\services\\test_corpus_metrics.py::TestCorpusMetricsCollector::test_collector_initialization \n[gw2]\u001b[36m [ 13%] \u001b[0m\u001b[32mPASSED\u001b[0m app\\tests\\services\\test_corpus_metrics.py::TestCorpusMetricsCollector::test_collector_initialization \napp\\tests\\services\\test_corpus_metrics.py::TestCorpusMetricsCollector::test_operation_tracking_context_manager \n[gw2]\u001b[36m [ 13%] \u001b[0m\u001b[32mPASSED\u001b[0m app\\tests\\services\\test_corpus_metrics.py::TestCorpusMetricsCollector::test_operation_tracking_context_manager \napp\\tests\\services\\test_corpus_metrics.py::TestCorpusMetricsCollector::test_quality_assessment_recording \n[gw2]\u001b[36m [ 13%] \u001b[0m\u001b[32mPASSED\u001b[0m app\\tests\\services\\test_corpus_metrics.py::TestCorpusMetricsCollector::test_quality_assessment_recording \napp\\tests\\services\\test_corpus_metrics.py::TestCorpusMetricsCollector::test_metrics_snapshot_generation \n[gw2]\u001b[36m [ 13%] \u001b[0m\u001b[32mPASSED\u001b[0m app\\tests\\services\\test_corpus_metrics.py::TestCorpusMetricsCollector::test_metrics_snapshot_generation \napp\\tests\\services\\test_corpus_metrics.py::TestCorpusMetricsCollector::test_metrics_export_json \n[gw2]\u001b[36m [ 13%] \u001b[0m\u001b[32mPASSED\u001b[0m app\\tests\\services\\test_corpus_metrics.py::TestCorpusMetricsCollector::test_metrics_export_json \napp\\tests\\services\\test_corpus_metrics.py::TestCorpusMetricsCollector::test_time_series_data_retrieval \n[gw2]\u001b[36m [ 13%] \u001b[0m\u001b[32mPASSED\u001b[0m app\\tests\\services\\test_corpus_metrics.py::TestCorpusMetricsCollector::test_time_series_data_retrieval \napp\\tests\\services\\test_corpus_metrics.py::TestCorpusMetricsCollector::test_comprehensive_report_generation \n[gw2]\u001b[36m [ 13%] \u001b[0m\u001b[32mPASSED\u001b[0m app\\tests\\services\\test_corpus_metrics.py::TestCorpusMetricsCollector::test_comprehensive_report_generation \napp\\tests\\services\\test_corpus_metrics.py::TestCorpusMetricsCollector::test_collector_status \n[gw2]\u001b[36m [ 13%] \u001b[0m\u001b[32mPASSED\u001b[0m app\\tests\\services\\test_corpus_metrics.py::TestCorpusMetricsCollector::test_collector_status \napp\\tests\\services\\test_corpus_metrics.py::TestCorpusMetricsCollector::test_monitoring_lifecycle \n[gw2]\u001b[36m [ 13%] \u001b[0m\u001b[32mPASSED\u001b[0m app\\tests\\services\\test_corpus_metrics.py::TestCorpusMetricsCollector::test_monitoring_lifecycle \napp\\tests\\services\\test_corpus_metrics.py::TestCoreMetricsCollector::test_operation_timing \n[gw2]\u001b[36m [ 14%] \u001b[0m\u001b[32mPASSED\u001b[0m app\\tests\\services\\test_corpus_metrics.py::TestCoreMetricsCollector::test_operation_timing \napp\\tests\\services\\test_corpus_metrics.py::TestQualityMetricsCollector::test_quality_trend_tracking \n[gw2]\u001b[36m [ 14%] \u001b[0m\u001b[32mPASSED\u001b[0m app\\tests\\services\\test_corpus_metrics.py::TestQualityMetricsCollector::test_quality_trend_tracking \napp\\tests\\services\\test_corpus_metrics.py::TestMetricsExporter::test_json_export \n[gw2]\u001b[36m [ 14%] \u001b[0m\u001b[32mPASSED\u001b[0m app\\tests\\services\\test_corpus_metrics.py::TestMetricsExporter::test_json_export \napp\\tests\\services\\test_corpus_metrics.py::TestMetricsExporter::test_prometheus_export \n[gw2]\u001b[36m [ 14%] \u001b[0m\u001b[32mPASSED\u001b[0m app\\tests\\services\\test_corpus_metrics.py::TestMetricsExporter::test_prometheus_export \napp\\tests\\services\\test_corpus_service.py::TestCorpusService::test_corpus_status_enum \n[gw2]\u001b[36m [ 14%] \u001b[0m\u001b[32mPASSED\u001b[0m app\\tests\\services\\test_corpus_service.py::TestCorpusService::test_corpus_status_enum \napp\\tests\\services\\test_corpus_service.py::TestCorpusService::test_corpus_schema \n[gw2]\u001b[36m [ 14%] \u001b[0m\u001b[32mPASSED\u001b[0m app\\tests\\services\\test_corpus_service.py::TestCorpusService::test_corpus_schema \napp\\tests\\services\\test_corpus_service.py::TestCorpusService::test_corpus_create_schema \n[gw2]\u001b[36m [ 14%] \u001b[0m\u001b[32mPASSED\u001b[0m app\\tests\\services\\test_corpus_service.py::TestCorpusService::test_corpus_create_schema \napp\\tests\\services\\test_corpus_service.py::TestCorpusService::test_corpus_service_import \n[gw2]\u001b[36m [ 14%] \u001b[0m\u001b[32mPASSED\u001b[0m app\\tests\\services\\test_corpus_service.py::TestCorpusService::test_corpus_service_import \napp\\tests\\services\\test_corpus_service_comprehensive.py::TestCorpusDocumentIndexing::test_index_single_document \n[gw2]\u001b[36m [ 14%] \u001b[0m\u001b[32mPASSED\u001b[0m app\\tests\\services\\test_corpus_service_comprehensive.py::TestCorpusDocumentIndexing::test_index_single_document \napp\\tests\\services\\test_corpus_service_comprehensive.py::TestCorpusDocumentIndexing::test_batch_indexing_pipeline \n[gw2]\u001b[36m [ 14%] \u001b[0m\u001b[32mPASSED\u001b[0m app\\tests\\services\\test_corpus_service_comprehensive.py::TestCorpusDocumentIndexing::test_batch_indexing_pipeline \napp\\tests\\services\\test_corpus_service_comprehensive.py::TestCorpusDocumentIndexing::test_reindex_corpus_with_new_model \n[gw2]\u001b[36m [ 14%] \u001b[0m\u001b[32mPASSED\u001b[0m app\\tests\\services\\test_corpus_service_comprehensive.py::TestCorpusDocumentIndexing::test_reindex_corpus_with_new_model \napp\\tests\\services\\test_corpus_service_comprehensive.py::TestCorpusDocumentIndexing::test_incremental_indexing \n[gw2]\u001b[36m [ 14%] \u001b[0m\u001b[32mPASSED\u001b[0m app\\tests\\services\\test_corpus_service_comprehensive.py::TestCorpusDocumentIndexing::test_incremental_indexing \napp\\tests\\services\\test_corpus_service_comprehensive.py::TestCorpusDocumentIndexing::test_document_deduplication \n[gw2]\u001b[36m [ 14%] \u001b[0m\u001b[32mPASSED\u001b[0m app\\tests\\services\\test_corpus_service_comprehensive.py::TestCorpusDocumentIndexing::test_document_deduplication \napp\\tests\\services\\test_corpus_service_comprehensive.py::TestCorpusSearchRelevance::test_semantic_search \n[gw2]\u001b[36m [ 14%] \u001b[0m\u001b[33mSKIPPED\u001b[0m app\\tests\\services\\test_corpus_service_comprehensive.py::TestCorpusSearchRelevance::test_semantic_search \napp\\tests\\services\\test_corpus_service_comprehensive.py::TestCorpusSearchRelevance::test_hybrid_search \n[gw2]\u001b[36m [ 14%] \u001b[0m\u001b[33mSKIPPED\u001b[0m app\\tests\\services\\test_corpus_service_comprehensive.py::TestCorpusSearchRelevance::test_hybrid_search \napp\\tests\\services\\test_corpus_service_comprehensive.py::TestCorpusSearchRelevance::test_relevance_feedback \n[gw2]\u001b[36m [ 14%] \u001b[0m\u001b[32mPASSED\u001b[0m app\\tests\\services\\test_corpus_service_comprehensive.py::TestCorpusSearchRelevance::test_relevance_feedback \napp\\tests\\services\\test_corpus_service_comprehensive.py::TestCorpusSearchRelevance::test_search_result_reranking \n[gw2]\u001b[36m [ 14%] \u001b[0m\u001b[32mPASSED\u001b[0m app\\tests\\services\\test_corpus_service_comprehensive.py::TestCorpusSearchRelevance::test_search_result_reranking \napp\\tests\\services\\test_corpus_service_comprehensive.py::TestCorpusManagement::test_create_corpus_with_validation \n[gw2]\u001b[36m [ 14%] \u001b[0m\u001b[32mPASSED\u001b[0m app\\tests\\services\\test_corpus_service_comprehensive.py::TestCorpusManagement::test_create_corpus_with_validation \napp\\tests\\services\\test_corpus_service_comprehensive.py::TestCorpusManagement::test_update_corpus_metadata \n[gw2]\u001b[36m [ 14%] \u001b[0m\u001b[32mPASSED\u001b[0m app\\tests\\services\\test_corpus_service_comprehensive.py::TestCorpusManagement::test_update_corpus_metadata \napp\\tests\\services\\test_corpus_service_comprehensive.py::TestIndexOptimization::test_index_performance_monitoring \n[gw2]\u001b[36m [ 14%] \u001b[0m\u001b[32mPASSED\u001b[0m app\\tests\\services\\test_corpus_service_comprehensive.py::TestIndexOptimization::test_index_performance_monitoring \napp\\tests\\services\\test_corpus_service_comprehensive.py::TestErrorHandling::test_database_connection_failure <- tests\\helpers\\shared_test_types.py \n[gw2]\u001b[36m [ 14%] \u001b[0m\u001b[31mERROR\u001b[0m app\\tests\\services\\test_corpus_service_comprehensive.py::TestErrorHandling::test_database_connection_failure <- tests\\helpers\\shared_test_types.py Loaded .env file from C:\\Users\\antho\\OneDrive\\Desktop\\Netra\\netra-core-generation-1\\.env\n\n\n=================================== ERRORS ====================================\n\u001b[31m\u001b[1m____ ERROR at setup of TestErrorHandling.test_database_connection_failure _____\u001b[0m\n[gw2] win32 -- Python 3.12.4 C:\\Users\\antho\\miniconda3\\python.exe\nfile C:\\Users\\antho\\OneDrive\\Desktop\\Netra\\netra-core-generation-1\\app\\tests\\helpers\\shared_test_types.py, line 20\n      def test_database_connection_failure(self, service):\nE       fixture 'service' not found\n>       available fixtures: _session_faker, anyio_backend, anyio_backend_name, anyio_backend_options, cache, capfd, capfdbinary, caplog, capsys, capsysbinary, capteesys, class_mocker, client, corpus_service, cov, db_session, doctest_namespace, event_loop, extra, extras, faker, free_tcp_port, free_tcp_port_factory, free_udp_port, free_udp_port_factory, include_metadata_in_junit_xml, json_metadata, metadata, mock_db, mock_llm_manager, mock_models, mock_session, mock_vector_store, mocker, module_mocker, monkeypatch, no_cover, package_mocker, pytestconfig, record_property, record_testsuite_property, record_xml_attribute, recwarn, session_mocker, test_engine, testrun_uid, tmp_path, tmp_path_factory, tmpdir, tmpdir_factory, unit_of_work, unused_tcp_port, unused_tcp_port_factory, unused_udp_port, unused_udp_port_factory, worker_id\n>       use 'pytest --fixtures [testpath]' for help on them.\n\nC:\\Users\\antho\\OneDrive\\Desktop\\Netra\\netra-core-generation-1\\app\\tests\\helpers\\shared_test_types.py:20\n----------------------------- Captured log setup ------------------------------\n\u001b[35mDEBUG   \u001b[0m asyncio:proactor_events.py:634 Using proactor: IocpProactor\n================================== FAILURES ===================================\n\u001b[31m\u001b[1m___________ TestWebSocketUpdates.test_generation_progress_broadcast ___________\u001b[0m\n[gw1] win32 -- Python 3.12.4 C:\\Users\\antho\\miniconda3\\python.exe\n\u001b[1m\u001b[31m..\\..\\..\\..\\miniconda3\\Lib\\unittest\\mock.py\u001b[0m:935: in assert_called_with\n    \u001b[0m\u001b[94mraise\u001b[39;49;00m \u001b[96mAssertionError\u001b[39;49;00m(error_message)\u001b[90m\u001b[39;49;00m\n\u001b[1m\u001b[31mE   AssertionError: expected call not found.\u001b[0m\n\u001b[1m\u001b[31mE   Expected: send_json({'type': 'generation_progress', 'job_id': '37323ba1-1cd9-4e2c-9eeb-3837df2a7cde', 'progress_percentage': 50, 'records_generated': 500, 'records_ingested': 450})\u001b[0m\n\u001b[1m\u001b[31mE     Actual: not called.\u001b[0m\n\n\u001b[33mDuring handling of the above exception, another exception occurred:\u001b[0m\n\u001b[1m\u001b[31mapp\\tests\\services\\synthetic_data\\test_websocket_updates.py\u001b[0m:47: in test_generation_progress_broadcast\n    \u001b[0mmock_websocket.send_json.assert_called_with(progress_update)\u001b[90m\u001b[39;49;00m\n\u001b[1m\u001b[31mE   AssertionError: expected call not found.\u001b[0m\n\u001b[1m\u001b[31mE   Expected: send_json({'type': 'generation_progress', 'job_id': '37323ba1-1cd9-4e2c-9eeb-3837df2a7cde', 'progress_percentage': 50, 'records_generated': 500, 'records_ingested': 450})\u001b[0m\n\u001b[1m\u001b[31mE     Actual: not called.\u001b[0m\n----------------------------- Captured log setup ------------------------------\n\u001b[35mDEBUG   \u001b[0m asyncio:proactor_events.py:634 Using proactor: IocpProactor\n---------------------------- Captured stderr call -----------------------------\n2025-08-14 21:52:57.464 | ERROR    | app.ws_manager_messaging:_validate_dict_message:70 | Message validation failed: Invalid message type: generation_progress\n---------------------------- Captured log teardown ----------------------------\n\u001b[35mDEBUG   \u001b[0m asyncio:proactor_events.py:634 Using proactor: IocpProactor\n\u001b[31m\u001b[1m_________________ TestResearchSchedule.test_update_after_run __________________\u001b[0m\n[gw0] win32 -- Python 3.12.4 C:\\Users\\antho\\miniconda3\\python.exe\n\u001b[1m\u001b[31mapp\\tests\\services\\supply_research_scheduler\\test_research_schedule.py\u001b[0m:187: in test_update_after_run\n    \u001b[0m\u001b[94mwith\u001b[39;49;00m patch(\u001b[33m'\u001b[39;49;00m\u001b[33mapp.services.supply_research_scheduler.datetime\u001b[39;49;00m\u001b[33m'\u001b[39;49;00m) \u001b[94mas\u001b[39;49;00m mock_datetime:\u001b[90m\u001b[39;49;00m\n\u001b[1m\u001b[31m..\\..\\..\\..\\miniconda3\\Lib\\unittest\\mock.py\u001b[0m:1458: in __enter__\n    \u001b[0moriginal, local = \u001b[96mself\u001b[39;49;00m.get_original()\u001b[90m\u001b[39;49;00m\n                      ^^^^^^^^^^^^^^^^^^^\u001b[90m\u001b[39;49;00m\n\u001b[1m\u001b[31m..\\..\\..\\..\\miniconda3\\Lib\\unittest\\mock.py\u001b[0m:1431: in get_original\n    \u001b[0m\u001b[94mraise\u001b[39;49;00m \u001b[96mAttributeError\u001b[39;49;00m(\u001b[90m\u001b[39;49;00m\n\u001b[1m\u001b[31mE   AttributeError: <module 'app.services.supply_research_scheduler' from 'C:\\\\Users\\\\antho\\\\OneDrive\\\\Desktop\\\\Netra\\\\netra-core-generation-1\\\\app\\\\services\\\\supply_research_scheduler.py'> does not have the attribute 'datetime'\u001b[0m\n\u001b[31m\u001b[1m______________ TestDemoService.test_error_handling_redis_failure ______________\u001b[0m\n[gw3] win32 -- Python 3.12.4 C:\\Users\\antho\\miniconda3\\python.exe\n\u001b[1m\u001b[31mapp\\tests\\services\\test_demo_service.py\u001b[0m:458: in test_error_handling_redis_failure\n    \u001b[0m\u001b[94mwith\u001b[39;49;00m patch.object(demo_service, \u001b[33m'\u001b[39;49;00m\u001b[33m_get_redis\u001b[39;49;00m\u001b[33m'\u001b[39;49;00m, side_effect=\u001b[96mException\u001b[39;49;00m(\u001b[33m\"\u001b[39;49;00m\u001b[33mRedis connection failed\u001b[39;49;00m\u001b[33m\"\u001b[39;49;00m)):\u001b[90m\u001b[39;49;00m\n\u001b[1m\u001b[31m..\\..\\..\\..\\miniconda3\\Lib\\unittest\\mock.py\u001b[0m:1458: in __enter__\n    \u001b[0moriginal, local = \u001b[96mself\u001b[39;49;00m.get_original()\u001b[90m\u001b[39;49;00m\n                      ^^^^^^^^^^^^^^^^^^^\u001b[90m\u001b[39;49;00m\n\u001b[1m\u001b[31m..\\..\\..\\..\\miniconda3\\Lib\\unittest\\mock.py\u001b[0m:1431: in get_original\n    \u001b[0m\u001b[94mraise\u001b[39;49;00m \u001b[96mAttributeError\u001b[39;49;00m(\u001b[90m\u001b[39;49;00m\n\u001b[1m\u001b[31mE   AttributeError: <app.services.demo.demo_service.DemoService object at 0x0000025E54F57440> does not have the attribute '_get_redis'\u001b[0m\n----------------------------- Captured log setup ------------------------------\n\u001b[35mDEBUG   \u001b[0m asyncio:proactor_events.py:634 Using proactor: IocpProactor\n---------------------------- Captured log teardown ----------------------------\n\u001b[35mDEBUG   \u001b[0m asyncio:proactor_events.py:634 Using proactor: IocpProactor\n\u001b[36m\u001b[1m=========================== short test summary info ===========================\u001b[0m\n\u001b[31mFAILED\u001b[0m app\\tests\\services\\synthetic_data\\test_websocket_updates.py::\u001b[1mTestWebSocketUpdates::test_generation_progress_broadcast\u001b[0m - AssertionError: expected call not found.\nExpected: send_json({'type': 'generation_progress', 'job_id': '37323ba1-1cd9-4e2c-9eeb-3837df2a7cde', 'progress_percentage': 50, 'records_generated': 500, 'records_ingested': 450})\n  Actual: not called.\n\u001b[31mFAILED\u001b[0m app\\tests\\services\\supply_research_scheduler\\test_research_schedule.py::\u001b[1mTestResearchSchedule::test_update_after_run\u001b[0m - AttributeError: <module 'app.services.supply_research_scheduler' from 'C:\\\\Users\\\\antho\\\\OneDrive\\\\Desktop\\\\Netra\\\\netra-core-generation-1\\\\app\\\\services\\\\supply_research_scheduler.py'> does not have the attribute 'datetime'\n\u001b[31mFAILED\u001b[0m app\\tests\\services\\test_demo_service.py::\u001b[1mTestDemoService::test_error_handling_redis_failure\u001b[0m - AttributeError: <app.services.demo.demo_service.DemoService object at 0x0000025E54F57440> does not have the attribute '_get_redis'\n\u001b[31mERROR\u001b[0m app\\tests\\services\\test_corpus_service_comprehensive.py::\u001b[1mTestErrorHandling::test_database_connection_failure\u001b[0m\n\u001b[31m!!!!!!!!!!!!!!!!!!!!!!!!!! stopping after 4 failures !!!!!!!!!!!!!!!!!!!!!!!!!!\u001b[0m\n!!!!!!!!!!!! xdist.dsession.Interrupted: stopping after 1 failures !!!!!!!!!!!!\n\u001b[31m============= \u001b[31m\u001b[1m3 failed\u001b[0m, \u001b[32m297 passed\u001b[0m, \u001b[33m20 skipped\u001b[0m, \u001b[31m\u001b[1m1 error\u001b[0m\u001b[31m in 22.10s\u001b[0m\u001b[31m =============\u001b[0m\n================================================================================\n[FAIL] TESTS FAILED with exit code 2 after 29.23s\n[Coverage] Coverage Report: reports/coverage/html/index.html\n================================================================================\n\n",
      "test_counts": {
        "total": 321,
        "passed": 297,
        "failed": 3,
        "skipped": 20,
        "errors": 1,
        "test_files": 41
      },
      "coverage": null,
      "test_details": []
    },
    "frontend": {
      "status": "failed",
      "duration": 0.2501838207244873,
      "exit_code": 15,
      "output": "\n'hooks' is not recognized as an internal or external command,\noperable program or batch file.\n",
      "test_counts": {
        "total": 0,
        "passed": 0,
        "failed": 0,
        "skipped": 0,
        "errors": 0,
        "test_files": 0
      },
      "coverage": null,
      "test_details": []
    },
    "e2e": {
      "status": "pending",
      "duration": 0,
      "exit_code": null,
      "output": "",
      "test_counts": {
        "total": 0,
        "passed": 0,
        "failed": 0,
        "skipped": 0,
        "errors": 0
      },
      "coverage": null
    },
    "overall": {
      "status": "failed",
      "start_time": 1755233554.2298574,
      "end_time": 1755233584.5391335
    }
  }
}