{
  "level": "smoke",
  "start_time": "2025-08-13T08:54:57.438592",
  "config": {
    "level": "smoke",
    "parallel": true,
    "fail_fast": false,
    "retry_failed": true,
    "max_workers": 4,
    "timeout": 30,
    "coverage": false,
    "verbose": false,
    "categories": [
      "api",
      "auth"
    ],
    "exclude_categories": [],
    "pattern": null
  },
  "suites": {
    "api": {
      "suite": "api",
      "start_time": "2025-08-13T08:54:57.449074",
      "tests": [
        {
          "name": "test_apex_optimizer_agent_route",
          "path": "C:\\Users\\antho\\OneDrive\\Desktop\\Netra\\netra-core-generation-1\\app\\tests\\routes\\test_apex_optimizer_agent_route.py",
          "status": "passed",
          "duration": 8.550869226455688,
          "output": "Loaded .env file from C:\\Users\\antho\\OneDrive\\Desktop\\Netra\\netra-core-generation-1\\.env\r\n============================= test session starts =============================\r\nplatform win32 -- Python 3.12.4, pytest-8.4.1, pluggy-1.6.0 -- C:\\Users\\antho\\miniconda3\\python.exe\r\ncachedir: .pytest_cache\r\nmetadata: {'Python': '3.12.4', 'Platform': 'Windows-11-10.0.26100-SP0', 'Packages': {'pytest': '8.4.1', 'pluggy': '1.6.0'}, 'Plugins': {'anyio': '4.9.0', 'Faker': '37.4.2', 'langsmith': '0.4.10', 'asyncio': '0.21.1', 'cov': '6.2.1', 'html': '4.1.1', 'json-report': '1.5.0', 'metadata': '3.1.1', 'mock': '3.14.1', 'timeout': '2.4.0', 'xdist': '3.8.0', 'typeguard': '4.4.4'}}\r\nrootdir: C:\\Users\\antho\\OneDrive\\Desktop\\Netra\\netra-core-generation-1\\app\r\nconfigfile: pytest.ini\r\nplugins: anyio-4.9.0, Faker-37.4.2, langsmith-0.4.10, asyncio-0.21.1, cov-6.2.1, html-4.1.1, json-report-1.5.0, metadata-3.1.1, mock-3.14.1, timeout-2.4.0, xdist-3.8.0, typeguard-4.4.4\r\nasyncio: mode=Mode.AUTO\r\ncollecting ... collected 1 item\r\n\r\napp\\tests\\routes\\test_apex_optimizer_agent_route.py::test_apex_optimizer_agent[I need to reduce costs but keep quality the same. For feature X, I can accept a latency of 500ms. For feature Y, I need to maintain the current latency of 200ms.] PASSED\r\n\r\n============================== warnings summary ===============================\r\n..\\..\\..\\..\\miniconda3\\Lib\\site-packages\\pydantic\\_internal\\_config.py:323: 11 warnings\r\n  C:\\Users\\antho\\miniconda3\\Lib\\site-packages\\pydantic\\_internal\\_config.py:323: PydanticDeprecatedSince20: Support for class-based `config` is deprecated, use ConfigDict instead. Deprecated in Pydantic V2.0 to be removed in V3.0. See Pydantic V2 Migration Guide at https://errors.pydantic.dev/2.11/migration/\r\n    warnings.warn(DEPRECATION_MESSAGE, DeprecationWarning)\r\n\r\n..\\..\\..\\..\\miniconda3\\Lib\\site-packages\\pydantic\\_internal\\_generate_schema.py:298\r\n..\\..\\..\\..\\miniconda3\\Lib\\site-packages\\pydantic\\_internal\\_generate_schema.py:298\r\n  C:\\Users\\antho\\miniconda3\\Lib\\site-packages\\pydantic\\_internal\\_generate_schema.py:298: PydanticDeprecatedSince20: `json_encoders` is deprecated. See https://docs.pydantic.dev/2.11/concepts/serialization/#custom-serializers for alternatives. Deprecated in Pydantic V2.0 to be removed in V3.0. See Pydantic V2 Migration Guide at https://errors.pydantic.dev/2.11/migration/\r\n    warnings.warn(\r\n\r\napp\\schemas\\websocket_unified.py:362\r\n  C:\\Users\\antho\\OneDrive\\Desktop\\Netra\\netra-core-generation-1\\app\\schemas\\websocket_unified.py:362: PydanticDeprecatedSince20: Pydantic V1 style `@validator` validators are deprecated. You should migrate to Pydantic V2 style `@field_validator` validators, see the migration guide for more details. Deprecated in Pydantic V2.0 to be removed in V3.0. See Pydantic V2 Migration Guide at https://errors.pydantic.dev/2.11/migration/\r\n    @validator(\"payload\", pre=True)\r\n\r\napp\\schemas\\websocket_types.py:346\r\n  C:\\Users\\antho\\OneDrive\\Desktop\\Netra\\netra-core-generation-1\\app\\schemas\\websocket_types.py:346: PydanticDeprecatedSince20: Pydantic V1 style `@validator` validators are deprecated. You should migrate to Pydantic V2 style `@field_validator` validators, see the migration guide for more details. Deprecated in Pydantic V2.0 to be removed in V3.0. See Pydantic V2 Migration Guide at https://errors.pydantic.dev/2.11/migration/\r\n    @validator('message_type', pre=True)\r\n\r\n..\\..\\..\\..\\miniconda3\\Lib\\site-packages\\pydantic\\main.py:253: 26 warnings\r\n  C:\\Users\\antho\\miniconda3\\Lib\\site-packages\\pydantic\\main.py:253: DeprecationWarning: datetime.datetime.utcnow() is deprecated and scheduled for removal in a future version. Use timezone-aware objects to represent datetimes in UTC: datetime.datetime.now(datetime.UTC).\r\n    validated_self = self.__pydantic_validator__.validate_python(data, self_instance=self)\r\n\r\napp\\services\\user_service.py:41\r\n  C:\\Users\\antho\\OneDrive\\Desktop\\Netra\\netra-core-generation-1\\app\\services\\user_service.py:41: DeprecationWarning: CRUDBase is deprecated. Use EnhancedCRUDService or proper service interfaces.\r\n    user_service = CRUDUser(User)\r\n\r\n-- Docs: https://docs.pytest.org/en/stable/how-to/capture-warnings.html\r\n======================= 1 passed, 42 warnings in 0.09s ========================\r\n",
          "error": "",
          "exit_code": 0
        },
        {
          "name": "test_api_endpoints_critical",
          "path": "C:\\Users\\antho\\OneDrive\\Desktop\\Netra\\netra-core-generation-1\\app\\tests\\test_api_endpoints_critical.py",
          "status": "passed",
          "duration": 8.632775783538818,
          "output": "Loaded .env file from C:\\Users\\antho\\OneDrive\\Desktop\\Netra\\netra-core-generation-1\\.env\r\n============================= test session starts =============================\r\nplatform win32 -- Python 3.12.4, pytest-8.4.1, pluggy-1.6.0 -- C:\\Users\\antho\\miniconda3\\python.exe\r\ncachedir: .pytest_cache\r\nmetadata: {'Python': '3.12.4', 'Platform': 'Windows-11-10.0.26100-SP0', 'Packages': {'pytest': '8.4.1', 'pluggy': '1.6.0'}, 'Plugins': {'anyio': '4.9.0', 'Faker': '37.4.2', 'langsmith': '0.4.10', 'asyncio': '0.21.1', 'cov': '6.2.1', 'html': '4.1.1', 'json-report': '1.5.0', 'metadata': '3.1.1', 'mock': '3.14.1', 'timeout': '2.4.0', 'xdist': '3.8.0', 'typeguard': '4.4.4'}}\r\nrootdir: C:\\Users\\antho\\OneDrive\\Desktop\\Netra\\netra-core-generation-1\\app\r\nconfigfile: pytest.ini\r\nplugins: anyio-4.9.0, Faker-37.4.2, langsmith-0.4.10, asyncio-0.21.1, cov-6.2.1, html-4.1.1, json-report-1.5.0, metadata-3.1.1, mock-3.14.1, timeout-2.4.0, xdist-3.8.0, typeguard-4.4.4\r\nasyncio: mode=Mode.AUTO\r\ncollecting ... collected 10 items\r\n\r\napp\\tests\\test_api_endpoints_critical.py::TestAPIEndpointsCritical::test_health_endpoints PASSED\r\napp\\tests\\test_api_endpoints_critical.py::TestAPIEndpointsCritical::test_authentication_endpoints PASSED\r\napp\\tests\\test_api_endpoints_critical.py::TestAPIEndpointsCritical::test_thread_management_endpoints PASSED\r\napp\\tests\\test_api_endpoints_critical.py::TestAPIEndpointsCritical::test_message_endpoints PASSED\r\napp\\tests\\test_api_endpoints_critical.py::TestAPIEndpointsCritical::test_agent_endpoints PASSED\r\napp\\tests\\test_api_endpoints_critical.py::TestAPIEndpointsCritical::test_generation_endpoints PASSED\r\napp\\tests\\test_api_endpoints_critical.py::TestAPIEndpointsCritical::test_configuration_endpoints PASSED\r\napp\\tests\\test_api_endpoints_critical.py::TestAPIEndpointsCritical::test_error_handling PASSED\r\napp\\tests\\test_api_endpoints_critical.py::TestAPIEndpointsCritical::test_pagination PASSED\r\napp\\tests\\test_api_endpoints_critical.py::TestAPIEndpointsCritical::test_rate_limiting PASSED\r\n\r\n============================== warnings summary ===============================\r\n..\\..\\..\\..\\miniconda3\\Lib\\site-packages\\pydantic\\_internal\\_config.py:323: 11 warnings\r\n  C:\\Users\\antho\\miniconda3\\Lib\\site-packages\\pydantic\\_internal\\_config.py:323: PydanticDeprecatedSince20: Support for class-based `config` is deprecated, use ConfigDict instead. Deprecated in Pydantic V2.0 to be removed in V3.0. See Pydantic V2 Migration Guide at https://errors.pydantic.dev/2.11/migration/\r\n    warnings.warn(DEPRECATION_MESSAGE, DeprecationWarning)\r\n\r\n..\\..\\..\\..\\miniconda3\\Lib\\site-packages\\pydantic\\_internal\\_generate_schema.py:298\r\n..\\..\\..\\..\\miniconda3\\Lib\\site-packages\\pydantic\\_internal\\_generate_schema.py:298\r\n  C:\\Users\\antho\\miniconda3\\Lib\\site-packages\\pydantic\\_internal\\_generate_schema.py:298: PydanticDeprecatedSince20: `json_encoders` is deprecated. See https://docs.pydantic.dev/2.11/concepts/serialization/#custom-serializers for alternatives. Deprecated in Pydantic V2.0 to be removed in V3.0. See Pydantic V2 Migration Guide at https://errors.pydantic.dev/2.11/migration/\r\n    warnings.warn(\r\n\r\napp\\schemas\\websocket_unified.py:362\r\n  C:\\Users\\antho\\OneDrive\\Desktop\\Netra\\netra-core-generation-1\\app\\schemas\\websocket_unified.py:362: PydanticDeprecatedSince20: Pydantic V1 style `@validator` validators are deprecated. You should migrate to Pydantic V2 style `@field_validator` validators, see the migration guide for more details. Deprecated in Pydantic V2.0 to be removed in V3.0. See Pydantic V2 Migration Guide at https://errors.pydantic.dev/2.11/migration/\r\n    @validator(\"payload\", pre=True)\r\n\r\napp\\schemas\\websocket_types.py:346\r\n  C:\\Users\\antho\\OneDrive\\Desktop\\Netra\\netra-core-generation-1\\app\\schemas\\websocket_types.py:346: PydanticDeprecatedSince20: Pydantic V1 style `@validator` validators are deprecated. You should migrate to Pydantic V2 style `@field_validator` validators, see the migration guide for more details. Deprecated in Pydantic V2.0 to be removed in V3.0. See Pydantic V2 Migration Guide at https://errors.pydantic.dev/2.11/migration/\r\n    @validator('message_type', pre=True)\r\n\r\n..\\..\\..\\..\\miniconda3\\Lib\\site-packages\\pydantic\\main.py:253: 26 warnings\r\n  C:\\Users\\antho\\miniconda3\\Lib\\site-packages\\pydantic\\main.py:253: DeprecationWarning: datetime.datetime.utcnow() is deprecated and scheduled for removal in a future version. Use timezone-aware objects to represent datetimes in UTC: datetime.datetime.now(datetime.UTC).\r\n    validated_self = self.__pydantic_validator__.validate_python(data, self_instance=self)\r\n\r\napp\\services\\user_service.py:41\r\n  C:\\Users\\antho\\OneDrive\\Desktop\\Netra\\netra-core-generation-1\\app\\services\\user_service.py:41: DeprecationWarning: CRUDBase is deprecated. Use EnhancedCRUDService or proper service interfaces.\r\n    user_service = CRUDUser(User)\r\n\r\n-- Docs: https://docs.pytest.org/en/stable/how-to/capture-warnings.html\r\n======================= 10 passed, 42 warnings in 0.10s =======================\r\n",
          "error": "",
          "exit_code": 0
        },
        {
          "name": "test_real_clickhouse_api",
          "path": "C:\\Users\\antho\\OneDrive\\Desktop\\Netra\\netra-core-generation-1\\app\\tests\\clickhouse\\test_real_clickhouse_api.py",
          "status": "failed",
          "duration": 9.132794380187988,
          "output": "Loaded .env file from C:\\Users\\antho\\OneDrive\\Desktop\\Netra\\netra-core-generation-1\\.env\r\n============================= test session starts =============================\r\nplatform win32 -- Python 3.12.4, pytest-8.4.1, pluggy-1.6.0 -- C:\\Users\\antho\\miniconda3\\python.exe\r\ncachedir: .pytest_cache\r\nmetadata: {'Python': '3.12.4', 'Platform': 'Windows-11-10.0.26100-SP0', 'Packages': {'pytest': '8.4.1', 'pluggy': '1.6.0'}, 'Plugins': {'anyio': '4.9.0', 'Faker': '37.4.2', 'langsmith': '0.4.10', 'asyncio': '0.21.1', 'cov': '6.2.1', 'html': '4.1.1', 'json-report': '1.5.0', 'metadata': '3.1.1', 'mock': '3.14.1', 'timeout': '2.4.0', 'xdist': '3.8.0', 'typeguard': '4.4.4'}}\r\nrootdir: C:\\Users\\antho\\OneDrive\\Desktop\\Netra\\netra-core-generation-1\\app\r\nconfigfile: pytest.ini\r\nplugins: anyio-4.9.0, Faker-37.4.2, langsmith-0.4.10, asyncio-0.21.1, cov-6.2.1, html-4.1.1, json-report-1.5.0, metadata-3.1.1, mock-3.14.1, timeout-2.4.0, xdist-3.8.0, typeguard-4.4.4\r\nasyncio: mode=Mode.AUTO\r\ncollecting ... collected 14 items\r\n\r\napp\\tests\\clickhouse\\test_real_clickhouse_api.py::TestRealClickHouseConnection::test_real_connection ERROR\r\n\r\n=================================== ERRORS ====================================\r\n_____ ERROR at setup of TestRealClickHouseConnection.test_real_connection _____\r\n..\\..\\..\\..\\miniconda3\\Lib\\site-packages\\pytest_asyncio\\plugin.py:281: in _asyncgen_fixture_wrapper\r\n    fixture, request.instance, fixturedef.unittest\r\n                               ^^^^^^^^^^^^^^^^^^^\r\nE   AttributeError: 'FixtureDef' object has no attribute 'unittest'\r\n----------------------------- Captured log setup ------------------------------\r\nDEBUG    asyncio:proactor_events.py:634 Using proactor: IocpProactor\r\nDEBUG    asyncio:proactor_events.py:634 Using proactor: IocpProactor\r\n============================== warnings summary ===============================\r\n..\\..\\..\\..\\miniconda3\\Lib\\site-packages\\pydantic\\_internal\\_config.py:323: 11 warnings\r\n  C:\\Users\\antho\\miniconda3\\Lib\\site-packages\\pydantic\\_internal\\_config.py:323: PydanticDeprecatedSince20: Support for class-based `config` is deprecated, use ConfigDict instead. Deprecated in Pydantic V2.0 to be removed in V3.0. See Pydantic V2 Migration Guide at https://errors.pydantic.dev/2.11/migration/\r\n    warnings.warn(DEPRECATION_MESSAGE, DeprecationWarning)\r\n\r\n..\\..\\..\\..\\miniconda3\\Lib\\site-packages\\pydantic\\_internal\\_generate_schema.py:298\r\n..\\..\\..\\..\\miniconda3\\Lib\\site-packages\\pydantic\\_internal\\_generate_schema.py:298\r\n  C:\\Users\\antho\\miniconda3\\Lib\\site-packages\\pydantic\\_internal\\_generate_schema.py:298: PydanticDeprecatedSince20: `json_encoders` is deprecated. See https://docs.pydantic.dev/2.11/concepts/serialization/#custom-serializers for alternatives. Deprecated in Pydantic V2.0 to be removed in V3.0. See Pydantic V2 Migration Guide at https://errors.pydantic.dev/2.11/migration/\r\n    warnings.warn(\r\n\r\napp\\schemas\\websocket_unified.py:362\r\n  C:\\Users\\antho\\OneDrive\\Desktop\\Netra\\netra-core-generation-1\\app\\schemas\\websocket_unified.py:362: PydanticDeprecatedSince20: Pydantic V1 style `@validator` validators are deprecated. You should migrate to Pydantic V2 style `@field_validator` validators, see the migration guide for more details. Deprecated in Pydantic V2.0 to be removed in V3.0. See Pydantic V2 Migration Guide at https://errors.pydantic.dev/2.11/migration/\r\n    @validator(\"payload\", pre=True)\r\n\r\napp\\schemas\\websocket_types.py:346\r\n  C:\\Users\\antho\\OneDrive\\Desktop\\Netra\\netra-core-generation-1\\app\\schemas\\websocket_types.py:346: PydanticDeprecatedSince20: Pydantic V1 style `@validator` validators are deprecated. You should migrate to Pydantic V2 style `@field_validator` validators, see the migration guide for more details. Deprecated in Pydantic V2.0 to be removed in V3.0. See Pydantic V2 Migration Guide at https://errors.pydantic.dev/2.11/migration/\r\n    @validator('message_type', pre=True)\r\n\r\n..\\..\\..\\..\\miniconda3\\Lib\\site-packages\\pydantic\\main.py:253: 26 warnings\r\n  C:\\Users\\antho\\miniconda3\\Lib\\site-packages\\pydantic\\main.py:253: DeprecationWarning: datetime.datetime.utcnow() is deprecated and scheduled for removal in a future version. Use timezone-aware objects to represent datetimes in UTC: datetime.datetime.now(datetime.UTC).\r\n    validated_self = self.__pydantic_validator__.validate_python(data, self_instance=self)\r\n\r\napp\\services\\user_service.py:41\r\n  C:\\Users\\antho\\OneDrive\\Desktop\\Netra\\netra-core-generation-1\\app\\services\\user_service.py:41: DeprecationWarning: CRUDBase is deprecated. Use EnhancedCRUDService or proper service interfaces.\r\n    user_service = CRUDUser(User)\r\n\r\n-- Docs: https://docs.pytest.org/en/stable/how-to/capture-warnings.html\r\n=========================== short test summary info ===========================\r\nERROR app\\tests\\clickhouse\\test_real_clickhouse_api.py::TestRealClickHouseConnection::test_real_connection\r\n!!!!!!!!!!!!!!!!!!!!!!!!!! stopping after 1 failures !!!!!!!!!!!!!!!!!!!!!!!!!!\r\n======================== 42 warnings, 1 error in 0.64s ========================\r\n",
          "error": "",
          "exit_code": 1
        },
        {
          "name": "test_api_routes_21_30",
          "path": "C:\\Users\\antho\\OneDrive\\Desktop\\Netra\\netra-core-generation-1\\app\\tests\\routes\\test_api_routes_21_30.py",
          "status": "failed",
          "duration": 9.22877812385559,
          "output": "Loaded .env file from C:\\Users\\antho\\OneDrive\\Desktop\\Netra\\netra-core-generation-1\\.env\r\n============================= test session starts =============================\r\nplatform win32 -- Python 3.12.4, pytest-8.4.1, pluggy-1.6.0 -- C:\\Users\\antho\\miniconda3\\python.exe\r\ncachedir: .pytest_cache\r\nmetadata: {'Python': '3.12.4', 'Platform': 'Windows-11-10.0.26100-SP0', 'Packages': {'pytest': '8.4.1', 'pluggy': '1.6.0'}, 'Plugins': {'anyio': '4.9.0', 'Faker': '37.4.2', 'langsmith': '0.4.10', 'asyncio': '0.21.1', 'cov': '6.2.1', 'html': '4.1.1', 'json-report': '1.5.0', 'metadata': '3.1.1', 'mock': '3.14.1', 'timeout': '2.4.0', 'xdist': '3.8.0', 'typeguard': '4.4.4'}}\r\nrootdir: C:\\Users\\antho\\OneDrive\\Desktop\\Netra\\netra-core-generation-1\\app\r\nconfigfile: pytest.ini\r\nplugins: anyio-4.9.0, Faker-37.4.2, langsmith-0.4.10, asyncio-0.21.1, cov-6.2.1, html-4.1.1, json-report-1.5.0, metadata-3.1.1, mock-3.14.1, timeout-2.4.0, xdist-3.8.0, typeguard-4.4.4\r\nasyncio: mode=Mode.AUTO\r\ncollecting ... collected 30 items\r\n\r\napp\\tests\\routes\\test_api_routes_21_30.py::TestAdminRoute::test_admin_endpoint_requires_authentication PASSED\r\napp\\tests\\routes\\test_api_routes_21_30.py::TestAdminRoute::test_admin_role_verification PASSED\r\napp\\tests\\routes\\test_api_routes_21_30.py::TestAdminRoute::test_admin_user_management FAILED\r\n\r\n================================== FAILURES ===================================\r\n__________________ TestAdminRoute.test_admin_user_management __________________\r\napp\\tests\\routes\\test_api_routes_21_30.py:45: in test_admin_user_management\r\n    with patch('app.services.user_service.get_all_users') as mock_get:\r\n..\\..\\..\\..\\miniconda3\\Lib\\unittest\\mock.py:1458: in __enter__\r\n    original, local = self.get_original()\r\n                      ^^^^^^^^^^^^^^^^^^^\r\n..\\..\\..\\..\\miniconda3\\Lib\\unittest\\mock.py:1431: in get_original\r\n    raise AttributeError(\r\nE   AttributeError: <module 'app.services.user_service' from 'C:\\\\Users\\\\antho\\\\OneDrive\\\\Desktop\\\\Netra\\\\netra-core-generation-1\\\\app\\\\services\\\\user_service.py'> does not have the attribute 'get_all_users'\r\n----------------------------- Captured log setup ------------------------------\r\nDEBUG    asyncio:proactor_events.py:634 Using proactor: IocpProactor\r\nDEBUG    asyncio:proactor_events.py:634 Using proactor: IocpProactor\r\n---------------------------- Captured log teardown ----------------------------\r\nDEBUG    asyncio:proactor_events.py:634 Using proactor: IocpProactor\r\n============================== warnings summary ===============================\r\n..\\..\\..\\..\\miniconda3\\Lib\\site-packages\\pydantic\\_internal\\_config.py:323: 11 warnings\r\n  C:\\Users\\antho\\miniconda3\\Lib\\site-packages\\pydantic\\_internal\\_config.py:323: PydanticDeprecatedSince20: Support for class-based `config` is deprecated, use ConfigDict instead. Deprecated in Pydantic V2.0 to be removed in V3.0. See Pydantic V2 Migration Guide at https://errors.pydantic.dev/2.11/migration/\r\n    warnings.warn(DEPRECATION_MESSAGE, DeprecationWarning)\r\n\r\n..\\..\\..\\..\\miniconda3\\Lib\\site-packages\\pydantic\\_internal\\_generate_schema.py:298\r\n..\\..\\..\\..\\miniconda3\\Lib\\site-packages\\pydantic\\_internal\\_generate_schema.py:298\r\n  C:\\Users\\antho\\miniconda3\\Lib\\site-packages\\pydantic\\_internal\\_generate_schema.py:298: PydanticDeprecatedSince20: `json_encoders` is deprecated. See https://docs.pydantic.dev/2.11/concepts/serialization/#custom-serializers for alternatives. Deprecated in Pydantic V2.0 to be removed in V3.0. See Pydantic V2 Migration Guide at https://errors.pydantic.dev/2.11/migration/\r\n    warnings.warn(\r\n\r\napp\\schemas\\websocket_unified.py:362\r\n  C:\\Users\\antho\\OneDrive\\Desktop\\Netra\\netra-core-generation-1\\app\\schemas\\websocket_unified.py:362: PydanticDeprecatedSince20: Pydantic V1 style `@validator` validators are deprecated. You should migrate to Pydantic V2 style `@field_validator` validators, see the migration guide for more details. Deprecated in Pydantic V2.0 to be removed in V3.0. See Pydantic V2 Migration Guide at https://errors.pydantic.dev/2.11/migration/\r\n    @validator(\"payload\", pre=True)\r\n\r\napp\\schemas\\websocket_types.py:346\r\n  C:\\Users\\antho\\OneDrive\\Desktop\\Netra\\netra-core-generation-1\\app\\schemas\\websocket_types.py:346: PydanticDeprecatedSince20: Pydantic V1 style `@validator` validators are deprecated. You should migrate to Pydantic V2 style `@field_validator` validators, see the migration guide for more details. Deprecated in Pydantic V2.0 to be removed in V3.0. See Pydantic V2 Migration Guide at https://errors.pydantic.dev/2.11/migration/\r\n    @validator('message_type', pre=True)\r\n\r\n..\\..\\..\\..\\miniconda3\\Lib\\site-packages\\pydantic\\main.py:253: 26 warnings\r\n  C:\\Users\\antho\\miniconda3\\Lib\\site-packages\\pydantic\\main.py:253: DeprecationWarning: datetime.datetime.utcnow() is deprecated and scheduled for removal in a future version. Use timezone-aware objects to represent datetimes in UTC: datetime.datetime.now(datetime.UTC).\r\n    validated_self = self.__pydantic_validator__.validate_python(data, self_instance=self)\r\n\r\napp\\services\\user_service.py:41\r\n  C:\\Users\\antho\\OneDrive\\Desktop\\Netra\\netra-core-generation-1\\app\\services\\user_service.py:41: DeprecationWarning: CRUDBase is deprecated. Use EnhancedCRUDService or proper service interfaces.\r\n    user_service = CRUDUser(User)\r\n\r\n-- Docs: https://docs.pytest.org/en/stable/how-to/capture-warnings.html\r\n=========================== short test summary info ===========================\r\nFAILED app\\tests\\routes\\test_api_routes_21_30.py::TestAdminRoute::test_admin_user_management\r\n!!!!!!!!!!!!!!!!!!!!!!!!!! stopping after 1 failures !!!!!!!!!!!!!!!!!!!!!!!!!!\r\n================== 1 failed, 2 passed, 42 warnings in 0.73s ===================\r\n",
          "error": "",
          "exit_code": 1
        },
        {
          "name": "test_demo",
          "path": "C:\\Users\\antho\\OneDrive\\Desktop\\Netra\\netra-core-generation-1\\app\\tests\\routes\\test_demo.py",
          "status": "passed",
          "duration": 8.530319690704346,
          "output": "Loaded .env file from C:\\Users\\antho\\OneDrive\\Desktop\\Netra\\netra-core-generation-1\\.env\r\n============================= test session starts =============================\r\nplatform win32 -- Python 3.12.4, pytest-8.4.1, pluggy-1.6.0 -- C:\\Users\\antho\\miniconda3\\python.exe\r\ncachedir: .pytest_cache\r\nmetadata: {'Python': '3.12.4', 'Platform': 'Windows-11-10.0.26100-SP0', 'Packages': {'pytest': '8.4.1', 'pluggy': '1.6.0'}, 'Plugins': {'anyio': '4.9.0', 'Faker': '37.4.2', 'langsmith': '0.4.10', 'asyncio': '0.21.1', 'cov': '6.2.1', 'html': '4.1.1', 'json-report': '1.5.0', 'metadata': '3.1.1', 'mock': '3.14.1', 'timeout': '2.4.0', 'xdist': '3.8.0', 'typeguard': '4.4.4'}}\r\nrootdir: C:\\Users\\antho\\OneDrive\\Desktop\\Netra\\netra-core-generation-1\\app\r\nconfigfile: pytest.ini\r\nplugins: anyio-4.9.0, Faker-37.4.2, langsmith-0.4.10, asyncio-0.21.1, cov-6.2.1, html-4.1.1, json-report-1.5.0, metadata-3.1.1, mock-3.14.1, timeout-2.4.0, xdist-3.8.0, typeguard-4.4.4\r\nasyncio: mode=Mode.AUTO\r\ncollecting ... collected 13 items\r\n\r\napp\\tests\\routes\\test_demo.py::TestDemoRoutes::test_demo_chat_success PASSED\r\napp\\tests\\routes\\test_demo.py::TestDemoRoutes::test_demo_chat_without_session_id PASSED\r\napp\\tests\\routes\\test_demo.py::TestDemoRoutes::test_get_industry_templates_success PASSED\r\napp\\tests\\routes\\test_demo.py::TestDemoRoutes::test_get_industry_templates_invalid_industry PASSED\r\napp\\tests\\routes\\test_demo.py::TestDemoRoutes::test_calculate_roi_success PASSED\r\napp\\tests\\routes\\test_demo.py::TestDemoRoutes::test_get_synthetic_metrics_success PASSED\r\napp\\tests\\routes\\test_demo.py::TestDemoRoutes::test_export_report_success PASSED\r\napp\\tests\\routes\\test_demo.py::TestDemoRoutes::test_export_report_session_not_found PASSED\r\napp\\tests\\routes\\test_demo.py::TestDemoRoutes::test_get_session_status_success PASSED\r\napp\\tests\\routes\\test_demo.py::TestDemoRoutes::test_submit_feedback_success PASSED\r\napp\\tests\\routes\\test_demo.py::TestDemoRoutes::test_get_analytics_admin_only PASSED\r\napp\\tests\\routes\\test_demo.py::TestDemoRoutes::test_get_analytics_success PASSED\r\napp\\tests\\routes\\test_demo.py::TestDemoRoutes::test_demo_chat_error_handling PASSED\r\n\r\n============================== warnings summary ===============================\r\n..\\..\\..\\..\\miniconda3\\Lib\\site-packages\\pydantic\\_internal\\_config.py:323: 11 warnings\r\n  C:\\Users\\antho\\miniconda3\\Lib\\site-packages\\pydantic\\_internal\\_config.py:323: PydanticDeprecatedSince20: Support for class-based `config` is deprecated, use ConfigDict instead. Deprecated in Pydantic V2.0 to be removed in V3.0. See Pydantic V2 Migration Guide at https://errors.pydantic.dev/2.11/migration/\r\n    warnings.warn(DEPRECATION_MESSAGE, DeprecationWarning)\r\n\r\n..\\..\\..\\..\\miniconda3\\Lib\\site-packages\\pydantic\\_internal\\_generate_schema.py:298\r\n..\\..\\..\\..\\miniconda3\\Lib\\site-packages\\pydantic\\_internal\\_generate_schema.py:298\r\n  C:\\Users\\antho\\miniconda3\\Lib\\site-packages\\pydantic\\_internal\\_generate_schema.py:298: PydanticDeprecatedSince20: `json_encoders` is deprecated. See https://docs.pydantic.dev/2.11/concepts/serialization/#custom-serializers for alternatives. Deprecated in Pydantic V2.0 to be removed in V3.0. See Pydantic V2 Migration Guide at https://errors.pydantic.dev/2.11/migration/\r\n    warnings.warn(\r\n\r\napp\\schemas\\websocket_unified.py:362\r\n  C:\\Users\\antho\\OneDrive\\Desktop\\Netra\\netra-core-generation-1\\app\\schemas\\websocket_unified.py:362: PydanticDeprecatedSince20: Pydantic V1 style `@validator` validators are deprecated. You should migrate to Pydantic V2 style `@field_validator` validators, see the migration guide for more details. Deprecated in Pydantic V2.0 to be removed in V3.0. See Pydantic V2 Migration Guide at https://errors.pydantic.dev/2.11/migration/\r\n    @validator(\"payload\", pre=True)\r\n\r\napp\\schemas\\websocket_types.py:346\r\n  C:\\Users\\antho\\OneDrive\\Desktop\\Netra\\netra-core-generation-1\\app\\schemas\\websocket_types.py:346: PydanticDeprecatedSince20: Pydantic V1 style `@validator` validators are deprecated. You should migrate to Pydantic V2 style `@field_validator` validators, see the migration guide for more details. Deprecated in Pydantic V2.0 to be removed in V3.0. See Pydantic V2 Migration Guide at https://errors.pydantic.dev/2.11/migration/\r\n    @validator('message_type', pre=True)\r\n\r\n..\\..\\..\\..\\miniconda3\\Lib\\site-packages\\pydantic\\main.py:253: 26 warnings\r\n  C:\\Users\\antho\\miniconda3\\Lib\\site-packages\\pydantic\\main.py:253: DeprecationWarning: datetime.datetime.utcnow() is deprecated and scheduled for removal in a future version. Use timezone-aware objects to represent datetimes in UTC: datetime.datetime.now(datetime.UTC).\r\n    validated_self = self.__pydantic_validator__.validate_python(data, self_instance=self)\r\n\r\napp\\services\\user_service.py:41\r\n  C:\\Users\\antho\\OneDrive\\Desktop\\Netra\\netra-core-generation-1\\app\\services\\user_service.py:41: DeprecationWarning: CRUDBase is deprecated. Use EnhancedCRUDService or proper service interfaces.\r\n    user_service = CRUDUser(User)\r\n\r\n-- Docs: https://docs.pytest.org/en/stable/how-to/capture-warnings.html\r\n======================= 13 passed, 42 warnings in 0.12s =======================\r\n",
          "error": "",
          "exit_code": 0
        },
        {
          "name": "test_config_endpoint",
          "path": "C:\\Users\\antho\\OneDrive\\Desktop\\Netra\\netra-core-generation-1\\app\\tests\\routes\\test_config_endpoint.py",
          "status": "failed",
          "duration": 8.982182502746582,
          "output": "Loaded .env file from C:\\Users\\antho\\OneDrive\\Desktop\\Netra\\netra-core-generation-1\\.env\r\n============================= test session starts =============================\r\nplatform win32 -- Python 3.12.4, pytest-8.4.1, pluggy-1.6.0 -- C:\\Users\\antho\\miniconda3\\python.exe\r\ncachedir: .pytest_cache\r\nmetadata: {'Python': '3.12.4', 'Platform': 'Windows-11-10.0.26100-SP0', 'Packages': {'pytest': '8.4.1', 'pluggy': '1.6.0'}, 'Plugins': {'anyio': '4.9.0', 'Faker': '37.4.2', 'langsmith': '0.4.10', 'asyncio': '0.21.1', 'cov': '6.2.1', 'html': '4.1.1', 'json-report': '1.5.0', 'metadata': '3.1.1', 'mock': '3.14.1', 'timeout': '2.4.0', 'xdist': '3.8.0', 'typeguard': '4.4.4'}}\r\nrootdir: C:\\Users\\antho\\OneDrive\\Desktop\\Netra\\netra-core-generation-1\\app\r\nconfigfile: pytest.ini\r\nplugins: anyio-4.9.0, Faker-37.4.2, langsmith-0.4.10, asyncio-0.21.1, cov-6.2.1, html-4.1.1, json-report-1.5.0, metadata-3.1.1, mock-3.14.1, timeout-2.4.0, xdist-3.8.0, typeguard-4.4.4\r\nasyncio: mode=Mode.AUTO\r\ncollecting ... collected 4 items\r\n\r\napp\\tests\\routes\\test_config_endpoint.py::TestConfigEndpoint::test_get_public_config FAILED\r\n\r\n================================== FAILURES ===================================\r\n__________________ TestConfigEndpoint.test_get_public_config __________________\r\napp\\tests\\routes\\test_config_endpoint.py:23: in test_get_public_config\r\n    assert response.status_code == 200\r\nE   assert 404 == 200\r\nE    +  where 404 = <Response [404 Not Found]>.status_code\r\n------------------------------ Captured log call ------------------------------\r\nDEBUG    asyncio:proactor_events.py:634 Using proactor: IocpProactor\r\nINFO     httpx:_client.py:1025 HTTP Request: GET http://testserver/api/config/public \"HTTP/1.1 404 Not Found\"\r\n============================== warnings summary ===============================\r\n..\\..\\..\\..\\miniconda3\\Lib\\site-packages\\pydantic\\_internal\\_config.py:323: 11 warnings\r\n  C:\\Users\\antho\\miniconda3\\Lib\\site-packages\\pydantic\\_internal\\_config.py:323: PydanticDeprecatedSince20: Support for class-based `config` is deprecated, use ConfigDict instead. Deprecated in Pydantic V2.0 to be removed in V3.0. See Pydantic V2 Migration Guide at https://errors.pydantic.dev/2.11/migration/\r\n    warnings.warn(DEPRECATION_MESSAGE, DeprecationWarning)\r\n\r\n..\\..\\..\\..\\miniconda3\\Lib\\site-packages\\pydantic\\_internal\\_generate_schema.py:298\r\n..\\..\\..\\..\\miniconda3\\Lib\\site-packages\\pydantic\\_internal\\_generate_schema.py:298\r\n  C:\\Users\\antho\\miniconda3\\Lib\\site-packages\\pydantic\\_internal\\_generate_schema.py:298: PydanticDeprecatedSince20: `json_encoders` is deprecated. See https://docs.pydantic.dev/2.11/concepts/serialization/#custom-serializers for alternatives. Deprecated in Pydantic V2.0 to be removed in V3.0. See Pydantic V2 Migration Guide at https://errors.pydantic.dev/2.11/migration/\r\n    warnings.warn(\r\n\r\napp\\schemas\\websocket_unified.py:362\r\n  C:\\Users\\antho\\OneDrive\\Desktop\\Netra\\netra-core-generation-1\\app\\schemas\\websocket_unified.py:362: PydanticDeprecatedSince20: Pydantic V1 style `@validator` validators are deprecated. You should migrate to Pydantic V2 style `@field_validator` validators, see the migration guide for more details. Deprecated in Pydantic V2.0 to be removed in V3.0. See Pydantic V2 Migration Guide at https://errors.pydantic.dev/2.11/migration/\r\n    @validator(\"payload\", pre=True)\r\n\r\napp\\schemas\\websocket_types.py:346\r\n  C:\\Users\\antho\\OneDrive\\Desktop\\Netra\\netra-core-generation-1\\app\\schemas\\websocket_types.py:346: PydanticDeprecatedSince20: Pydantic V1 style `@validator` validators are deprecated. You should migrate to Pydantic V2 style `@field_validator` validators, see the migration guide for more details. Deprecated in Pydantic V2.0 to be removed in V3.0. See Pydantic V2 Migration Guide at https://errors.pydantic.dev/2.11/migration/\r\n    @validator('message_type', pre=True)\r\n\r\n..\\..\\..\\..\\miniconda3\\Lib\\site-packages\\pydantic\\main.py:253: 26 warnings\r\n  C:\\Users\\antho\\miniconda3\\Lib\\site-packages\\pydantic\\main.py:253: DeprecationWarning: datetime.datetime.utcnow() is deprecated and scheduled for removal in a future version. Use timezone-aware objects to represent datetimes in UTC: datetime.datetime.now(datetime.UTC).\r\n    validated_self = self.__pydantic_validator__.validate_python(data, self_instance=self)\r\n\r\napp\\services\\user_service.py:41\r\n  C:\\Users\\antho\\OneDrive\\Desktop\\Netra\\netra-core-generation-1\\app\\services\\user_service.py:41: DeprecationWarning: CRUDBase is deprecated. Use EnhancedCRUDService or proper service interfaces.\r\n    user_service = CRUDUser(User)\r\n\r\n-- Docs: https://docs.pytest.org/en/stable/how-to/capture-warnings.html\r\n=========================== short test summary info ===========================\r\nFAILED app\\tests\\routes\\test_config_endpoint.py::TestConfigEndpoint::test_get_public_config\r\n!!!!!!!!!!!!!!!!!!!!!!!!!! stopping after 1 failures !!!!!!!!!!!!!!!!!!!!!!!!!!\r\n======================= 1 failed, 42 warnings in 0.55s ========================\r\n",
          "error": "",
          "exit_code": 1
        },
        {
          "name": "test_health_route",
          "path": "C:\\Users\\antho\\OneDrive\\Desktop\\Netra\\netra-core-generation-1\\app\\tests\\routes\\test_health_route.py",
          "status": "passed",
          "duration": 8.520473718643188,
          "output": "Loaded .env file from C:\\Users\\antho\\OneDrive\\Desktop\\Netra\\netra-core-generation-1\\.env\r\n============================= test session starts =============================\r\nplatform win32 -- Python 3.12.4, pytest-8.4.1, pluggy-1.6.0 -- C:\\Users\\antho\\miniconda3\\python.exe\r\ncachedir: .pytest_cache\r\nmetadata: {'Python': '3.12.4', 'Platform': 'Windows-11-10.0.26100-SP0', 'Packages': {'pytest': '8.4.1', 'pluggy': '1.6.0'}, 'Plugins': {'anyio': '4.9.0', 'Faker': '37.4.2', 'langsmith': '0.4.10', 'asyncio': '0.21.1', 'cov': '6.2.1', 'html': '4.1.1', 'json-report': '1.5.0', 'metadata': '3.1.1', 'mock': '3.14.1', 'timeout': '2.4.0', 'xdist': '3.8.0', 'typeguard': '4.4.4'}}\r\nrootdir: C:\\Users\\antho\\OneDrive\\Desktop\\Netra\\netra-core-generation-1\\app\r\nconfigfile: pytest.ini\r\nplugins: anyio-4.9.0, Faker-37.4.2, langsmith-0.4.10, asyncio-0.21.1, cov-6.2.1, html-4.1.1, json-report-1.5.0, metadata-3.1.1, mock-3.14.1, timeout-2.4.0, xdist-3.8.0, typeguard-4.4.4\r\nasyncio: mode=Mode.AUTO\r\ncollecting ... collected 3 items\r\n\r\napp\\tests\\routes\\test_health_route.py::test_basic_import PASSED\r\napp\\tests\\routes\\test_health_route.py::test_health_endpoint_direct PASSED\r\napp\\tests\\routes\\test_health_route.py::test_live_endpoint PASSED\r\n\r\n============================== warnings summary ===============================\r\n..\\..\\..\\..\\miniconda3\\Lib\\site-packages\\pydantic\\_internal\\_config.py:323: 11 warnings\r\n  C:\\Users\\antho\\miniconda3\\Lib\\site-packages\\pydantic\\_internal\\_config.py:323: PydanticDeprecatedSince20: Support for class-based `config` is deprecated, use ConfigDict instead. Deprecated in Pydantic V2.0 to be removed in V3.0. See Pydantic V2 Migration Guide at https://errors.pydantic.dev/2.11/migration/\r\n    warnings.warn(DEPRECATION_MESSAGE, DeprecationWarning)\r\n\r\n..\\..\\..\\..\\miniconda3\\Lib\\site-packages\\pydantic\\_internal\\_generate_schema.py:298\r\n..\\..\\..\\..\\miniconda3\\Lib\\site-packages\\pydantic\\_internal\\_generate_schema.py:298\r\n  C:\\Users\\antho\\miniconda3\\Lib\\site-packages\\pydantic\\_internal\\_generate_schema.py:298: PydanticDeprecatedSince20: `json_encoders` is deprecated. See https://docs.pydantic.dev/2.11/concepts/serialization/#custom-serializers for alternatives. Deprecated in Pydantic V2.0 to be removed in V3.0. See Pydantic V2 Migration Guide at https://errors.pydantic.dev/2.11/migration/\r\n    warnings.warn(\r\n\r\napp\\schemas\\websocket_unified.py:362\r\n  C:\\Users\\antho\\OneDrive\\Desktop\\Netra\\netra-core-generation-1\\app\\schemas\\websocket_unified.py:362: PydanticDeprecatedSince20: Pydantic V1 style `@validator` validators are deprecated. You should migrate to Pydantic V2 style `@field_validator` validators, see the migration guide for more details. Deprecated in Pydantic V2.0 to be removed in V3.0. See Pydantic V2 Migration Guide at https://errors.pydantic.dev/2.11/migration/\r\n    @validator(\"payload\", pre=True)\r\n\r\napp\\schemas\\websocket_types.py:346\r\n  C:\\Users\\antho\\OneDrive\\Desktop\\Netra\\netra-core-generation-1\\app\\schemas\\websocket_types.py:346: PydanticDeprecatedSince20: Pydantic V1 style `@validator` validators are deprecated. You should migrate to Pydantic V2 style `@field_validator` validators, see the migration guide for more details. Deprecated in Pydantic V2.0 to be removed in V3.0. See Pydantic V2 Migration Guide at https://errors.pydantic.dev/2.11/migration/\r\n    @validator('message_type', pre=True)\r\n\r\n..\\..\\..\\..\\miniconda3\\Lib\\site-packages\\pydantic\\main.py:253: 26 warnings\r\n  C:\\Users\\antho\\miniconda3\\Lib\\site-packages\\pydantic\\main.py:253: DeprecationWarning: datetime.datetime.utcnow() is deprecated and scheduled for removal in a future version. Use timezone-aware objects to represent datetimes in UTC: datetime.datetime.now(datetime.UTC).\r\n    validated_self = self.__pydantic_validator__.validate_python(data, self_instance=self)\r\n\r\napp\\services\\user_service.py:41\r\n  C:\\Users\\antho\\OneDrive\\Desktop\\Netra\\netra-core-generation-1\\app\\services\\user_service.py:41: DeprecationWarning: CRUDBase is deprecated. Use EnhancedCRUDService or proper service interfaces.\r\n    user_service = CRUDUser(User)\r\n\r\n-- Docs: https://docs.pytest.org/en/stable/how-to/capture-warnings.html\r\n======================= 3 passed, 42 warnings in 0.09s ========================\r\n",
          "error": "",
          "exit_code": 0
        },
        {
          "name": "test_reference_management",
          "path": "C:\\Users\\antho\\OneDrive\\Desktop\\Netra\\netra-core-generation-1\\app\\tests\\routes\\test_reference_management.py",
          "status": "failed",
          "duration": 9.484222412109375,
          "output": "Loaded .env file from C:\\Users\\antho\\OneDrive\\Desktop\\Netra\\netra-core-generation-1\\.env\r\n============================= test session starts =============================\r\nplatform win32 -- Python 3.12.4, pytest-8.4.1, pluggy-1.6.0 -- C:\\Users\\antho\\miniconda3\\python.exe\r\ncachedir: .pytest_cache\r\nmetadata: {'Python': '3.12.4', 'Platform': 'Windows-11-10.0.26100-SP0', 'Packages': {'pytest': '8.4.1', 'pluggy': '1.6.0'}, 'Plugins': {'anyio': '4.9.0', 'Faker': '37.4.2', 'langsmith': '0.4.10', 'asyncio': '0.21.1', 'cov': '6.2.1', 'html': '4.1.1', 'json-report': '1.5.0', 'metadata': '3.1.1', 'mock': '3.14.1', 'timeout': '2.4.0', 'xdist': '3.8.0', 'typeguard': '4.4.4'}}\r\nrootdir: C:\\Users\\antho\\OneDrive\\Desktop\\Netra\\netra-core-generation-1\\app\r\nconfigfile: pytest.ini\r\nplugins: anyio-4.9.0, Faker-37.4.2, langsmith-0.4.10, asyncio-0.21.1, cov-6.2.1, html-4.1.1, json-report-1.5.0, metadata-3.1.1, mock-3.14.1, timeout-2.4.0, xdist-3.8.0, typeguard-4.4.4\r\nasyncio: mode=Mode.AUTO\r\ncollecting ... collected 5 items\r\n\r\napp\\tests\\routes\\test_reference_management.py::TestReferenceManagement::test_create_reference FAILED\r\n\r\n================================== FAILURES ===================================\r\n________________ TestReferenceManagement.test_create_reference ________________\r\n  + Exception Group Traceback (most recent call last):\r\n  |   File \"C:\\Users\\antho\\miniconda3\\Lib\\site-packages\\starlette\\_utils.py\", line 77, in collapse_excgroups\r\n  |     yield\r\n  |   File \"C:\\Users\\antho\\miniconda3\\Lib\\site-packages\\starlette\\middleware\\base.py\", line 183, in __call__\r\n  |     async with anyio.create_task_group() as task_group:\r\n  |   File \"C:\\Users\\antho\\AppData\\Roaming\\Python\\Python312\\site-packages\\anyio\\_backends\\_asyncio.py\", line 772, in __aexit__\r\n  |     raise BaseExceptionGroup(\r\n  | ExceptionGroup: unhandled errors in a TaskGroup (1 sub-exception)\r\n  +-+---------------- 1 ----------------\r\n    | Traceback (most recent call last):\r\n    |   File \"C:\\Users\\antho\\miniconda3\\Lib\\site-packages\\_pytest\\runner.py\", line 344, in from_call\r\n    |     result: TResult | None = func()\r\n    |                              ^^^^^^\r\n    |   File \"C:\\Users\\antho\\miniconda3\\Lib\\site-packages\\_pytest\\runner.py\", line 246, in <lambda>\r\n    |     lambda: runtest_hook(item=item, **kwds), when=when, reraise=reraise\r\n    |             ^^^^^^^^^^^^^^^^^^^^^^^^^^^^^^^\r\n    |   File \"C:\\Users\\antho\\miniconda3\\Lib\\site-packages\\pluggy\\_hooks.py\", line 512, in __call__\r\n    |     return self._hookexec(self.name, self._hookimpls.copy(), kwargs, firstresult)\r\n    |            ^^^^^^^^^^^^^^^^^^^^^^^^^^^^^^^^^^^^^^^^^^^^^^^^^^^^^^^^^^^^^^^^^^^^^^\r\n    |   File \"C:\\Users\\antho\\miniconda3\\Lib\\site-packages\\pluggy\\_manager.py\", line 120, in _hookexec\r\n    |     return self._inner_hookexec(hook_name, methods, kwargs, firstresult)\r\n    |            ^^^^^^^^^^^^^^^^^^^^^^^^^^^^^^^^^^^^^^^^^^^^^^^^^^^^^^^^^^^^^\r\n    |   File \"C:\\Users\\antho\\miniconda3\\Lib\\site-packages\\pluggy\\_callers.py\", line 167, in _multicall\r\n    |     raise exception\r\n    |   File \"C:\\Users\\antho\\miniconda3\\Lib\\site-packages\\pluggy\\_callers.py\", line 139, in _multicall\r\n    |     teardown.throw(exception)\r\n    |   File \"C:\\Users\\antho\\miniconda3\\Lib\\site-packages\\_pytest\\logging.py\", line 850, in pytest_runtest_call\r\n    |     yield\r\n    |   File \"C:\\Users\\antho\\miniconda3\\Lib\\site-packages\\pluggy\\_callers.py\", line 139, in _multicall\r\n    |     teardown.throw(exception)\r\n    |   File \"C:\\Users\\antho\\miniconda3\\Lib\\site-packages\\_pytest\\capture.py\", line 900, in pytest_runtest_call\r\n    |     return (yield)\r\n    |             ^^^^^\r\n    |   File \"C:\\Users\\antho\\miniconda3\\Lib\\site-packages\\pluggy\\_callers.py\", line 139, in _multicall\r\n    |     teardown.throw(exception)\r\n    |   File \"C:\\Users\\antho\\miniconda3\\Lib\\site-packages\\pluggy\\_callers.py\", line 53, in run_old_style_hookwrapper\r\n    |     return result.get_result()\r\n    |            ^^^^^^^^^^^^^^^^^^^\r\n    |   File \"C:\\Users\\antho\\miniconda3\\Lib\\site-packages\\pluggy\\_result.py\", line 103, in get_result\r\n    |     raise exc.with_traceback(tb)\r\n    |   File \"C:\\Users\\antho\\miniconda3\\Lib\\site-packages\\pluggy\\_callers.py\", line 38, in run_old_style_hookwrapper\r\n    |     res = yield\r\n    |           ^^^^^\r\n    |   File \"C:\\Users\\antho\\miniconda3\\Lib\\site-packages\\pluggy\\_callers.py\", line 139, in _multicall\r\n    |     teardown.throw(exception)\r\n    |   File \"C:\\Users\\antho\\miniconda3\\Lib\\site-packages\\pluggy\\_callers.py\", line 53, in run_old_style_hookwrapper\r\n    |     return result.get_result()\r\n    |            ^^^^^^^^^^^^^^^^^^^\r\n    |   File \"C:\\Users\\antho\\miniconda3\\Lib\\site-packages\\pluggy\\_result.py\", line 103, in get_result\r\n    |     raise exc.with_traceback(tb)\r\n    |   File \"C:\\Users\\antho\\miniconda3\\Lib\\site-packages\\pluggy\\_callers.py\", line 38, in run_old_style_hookwrapper\r\n    |     res = yield\r\n    |           ^^^^^\r\n    |   File \"C:\\Users\\antho\\miniconda3\\Lib\\site-packages\\pluggy\\_callers.py\", line 139, in _multicall\r\n    |     teardown.throw(exception)\r\n    |   File \"C:\\Users\\antho\\miniconda3\\Lib\\site-packages\\_pytest\\skipping.py\", line 263, in pytest_runtest_call\r\n    |     return (yield)\r\n    |             ^^^^^\r\n    |   File \"C:\\Users\\antho\\miniconda3\\Lib\\site-packages\\pluggy\\_callers.py\", line 121, in _multicall\r\n    |     res = hook_impl.function(*args)\r\n    |           ^^^^^^^^^^^^^^^^^^^^^^^^^\r\n    |   File \"C:\\Users\\antho\\miniconda3\\Lib\\site-packages\\_pytest\\runner.py\", line 178, in pytest_runtest_call\r\n    |     item.runtest()\r\n    |   File \"C:\\Users\\antho\\miniconda3\\Lib\\site-packages\\_pytest\\python.py\", line 1671, in runtest\r\n    |     self.ihook.pytest_pyfunc_call(pyfuncitem=self)\r\n    |   File \"C:\\Users\\antho\\miniconda3\\Lib\\site-packages\\pluggy\\_hooks.py\", line 512, in __call__\r\n    |     return self._hookexec(self.name, self._hookimpls.copy(), kwargs, firstresult)\r\n    |            ^^^^^^^^^^^^^^^^^^^^^^^^^^^^^^^^^^^^^^^^^^^^^^^^^^^^^^^^^^^^^^^^^^^^^^\r\n    |   File \"C:\\Users\\antho\\miniconda3\\Lib\\site-packages\\pluggy\\_manager.py\", line 120, in _hookexec\r\n    |     return self._inner_hookexec(hook_name, methods, kwargs, firstresult)\r\n    |            ^^^^^^^^^^^^^^^^^^^^^^^^^^^^^^^^^^^^^^^^^^^^^^^^^^^^^^^^^^^^^\r\n    |   File \"C:\\Users\\antho\\miniconda3\\Lib\\site-packages\\pluggy\\_callers.py\", line 167, in _multicall\r\n    |     raise exception\r\n    |   File \"C:\\Users\\antho\\miniconda3\\Lib\\site-packages\\pluggy\\_callers.py\", line 139, in _multicall\r\n    |     teardown.throw(exception)\r\n    |   File \"C:\\Users\\antho\\miniconda3\\Lib\\site-packages\\pluggy\\_callers.py\", line 53, in run_old_style_hookwrapper\r\n    |     return result.get_result()\r\n    |            ^^^^^^^^^^^^^^^^^^^\r\n    |   File \"C:\\Users\\antho\\miniconda3\\Lib\\site-packages\\pluggy\\_result.py\", line 103, in get_result\r\n    |     raise exc.with_traceback(tb)\r\n    |   File \"C:\\Users\\antho\\miniconda3\\Lib\\site-packages\\pluggy\\_callers.py\", line 38, in run_old_style_hookwrapper\r\n    |     res = yield\r\n    |           ^^^^^\r\n    |   File \"C:\\Users\\antho\\miniconda3\\Lib\\site-packages\\pluggy\\_callers.py\", line 121, in _multicall\r\n    |     res = hook_impl.function(*args)\r\n    |           ^^^^^^^^^^^^^^^^^^^^^^^^^\r\n    |   File \"C:\\Users\\antho\\miniconda3\\Lib\\site-packages\\_pytest\\python.py\", line 157, in pytest_pyfunc_call\r\n    |     result = testfunction(**testargs)\r\n    |              ^^^^^^^^^^^^^^^^^^^^^^^^\r\n    |   File \"C:\\Users\\antho\\OneDrive\\Desktop\\Netra\\netra-core-generation-1\\app\\tests\\routes\\test_reference_management.py\", line 31, in test_create_reference\r\n    |     response = client.post(\"/api/references\", json=reference_data)\r\n    |                ^^^^^^^^^^^^^^^^^^^^^^^^^^^^^^^^^^^^^^^^^^^^^^^^^^^\r\n    |   File \"C:\\Users\\antho\\miniconda3\\Lib\\site-packages\\starlette\\testclient.py\", line 552, in post\r\n    |     return super().post(\r\n    |            ^^^^^^^^^^^^^\r\n    |   File \"C:\\Users\\antho\\miniconda3\\Lib\\site-packages\\httpx\\_client.py\", line 1144, in post\r\n    |     return self.request(\r\n    |            ^^^^^^^^^^^^^\r\n    |   File \"C:\\Users\\antho\\miniconda3\\Lib\\site-packages\\starlette\\testclient.py\", line 451, in request\r\n    |     return super().request(\r\n    |            ^^^^^^^^^^^^^^^^\r\n    |   File \"C:\\Users\\antho\\miniconda3\\Lib\\site-packages\\httpx\\_client.py\", line 825, in request\r\n    |     return self.send(request, auth=auth, follow_redirects=follow_redirects)\r\n    |            ^^^^^^^^^^^^^^^^^^^^^^^^^^^^^^^^^^^^^^^^^^^^^^^^^^^^^^^^^^^^^^^^\r\n    |   File \"C:\\Users\\antho\\miniconda3\\Lib\\site-packages\\httpx\\_client.py\", line 914, in send\r\n    |     response = self._send_handling_auth(\r\n    |                ^^^^^^^^^^^^^^^^^^^^^^^^^\r\n    |   File \"C:\\Users\\antho\\miniconda3\\Lib\\site-packages\\httpx\\_client.py\", line 942, in _send_handling_auth\r\n    |     response = self._send_handling_redirects(\r\n    |                ^^^^^^^^^^^^^^^^^^^^^^^^^^^^^^\r\n    |   File \"C:\\Users\\antho\\miniconda3\\Lib\\site-packages\\httpx\\_client.py\", line 979, in _send_handling_redirects\r\n    |     response = self._send_single_request(request)\r\n    |                ^^^^^^^^^^^^^^^^^^^^^^^^^^^^^^^^^^\r\n    |   File \"C:\\Users\\antho\\miniconda3\\Lib\\site-packages\\httpx\\_client.py\", line 1014, in _send_single_request\r\n    |     response = transport.handle_request(request)\r\n    |                ^^^^^^^^^^^^^^^^^^^^^^^^^^^^^^^^^\r\n    |   File \"C:\\Users\\antho\\miniconda3\\Lib\\site-packages\\starlette\\testclient.py\", line 354, in handle_request\r\n    |     raise exc\r\n    |   File \"C:\\Users\\antho\\miniconda3\\Lib\\site-packages\\starlette\\testclient.py\", line 351, in handle_request\r\n    |     portal.call(self.app, scope, receive, send)\r\n    |   File \"C:\\Users\\antho\\AppData\\Roaming\\Python\\Python312\\site-packages\\anyio\\from_thread.py\", line 290, in call\r\n    |     return cast(T_Retval, self.start_task_soon(func, *args).result())\r\n    |                           ^^^^^^^^^^^^^^^^^^^^^^^^^^^^^^^^^^^^^^^^^^\r\n    |   File \"C:\\Users\\antho\\miniconda3\\Lib\\concurrent\\futures\\_base.py\", line 456, in result\r\n    |     return self.__get_result()\r\n    |            ^^^^^^^^^^^^^^^^^^^\r\n    |   File \"C:\\Users\\antho\\miniconda3\\Lib\\concurrent\\futures\\_base.py\", line 401, in __get_result\r\n    |     raise self._exception\r\n    |   File \"C:\\Users\\antho\\AppData\\Roaming\\Python\\Python312\\site-packages\\anyio\\from_thread.py\", line 221, in _call_func\r\n    |     retval = await retval_or_awaitable\r\n    |              ^^^^^^^^^^^^^^^^^^^^^^^^^\r\n    |   File \"C:\\Users\\antho\\AppData\\Roaming\\Python\\Python312\\site-packages\\fastapi\\applications.py\", line 1054, in __call__\r\n    |     await super().__call__(scope, receive, send)\r\n    |   File \"C:\\Users\\antho\\miniconda3\\Lib\\site-packages\\starlette\\applications.py\", line 113, in __call__\r\n    |     await self.middleware_stack(scope, receive, send)\r\n    |   File \"C:\\Users\\antho\\miniconda3\\Lib\\site-packages\\starlette\\middleware\\errors.py\", line 186, in __call__\r\n    |     raise exc\r\n    |   File \"C:\\Users\\antho\\miniconda3\\Lib\\site-packages\\starlette\\middleware\\errors.py\", line 164, in __call__\r\n    |     await self.app(scope, receive, _send)\r\n    |   File \"C:\\Users\\antho\\miniconda3\\Lib\\site-packages\\starlette\\middleware\\sessions.py\", line 85, in __call__\r\n    |     await self.app(scope, receive, send_wrapper)\r\n    |   File \"C:\\Users\\antho\\miniconda3\\Lib\\site-packages\\starlette\\middleware\\cors.py\", line 85, in __call__\r\n    |     await self.app(scope, receive, send)\r\n    |   File \"C:\\Users\\antho\\miniconda3\\Lib\\site-packages\\starlette\\middleware\\base.py\", line 182, in __call__\r\n    |     with recv_stream, send_stream, collapse_excgroups():\r\n    |   File \"C:\\Users\\antho\\miniconda3\\Lib\\contextlib.py\", line 158, in __exit__\r\n    |     self.gen.throw(value)\r\n    |   File \"C:\\Users\\antho\\miniconda3\\Lib\\site-packages\\starlette\\_utils.py\", line 83, in collapse_excgroups\r\n    |     raise exc\r\n    |   File \"C:\\Users\\antho\\miniconda3\\Lib\\site-packages\\starlette\\middleware\\base.py\", line 184, in __call__\r\n    |     response = await self.dispatch_func(request, call_next)\r\n    |                ^^^^^^^^^^^^^^^^^^^^^^^^^^^^^^^^^^^^^^^^^^^^\r\n    |   File \"C:\\Users\\antho\\OneDrive\\Desktop\\Netra\\netra-core-generation-1\\app\\main.py\", line 302, in log_requests\r\n    |     response = await call_next(request)\r\n    |                ^^^^^^^^^^^^^^^^^^^^^^^^\r\n    |   File \"C:\\Users\\antho\\miniconda3\\Lib\\site-packages\\starlette\\middleware\\base.py\", line 159, in call_next\r\n    |     raise app_exc\r\n    |   File \"C:\\Users\\antho\\miniconda3\\Lib\\site-packages\\starlette\\middleware\\base.py\", line 144, in coro\r\n    |     await self.app(scope, receive_or_disconnect, send_no_error)\r\n    |   File \"C:\\Users\\antho\\miniconda3\\Lib\\site-packages\\starlette\\middleware\\base.py\", line 182, in __call__\r\n    |     with recv_stream, send_stream, collapse_excgroups():\r\n    |   File \"C:\\Users\\antho\\miniconda3\\Lib\\contextlib.py\", line 158, in __exit__\r\n    |     self.gen.throw(value)\r\n    |   File \"C:\\Users\\antho\\miniconda3\\Lib\\site-packages\\starlette\\_utils.py\", line 83, in collapse_excgroups\r\n    |     raise exc\r\n    |   File \"C:\\Users\\antho\\miniconda3\\Lib\\site-packages\\starlette\\middleware\\base.py\", line 184, in __call__\r\n    |     response = await self.dispatch_func(request, call_next)\r\n    |                ^^^^^^^^^^^^^^^^^^^^^^^^^^^^^^^^^^^^^^^^^^^^\r\n    |   File \"C:\\Users\\antho\\OneDrive\\Desktop\\Netra\\netra-core-generation-1\\app\\main.py\", line 288, in error_context_middleware\r\n    |     response = await call_next(request)\r\n    |                ^^^^^^^^^^^^^^^^^^^^^^^^\r\n    |   File \"C:\\Users\\antho\\miniconda3\\Lib\\site-packages\\starlette\\middleware\\base.py\", line 159, in call_next\r\n    |     raise app_exc\r\n    |   File \"C:\\Users\\antho\\miniconda3\\Lib\\site-packages\\starlette\\middleware\\base.py\", line 144, in coro\r\n    |     await self.app(scope, receive_or_disconnect, send_no_error)\r\n    |   File \"C:\\Users\\antho\\miniconda3\\Lib\\site-packages\\starlette\\middleware\\base.py\", line 182, in __call__\r\n    |     with recv_stream, send_stream, collapse_excgroups():\r\n    |   File \"C:\\Users\\antho\\miniconda3\\Lib\\contextlib.py\", line 158, in __exit__\r\n    |     self.gen.throw(value)\r\n    |   File \"C:\\Users\\antho\\miniconda3\\Lib\\site-packages\\starlette\\_utils.py\", line 83, in collapse_excgroups\r\n    |     raise exc\r\n    |   File \"C:\\Users\\antho\\miniconda3\\Lib\\site-packages\\starlette\\middleware\\base.py\", line 184, in __call__\r\n    |     response = await self.dispatch_func(request, call_next)\r\n    |                ^^^^^^^^^^^^^^^^^^^^^^^^^^^^^^^^^^^^^^^^^^^^\r\n    |   File \"C:\\Users\\antho\\OneDrive\\Desktop\\Netra\\netra-core-generation-1\\app\\main.py\", line 260, in cors_redirect_middleware\r\n    |     response = await call_next(request)\r\n    |                ^^^^^^^^^^^^^^^^^^^^^^^^\r\n    |   File \"C:\\Users\\antho\\miniconda3\\Lib\\site-packages\\starlette\\middleware\\base.py\", line 159, in call_next\r\n    |     raise app_exc\r\n    |   File \"C:\\Users\\antho\\miniconda3\\Lib\\site-packages\\starlette\\middleware\\base.py\", line 144, in coro\r\n    |     await self.app(scope, receive_or_disconnect, send_no_error)\r\n    |   File \"C:\\Users\\antho\\miniconda3\\Lib\\site-packages\\starlette\\middleware\\exceptions.py\", line 63, in __call__\r\n    |     await wrap_app_handling_exceptions(self.app, conn)(scope, receive, send)\r\n    |   File \"C:\\Users\\antho\\miniconda3\\Lib\\site-packages\\starlette\\_exception_handler.py\", line 53, in wrapped_app\r\n    |     raise exc\r\n    |   File \"C:\\Users\\antho\\miniconda3\\Lib\\site-packages\\starlette\\_exception_handler.py\", line 42, in wrapped_app\r\n    |     await app(scope, receive, sender)\r\n    |   File \"C:\\Users\\antho\\miniconda3\\Lib\\site-packages\\starlette\\routing.py\", line 716, in __call__\r\n    |     await self.middleware_stack(scope, receive, send)\r\n    |   File \"C:\\Users\\antho\\miniconda3\\Lib\\site-packages\\starlette\\routing.py\", line 736, in app\r\n    |     await route.handle(scope, receive, send)\r\n    |   File \"C:\\Users\\antho\\miniconda3\\Lib\\site-packages\\starlette\\routing.py\", line 290, in handle\r\n    |     await self.app(scope, receive, send)\r\n    |   File \"C:\\Users\\antho\\miniconda3\\Lib\\site-packages\\starlette\\routing.py\", line 78, in app\r\n    |     await wrap_app_handling_exceptions(app, request)(scope, receive, send)\r\n    |   File \"C:\\Users\\antho\\miniconda3\\Lib\\site-packages\\starlette\\_exception_handler.py\", line 53, in wrapped_app\r\n    |     raise exc\r\n    |   File \"C:\\Users\\antho\\miniconda3\\Lib\\site-packages\\starlette\\_exception_handler.py\", line 42, in wrapped_app\r\n    |     await app(scope, receive, sender)\r\n    |   File \"C:\\Users\\antho\\miniconda3\\Lib\\site-packages\\starlette\\routing.py\", line 75, in app\r\n    |     response = await f(request)\r\n    |                ^^^^^^^^^^^^^^^^\r\n    |   File \"C:\\Users\\antho\\AppData\\Roaming\\Python\\Python312\\site-packages\\fastapi\\routing.py\", line 302, in app\r\n    |     raw_response = await run_endpoint_function(\r\n    |                    ^^^^^^^^^^^^^^^^^^^^^^^^^^^^\r\n    |   File \"C:\\Users\\antho\\AppData\\Roaming\\Python\\Python312\\site-packages\\fastapi\\routing.py\", line 213, in run_endpoint_function\r\n    |     return await dependant.call(**values)\r\n    |            ^^^^^^^^^^^^^^^^^^^^^^^^^^^^^^\r\n    |   File \"C:\\Users\\antho\\OneDrive\\Desktop\\Netra\\netra-core-generation-1\\app\\routes\\references.py\", line 60, in create_reference\r\n    |     db_reference = Reference(**reference.dict())\r\n    |                    ^^^^^^^^^^^^^^^^^^^^^^^^^^^^^\r\n    |   File \"<string>\", line 4, in __init__\r\n    |   File \"C:\\Users\\antho\\miniconda3\\Lib\\site-packages\\sqlalchemy\\orm\\state.py\", line 571, in _initialize_instance\r\n    |     with util.safe_reraise():\r\n    |   File \"C:\\Users\\antho\\miniconda3\\Lib\\site-packages\\sqlalchemy\\util\\langhelpers.py\", line 224, in __exit__\r\n    |     raise exc_value.with_traceback(exc_tb)\r\n    |   File \"C:\\Users\\antho\\miniconda3\\Lib\\site-packages\\sqlalchemy\\orm\\state.py\", line 569, in _initialize_instance\r\n    |     manager.original_init(*mixed[1:], **kwargs)\r\n    |   File \"C:\\Users\\antho\\miniconda3\\Lib\\site-packages\\sqlalchemy\\orm\\decl_base.py\", line 2179, in _declarative_constructor\r\n    |     raise TypeError(\r\n    | TypeError: 'url' is an invalid keyword argument for Reference\r\n    +------------------------------------\r\n\r\nDuring handling of the above exception, another exception occurred:\r\n\r\nTraceback (most recent call last):\r\n  File \"C:\\Users\\antho\\OneDrive\\Desktop\\Netra\\netra-core-generation-1\\app\\tests\\routes\\test_reference_management.py\", line 31, in test_create_reference\r\n    response = client.post(\"/api/references\", json=reference_data)\r\n               ^^^^^^^^^^^^^^^^^^^^^^^^^^^^^^^^^^^^^^^^^^^^^^^^^^^\r\n  File \"C:\\Users\\antho\\miniconda3\\Lib\\site-packages\\starlette\\testclient.py\", line 552, in post\r\n    return super().post(\r\n           ^^^^^^^^^^^^^\r\n  File \"C:\\Users\\antho\\miniconda3\\Lib\\site-packages\\httpx\\_client.py\", line 1144, in post\r\n    return self.request(\r\n           ^^^^^^^^^^^^^\r\n  File \"C:\\Users\\antho\\miniconda3\\Lib\\site-packages\\starlette\\testclient.py\", line 451, in request\r\n    return super().request(\r\n           ^^^^^^^^^^^^^^^^\r\n  File \"C:\\Users\\antho\\miniconda3\\Lib\\site-packages\\httpx\\_client.py\", line 825, in request\r\n    return self.send(request, auth=auth, follow_redirects=follow_redirects)\r\n           ^^^^^^^^^^^^^^^^^^^^^^^^^^^^^^^^^^^^^^^^^^^^^^^^^^^^^^^^^^^^^^^^\r\n  File \"C:\\Users\\antho\\miniconda3\\Lib\\site-packages\\httpx\\_client.py\", line 914, in send\r\n    response = self._send_handling_auth(\r\n               ^^^^^^^^^^^^^^^^^^^^^^^^^\r\n  File \"C:\\Users\\antho\\miniconda3\\Lib\\site-packages\\httpx\\_client.py\", line 942, in _send_handling_auth\r\n    response = self._send_handling_redirects(\r\n               ^^^^^^^^^^^^^^^^^^^^^^^^^^^^^^\r\n  File \"C:\\Users\\antho\\miniconda3\\Lib\\site-packages\\httpx\\_client.py\", line 979, in _send_handling_redirects\r\n    response = self._send_single_request(request)\r\n               ^^^^^^^^^^^^^^^^^^^^^^^^^^^^^^^^^^\r\n  File \"C:\\Users\\antho\\miniconda3\\Lib\\site-packages\\httpx\\_client.py\", line 1014, in _send_single_request\r\n    response = transport.handle_request(request)\r\n               ^^^^^^^^^^^^^^^^^^^^^^^^^^^^^^^^^\r\n  File \"C:\\Users\\antho\\miniconda3\\Lib\\site-packages\\starlette\\testclient.py\", line 354, in handle_request\r\n    raise exc\r\n  File \"C:\\Users\\antho\\miniconda3\\Lib\\site-packages\\starlette\\testclient.py\", line 351, in handle_request\r\n    portal.call(self.app, scope, receive, send)\r\n  File \"C:\\Users\\antho\\AppData\\Roaming\\Python\\Python312\\site-packages\\anyio\\from_thread.py\", line 290, in call\r\n    return cast(T_Retval, self.start_task_soon(func, *args).result())\r\n                          ^^^^^^^^^^^^^^^^^^^^^^^^^^^^^^^^^^^^^^^^^^\r\n  File \"C:\\Users\\antho\\miniconda3\\Lib\\concurrent\\futures\\_base.py\", line 456, in result\r\n    return self.__get_result()\r\n           ^^^^^^^^^^^^^^^^^^^\r\n  File \"C:\\Users\\antho\\miniconda3\\Lib\\concurrent\\futures\\_base.py\", line 401, in __get_result\r\n    raise self._exception\r\n  File \"C:\\Users\\antho\\AppData\\Roaming\\Python\\Python312\\site-packages\\anyio\\from_thread.py\", line 221, in _call_func\r\n    retval = await retval_or_awaitable\r\n             ^^^^^^^^^^^^^^^^^^^^^^^^^\r\n  File \"C:\\Users\\antho\\AppData\\Roaming\\Python\\Python312\\site-packages\\fastapi\\applications.py\", line 1054, in __call__\r\n    await super().__call__(scope, receive, send)\r\n  File \"C:\\Users\\antho\\miniconda3\\Lib\\site-packages\\starlette\\applications.py\", line 113, in __call__\r\n    await self.middleware_stack(scope, receive, send)\r\n  File \"C:\\Users\\antho\\miniconda3\\Lib\\site-packages\\starlette\\middleware\\errors.py\", line 186, in __call__\r\n    raise exc\r\n  File \"C:\\Users\\antho\\miniconda3\\Lib\\site-packages\\starlette\\middleware\\errors.py\", line 164, in __call__\r\n    await self.app(scope, receive, _send)\r\n  File \"C:\\Users\\antho\\miniconda3\\Lib\\site-packages\\starlette\\middleware\\sessions.py\", line 85, in __call__\r\n    await self.app(scope, receive, send_wrapper)\r\n  File \"C:\\Users\\antho\\miniconda3\\Lib\\site-packages\\starlette\\middleware\\cors.py\", line 85, in __call__\r\n    await self.app(scope, receive, send)\r\n  File \"C:\\Users\\antho\\miniconda3\\Lib\\site-packages\\starlette\\middleware\\base.py\", line 182, in __call__\r\n    with recv_stream, send_stream, collapse_excgroups():\r\n  File \"C:\\Users\\antho\\miniconda3\\Lib\\contextlib.py\", line 158, in __exit__\r\n    self.gen.throw(value)\r\n  File \"C:\\Users\\antho\\miniconda3\\Lib\\site-packages\\starlette\\_utils.py\", line 83, in collapse_excgroups\r\n    raise exc\r\n  File \"C:\\Users\\antho\\miniconda3\\Lib\\site-packages\\starlette\\middleware\\base.py\", line 184, in __call__\r\n    response = await self.dispatch_func(request, call_next)\r\n               ^^^^^^^^^^^^^^^^^^^^^^^^^^^^^^^^^^^^^^^^^^^^\r\n  File \"C:\\Users\\antho\\OneDrive\\Desktop\\Netra\\netra-core-generation-1\\app\\main.py\", line 302, in log_requests\r\n    response = await call_next(request)\r\n               ^^^^^^^^^^^^^^^^^^^^^^^^\r\n  File \"C:\\Users\\antho\\miniconda3\\Lib\\site-packages\\starlette\\middleware\\base.py\", line 159, in call_next\r\n    raise app_exc\r\n  File \"C:\\Users\\antho\\miniconda3\\Lib\\site-packages\\starlette\\middleware\\base.py\", line 144, in coro\r\n    await self.app(scope, receive_or_disconnect, send_no_error)\r\n  File \"C:\\Users\\antho\\miniconda3\\Lib\\site-packages\\starlette\\middleware\\base.py\", line 182, in __call__\r\n    with recv_stream, send_stream, collapse_excgroups():\r\n  File \"C:\\Users\\antho\\miniconda3\\Lib\\contextlib.py\", line 158, in __exit__\r\n    self.gen.throw(value)\r\n  File \"C:\\Users\\antho\\miniconda3\\Lib\\site-packages\\starlette\\_utils.py\", line 83, in collapse_excgroups\r\n    raise exc\r\n  File \"C:\\Users\\antho\\miniconda3\\Lib\\site-packages\\starlette\\middleware\\base.py\", line 184, in __call__\r\n    response = await self.dispatch_func(request, call_next)\r\n               ^^^^^^^^^^^^^^^^^^^^^^^^^^^^^^^^^^^^^^^^^^^^\r\n  File \"C:\\Users\\antho\\OneDrive\\Desktop\\Netra\\netra-core-generation-1\\app\\main.py\", line 288, in error_context_middleware\r\n    response = await call_next(request)\r\n               ^^^^^^^^^^^^^^^^^^^^^^^^\r\n  File \"C:\\Users\\antho\\miniconda3\\Lib\\site-packages\\starlette\\middleware\\base.py\", line 159, in call_next\r\n    raise app_exc\r\n  File \"C:\\Users\\antho\\miniconda3\\Lib\\site-packages\\starlette\\middleware\\base.py\", line 144, in coro\r\n    await self.app(scope, receive_or_disconnect, send_no_error)\r\n  File \"C:\\Users\\antho\\miniconda3\\Lib\\site-packages\\starlette\\middleware\\base.py\", line 182, in __call__\r\n    with recv_stream, send_stream, collapse_excgroups():\r\n  File \"C:\\Users\\antho\\miniconda3\\Lib\\contextlib.py\", line 158, in __exit__\r\n    self.gen.throw(value)\r\n  File \"C:\\Users\\antho\\miniconda3\\Lib\\site-packages\\starlette\\_utils.py\", line 83, in collapse_excgroups\r\n    raise exc\r\n  File \"C:\\Users\\antho\\miniconda3\\Lib\\site-packages\\starlette\\middleware\\base.py\", line 184, in __call__\r\n    response = await self.dispatch_func(request, call_next)\r\n               ^^^^^^^^^^^^^^^^^^^^^^^^^^^^^^^^^^^^^^^^^^^^\r\n  File \"C:\\Users\\antho\\OneDrive\\Desktop\\Netra\\netra-core-generation-1\\app\\main.py\", line 260, in cors_redirect_middleware\r\n    response = await call_next(request)\r\n               ^^^^^^^^^^^^^^^^^^^^^^^^\r\n  File \"C:\\Users\\antho\\miniconda3\\Lib\\site-packages\\starlette\\middleware\\base.py\", line 159, in call_next\r\n    raise app_exc\r\n  File \"C:\\Users\\antho\\miniconda3\\Lib\\site-packages\\starlette\\middleware\\base.py\", line 144, in coro\r\n    await self.app(scope, receive_or_disconnect, send_no_error)\r\n  File \"C:\\Users\\antho\\miniconda3\\Lib\\site-packages\\starlette\\middleware\\exceptions.py\", line 63, in __call__\r\n    await wrap_app_handling_exceptions(self.app, conn)(scope, receive, send)\r\n  File \"C:\\Users\\antho\\miniconda3\\Lib\\site-packages\\starlette\\_exception_handler.py\", line 53, in wrapped_app\r\n    raise exc\r\n  File \"C:\\Users\\antho\\miniconda3\\Lib\\site-packages\\starlette\\_exception_handler.py\", line 42, in wrapped_app\r\n    await app(scope, receive, sender)\r\n  File \"C:\\Users\\antho\\miniconda3\\Lib\\site-packages\\starlette\\routing.py\", line 716, in __call__\r\n    await self.middleware_stack(scope, receive, send)\r\n  File \"C:\\Users\\antho\\miniconda3\\Lib\\site-packages\\starlette\\routing.py\", line 736, in app\r\n    await route.handle(scope, receive, send)\r\n  File \"C:\\Users\\antho\\miniconda3\\Lib\\site-packages\\starlette\\routing.py\", line 290, in handle\r\n    await self.app(scope, receive, send)\r\n  File \"C:\\Users\\antho\\miniconda3\\Lib\\site-packages\\starlette\\routing.py\", line 78, in app\r\n    await wrap_app_handling_exceptions(app, request)(scope, receive, send)\r\n  File \"C:\\Users\\antho\\miniconda3\\Lib\\site-packages\\starlette\\_exception_handler.py\", line 53, in wrapped_app\r\n    raise exc\r\n  File \"C:\\Users\\antho\\miniconda3\\Lib\\site-packages\\starlette\\_exception_handler.py\", line 42, in wrapped_app\r\n    await app(scope, receive, sender)\r\n  File \"C:\\Users\\antho\\miniconda3\\Lib\\site-packages\\starlette\\routing.py\", line 75, in app\r\n    response = await f(request)\r\n               ^^^^^^^^^^^^^^^^\r\n  File \"C:\\Users\\antho\\AppData\\Roaming\\Python\\Python312\\site-packages\\fastapi\\routing.py\", line 302, in app\r\n    raw_response = await run_endpoint_function(\r\n                   ^^^^^^^^^^^^^^^^^^^^^^^^^^^^\r\n  File \"C:\\Users\\antho\\AppData\\Roaming\\Python\\Python312\\site-packages\\fastapi\\routing.py\", line 213, in run_endpoint_function\r\n    return await dependant.call(**values)\r\n           ^^^^^^^^^^^^^^^^^^^^^^^^^^^^^^\r\n  File \"C:\\Users\\antho\\OneDrive\\Desktop\\Netra\\netra-core-generation-1\\app\\routes\\references.py\", line 60, in create_reference\r\n    db_reference = Reference(**reference.dict())\r\n                   ^^^^^^^^^^^^^^^^^^^^^^^^^^^^^\r\n  File \"<string>\", line 4, in __init__\r\n  File \"C:\\Users\\antho\\miniconda3\\Lib\\site-packages\\sqlalchemy\\orm\\state.py\", line 571, in _initialize_instance\r\n    with util.safe_reraise():\r\n  File \"C:\\Users\\antho\\miniconda3\\Lib\\site-packages\\sqlalchemy\\util\\langhelpers.py\", line 224, in __exit__\r\n    raise exc_value.with_traceback(exc_tb)\r\n  File \"C:\\Users\\antho\\miniconda3\\Lib\\site-packages\\sqlalchemy\\orm\\state.py\", line 569, in _initialize_instance\r\n    manager.original_init(*mixed[1:], **kwargs)\r\n  File \"C:\\Users\\antho\\miniconda3\\Lib\\site-packages\\sqlalchemy\\orm\\decl_base.py\", line 2179, in _declarative_constructor\r\n    raise TypeError(\r\nTypeError: 'url' is an invalid keyword argument for Reference\r\n\r\nDuring handling of the above exception, another exception occurred:\r\napp\\tests\\routes\\test_reference_management.py:31: in test_create_reference\r\n    response = client.post(\"/api/references\", json=reference_data)\r\n               ^^^^^^^^^^^^^^^^^^^^^^^^^^^^^^^^^^^^^^^^^^^^^^^^^^^\r\n..\\..\\..\\..\\miniconda3\\Lib\\site-packages\\starlette\\testclient.py:552: in post\r\n    return super().post(\r\n..\\..\\..\\..\\miniconda3\\Lib\\site-packages\\httpx\\_client.py:1144: in post\r\n    return self.request(\r\n..\\..\\..\\..\\miniconda3\\Lib\\site-packages\\starlette\\testclient.py:451: in request\r\n    return super().request(\r\n..\\..\\..\\..\\miniconda3\\Lib\\site-packages\\httpx\\_client.py:825: in request\r\n    return self.send(request, auth=auth, follow_redirects=follow_redirects)\r\n           ^^^^^^^^^^^^^^^^^^^^^^^^^^^^^^^^^^^^^^^^^^^^^^^^^^^^^^^^^^^^^^^^\r\n..\\..\\..\\..\\miniconda3\\Lib\\site-packages\\httpx\\_client.py:914: in send\r\n    response = self._send_handling_auth(\r\n..\\..\\..\\..\\miniconda3\\Lib\\site-packages\\httpx\\_client.py:942: in _send_handling_auth\r\n    response = self._send_handling_redirects(\r\n..\\..\\..\\..\\miniconda3\\Lib\\site-packages\\httpx\\_client.py:979: in _send_handling_redirects\r\n    response = self._send_single_request(request)\r\n               ^^^^^^^^^^^^^^^^^^^^^^^^^^^^^^^^^^\r\n..\\..\\..\\..\\miniconda3\\Lib\\site-packages\\httpx\\_client.py:1014: in _send_single_request\r\n    response = transport.handle_request(request)\r\n               ^^^^^^^^^^^^^^^^^^^^^^^^^^^^^^^^^\r\n..\\..\\..\\..\\miniconda3\\Lib\\site-packages\\starlette\\testclient.py:354: in handle_request\r\n    raise exc\r\n..\\..\\..\\..\\miniconda3\\Lib\\site-packages\\starlette\\testclient.py:351: in handle_request\r\n    portal.call(self.app, scope, receive, send)\r\n..\\..\\..\\..\\AppData\\Roaming\\Python\\Python312\\site-packages\\anyio\\from_thread.py:290: in call\r\n    return cast(T_Retval, self.start_task_soon(func, *args).result())\r\n                          ^^^^^^^^^^^^^^^^^^^^^^^^^^^^^^^^^^^^^^^^^^\r\n..\\..\\..\\..\\miniconda3\\Lib\\concurrent\\futures\\_base.py:456: in result\r\n    return self.__get_result()\r\n           ^^^^^^^^^^^^^^^^^^^\r\n..\\..\\..\\..\\miniconda3\\Lib\\concurrent\\futures\\_base.py:401: in __get_result\r\n    raise self._exception\r\n..\\..\\..\\..\\AppData\\Roaming\\Python\\Python312\\site-packages\\anyio\\from_thread.py:221: in _call_func\r\n    retval = await retval_or_awaitable\r\n             ^^^^^^^^^^^^^^^^^^^^^^^^^\r\n..\\..\\..\\..\\AppData\\Roaming\\Python\\Python312\\site-packages\\fastapi\\applications.py:1054: in __call__\r\n    await super().__call__(scope, receive, send)\r\n..\\..\\..\\..\\miniconda3\\Lib\\site-packages\\starlette\\applications.py:113: in __call__\r\n    await self.middleware_stack(scope, receive, send)\r\n..\\..\\..\\..\\miniconda3\\Lib\\site-packages\\starlette\\middleware\\errors.py:186: in __call__\r\n    raise exc\r\n..\\..\\..\\..\\miniconda3\\Lib\\site-packages\\starlette\\middleware\\errors.py:164: in __call__\r\n    await self.app(scope, receive, _send)\r\n..\\..\\..\\..\\miniconda3\\Lib\\site-packages\\starlette\\middleware\\sessions.py:85: in __call__\r\n    await self.app(scope, receive, send_wrapper)\r\n..\\..\\..\\..\\miniconda3\\Lib\\site-packages\\starlette\\middleware\\cors.py:85: in __call__\r\n    await self.app(scope, receive, send)\r\n..\\..\\..\\..\\miniconda3\\Lib\\site-packages\\starlette\\middleware\\base.py:182: in __call__\r\n    with recv_stream, send_stream, collapse_excgroups():\r\n..\\..\\..\\..\\miniconda3\\Lib\\contextlib.py:158: in __exit__\r\n    self.gen.throw(value)\r\n..\\..\\..\\..\\miniconda3\\Lib\\site-packages\\starlette\\_utils.py:83: in collapse_excgroups\r\n    raise exc\r\n..\\..\\..\\..\\miniconda3\\Lib\\site-packages\\starlette\\middleware\\base.py:184: in __call__\r\n    response = await self.dispatch_func(request, call_next)\r\n               ^^^^^^^^^^^^^^^^^^^^^^^^^^^^^^^^^^^^^^^^^^^^\r\napp\\main.py:302: in log_requests\r\n    response = await call_next(request)\r\n               ^^^^^^^^^^^^^^^^^^^^^^^^\r\n..\\..\\..\\..\\miniconda3\\Lib\\site-packages\\starlette\\middleware\\base.py:159: in call_next\r\n    raise app_exc\r\n..\\..\\..\\..\\miniconda3\\Lib\\site-packages\\starlette\\middleware\\base.py:144: in coro\r\n    await self.app(scope, receive_or_disconnect, send_no_error)\r\n..\\..\\..\\..\\miniconda3\\Lib\\site-packages\\starlette\\middleware\\base.py:182: in __call__\r\n    with recv_stream, send_stream, collapse_excgroups():\r\n..\\..\\..\\..\\miniconda3\\Lib\\contextlib.py:158: in __exit__\r\n    self.gen.throw(value)\r\n..\\..\\..\\..\\miniconda3\\Lib\\site-packages\\starlette\\_utils.py:83: in collapse_excgroups\r\n    raise exc\r\n..\\..\\..\\..\\miniconda3\\Lib\\site-packages\\starlette\\middleware\\base.py:184: in __call__\r\n    response = await self.dispatch_func(request, call_next)\r\n               ^^^^^^^^^^^^^^^^^^^^^^^^^^^^^^^^^^^^^^^^^^^^\r\napp\\main.py:288: in error_context_middleware\r\n    response = await call_next(request)\r\n               ^^^^^^^^^^^^^^^^^^^^^^^^\r\n..\\..\\..\\..\\miniconda3\\Lib\\site-packages\\starlette\\middleware\\base.py:159: in call_next\r\n    raise app_exc\r\n..\\..\\..\\..\\miniconda3\\Lib\\site-packages\\starlette\\middleware\\base.py:144: in coro\r\n    await self.app(scope, receive_or_disconnect, send_no_error)\r\n..\\..\\..\\..\\miniconda3\\Lib\\site-packages\\starlette\\middleware\\base.py:182: in __call__\r\n    with recv_stream, send_stream, collapse_excgroups():\r\n..\\..\\..\\..\\miniconda3\\Lib\\contextlib.py:158: in __exit__\r\n    self.gen.throw(value)\r\n..\\..\\..\\..\\miniconda3\\Lib\\site-packages\\starlette\\_utils.py:83: in collapse_excgroups\r\n    raise exc\r\n..\\..\\..\\..\\miniconda3\\Lib\\site-packages\\starlette\\middleware\\base.py:184: in __call__\r\n    response = await self.dispatch_func(request, call_next)\r\n               ^^^^^^^^^^^^^^^^^^^^^^^^^^^^^^^^^^^^^^^^^^^^\r\napp\\main.py:260: in cors_redirect_middleware\r\n    response = await call_next(request)\r\n               ^^^^^^^^^^^^^^^^^^^^^^^^\r\n..\\..\\..\\..\\miniconda3\\Lib\\site-packages\\starlette\\middleware\\base.py:159: in call_next\r\n    raise app_exc\r\n..\\..\\..\\..\\miniconda3\\Lib\\site-packages\\starlette\\middleware\\base.py:144: in coro\r\n    await self.app(scope, receive_or_disconnect, send_no_error)\r\n..\\..\\..\\..\\miniconda3\\Lib\\site-packages\\starlette\\middleware\\exceptions.py:63: in __call__\r\n    await wrap_app_handling_exceptions(self.app, conn)(scope, receive, send)\r\n..\\..\\..\\..\\miniconda3\\Lib\\site-packages\\starlette\\_exception_handler.py:53: in wrapped_app\r\n    raise exc\r\n..\\..\\..\\..\\miniconda3\\Lib\\site-packages\\starlette\\_exception_handler.py:42: in wrapped_app\r\n    await app(scope, receive, sender)\r\n..\\..\\..\\..\\miniconda3\\Lib\\site-packages\\starlette\\routing.py:716: in __call__\r\n    await self.middleware_stack(scope, receive, send)\r\n..\\..\\..\\..\\miniconda3\\Lib\\site-packages\\starlette\\routing.py:736: in app\r\n    await route.handle(scope, receive, send)\r\n..\\..\\..\\..\\miniconda3\\Lib\\site-packages\\starlette\\routing.py:290: in handle\r\n    await self.app(scope, receive, send)\r\n..\\..\\..\\..\\miniconda3\\Lib\\site-packages\\starlette\\routing.py:78: in app\r\n    await wrap_app_handling_exceptions(app, request)(scope, receive, send)\r\n..\\..\\..\\..\\miniconda3\\Lib\\site-packages\\starlette\\_exception_handler.py:53: in wrapped_app\r\n    raise exc\r\n..\\..\\..\\..\\miniconda3\\Lib\\site-packages\\starlette\\_exception_handler.py:42: in wrapped_app\r\n    await app(scope, receive, sender)\r\n..\\..\\..\\..\\miniconda3\\Lib\\site-packages\\starlette\\routing.py:75: in app\r\n    response = await f(request)\r\n               ^^^^^^^^^^^^^^^^\r\n..\\..\\..\\..\\AppData\\Roaming\\Python\\Python312\\site-packages\\fastapi\\routing.py:302: in app\r\n    raw_response = await run_endpoint_function(\r\n..\\..\\..\\..\\AppData\\Roaming\\Python\\Python312\\site-packages\\fastapi\\routing.py:213: in run_endpoint_function\r\n    return await dependant.call(**values)\r\n           ^^^^^^^^^^^^^^^^^^^^^^^^^^^^^^\r\napp\\routes\\references.py:60: in create_reference\r\n    db_reference = Reference(**reference.dict())\r\n                   ^^^^^^^^^^^^^^^^^^^^^^^^^^^^^\r\n<string>:4: in __init__\r\n    ???\r\n..\\..\\..\\..\\miniconda3\\Lib\\site-packages\\sqlalchemy\\orm\\state.py:571: in _initialize_instance\r\n    with util.safe_reraise():\r\n..\\..\\..\\..\\miniconda3\\Lib\\site-packages\\sqlalchemy\\util\\langhelpers.py:224: in __exit__\r\n    raise exc_value.with_traceback(exc_tb)\r\n..\\..\\..\\..\\miniconda3\\Lib\\site-packages\\sqlalchemy\\orm\\state.py:569: in _initialize_instance\r\n    manager.original_init(*mixed[1:], **kwargs)\r\n..\\..\\..\\..\\miniconda3\\Lib\\site-packages\\sqlalchemy\\orm\\decl_base.py:2179: in _declarative_constructor\r\n    raise TypeError(\r\nE   TypeError: 'url' is an invalid keyword argument for Reference\r\n------------------------------ Captured log call ------------------------------\r\nDEBUG    asyncio:proactor_events.py:634 Using proactor: IocpProactor\r\n============================== warnings summary ===============================\r\n..\\..\\..\\..\\miniconda3\\Lib\\site-packages\\pydantic\\_internal\\_config.py:323: 11 warnings\r\n  C:\\Users\\antho\\miniconda3\\Lib\\site-packages\\pydantic\\_internal\\_config.py:323: PydanticDeprecatedSince20: Support for class-based `config` is deprecated, use ConfigDict instead. Deprecated in Pydantic V2.0 to be removed in V3.0. See Pydantic V2 Migration Guide at https://errors.pydantic.dev/2.11/migration/\r\n    warnings.warn(DEPRECATION_MESSAGE, DeprecationWarning)\r\n\r\n..\\..\\..\\..\\miniconda3\\Lib\\site-packages\\pydantic\\_internal\\_generate_schema.py:298\r\n..\\..\\..\\..\\miniconda3\\Lib\\site-packages\\pydantic\\_internal\\_generate_schema.py:298\r\n  C:\\Users\\antho\\miniconda3\\Lib\\site-packages\\pydantic\\_internal\\_generate_schema.py:298: PydanticDeprecatedSince20: `json_encoders` is deprecated. See https://docs.pydantic.dev/2.11/concepts/serialization/#custom-serializers for alternatives. Deprecated in Pydantic V2.0 to be removed in V3.0. See Pydantic V2 Migration Guide at https://errors.pydantic.dev/2.11/migration/\r\n    warnings.warn(\r\n\r\napp\\schemas\\websocket_unified.py:362\r\n  C:\\Users\\antho\\OneDrive\\Desktop\\Netra\\netra-core-generation-1\\app\\schemas\\websocket_unified.py:362: PydanticDeprecatedSince20: Pydantic V1 style `@validator` validators are deprecated. You should migrate to Pydantic V2 style `@field_validator` validators, see the migration guide for more details. Deprecated in Pydantic V2.0 to be removed in V3.0. See Pydantic V2 Migration Guide at https://errors.pydantic.dev/2.11/migration/\r\n    @validator(\"payload\", pre=True)\r\n\r\napp\\schemas\\websocket_types.py:346\r\n  C:\\Users\\antho\\OneDrive\\Desktop\\Netra\\netra-core-generation-1\\app\\schemas\\websocket_types.py:346: PydanticDeprecatedSince20: Pydantic V1 style `@validator` validators are deprecated. You should migrate to Pydantic V2 style `@field_validator` validators, see the migration guide for more details. Deprecated in Pydantic V2.0 to be removed in V3.0. See Pydantic V2 Migration Guide at https://errors.pydantic.dev/2.11/migration/\r\n    @validator('message_type', pre=True)\r\n\r\n..\\..\\..\\..\\miniconda3\\Lib\\site-packages\\pydantic\\main.py:253: 26 warnings\r\n  C:\\Users\\antho\\miniconda3\\Lib\\site-packages\\pydantic\\main.py:253: DeprecationWarning: datetime.datetime.utcnow() is deprecated and scheduled for removal in a future version. Use timezone-aware objects to represent datetimes in UTC: datetime.datetime.now(datetime.UTC).\r\n    validated_self = self.__pydantic_validator__.validate_python(data, self_instance=self)\r\n\r\napp\\services\\user_service.py:41\r\n  C:\\Users\\antho\\OneDrive\\Desktop\\Netra\\netra-core-generation-1\\app\\services\\user_service.py:41: DeprecationWarning: CRUDBase is deprecated. Use EnhancedCRUDService or proper service interfaces.\r\n    user_service = CRUDUser(User)\r\n\r\ntests/routes/test_reference_management.py::TestReferenceManagement::test_create_reference\r\n  C:\\Users\\antho\\OneDrive\\Desktop\\Netra\\netra-core-generation-1\\app\\routes\\references.py:60: PydanticDeprecatedSince20: The `dict` method is deprecated; use `model_dump` instead. Deprecated in Pydantic V2.0 to be removed in V3.0. See Pydantic V2 Migration Guide at https://errors.pydantic.dev/2.11/migration/\r\n    db_reference = Reference(**reference.dict())\r\n\r\ntests/routes/test_reference_management.py::TestReferenceManagement::test_create_reference\r\n  C:\\Users\\antho\\OneDrive\\Desktop\\Netra\\netra-core-generation-1\\app\\core\\error_handlers.py:358: PydanticDeprecatedSince20: The `dict` method is deprecated; use `model_dump` instead. Deprecated in Pydantic V2.0 to be removed in V3.0. See Pydantic V2 Migration Guide at https://errors.pydantic.dev/2.11/migration/\r\n    content=error_response.dict()\r\n\r\n-- Docs: https://docs.pytest.org/en/stable/how-to/capture-warnings.html\r\n=========================== short test summary info ===========================\r\nFAILED app\\tests\\routes\\test_reference_management.py::TestReferenceManagement::test_create_reference\r\n!!!!!!!!!!!!!!!!!!!!!!!!!! stopping after 1 failures !!!!!!!!!!!!!!!!!!!!!!!!!!\r\n======================= 1 failed, 44 warnings in 1.19s ========================\r\n",
          "error": "\u001b[32m2025-08-13 08:55:14.136\u001b[0m | \u001b[31m\u001b[1mERROR   \u001b[0m | \u001b[36mapp.db.postgres\u001b[0m:\u001b[36mget_async_db\u001b[0m:\u001b[36m209\u001b[0m | \u001b[31m\u001b[1mAsync DB session error: 'url' is an invalid keyword argument for Reference\u001b[0m\r\n\u001b[32m2025-08-13 08:55:14.136\u001b[0m | \u001b[31m\u001b[1mERROR   \u001b[0m | \u001b[36mapp.core.error_handlers\u001b[0m:\u001b[36m_handle_unknown_exception\u001b[0m:\u001b[36m223\u001b[0m | \u001b[31m\u001b[1mUnhandled exception: 'url' is an invalid keyword argument for Reference\u001b[0m\r\n",
          "exit_code": 1
        }
      ],
      "summary": {
        "total": 8,
        "passed": 4,
        "failed": 4,
        "skipped": 0,
        "errors": 0,
        "timeouts": 0,
        "retried": 0,
        "total_duration": 71.06241583824158,
        "avg_duration": 8.882801979780197,
        "pass_rate": 50.0
      },
      "end_time": "2025-08-13T08:55:43.502795",
      "duration": 46.05372095108032
    }
  },
  "summary": {
    "total_tests": 8,
    "passed": 4,
    "failed": 4,
    "skipped": 0,
    "errors": 0,
    "timeouts": 0,
    "retried": 0,
    "total_duration": 46.05372095108032,
    "suites_run": 1,
    "pass_rate": 50.0
  },
  "analysis": {
    "total_failures": 4,
    "categories": {
      "mock_error": 4
    },
    "patterns": {},
    "new_patterns": [],
    "flaky_tests": [],
    "consistent_failures": [],
    "regression_candidates": [],
    "recommendations": []
  },
  "recommendations": [],
  "end_time": "2025-08-13T08:55:43.518562"
}