
tests/agents/test_agent_e2e_critical.py::TestAgentE2ECritical::test_1_complete_agent_lifecycle_request_to_completion FAILED [  0%]
tests/agents/test_agent_e2e_critical.py::TestAgentE2ECritical::test_2_websocket_real_time_streaming FAILED [  0%]
tests/agents/test_agent_e2e_critical.py::TestAgentE2ECritical::test_3_supervisor_orchestration_logic FAILED [  0%]
tests/agents/test_agent_e2e_critical.py::TestAgentE2ECritical::test_4_tool_dispatcher_integration PASSED [  0%]
tests/agents/test_agent_e2e_critical.py::TestAgentE2ECritical::test_5_state_persistence_and_recovery FAILED [  1%]
tests/agents/test_agent_e2e_critical.py::TestAgentE2ECritical::test_6_error_handling_and_recovery FAILED [  1%]
tests/agents/test_agent_e2e_critical.py::TestAgentE2ECritical::test_7_authentication_and_authorization FAILED [  1%]
tests/agents/test_agent_e2e_critical.py::TestAgentE2ECritical::test_8_multi_agent_collaboration FAILED [  1%]
tests/agents/test_agent_e2e_critical.py::TestAgentE2ECritical::test_9_concurrent_request_handling PASSED [  1%]
tests/agents/test_agent_e2e_critical.py::TestAgentE2ECritical::test_10_performance_and_timeout_handling FAILED [  2%]
tests/agents/test_subagent_workflow.py::test_subagent_workflow_end_to_end FAILED [  2%]
tests/agents/test_supervisor_advanced.py::test_supervisor_error_handling FAILED [  2%]
tests/agents/test_supervisor_advanced.py::test_supervisor_state_management PASSED [  2%]
tests/agents/test_supervisor_advanced.py::test_supervisor_concurrent_requests PASSED [  3%]
tests/agents/test_supervisor_agent.py::test_supervisor_runs_sub_agents_in_order FAILED [  3%]
tests/agents/test_supervisor_orchestration.py::TestSupervisorOrchestration::test_supervisor_agent_selection PASSED [  3%]
tests/agents/test_supervisor_orchestration.py::TestSupervisorOrchestration::test_multi_agent_coordination PASSED [  3%]
tests/agents/test_supervisor_orchestration.py::TestSupervisorOrchestration::test_error_handling_in_orchestration PASSED [  3%]
tests/core/test_config_manager.py::TestSecretManager::test_initialization PASSED [  4%]
tests/core/test_config_manager.py::TestSecretManager::test_load_from_environment PASSED [  4%]
tests/core/test_config_manager.py::TestSecretManager::test_secret_manager_client_creation_success PASSED [  4%]
tests/core/test_config_manager.py::TestSecretManager::test_secret_manager_client_creation_failure FAILED [  4%]
tests/core/test_config_manager.py::TestSecretManager::test_load_from_secret_manager_success PASSED [  5%]
tests/core/test_config_manager.py::TestSecretManager::test_load_secrets_fallback_to_env PASSED [  5%]
tests/core/test_config_manager.py::TestConfigValidator::test_initialization PASSED [  5%]
tests/core/test_config_manager.py::TestConfigValidator::test_validate_valid_config 
-------------------------------- live log call --------------------------------
LLM configuration warnings: LLM 'default' is missing API key, LLM 'analysis' is missing API key, LLM 'triage' is missing API key, LLM 'data' is missing API key, LLM 'optimizations_core' is missing API key, LLM 'actions_to_meet_goals' is missing API key, LLM 'reporting' is missing API key
PASSED                                                                   [  5%]
tests/core/test_config_manager.py::TestConfigValidator::test_validate_database_config_missing_url 
-------------------------------- live log call --------------------------------
Configuration validation failed: Database configuration errors: Database URL is not configured
PASSED                                                                   [  5%]
tests/core/test_config_manager.py::TestConfigValidator::test_validate_database_config_invalid_url 
-------------------------------- live log call --------------------------------
Configuration validation failed: Database configuration errors: Database URL must be a PostgreSQL connection string
PASSED                                                                   [  6%]
tests/core/test_config_manager.py::TestConfigValidator::test_validate_auth_config_missing_jwt_secret 
-------------------------------- live log call --------------------------------
Configuration validation failed: Authentication configuration errors: JWT secret key is not configured
PASSED                                                                   [  6%]
tests/core/test_config_manager.py::TestConfigValidator::test_validate_auth_config_production_dev_secret 
-------------------------------- live log call --------------------------------
Configuration validation failed: Database configuration errors: clickhouse_native password is required in production, clickhouse_https password is required in production, clickhouse_https_dev password is required in production
FAILED                                                                   [  6%]
tests/core/test_config_manager.py::TestConfigValidator::test_get_validation_report_success 
-------------------------------- live log call --------------------------------
LLM configuration warnings: LLM 'default' is missing API key, LLM 'analysis' is missing API key, LLM 'triage' is missing API key, LLM 'data' is missing API key, LLM 'optimizations_core' is missing API key, LLM 'actions_to_meet_goals' is missing API key, LLM 'reporting' is missing API key
PASSED                                                                   [  6%]
tests/core/test_config_manager.py::TestConfigValidator::test_get_validation_report_failure 
-------------------------------- live log call --------------------------------
Configuration validation failed: Database configuration errors: Database URL is not configured
PASSED                                                                   [  7%]
tests/core/test_config_manager.py::TestConfigManager::test_initialization PASSED [  7%]
tests/core/test_config_manager.py::TestConfigManager::test_get_environment_development FAILED [  7%]
tests/core/test_config_manager.py::TestConfigManager::test_get_environment_testing PASSED [  7%]
tests/core/test_config_manager.py::TestConfigManager::test_get_environment_production FAILED [  7%]
tests/core/test_config_manager.py::TestConfigManager::test_create_base_config_development PASSED [  8%]
tests/core/test_config_manager.py::TestConfigManager::test_create_base_config_unknown_defaults_to_dev PASSED [  8%]
tests/core/test_config_manager.py::TestConfigManager::test_load_configuration_success PASSED [  8%]
tests/core/test_config_manager.py::TestConfigManager::test_load_configuration_validation_failure FAILED [  8%]
tests/core/test_config_manager.py::TestConfigManager::test_get_config_caching PASSED [  9%]
tests/core/test_config_manager.py::TestConfigManager::test_reload_config PASSED [  9%]
tests/core/test_config_manager.py::TestConfigurationFunctions::test_get_config PASSED [  9%]
tests/core/test_config_manager.py::TestConfigurationFunctions::test_reload_config PASSED [  9%]
tests/core/test_config_manager.py::TestConfigurationIntegration::test_full_configuration_flow FAILED [  9%]
tests/core/test_config_manager.py::TestConfigurationIntegration::test_testing_configuration PASSED [ 10%]
tests/core/test_config_manager.py::TestConfigurationIntegration::test_configuration_error_handling FAILED [ 10%]
tests/core/test_error_handling.py::TestErrorCodes::test_error_code_values PASSED [ 10%]
tests/core/test_error_handling.py::TestErrorCodes::test_error_severity_values PASSED [ 10%]
tests/core/test_error_handling.py::TestErrorDetails::test_error_details_creation FAILED [ 10%]
tests/core/test_error_handling.py::TestErrorDetails::test_error_details_with_context FAILED [ 11%]
tests/core/test_error_handling.py::TestErrorDetails::test_error_details_serialization PASSED [ 11%]
tests/core/test_error_handling.py::TestNetraExceptions::test_netra_exception_basic FAILED [ 11%]
tests/core/test_error_handling.py::TestNetraExceptions::test_netra_exception_with_code FAILED [ 11%]
tests/core/test_error_handling.py::TestNetraExceptions::test_netra_exception_to_dict PASSED [ 12%]
tests/core/test_error_handling.py::TestNetraExceptions::test_configuration_error FAILED [ 12%]
tests/core/test_error_handling.py::TestNetraExceptions::test_validation_error_with_errors FAILED [ 12%]
tests/core/test_error_handling.py::TestNetraExceptions::test_authentication_error FAILED [ 12%]
tests/core/test_error_handling.py::TestNetraExceptions::test_authorization_error FAILED [ 12%]
tests/core/test_error_handling.py::TestNetraExceptions::test_token_expired_error FAILED [ 13%]
tests/core/test_error_handling.py::TestNetraExceptions::test_database_error FAILED [ 13%]
tests/core/test_error_handling.py::TestNetraExceptions::test_record_not_found_error FAILED [ 13%]
tests/core/test_error_handling.py::TestNetraExceptions::test_service_error FAILED [ 13%]
tests/core/test_error_handling.py::TestNetraExceptions::test_llm_request_error FAILED [ 14%]
tests/core/test_error_handling.py::TestNetraExceptions::test_websocket_error FAILED [ 14%]
tests/core/test_error_handling.py::TestErrorHandler::test_handle_netra_exception FAILED [ 14%]
tests/core/test_error_handling.py::TestErrorHandler::test_handle_pydantic_validation_error 
-------------------------------- live log call --------------------------------
Validation error: ['field1: field required', 'field2: invalid format']
FAILED                                                                   [ 14%]
tests/core/test_error_handling.py::TestErrorHandler::test_handle_sqlalchemy_integrity_error 
-------------------------------- live log call --------------------------------
Database integrity error: (builtins.str) orig
[SQL: statement]
[parameters: 'params']
(Background on this error at: https://sqlalche.me/e/20/gkpj)
FAILED                                                                   [ 14%]
tests/core/test_error_handling.py::TestErrorHandler::test_handle_http_exception 
-------------------------------- live log call --------------------------------
HTTP exception 404: Not found
FAILED                                                                   [ 15%]
tests/core/test_error_handling.py::TestErrorHandler::test_handle_unknown_exception 
-------------------------------- live log call --------------------------------
Unhandled exception: Unknown error
NoneType: None
FAILED                                                                   [ 15%]
tests/core/test_error_handling.py::TestErrorHandler::test_get_http_status_code_mapping PASSED [ 15%]
tests/core/test_error_handling.py::TestErrorContext::test_trace_id_context PASSED [ 15%]
tests/core/test_error_handling.py::TestErrorContext::test_request_id_context PASSED [ 16%]
tests/core/test_error_handling.py::TestErrorContext::test_user_id_context PASSED [ 16%]
tests/core/test_error_handling.py::TestErrorContext::test_custom_context PASSED [ 16%]
tests/core/test_error_handling.py::TestErrorContext::test_get_all_context PASSED [ 16%]
tests/core/test_error_handling.py::TestErrorContext::test_clear_context PASSED [ 16%]
tests/core/test_error_handling.py::TestErrorContext::test_error_context_manager PASSED [ 17%]
tests/core/test_error_handling.py::TestErrorContext::test_get_enriched_error_context PASSED [ 17%]
tests/core/test_error_handling.py::TestErrorHandlerFunctions::test_handle_exception_function FAILED [ 17%]
tests/core/test_error_handling.py::TestErrorHandlerFunctions::test_get_http_status_code_function PASSED [ 17%]
tests/core/test_error_handling.py::TestErrorHandlerFunctions::test_netra_exception_handler FAILED [ 18%]
tests/core/test_error_handling.py::TestErrorHandlerFunctions::test_validation_exception_handler 
-------------------------------- live log call --------------------------------
Validation error: ['field: required']
FAILED                                                                   [ 18%]
tests/core/test_error_handling.py::TestErrorHandlerFunctions::test_http_exception_handler 
-------------------------------- live log call --------------------------------
HTTP exception 404: Not found
FAILED                                                                   [ 18%]
tests/core/test_error_handling.py::TestErrorHandlerFunctions::test_general_exception_handler 
-------------------------------- live log call --------------------------------
Unhandled exception: Unknown error
NoneType: None
FAILED                                                                   [ 18%]
tests/core/test_error_handling.py::TestErrorResponseModel::test_error_response_creation FAILED [ 18%]
tests/core/test_error_handling.py::TestErrorResponseModel::test_error_response_with_details FAILED [ 19%]
tests/core/test_error_handling.py::TestErrorResponseModel::test_error_response_serialization PASSED [ 19%]
tests/core/test_service_interfaces.py::TestBaseServiceMixin::test_initialization PASSED [ 19%]
tests/core/test_service_interfaces.py::TestBaseServiceMixin::test_update_metrics_success PASSED [ 19%]
tests/core/test_service_interfaces.py::TestBaseServiceMixin::test_update_metrics_failure PASSED [ 20%]
tests/core/test_service_interfaces.py::TestBaseServiceMixin::test_update_metrics_average_calculation PASSED [ 20%]
tests/core/test_service_interfaces.py::TestBaseServiceMixin::test_create_background_task FAILED [ 20%]
tests/core/test_service_interfaces.py::TestBaseServiceMixin::test_cancel_background_tasks PASSED [ 20%]
tests/core/test_service_interfaces.py::TestBaseService::test_initialization PASSED [ 20%]
tests/core/test_service_interfaces.py::TestBaseService::test_initialize_success PASSED [ 21%]
tests/core/test_service_interfaces.py::TestBaseService::test_initialize_failure PASSED [ 21%]
tests/core/test_service_interfaces.py::TestBaseService::test_initialize_idempotent PASSED [ 21%]
tests/core/test_service_interfaces.py::TestBaseService::test_shutdown PASSED [ 21%]
tests/core/test_service_interfaces.py::TestBaseService::test_health_check_healthy PASSED [ 21%]
tests/core/test_service_interfaces.py::TestBaseService::test_health_check_with_dependencies PASSED [ 22%]
tests/core/test_service_interfaces.py::TestBaseService::test_health_check_exception PASSED [ 22%]
tests/core/test_service_interfaces.py::TestDatabaseService::test_initialization PASSED [ 22%]
tests/core/test_service_interfaces.py::TestDatabaseService::test_set_session_factory PASSED [ 22%]
tests/core/test_service_interfaces.py::TestDatabaseService::test_get_db_session_no_factory FAILED [ 23%]
tests/core/test_service_interfaces.py::TestDatabaseService::test_get_db_session_success FAILED [ 23%]
tests/core/test_service_interfaces.py::TestDatabaseService::test_get_db_session_exception FAILED [ 23%]
tests/core/test_service_interfaces.py::TestCRUDService::test_create_entity PASSED [ 23%]
tests/core/test_service_interfaces.py::TestCRUDService::test_get_by_id_found PASSED [ 23%]
tests/core/test_service_interfaces.py::TestCRUDService::test_get_by_id_not_found PASSED [ 24%]
tests/core/test_service_interfaces.py::TestCRUDService::test_update_entity_success PASSED [ 24%]
tests/core/test_service_interfaces.py::TestCRUDService::test_update_entity_not_found FAILED [ 24%]
tests/core/test_service_interfaces.py::TestCRUDService::test_delete_entity_success PASSED [ 24%]
tests/core/test_service_interfaces.py::TestCRUDService::test_delete_entity_not_found PASSED [ 25%]
tests/core/test_service_interfaces.py::TestCRUDService::test_exists_true PASSED [ 25%]
tests/core/test_service_interfaces.py::TestCRUDService::test_exists_false PASSED [ 25%]
tests/core/test_service_interfaces.py::TestAsyncTaskService::test_initialization FAILED [ 25%]

============================== warnings summary ===============================
..\..\..\..\..\..\AppData\Roaming\Python\Python312\site-packages\pydantic\_internal\_config.py:323
..\..\..\..\..\..\AppData\Roaming\Python\Python312\site-packages\pydantic\_internal\_config.py:323
..\..\..\..\..\..\AppData\Roaming\Python\Python312\site-packages\pydantic\_internal\_config.py:323
..\..\..\..\..\..\AppData\Roaming\Python\Python312\site-packages\pydantic\_internal\_config.py:323
..\..\..\..\..\..\AppData\Roaming\Python\Python312\site-packages\pydantic\_internal\_config.py:323
..\..\..\..\..\..\AppData\Roaming\Python\Python312\site-packages\pydantic\_internal\_config.py:323
..\..\..\..\..\..\AppData\Roaming\Python\Python312\site-packages\pydantic\_internal\_config.py:323
..\..\..\..\..\..\AppData\Roaming\Python\Python312\site-packages\pydantic\_internal\_config.py:323
..\..\..\..\..\..\AppData\Roaming\Python\Python312\site-packages\pydantic\_internal\_config.py:323
  C:\Users\antho\AppData\Roaming\Python\Python312\site-packages\pydantic\_internal\_config.py:323: PydanticDeprecatedSince20: Support for class-based `config` is deprecated, use ConfigDict instead. Deprecated in Pydantic V2.0 to be removed in V3.0. See Pydantic V2 Migration Guide at https://errors.pydantic.dev/2.11/migration/
    warnings.warn(DEPRECATION_MESSAGE, DeprecationWarning)

..\..\..\..\..\..\AppData\Roaming\Python\Python312\site-packages\pydantic\_internal\_generate_schema.py:298
  C:\Users\antho\AppData\Roaming\Python\Python312\site-packages\pydantic\_internal\_generate_schema.py:298: PydanticDeprecatedSince20: `json_encoders` is deprecated. See https://docs.pydantic.dev/2.11/concepts/serialization/#custom-serializers for alternatives. Deprecated in Pydantic V2.0 to be removed in V3.0. See Pydantic V2 Migration Guide at https://errors.pydantic.dev/2.11/migration/
    warnings.warn(

core\logging_manager.py:69
  C:\Users\antho\OneDrive\Desktop\Netra\netra-core-generation-1\v2\app\core\logging_manager.py:69: DeprecationWarning: datetime.datetime.utcnow() is deprecated and scheduled for removal in a future version. Use timezone-aware objects to represent datetimes in UTC: datetime.datetime.now(datetime.UTC).
    self._last_flush = datetime.utcnow()

core\exceptions.py:70
  C:\Users\antho\OneDrive\Desktop\Netra\netra-core-generation-1\v2\app\core\exceptions.py:70: DeprecationWarning: datetime.datetime.utcnow() is deprecated and scheduled for removal in a future version. Use timezone-aware objects to represent datetimes in UTC: datetime.datetime.now(datetime.UTC).
    timestamp: datetime = datetime.utcnow()

routes\synthetic_data.py:239
  C:\Users\antho\OneDrive\Desktop\Netra\netra-core-generation-1\v2\app\routes\synthetic_data.py:239: DeprecationWarning: `regex` has been deprecated, please use `pattern` instead
    content_source: str = Query("upload", regex="^(upload|generate|import)$"),

services\apex_optimizer_agent\tools\log_fetcher.py:14
  C:\Users\antho\OneDrive\Desktop\Netra\netra-core-generation-1\v2\app\services\apex_optimizer_agent\tools\log_fetcher.py:14: PydanticDeprecatedSince20: Pydantic V1 style `@validator` validators are deprecated. You should migrate to Pydantic V2 style `@field_validator` validators, see the migration guide for more details. Deprecated in Pydantic V2.0 to be removed in V3.0. See Pydantic V2 Migration Guide at https://errors.pydantic.dev/2.11/migration/
    @validator('time_range', 'data_source', pre=True)

..\..\..\..\..\..\AppData\Roaming\Python\Python312\site-packages\pydantic\_internal\_generate_schema.py:628
..\..\..\..\..\..\AppData\Roaming\Python\Python312\site-packages\pydantic\_internal\_generate_schema.py:628
..\..\..\..\..\..\AppData\Roaming\Python\Python312\site-packages\pydantic\_internal\_generate_schema.py:628
..\..\..\..\..\..\AppData\Roaming\Python\Python312\site-packages\pydantic\_internal\_generate_schema.py:628
..\..\..\..\..\..\AppData\Roaming\Python\Python312\site-packages\pydantic\_internal\_generate_schema.py:628
..\..\..\..\..\..\AppData\Roaming\Python\Python312\site-packages\pydantic\_internal\_generate_schema.py:628
  C:\Users\antho\AppData\Roaming\Python\Python312\site-packages\pydantic\_internal\_generate_schema.py:628: UserWarning: <built-in function any> is not a Python type (it may be an instance of an object), Pydantic will allow any object with no validation since we cannot even enforce that the input is an instance of the given type. To get rid of this error wrap the type with `pydantic.SkipValidation`.
    warn(

tests/agents/test_agent_e2e_critical.py::TestAgentE2ECritical::test_1_complete_agent_lifecycle_request_to_completion
tests/agents/test_agent_e2e_critical.py::TestAgentE2ECritical::test_2_websocket_real_time_streaming
tests/agents/test_agent_e2e_critical.py::TestAgentE2ECritical::test_5_state_persistence_and_recovery
tests/agents/test_subagent_workflow.py::test_subagent_workflow_end_to_end
tests/agents/test_supervisor_agent.py::test_supervisor_runs_sub_agents_in_order
  <string>:11: DeprecationWarning: datetime.datetime.utcnow() is deprecated and scheduled for removal in a future version. Use timezone-aware objects to represent datetimes in UTC: datetime.datetime.now(datetime.UTC).

tests/agents/test_agent_e2e_critical.py::TestAgentE2ECritical::test_1_complete_agent_lifecycle_request_to_completion
tests/agents/test_agent_e2e_critical.py::TestAgentE2ECritical::test_2_websocket_real_time_streaming
tests/agents/test_agent_e2e_critical.py::TestAgentE2ECritical::test_5_state_persistence_and_recovery
tests/agents/test_subagent_workflow.py::test_subagent_workflow_end_to_end
tests/agents/test_supervisor_agent.py::test_supervisor_runs_sub_agents_in_order
  C:\Users\antho\OneDrive\Desktop\Netra\netra-core-generation-1\v2\app\agents\supervisor_consolidated.py:192: DeprecationWarning: datetime.datetime.utcnow() is deprecated and scheduled for removal in a future version. Use timezone-aware objects to represent datetimes in UTC: datetime.datetime.now(datetime.UTC).
    duration=(datetime.utcnow() - context.started_at).total_seconds()

tests/core/test_error_handling.py::TestErrorDetails::test_error_details_serialization
  C:\Users\antho\OneDrive\Desktop\Netra\netra-core-generation-1\v2\app\tests\core\test_error_handling.py:94: PydanticDeprecatedSince20: The `dict` method is deprecated; use `model_dump` instead. Deprecated in Pydantic V2.0 to be removed in V3.0. See Pydantic V2 Migration Guide at https://errors.pydantic.dev/2.11/migration/
    data = details.dict()

tests/core/test_error_handling.py::TestNetraExceptions::test_netra_exception_to_dict
  C:\Users\antho\OneDrive\Desktop\Netra\netra-core-generation-1\v2\app\core\exceptions.py:106: PydanticDeprecatedSince20: The `dict` method is deprecated; use `model_dump` instead. Deprecated in Pydantic V2.0 to be removed in V3.0. See Pydantic V2 Migration Guide at https://errors.pydantic.dev/2.11/migration/
    return self.error_details.dict()

tests/core/test_error_handling.py::TestErrorResponseModel::test_error_response_serialization
  C:\Users\antho\OneDrive\Desktop\Netra\netra-core-generation-1\v2\app\tests\core\test_error_handling.py:478: PydanticDeprecatedSince20: The `dict` method is deprecated; use `model_dump` instead. Deprecated in Pydantic V2.0 to be removed in V3.0. See Pydantic V2 Migration Guide at https://errors.pydantic.dev/2.11/migration/
    data = response.dict()

tests/core/test_service_interfaces.py::TestBaseServiceMixin::test_update_metrics_success
tests/core/test_service_interfaces.py::TestBaseServiceMixin::test_update_metrics_failure
tests/core/test_service_interfaces.py::TestBaseServiceMixin::test_update_metrics_average_calculation
tests/core/test_service_interfaces.py::TestBaseServiceMixin::test_update_metrics_average_calculation
  C:\Users\antho\OneDrive\Desktop\Netra\netra-core-generation-1\v2\app\core\service_interfaces.py:145: DeprecationWarning: datetime.datetime.utcnow() is deprecated and scheduled for removal in a future version. Use timezone-aware objects to represent datetimes in UTC: datetime.datetime.now(datetime.UTC).
    self._metrics.last_request_timestamp = datetime.utcnow()

tests/core/test_service_interfaces.py::TestBaseService::test_initialize_failure
  C:\Users\antho\miniconda3\Lib\unittest\mock.py:2188: RuntimeWarning: coroutine 'TestBaseServiceMixin.test_create_background_task.<locals>.dummy_task' was never awaited
    def __init__(self, name, parent):
  Enable tracemalloc to get traceback where the object was allocated.
  See https://docs.pytest.org/en/stable/how-to/capture-warnings.html#resource-warnings for more info.

tests/core/test_service_interfaces.py::TestBaseService::test_health_check_healthy
tests/core/test_service_interfaces.py::TestBaseService::test_health_check_with_dependencies
  C:\Users\antho\OneDrive\Desktop\Netra\netra-core-generation-1\v2\app\core\service_interfaces.py:226: DeprecationWarning: datetime.datetime.utcnow() is deprecated and scheduled for removal in a future version. Use timezone-aware objects to represent datetimes in UTC: datetime.datetime.now(datetime.UTC).
    timestamp=datetime.utcnow(),

tests/core/test_service_interfaces.py::TestBaseService::test_health_check_healthy
tests/core/test_service_interfaces.py::TestBaseService::test_health_check_with_dependencies
  C:\Users\antho\OneDrive\Desktop\Netra\netra-core-generation-1\v2\app\core\service_interfaces.py:228: PydanticDeprecatedSince20: The `dict` method is deprecated; use `model_dump` instead. Deprecated in Pydantic V2.0 to be removed in V3.0. See Pydantic V2 Migration Guide at https://errors.pydantic.dev/2.11/migration/
    metrics=self._metrics.dict()

tests/core/test_service_interfaces.py::TestBaseService::test_health_check_exception
  C:\Users\antho\OneDrive\Desktop\Netra\netra-core-generation-1\v2\app\core\service_interfaces.py:234: DeprecationWarning: datetime.datetime.utcnow() is deprecated and scheduled for removal in a future version. Use timezone-aware objects to represent datetimes in UTC: datetime.datetime.now(datetime.UTC).
    timestamp=datetime.utcnow(),

tests/core/test_service_interfaces.py::TestDatabaseService::test_get_db_session_success
  C:\Users\antho\OneDrive\Desktop\Netra\netra-core-generation-1\v2\app\core\service_interfaces.py:264: RuntimeWarning: coroutine 'TestDatabaseService.test_get_db_session_success.<locals>.mock_factory' was never awaited
    async with self._session_factory() as session:
  Enable tracemalloc to get traceback where the object was allocated.
  See https://docs.pytest.org/en/stable/how-to/capture-warnings.html#resource-warnings for more info.

tests/core/test_service_interfaces.py::TestDatabaseService::test_get_db_session_exception
  C:\Users\antho\OneDrive\Desktop\Netra\netra-core-generation-1\v2\app\core\service_interfaces.py:264: RuntimeWarning: coroutine 'TestDatabaseService.test_get_db_session_exception.<locals>.mock_factory' was never awaited
    async with self._session_factory() as session:
  Enable tracemalloc to get traceback where the object was allocated.
  See https://docs.pytest.org/en/stable/how-to/capture-warnings.html#resource-warnings for more info.

-- Docs: https://docs.pytest.org/en/stable/how-to/capture-warnings.html
=========================== short test summary info ===========================
FAILED tests/agents/test_agent_e2e_critical.py::TestAgentE2ECritical::test_1_complete_agent_lifecycle_request_to_completion
FAILED tests/agents/test_agent_e2e_critical.py::TestAgentE2ECritical::test_2_websocket_real_time_streaming
FAILED tests/agents/test_agent_e2e_critical.py::TestAgentE2ECritical::test_3_supervisor_orchestration_logic
FAILED tests/agents/test_agent_e2e_critical.py::TestAgentE2ECritical::test_5_state_persistence_and_recovery
FAILED tests/agents/test_agent_e2e_critical.py::TestAgentE2ECritical::test_6_error_handling_and_recovery
FAILED tests/agents/test_agent_e2e_critical.py::TestAgentE2ECritical::test_7_authentication_and_authorization
FAILED tests/agents/test_agent_e2e_critical.py::TestAgentE2ECritical::test_8_multi_agent_collaboration
FAILED tests/agents/test_agent_e2e_critical.py::TestAgentE2ECritical::test_10_performance_and_timeout_handling
FAILED tests/agents/test_subagent_workflow.py::test_subagent_workflow_end_to_end
FAILED tests/agents/test_supervisor_advanced.py::test_supervisor_error_handling
FAILED tests/agents/test_supervisor_agent.py::test_supervisor_runs_sub_agents_in_order
FAILED tests/core/test_config_manager.py::TestSecretManager::test_secret_manager_client_creation_failure
FAILED tests/core/test_config_manager.py::TestConfigValidator::test_validate_auth_config_production_dev_secret
FAILED tests/core/test_config_manager.py::TestConfigManager::test_get_environment_development
FAILED tests/core/test_config_manager.py::TestConfigManager::test_get_environment_production
FAILED tests/core/test_config_manager.py::TestConfigManager::test_load_configuration_validation_failure
FAILED tests/core/test_config_manager.py::TestConfigurationIntegration::test_full_configuration_flow
FAILED tests/core/test_config_manager.py::TestConfigurationIntegration::test_configuration_error_handling
FAILED tests/core/test_error_handling.py::TestErrorDetails::test_error_details_creation
FAILED tests/core/test_error_handling.py::TestErrorDetails::test_error_details_with_context
FAILED tests/core/test_error_handling.py::TestNetraExceptions::test_netra_exception_basic
FAILED tests/core/test_error_handling.py::TestNetraExceptions::test_netra_exception_with_code
FAILED tests/core/test_error_handling.py::TestNetraExceptions::test_configuration_error
FAILED tests/core/test_error_handling.py::TestNetraExceptions::test_validation_error_with_errors
FAILED tests/core/test_error_handling.py::TestNetraExceptions::test_authentication_error
FAILED tests/core/test_error_handling.py::TestNetraExceptions::test_authorization_error
FAILED tests/core/test_error_handling.py::TestNetraExceptions::test_token_expired_error
FAILED tests/core/test_error_handling.py::TestNetraExceptions::test_database_error
FAILED tests/core/test_error_handling.py::TestNetraExceptions::test_record_not_found_error
FAILED tests/core/test_error_handling.py::TestNetraExceptions::test_service_error
FAILED tests/core/test_error_handling.py::TestNetraExceptions::test_llm_request_error
FAILED tests/core/test_error_handling.py::TestNetraExceptions::test_websocket_error
FAILED tests/core/test_error_handling.py::TestErrorHandler::test_handle_netra_exception
FAILED tests/core/test_error_handling.py::TestErrorHandler::test_handle_pydantic_validation_error
FAILED tests/core/test_error_handling.py::TestErrorHandler::test_handle_sqlalchemy_integrity_error
FAILED tests/core/test_error_handling.py::TestErrorHandler::test_handle_http_exception
FAILED tests/core/test_error_handling.py::TestErrorHandler::test_handle_unknown_exception
FAILED tests/core/test_error_handling.py::TestErrorHandlerFunctions::test_handle_exception_function
FAILED tests/core/test_error_handling.py::TestErrorHandlerFunctions::test_netra_exception_handler
FAILED tests/core/test_error_handling.py::TestErrorHandlerFunctions::test_validation_exception_handler
FAILED tests/core/test_error_handling.py::TestErrorHandlerFunctions::test_http_exception_handler
FAILED tests/core/test_error_handling.py::TestErrorHandlerFunctions::test_general_exception_handler
FAILED tests/core/test_error_handling.py::TestErrorResponseModel::test_error_response_creation
FAILED tests/core/test_error_handling.py::TestErrorResponseModel::test_error_response_with_details
FAILED tests/core/test_service_interfaces.py::TestBaseServiceMixin::test_create_background_task
FAILED tests/core/test_service_interfaces.py::TestDatabaseService::test_get_db_session_no_factory
FAILED tests/core/test_service_interfaces.py::TestDatabaseService::test_get_db_session_success
FAILED tests/core/test_service_interfaces.py::TestDatabaseService::test_get_db_session_exception
FAILED tests/core/test_service_interfaces.py::TestCRUDService::test_update_entity_not_found
FAILED tests/core/test_service_interfaces.py::TestAsyncTaskService::test_initialization
!!!!!!!!!!!!!!!!!!!!!!!!! stopping after 50 failures !!!!!!!!!!!!!!!!!!!!!!!!!!
============ 50 failed, 67 passed, 45 warnings in 75.31s (0:01:15) ============
