<!DOCTYPE html>
<html>
  <head>
    <meta charset="utf-8"/>
    <title id="head-title">test_report_final.html</title>
      <style type="text/css">body {
  font-family: Helvetica, Arial, sans-serif;
  font-size: 12px;
  /* do not increase min-width as some may use split screens */
  min-width: 800px;
  color: #999;
}

h1 {
  font-size: 24px;
  color: black;
}

h2 {
  font-size: 16px;
  color: black;
}

p {
  color: black;
}

a {
  color: #999;
}

table {
  border-collapse: collapse;
}

/******************************
 * SUMMARY INFORMATION
 ******************************/
#environment td {
  padding: 5px;
  border: 1px solid #e6e6e6;
  vertical-align: top;
}
#environment tr:nth-child(odd) {
  background-color: #f6f6f6;
}
#environment ul {
  margin: 0;
  padding: 0 20px;
}

/******************************
 * TEST RESULT COLORS
 ******************************/
span.passed,
.passed .col-result {
  color: green;
}

span.skipped,
span.xfailed,
span.rerun,
.skipped .col-result,
.xfailed .col-result,
.rerun .col-result {
  color: orange;
}

span.error,
span.failed,
span.xpassed,
.error .col-result,
.failed .col-result,
.xpassed .col-result {
  color: red;
}

.col-links__extra {
  margin-right: 3px;
}

/******************************
 * RESULTS TABLE
 *
 * 1. Table Layout
 * 2. Extra
 * 3. Sorting items
 *
 ******************************/
/*------------------
 * 1. Table Layout
 *------------------*/
#results-table {
  border: 1px solid #e6e6e6;
  color: #999;
  font-size: 12px;
  width: 100%;
}
#results-table th,
#results-table td {
  padding: 5px;
  border: 1px solid #e6e6e6;
  text-align: left;
}
#results-table th {
  font-weight: bold;
}

/*------------------
 * 2. Extra
 *------------------*/
.logwrapper {
  max-height: 230px;
  overflow-y: scroll;
  background-color: #e6e6e6;
}
.logwrapper.expanded {
  max-height: none;
}
.logwrapper.expanded .logexpander:after {
  content: "collapse [-]";
}
.logwrapper .logexpander {
  z-index: 1;
  position: sticky;
  top: 10px;
  width: max-content;
  border: 1px solid;
  border-radius: 3px;
  padding: 5px 7px;
  margin: 10px 0 10px calc(100% - 80px);
  cursor: pointer;
  background-color: #e6e6e6;
}
.logwrapper .logexpander:after {
  content: "expand [+]";
}
.logwrapper .logexpander:hover {
  color: #000;
  border-color: #000;
}
.logwrapper .log {
  min-height: 40px;
  position: relative;
  top: -50px;
  height: calc(100% + 50px);
  border: 1px solid #e6e6e6;
  color: black;
  display: block;
  font-family: "Courier New", Courier, monospace;
  padding: 5px;
  padding-right: 80px;
  white-space: pre-wrap;
}

div.media {
  border: 1px solid #e6e6e6;
  float: right;
  height: 240px;
  margin: 0 5px;
  overflow: hidden;
  width: 320px;
}

.media-container {
  display: grid;
  grid-template-columns: 25px auto 25px;
  align-items: center;
  flex: 1 1;
  overflow: hidden;
  height: 200px;
}

.media-container--fullscreen {
  grid-template-columns: 0px auto 0px;
}

.media-container__nav--right,
.media-container__nav--left {
  text-align: center;
  cursor: pointer;
}

.media-container__viewport {
  cursor: pointer;
  text-align: center;
  height: inherit;
}
.media-container__viewport img,
.media-container__viewport video {
  object-fit: cover;
  width: 100%;
  max-height: 100%;
}

.media__name,
.media__counter {
  display: flex;
  flex-direction: row;
  justify-content: space-around;
  flex: 0 0 25px;
  align-items: center;
}

.collapsible td:not(.col-links) {
  cursor: pointer;
}
.collapsible td:not(.col-links):hover::after {
  color: #bbb;
  font-style: italic;
  cursor: pointer;
}

.col-result {
  width: 130px;
}
.col-result:hover::after {
  content: " (hide details)";
}

.col-result.collapsed:hover::after {
  content: " (show details)";
}

#environment-header h2:hover::after {
  content: " (hide details)";
  color: #bbb;
  font-style: italic;
  cursor: pointer;
  font-size: 12px;
}

#environment-header.collapsed h2:hover::after {
  content: " (show details)";
  color: #bbb;
  font-style: italic;
  cursor: pointer;
  font-size: 12px;
}

/*------------------
 * 3. Sorting items
 *------------------*/
.sortable {
  cursor: pointer;
}
.sortable.desc:after {
  content: " ";
  position: relative;
  left: 5px;
  bottom: -12.5px;
  border: 10px solid #4caf50;
  border-bottom: 0;
  border-left-color: transparent;
  border-right-color: transparent;
}
.sortable.asc:after {
  content: " ";
  position: relative;
  left: 5px;
  bottom: 12.5px;
  border: 10px solid #4caf50;
  border-top: 0;
  border-left-color: transparent;
  border-right-color: transparent;
}

.hidden, .summary__reload__button.hidden {
  display: none;
}

.summary__data {
  flex: 0 0 550px;
}
.summary__reload {
  flex: 1 1;
  display: flex;
  justify-content: center;
}
.summary__reload__button {
  flex: 0 0 300px;
  display: flex;
  color: white;
  font-weight: bold;
  background-color: #4caf50;
  text-align: center;
  justify-content: center;
  align-items: center;
  border-radius: 3px;
  cursor: pointer;
}
.summary__reload__button:hover {
  background-color: #46a049;
}
.summary__spacer {
  flex: 0 0 550px;
}

.controls {
  display: flex;
  justify-content: space-between;
}

.filters,
.collapse {
  display: flex;
  align-items: center;
}
.filters button,
.collapse button {
  color: #999;
  border: none;
  background: none;
  cursor: pointer;
  text-decoration: underline;
}
.filters button:hover,
.collapse button:hover {
  color: #ccc;
}

.filter__label {
  margin-right: 10px;
}

      </style>
    
  </head>
  <body>
    <h1 id="title">test_report_final.html</h1>
    <p>Report generated on 10-Aug-2025 at 05:57:10 by <a href="https://pypi.python.org/pypi/pytest-html">pytest-html</a>
        v4.1.1</p>
    <div id="environment-header">
      <h2>Environment</h2>
    </div>
    <table id="environment"></table>
    <!-- TEMPLATES -->
      <template id="template_environment_row">
      <tr>
        <td></td>
        <td></td>
      </tr>
    </template>
    <template id="template_results-table__body--empty">
      <tbody class="results-table-row">
        <tr id="not-found-message">
          <td colspan="4">No results found. Check the filters.</th>
        </tr>
    </template>
    <template id="template_results-table__tbody">
      <tbody class="results-table-row">
        <tr class="collapsible">
        </tr>
        <tr class="extras-row">
          <td class="extra" colspan="4">
            <div class="extraHTML"></div>
            <div class="media">
              <div class="media-container">
                  <div class="media-container__nav--left"><</div>
                  <div class="media-container__viewport">
                    <img src="" />
                    <video controls>
                      <source src="" type="video/mp4">
                    </video>
                  </div>
                  <div class="media-container__nav--right">></div>
                </div>
                <div class="media__name"></div>
                <div class="media__counter"></div>
            </div>
            <div class="logwrapper">
              <div class="logexpander"></div>
              <div class="log"></div>
            </div>
          </td>
        </tr>
      </tbody>
    </template>
    <!-- END TEMPLATES -->
    <div class="summary">
      <div class="summary__data">
        <h2>Summary</h2>
        <div class="additional-summary prefix">
        </div>
        <p class="run-count">90 tests took 00:00:01.</p>
        <p class="filter">(Un)check the boxes to filter the results.</p>
        <div class="summary__reload">
          <div class="summary__reload__button hidden" onclick="location.reload()">
            <div>There are still tests running. <br />Reload this page to get the latest results!</div>
          </div>
        </div>
        <div class="summary__spacer"></div>
        <div class="controls">
          <div class="filters">
            <input checked="true" class="filter" name="filter_checkbox" type="checkbox" data-test-result="failed" />
            <span class="failed">50 Failed,</span>
            <input checked="true" class="filter" name="filter_checkbox" type="checkbox" data-test-result="passed" />
            <span class="passed">40 Passed,</span>
            <input checked="true" class="filter" name="filter_checkbox" type="checkbox" data-test-result="skipped" disabled/>
            <span class="skipped">0 Skipped,</span>
            <input checked="true" class="filter" name="filter_checkbox" type="checkbox" data-test-result="xfailed" disabled/>
            <span class="xfailed">0 Expected failures,</span>
            <input checked="true" class="filter" name="filter_checkbox" type="checkbox" data-test-result="xpassed" disabled/>
            <span class="xpassed">0 Unexpected passes,</span>
            <input checked="true" class="filter" name="filter_checkbox" type="checkbox" data-test-result="error" />
            <span class="error">18 Errors,</span>
            <input checked="true" class="filter" name="filter_checkbox" type="checkbox" data-test-result="rerun" disabled/>
            <span class="rerun">0 Reruns</span>
          </div>
          <div class="collapse">
            <button id="show_all_details">Show all details</button>&nbsp;/&nbsp;<button id="hide_all_details">Hide all details</button>
          </div>
        </div>
      </div>
      <div class="additional-summary summary">
      </div>
      <div class="additional-summary postfix">
      </div>
    </div>
    <table id="results-table">
      <thead id="results-table-head">
        <tr>
          <th class="sortable" data-column-type="result">Result</th>
          <th class="sortable" data-column-type="testId">Test</th>
          <th class="sortable" data-column-type="duration">Duration</th>
          <th>Links</th>
        </tr>
      </thead>
    </table>
  </body>
  <footer>
    <div id="data-container" data-jsonblob="{&#34;environment&#34;: {&#34;Python&#34;: &#34;3.12.4&#34;, &#34;Platform&#34;: &#34;Windows-11-10.0.26100-SP0&#34;, &#34;Packages&#34;: {&#34;pytest&#34;: &#34;8.3.2&#34;, &#34;pluggy&#34;: &#34;1.5.0&#34;}, &#34;Plugins&#34;: {&#34;anyio&#34;: &#34;4.9.0&#34;, &#34;Faker&#34;: &#34;37.4.2&#34;, &#34;langsmith&#34;: &#34;0.4.10&#34;, &#34;asyncio&#34;: &#34;1.1.0&#34;, &#34;cov&#34;: &#34;6.2.1&#34;, &#34;html&#34;: &#34;4.1.1&#34;, &#34;metadata&#34;: &#34;3.1.1&#34;, &#34;mock&#34;: &#34;3.14.1&#34;, &#34;timeout&#34;: &#34;2.4.0&#34;, &#34;xdist&#34;: &#34;3.8.0&#34;, &#34;typeguard&#34;: &#34;4.4.4&#34;}}, &#34;tests&#34;: {&#34;tests/routes/test_agent_route.py::test_start_agent&#34;: [{&#34;extras&#34;: [], &#34;result&#34;: &#34;Passed&#34;, &#34;testId&#34;: &#34;tests/routes/test_agent_route.py::test_start_agent&#34;, &#34;duration&#34;: &#34;16 ms&#34;, &#34;resultsTableRow&#34;: [&#34;&lt;td class=\&#34;col-result\&#34;&gt;Passed&lt;/td&gt;&#34;, &#34;&lt;td class=\&#34;col-testId\&#34;&gt;tests/routes/test_agent_route.py::test_start_agent&lt;/td&gt;&#34;, &#34;&lt;td class=\&#34;col-duration\&#34;&gt;16 ms&lt;/td&gt;&#34;, &#34;&lt;td class=\&#34;col-links\&#34;&gt;&lt;/td&gt;&#34;], &#34;log&#34;: &#34;------------------------------ Captured log setup ------------------------------\nDEBUG    asyncio:proactor_events.py:634 Using proactor: IocpProactor\nDEBUG    asyncio:proactor_events.py:634 Using proactor: IocpProactor\n\n----------------------------- Captured stdout call -----------------------------\n2025-08-10 05:57:07.157 | INFO     | app.main:log_requests:221 - Request: POST /api/agent/run_agent | Status: 200 | Duration: 2.02ms | Trace: b7a82c52-e271-4910-824a-0f194f68dff1\n\n------------------------------ Captured log call -------------------------------\nDEBUG    asyncio:proactor_events.py:634 Using proactor: IocpProactor\n\n&#34;}], &#34;tests/routes/test_agent_route.py::test_start_agent_with_different_messages&#34;: [{&#34;extras&#34;: [], &#34;result&#34;: &#34;Passed&#34;, &#34;testId&#34;: &#34;tests/routes/test_agent_route.py::test_start_agent_with_different_messages&#34;, &#34;duration&#34;: &#34;9 ms&#34;, &#34;resultsTableRow&#34;: [&#34;&lt;td class=\&#34;col-result\&#34;&gt;Passed&lt;/td&gt;&#34;, &#34;&lt;td class=\&#34;col-testId\&#34;&gt;tests/routes/test_agent_route.py::test_start_agent_with_different_messages&lt;/td&gt;&#34;, &#34;&lt;td class=\&#34;col-duration\&#34;&gt;9 ms&lt;/td&gt;&#34;, &#34;&lt;td class=\&#34;col-links\&#34;&gt;&lt;/td&gt;&#34;], &#34;log&#34;: &#34;------------------------------ Captured log setup ------------------------------\nDEBUG    asyncio:proactor_events.py:634 Using proactor: IocpProactor\n\n----------------------------- Captured stdout call -----------------------------\n2025-08-10 05:57:07.165 | INFO     | app.main:log_requests:221 - Request: POST /api/agent/run_agent | Status: 200 | Duration: 2.04ms | Trace: f7db3b4a-a3a4-4d63-9f69-654b110f67cb\n2025-08-10 05:57:07.168 | INFO     | app.main:log_requests:221 - Request: POST /api/agent/run_agent | Status: 200 | Duration: 1.00ms | Trace: 1bc953ab-ecb6-44d4-b850-ce13c43422b0\n\n------------------------------ Captured log call -------------------------------\nDEBUG    asyncio:proactor_events.py:634 Using proactor: IocpProactor\nDEBUG    asyncio:proactor_events.py:634 Using proactor: IocpProactor\n\n&#34;}], &#34;tests/routes/test_agent_route.py::test_start_agent_with_empty_message&#34;: [{&#34;extras&#34;: [], &#34;result&#34;: &#34;Passed&#34;, &#34;testId&#34;: &#34;tests/routes/test_agent_route.py::test_start_agent_with_empty_message&#34;, &#34;duration&#34;: &#34;5 ms&#34;, &#34;resultsTableRow&#34;: [&#34;&lt;td class=\&#34;col-result\&#34;&gt;Passed&lt;/td&gt;&#34;, &#34;&lt;td class=\&#34;col-testId\&#34;&gt;tests/routes/test_agent_route.py::test_start_agent_with_empty_message&lt;/td&gt;&#34;, &#34;&lt;td class=\&#34;col-duration\&#34;&gt;5 ms&lt;/td&gt;&#34;, &#34;&lt;td class=\&#34;col-links\&#34;&gt;&lt;/td&gt;&#34;], &#34;log&#34;: &#34;------------------------------ Captured log setup ------------------------------\nDEBUG    asyncio:proactor_events.py:634 Using proactor: IocpProactor\n\n----------------------------- Captured stdout call -----------------------------\n2025-08-10 05:57:07.174 | INFO     | app.main:log_requests:221 - Request: POST /api/agent/run_agent | Status: 200 | Duration: 0.98ms | Trace: def16d55-33c6-4466-9b62-e607bd52574d\n\n------------------------------ Captured log call -------------------------------\nDEBUG    asyncio:proactor_events.py:634 Using proactor: IocpProactor\n\n&#34;}], &#34;tests/routes/test_agent_route.py::test_start_agent_service_failure&#34;: [{&#34;extras&#34;: [], &#34;result&#34;: &#34;Failed&#34;, &#34;testId&#34;: &#34;tests/routes/test_agent_route.py::test_start_agent_service_failure&#34;, &#34;duration&#34;: &#34;6 ms&#34;, &#34;resultsTableRow&#34;: [&#34;&lt;td class=\&#34;col-result\&#34;&gt;Failed&lt;/td&gt;&#34;, &#34;&lt;td class=\&#34;col-testId\&#34;&gt;tests/routes/test_agent_route.py::test_start_agent_service_failure&lt;/td&gt;&#34;, &#34;&lt;td class=\&#34;col-duration\&#34;&gt;6 ms&lt;/td&gt;&#34;, &#34;&lt;td class=\&#34;col-links\&#34;&gt;&lt;/td&gt;&#34;], &#34;log&#34;: &#34;tests\\routes\\test_agent_route.py:69: in test_start_agent_service_failure\n    response = client.post(&amp;quot;/api/agent/run_agent&amp;quot;, json={&amp;quot;id&amp;quot;: &amp;quot;req_123&amp;quot;, &amp;quot;user_id&amp;quot;: &amp;quot;user123&amp;quot;, &amp;quot;query&amp;quot;: &amp;quot;test message&amp;quot;, &amp;quot;workloads&amp;quot;: []})\nC:\\Users\\antho\\miniconda3\\Lib\\site-packages\\starlette\\testclient.py:552: in post\n    return super().post(\nC:\\Users\\antho\\miniconda3\\Lib\\site-packages\\httpx\\_client.py:1157: in post\n    return self.request(\nC:\\Users\\antho\\miniconda3\\Lib\\site-packages\\starlette\\testclient.py:451: in request\n    return super().request(\nC:\\Users\\antho\\miniconda3\\Lib\\site-packages\\httpx\\_client.py:837: in request\n    return self.send(request, auth=auth, follow_redirects=follow_redirects)\nC:\\Users\\antho\\miniconda3\\Lib\\site-packages\\httpx\\_client.py:926: in send\n    response = self._send_handling_auth(\nC:\\Users\\antho\\miniconda3\\Lib\\site-packages\\httpx\\_client.py:954: in _send_handling_auth\n    response = self._send_handling_redirects(\nC:\\Users\\antho\\miniconda3\\Lib\\site-packages\\httpx\\_client.py:991: in _send_handling_redirects\n    response = self._send_single_request(request)\nC:\\Users\\antho\\miniconda3\\Lib\\site-packages\\httpx\\_client.py:1027: in _send_single_request\n    response = transport.handle_request(request)\nC:\\Users\\antho\\miniconda3\\Lib\\site-packages\\starlette\\testclient.py:354: in handle_request\n    raise exc\nC:\\Users\\antho\\miniconda3\\Lib\\site-packages\\starlette\\testclient.py:351: in handle_request\n    portal.call(self.app, scope, receive, send)\nC:\\Users\\antho\\AppData\\Roaming\\Python\\Python312\\site-packages\\anyio\\from_thread.py:290: in call\n    return cast(T_Retval, self.start_task_soon(func, *args).result())\nC:\\Users\\antho\\miniconda3\\Lib\\concurrent\\futures\\_base.py:456: in result\n    return self.__get_result()\nC:\\Users\\antho\\miniconda3\\Lib\\concurrent\\futures\\_base.py:401: in __get_result\n    raise self._exception\nC:\\Users\\antho\\AppData\\Roaming\\Python\\Python312\\site-packages\\anyio\\from_thread.py:221: in _call_func\n    retval = await retval_or_awaitable\nC:\\Users\\antho\\AppData\\Roaming\\Python\\Python312\\site-packages\\fastapi\\applications.py:1054: in __call__\n    await super().__call__(scope, receive, send)\nC:\\Users\\antho\\miniconda3\\Lib\\site-packages\\starlette\\applications.py:113: in __call__\n    await self.middleware_stack(scope, receive, send)\nC:\\Users\\antho\\miniconda3\\Lib\\site-packages\\starlette\\middleware\\errors.py:176: in __call__\n    response = await self.handler(request, exc)\napp\\core\\error_handlers.py:337: in general_exception_handler\n    error_response = handle_exception(exc, request)\napp\\core\\error_handlers.py:294: in handle_exception\n    return _error_handler.handle_exception(exc, request, trace_id)\napp\\core\\error_handlers.py:85: in handle_exception\n    return self._handle_pydantic_validation_error(exc, trace_id, request_id)\napp\\core\\error_handlers.py:146: in _handle_pydantic_validation_error\n    timestamp=ErrorDetails().timestamp.isoformat(),\nE   pydantic_core._pydantic_core.ValidationError: 2 validation errors for ErrorDetails\nE   code\nE     Field required [type=missing, input_value={}, input_type=dict]\nE       For further information visit https://errors.pydantic.dev/2.11/v/missing\nE   message\nE     Field required [type=missing, input_value={}, input_type=dict]\nE       For further information visit https://errors.pydantic.dev/2.11/v/missing\n\n------------------------------ Captured log setup ------------------------------\nDEBUG    asyncio:proactor_events.py:634 Using proactor: IocpProactor\n\n----------------------------- Captured stdout call -----------------------------\n2025-08-10 05:57:07.180 | WARNING  | logging:callHandlers:1762 - HTTP exception 500: Agent service failed\n2025-08-10 05:57:07.181 | WARNING  | logging:callHandlers:1762 - Validation error: [&amp;#x27;code: Field required&amp;#x27;, &amp;#x27;message: Field required&amp;#x27;]\n2025-08-10 05:57:07.181 | WARNING  | logging:callHandlers:1762 - Validation error: [&amp;#x27;code: Field required&amp;#x27;, &amp;#x27;message: Field required&amp;#x27;]\n\n------------------------------ Captured log call -------------------------------\nDEBUG    asyncio:proactor_events.py:634 Using proactor: IocpProactor\nWARNING  app.core.error_handlers:error_handlers.py:202 HTTP exception 500: Agent service failed\nWARNING  app.core.error_handlers:error_handlers.py:135 Validation error: [&amp;#x27;code: Field required&amp;#x27;, &amp;#x27;message: Field required&amp;#x27;]\nWARNING  app.core.error_handlers:error_handlers.py:135 Validation error: [&amp;#x27;code: Field required&amp;#x27;, &amp;#x27;message: Field required&amp;#x27;]\n\n&#34;}], &#34;tests/routes/test_agent_route.py::test_websocket_connection&#34;: [{&#34;extras&#34;: [], &#34;result&#34;: &#34;Failed&#34;, &#34;testId&#34;: &#34;tests/routes/test_agent_route.py::test_websocket_connection&#34;, &#34;duration&#34;: &#34;27 ms&#34;, &#34;resultsTableRow&#34;: [&#34;&lt;td class=\&#34;col-result\&#34;&gt;Failed&lt;/td&gt;&#34;, &#34;&lt;td class=\&#34;col-testId\&#34;&gt;tests/routes/test_agent_route.py::test_websocket_connection&lt;/td&gt;&#34;, &#34;&lt;td class=\&#34;col-duration\&#34;&gt;27 ms&lt;/td&gt;&#34;, &#34;&lt;td class=\&#34;col-links\&#34;&gt;&lt;/td&gt;&#34;], &#34;log&#34;: &#34;tests\\routes\\test_agent_route.py:76: in test_websocket_connection\n    with client.websocket_connect(&amp;quot;/api/agent/ws/test_run?token=test_token&amp;quot;) as websocket:\nC:\\Users\\antho\\miniconda3\\Lib\\site-packages\\starlette\\testclient.py:121: in __enter__\n    self._raise_on_close(message)\nC:\\Users\\antho\\miniconda3\\Lib\\site-packages\\starlette\\testclient.py:150: in _raise_on_close\n    raise WebSocketDisconnect(code=message.get(&amp;quot;code&amp;quot;, 1000), reason=message.get(&amp;quot;reason&amp;quot;, &amp;quot;&amp;quot;))\nE   starlette.websockets.WebSocketDisconnect\n\n------------------------------ Captured log setup ------------------------------\nDEBUG    asyncio:proactor_events.py:634 Using proactor: IocpProactor\n\n------------------------------ Captured log call -------------------------------\nDEBUG    asyncio:proactor_events.py:634 Using proactor: IocpProactor\n\n&#34;}], &#34;tests/routes/test_agent_route.py::test_start_agent_unauthenticated&#34;: [{&#34;extras&#34;: [], &#34;result&#34;: &#34;Failed&#34;, &#34;testId&#34;: &#34;tests/routes/test_agent_route.py::test_start_agent_unauthenticated&#34;, &#34;duration&#34;: &#34;14 ms&#34;, &#34;resultsTableRow&#34;: [&#34;&lt;td class=\&#34;col-result\&#34;&gt;Failed&lt;/td&gt;&#34;, &#34;&lt;td class=\&#34;col-testId\&#34;&gt;tests/routes/test_agent_route.py::test_start_agent_unauthenticated&lt;/td&gt;&#34;, &#34;&lt;td class=\&#34;col-duration\&#34;&gt;14 ms&lt;/td&gt;&#34;, &#34;&lt;td class=\&#34;col-links\&#34;&gt;&lt;/td&gt;&#34;], &#34;log&#34;: &#34;tests\\routes\\test_agent_route.py:83: in test_start_agent_unauthenticated\n    response = client.post(&amp;quot;/api/agent/run_agent&amp;quot;, json={&amp;quot;id&amp;quot;: &amp;quot;req_123&amp;quot;, &amp;quot;user_id&amp;quot;: &amp;quot;user123&amp;quot;, &amp;quot;query&amp;quot;: &amp;quot;test message&amp;quot;, &amp;quot;workloads&amp;quot;: []})\nC:\\Users\\antho\\miniconda3\\Lib\\site-packages\\starlette\\testclient.py:552: in post\n    return super().post(\nC:\\Users\\antho\\miniconda3\\Lib\\site-packages\\httpx\\_client.py:1157: in post\n    return self.request(\nC:\\Users\\antho\\miniconda3\\Lib\\site-packages\\starlette\\testclient.py:451: in request\n    return super().request(\nC:\\Users\\antho\\miniconda3\\Lib\\site-packages\\httpx\\_client.py:837: in request\n    return self.send(request, auth=auth, follow_redirects=follow_redirects)\nC:\\Users\\antho\\miniconda3\\Lib\\site-packages\\httpx\\_client.py:926: in send\n    response = self._send_handling_auth(\nC:\\Users\\antho\\miniconda3\\Lib\\site-packages\\httpx\\_client.py:954: in _send_handling_auth\n    response = self._send_handling_redirects(\nC:\\Users\\antho\\miniconda3\\Lib\\site-packages\\httpx\\_client.py:991: in _send_handling_redirects\n    response = self._send_single_request(request)\nC:\\Users\\antho\\miniconda3\\Lib\\site-packages\\httpx\\_client.py:1027: in _send_single_request\n    response = transport.handle_request(request)\nC:\\Users\\antho\\miniconda3\\Lib\\site-packages\\starlette\\testclient.py:354: in handle_request\n    raise exc\nC:\\Users\\antho\\miniconda3\\Lib\\site-packages\\starlette\\testclient.py:351: in handle_request\n    portal.call(self.app, scope, receive, send)\nC:\\Users\\antho\\AppData\\Roaming\\Python\\Python312\\site-packages\\anyio\\from_thread.py:290: in call\n    return cast(T_Retval, self.start_task_soon(func, *args).result())\nC:\\Users\\antho\\miniconda3\\Lib\\concurrent\\futures\\_base.py:456: in result\n    return self.__get_result()\nC:\\Users\\antho\\miniconda3\\Lib\\concurrent\\futures\\_base.py:401: in __get_result\n    raise self._exception\nC:\\Users\\antho\\AppData\\Roaming\\Python\\Python312\\site-packages\\anyio\\from_thread.py:221: in _call_func\n    retval = await retval_or_awaitable\nC:\\Users\\antho\\AppData\\Roaming\\Python\\Python312\\site-packages\\fastapi\\applications.py:1054: in __call__\n    await super().__call__(scope, receive, send)\nC:\\Users\\antho\\miniconda3\\Lib\\site-packages\\starlette\\applications.py:113: in __call__\n    await self.middleware_stack(scope, receive, send)\nC:\\Users\\antho\\miniconda3\\Lib\\site-packages\\starlette\\middleware\\errors.py:176: in __call__\n    response = await self.handler(request, exc)\napp\\core\\error_handlers.py:337: in general_exception_handler\n    error_response = handle_exception(exc, request)\napp\\core\\error_handlers.py:294: in handle_exception\n    return _error_handler.handle_exception(exc, request, trace_id)\napp\\core\\error_handlers.py:85: in handle_exception\n    return self._handle_pydantic_validation_error(exc, trace_id, request_id)\napp\\core\\error_handlers.py:146: in _handle_pydantic_validation_error\n    timestamp=ErrorDetails().timestamp.isoformat(),\nE   pydantic_core._pydantic_core.ValidationError: 2 validation errors for ErrorDetails\nE   code\nE     Field required [type=missing, input_value={}, input_type=dict]\nE       For further information visit https://errors.pydantic.dev/2.11/v/missing\nE   message\nE     Field required [type=missing, input_value={}, input_type=dict]\nE       For further information visit https://errors.pydantic.dev/2.11/v/missing\n\n------------------------------ Captured log setup ------------------------------\nDEBUG    asyncio:proactor_events.py:634 Using proactor: IocpProactor\n\n----------------------------- Captured stdout call -----------------------------\n2025-08-10 05:57:07.726 | WARNING  | logging:callHandlers:1762 - HTTP exception 500: Agent service failed\n2025-08-10 05:57:07.726 | WARNING  | logging:callHandlers:1762 - Validation error: [&amp;#x27;code: Field required&amp;#x27;, &amp;#x27;message: Field required&amp;#x27;]\n2025-08-10 05:57:07.726 | WARNING  | logging:callHandlers:1762 - Validation error: [&amp;#x27;code: Field required&amp;#x27;, &amp;#x27;message: Field required&amp;#x27;]\n\n------------------------------ Captured log call -------------------------------\nDEBUG    asyncio:proactor_events.py:634 Using proactor: IocpProactor\nWARNING  app.core.error_handlers:error_handlers.py:202 HTTP exception 500: Agent service failed\nWARNING  app.core.error_handlers:error_handlers.py:135 Validation error: [&amp;#x27;code: Field required&amp;#x27;, &amp;#x27;message: Field required&amp;#x27;]\nWARNING  app.core.error_handlers:error_handlers.py:135 Validation error: [&amp;#x27;code: Field required&amp;#x27;, &amp;#x27;message: Field required&amp;#x27;]\n\n&#34;}], &#34;tests/routes/test_agent_route.py::test_start_agent_invalid_request&#34;: [{&#34;extras&#34;: [], &#34;result&#34;: &#34;Passed&#34;, &#34;testId&#34;: &#34;tests/routes/test_agent_route.py::test_start_agent_invalid_request&#34;, &#34;duration&#34;: &#34;9 ms&#34;, &#34;resultsTableRow&#34;: [&#34;&lt;td class=\&#34;col-result\&#34;&gt;Passed&lt;/td&gt;&#34;, &#34;&lt;td class=\&#34;col-testId\&#34;&gt;tests/routes/test_agent_route.py::test_start_agent_invalid_request&lt;/td&gt;&#34;, &#34;&lt;td class=\&#34;col-duration\&#34;&gt;9 ms&lt;/td&gt;&#34;, &#34;&lt;td class=\&#34;col-links\&#34;&gt;&lt;/td&gt;&#34;], &#34;log&#34;: &#34;------------------------------ Captured log setup ------------------------------\nDEBUG    asyncio:proactor_events.py:634 Using proactor: IocpProactor\n\n----------------------------- Captured stdout call -----------------------------\n2025-08-10 05:57:07.940 | INFO     | app.main:log_requests:221 - Request: POST /api/agent/run_agent | Status: 422 | Duration: 0.00ms | Trace: 0e386563-b902-4302-81a1-3309979ccd71\n\n------------------------------ Captured log call -------------------------------\nDEBUG    asyncio:proactor_events.py:634 Using proactor: IocpProactor\n\n&#34;}], &#34;tests/routes/test_generation.py::test_list_clickhouse_tables_success&#34;: [{&#34;extras&#34;: [], &#34;result&#34;: &#34;Failed&#34;, &#34;testId&#34;: &#34;tests/routes/test_generation.py::test_list_clickhouse_tables_success&#34;, &#34;duration&#34;: &#34;6 ms&#34;, &#34;resultsTableRow&#34;: [&#34;&lt;td class=\&#34;col-result\&#34;&gt;Failed&lt;/td&gt;&#34;, &#34;&lt;td class=\&#34;col-testId\&#34;&gt;tests/routes/test_generation.py::test_list_clickhouse_tables_success&lt;/td&gt;&#34;, &#34;&lt;td class=\&#34;col-duration\&#34;&gt;6 ms&lt;/td&gt;&#34;, &#34;&lt;td class=\&#34;col-links\&#34;&gt;&lt;/td&gt;&#34;], &#34;log&#34;: &#34;tests\\routes\\test_generation.py:19: in test_list_clickhouse_tables_success\n    response = client.get(&amp;quot;/api/generation/clickhouse_tables&amp;quot;)\nC:\\Users\\antho\\miniconda3\\Lib\\site-packages\\starlette\\testclient.py:479: in get\n    return super().get(\nC:\\Users\\antho\\miniconda3\\Lib\\site-packages\\httpx\\_client.py:1066: in get\n    return self.request(\nC:\\Users\\antho\\miniconda3\\Lib\\site-packages\\starlette\\testclient.py:451: in request\n    return super().request(\nC:\\Users\\antho\\miniconda3\\Lib\\site-packages\\httpx\\_client.py:837: in request\n    return self.send(request, auth=auth, follow_redirects=follow_redirects)\nC:\\Users\\antho\\miniconda3\\Lib\\site-packages\\httpx\\_client.py:926: in send\n    response = self._send_handling_auth(\nC:\\Users\\antho\\miniconda3\\Lib\\site-packages\\httpx\\_client.py:954: in _send_handling_auth\n    response = self._send_handling_redirects(\nC:\\Users\\antho\\miniconda3\\Lib\\site-packages\\httpx\\_client.py:991: in _send_handling_redirects\n    response = self._send_single_request(request)\nC:\\Users\\antho\\miniconda3\\Lib\\site-packages\\httpx\\_client.py:1027: in _send_single_request\n    response = transport.handle_request(request)\nC:\\Users\\antho\\miniconda3\\Lib\\site-packages\\starlette\\testclient.py:354: in handle_request\n    raise exc\nC:\\Users\\antho\\miniconda3\\Lib\\site-packages\\starlette\\testclient.py:351: in handle_request\n    portal.call(self.app, scope, receive, send)\nC:\\Users\\antho\\AppData\\Roaming\\Python\\Python312\\site-packages\\anyio\\from_thread.py:290: in call\n    return cast(T_Retval, self.start_task_soon(func, *args).result())\nC:\\Users\\antho\\miniconda3\\Lib\\concurrent\\futures\\_base.py:456: in result\n    return self.__get_result()\nC:\\Users\\antho\\miniconda3\\Lib\\concurrent\\futures\\_base.py:401: in __get_result\n    raise self._exception\nC:\\Users\\antho\\AppData\\Roaming\\Python\\Python312\\site-packages\\anyio\\from_thread.py:221: in _call_func\n    retval = await retval_or_awaitable\nC:\\Users\\antho\\AppData\\Roaming\\Python\\Python312\\site-packages\\fastapi\\applications.py:1054: in __call__\n    await super().__call__(scope, receive, send)\nC:\\Users\\antho\\miniconda3\\Lib\\site-packages\\starlette\\applications.py:113: in __call__\n    await self.middleware_stack(scope, receive, send)\nC:\\Users\\antho\\miniconda3\\Lib\\site-packages\\starlette\\middleware\\errors.py:176: in __call__\n    response = await self.handler(request, exc)\napp\\core\\error_handlers.py:337: in general_exception_handler\n    error_response = handle_exception(exc, request)\napp\\core\\error_handlers.py:294: in handle_exception\n    return _error_handler.handle_exception(exc, request, trace_id)\napp\\core\\error_handlers.py:85: in handle_exception\n    return self._handle_pydantic_validation_error(exc, trace_id, request_id)\napp\\core\\error_handlers.py:146: in _handle_pydantic_validation_error\n    timestamp=ErrorDetails().timestamp.isoformat(),\nE   pydantic_core._pydantic_core.ValidationError: 2 validation errors for ErrorDetails\nE   code\nE     Field required [type=missing, input_value={}, input_type=dict]\nE       For further information visit https://errors.pydantic.dev/2.11/v/missing\nE   message\nE     Field required [type=missing, input_value={}, input_type=dict]\nE       For further information visit https://errors.pydantic.dev/2.11/v/missing\n\n------------------------------ Captured log setup ------------------------------\nDEBUG    asyncio:proactor_events.py:634 Using proactor: IocpProactor\n\n----------------------------- Captured stdout call -----------------------------\n2025-08-10 05:57:07.947 | INFO     | app.routes.generation:list_clickhouse_tables:105 - Attempting to list ClickHouse tables.\n2025-08-10 05:57:07.947 | INFO     | app.routes.generation:list_clickhouse_tables:111 - Successfully acquired ClickHouse client.\n2025-08-10 05:57:07.947 | INFO     | app.routes.generation:list_clickhouse_tables:113 - Successfully executed &amp;#x27;SHOW TABLES&amp;#x27; query. Result: [{&amp;#x27;name&amp;#x27;: &amp;#x27;table1&amp;#x27;}, {&amp;#x27;name&amp;#x27;: &amp;#x27;table2&amp;#x27;}]\n2025-08-10 05:57:07.947 | ERROR    | app.routes.generation:list_clickhouse_tables:122 - Failed to fetch tables from ClickHouse: 0\n2025-08-10 05:57:07.947 | WARNING  | logging:callHandlers:1762 - HTTP exception 500: Failed to fetch tables from ClickHouse: 0\n2025-08-10 05:57:07.947 | WARNING  | logging:callHandlers:1762 - Validation error: [&amp;#x27;code: Field required&amp;#x27;, &amp;#x27;message: Field required&amp;#x27;]\n2025-08-10 05:57:07.947 | WARNING  | logging:callHandlers:1762 - Validation error: [&amp;#x27;code: Field required&amp;#x27;, &amp;#x27;message: Field required&amp;#x27;]\n\n------------------------------ Captured log call -------------------------------\nDEBUG    asyncio:proactor_events.py:634 Using proactor: IocpProactor\nWARNING  app.core.error_handlers:error_handlers.py:202 HTTP exception 500: Failed to fetch tables from ClickHouse: 0\nWARNING  app.core.error_handlers:error_handlers.py:135 Validation error: [&amp;#x27;code: Field required&amp;#x27;, &amp;#x27;message: Field required&amp;#x27;]\nWARNING  app.core.error_handlers:error_handlers.py:135 Validation error: [&amp;#x27;code: Field required&amp;#x27;, &amp;#x27;message: Field required&amp;#x27;]\n\n&#34;}], &#34;tests/routes/test_generation.py::test_list_clickhouse_tables_failure&#34;: [{&#34;extras&#34;: [], &#34;result&#34;: &#34;Failed&#34;, &#34;testId&#34;: &#34;tests/routes/test_generation.py::test_list_clickhouse_tables_failure&#34;, &#34;duration&#34;: &#34;5 ms&#34;, &#34;resultsTableRow&#34;: [&#34;&lt;td class=\&#34;col-result\&#34;&gt;Failed&lt;/td&gt;&#34;, &#34;&lt;td class=\&#34;col-testId\&#34;&gt;tests/routes/test_generation.py::test_list_clickhouse_tables_failure&lt;/td&gt;&#34;, &#34;&lt;td class=\&#34;col-duration\&#34;&gt;5 ms&lt;/td&gt;&#34;, &#34;&lt;td class=\&#34;col-links\&#34;&gt;&lt;/td&gt;&#34;], &#34;log&#34;: &#34;tests\\routes\\test_generation.py:29: in test_list_clickhouse_tables_failure\n    response = client.get(&amp;quot;/api/generation/clickhouse_tables&amp;quot;)\nC:\\Users\\antho\\miniconda3\\Lib\\site-packages\\starlette\\testclient.py:479: in get\n    return super().get(\nC:\\Users\\antho\\miniconda3\\Lib\\site-packages\\httpx\\_client.py:1066: in get\n    return self.request(\nC:\\Users\\antho\\miniconda3\\Lib\\site-packages\\starlette\\testclient.py:451: in request\n    return super().request(\nC:\\Users\\antho\\miniconda3\\Lib\\site-packages\\httpx\\_client.py:837: in request\n    return self.send(request, auth=auth, follow_redirects=follow_redirects)\nC:\\Users\\antho\\miniconda3\\Lib\\site-packages\\httpx\\_client.py:926: in send\n    response = self._send_handling_auth(\nC:\\Users\\antho\\miniconda3\\Lib\\site-packages\\httpx\\_client.py:954: in _send_handling_auth\n    response = self._send_handling_redirects(\nC:\\Users\\antho\\miniconda3\\Lib\\site-packages\\httpx\\_client.py:991: in _send_handling_redirects\n    response = self._send_single_request(request)\nC:\\Users\\antho\\miniconda3\\Lib\\site-packages\\httpx\\_client.py:1027: in _send_single_request\n    response = transport.handle_request(request)\nC:\\Users\\antho\\miniconda3\\Lib\\site-packages\\starlette\\testclient.py:354: in handle_request\n    raise exc\nC:\\Users\\antho\\miniconda3\\Lib\\site-packages\\starlette\\testclient.py:351: in handle_request\n    portal.call(self.app, scope, receive, send)\nC:\\Users\\antho\\AppData\\Roaming\\Python\\Python312\\site-packages\\anyio\\from_thread.py:290: in call\n    return cast(T_Retval, self.start_task_soon(func, *args).result())\nC:\\Users\\antho\\miniconda3\\Lib\\concurrent\\futures\\_base.py:456: in result\n    return self.__get_result()\nC:\\Users\\antho\\miniconda3\\Lib\\concurrent\\futures\\_base.py:401: in __get_result\n    raise self._exception\nC:\\Users\\antho\\AppData\\Roaming\\Python\\Python312\\site-packages\\anyio\\from_thread.py:221: in _call_func\n    retval = await retval_or_awaitable\nC:\\Users\\antho\\AppData\\Roaming\\Python\\Python312\\site-packages\\fastapi\\applications.py:1054: in __call__\n    await super().__call__(scope, receive, send)\nC:\\Users\\antho\\miniconda3\\Lib\\site-packages\\starlette\\applications.py:113: in __call__\n    await self.middleware_stack(scope, receive, send)\nC:\\Users\\antho\\miniconda3\\Lib\\site-packages\\starlette\\middleware\\errors.py:176: in __call__\n    response = await self.handler(request, exc)\napp\\core\\error_handlers.py:337: in general_exception_handler\n    error_response = handle_exception(exc, request)\napp\\core\\error_handlers.py:294: in handle_exception\n    return _error_handler.handle_exception(exc, request, trace_id)\napp\\core\\error_handlers.py:85: in handle_exception\n    return self._handle_pydantic_validation_error(exc, trace_id, request_id)\napp\\core\\error_handlers.py:146: in _handle_pydantic_validation_error\n    timestamp=ErrorDetails().timestamp.isoformat(),\nE   pydantic_core._pydantic_core.ValidationError: 2 validation errors for ErrorDetails\nE   code\nE     Field required [type=missing, input_value={}, input_type=dict]\nE       For further information visit https://errors.pydantic.dev/2.11/v/missing\nE   message\nE     Field required [type=missing, input_value={}, input_type=dict]\nE       For further information visit https://errors.pydantic.dev/2.11/v/missing\n\n------------------------------ Captured log setup ------------------------------\nDEBUG    asyncio:proactor_events.py:634 Using proactor: IocpProactor\n\n----------------------------- Captured stdout call -----------------------------\n2025-08-10 05:57:08.056 | INFO     | app.routes.generation:list_clickhouse_tables:105 - Attempting to list ClickHouse tables.\n2025-08-10 05:57:08.056 | ERROR    | app.routes.generation:list_clickhouse_tables:122 - Failed to fetch tables from ClickHouse: Failed to connect\n2025-08-10 05:57:08.056 | WARNING  | logging:callHandlers:1762 - HTTP exception 500: Failed to fetch tables from ClickHouse: Failed to connect\n2025-08-10 05:57:08.056 | WARNING  | logging:callHandlers:1762 - Validation error: [&amp;#x27;code: Field required&amp;#x27;, &amp;#x27;message: Field required&amp;#x27;]\n2025-08-10 05:57:08.056 | WARNING  | logging:callHandlers:1762 - Validation error: [&amp;#x27;code: Field required&amp;#x27;, &amp;#x27;message: Field required&amp;#x27;]\n\n------------------------------ Captured log call -------------------------------\nDEBUG    asyncio:proactor_events.py:634 Using proactor: IocpProactor\nWARNING  app.core.error_handlers:error_handlers.py:202 HTTP exception 500: Failed to fetch tables from ClickHouse: Failed to connect\nWARNING  app.core.error_handlers:error_handlers.py:135 Validation error: [&amp;#x27;code: Field required&amp;#x27;, &amp;#x27;message: Field required&amp;#x27;]\nWARNING  app.core.error_handlers:error_handlers.py:135 Validation error: [&amp;#x27;code: Field required&amp;#x27;, &amp;#x27;message: Field required&amp;#x27;]\n\n&#34;}], &#34;tests/services/agents/test_sub_agents.py::test_triage_sub_agent&#34;: [{&#34;extras&#34;: [], &#34;result&#34;: &#34;Failed&#34;, &#34;testId&#34;: &#34;tests/services/agents/test_sub_agents.py::test_triage_sub_agent&#34;, &#34;duration&#34;: &#34;3 ms&#34;, &#34;resultsTableRow&#34;: [&#34;&lt;td class=\&#34;col-result\&#34;&gt;Failed&lt;/td&gt;&#34;, &#34;&lt;td class=\&#34;col-testId\&#34;&gt;tests/services/agents/test_sub_agents.py::test_triage_sub_agent&lt;/td&gt;&#34;, &#34;&lt;td class=\&#34;col-duration\&#34;&gt;3 ms&lt;/td&gt;&#34;, &#34;&lt;td class=\&#34;col-links\&#34;&gt;&lt;/td&gt;&#34;], &#34;log&#34;: &#34;tests\\services\\agents\\test_sub_agents.py:30: in test_triage_sub_agent\n    agent = TriageSubAgent(mock_llm_manager)\nE   TypeError: TriageSubAgent.__init__() missing 1 required positional argument: &amp;#x27;tool_dispatcher&amp;#x27;\n\n------------------------------ Captured log setup ------------------------------\nDEBUG    asyncio:proactor_events.py:634 Using proactor: IocpProactor\n&#34;}], &#34;tests/services/agents/test_sub_agents.py::test_data_sub_agent&#34;: [{&#34;extras&#34;: [], &#34;result&#34;: &#34;Failed&#34;, &#34;testId&#34;: &#34;tests/services/agents/test_sub_agents.py::test_data_sub_agent&#34;, &#34;duration&#34;: &#34;2 ms&#34;, &#34;resultsTableRow&#34;: [&#34;&lt;td class=\&#34;col-result\&#34;&gt;Failed&lt;/td&gt;&#34;, &#34;&lt;td class=\&#34;col-testId\&#34;&gt;tests/services/agents/test_sub_agents.py::test_data_sub_agent&lt;/td&gt;&#34;, &#34;&lt;td class=\&#34;col-duration\&#34;&gt;2 ms&lt;/td&gt;&#34;, &#34;&lt;td class=\&#34;col-links\&#34;&gt;&lt;/td&gt;&#34;], &#34;log&#34;: &#34;tests\\services\\agents\\test_sub_agents.py:39: in test_data_sub_agent\n    agent = DataSubAgent(mock_llm_manager)\nE   TypeError: DataSubAgent.__init__() missing 1 required positional argument: &amp;#x27;tool_dispatcher&amp;#x27;\n\n------------------------------ Captured log setup ------------------------------\nDEBUG    asyncio:proactor_events.py:634 Using proactor: IocpProactor\n&#34;}], &#34;tests/services/agents/test_sub_agents.py::test_optimizations_core_sub_agent&#34;: [{&#34;extras&#34;: [], &#34;result&#34;: &#34;Failed&#34;, &#34;testId&#34;: &#34;tests/services/agents/test_sub_agents.py::test_optimizations_core_sub_agent&#34;, &#34;duration&#34;: &#34;2 ms&#34;, &#34;resultsTableRow&#34;: [&#34;&lt;td class=\&#34;col-result\&#34;&gt;Failed&lt;/td&gt;&#34;, &#34;&lt;td class=\&#34;col-testId\&#34;&gt;tests/services/agents/test_sub_agents.py::test_optimizations_core_sub_agent&lt;/td&gt;&#34;, &#34;&lt;td class=\&#34;col-duration\&#34;&gt;2 ms&lt;/td&gt;&#34;, &#34;&lt;td class=\&#34;col-links\&#34;&gt;&lt;/td&gt;&#34;], &#34;log&#34;: &#34;tests\\services\\agents\\test_sub_agents.py:47: in test_optimizations_core_sub_agent\n    agent = OptimizationsCoreSubAgent(mock_llm_manager)\nE   TypeError: OptimizationsCoreSubAgent.__init__() missing 1 required positional argument: &amp;#x27;tool_dispatcher&amp;#x27;\n\n------------------------------ Captured log setup ------------------------------\nDEBUG    asyncio:proactor_events.py:634 Using proactor: IocpProactor\n&#34;}], &#34;tests/services/agents/test_sub_agents.py::test_actions_to_meet_goals_sub_agent&#34;: [{&#34;extras&#34;: [], &#34;result&#34;: &#34;Failed&#34;, &#34;testId&#34;: &#34;tests/services/agents/test_sub_agents.py::test_actions_to_meet_goals_sub_agent&#34;, &#34;duration&#34;: &#34;3 ms&#34;, &#34;resultsTableRow&#34;: [&#34;&lt;td class=\&#34;col-result\&#34;&gt;Failed&lt;/td&gt;&#34;, &#34;&lt;td class=\&#34;col-testId\&#34;&gt;tests/services/agents/test_sub_agents.py::test_actions_to_meet_goals_sub_agent&lt;/td&gt;&#34;, &#34;&lt;td class=\&#34;col-duration\&#34;&gt;3 ms&lt;/td&gt;&#34;, &#34;&lt;td class=\&#34;col-links\&#34;&gt;&lt;/td&gt;&#34;], &#34;log&#34;: &#34;tests\\services\\agents\\test_sub_agents.py:55: in test_actions_to_meet_goals_sub_agent\n    agent = ActionsToMeetGoalsSubAgent(mock_llm_manager)\nE   TypeError: ActionsToMeetGoalsSubAgent.__init__() missing 1 required positional argument: &amp;#x27;tool_dispatcher&amp;#x27;\n\n------------------------------ Captured log setup ------------------------------\nDEBUG    asyncio:proactor_events.py:634 Using proactor: IocpProactor\n&#34;}], &#34;tests/services/agents/test_sub_agents.py::test_reporting_sub_agent&#34;: [{&#34;extras&#34;: [], &#34;result&#34;: &#34;Failed&#34;, &#34;testId&#34;: &#34;tests/services/agents/test_sub_agents.py::test_reporting_sub_agent&#34;, &#34;duration&#34;: &#34;2 ms&#34;, &#34;resultsTableRow&#34;: [&#34;&lt;td class=\&#34;col-result\&#34;&gt;Failed&lt;/td&gt;&#34;, &#34;&lt;td class=\&#34;col-testId\&#34;&gt;tests/services/agents/test_sub_agents.py::test_reporting_sub_agent&lt;/td&gt;&#34;, &#34;&lt;td class=\&#34;col-duration\&#34;&gt;2 ms&lt;/td&gt;&#34;, &#34;&lt;td class=\&#34;col-links\&#34;&gt;&lt;/td&gt;&#34;], &#34;log&#34;: &#34;tests\\services\\agents\\test_sub_agents.py:63: in test_reporting_sub_agent\n    agent = ReportingSubAgent(mock_llm_manager)\nE   TypeError: ReportingSubAgent.__init__() missing 1 required positional argument: &amp;#x27;tool_dispatcher&amp;#x27;\n\n------------------------------ Captured log setup ------------------------------\nDEBUG    asyncio:proactor_events.py:634 Using proactor: IocpProactor\n&#34;}], &#34;tests/services/agents/test_supervisor_logic.py::test_supervisor_logic&#34;: [{&#34;extras&#34;: [], &#34;result&#34;: &#34;Failed&#34;, &#34;testId&#34;: &#34;tests/services/agents/test_supervisor_logic.py::test_supervisor_logic&#34;, &#34;duration&#34;: &#34;2 ms&#34;, &#34;resultsTableRow&#34;: [&#34;&lt;td class=\&#34;col-result\&#34;&gt;Failed&lt;/td&gt;&#34;, &#34;&lt;td class=\&#34;col-testId\&#34;&gt;tests/services/agents/test_supervisor_logic.py::test_supervisor_logic&lt;/td&gt;&#34;, &#34;&lt;td class=\&#34;col-duration\&#34;&gt;2 ms&lt;/td&gt;&#34;, &#34;&lt;td class=\&#34;col-links\&#34;&gt;&lt;/td&gt;&#34;], &#34;log&#34;: &#34;tests\\services\\agents\\test_supervisor_logic.py:24: in test_supervisor_logic\n    supervisor = Supervisor(db_session, mock_llm_manager, mock_manager)\nE   TypeError: Supervisor.__init__() missing 1 required positional argument: &amp;#x27;tool_dispatcher&amp;#x27;\n\n------------------------------ Captured log setup ------------------------------\nDEBUG    asyncio:proactor_events.py:634 Using proactor: IocpProactor\n&#34;}], &#34;tests/test_api_endpoints.py::test_health_check&#34;: [{&#34;extras&#34;: [], &#34;result&#34;: &#34;Failed&#34;, &#34;testId&#34;: &#34;tests/test_api_endpoints.py::test_health_check&#34;, &#34;duration&#34;: &#34;9 ms&#34;, &#34;resultsTableRow&#34;: [&#34;&lt;td class=\&#34;col-result\&#34;&gt;Failed&lt;/td&gt;&#34;, &#34;&lt;td class=\&#34;col-testId\&#34;&gt;tests/test_api_endpoints.py::test_health_check&lt;/td&gt;&#34;, &#34;&lt;td class=\&#34;col-duration\&#34;&gt;9 ms&lt;/td&gt;&#34;, &#34;&lt;td class=\&#34;col-links\&#34;&gt;&lt;/td&gt;&#34;], &#34;log&#34;: &#34;tests\\test_api_endpoints.py:13: in test_health_check\n    assert response.status_code == 200\nE   assert 404 == 200\nE    +  where 404 = &amp;lt;Response [404 Not Found]&amp;gt;.status_code\n\n------------------------------ Captured log setup ------------------------------\nDEBUG    asyncio:proactor_events.py:634 Using proactor: IocpProactor\n\n------------------------------ Captured log call -------------------------------\nDEBUG    asyncio:proactor_events.py:634 Using proactor: IocpProactor\n\n&#34;}], &#34;tests/test_api_endpoints.py::test_create_thread_endpoint&#34;: [{&#34;extras&#34;: [], &#34;result&#34;: &#34;Failed&#34;, &#34;testId&#34;: &#34;tests/test_api_endpoints.py::test_create_thread_endpoint&#34;, &#34;duration&#34;: &#34;8 ms&#34;, &#34;resultsTableRow&#34;: [&#34;&lt;td class=\&#34;col-result\&#34;&gt;Failed&lt;/td&gt;&#34;, &#34;&lt;td class=\&#34;col-testId\&#34;&gt;tests/test_api_endpoints.py::test_create_thread_endpoint&lt;/td&gt;&#34;, &#34;&lt;td class=\&#34;col-duration\&#34;&gt;8 ms&lt;/td&gt;&#34;, &#34;&lt;td class=\&#34;col-links\&#34;&gt;&lt;/td&gt;&#34;], &#34;log&#34;: &#34;tests\\test_api_endpoints.py:29: in test_create_thread_endpoint\n    with patch(&amp;quot;app.services.agent_service.AgentService.create_thread&amp;quot;) as mock_create:\nC:\\Users\\antho\\miniconda3\\Lib\\unittest\\mock.py:1458: in __enter__\n    original, local = self.get_original()\nC:\\Users\\antho\\miniconda3\\Lib\\unittest\\mock.py:1431: in get_original\n    raise AttributeError(\nE   AttributeError: &amp;lt;class &amp;#x27;app.services.agent_service.AgentService&amp;#x27;&amp;gt; does not have the attribute &amp;#x27;create_thread&amp;#x27;\n\n------------------------------ Captured log setup ------------------------------\nDEBUG    asyncio:proactor_events.py:634 Using proactor: IocpProactor\n&#34;}], &#34;tests/test_api_endpoints.py::test_get_thread_endpoint&#34;: [{&#34;extras&#34;: [], &#34;result&#34;: &#34;Failed&#34;, &#34;testId&#34;: &#34;tests/test_api_endpoints.py::test_get_thread_endpoint&#34;, &#34;duration&#34;: &#34;6 ms&#34;, &#34;resultsTableRow&#34;: [&#34;&lt;td class=\&#34;col-result\&#34;&gt;Failed&lt;/td&gt;&#34;, &#34;&lt;td class=\&#34;col-testId\&#34;&gt;tests/test_api_endpoints.py::test_get_thread_endpoint&lt;/td&gt;&#34;, &#34;&lt;td class=\&#34;col-duration\&#34;&gt;6 ms&lt;/td&gt;&#34;, &#34;&lt;td class=\&#34;col-links\&#34;&gt;&lt;/td&gt;&#34;], &#34;log&#34;: &#34;tests\\test_api_endpoints.py:55: in test_get_thread_endpoint\n    with patch(&amp;quot;app.services.agent_service.AgentService.get_thread&amp;quot;) as mock_get:\nC:\\Users\\antho\\miniconda3\\Lib\\unittest\\mock.py:1458: in __enter__\n    original, local = self.get_original()\nC:\\Users\\antho\\miniconda3\\Lib\\unittest\\mock.py:1431: in get_original\n    raise AttributeError(\nE   AttributeError: &amp;lt;class &amp;#x27;app.services.agent_service.AgentService&amp;#x27;&amp;gt; does not have the attribute &amp;#x27;get_thread&amp;#x27;\n\n------------------------------ Captured log setup ------------------------------\nDEBUG    asyncio:proactor_events.py:634 Using proactor: IocpProactor\n&#34;}], &#34;tests/test_api_endpoints.py::test_list_threads_endpoint&#34;: [{&#34;extras&#34;: [], &#34;result&#34;: &#34;Failed&#34;, &#34;testId&#34;: &#34;tests/test_api_endpoints.py::test_list_threads_endpoint&#34;, &#34;duration&#34;: &#34;5 ms&#34;, &#34;resultsTableRow&#34;: [&#34;&lt;td class=\&#34;col-result\&#34;&gt;Failed&lt;/td&gt;&#34;, &#34;&lt;td class=\&#34;col-testId\&#34;&gt;tests/test_api_endpoints.py::test_list_threads_endpoint&lt;/td&gt;&#34;, &#34;&lt;td class=\&#34;col-duration\&#34;&gt;5 ms&lt;/td&gt;&#34;, &#34;&lt;td class=\&#34;col-links\&#34;&gt;&lt;/td&gt;&#34;], &#34;log&#34;: &#34;tests\\test_api_endpoints.py:76: in test_list_threads_endpoint\n    with patch(&amp;quot;app.services.agent_service.AgentService.list_threads&amp;quot;) as mock_list:\nC:\\Users\\antho\\miniconda3\\Lib\\unittest\\mock.py:1458: in __enter__\n    original, local = self.get_original()\nC:\\Users\\antho\\miniconda3\\Lib\\unittest\\mock.py:1431: in get_original\n    raise AttributeError(\nE   AttributeError: &amp;lt;class &amp;#x27;app.services.agent_service.AgentService&amp;#x27;&amp;gt; does not have the attribute &amp;#x27;list_threads&amp;#x27;\n\n------------------------------ Captured log setup ------------------------------\nDEBUG    asyncio:proactor_events.py:634 Using proactor: IocpProactor\n&#34;}], &#34;tests/test_api_endpoints.py::test_create_message_endpoint&#34;: [{&#34;extras&#34;: [], &#34;result&#34;: &#34;Failed&#34;, &#34;testId&#34;: &#34;tests/test_api_endpoints.py::test_create_message_endpoint&#34;, &#34;duration&#34;: &#34;10 ms&#34;, &#34;resultsTableRow&#34;: [&#34;&lt;td class=\&#34;col-result\&#34;&gt;Failed&lt;/td&gt;&#34;, &#34;&lt;td class=\&#34;col-testId\&#34;&gt;tests/test_api_endpoints.py::test_create_message_endpoint&lt;/td&gt;&#34;, &#34;&lt;td class=\&#34;col-duration\&#34;&gt;10 ms&lt;/td&gt;&#34;, &#34;&lt;td class=\&#34;col-links\&#34;&gt;&lt;/td&gt;&#34;], &#34;log&#34;: &#34;tests\\test_api_endpoints.py:102: in test_create_message_endpoint\n    with patch(&amp;quot;app.services.agent_service.AgentService.create_message&amp;quot;) as mock_create:\nC:\\Users\\antho\\miniconda3\\Lib\\unittest\\mock.py:1458: in __enter__\n    original, local = self.get_original()\nC:\\Users\\antho\\miniconda3\\Lib\\unittest\\mock.py:1431: in get_original\n    raise AttributeError(\nE   AttributeError: &amp;lt;class &amp;#x27;app.services.agent_service.AgentService&amp;#x27;&amp;gt; does not have the attribute &amp;#x27;create_message&amp;#x27;\n\n------------------------------ Captured log setup ------------------------------\nDEBUG    asyncio:proactor_events.py:634 Using proactor: IocpProactor\n&#34;}], &#34;tests/test_api_endpoints.py::test_list_messages_endpoint&#34;: [{&#34;extras&#34;: [], &#34;result&#34;: &#34;Failed&#34;, &#34;testId&#34;: &#34;tests/test_api_endpoints.py::test_list_messages_endpoint&#34;, &#34;duration&#34;: &#34;6 ms&#34;, &#34;resultsTableRow&#34;: [&#34;&lt;td class=\&#34;col-result\&#34;&gt;Failed&lt;/td&gt;&#34;, &#34;&lt;td class=\&#34;col-testId\&#34;&gt;tests/test_api_endpoints.py::test_list_messages_endpoint&lt;/td&gt;&#34;, &#34;&lt;td class=\&#34;col-duration\&#34;&gt;6 ms&lt;/td&gt;&#34;, &#34;&lt;td class=\&#34;col-links\&#34;&gt;&lt;/td&gt;&#34;], &#34;log&#34;: &#34;tests\\test_api_endpoints.py:126: in test_list_messages_endpoint\n    with patch(&amp;quot;app.services.agent_service.AgentService.list_messages&amp;quot;) as mock_list:\nC:\\Users\\antho\\miniconda3\\Lib\\unittest\\mock.py:1458: in __enter__\n    original, local = self.get_original()\nC:\\Users\\antho\\miniconda3\\Lib\\unittest\\mock.py:1431: in get_original\n    raise AttributeError(\nE   AttributeError: &amp;lt;class &amp;#x27;app.services.agent_service.AgentService&amp;#x27;&amp;gt; does not have the attribute &amp;#x27;list_messages&amp;#x27;\n\n------------------------------ Captured log setup ------------------------------\nDEBUG    asyncio:proactor_events.py:634 Using proactor: IocpProactor\n&#34;}], &#34;tests/test_api_endpoints.py::test_create_run_endpoint&#34;: [{&#34;extras&#34;: [], &#34;result&#34;: &#34;Failed&#34;, &#34;testId&#34;: &#34;tests/test_api_endpoints.py::test_create_run_endpoint&#34;, &#34;duration&#34;: &#34;8 ms&#34;, &#34;resultsTableRow&#34;: [&#34;&lt;td class=\&#34;col-result\&#34;&gt;Failed&lt;/td&gt;&#34;, &#34;&lt;td class=\&#34;col-testId\&#34;&gt;tests/test_api_endpoints.py::test_create_run_endpoint&lt;/td&gt;&#34;, &#34;&lt;td class=\&#34;col-duration\&#34;&gt;8 ms&lt;/td&gt;&#34;, &#34;&lt;td class=\&#34;col-links\&#34;&gt;&lt;/td&gt;&#34;], &#34;log&#34;: &#34;tests\\test_api_endpoints.py:151: in test_create_run_endpoint\n    with patch(&amp;quot;app.services.agent_service.AgentService.create_run&amp;quot;) as mock_create:\nC:\\Users\\antho\\miniconda3\\Lib\\unittest\\mock.py:1458: in __enter__\n    original, local = self.get_original()\nC:\\Users\\antho\\miniconda3\\Lib\\unittest\\mock.py:1431: in get_original\n    raise AttributeError(\nE   AttributeError: &amp;lt;class &amp;#x27;app.services.agent_service.AgentService&amp;#x27;&amp;gt; does not have the attribute &amp;#x27;create_run&amp;#x27;\n\n------------------------------ Captured log setup ------------------------------\nDEBUG    asyncio:proactor_events.py:634 Using proactor: IocpProactor\n&#34;}], &#34;tests/test_api_endpoints.py::test_get_run_endpoint&#34;: [{&#34;extras&#34;: [], &#34;result&#34;: &#34;Failed&#34;, &#34;testId&#34;: &#34;tests/test_api_endpoints.py::test_get_run_endpoint&#34;, &#34;duration&#34;: &#34;5 ms&#34;, &#34;resultsTableRow&#34;: [&#34;&lt;td class=\&#34;col-result\&#34;&gt;Failed&lt;/td&gt;&#34;, &#34;&lt;td class=\&#34;col-testId\&#34;&gt;tests/test_api_endpoints.py::test_get_run_endpoint&lt;/td&gt;&#34;, &#34;&lt;td class=\&#34;col-duration\&#34;&gt;5 ms&lt;/td&gt;&#34;, &#34;&lt;td class=\&#34;col-links\&#34;&gt;&lt;/td&gt;&#34;], &#34;log&#34;: &#34;tests\\test_api_endpoints.py:176: in test_get_run_endpoint\n    with patch(&amp;quot;app.services.agent_service.AgentService.get_run&amp;quot;) as mock_get:\nC:\\Users\\antho\\miniconda3\\Lib\\unittest\\mock.py:1458: in __enter__\n    original, local = self.get_original()\nC:\\Users\\antho\\miniconda3\\Lib\\unittest\\mock.py:1431: in get_original\n    raise AttributeError(\nE   AttributeError: &amp;lt;class &amp;#x27;app.services.agent_service.AgentService&amp;#x27;&amp;gt; does not have the attribute &amp;#x27;get_run&amp;#x27;\n\n------------------------------ Captured log setup ------------------------------\nDEBUG    asyncio:proactor_events.py:634 Using proactor: IocpProactor\n&#34;}], &#34;tests/test_api_endpoints.py::test_cancel_run_endpoint&#34;: [{&#34;extras&#34;: [], &#34;result&#34;: &#34;Failed&#34;, &#34;testId&#34;: &#34;tests/test_api_endpoints.py::test_cancel_run_endpoint&#34;, &#34;duration&#34;: &#34;11 ms&#34;, &#34;resultsTableRow&#34;: [&#34;&lt;td class=\&#34;col-result\&#34;&gt;Failed&lt;/td&gt;&#34;, &#34;&lt;td class=\&#34;col-testId\&#34;&gt;tests/test_api_endpoints.py::test_cancel_run_endpoint&lt;/td&gt;&#34;, &#34;&lt;td class=\&#34;col-duration\&#34;&gt;11 ms&lt;/td&gt;&#34;, &#34;&lt;td class=\&#34;col-links\&#34;&gt;&lt;/td&gt;&#34;], &#34;log&#34;: &#34;tests\\test_api_endpoints.py:200: in test_cancel_run_endpoint\n    with patch(&amp;quot;app.services.agent_service.AgentService.cancel_run&amp;quot;) as mock_cancel:\nC:\\Users\\antho\\miniconda3\\Lib\\unittest\\mock.py:1458: in __enter__\n    original, local = self.get_original()\nC:\\Users\\antho\\miniconda3\\Lib\\unittest\\mock.py:1431: in get_original\n    raise AttributeError(\nE   AttributeError: &amp;lt;class &amp;#x27;app.services.agent_service.AgentService&amp;#x27;&amp;gt; does not have the attribute &amp;#x27;cancel_run&amp;#x27;\n\n------------------------------ Captured log setup ------------------------------\nDEBUG    asyncio:proactor_events.py:634 Using proactor: IocpProactor\n&#34;}], &#34;tests/test_api_endpoints.py::test_generation_endpoint&#34;: [{&#34;extras&#34;: [], &#34;result&#34;: &#34;Failed&#34;, &#34;testId&#34;: &#34;tests/test_api_endpoints.py::test_generation_endpoint&#34;, &#34;duration&#34;: &#34;7 ms&#34;, &#34;resultsTableRow&#34;: [&#34;&lt;td class=\&#34;col-result\&#34;&gt;Failed&lt;/td&gt;&#34;, &#34;&lt;td class=\&#34;col-testId\&#34;&gt;tests/test_api_endpoints.py::test_generation_endpoint&lt;/td&gt;&#34;, &#34;&lt;td class=\&#34;col-duration\&#34;&gt;7 ms&lt;/td&gt;&#34;, &#34;&lt;td class=\&#34;col-links\&#34;&gt;&lt;/td&gt;&#34;], &#34;log&#34;: &#34;tests\\test_api_endpoints.py:227: in test_generation_endpoint\n    with patch(&amp;quot;app.services.generation_service.GenerationService.generate&amp;quot;) as mock_gen:\nC:\\Users\\antho\\miniconda3\\Lib\\unittest\\mock.py:1442: in __enter__\n    self.target = self.getter()\nC:\\Users\\antho\\miniconda3\\Lib\\pkgutil.py:528: in resolve_name\n    result = getattr(result, p)\nE   AttributeError: module &amp;#x27;app.services.generation_service&amp;#x27; has no attribute &amp;#x27;GenerationService&amp;#x27;\n\n------------------------------ Captured log setup ------------------------------\nDEBUG    asyncio:proactor_events.py:634 Using proactor: IocpProactor\n&#34;}], &#34;tests/test_api_endpoints.py::test_workload_analysis_endpoint&#34;: [{&#34;extras&#34;: [], &#34;result&#34;: &#34;Failed&#34;, &#34;testId&#34;: &#34;tests/test_api_endpoints.py::test_workload_analysis_endpoint&#34;, &#34;duration&#34;: &#34;7 ms&#34;, &#34;resultsTableRow&#34;: [&#34;&lt;td class=\&#34;col-result\&#34;&gt;Failed&lt;/td&gt;&#34;, &#34;&lt;td class=\&#34;col-testId\&#34;&gt;tests/test_api_endpoints.py::test_workload_analysis_endpoint&lt;/td&gt;&#34;, &#34;&lt;td class=\&#34;col-duration\&#34;&gt;7 ms&lt;/td&gt;&#34;, &#34;&lt;td class=\&#34;col-links\&#34;&gt;&lt;/td&gt;&#34;], &#34;log&#34;: &#34;tests\\test_api_endpoints.py:258: in test_workload_analysis_endpoint\n    with patch(&amp;quot;app.services.analysis_service.AnalysisService.analyze_workload&amp;quot;) as mock_analyze:\nC:\\Users\\antho\\miniconda3\\Lib\\unittest\\mock.py:1442: in __enter__\n    self.target = self.getter()\nC:\\Users\\antho\\miniconda3\\Lib\\pkgutil.py:528: in resolve_name\n    result = getattr(result, p)\nE   AttributeError: module &amp;#x27;app.services&amp;#x27; has no attribute &amp;#x27;analysis_service&amp;#x27;\n\n------------------------------ Captured log setup ------------------------------\nDEBUG    asyncio:proactor_events.py:634 Using proactor: IocpProactor\n&#34;}], &#34;tests/test_api_endpoints.py::test_supply_catalog_endpoint&#34;: [{&#34;extras&#34;: [], &#34;result&#34;: &#34;Failed&#34;, &#34;testId&#34;: &#34;tests/test_api_endpoints.py::test_supply_catalog_endpoint&#34;, &#34;duration&#34;: &#34;10 ms&#34;, &#34;resultsTableRow&#34;: [&#34;&lt;td class=\&#34;col-result\&#34;&gt;Failed&lt;/td&gt;&#34;, &#34;&lt;td class=\&#34;col-testId\&#34;&gt;tests/test_api_endpoints.py::test_supply_catalog_endpoint&lt;/td&gt;&#34;, &#34;&lt;td class=\&#34;col-duration\&#34;&gt;10 ms&lt;/td&gt;&#34;, &#34;&lt;td class=\&#34;col-links\&#34;&gt;&lt;/td&gt;&#34;], &#34;log&#34;: &#34;tests\\test_api_endpoints.py:282: in test_supply_catalog_endpoint\n    with patch(&amp;quot;app.services.catalog_service.CatalogService.list_models&amp;quot;) as mock_list:\nC:\\Users\\antho\\miniconda3\\Lib\\unittest\\mock.py:1442: in __enter__\n    self.target = self.getter()\nC:\\Users\\antho\\miniconda3\\Lib\\pkgutil.py:528: in resolve_name\n    result = getattr(result, p)\nE   AttributeError: module &amp;#x27;app.services&amp;#x27; has no attribute &amp;#x27;catalog_service&amp;#x27;\n\n------------------------------ Captured log setup ------------------------------\nDEBUG    asyncio:proactor_events.py:634 Using proactor: IocpProactor\n&#34;}], &#34;tests/test_api_endpoints.py::test_optimization_recommendation_endpoint&#34;: [{&#34;extras&#34;: [], &#34;result&#34;: &#34;Failed&#34;, &#34;testId&#34;: &#34;tests/test_api_endpoints.py::test_optimization_recommendation_endpoint&#34;, &#34;duration&#34;: &#34;7 ms&#34;, &#34;resultsTableRow&#34;: [&#34;&lt;td class=\&#34;col-result\&#34;&gt;Failed&lt;/td&gt;&#34;, &#34;&lt;td class=\&#34;col-testId\&#34;&gt;tests/test_api_endpoints.py::test_optimization_recommendation_endpoint&lt;/td&gt;&#34;, &#34;&lt;td class=\&#34;col-duration\&#34;&gt;7 ms&lt;/td&gt;&#34;, &#34;&lt;td class=\&#34;col-links\&#34;&gt;&lt;/td&gt;&#34;], &#34;log&#34;: &#34;tests\\test_api_endpoints.py:319: in test_optimization_recommendation_endpoint\n    with patch(&amp;quot;app.services.optimization_service.OptimizationService.get_recommendations&amp;quot;) as mock_opt:\nC:\\Users\\antho\\miniconda3\\Lib\\unittest\\mock.py:1442: in __enter__\n    self.target = self.getter()\nC:\\Users\\antho\\miniconda3\\Lib\\pkgutil.py:528: in resolve_name\n    result = getattr(result, p)\nE   AttributeError: module &amp;#x27;app.services&amp;#x27; has no attribute &amp;#x27;optimization_service&amp;#x27;\n\n------------------------------ Captured log setup ------------------------------\nDEBUG    asyncio:proactor_events.py:634 Using proactor: IocpProactor\n&#34;}], &#34;tests/test_api_endpoints.py::test_error_handling_404&#34;: [{&#34;extras&#34;: [], &#34;result&#34;: &#34;Passed&#34;, &#34;testId&#34;: &#34;tests/test_api_endpoints.py::test_error_handling_404&#34;, &#34;duration&#34;: &#34;11 ms&#34;, &#34;resultsTableRow&#34;: [&#34;&lt;td class=\&#34;col-result\&#34;&gt;Passed&lt;/td&gt;&#34;, &#34;&lt;td class=\&#34;col-testId\&#34;&gt;tests/test_api_endpoints.py::test_error_handling_404&lt;/td&gt;&#34;, &#34;&lt;td class=\&#34;col-duration\&#34;&gt;11 ms&lt;/td&gt;&#34;, &#34;&lt;td class=\&#34;col-links\&#34;&gt;&lt;/td&gt;&#34;], &#34;log&#34;: &#34;------------------------------ Captured log setup ------------------------------\nDEBUG    asyncio:proactor_events.py:634 Using proactor: IocpProactor\n\n------------------------------ Captured log call -------------------------------\nDEBUG    asyncio:proactor_events.py:634 Using proactor: IocpProactor\n\n&#34;}], &#34;tests/test_api_endpoints.py::test_error_handling_validation&#34;: [{&#34;extras&#34;: [], &#34;result&#34;: &#34;Failed&#34;, &#34;testId&#34;: &#34;tests/test_api_endpoints.py::test_error_handling_validation&#34;, &#34;duration&#34;: &#34;12 ms&#34;, &#34;resultsTableRow&#34;: [&#34;&lt;td class=\&#34;col-result\&#34;&gt;Failed&lt;/td&gt;&#34;, &#34;&lt;td class=\&#34;col-testId\&#34;&gt;tests/test_api_endpoints.py::test_error_handling_validation&lt;/td&gt;&#34;, &#34;&lt;td class=\&#34;col-duration\&#34;&gt;12 ms&lt;/td&gt;&#34;, &#34;&lt;td class=\&#34;col-links\&#34;&gt;&lt;/td&gt;&#34;], &#34;log&#34;: &#34;tests\\test_api_endpoints.py:367: in test_error_handling_validation\n    assert response.status_code in [400, 422]\nE   assert 404 in [400, 422]\nE    +  where 404 = &amp;lt;Response [404 Not Found]&amp;gt;.status_code\n\n------------------------------ Captured log setup ------------------------------\nDEBUG    asyncio:proactor_events.py:634 Using proactor: IocpProactor\n\n------------------------------ Captured log call -------------------------------\nDEBUG    asyncio:proactor_events.py:634 Using proactor: IocpProactor\n\n&#34;}], &#34;tests/test_api_endpoints.py::test_pagination&#34;: [{&#34;extras&#34;: [], &#34;result&#34;: &#34;Failed&#34;, &#34;testId&#34;: &#34;tests/test_api_endpoints.py::test_pagination&#34;, &#34;duration&#34;: &#34;6 ms&#34;, &#34;resultsTableRow&#34;: [&#34;&lt;td class=\&#34;col-result\&#34;&gt;Failed&lt;/td&gt;&#34;, &#34;&lt;td class=\&#34;col-testId\&#34;&gt;tests/test_api_endpoints.py::test_pagination&lt;/td&gt;&#34;, &#34;&lt;td class=\&#34;col-duration\&#34;&gt;6 ms&lt;/td&gt;&#34;, &#34;&lt;td class=\&#34;col-links\&#34;&gt;&lt;/td&gt;&#34;], &#34;log&#34;: &#34;tests\\test_api_endpoints.py:373: in test_pagination\n    with patch(&amp;quot;app.services.agent_service.AgentService.list_threads&amp;quot;) as mock_list:\nC:\\Users\\antho\\miniconda3\\Lib\\unittest\\mock.py:1458: in __enter__\n    original, local = self.get_original()\nC:\\Users\\antho\\miniconda3\\Lib\\unittest\\mock.py:1431: in get_original\n    raise AttributeError(\nE   AttributeError: &amp;lt;class &amp;#x27;app.services.agent_service.AgentService&amp;#x27;&amp;gt; does not have the attribute &amp;#x27;list_threads&amp;#x27;\n\n------------------------------ Captured log setup ------------------------------\nDEBUG    asyncio:proactor_events.py:634 Using proactor: IocpProactor\n&#34;}], &#34;tests/test_api_endpoints.py::test_rate_limiting&#34;: [{&#34;extras&#34;: [], &#34;result&#34;: &#34;Failed&#34;, &#34;testId&#34;: &#34;tests/test_api_endpoints.py::test_rate_limiting&#34;, &#34;duration&#34;: &#34;150 ms&#34;, &#34;resultsTableRow&#34;: [&#34;&lt;td class=\&#34;col-result\&#34;&gt;Failed&lt;/td&gt;&#34;, &#34;&lt;td class=\&#34;col-testId\&#34;&gt;tests/test_api_endpoints.py::test_rate_limiting&lt;/td&gt;&#34;, &#34;&lt;td class=\&#34;col-duration\&#34;&gt;150 ms&lt;/td&gt;&#34;, &#34;&lt;td class=\&#34;col-links\&#34;&gt;&lt;/td&gt;&#34;], &#34;log&#34;: &#34;tests\\test_api_endpoints.py:397: in test_rate_limiting\n    assert all(status == 200 for status in responses)\nE   assert False\nE    +  where False = all(&amp;lt;generator object test_rate_limiting.&amp;lt;locals&amp;gt;.&amp;lt;genexpr&amp;gt; at 0x000002421F41F510&amp;gt;)\n\n------------------------------ Captured log setup ------------------------------\nDEBUG    asyncio:proactor_events.py:634 Using proactor: IocpProactor\n\n------------------------------ Captured log call -------------------------------\nDEBUG    asyncio:proactor_events.py:634 Using proactor: IocpProactor\nDEBUG    asyncio:proactor_events.py:634 Using proactor: IocpProactor\nDEBUG    asyncio:proactor_events.py:634 Using proactor: IocpProactor\nDEBUG    asyncio:proactor_events.py:634 Using proactor: IocpProactor\nDEBUG    asyncio:proactor_events.py:634 Using proactor: IocpProactor\nDEBUG    asyncio:proactor_events.py:634 Using proactor: IocpProactor\nDEBUG    asyncio:proactor_events.py:634 Using proactor: IocpProactor\nDEBUG    asyncio:proactor_events.py:634 Using proactor: IocpProactor\nDEBUG    asyncio:proactor_events.py:634 Using proactor: IocpProactor\nDEBUG    asyncio:proactor_events.py:634 Using proactor: IocpProactor\n\n&#34;}], &#34;tests/test_api_endpoints.py::test_cors_headers&#34;: [{&#34;extras&#34;: [], &#34;result&#34;: &#34;Failed&#34;, &#34;testId&#34;: &#34;tests/test_api_endpoints.py::test_cors_headers&#34;, &#34;duration&#34;: &#34;16 ms&#34;, &#34;resultsTableRow&#34;: [&#34;&lt;td class=\&#34;col-result\&#34;&gt;Failed&lt;/td&gt;&#34;, &#34;&lt;td class=\&#34;col-testId\&#34;&gt;tests/test_api_endpoints.py::test_cors_headers&lt;/td&gt;&#34;, &#34;&lt;td class=\&#34;col-duration\&#34;&gt;16 ms&lt;/td&gt;&#34;, &#34;&lt;td class=\&#34;col-links\&#34;&gt;&lt;/td&gt;&#34;], &#34;log&#34;: &#34;tests\\test_api_endpoints.py:405: in test_cors_headers\n    assert &amp;quot;access-control-allow-origin&amp;quot; in response.headers\nE   AssertionError: assert &amp;#x27;access-control-allow-origin&amp;#x27; in Headers({&amp;#x27;content-length&amp;#x27;: &amp;#x27;22&amp;#x27;, &amp;#x27;content-type&amp;#x27;: &amp;#x27;application/json&amp;#x27;})\nE    +  where Headers({&amp;#x27;content-length&amp;#x27;: &amp;#x27;22&amp;#x27;, &amp;#x27;content-type&amp;#x27;: &amp;#x27;application/json&amp;#x27;}) = &amp;lt;Response [404 Not Found]&amp;gt;.headers\n\n------------------------------ Captured log setup ------------------------------\nDEBUG    asyncio:proactor_events.py:634 Using proactor: IocpProactor\n\n------------------------------ Captured log call -------------------------------\nDEBUG    asyncio:proactor_events.py:634 Using proactor: IocpProactor\n\n&#34;}], &#34;tests/test_auth.py::test_password_hashing&#34;: [{&#34;extras&#34;: [], &#34;result&#34;: &#34;Passed&#34;, &#34;testId&#34;: &#34;tests/test_auth.py::test_password_hashing&#34;, &#34;duration&#34;: &#34;3 ms&#34;, &#34;resultsTableRow&#34;: [&#34;&lt;td class=\&#34;col-result\&#34;&gt;Passed&lt;/td&gt;&#34;, &#34;&lt;td class=\&#34;col-testId\&#34;&gt;tests/test_auth.py::test_password_hashing&lt;/td&gt;&#34;, &#34;&lt;td class=\&#34;col-duration\&#34;&gt;3 ms&lt;/td&gt;&#34;, &#34;&lt;td class=\&#34;col-links\&#34;&gt;&lt;/td&gt;&#34;], &#34;log&#34;: &#34;------------------------------ Captured log setup ------------------------------\nDEBUG    asyncio:proactor_events.py:634 Using proactor: IocpProactor\n&#34;}], &#34;tests/test_auth.py::test_create_access_token&#34;: [{&#34;extras&#34;: [], &#34;result&#34;: &#34;Passed&#34;, &#34;testId&#34;: &#34;tests/test_auth.py::test_create_access_token&#34;, &#34;duration&#34;: &#34;2 ms&#34;, &#34;resultsTableRow&#34;: [&#34;&lt;td class=\&#34;col-result\&#34;&gt;Passed&lt;/td&gt;&#34;, &#34;&lt;td class=\&#34;col-testId\&#34;&gt;tests/test_auth.py::test_create_access_token&lt;/td&gt;&#34;, &#34;&lt;td class=\&#34;col-duration\&#34;&gt;2 ms&lt;/td&gt;&#34;, &#34;&lt;td class=\&#34;col-links\&#34;&gt;&lt;/td&gt;&#34;], &#34;log&#34;: &#34;------------------------------ Captured log setup ------------------------------\nDEBUG    asyncio:proactor_events.py:634 Using proactor: IocpProactor\n&#34;}], &#34;tests/test_auth.py::test_create_refresh_token&#34;: [{&#34;extras&#34;: [], &#34;result&#34;: &#34;Passed&#34;, &#34;testId&#34;: &#34;tests/test_auth.py::test_create_refresh_token&#34;, &#34;duration&#34;: &#34;3 ms&#34;, &#34;resultsTableRow&#34;: [&#34;&lt;td class=\&#34;col-result\&#34;&gt;Passed&lt;/td&gt;&#34;, &#34;&lt;td class=\&#34;col-testId\&#34;&gt;tests/test_auth.py::test_create_refresh_token&lt;/td&gt;&#34;, &#34;&lt;td class=\&#34;col-duration\&#34;&gt;3 ms&lt;/td&gt;&#34;, &#34;&lt;td class=\&#34;col-links\&#34;&gt;&lt;/td&gt;&#34;], &#34;log&#34;: &#34;------------------------------ Captured log setup ------------------------------\nDEBUG    asyncio:proactor_events.py:634 Using proactor: IocpProactor\n&#34;}], &#34;tests/test_auth.py::test_token_expiration&#34;: [{&#34;extras&#34;: [], &#34;result&#34;: &#34;Failed&#34;, &#34;testId&#34;: &#34;tests/test_auth.py::test_token_expiration&#34;, &#34;duration&#34;: &#34;2 ms&#34;, &#34;resultsTableRow&#34;: [&#34;&lt;td class=\&#34;col-result\&#34;&gt;Failed&lt;/td&gt;&#34;, &#34;&lt;td class=\&#34;col-testId\&#34;&gt;tests/test_auth.py::test_token_expiration&lt;/td&gt;&#34;, &#34;&lt;td class=\&#34;col-duration\&#34;&gt;2 ms&lt;/td&gt;&#34;, &#34;&lt;td class=\&#34;col-links\&#34;&gt;&lt;/td&gt;&#34;], &#34;log&#34;: &#34;tests\\test_auth.py:76: in test_token_expiration\n    with patch(&amp;quot;app.auth.auth.datetime&amp;quot;) as mock_datetime:\nC:\\Users\\antho\\miniconda3\\Lib\\unittest\\mock.py:1458: in __enter__\n    original, local = self.get_original()\nC:\\Users\\antho\\miniconda3\\Lib\\unittest\\mock.py:1431: in get_original\n    raise AttributeError(\nE   AttributeError: &amp;lt;module &amp;#x27;app.auth.auth&amp;#x27; from &amp;#x27;C:\\\\Users\\\\antho\\\\OneDrive\\\\Desktop\\\\Netra\\\\netra-core-generation-1\\\\v2\\\\app\\\\auth\\\\auth.py&amp;#x27;&amp;gt; does not have the attribute &amp;#x27;datetime&amp;#x27;\n\n------------------------------ Captured log setup ------------------------------\nDEBUG    asyncio:proactor_events.py:634 Using proactor: IocpProactor\n&#34;}], &#34;tests/test_auth.py::test_invalid_token&#34;: [{&#34;extras&#34;: [], &#34;result&#34;: &#34;Passed&#34;, &#34;testId&#34;: &#34;tests/test_auth.py::test_invalid_token&#34;, &#34;duration&#34;: &#34;7 ms&#34;, &#34;resultsTableRow&#34;: [&#34;&lt;td class=\&#34;col-result\&#34;&gt;Passed&lt;/td&gt;&#34;, &#34;&lt;td class=\&#34;col-testId\&#34;&gt;tests/test_auth.py::test_invalid_token&lt;/td&gt;&#34;, &#34;&lt;td class=\&#34;col-duration\&#34;&gt;7 ms&lt;/td&gt;&#34;, &#34;&lt;td class=\&#34;col-links\&#34;&gt;&lt;/td&gt;&#34;], &#34;log&#34;: &#34;------------------------------ Captured log setup ------------------------------\nDEBUG    asyncio:proactor_events.py:634 Using proactor: IocpProactor\n&#34;}], &#34;tests/test_auth.py::test_user_registration&#34;: [{&#34;extras&#34;: [], &#34;result&#34;: &#34;Error&#34;, &#34;testId&#34;: &#34;tests/test_auth.py::test_user_registration::setup&#34;, &#34;duration&#34;: &#34;5 ms&#34;, &#34;resultsTableRow&#34;: [&#34;&lt;td class=\&#34;col-result\&#34;&gt;Error&lt;/td&gt;&#34;, &#34;&lt;td class=\&#34;col-testId\&#34;&gt;tests/test_auth.py::test_user_registration::setup&lt;/td&gt;&#34;, &#34;&lt;td class=\&#34;col-duration\&#34;&gt;5 ms&lt;/td&gt;&#34;, &#34;&lt;td class=\&#34;col-links\&#34;&gt;&lt;/td&gt;&#34;], &#34;log&#34;: &#34;file C:\\Users\\antho\\OneDrive\\Desktop\\Netra\\netra-core-generation-1\\v2\\tests\\test_auth.py, line 93\n  @pytest.mark.asyncio\n  async def test_user_registration(client, async_session):\n      &amp;quot;&amp;quot;&amp;quot;Test user registration endpoint&amp;quot;&amp;quot;&amp;quot;\n      user_data = {\n          &amp;quot;email&amp;quot;: &amp;quot;newuser@example.com&amp;quot;,\n          &amp;quot;password&amp;quot;: &amp;quot;SecurePassword123!&amp;quot;,\n          &amp;quot;full_name&amp;quot;: &amp;quot;New User&amp;quot;\n      }\n\n      with patch(&amp;quot;app.routes.auth.get_async_session&amp;quot;) as mock_session:\n          mock_session.return_value.__aenter__.return_value = async_session\n\n          response = client.post(&amp;quot;/api/auth/register&amp;quot;, json=user_data)\n\n          assert response.status_code == 201\n          data = response.json()\n          assert data[&amp;quot;email&amp;quot;] == user_data[&amp;quot;email&amp;quot;]\n          assert &amp;quot;id&amp;quot; in data\n          assert &amp;quot;password&amp;quot; not in data\nE       fixture &amp;#x27;async_session&amp;#x27; not found\n&amp;gt;       available fixtures: _class_scoped_runner, _function_scoped_runner, _module_scoped_runner, _package_scoped_runner, _session_faker, _session_scoped_runner, anyio_backend, anyio_backend_name, anyio_backend_options, app, auth_headers, cache, capfd, capfdbinary, caplog, capsys, capsysbinary, class_mocker, client, cov, doctest_namespace, event_loop, event_loop_policy, extra, extras, faker, free_tcp_port, free_tcp_port_factory, free_udp_port, free_udp_port_factory, include_metadata_in_junit_xml, metadata, mock_agent_service, mock_agent_supervisor, mock_background_task_manager, mock_clickhouse_client, mock_key_manager, mock_llm_manager, mock_redis_manager, mock_security_service, mock_tool_dispatcher, mock_websocket_manager, mocker, module_mocker, monkeypatch, no_cover, package_mocker, pytestconfig, record_property, record_testsuite_property, record_xml_attribute, recwarn, sample_data, session_mocker, test_user, testrun_uid, tmp_path, tmp_path_factory, tmpdir, tmpdir_factory, unused_tcp_port, unused_tcp_port_factory, unused_udp_port, unused_udp_port_factory, worker_id\n&amp;gt;       use &amp;#x27;pytest --fixtures [testpath]&amp;#x27; for help on them.\n\nC:\\Users\\antho\\OneDrive\\Desktop\\Netra\\netra-core-generation-1\\v2\\tests\\test_auth.py:93\n&#34;}], &#34;tests/test_auth.py::test_user_login_success&#34;: [{&#34;extras&#34;: [], &#34;result&#34;: &#34;Error&#34;, &#34;testId&#34;: &#34;tests/test_auth.py::test_user_login_success::setup&#34;, &#34;duration&#34;: &#34;3 ms&#34;, &#34;resultsTableRow&#34;: [&#34;&lt;td class=\&#34;col-result\&#34;&gt;Error&lt;/td&gt;&#34;, &#34;&lt;td class=\&#34;col-testId\&#34;&gt;tests/test_auth.py::test_user_login_success::setup&lt;/td&gt;&#34;, &#34;&lt;td class=\&#34;col-duration\&#34;&gt;3 ms&lt;/td&gt;&#34;, &#34;&lt;td class=\&#34;col-links\&#34;&gt;&lt;/td&gt;&#34;], &#34;log&#34;: &#34;file C:\\Users\\antho\\OneDrive\\Desktop\\Netra\\netra-core-generation-1\\v2\\tests\\test_auth.py, line 113\n  @pytest.mark.asyncio\n  async def test_user_login_success(client, async_session):\n      &amp;quot;&amp;quot;&amp;quot;Test successful user login&amp;quot;&amp;quot;&amp;quot;\n\n      test_email = &amp;quot;test@example.com&amp;quot;\n      test_password = &amp;quot;password123&amp;quot;\n      hashed_password = hash_password(test_password)\n\n      mock_user = MagicMock()\n      mock_user.id = &amp;quot;user-123&amp;quot;\n      mock_user.email = test_email\n      mock_user.hashed_password = hashed_password\n      mock_user.is_active = True\n\n      with patch(&amp;quot;app.routes.auth.get_async_session&amp;quot;) as mock_session:\n          with patch(&amp;quot;app.routes.auth.authenticate_user&amp;quot;) as mock_auth:\n              mock_auth.return_value = mock_user\n              mock_session.return_value.__aenter__.return_value = async_session\n\n              response = client.post(&amp;quot;/api/auth/login&amp;quot;, data={\n                  &amp;quot;username&amp;quot;: test_email,\n                  &amp;quot;password&amp;quot;: test_password\n              })\n\n              assert response.status_code == 200\n              data = response.json()\n              assert &amp;quot;access_token&amp;quot; in data\n              assert &amp;quot;refresh_token&amp;quot; in data\n              assert data[&amp;quot;token_type&amp;quot;] == &amp;quot;bearer&amp;quot;\nE       fixture &amp;#x27;async_session&amp;#x27; not found\n&amp;gt;       available fixtures: _class_scoped_runner, _function_scoped_runner, _module_scoped_runner, _package_scoped_runner, _session_faker, _session_scoped_runner, anyio_backend, anyio_backend_name, anyio_backend_options, app, auth_headers, cache, capfd, capfdbinary, caplog, capsys, capsysbinary, class_mocker, client, cov, doctest_namespace, event_loop, event_loop_policy, extra, extras, faker, free_tcp_port, free_tcp_port_factory, free_udp_port, free_udp_port_factory, include_metadata_in_junit_xml, metadata, mock_agent_service, mock_agent_supervisor, mock_background_task_manager, mock_clickhouse_client, mock_key_manager, mock_llm_manager, mock_redis_manager, mock_security_service, mock_tool_dispatcher, mock_websocket_manager, mocker, module_mocker, monkeypatch, no_cover, package_mocker, pytestconfig, record_property, record_testsuite_property, record_xml_attribute, recwarn, sample_data, session_mocker, test_user, testrun_uid, tmp_path, tmp_path_factory, tmpdir, tmpdir_factory, unused_tcp_port, unused_tcp_port_factory, unused_udp_port, unused_udp_port_factory, worker_id\n&amp;gt;       use &amp;#x27;pytest --fixtures [testpath]&amp;#x27; for help on them.\n\nC:\\Users\\antho\\OneDrive\\Desktop\\Netra\\netra-core-generation-1\\v2\\tests\\test_auth.py:113\n&#34;}], &#34;tests/test_auth.py::test_user_login_invalid_credentials&#34;: [{&#34;extras&#34;: [], &#34;result&#34;: &#34;Error&#34;, &#34;testId&#34;: &#34;tests/test_auth.py::test_user_login_invalid_credentials::setup&#34;, &#34;duration&#34;: &#34;5 ms&#34;, &#34;resultsTableRow&#34;: [&#34;&lt;td class=\&#34;col-result\&#34;&gt;Error&lt;/td&gt;&#34;, &#34;&lt;td class=\&#34;col-testId\&#34;&gt;tests/test_auth.py::test_user_login_invalid_credentials::setup&lt;/td&gt;&#34;, &#34;&lt;td class=\&#34;col-duration\&#34;&gt;5 ms&lt;/td&gt;&#34;, &#34;&lt;td class=\&#34;col-links\&#34;&gt;&lt;/td&gt;&#34;], &#34;log&#34;: &#34;file C:\\Users\\antho\\OneDrive\\Desktop\\Netra\\netra-core-generation-1\\v2\\tests\\test_auth.py, line 143\n  @pytest.mark.asyncio\n  async def test_user_login_invalid_credentials(client, async_session):\n      &amp;quot;&amp;quot;&amp;quot;Test login with invalid credentials&amp;quot;&amp;quot;&amp;quot;\n\n      with patch(&amp;quot;app.routes.auth.get_async_session&amp;quot;) as mock_session:\n          with patch(&amp;quot;app.routes.auth.authenticate_user&amp;quot;) as mock_auth:\n              mock_auth.return_value = None\n              mock_session.return_value.__aenter__.return_value = async_session\n\n              response = client.post(&amp;quot;/api/auth/login&amp;quot;, data={\n                  &amp;quot;username&amp;quot;: &amp;quot;invalid@example.com&amp;quot;,\n                  &amp;quot;password&amp;quot;: &amp;quot;wrongpassword&amp;quot;\n              })\n\n              assert response.status_code == 401\n              assert &amp;quot;Invalid credentials&amp;quot; in response.json()[&amp;quot;detail&amp;quot;]\nE       fixture &amp;#x27;async_session&amp;#x27; not found\n&amp;gt;       available fixtures: _class_scoped_runner, _function_scoped_runner, _module_scoped_runner, _package_scoped_runner, _session_faker, _session_scoped_runner, anyio_backend, anyio_backend_name, anyio_backend_options, app, auth_headers, cache, capfd, capfdbinary, caplog, capsys, capsysbinary, class_mocker, client, cov, doctest_namespace, event_loop, event_loop_policy, extra, extras, faker, free_tcp_port, free_tcp_port_factory, free_udp_port, free_udp_port_factory, include_metadata_in_junit_xml, metadata, mock_agent_service, mock_agent_supervisor, mock_background_task_manager, mock_clickhouse_client, mock_key_manager, mock_llm_manager, mock_redis_manager, mock_security_service, mock_tool_dispatcher, mock_websocket_manager, mocker, module_mocker, monkeypatch, no_cover, package_mocker, pytestconfig, record_property, record_testsuite_property, record_xml_attribute, recwarn, sample_data, session_mocker, test_user, testrun_uid, tmp_path, tmp_path_factory, tmpdir, tmpdir_factory, unused_tcp_port, unused_tcp_port_factory, unused_udp_port, unused_udp_port_factory, worker_id\n&amp;gt;       use &amp;#x27;pytest --fixtures [testpath]&amp;#x27; for help on them.\n\nC:\\Users\\antho\\OneDrive\\Desktop\\Netra\\netra-core-generation-1\\v2\\tests\\test_auth.py:143\n&#34;}], &#34;tests/test_auth.py::test_user_login_inactive_user&#34;: [{&#34;extras&#34;: [], &#34;result&#34;: &#34;Error&#34;, &#34;testId&#34;: &#34;tests/test_auth.py::test_user_login_inactive_user::setup&#34;, &#34;duration&#34;: &#34;3 ms&#34;, &#34;resultsTableRow&#34;: [&#34;&lt;td class=\&#34;col-result\&#34;&gt;Error&lt;/td&gt;&#34;, &#34;&lt;td class=\&#34;col-testId\&#34;&gt;tests/test_auth.py::test_user_login_inactive_user::setup&lt;/td&gt;&#34;, &#34;&lt;td class=\&#34;col-duration\&#34;&gt;3 ms&lt;/td&gt;&#34;, &#34;&lt;td class=\&#34;col-links\&#34;&gt;&lt;/td&gt;&#34;], &#34;log&#34;: &#34;file C:\\Users\\antho\\OneDrive\\Desktop\\Netra\\netra-core-generation-1\\v2\\tests\\test_auth.py, line 160\n  @pytest.mark.asyncio\n  async def test_user_login_inactive_user(client, async_session):\n      &amp;quot;&amp;quot;&amp;quot;Test login with inactive user account&amp;quot;&amp;quot;&amp;quot;\n\n      mock_user = MagicMock()\n      mock_user.is_active = False\n\n      with patch(&amp;quot;app.routes.auth.get_async_session&amp;quot;) as mock_session:\n          with patch(&amp;quot;app.routes.auth.authenticate_user&amp;quot;) as mock_auth:\n              mock_auth.return_value = mock_user\n              mock_session.return_value.__aenter__.return_value = async_session\n\n              response = client.post(&amp;quot;/api/auth/login&amp;quot;, data={\n                  &amp;quot;username&amp;quot;: &amp;quot;inactive@example.com&amp;quot;,\n                  &amp;quot;password&amp;quot;: &amp;quot;password123&amp;quot;\n              })\n\n              assert response.status_code == 401\nE       fixture &amp;#x27;async_session&amp;#x27; not found\n&amp;gt;       available fixtures: _class_scoped_runner, _function_scoped_runner, _module_scoped_runner, _package_scoped_runner, _session_faker, _session_scoped_runner, anyio_backend, anyio_backend_name, anyio_backend_options, app, auth_headers, cache, capfd, capfdbinary, caplog, capsys, capsysbinary, class_mocker, client, cov, doctest_namespace, event_loop, event_loop_policy, extra, extras, faker, free_tcp_port, free_tcp_port_factory, free_udp_port, free_udp_port_factory, include_metadata_in_junit_xml, metadata, mock_agent_service, mock_agent_supervisor, mock_background_task_manager, mock_clickhouse_client, mock_key_manager, mock_llm_manager, mock_redis_manager, mock_security_service, mock_tool_dispatcher, mock_websocket_manager, mocker, module_mocker, monkeypatch, no_cover, package_mocker, pytestconfig, record_property, record_testsuite_property, record_xml_attribute, recwarn, sample_data, session_mocker, test_user, testrun_uid, tmp_path, tmp_path_factory, tmpdir, tmpdir_factory, unused_tcp_port, unused_tcp_port_factory, unused_udp_port, unused_udp_port_factory, worker_id\n&amp;gt;       use &amp;#x27;pytest --fixtures [testpath]&amp;#x27; for help on them.\n\nC:\\Users\\antho\\OneDrive\\Desktop\\Netra\\netra-core-generation-1\\v2\\tests\\test_auth.py:160\n&#34;}], &#34;tests/test_auth.py::test_get_current_user&#34;: [{&#34;extras&#34;: [], &#34;result&#34;: &#34;Failed&#34;, &#34;testId&#34;: &#34;tests/test_auth.py::test_get_current_user&#34;, &#34;duration&#34;: &#34;8 ms&#34;, &#34;resultsTableRow&#34;: [&#34;&lt;td class=\&#34;col-result\&#34;&gt;Failed&lt;/td&gt;&#34;, &#34;&lt;td class=\&#34;col-testId\&#34;&gt;tests/test_auth.py::test_get_current_user&lt;/td&gt;&#34;, &#34;&lt;td class=\&#34;col-duration\&#34;&gt;8 ms&lt;/td&gt;&#34;, &#34;&lt;td class=\&#34;col-links\&#34;&gt;&lt;/td&gt;&#34;], &#34;log&#34;: &#34;tests\\test_auth.py:183: in test_get_current_user\n    with patch(&amp;quot;app.auth.auth_dependencies.get_active_user&amp;quot;) as mock_get_user:\nC:\\Users\\antho\\miniconda3\\Lib\\unittest\\mock.py:1458: in __enter__\n    original, local = self.get_original()\nC:\\Users\\antho\\miniconda3\\Lib\\unittest\\mock.py:1431: in get_original\n    raise AttributeError(\nE   AttributeError: &amp;lt;module &amp;#x27;app.auth.auth_dependencies&amp;#x27; from &amp;#x27;C:\\\\Users\\\\antho\\\\OneDrive\\\\Desktop\\\\Netra\\\\netra-core-generation-1\\\\v2\\\\app\\\\auth\\\\auth_dependencies.py&amp;#x27;&amp;gt; does not have the attribute &amp;#x27;get_active_user&amp;#x27;\n\n------------------------------ Captured log setup ------------------------------\nDEBUG    asyncio:proactor_events.py:634 Using proactor: IocpProactor\n&#34;}], &#34;tests/test_auth.py::test_refresh_token_endpoint&#34;: [{&#34;extras&#34;: [], &#34;result&#34;: &#34;Failed&#34;, &#34;testId&#34;: &#34;tests/test_auth.py::test_refresh_token_endpoint&#34;, &#34;duration&#34;: &#34;9 ms&#34;, &#34;resultsTableRow&#34;: [&#34;&lt;td class=\&#34;col-result\&#34;&gt;Failed&lt;/td&gt;&#34;, &#34;&lt;td class=\&#34;col-testId\&#34;&gt;tests/test_auth.py::test_refresh_token_endpoint&lt;/td&gt;&#34;, &#34;&lt;td class=\&#34;col-duration\&#34;&gt;9 ms&lt;/td&gt;&#34;, &#34;&lt;td class=\&#34;col-links\&#34;&gt;&lt;/td&gt;&#34;], &#34;log&#34;: &#34;tests\\test_auth.py:199: in test_refresh_token_endpoint\n    with patch(&amp;quot;app.routes.auth.decode_token&amp;quot;) as mock_decode:\nC:\\Users\\antho\\miniconda3\\Lib\\unittest\\mock.py:1458: in __enter__\n    original, local = self.get_original()\nC:\\Users\\antho\\miniconda3\\Lib\\unittest\\mock.py:1431: in get_original\n    raise AttributeError(\nE   AttributeError: &amp;lt;module &amp;#x27;app.routes.auth&amp;#x27; (namespace) from [&amp;#x27;C:\\\\Users\\\\antho\\\\OneDrive\\\\Desktop\\\\Netra\\\\netra-core-generation-1\\\\v2\\\\app\\\\routes\\\\auth&amp;#x27;]&amp;gt; does not have the attribute &amp;#x27;decode_token&amp;#x27;\n\n------------------------------ Captured log setup ------------------------------\nDEBUG    asyncio:proactor_events.py:634 Using proactor: IocpProactor\n&#34;}], &#34;tests/test_auth.py::test_logout&#34;: [{&#34;extras&#34;: [], &#34;result&#34;: &#34;Failed&#34;, &#34;testId&#34;: &#34;tests/test_auth.py::test_logout&#34;, &#34;duration&#34;: &#34;10 ms&#34;, &#34;resultsTableRow&#34;: [&#34;&lt;td class=\&#34;col-result\&#34;&gt;Failed&lt;/td&gt;&#34;, &#34;&lt;td class=\&#34;col-testId\&#34;&gt;tests/test_auth.py::test_logout&lt;/td&gt;&#34;, &#34;&lt;td class=\&#34;col-duration\&#34;&gt;10 ms&lt;/td&gt;&#34;, &#34;&lt;td class=\&#34;col-links\&#34;&gt;&lt;/td&gt;&#34;], &#34;log&#34;: &#34;tests\\test_auth.py:219: in test_logout\n    assert response.status_code == 200\nE   assert 404 == 200\nE    +  where 404 = &amp;lt;Response [404 Not Found]&amp;gt;.status_code\n\n------------------------------ Captured log setup ------------------------------\nDEBUG    asyncio:proactor_events.py:634 Using proactor: IocpProactor\n\n------------------------------ Captured log call -------------------------------\nDEBUG    asyncio:proactor_events.py:634 Using proactor: IocpProactor\n\n&#34;}], &#34;tests/test_auth.py::test_password_reset_request&#34;: [{&#34;extras&#34;: [], &#34;result&#34;: &#34;Error&#34;, &#34;testId&#34;: &#34;tests/test_auth.py::test_password_reset_request::setup&#34;, &#34;duration&#34;: &#34;4 ms&#34;, &#34;resultsTableRow&#34;: [&#34;&lt;td class=\&#34;col-result\&#34;&gt;Error&lt;/td&gt;&#34;, &#34;&lt;td class=\&#34;col-testId\&#34;&gt;tests/test_auth.py::test_password_reset_request::setup&lt;/td&gt;&#34;, &#34;&lt;td class=\&#34;col-duration\&#34;&gt;4 ms&lt;/td&gt;&#34;, &#34;&lt;td class=\&#34;col-links\&#34;&gt;&lt;/td&gt;&#34;], &#34;log&#34;: &#34;file C:\\Users\\antho\\OneDrive\\Desktop\\Netra\\netra-core-generation-1\\v2\\tests\\test_auth.py, line 222\n  @pytest.mark.asyncio\n  async def test_password_reset_request(client, async_session):\n      &amp;quot;&amp;quot;&amp;quot;Test password reset request&amp;quot;&amp;quot;&amp;quot;\n\n      with patch(&amp;quot;app.routes.auth.get_async_session&amp;quot;) as mock_session:\n          with patch(&amp;quot;app.routes.auth.send_password_reset_email&amp;quot;) as mock_send_email:\n              mock_session.return_value.__aenter__.return_value = async_session\n              mock_send_email.return_value = None\n\n              response = client.post(&amp;quot;/api/auth/password-reset-request&amp;quot;, json={\n                  &amp;quot;email&amp;quot;: &amp;quot;test@example.com&amp;quot;\n              })\n\n              assert response.status_code == 200\n              assert &amp;quot;Password reset email sent&amp;quot; in response.json()[&amp;quot;message&amp;quot;]\nE       fixture &amp;#x27;async_session&amp;#x27; not found\n&amp;gt;       available fixtures: _class_scoped_runner, _function_scoped_runner, _module_scoped_runner, _package_scoped_runner, _session_faker, _session_scoped_runner, anyio_backend, anyio_backend_name, anyio_backend_options, app, auth_headers, cache, capfd, capfdbinary, caplog, capsys, capsysbinary, class_mocker, client, cov, doctest_namespace, event_loop, event_loop_policy, extra, extras, faker, free_tcp_port, free_tcp_port_factory, free_udp_port, free_udp_port_factory, include_metadata_in_junit_xml, metadata, mock_agent_service, mock_agent_supervisor, mock_background_task_manager, mock_clickhouse_client, mock_key_manager, mock_llm_manager, mock_redis_manager, mock_security_service, mock_tool_dispatcher, mock_websocket_manager, mocker, module_mocker, monkeypatch, no_cover, package_mocker, pytestconfig, record_property, record_testsuite_property, record_xml_attribute, recwarn, sample_data, session_mocker, test_user, testrun_uid, tmp_path, tmp_path_factory, tmpdir, tmpdir_factory, unused_tcp_port, unused_tcp_port_factory, unused_udp_port, unused_udp_port_factory, worker_id\n&amp;gt;       use &amp;#x27;pytest --fixtures [testpath]&amp;#x27; for help on them.\n\nC:\\Users\\antho\\OneDrive\\Desktop\\Netra\\netra-core-generation-1\\v2\\tests\\test_auth.py:222\n&#34;}], &#34;tests/test_auth.py::test_password_reset_confirm&#34;: [{&#34;extras&#34;: [], &#34;result&#34;: &#34;Error&#34;, &#34;testId&#34;: &#34;tests/test_auth.py::test_password_reset_confirm::setup&#34;, &#34;duration&#34;: &#34;5 ms&#34;, &#34;resultsTableRow&#34;: [&#34;&lt;td class=\&#34;col-result\&#34;&gt;Error&lt;/td&gt;&#34;, &#34;&lt;td class=\&#34;col-testId\&#34;&gt;tests/test_auth.py::test_password_reset_confirm::setup&lt;/td&gt;&#34;, &#34;&lt;td class=\&#34;col-duration\&#34;&gt;5 ms&lt;/td&gt;&#34;, &#34;&lt;td class=\&#34;col-links\&#34;&gt;&lt;/td&gt;&#34;], &#34;log&#34;: &#34;file C:\\Users\\antho\\OneDrive\\Desktop\\Netra\\netra-core-generation-1\\v2\\tests\\test_auth.py, line 238\n  @pytest.mark.asyncio\n  async def test_password_reset_confirm(client, async_session):\n      &amp;quot;&amp;quot;&amp;quot;Test password reset confirmation&amp;quot;&amp;quot;&amp;quot;\n\n      reset_token = create_access_token({&amp;quot;sub&amp;quot;: &amp;quot;test@example.com&amp;quot;, &amp;quot;type&amp;quot;: &amp;quot;password_reset&amp;quot;})\n\n      with patch(&amp;quot;app.routes.auth.get_async_session&amp;quot;) as mock_session:\n          with patch(&amp;quot;app.routes.auth.decode_token&amp;quot;) as mock_decode:\n              mock_session.return_value.__aenter__.return_value = async_session\n              mock_decode.return_value = {&amp;quot;sub&amp;quot;: &amp;quot;test@example.com&amp;quot;, &amp;quot;type&amp;quot;: &amp;quot;password_reset&amp;quot;}\n\n              response = client.post(&amp;quot;/api/auth/password-reset-confirm&amp;quot;, json={\n                  &amp;quot;token&amp;quot;: reset_token,\n                  &amp;quot;new_password&amp;quot;: &amp;quot;NewSecurePassword123!&amp;quot;\n              })\n\n              assert response.status_code == 200\n              assert &amp;quot;Password reset successful&amp;quot; in response.json()[&amp;quot;message&amp;quot;]\nE       fixture &amp;#x27;async_session&amp;#x27; not found\n&amp;gt;       available fixtures: _class_scoped_runner, _function_scoped_runner, _module_scoped_runner, _package_scoped_runner, _session_faker, _session_scoped_runner, anyio_backend, anyio_backend_name, anyio_backend_options, app, auth_headers, cache, capfd, capfdbinary, caplog, capsys, capsysbinary, class_mocker, client, cov, doctest_namespace, event_loop, event_loop_policy, extra, extras, faker, free_tcp_port, free_tcp_port_factory, free_udp_port, free_udp_port_factory, include_metadata_in_junit_xml, metadata, mock_agent_service, mock_agent_supervisor, mock_background_task_manager, mock_clickhouse_client, mock_key_manager, mock_llm_manager, mock_redis_manager, mock_security_service, mock_tool_dispatcher, mock_websocket_manager, mocker, module_mocker, monkeypatch, no_cover, package_mocker, pytestconfig, record_property, record_testsuite_property, record_xml_attribute, recwarn, sample_data, session_mocker, test_user, testrun_uid, tmp_path, tmp_path_factory, tmpdir, tmpdir_factory, unused_tcp_port, unused_tcp_port_factory, unused_udp_port, unused_udp_port_factory, worker_id\n&amp;gt;       use &amp;#x27;pytest --fixtures [testpath]&amp;#x27; for help on them.\n\nC:\\Users\\antho\\OneDrive\\Desktop\\Netra\\netra-core-generation-1\\v2\\tests\\test_auth.py:238\n&#34;}], &#34;tests/test_auth.py::test_unauthorized_access&#34;: [{&#34;extras&#34;: [], &#34;result&#34;: &#34;Failed&#34;, &#34;testId&#34;: &#34;tests/test_auth.py::test_unauthorized_access&#34;, &#34;duration&#34;: &#34;20 ms&#34;, &#34;resultsTableRow&#34;: [&#34;&lt;td class=\&#34;col-result\&#34;&gt;Failed&lt;/td&gt;&#34;, &#34;&lt;td class=\&#34;col-testId\&#34;&gt;tests/test_auth.py::test_unauthorized_access&lt;/td&gt;&#34;, &#34;&lt;td class=\&#34;col-duration\&#34;&gt;20 ms&lt;/td&gt;&#34;, &#34;&lt;td class=\&#34;col-links\&#34;&gt;&lt;/td&gt;&#34;], &#34;log&#34;: &#34;tests\\test_auth.py:263: in test_unauthorized_access\n    assert response.status_code == 401\nE   assert 404 == 401\nE    +  where 404 = &amp;lt;Response [404 Not Found]&amp;gt;.status_code\n\n------------------------------ Captured log setup ------------------------------\nDEBUG    asyncio:proactor_events.py:634 Using proactor: IocpProactor\n\n------------------------------ Captured log call -------------------------------\nDEBUG    asyncio:proactor_events.py:634 Using proactor: IocpProactor\n\n&#34;}], &#34;tests/test_auth.py::test_expired_token_access&#34;: [{&#34;extras&#34;: [], &#34;result&#34;: &#34;Failed&#34;, &#34;testId&#34;: &#34;tests/test_auth.py::test_expired_token_access&#34;, &#34;duration&#34;: &#34;13 ms&#34;, &#34;resultsTableRow&#34;: [&#34;&lt;td class=\&#34;col-result\&#34;&gt;Failed&lt;/td&gt;&#34;, &#34;&lt;td class=\&#34;col-testId\&#34;&gt;tests/test_auth.py::test_expired_token_access&lt;/td&gt;&#34;, &#34;&lt;td class=\&#34;col-duration\&#34;&gt;13 ms&lt;/td&gt;&#34;, &#34;&lt;td class=\&#34;col-links\&#34;&gt;&lt;/td&gt;&#34;], &#34;log&#34;: &#34;tests\\test_auth.py:278: in test_expired_token_access\n    assert response.status_code == 401\nE   assert 404 == 401\nE    +  where 404 = &amp;lt;Response [404 Not Found]&amp;gt;.status_code\n\n------------------------------ Captured log setup ------------------------------\nDEBUG    asyncio:proactor_events.py:634 Using proactor: IocpProactor\n\n------------------------------ Captured log call -------------------------------\nDEBUG    asyncio:proactor_events.py:634 Using proactor: IocpProactor\n\n&#34;}], &#34;tests/test_basic.py::test_environment_setup&#34;: [{&#34;extras&#34;: [], &#34;result&#34;: &#34;Passed&#34;, &#34;testId&#34;: &#34;tests/test_basic.py::test_environment_setup&#34;, &#34;duration&#34;: &#34;1 ms&#34;, &#34;resultsTableRow&#34;: [&#34;&lt;td class=\&#34;col-result\&#34;&gt;Passed&lt;/td&gt;&#34;, &#34;&lt;td class=\&#34;col-testId\&#34;&gt;tests/test_basic.py::test_environment_setup&lt;/td&gt;&#34;, &#34;&lt;td class=\&#34;col-duration\&#34;&gt;1 ms&lt;/td&gt;&#34;, &#34;&lt;td class=\&#34;col-links\&#34;&gt;&lt;/td&gt;&#34;], &#34;log&#34;: &#34;No log output captured.&#34;}], &#34;tests/test_basic.py::test_imports&#34;: [{&#34;extras&#34;: [], &#34;result&#34;: &#34;Passed&#34;, &#34;testId&#34;: &#34;tests/test_basic.py::test_imports&#34;, &#34;duration&#34;: &#34;0 ms&#34;, &#34;resultsTableRow&#34;: [&#34;&lt;td class=\&#34;col-result\&#34;&gt;Passed&lt;/td&gt;&#34;, &#34;&lt;td class=\&#34;col-testId\&#34;&gt;tests/test_basic.py::test_imports&lt;/td&gt;&#34;, &#34;&lt;td class=\&#34;col-duration\&#34;&gt;0 ms&lt;/td&gt;&#34;, &#34;&lt;td class=\&#34;col-links\&#34;&gt;&lt;/td&gt;&#34;], &#34;log&#34;: &#34;No log output captured.&#34;}], &#34;tests/test_basic.py::test_basic_math&#34;: [{&#34;extras&#34;: [], &#34;result&#34;: &#34;Passed&#34;, &#34;testId&#34;: &#34;tests/test_basic.py::test_basic_math&#34;, &#34;duration&#34;: &#34;0 ms&#34;, &#34;resultsTableRow&#34;: [&#34;&lt;td class=\&#34;col-result\&#34;&gt;Passed&lt;/td&gt;&#34;, &#34;&lt;td class=\&#34;col-testId\&#34;&gt;tests/test_basic.py::test_basic_math&lt;/td&gt;&#34;, &#34;&lt;td class=\&#34;col-duration\&#34;&gt;0 ms&lt;/td&gt;&#34;, &#34;&lt;td class=\&#34;col-links\&#34;&gt;&lt;/td&gt;&#34;], &#34;log&#34;: &#34;No log output captured.&#34;}], &#34;tests/test_basic.py::test_string_operations&#34;: [{&#34;extras&#34;: [], &#34;result&#34;: &#34;Passed&#34;, &#34;testId&#34;: &#34;tests/test_basic.py::test_string_operations&#34;, &#34;duration&#34;: &#34;1 ms&#34;, &#34;resultsTableRow&#34;: [&#34;&lt;td class=\&#34;col-result\&#34;&gt;Passed&lt;/td&gt;&#34;, &#34;&lt;td class=\&#34;col-testId\&#34;&gt;tests/test_basic.py::test_string_operations&lt;/td&gt;&#34;, &#34;&lt;td class=\&#34;col-duration\&#34;&gt;1 ms&lt;/td&gt;&#34;, &#34;&lt;td class=\&#34;col-links\&#34;&gt;&lt;/td&gt;&#34;], &#34;log&#34;: &#34;No log output captured.&#34;}], &#34;tests/test_basic.py::test_async_function&#34;: [{&#34;extras&#34;: [], &#34;result&#34;: &#34;Passed&#34;, &#34;testId&#34;: &#34;tests/test_basic.py::test_async_function&#34;, &#34;duration&#34;: &#34;11 ms&#34;, &#34;resultsTableRow&#34;: [&#34;&lt;td class=\&#34;col-result\&#34;&gt;Passed&lt;/td&gt;&#34;, &#34;&lt;td class=\&#34;col-testId\&#34;&gt;tests/test_basic.py::test_async_function&lt;/td&gt;&#34;, &#34;&lt;td class=\&#34;col-duration\&#34;&gt;11 ms&lt;/td&gt;&#34;, &#34;&lt;td class=\&#34;col-links\&#34;&gt;&lt;/td&gt;&#34;], &#34;log&#34;: &#34;------------------------------ Captured log setup ------------------------------\nDEBUG    asyncio:proactor_events.py:634 Using proactor: IocpProactor\n&#34;}], &#34;tests/test_basic.py::test_list_operations&#34;: [{&#34;extras&#34;: [], &#34;result&#34;: &#34;Passed&#34;, &#34;testId&#34;: &#34;tests/test_basic.py::test_list_operations&#34;, &#34;duration&#34;: &#34;1 ms&#34;, &#34;resultsTableRow&#34;: [&#34;&lt;td class=\&#34;col-result\&#34;&gt;Passed&lt;/td&gt;&#34;, &#34;&lt;td class=\&#34;col-testId\&#34;&gt;tests/test_basic.py::test_list_operations&lt;/td&gt;&#34;, &#34;&lt;td class=\&#34;col-duration\&#34;&gt;1 ms&lt;/td&gt;&#34;, &#34;&lt;td class=\&#34;col-links\&#34;&gt;&lt;/td&gt;&#34;], &#34;log&#34;: &#34;No log output captured.&#34;}], &#34;tests/test_basic.py::test_dictionary_operations&#34;: [{&#34;extras&#34;: [], &#34;result&#34;: &#34;Passed&#34;, &#34;testId&#34;: &#34;tests/test_basic.py::test_dictionary_operations&#34;, &#34;duration&#34;: &#34;1 ms&#34;, &#34;resultsTableRow&#34;: [&#34;&lt;td class=\&#34;col-result\&#34;&gt;Passed&lt;/td&gt;&#34;, &#34;&lt;td class=\&#34;col-testId\&#34;&gt;tests/test_basic.py::test_dictionary_operations&lt;/td&gt;&#34;, &#34;&lt;td class=\&#34;col-duration\&#34;&gt;1 ms&lt;/td&gt;&#34;, &#34;&lt;td class=\&#34;col-links\&#34;&gt;&lt;/td&gt;&#34;], &#34;log&#34;: &#34;No log output captured.&#34;}], &#34;tests/test_basic.py::test_exception_handling&#34;: [{&#34;extras&#34;: [], &#34;result&#34;: &#34;Passed&#34;, &#34;testId&#34;: &#34;tests/test_basic.py::test_exception_handling&#34;, &#34;duration&#34;: &#34;1 ms&#34;, &#34;resultsTableRow&#34;: [&#34;&lt;td class=\&#34;col-result\&#34;&gt;Passed&lt;/td&gt;&#34;, &#34;&lt;td class=\&#34;col-testId\&#34;&gt;tests/test_basic.py::test_exception_handling&lt;/td&gt;&#34;, &#34;&lt;td class=\&#34;col-duration\&#34;&gt;1 ms&lt;/td&gt;&#34;, &#34;&lt;td class=\&#34;col-links\&#34;&gt;&lt;/td&gt;&#34;], &#34;log&#34;: &#34;No log output captured.&#34;}], &#34;tests/test_basic.py::test_type_checking&#34;: [{&#34;extras&#34;: [], &#34;result&#34;: &#34;Passed&#34;, &#34;testId&#34;: &#34;tests/test_basic.py::test_type_checking&#34;, &#34;duration&#34;: &#34;1 ms&#34;, &#34;resultsTableRow&#34;: [&#34;&lt;td class=\&#34;col-result\&#34;&gt;Passed&lt;/td&gt;&#34;, &#34;&lt;td class=\&#34;col-testId\&#34;&gt;tests/test_basic.py::test_type_checking&lt;/td&gt;&#34;, &#34;&lt;td class=\&#34;col-duration\&#34;&gt;1 ms&lt;/td&gt;&#34;, &#34;&lt;td class=\&#34;col-links\&#34;&gt;&lt;/td&gt;&#34;], &#34;log&#34;: &#34;No log output captured.&#34;}], &#34;tests/test_basic.py::TestClassBasedTests::test_class_method_1&#34;: [{&#34;extras&#34;: [], &#34;result&#34;: &#34;Passed&#34;, &#34;testId&#34;: &#34;tests/test_basic.py::TestClassBasedTests::test_class_method_1&#34;, &#34;duration&#34;: &#34;0 ms&#34;, &#34;resultsTableRow&#34;: [&#34;&lt;td class=\&#34;col-result\&#34;&gt;Passed&lt;/td&gt;&#34;, &#34;&lt;td class=\&#34;col-testId\&#34;&gt;tests/test_basic.py::TestClassBasedTests::test_class_method_1&lt;/td&gt;&#34;, &#34;&lt;td class=\&#34;col-duration\&#34;&gt;0 ms&lt;/td&gt;&#34;, &#34;&lt;td class=\&#34;col-links\&#34;&gt;&lt;/td&gt;&#34;], &#34;log&#34;: &#34;No log output captured.&#34;}], &#34;tests/test_basic.py::TestClassBasedTests::test_class_method_2&#34;: [{&#34;extras&#34;: [], &#34;result&#34;: &#34;Passed&#34;, &#34;testId&#34;: &#34;tests/test_basic.py::TestClassBasedTests::test_class_method_2&#34;, &#34;duration&#34;: &#34;2 ms&#34;, &#34;resultsTableRow&#34;: [&#34;&lt;td class=\&#34;col-result\&#34;&gt;Passed&lt;/td&gt;&#34;, &#34;&lt;td class=\&#34;col-testId\&#34;&gt;tests/test_basic.py::TestClassBasedTests::test_class_method_2&lt;/td&gt;&#34;, &#34;&lt;td class=\&#34;col-duration\&#34;&gt;2 ms&lt;/td&gt;&#34;, &#34;&lt;td class=\&#34;col-links\&#34;&gt;&lt;/td&gt;&#34;], &#34;log&#34;: &#34;No log output captured.&#34;}], &#34;tests/test_database_integration.py::test_create_user&#34;: [{&#34;extras&#34;: [], &#34;result&#34;: &#34;Error&#34;, &#34;testId&#34;: &#34;tests/test_database_integration.py::test_create_user::setup&#34;, &#34;duration&#34;: &#34;0 ms&#34;, &#34;resultsTableRow&#34;: [&#34;&lt;td class=\&#34;col-result\&#34;&gt;Error&lt;/td&gt;&#34;, &#34;&lt;td class=\&#34;col-testId\&#34;&gt;tests/test_database_integration.py::test_create_user::setup&lt;/td&gt;&#34;, &#34;&lt;td class=\&#34;col-duration\&#34;&gt;0 ms&lt;/td&gt;&#34;, &#34;&lt;td class=\&#34;col-links\&#34;&gt;&lt;/td&gt;&#34;], &#34;log&#34;: &#34;file C:\\Users\\antho\\OneDrive\\Desktop\\Netra\\netra-core-generation-1\\v2\\tests\\test_database_integration.py, line 22\n  @pytest.mark.asyncio\n  async def test_create_user(async_session: AsyncSession):\n      &amp;quot;&amp;quot;&amp;quot;Test creating a user in the database&amp;quot;&amp;quot;&amp;quot;\n\n      user = User(\n          id=str(uuid.uuid4()),\n          email=f&amp;quot;test_{uuid.uuid4().hex[:8]}@example.com&amp;quot;,\n          hashed_password=hash_password(&amp;quot;password123&amp;quot;),\n          full_name=&amp;quot;Test User&amp;quot;,\n          is_active=True,\n          is_superuser=False\n      )\n\n      async_session.add(user)\n      await async_session.commit()\n      await async_session.refresh(user)\n\n      assert user.id is not None\n      assert user.created_at is not None\n\n      result = await async_session.execute(\n          select(User).where(User.id == user.id)\n      )\n      db_user = result.scalar_one()\n\n      assert db_user.email == user.email\n      assert db_user.full_name == &amp;quot;Test User&amp;quot;\nE       fixture &amp;#x27;async_session&amp;#x27; not found\n&amp;gt;       available fixtures: _class_scoped_runner, _function_scoped_runner, _module_scoped_runner, _package_scoped_runner, _session_faker, _session_scoped_runner, anyio_backend, anyio_backend_name, anyio_backend_options, app, auth_headers, cache, capfd, capfdbinary, caplog, capsys, capsysbinary, class_mocker, client, cov, doctest_namespace, event_loop, event_loop_policy, extra, extras, faker, free_tcp_port, free_tcp_port_factory, free_udp_port, free_udp_port_factory, include_metadata_in_junit_xml, metadata, mock_agent_service, mock_agent_supervisor, mock_background_task_manager, mock_clickhouse_client, mock_key_manager, mock_llm_manager, mock_redis_manager, mock_security_service, mock_tool_dispatcher, mock_websocket_manager, mocker, module_mocker, monkeypatch, no_cover, package_mocker, pytestconfig, record_property, record_testsuite_property, record_xml_attribute, recwarn, sample_data, session_mocker, test_user, testrun_uid, tmp_path, tmp_path_factory, tmpdir, tmpdir_factory, unused_tcp_port, unused_tcp_port_factory, unused_udp_port, unused_udp_port_factory, worker_id\n&amp;gt;       use &amp;#x27;pytest --fixtures [testpath]&amp;#x27; for help on them.\n\nC:\\Users\\antho\\OneDrive\\Desktop\\Netra\\netra-core-generation-1\\v2\\tests\\test_database_integration.py:22\n&#34;}], &#34;tests/test_database_integration.py::test_user_uniqueness&#34;: [{&#34;extras&#34;: [], &#34;result&#34;: &#34;Error&#34;, &#34;testId&#34;: &#34;tests/test_database_integration.py::test_user_uniqueness::setup&#34;, &#34;duration&#34;: &#34;0 ms&#34;, &#34;resultsTableRow&#34;: [&#34;&lt;td class=\&#34;col-result\&#34;&gt;Error&lt;/td&gt;&#34;, &#34;&lt;td class=\&#34;col-testId\&#34;&gt;tests/test_database_integration.py::test_user_uniqueness::setup&lt;/td&gt;&#34;, &#34;&lt;td class=\&#34;col-duration\&#34;&gt;0 ms&lt;/td&gt;&#34;, &#34;&lt;td class=\&#34;col-links\&#34;&gt;&lt;/td&gt;&#34;], &#34;log&#34;: &#34;file C:\\Users\\antho\\OneDrive\\Desktop\\Netra\\netra-core-generation-1\\v2\\tests\\test_database_integration.py, line 50\n  @pytest.mark.asyncio\n  async def test_user_uniqueness(async_session: AsyncSession):\n      &amp;quot;&amp;quot;&amp;quot;Test email uniqueness constraint&amp;quot;&amp;quot;&amp;quot;\n\n      email = f&amp;quot;unique_{uuid.uuid4().hex[:8]}@example.com&amp;quot;\n\n      user1 = User(\n          id=str(uuid.uuid4()),\n          email=email,\n          hashed_password=hash_password(&amp;quot;password123&amp;quot;)\n      )\n\n      async_session.add(user1)\n      await async_session.commit()\n\n      user2 = User(\n          id=str(uuid.uuid4()),\n          email=email,\n          hashed_password=hash_password(&amp;quot;password456&amp;quot;)\n      )\n\n      async_session.add(user2)\n\n      with pytest.raises(Exception):\n          await async_session.commit()\nE       fixture &amp;#x27;async_session&amp;#x27; not found\n&amp;gt;       available fixtures: _class_scoped_runner, _function_scoped_runner, _module_scoped_runner, _package_scoped_runner, _session_faker, _session_scoped_runner, anyio_backend, anyio_backend_name, anyio_backend_options, app, auth_headers, cache, capfd, capfdbinary, caplog, capsys, capsysbinary, class_mocker, client, cov, doctest_namespace, event_loop, event_loop_policy, extra, extras, faker, free_tcp_port, free_tcp_port_factory, free_udp_port, free_udp_port_factory, include_metadata_in_junit_xml, metadata, mock_agent_service, mock_agent_supervisor, mock_background_task_manager, mock_clickhouse_client, mock_key_manager, mock_llm_manager, mock_redis_manager, mock_security_service, mock_tool_dispatcher, mock_websocket_manager, mocker, module_mocker, monkeypatch, no_cover, package_mocker, pytestconfig, record_property, record_testsuite_property, record_xml_attribute, recwarn, sample_data, session_mocker, test_user, testrun_uid, tmp_path, tmp_path_factory, tmpdir, tmpdir_factory, unused_tcp_port, unused_tcp_port_factory, unused_udp_port, unused_udp_port_factory, worker_id\n&amp;gt;       use &amp;#x27;pytest --fixtures [testpath]&amp;#x27; for help on them.\n\nC:\\Users\\antho\\OneDrive\\Desktop\\Netra\\netra-core-generation-1\\v2\\tests\\test_database_integration.py:50\n&#34;}], &#34;tests/test_database_integration.py::test_create_thread_with_messages&#34;: [{&#34;extras&#34;: [], &#34;result&#34;: &#34;Error&#34;, &#34;testId&#34;: &#34;tests/test_database_integration.py::test_create_thread_with_messages::setup&#34;, &#34;duration&#34;: &#34;1 ms&#34;, &#34;resultsTableRow&#34;: [&#34;&lt;td class=\&#34;col-result\&#34;&gt;Error&lt;/td&gt;&#34;, &#34;&lt;td class=\&#34;col-testId\&#34;&gt;tests/test_database_integration.py::test_create_thread_with_messages::setup&lt;/td&gt;&#34;, &#34;&lt;td class=\&#34;col-duration\&#34;&gt;1 ms&lt;/td&gt;&#34;, &#34;&lt;td class=\&#34;col-links\&#34;&gt;&lt;/td&gt;&#34;], &#34;log&#34;: &#34;file C:\\Users\\antho\\OneDrive\\Desktop\\Netra\\netra-core-generation-1\\v2\\tests\\test_database_integration.py, line 76\n  @pytest.mark.asyncio\n  async def test_create_thread_with_messages(async_session: AsyncSession):\n      &amp;quot;&amp;quot;&amp;quot;Test creating a thread with associated messages&amp;quot;&amp;quot;&amp;quot;\n\n      thread = Thread(\n          id=str(uuid.uuid4()),\n          object=&amp;quot;thread&amp;quot;,\n          created_at=int(datetime.now().timestamp()),\n          metadata_={&amp;quot;source&amp;quot;: &amp;quot;test&amp;quot;}\n      )\n\n      async_session.add(thread)\n      await async_session.commit()\n\n      messages = []\n      for i in range(3):\n          message = Message(\n              id=str(uuid.uuid4()),\n              object=&amp;quot;thread.message&amp;quot;,\n              created_at=int(datetime.now().timestamp()),\n              thread_id=thread.id,\n              role=&amp;quot;user&amp;quot; if i % 2 == 0 else &amp;quot;assistant&amp;quot;,\n              content=f&amp;quot;Test message {i}&amp;quot;,\n              assistant_id=&amp;quot;netra-assistant&amp;quot; if i % 2 == 1 else None,\n              run_id=None,\n              file_ids=[],\n              metadata_={}\n          )\n          messages.append(message)\n          async_session.add(message)\n\n      await async_session.commit()\n\n      result = await async_session.execute(\n          select(Message).where(Message.thread_id == thread.id)\n      )\n      db_messages = result.scalars().all()\n\n      assert len(db_messages) == 3\n      assert all(msg.thread_id == thread.id for msg in db_messages)\nE       fixture &amp;#x27;async_session&amp;#x27; not found\n&amp;gt;       available fixtures: _class_scoped_runner, _function_scoped_runner, _module_scoped_runner, _package_scoped_runner, _session_faker, _session_scoped_runner, anyio_backend, anyio_backend_name, anyio_backend_options, app, auth_headers, cache, capfd, capfdbinary, caplog, capsys, capsysbinary, class_mocker, client, cov, doctest_namespace, event_loop, event_loop_policy, extra, extras, faker, free_tcp_port, free_tcp_port_factory, free_udp_port, free_udp_port_factory, include_metadata_in_junit_xml, metadata, mock_agent_service, mock_agent_supervisor, mock_background_task_manager, mock_clickhouse_client, mock_key_manager, mock_llm_manager, mock_redis_manager, mock_security_service, mock_tool_dispatcher, mock_websocket_manager, mocker, module_mocker, monkeypatch, no_cover, package_mocker, pytestconfig, record_property, record_testsuite_property, record_xml_attribute, recwarn, sample_data, session_mocker, test_user, testrun_uid, tmp_path, tmp_path_factory, tmpdir, tmpdir_factory, unused_tcp_port, unused_tcp_port_factory, unused_udp_port, unused_udp_port_factory, worker_id\n&amp;gt;       use &amp;#x27;pytest --fixtures [testpath]&amp;#x27; for help on them.\n\nC:\\Users\\antho\\OneDrive\\Desktop\\Netra\\netra-core-generation-1\\v2\\tests\\test_database_integration.py:76\n&#34;}], &#34;tests/test_database_integration.py::test_create_run_with_status_updates&#34;: [{&#34;extras&#34;: [], &#34;result&#34;: &#34;Error&#34;, &#34;testId&#34;: &#34;tests/test_database_integration.py::test_create_run_with_status_updates::setup&#34;, &#34;duration&#34;: &#34;1 ms&#34;, &#34;resultsTableRow&#34;: [&#34;&lt;td class=\&#34;col-result\&#34;&gt;Error&lt;/td&gt;&#34;, &#34;&lt;td class=\&#34;col-testId\&#34;&gt;tests/test_database_integration.py::test_create_run_with_status_updates::setup&lt;/td&gt;&#34;, &#34;&lt;td class=\&#34;col-duration\&#34;&gt;1 ms&lt;/td&gt;&#34;, &#34;&lt;td class=\&#34;col-links\&#34;&gt;&lt;/td&gt;&#34;], &#34;log&#34;: &#34;file C:\\Users\\antho\\OneDrive\\Desktop\\Netra\\netra-core-generation-1\\v2\\tests\\test_database_integration.py, line 117\n  @pytest.mark.asyncio\n  async def test_create_run_with_status_updates(async_session: AsyncSession):\n      &amp;quot;&amp;quot;&amp;quot;Test creating and updating run status&amp;quot;&amp;quot;&amp;quot;\n\n      thread = Thread(\n          id=str(uuid.uuid4()),\n          object=&amp;quot;thread&amp;quot;,\n          created_at=int(datetime.now().timestamp())\n      )\n      async_session.add(thread)\n\n      run = Run(\n          id=str(uuid.uuid4()),\n          object=&amp;quot;thread.run&amp;quot;,\n          created_at=int(datetime.now().timestamp()),\n          thread_id=thread.id,\n          assistant_id=&amp;quot;netra-assistant&amp;quot;,\n          status=&amp;quot;queued&amp;quot;,\n          required_action=None,\n          last_error=None,\n          expires_at=int((datetime.now() + timedelta(hours=1)).timestamp()),\n          started_at=None,\n          cancelled_at=None,\n          failed_at=None,\n          completed_at=None,\n          model=&amp;quot;gpt-4&amp;quot;,\n          instructions=&amp;quot;Test instructions&amp;quot;,\n          tools=[{&amp;quot;type&amp;quot;: &amp;quot;data_analysis&amp;quot;}],\n          file_ids=[],\n          metadata_={}\n      )\n\n      async_session.add(run)\n      await async_session.commit()\n\n      assert run.status == &amp;quot;queued&amp;quot;\n\n      run.status = &amp;quot;in_progress&amp;quot;\n      run.started_at = int(datetime.now().timestamp())\n      await async_session.commit()\n\n      result = await async_session.execute(\n          select(Run).where(Run.id == run.id)\n      )\n      db_run = result.scalar_one()\n\n      assert db_run.status == &amp;quot;in_progress&amp;quot;\n      assert db_run.started_at is not None\nE       fixture &amp;#x27;async_session&amp;#x27; not found\n&amp;gt;       available fixtures: _class_scoped_runner, _function_scoped_runner, _module_scoped_runner, _package_scoped_runner, _session_faker, _session_scoped_runner, anyio_backend, anyio_backend_name, anyio_backend_options, app, auth_headers, cache, capfd, capfdbinary, caplog, capsys, capsysbinary, class_mocker, client, cov, doctest_namespace, event_loop, event_loop_policy, extra, extras, faker, free_tcp_port, free_tcp_port_factory, free_udp_port, free_udp_port_factory, include_metadata_in_junit_xml, metadata, mock_agent_service, mock_agent_supervisor, mock_background_task_manager, mock_clickhouse_client, mock_key_manager, mock_llm_manager, mock_redis_manager, mock_security_service, mock_tool_dispatcher, mock_websocket_manager, mocker, module_mocker, monkeypatch, no_cover, package_mocker, pytestconfig, record_property, record_testsuite_property, record_xml_attribute, recwarn, sample_data, session_mocker, test_user, testrun_uid, tmp_path, tmp_path_factory, tmpdir, tmpdir_factory, unused_tcp_port, unused_tcp_port_factory, unused_udp_port, unused_udp_port_factory, worker_id\n&amp;gt;       use &amp;#x27;pytest --fixtures [testpath]&amp;#x27; for help on them.\n\nC:\\Users\\antho\\OneDrive\\Desktop\\Netra\\netra-core-generation-1\\v2\\tests\\test_database_integration.py:117\n&#34;}], &#34;tests/test_database_integration.py::test_assistant_creation&#34;: [{&#34;extras&#34;: [], &#34;result&#34;: &#34;Error&#34;, &#34;testId&#34;: &#34;tests/test_database_integration.py::test_assistant_creation::setup&#34;, &#34;duration&#34;: &#34;0 ms&#34;, &#34;resultsTableRow&#34;: [&#34;&lt;td class=\&#34;col-result\&#34;&gt;Error&lt;/td&gt;&#34;, &#34;&lt;td class=\&#34;col-testId\&#34;&gt;tests/test_database_integration.py::test_assistant_creation::setup&lt;/td&gt;&#34;, &#34;&lt;td class=\&#34;col-duration\&#34;&gt;0 ms&lt;/td&gt;&#34;, &#34;&lt;td class=\&#34;col-links\&#34;&gt;&lt;/td&gt;&#34;], &#34;log&#34;: &#34;file C:\\Users\\antho\\OneDrive\\Desktop\\Netra\\netra-core-generation-1\\v2\\tests\\test_database_integration.py, line 166\n  @pytest.mark.asyncio\n  async def test_assistant_creation(async_session: AsyncSession):\n      &amp;quot;&amp;quot;&amp;quot;Test creating an assistant&amp;quot;&amp;quot;&amp;quot;\n\n      assistant = Assistant(\n          id=&amp;quot;test-assistant&amp;quot;,\n          object=&amp;quot;assistant&amp;quot;,\n          created_at=int(datetime.now().timestamp()),\n          name=&amp;quot;Test Assistant&amp;quot;,\n          description=&amp;quot;A test assistant&amp;quot;,\n          model=&amp;quot;gpt-4&amp;quot;,\n          instructions=&amp;quot;You are a test assistant&amp;quot;,\n          tools=[\n              {&amp;quot;type&amp;quot;: &amp;quot;data_analysis&amp;quot;},\n              {&amp;quot;type&amp;quot;: &amp;quot;code_interpreter&amp;quot;}\n          ],\n          file_ids=[],\n          metadata_={&amp;quot;version&amp;quot;: &amp;quot;1.0&amp;quot;}\n      )\n\n      async_session.add(assistant)\n      await async_session.commit()\n\n      result = await async_session.execute(\n          select(Assistant).where(Assistant.id == &amp;quot;test-assistant&amp;quot;)\n      )\n      db_assistant = result.scalar_one()\n\n      assert db_assistant.name == &amp;quot;Test Assistant&amp;quot;\n      assert len(db_assistant.tools) == 2\nE       fixture &amp;#x27;async_session&amp;#x27; not found\n&amp;gt;       available fixtures: _class_scoped_runner, _function_scoped_runner, _module_scoped_runner, _package_scoped_runner, _session_faker, _session_scoped_runner, anyio_backend, anyio_backend_name, anyio_backend_options, app, auth_headers, cache, capfd, capfdbinary, caplog, capsys, capsysbinary, class_mocker, client, cov, doctest_namespace, event_loop, event_loop_policy, extra, extras, faker, free_tcp_port, free_tcp_port_factory, free_udp_port, free_udp_port_factory, include_metadata_in_junit_xml, metadata, mock_agent_service, mock_agent_supervisor, mock_background_task_manager, mock_clickhouse_client, mock_key_manager, mock_llm_manager, mock_redis_manager, mock_security_service, mock_tool_dispatcher, mock_websocket_manager, mocker, module_mocker, monkeypatch, no_cover, package_mocker, pytestconfig, record_property, record_testsuite_property, record_xml_attribute, recwarn, sample_data, session_mocker, test_user, testrun_uid, tmp_path, tmp_path_factory, tmpdir, tmpdir_factory, unused_tcp_port, unused_tcp_port_factory, unused_udp_port, unused_udp_port_factory, worker_id\n&amp;gt;       use &amp;#x27;pytest --fixtures [testpath]&amp;#x27; for help on them.\n\nC:\\Users\\antho\\OneDrive\\Desktop\\Netra\\netra-core-generation-1\\v2\\tests\\test_database_integration.py:166\n&#34;}], &#34;tests/test_database_integration.py::test_reference_storage&#34;: [{&#34;extras&#34;: [], &#34;result&#34;: &#34;Error&#34;, &#34;testId&#34;: &#34;tests/test_database_integration.py::test_reference_storage::setup&#34;, &#34;duration&#34;: &#34;0 ms&#34;, &#34;resultsTableRow&#34;: [&#34;&lt;td class=\&#34;col-result\&#34;&gt;Error&lt;/td&gt;&#34;, &#34;&lt;td class=\&#34;col-testId\&#34;&gt;tests/test_database_integration.py::test_reference_storage::setup&lt;/td&gt;&#34;, &#34;&lt;td class=\&#34;col-duration\&#34;&gt;0 ms&lt;/td&gt;&#34;, &#34;&lt;td class=\&#34;col-links\&#34;&gt;&lt;/td&gt;&#34;], &#34;log&#34;: &#34;file C:\\Users\\antho\\OneDrive\\Desktop\\Netra\\netra-core-generation-1\\v2\\tests\\test_database_integration.py, line 197\n  @pytest.mark.asyncio\n  async def test_reference_storage(async_session: AsyncSession):\n      &amp;quot;&amp;quot;&amp;quot;Test storing references for messages&amp;quot;&amp;quot;&amp;quot;\n\n      thread = Thread(\n          id=str(uuid.uuid4()),\n          object=&amp;quot;thread&amp;quot;,\n          created_at=int(datetime.now().timestamp())\n      )\n      async_session.add(thread)\n\n      message = Message(\n          id=str(uuid.uuid4()),\n          object=&amp;quot;thread.message&amp;quot;,\n          created_at=int(datetime.now().timestamp()),\n          thread_id=thread.id,\n          role=&amp;quot;assistant&amp;quot;,\n          content=&amp;quot;Here is the analysis&amp;quot;,\n          assistant_id=&amp;quot;netra-assistant&amp;quot;\n      )\n      async_session.add(message)\n\n      reference = Reference(\n          id=str(uuid.uuid4()),\n          message_id=message.id,\n          file_id=&amp;quot;file-123&amp;quot;,\n          file_name=&amp;quot;analysis.pdf&amp;quot;,\n          file_path=&amp;quot;/data/analysis.pdf&amp;quot;,\n          quote=&amp;quot;Important finding on page 5&amp;quot;,\n          metadata_={&amp;quot;page&amp;quot;: 5, &amp;quot;confidence&amp;quot;: 0.95}\n      )\n      async_session.add(reference)\n\n      await async_session.commit()\n\n      result = await async_session.execute(\n          select(Reference).where(Reference.message_id == message.id)\n      )\n      db_reference = result.scalar_one()\n\n      assert db_reference.file_name == &amp;quot;analysis.pdf&amp;quot;\n      assert db_reference.metadata_[&amp;quot;confidence&amp;quot;] == 0.95\nE       fixture &amp;#x27;async_session&amp;#x27; not found\n&amp;gt;       available fixtures: _class_scoped_runner, _function_scoped_runner, _module_scoped_runner, _package_scoped_runner, _session_faker, _session_scoped_runner, anyio_backend, anyio_backend_name, anyio_backend_options, app, auth_headers, cache, capfd, capfdbinary, caplog, capsys, capsysbinary, class_mocker, client, cov, doctest_namespace, event_loop, event_loop_policy, extra, extras, faker, free_tcp_port, free_tcp_port_factory, free_udp_port, free_udp_port_factory, include_metadata_in_junit_xml, metadata, mock_agent_service, mock_agent_supervisor, mock_background_task_manager, mock_clickhouse_client, mock_key_manager, mock_llm_manager, mock_redis_manager, mock_security_service, mock_tool_dispatcher, mock_websocket_manager, mocker, module_mocker, monkeypatch, no_cover, package_mocker, pytestconfig, record_property, record_testsuite_property, record_xml_attribute, recwarn, sample_data, session_mocker, test_user, testrun_uid, tmp_path, tmp_path_factory, tmpdir, tmpdir_factory, unused_tcp_port, unused_tcp_port_factory, unused_udp_port, unused_udp_port_factory, worker_id\n&amp;gt;       use &amp;#x27;pytest --fixtures [testpath]&amp;#x27; for help on them.\n\nC:\\Users\\antho\\OneDrive\\Desktop\\Netra\\netra-core-generation-1\\v2\\tests\\test_database_integration.py:197\n&#34;}], &#34;tests/test_database_integration.py::test_supply_catalog&#34;: [{&#34;extras&#34;: [], &#34;result&#34;: &#34;Error&#34;, &#34;testId&#34;: &#34;tests/test_database_integration.py::test_supply_catalog::setup&#34;, &#34;duration&#34;: &#34;0 ms&#34;, &#34;resultsTableRow&#34;: [&#34;&lt;td class=\&#34;col-result\&#34;&gt;Error&lt;/td&gt;&#34;, &#34;&lt;td class=\&#34;col-testId\&#34;&gt;tests/test_database_integration.py::test_supply_catalog::setup&lt;/td&gt;&#34;, &#34;&lt;td class=\&#34;col-duration\&#34;&gt;0 ms&lt;/td&gt;&#34;, &#34;&lt;td class=\&#34;col-links\&#34;&gt;&lt;/td&gt;&#34;], &#34;log&#34;: &#34;file C:\\Users\\antho\\OneDrive\\Desktop\\Netra\\netra-core-generation-1\\v2\\tests\\test_database_integration.py, line 240\n  @pytest.mark.asyncio\n  async def test_supply_catalog(async_session: AsyncSession):\n      &amp;quot;&amp;quot;&amp;quot;Test supply catalog CRUD operations&amp;quot;&amp;quot;&amp;quot;\n\n      catalog_item = SupplyCatalog(\n          id=str(uuid.uuid4()),\n          provider=&amp;quot;openai&amp;quot;,\n          model_name=&amp;quot;gpt-4&amp;quot;,\n          model_variant=&amp;quot;gpt-4-turbo&amp;quot;,\n          tier=&amp;quot;premium&amp;quot;,\n          input_token_price=0.03,\n          output_token_price=0.06,\n          batch_input_token_price=0.015,\n          batch_output_token_price=0.03,\n          requests_per_minute_limit=500,\n          tokens_per_minute_limit=150000,\n          tokens_per_day_limit=5000000,\n          context_window=128000,\n          max_output_tokens=4096,\n          training_data_cutoff=datetime(2023, 4, 1),\n          supports_vision=True,\n          supports_function_calling=True,\n          supports_parallel_function_calling=True,\n          metadata_={\n              &amp;quot;features&amp;quot;: [&amp;quot;streaming&amp;quot;, &amp;quot;json_mode&amp;quot;],\n              &amp;quot;deprecation_date&amp;quot;: None\n          }\n      )\n\n      async_session.add(catalog_item)\n      await async_session.commit()\n\n      result = await async_session.execute(\n          select(SupplyCatalog).where(\n              and_(\n                  SupplyCatalog.provider == &amp;quot;openai&amp;quot;,\n                  SupplyCatalog.model_name == &amp;quot;gpt-4&amp;quot;\n              )\n          )\n      )\n      db_item = result.scalar_one()\n\n      assert db_item.context_window == 128000\n      assert db_item.supports_vision == True\n      assert &amp;quot;streaming&amp;quot; in db_item.metadata_[&amp;quot;features&amp;quot;]\nE       fixture &amp;#x27;async_session&amp;#x27; not found\n&amp;gt;       available fixtures: _class_scoped_runner, _function_scoped_runner, _module_scoped_runner, _package_scoped_runner, _session_faker, _session_scoped_runner, anyio_backend, anyio_backend_name, anyio_backend_options, app, auth_headers, cache, capfd, capfdbinary, caplog, capsys, capsysbinary, class_mocker, client, cov, doctest_namespace, event_loop, event_loop_policy, extra, extras, faker, free_tcp_port, free_tcp_port_factory, free_udp_port, free_udp_port_factory, include_metadata_in_junit_xml, metadata, mock_agent_service, mock_agent_supervisor, mock_background_task_manager, mock_clickhouse_client, mock_key_manager, mock_llm_manager, mock_redis_manager, mock_security_service, mock_tool_dispatcher, mock_websocket_manager, mocker, module_mocker, monkeypatch, no_cover, package_mocker, pytestconfig, record_property, record_testsuite_property, record_xml_attribute, recwarn, sample_data, session_mocker, test_user, testrun_uid, tmp_path, tmp_path_factory, tmpdir, tmpdir_factory, unused_tcp_port, unused_tcp_port_factory, unused_udp_port, unused_udp_port_factory, worker_id\n&amp;gt;       use &amp;#x27;pytest --fixtures [testpath]&amp;#x27; for help on them.\n\nC:\\Users\\antho\\OneDrive\\Desktop\\Netra\\netra-core-generation-1\\v2\\tests\\test_database_integration.py:240\n&#34;}], &#34;tests/test_database_integration.py::test_cascade_delete&#34;: [{&#34;extras&#34;: [], &#34;result&#34;: &#34;Error&#34;, &#34;testId&#34;: &#34;tests/test_database_integration.py::test_cascade_delete::setup&#34;, &#34;duration&#34;: &#34;0 ms&#34;, &#34;resultsTableRow&#34;: [&#34;&lt;td class=\&#34;col-result\&#34;&gt;Error&lt;/td&gt;&#34;, &#34;&lt;td class=\&#34;col-testId\&#34;&gt;tests/test_database_integration.py::test_cascade_delete::setup&lt;/td&gt;&#34;, &#34;&lt;td class=\&#34;col-duration\&#34;&gt;0 ms&lt;/td&gt;&#34;, &#34;&lt;td class=\&#34;col-links\&#34;&gt;&lt;/td&gt;&#34;], &#34;log&#34;: &#34;file C:\\Users\\antho\\OneDrive\\Desktop\\Netra\\netra-core-generation-1\\v2\\tests\\test_database_integration.py, line 286\n  @pytest.mark.asyncio\n  async def test_cascade_delete(async_session: AsyncSession):\n      &amp;quot;&amp;quot;&amp;quot;Test cascade deletion of related records&amp;quot;&amp;quot;&amp;quot;\n\n      thread = Thread(\n          id=str(uuid.uuid4()),\n          object=&amp;quot;thread&amp;quot;,\n          created_at=int(datetime.now().timestamp())\n      )\n      async_session.add(thread)\n\n      message = Message(\n          id=str(uuid.uuid4()),\n          object=&amp;quot;thread.message&amp;quot;,\n          created_at=int(datetime.now().timestamp()),\n          thread_id=thread.id,\n          role=&amp;quot;user&amp;quot;,\n          content=&amp;quot;Test message&amp;quot;\n      )\n      async_session.add(message)\n\n      run = Run(\n          id=str(uuid.uuid4()),\n          object=&amp;quot;thread.run&amp;quot;,\n          created_at=int(datetime.now().timestamp()),\n          thread_id=thread.id,\n          assistant_id=&amp;quot;netra-assistant&amp;quot;,\n          status=&amp;quot;completed&amp;quot;\n      )\n      async_session.add(run)\n\n      await async_session.commit()\n\n      await async_session.delete(thread)\n      await async_session.commit()\n\n      message_result = await async_session.execute(\n          select(Message).where(Message.id == message.id)\n      )\n      assert message_result.scalar_one_or_none() is None\n\n      run_result = await async_session.execute(\n          select(Run).where(Run.id == run.id)\n      )\n      assert run_result.scalar_one_or_none() is None\nE       fixture &amp;#x27;async_session&amp;#x27; not found\n&amp;gt;       available fixtures: _class_scoped_runner, _function_scoped_runner, _module_scoped_runner, _package_scoped_runner, _session_faker, _session_scoped_runner, anyio_backend, anyio_backend_name, anyio_backend_options, app, auth_headers, cache, capfd, capfdbinary, caplog, capsys, capsysbinary, class_mocker, client, cov, doctest_namespace, event_loop, event_loop_policy, extra, extras, faker, free_tcp_port, free_tcp_port_factory, free_udp_port, free_udp_port_factory, include_metadata_in_junit_xml, metadata, mock_agent_service, mock_agent_supervisor, mock_background_task_manager, mock_clickhouse_client, mock_key_manager, mock_llm_manager, mock_redis_manager, mock_security_service, mock_tool_dispatcher, mock_websocket_manager, mocker, module_mocker, monkeypatch, no_cover, package_mocker, pytestconfig, record_property, record_testsuite_property, record_xml_attribute, recwarn, sample_data, session_mocker, test_user, testrun_uid, tmp_path, tmp_path_factory, tmpdir, tmpdir_factory, unused_tcp_port, unused_tcp_port_factory, unused_udp_port, unused_udp_port_factory, worker_id\n&amp;gt;       use &amp;#x27;pytest --fixtures [testpath]&amp;#x27; for help on them.\n\nC:\\Users\\antho\\OneDrive\\Desktop\\Netra\\netra-core-generation-1\\v2\\tests\\test_database_integration.py:286\n&#34;}], &#34;tests/test_database_integration.py::test_transaction_rollback&#34;: [{&#34;extras&#34;: [], &#34;result&#34;: &#34;Error&#34;, &#34;testId&#34;: &#34;tests/test_database_integration.py::test_transaction_rollback::setup&#34;, &#34;duration&#34;: &#34;0 ms&#34;, &#34;resultsTableRow&#34;: [&#34;&lt;td class=\&#34;col-result\&#34;&gt;Error&lt;/td&gt;&#34;, &#34;&lt;td class=\&#34;col-testId\&#34;&gt;tests/test_database_integration.py::test_transaction_rollback::setup&lt;/td&gt;&#34;, &#34;&lt;td class=\&#34;col-duration\&#34;&gt;0 ms&lt;/td&gt;&#34;, &#34;&lt;td class=\&#34;col-links\&#34;&gt;&lt;/td&gt;&#34;], &#34;log&#34;: &#34;file C:\\Users\\antho\\OneDrive\\Desktop\\Netra\\netra-core-generation-1\\v2\\tests\\test_database_integration.py, line 332\n  @pytest.mark.asyncio\n  async def test_transaction_rollback(async_session: AsyncSession):\n      &amp;quot;&amp;quot;&amp;quot;Test transaction rollback on error&amp;quot;&amp;quot;&amp;quot;\n\n      user = User(\n          id=str(uuid.uuid4()),\n          email=f&amp;quot;rollback_{uuid.uuid4().hex[:8]}@example.com&amp;quot;,\n          hashed_password=hash_password(&amp;quot;password123&amp;quot;)\n      )\n\n      async_session.add(user)\n\n      try:\n          await async_session.flush()\n\n          raise Exception(&amp;quot;Simulated error&amp;quot;)\n\n          await async_session.commit()\n      except Exception:\n          await async_session.rollback()\n\n      result = await async_session.execute(\n          select(User).where(User.id == user.id)\n      )\n      assert result.scalar_one_or_none() is None\nE       fixture &amp;#x27;async_session&amp;#x27; not found\n&amp;gt;       available fixtures: _class_scoped_runner, _function_scoped_runner, _module_scoped_runner, _package_scoped_runner, _session_faker, _session_scoped_runner, anyio_backend, anyio_backend_name, anyio_backend_options, app, auth_headers, cache, capfd, capfdbinary, caplog, capsys, capsysbinary, class_mocker, client, cov, doctest_namespace, event_loop, event_loop_policy, extra, extras, faker, free_tcp_port, free_tcp_port_factory, free_udp_port, free_udp_port_factory, include_metadata_in_junit_xml, metadata, mock_agent_service, mock_agent_supervisor, mock_background_task_manager, mock_clickhouse_client, mock_key_manager, mock_llm_manager, mock_redis_manager, mock_security_service, mock_tool_dispatcher, mock_websocket_manager, mocker, module_mocker, monkeypatch, no_cover, package_mocker, pytestconfig, record_property, record_testsuite_property, record_xml_attribute, recwarn, sample_data, session_mocker, test_user, testrun_uid, tmp_path, tmp_path_factory, tmpdir, tmpdir_factory, unused_tcp_port, unused_tcp_port_factory, unused_udp_port, unused_udp_port_factory, worker_id\n&amp;gt;       use &amp;#x27;pytest --fixtures [testpath]&amp;#x27; for help on them.\n\nC:\\Users\\antho\\OneDrive\\Desktop\\Netra\\netra-core-generation-1\\v2\\tests\\test_database_integration.py:332\n&#34;}], &#34;tests/test_database_integration.py::test_query_performance&#34;: [{&#34;extras&#34;: [], &#34;result&#34;: &#34;Error&#34;, &#34;testId&#34;: &#34;tests/test_database_integration.py::test_query_performance::setup&#34;, &#34;duration&#34;: &#34;0 ms&#34;, &#34;resultsTableRow&#34;: [&#34;&lt;td class=\&#34;col-result\&#34;&gt;Error&lt;/td&gt;&#34;, &#34;&lt;td class=\&#34;col-testId\&#34;&gt;tests/test_database_integration.py::test_query_performance::setup&lt;/td&gt;&#34;, &#34;&lt;td class=\&#34;col-duration\&#34;&gt;0 ms&lt;/td&gt;&#34;, &#34;&lt;td class=\&#34;col-links\&#34;&gt;&lt;/td&gt;&#34;], &#34;log&#34;: &#34;file C:\\Users\\antho\\OneDrive\\Desktop\\Netra\\netra-core-generation-1\\v2\\tests\\test_database_integration.py, line 358\n  @pytest.mark.asyncio\n  async def test_query_performance(async_session: AsyncSession):\n      &amp;quot;&amp;quot;&amp;quot;Test query performance with indexes&amp;quot;&amp;quot;&amp;quot;\n      import time\n\n      thread_ids = []\n      for i in range(100):\n          thread = Thread(\n              id=str(uuid.uuid4()),\n              object=&amp;quot;thread&amp;quot;,\n              created_at=int(datetime.now().timestamp()),\n              metadata_={&amp;quot;batch&amp;quot;: i // 10}\n          )\n          async_session.add(thread)\n          thread_ids.append(thread.id)\n\n      await async_session.commit()\n\n      start_time = time.time()\n\n      result = await async_session.execute(\n          select(Thread).where(Thread.id.in_(thread_ids[:50]))\n      )\n      threads = result.scalars().all()\n\n      query_time = time.time() - start_time\n\n      assert len(threads) == 50\n      assert query_time &amp;lt; 1.0\nE       fixture &amp;#x27;async_session&amp;#x27; not found\n&amp;gt;       available fixtures: _class_scoped_runner, _function_scoped_runner, _module_scoped_runner, _package_scoped_runner, _session_faker, _session_scoped_runner, anyio_backend, anyio_backend_name, anyio_backend_options, app, auth_headers, cache, capfd, capfdbinary, caplog, capsys, capsysbinary, class_mocker, client, cov, doctest_namespace, event_loop, event_loop_policy, extra, extras, faker, free_tcp_port, free_tcp_port_factory, free_udp_port, free_udp_port_factory, include_metadata_in_junit_xml, metadata, mock_agent_service, mock_agent_supervisor, mock_background_task_manager, mock_clickhouse_client, mock_key_manager, mock_llm_manager, mock_redis_manager, mock_security_service, mock_tool_dispatcher, mock_websocket_manager, mocker, module_mocker, monkeypatch, no_cover, package_mocker, pytestconfig, record_property, record_testsuite_property, record_xml_attribute, recwarn, sample_data, session_mocker, test_user, testrun_uid, tmp_path, tmp_path_factory, tmpdir, tmpdir_factory, unused_tcp_port, unused_tcp_port_factory, unused_udp_port, unused_udp_port_factory, worker_id\n&amp;gt;       use &amp;#x27;pytest --fixtures [testpath]&amp;#x27; for help on them.\n\nC:\\Users\\antho\\OneDrive\\Desktop\\Netra\\netra-core-generation-1\\v2\\tests\\test_database_integration.py:358\n&#34;}], &#34;tests/test_database_integration.py::test_concurrent_updates&#34;: [{&#34;extras&#34;: [], &#34;result&#34;: &#34;Error&#34;, &#34;testId&#34;: &#34;tests/test_database_integration.py::test_concurrent_updates::setup&#34;, &#34;duration&#34;: &#34;0 ms&#34;, &#34;resultsTableRow&#34;: [&#34;&lt;td class=\&#34;col-result\&#34;&gt;Error&lt;/td&gt;&#34;, &#34;&lt;td class=\&#34;col-testId\&#34;&gt;tests/test_database_integration.py::test_concurrent_updates::setup&lt;/td&gt;&#34;, &#34;&lt;td class=\&#34;col-duration\&#34;&gt;0 ms&lt;/td&gt;&#34;, &#34;&lt;td class=\&#34;col-links\&#34;&gt;&lt;/td&gt;&#34;], &#34;log&#34;: &#34;file C:\\Users\\antho\\OneDrive\\Desktop\\Netra\\netra-core-generation-1\\v2\\tests\\test_database_integration.py, line 388\n  @pytest.mark.asyncio\n  async def test_concurrent_updates(async_session: AsyncSession):\n      &amp;quot;&amp;quot;&amp;quot;Test handling concurrent updates to same record&amp;quot;&amp;quot;&amp;quot;\n\n      user = User(\n          id=str(uuid.uuid4()),\n          email=f&amp;quot;concurrent_{uuid.uuid4().hex[:8]}@example.com&amp;quot;,\n          hashed_password=hash_password(&amp;quot;password123&amp;quot;),\n          full_name=&amp;quot;Original Name&amp;quot;\n      )\n\n      async_session.add(user)\n      await async_session.commit()\n\n      result1 = await async_session.execute(\n          select(User).where(User.id == user.id)\n      )\n      user1 = result1.scalar_one()\n\n      result2 = await async_session.execute(\n          select(User).where(User.id == user.id)\n      )\n      user2 = result2.scalar_one()\n\n      user1.full_name = &amp;quot;Updated by Session 1&amp;quot;\n      user2.full_name = &amp;quot;Updated by Session 2&amp;quot;\n\n      await async_session.commit()\n      await async_session.refresh(user1)\n\n      assert user1.full_name in [&amp;quot;Updated by Session 1&amp;quot;, &amp;quot;Updated by Session 2&amp;quot;]\nE       fixture &amp;#x27;async_session&amp;#x27; not found\n&amp;gt;       available fixtures: _class_scoped_runner, _function_scoped_runner, _module_scoped_runner, _package_scoped_runner, _session_faker, _session_scoped_runner, anyio_backend, anyio_backend_name, anyio_backend_options, app, auth_headers, cache, capfd, capfdbinary, caplog, capsys, capsysbinary, class_mocker, client, cov, doctest_namespace, event_loop, event_loop_policy, extra, extras, faker, free_tcp_port, free_tcp_port_factory, free_udp_port, free_udp_port_factory, include_metadata_in_junit_xml, metadata, mock_agent_service, mock_agent_supervisor, mock_background_task_manager, mock_clickhouse_client, mock_key_manager, mock_llm_manager, mock_redis_manager, mock_security_service, mock_tool_dispatcher, mock_websocket_manager, mocker, module_mocker, monkeypatch, no_cover, package_mocker, pytestconfig, record_property, record_testsuite_property, record_xml_attribute, recwarn, sample_data, session_mocker, test_user, testrun_uid, tmp_path, tmp_path_factory, tmpdir, tmpdir_factory, unused_tcp_port, unused_tcp_port_factory, unused_udp_port, unused_udp_port_factory, worker_id\n&amp;gt;       use &amp;#x27;pytest --fixtures [testpath]&amp;#x27; for help on them.\n\nC:\\Users\\antho\\OneDrive\\Desktop\\Netra\\netra-core-generation-1\\v2\\tests\\test_database_integration.py:388\n&#34;}], &#34;tests/test_ingestion.py::test_ingest_records&#34;: [{&#34;extras&#34;: [], &#34;result&#34;: &#34;Passed&#34;, &#34;testId&#34;: &#34;tests/test_ingestion.py::test_ingest_records&#34;, &#34;duration&#34;: &#34;3 ms&#34;, &#34;resultsTableRow&#34;: [&#34;&lt;td class=\&#34;col-result\&#34;&gt;Passed&lt;/td&gt;&#34;, &#34;&lt;td class=\&#34;col-testId\&#34;&gt;tests/test_ingestion.py::test_ingest_records&lt;/td&gt;&#34;, &#34;&lt;td class=\&#34;col-duration\&#34;&gt;3 ms&lt;/td&gt;&#34;, &#34;&lt;td class=\&#34;col-links\&#34;&gt;&lt;/td&gt;&#34;], &#34;log&#34;: &#34;------------------------------ Captured log setup ------------------------------\nDEBUG    asyncio:proactor_events.py:634 Using proactor: IocpProactor\n\n----------------------------- Captured stdout call -----------------------------\n2025-08-10 05:57:09.530 | INFO     | app.data.ingestion:ingest_records:57 - Ingesting batch of 2 records into &amp;#x27;test_table&amp;#x27;...\n2025-08-10 05:57:09.530 | INFO     | app.data.ingestion:ingest_records:67 - Successfully inserted batch of 2 records.\n&#34;}], &#34;tests/test_ingestion.py::test_prepare_data_for_insert&#34;: [{&#34;extras&#34;: [], &#34;result&#34;: &#34;Passed&#34;, &#34;testId&#34;: &#34;tests/test_ingestion.py::test_prepare_data_for_insert&#34;, &#34;duration&#34;: &#34;0 ms&#34;, &#34;resultsTableRow&#34;: [&#34;&lt;td class=\&#34;col-result\&#34;&gt;Passed&lt;/td&gt;&#34;, &#34;&lt;td class=\&#34;col-testId\&#34;&gt;tests/test_ingestion.py::test_prepare_data_for_insert&lt;/td&gt;&#34;, &#34;&lt;td class=\&#34;col-duration\&#34;&gt;0 ms&lt;/td&gt;&#34;, &#34;&lt;td class=\&#34;col-links\&#34;&gt;&lt;/td&gt;&#34;], &#34;log&#34;: &#34;No log output captured.&#34;}], &#34;tests/test_ingestion.py::test_populate_with_default_data&#34;: [{&#34;extras&#34;: [], &#34;result&#34;: &#34;Passed&#34;, &#34;testId&#34;: &#34;tests/test_ingestion.py::test_populate_with_default_data&#34;, &#34;duration&#34;: &#34;4 ms&#34;, &#34;resultsTableRow&#34;: [&#34;&lt;td class=\&#34;col-result\&#34;&gt;Passed&lt;/td&gt;&#34;, &#34;&lt;td class=\&#34;col-testId\&#34;&gt;tests/test_ingestion.py::test_populate_with_default_data&lt;/td&gt;&#34;, &#34;&lt;td class=\&#34;col-duration\&#34;&gt;4 ms&lt;/td&gt;&#34;, &#34;&lt;td class=\&#34;col-links\&#34;&gt;&lt;/td&gt;&#34;], &#34;log&#34;: &#34;------------------------------ Captured log setup ------------------------------\nDEBUG    asyncio:proactor_events.py:634 Using proactor: IocpProactor\n\n----------------------------- Captured stdout call -----------------------------\n2025-08-10 05:57:09.546 | INFO     | app.data.ingestion:ingest_records:57 - Ingesting batch of 12 records into &amp;#x27;netra_content_corpus&amp;#x27;...\n2025-08-10 05:57:09.547 | INFO     | app.data.ingestion:ingest_records:67 - Successfully inserted batch of 12 records.\n&#34;}], &#34;tests/test_performance.py::TestPerformance::test_concurrent_websocket_connections&#34;: [{&#34;extras&#34;: [], &#34;result&#34;: &#34;Passed&#34;, &#34;testId&#34;: &#34;tests/test_performance.py::TestPerformance::test_concurrent_websocket_connections&#34;, &#34;duration&#34;: &#34;19 ms&#34;, &#34;resultsTableRow&#34;: [&#34;&lt;td class=\&#34;col-result\&#34;&gt;Passed&lt;/td&gt;&#34;, &#34;&lt;td class=\&#34;col-testId\&#34;&gt;tests/test_performance.py::TestPerformance::test_concurrent_websocket_connections&lt;/td&gt;&#34;, &#34;&lt;td class=\&#34;col-duration\&#34;&gt;19 ms&lt;/td&gt;&#34;, &#34;&lt;td class=\&#34;col-links\&#34;&gt;&lt;/td&gt;&#34;], &#34;log&#34;: &#34;------------------------------ Captured log setup ------------------------------\nDEBUG    asyncio:proactor_events.py:634 Using proactor: IocpProactor\n&#34;}], &#34;tests/test_performance.py::TestPerformance::test_message_throughput&#34;: [{&#34;extras&#34;: [], &#34;result&#34;: &#34;Passed&#34;, &#34;testId&#34;: &#34;tests/test_performance.py::TestPerformance::test_message_throughput&#34;, &#34;duration&#34;: &#34;28 ms&#34;, &#34;resultsTableRow&#34;: [&#34;&lt;td class=\&#34;col-result\&#34;&gt;Passed&lt;/td&gt;&#34;, &#34;&lt;td class=\&#34;col-testId\&#34;&gt;tests/test_performance.py::TestPerformance::test_message_throughput&lt;/td&gt;&#34;, &#34;&lt;td class=\&#34;col-duration\&#34;&gt;28 ms&lt;/td&gt;&#34;, &#34;&lt;td class=\&#34;col-links\&#34;&gt;&lt;/td&gt;&#34;], &#34;log&#34;: &#34;------------------------------ Captured log setup ------------------------------\nDEBUG    asyncio:proactor_events.py:634 Using proactor: IocpProactor\n&#34;}], &#34;tests/test_performance.py::TestPerformance::test_database_query_performance&#34;: [{&#34;extras&#34;: [], &#34;result&#34;: &#34;Error&#34;, &#34;testId&#34;: &#34;tests/test_performance.py::TestPerformance::test_database_query_performance::setup&#34;, &#34;duration&#34;: &#34;0 ms&#34;, &#34;resultsTableRow&#34;: [&#34;&lt;td class=\&#34;col-result\&#34;&gt;Error&lt;/td&gt;&#34;, &#34;&lt;td class=\&#34;col-testId\&#34;&gt;tests/test_performance.py::TestPerformance::test_database_query_performance::setup&lt;/td&gt;&#34;, &#34;&lt;td class=\&#34;col-duration\&#34;&gt;0 ms&lt;/td&gt;&#34;, &#34;&lt;td class=\&#34;col-links\&#34;&gt;&lt;/td&gt;&#34;], &#34;log&#34;: &#34;file C:\\Users\\antho\\OneDrive\\Desktop\\Netra\\netra-core-generation-1\\v2\\tests\\test_performance.py, line 70\n      @pytest.mark.asyncio\n      async def test_database_query_performance(self, async_session):\n          &amp;quot;&amp;quot;&amp;quot;Test database query performance under load&amp;quot;&amp;quot;&amp;quot;\n\n          # Insert test data\n          from app.db.models_postgres import Thread, Message\n\n          threads = []\n          for i in range(100):\n              thread = Thread(\n                  id=str(uuid.uuid4()),\n                  object=&amp;quot;thread&amp;quot;,\n                  created_at=int(time.time()),\n                  metadata_={&amp;quot;test&amp;quot;: True}\n              )\n              threads.append(thread)\n              async_session.add(thread)\n\n          await async_session.commit()\n\n          # Test query performance\n          query_times = []\n          for _ in range(50):\n              start_time = time.time()\n\n              from sqlalchemy import select\n              result = await async_session.execute(\n                  select(Thread).limit(10)\n              )\n              result.scalars().all()\n\n              query_times.append(time.time() - start_time)\n\n          avg_query_time = statistics.mean(query_times)\n          max_query_time = max(query_times)\n\n          # Performance assertions\n          assert avg_query_time &amp;lt; 0.01, f&amp;quot;Avg query time {avg_query_time:.3f}s (should be &amp;lt; 0.01s)&amp;quot;\n          assert max_query_time &amp;lt; 0.05, f&amp;quot;Max query time {max_query_time:.3f}s (should be &amp;lt; 0.05s)&amp;quot;\nE       fixture &amp;#x27;async_session&amp;#x27; not found\n&amp;gt;       available fixtures: _class_scoped_runner, _function_scoped_runner, _module_scoped_runner, _package_scoped_runner, _session_faker, _session_scoped_runner, anyio_backend, anyio_backend_name, anyio_backend_options, app, auth_headers, cache, capfd, capfdbinary, caplog, capsys, capsysbinary, class_mocker, client, cov, doctest_namespace, event_loop, event_loop_policy, extra, extras, faker, free_tcp_port, free_tcp_port_factory, free_udp_port, free_udp_port_factory, include_metadata_in_junit_xml, metadata, mock_agent_service, mock_agent_supervisor, mock_background_task_manager, mock_clickhouse_client, mock_key_manager, mock_llm_manager, mock_redis_manager, mock_security_service, mock_tool_dispatcher, mock_websocket_manager, mocker, module_mocker, monkeypatch, no_cover, package_mocker, pytestconfig, record_property, record_testsuite_property, record_xml_attribute, recwarn, sample_data, session_mocker, test_user, testrun_uid, tmp_path, tmp_path_factory, tmpdir, tmpdir_factory, unused_tcp_port, unused_tcp_port_factory, unused_udp_port, unused_udp_port_factory, worker_id\n&amp;gt;       use &amp;#x27;pytest --fixtures [testpath]&amp;#x27; for help on them.\n\nC:\\Users\\antho\\OneDrive\\Desktop\\Netra\\netra-core-generation-1\\v2\\tests\\test_performance.py:70\n&#34;}], &#34;tests/test_performance.py::TestPerformance::test_token_generation_performance&#34;: [{&#34;extras&#34;: [], &#34;result&#34;: &#34;Failed&#34;, &#34;testId&#34;: &#34;tests/test_performance.py::TestPerformance::test_token_generation_performance&#34;, &#34;duration&#34;: &#34;2 ms&#34;, &#34;resultsTableRow&#34;: [&#34;&lt;td class=\&#34;col-result\&#34;&gt;Failed&lt;/td&gt;&#34;, &#34;&lt;td class=\&#34;col-testId\&#34;&gt;tests/test_performance.py::TestPerformance::test_token_generation_performance&lt;/td&gt;&#34;, &#34;&lt;td class=\&#34;col-duration\&#34;&gt;2 ms&lt;/td&gt;&#34;, &#34;&lt;td class=\&#34;col-links\&#34;&gt;&lt;/td&gt;&#34;], &#34;log&#34;: &#34;tests\\test_performance.py:114: in test_token_generation_performance\n    from app.auth.auth import create_access_token\nE   ImportError: cannot import name &amp;#x27;create_access_token&amp;#x27; from &amp;#x27;app.auth.auth&amp;#x27; (C:\\Users\\antho\\OneDrive\\Desktop\\Netra\\netra-core-generation-1\\v2\\app\\auth\\auth.py)\n\n------------------------------ Captured log setup ------------------------------\nDEBUG    asyncio:proactor_events.py:634 Using proactor: IocpProactor\n&#34;}], &#34;tests/test_performance.py::TestPerformance::test_cache_performance&#34;: [{&#34;extras&#34;: [], &#34;result&#34;: &#34;Passed&#34;, &#34;testId&#34;: &#34;tests/test_performance.py::TestPerformance::test_cache_performance&#34;, &#34;duration&#34;: &#34;34 ms&#34;, &#34;resultsTableRow&#34;: [&#34;&lt;td class=\&#34;col-result\&#34;&gt;Passed&lt;/td&gt;&#34;, &#34;&lt;td class=\&#34;col-testId\&#34;&gt;tests/test_performance.py::TestPerformance::test_cache_performance&lt;/td&gt;&#34;, &#34;&lt;td class=\&#34;col-duration\&#34;&gt;34 ms&lt;/td&gt;&#34;, &#34;&lt;td class=\&#34;col-links\&#34;&gt;&lt;/td&gt;&#34;], &#34;log&#34;: &#34;------------------------------ Captured log setup ------------------------------\nDEBUG    asyncio:proactor_events.py:634 Using proactor: IocpProactor\n&#34;}], &#34;tests/test_performance.py::TestPerformance::test_llm_response_streaming&#34;: [{&#34;extras&#34;: [], &#34;result&#34;: &#34;Passed&#34;, &#34;testId&#34;: &#34;tests/test_performance.py::TestPerformance::test_llm_response_streaming&#34;, &#34;duration&#34;: &#34;198 ms&#34;, &#34;resultsTableRow&#34;: [&#34;&lt;td class=\&#34;col-result\&#34;&gt;Passed&lt;/td&gt;&#34;, &#34;&lt;td class=\&#34;col-testId\&#34;&gt;tests/test_performance.py::TestPerformance::test_llm_response_streaming&lt;/td&gt;&#34;, &#34;&lt;td class=\&#34;col-duration\&#34;&gt;198 ms&lt;/td&gt;&#34;, &#34;&lt;td class=\&#34;col-links\&#34;&gt;&lt;/td&gt;&#34;], &#34;log&#34;: &#34;------------------------------ Captured log setup ------------------------------\nDEBUG    asyncio:proactor_events.py:634 Using proactor: IocpProactor\n&#34;}], &#34;tests/test_performance.py::TestPerformance::test_parallel_api_requests&#34;: [{&#34;extras&#34;: [], &#34;result&#34;: &#34;Failed&#34;, &#34;testId&#34;: &#34;tests/test_performance.py::TestPerformance::test_parallel_api_requests&#34;, &#34;duration&#34;: &#34;18 ms&#34;, &#34;resultsTableRow&#34;: [&#34;&lt;td class=\&#34;col-result\&#34;&gt;Failed&lt;/td&gt;&#34;, &#34;&lt;td class=\&#34;col-testId\&#34;&gt;tests/test_performance.py::TestPerformance::test_parallel_api_requests&lt;/td&gt;&#34;, &#34;&lt;td class=\&#34;col-duration\&#34;&gt;18 ms&lt;/td&gt;&#34;, &#34;&lt;td class=\&#34;col-links\&#34;&gt;&lt;/td&gt;&#34;], &#34;log&#34;: &#34;tests\\test_performance.py:194: in test_parallel_api_requests\n    with patch(&amp;quot;app.services.agent_service.AgentService.list_threads&amp;quot;) as mock_list:\nC:\\Users\\antho\\miniconda3\\Lib\\unittest\\mock.py:1458: in __enter__\n    original, local = self.get_original()\nC:\\Users\\antho\\miniconda3\\Lib\\unittest\\mock.py:1431: in get_original\n    raise AttributeError(\nE   AttributeError: &amp;lt;class &amp;#x27;app.services.agent_service.AgentService&amp;#x27;&amp;gt; does not have the attribute &amp;#x27;list_threads&amp;#x27;\n\n------------------------------ Captured log setup ------------------------------\nDEBUG    asyncio:proactor_events.py:634 Using proactor: IocpProactor\n&#34;}], &#34;tests/test_performance.py::TestPerformance::test_memory_efficiency&#34;: [{&#34;extras&#34;: [], &#34;result&#34;: &#34;Passed&#34;, &#34;testId&#34;: &#34;tests/test_performance.py::TestPerformance::test_memory_efficiency&#34;, &#34;duration&#34;: &#34;31 ms&#34;, &#34;resultsTableRow&#34;: [&#34;&lt;td class=\&#34;col-result\&#34;&gt;Passed&lt;/td&gt;&#34;, &#34;&lt;td class=\&#34;col-testId\&#34;&gt;tests/test_performance.py::TestPerformance::test_memory_efficiency&lt;/td&gt;&#34;, &#34;&lt;td class=\&#34;col-duration\&#34;&gt;31 ms&lt;/td&gt;&#34;, &#34;&lt;td class=\&#34;col-links\&#34;&gt;&lt;/td&gt;&#34;], &#34;log&#34;: &#34;------------------------------ Captured log setup ------------------------------\nDEBUG    asyncio:proactor_events.py:634 Using proactor: IocpProactor\n&#34;}], &#34;tests/test_performance.py::TestPerformance::test_error_recovery_performance&#34;: [{&#34;extras&#34;: [], &#34;result&#34;: &#34;Passed&#34;, &#34;testId&#34;: &#34;tests/test_performance.py::TestPerformance::test_error_recovery_performance&#34;, &#34;duration&#34;: &#34;1 ms&#34;, &#34;resultsTableRow&#34;: [&#34;&lt;td class=\&#34;col-result\&#34;&gt;Passed&lt;/td&gt;&#34;, &#34;&lt;td class=\&#34;col-testId\&#34;&gt;tests/test_performance.py::TestPerformance::test_error_recovery_performance&lt;/td&gt;&#34;, &#34;&lt;td class=\&#34;col-duration\&#34;&gt;1 ms&lt;/td&gt;&#34;, &#34;&lt;td class=\&#34;col-links\&#34;&gt;&lt;/td&gt;&#34;], &#34;log&#34;: &#34;------------------------------ Captured log setup ------------------------------\nDEBUG    asyncio:proactor_events.py:634 Using proactor: IocpProactor\n&#34;}], &#34;tests/test_simple.py::test_addition&#34;: [{&#34;extras&#34;: [], &#34;result&#34;: &#34;Passed&#34;, &#34;testId&#34;: &#34;tests/test_simple.py::test_addition&#34;, &#34;duration&#34;: &#34;0 ms&#34;, &#34;resultsTableRow&#34;: [&#34;&lt;td class=\&#34;col-result\&#34;&gt;Passed&lt;/td&gt;&#34;, &#34;&lt;td class=\&#34;col-testId\&#34;&gt;tests/test_simple.py::test_addition&lt;/td&gt;&#34;, &#34;&lt;td class=\&#34;col-duration\&#34;&gt;0 ms&lt;/td&gt;&#34;, &#34;&lt;td class=\&#34;col-links\&#34;&gt;&lt;/td&gt;&#34;], &#34;log&#34;: &#34;No log output captured.&#34;}], &#34;tests/test_simple.py::test_subtraction&#34;: [{&#34;extras&#34;: [], &#34;result&#34;: &#34;Passed&#34;, &#34;testId&#34;: &#34;tests/test_simple.py::test_subtraction&#34;, &#34;duration&#34;: &#34;1 ms&#34;, &#34;resultsTableRow&#34;: [&#34;&lt;td class=\&#34;col-result\&#34;&gt;Passed&lt;/td&gt;&#34;, &#34;&lt;td class=\&#34;col-testId\&#34;&gt;tests/test_simple.py::test_subtraction&lt;/td&gt;&#34;, &#34;&lt;td class=\&#34;col-duration\&#34;&gt;1 ms&lt;/td&gt;&#34;, &#34;&lt;td class=\&#34;col-links\&#34;&gt;&lt;/td&gt;&#34;], &#34;log&#34;: &#34;No log output captured.&#34;}], &#34;tests/test_simple.py::test_multiplication&#34;: [{&#34;extras&#34;: [], &#34;result&#34;: &#34;Passed&#34;, &#34;testId&#34;: &#34;tests/test_simple.py::test_multiplication&#34;, &#34;duration&#34;: &#34;0 ms&#34;, &#34;resultsTableRow&#34;: [&#34;&lt;td class=\&#34;col-result\&#34;&gt;Passed&lt;/td&gt;&#34;, &#34;&lt;td class=\&#34;col-testId\&#34;&gt;tests/test_simple.py::test_multiplication&lt;/td&gt;&#34;, &#34;&lt;td class=\&#34;col-duration\&#34;&gt;0 ms&lt;/td&gt;&#34;, &#34;&lt;td class=\&#34;col-links\&#34;&gt;&lt;/td&gt;&#34;], &#34;log&#34;: &#34;No log output captured.&#34;}], &#34;tests/test_simple.py::test_division&#34;: [{&#34;extras&#34;: [], &#34;result&#34;: &#34;Passed&#34;, &#34;testId&#34;: &#34;tests/test_simple.py::test_division&#34;, &#34;duration&#34;: &#34;0 ms&#34;, &#34;resultsTableRow&#34;: [&#34;&lt;td class=\&#34;col-result\&#34;&gt;Passed&lt;/td&gt;&#34;, &#34;&lt;td class=\&#34;col-testId\&#34;&gt;tests/test_simple.py::test_division&lt;/td&gt;&#34;, &#34;&lt;td class=\&#34;col-duration\&#34;&gt;0 ms&lt;/td&gt;&#34;, &#34;&lt;td class=\&#34;col-links\&#34;&gt;&lt;/td&gt;&#34;], &#34;log&#34;: &#34;No log output captured.&#34;}], &#34;tests/test_simple.py::test_string_concat&#34;: [{&#34;extras&#34;: [], &#34;result&#34;: &#34;Passed&#34;, &#34;testId&#34;: &#34;tests/test_simple.py::test_string_concat&#34;, &#34;duration&#34;: &#34;0 ms&#34;, &#34;resultsTableRow&#34;: [&#34;&lt;td class=\&#34;col-result\&#34;&gt;Passed&lt;/td&gt;&#34;, &#34;&lt;td class=\&#34;col-testId\&#34;&gt;tests/test_simple.py::test_string_concat&lt;/td&gt;&#34;, &#34;&lt;td class=\&#34;col-duration\&#34;&gt;0 ms&lt;/td&gt;&#34;, &#34;&lt;td class=\&#34;col-links\&#34;&gt;&lt;/td&gt;&#34;], &#34;log&#34;: &#34;No log output captured.&#34;}], &#34;tests/test_simple.py::test_list_append&#34;: [{&#34;extras&#34;: [], &#34;result&#34;: &#34;Passed&#34;, &#34;testId&#34;: &#34;tests/test_simple.py::test_list_append&#34;, &#34;duration&#34;: &#34;0 ms&#34;, &#34;resultsTableRow&#34;: [&#34;&lt;td class=\&#34;col-result\&#34;&gt;Passed&lt;/td&gt;&#34;, &#34;&lt;td class=\&#34;col-testId\&#34;&gt;tests/test_simple.py::test_list_append&lt;/td&gt;&#34;, &#34;&lt;td class=\&#34;col-duration\&#34;&gt;0 ms&lt;/td&gt;&#34;, &#34;&lt;td class=\&#34;col-links\&#34;&gt;&lt;/td&gt;&#34;], &#34;log&#34;: &#34;No log output captured.&#34;}], &#34;tests/test_simple.py::test_dict_update&#34;: [{&#34;extras&#34;: [], &#34;result&#34;: &#34;Passed&#34;, &#34;testId&#34;: &#34;tests/test_simple.py::test_dict_update&#34;, &#34;duration&#34;: &#34;0 ms&#34;, &#34;resultsTableRow&#34;: [&#34;&lt;td class=\&#34;col-result\&#34;&gt;Passed&lt;/td&gt;&#34;, &#34;&lt;td class=\&#34;col-testId\&#34;&gt;tests/test_simple.py::test_dict_update&lt;/td&gt;&#34;, &#34;&lt;td class=\&#34;col-duration\&#34;&gt;0 ms&lt;/td&gt;&#34;, &#34;&lt;td class=\&#34;col-links\&#34;&gt;&lt;/td&gt;&#34;], &#34;log&#34;: &#34;No log output captured.&#34;}], &#34;tests/test_simple.py::test_boolean_logic&#34;: [{&#34;extras&#34;: [], &#34;result&#34;: &#34;Passed&#34;, &#34;testId&#34;: &#34;tests/test_simple.py::test_boolean_logic&#34;, &#34;duration&#34;: &#34;0 ms&#34;, &#34;resultsTableRow&#34;: [&#34;&lt;td class=\&#34;col-result\&#34;&gt;Passed&lt;/td&gt;&#34;, &#34;&lt;td class=\&#34;col-testId\&#34;&gt;tests/test_simple.py::test_boolean_logic&lt;/td&gt;&#34;, &#34;&lt;td class=\&#34;col-duration\&#34;&gt;0 ms&lt;/td&gt;&#34;, &#34;&lt;td class=\&#34;col-links\&#34;&gt;&lt;/td&gt;&#34;], &#34;log&#34;: &#34;No log output captured.&#34;}], &#34;tests/test_websocket_connection.py::test_websocket_connection_success&#34;: [{&#34;extras&#34;: [], &#34;result&#34;: &#34;Failed&#34;, &#34;testId&#34;: &#34;tests/test_websocket_connection.py::test_websocket_connection_success&#34;, &#34;duration&#34;: &#34;13 ms&#34;, &#34;resultsTableRow&#34;: [&#34;&lt;td class=\&#34;col-result\&#34;&gt;Failed&lt;/td&gt;&#34;, &#34;&lt;td class=\&#34;col-testId\&#34;&gt;tests/test_websocket_connection.py::test_websocket_connection_success&lt;/td&gt;&#34;, &#34;&lt;td class=\&#34;col-duration\&#34;&gt;13 ms&lt;/td&gt;&#34;, &#34;&lt;td class=\&#34;col-links\&#34;&gt;&lt;/td&gt;&#34;], &#34;log&#34;: &#34;tests\\test_websocket_connection.py:13: in test_websocket_connection_success\n    with patch(&amp;quot;app.auth.auth_dependencies.get_active_user_ws&amp;quot;) as mock_auth:\nC:\\Users\\antho\\miniconda3\\Lib\\unittest\\mock.py:1458: in __enter__\n    original, local = self.get_original()\nC:\\Users\\antho\\miniconda3\\Lib\\unittest\\mock.py:1431: in get_original\n    raise AttributeError(\nE   AttributeError: &amp;lt;module &amp;#x27;app.auth.auth_dependencies&amp;#x27; from &amp;#x27;C:\\\\Users\\\\antho\\\\OneDrive\\\\Desktop\\\\Netra\\\\netra-core-generation-1\\\\v2\\\\app\\\\auth\\\\auth_dependencies.py&amp;#x27;&amp;gt; does not have the attribute &amp;#x27;get_active_user_ws&amp;#x27;\n\n------------------------------ Captured log setup ------------------------------\nDEBUG    asyncio:proactor_events.py:634 Using proactor: IocpProactor\n&#34;}], &#34;tests/test_websocket_connection.py::test_websocket_disconnect&#34;: [{&#34;extras&#34;: [], &#34;result&#34;: &#34;Failed&#34;, &#34;testId&#34;: &#34;tests/test_websocket_connection.py::test_websocket_disconnect&#34;, &#34;duration&#34;: &#34;10 ms&#34;, &#34;resultsTableRow&#34;: [&#34;&lt;td class=\&#34;col-result\&#34;&gt;Failed&lt;/td&gt;&#34;, &#34;&lt;td class=\&#34;col-testId\&#34;&gt;tests/test_websocket_connection.py::test_websocket_disconnect&lt;/td&gt;&#34;, &#34;&lt;td class=\&#34;col-duration\&#34;&gt;10 ms&lt;/td&gt;&#34;, &#34;&lt;td class=\&#34;col-links\&#34;&gt;&lt;/td&gt;&#34;], &#34;log&#34;: &#34;tests\\test_websocket_connection.py:30: in test_websocket_disconnect\n    with patch(&amp;quot;app.auth.auth_dependencies.get_active_user_ws&amp;quot;) as mock_auth:\nC:\\Users\\antho\\miniconda3\\Lib\\unittest\\mock.py:1458: in __enter__\n    original, local = self.get_original()\nC:\\Users\\antho\\miniconda3\\Lib\\unittest\\mock.py:1431: in get_original\n    raise AttributeError(\nE   AttributeError: &amp;lt;module &amp;#x27;app.auth.auth_dependencies&amp;#x27; from &amp;#x27;C:\\\\Users\\\\antho\\\\OneDrive\\\\Desktop\\\\Netra\\\\netra-core-generation-1\\\\v2\\\\app\\\\auth\\\\auth_dependencies.py&amp;#x27;&amp;gt; does not have the attribute &amp;#x27;get_active_user_ws&amp;#x27;\n\n------------------------------ Captured log setup ------------------------------\nDEBUG    asyncio:proactor_events.py:634 Using proactor: IocpProactor\n&#34;}], &#34;tests/test_websocket_connection.py::test_websocket_unauthorized&#34;: [{&#34;extras&#34;: [], &#34;result&#34;: &#34;Failed&#34;, &#34;testId&#34;: &#34;tests/test_websocket_connection.py::test_websocket_unauthorized&#34;, &#34;duration&#34;: &#34;14 ms&#34;, &#34;resultsTableRow&#34;: [&#34;&lt;td class=\&#34;col-result\&#34;&gt;Failed&lt;/td&gt;&#34;, &#34;&lt;td class=\&#34;col-testId\&#34;&gt;tests/test_websocket_connection.py::test_websocket_unauthorized&lt;/td&gt;&#34;, &#34;&lt;td class=\&#34;col-duration\&#34;&gt;14 ms&lt;/td&gt;&#34;, &#34;&lt;td class=\&#34;col-links\&#34;&gt;&lt;/td&gt;&#34;], &#34;log&#34;: &#34;tests\\test_websocket_connection.py:43: in test_websocket_unauthorized\n    with patch(&amp;quot;app.auth.auth_dependencies.get_active_user_ws&amp;quot;) as mock_auth:\nC:\\Users\\antho\\miniconda3\\Lib\\unittest\\mock.py:1458: in __enter__\n    original, local = self.get_original()\nC:\\Users\\antho\\miniconda3\\Lib\\unittest\\mock.py:1431: in get_original\n    raise AttributeError(\nE   AttributeError: &amp;lt;module &amp;#x27;app.auth.auth_dependencies&amp;#x27; from &amp;#x27;C:\\\\Users\\\\antho\\\\OneDrive\\\\Desktop\\\\Netra\\\\netra-core-generation-1\\\\v2\\\\app\\\\auth\\\\auth_dependencies.py&amp;#x27;&amp;gt; does not have the attribute &amp;#x27;get_active_user_ws&amp;#x27;\n\n------------------------------ Captured log setup ------------------------------\nDEBUG    asyncio:proactor_events.py:634 Using proactor: IocpProactor\n&#34;}], &#34;tests/test_websocket_connection.py::test_websocket_message_handling&#34;: [{&#34;extras&#34;: [], &#34;result&#34;: &#34;Failed&#34;, &#34;testId&#34;: &#34;tests/test_websocket_connection.py::test_websocket_message_handling&#34;, &#34;duration&#34;: &#34;15 ms&#34;, &#34;resultsTableRow&#34;: [&#34;&lt;td class=\&#34;col-result\&#34;&gt;Failed&lt;/td&gt;&#34;, &#34;&lt;td class=\&#34;col-testId\&#34;&gt;tests/test_websocket_connection.py::test_websocket_message_handling&lt;/td&gt;&#34;, &#34;&lt;td class=\&#34;col-duration\&#34;&gt;15 ms&lt;/td&gt;&#34;, &#34;&lt;td class=\&#34;col-links\&#34;&gt;&lt;/td&gt;&#34;], &#34;log&#34;: &#34;tests\\test_websocket_connection.py:55: in test_websocket_message_handling\n    with patch(&amp;quot;app.auth.auth_dependencies.get_active_user_ws&amp;quot;) as mock_auth:\nC:\\Users\\antho\\miniconda3\\Lib\\unittest\\mock.py:1458: in __enter__\n    original, local = self.get_original()\nC:\\Users\\antho\\miniconda3\\Lib\\unittest\\mock.py:1431: in get_original\n    raise AttributeError(\nE   AttributeError: &amp;lt;module &amp;#x27;app.auth.auth_dependencies&amp;#x27; from &amp;#x27;C:\\\\Users\\\\antho\\\\OneDrive\\\\Desktop\\\\Netra\\\\netra-core-generation-1\\\\v2\\\\app\\\\auth\\\\auth_dependencies.py&amp;#x27;&amp;gt; does not have the attribute &amp;#x27;get_active_user_ws&amp;#x27;\n\n------------------------------ Captured log setup ------------------------------\nDEBUG    asyncio:proactor_events.py:634 Using proactor: IocpProactor\n&#34;}], &#34;tests/test_websocket_connection.py::test_websocket_broadcast&#34;: [{&#34;extras&#34;: [], &#34;result&#34;: &#34;Passed&#34;, &#34;testId&#34;: &#34;tests/test_websocket_connection.py::test_websocket_broadcast&#34;, &#34;duration&#34;: &#34;14 ms&#34;, &#34;resultsTableRow&#34;: [&#34;&lt;td class=\&#34;col-result\&#34;&gt;Passed&lt;/td&gt;&#34;, &#34;&lt;td class=\&#34;col-testId\&#34;&gt;tests/test_websocket_connection.py::test_websocket_broadcast&lt;/td&gt;&#34;, &#34;&lt;td class=\&#34;col-duration\&#34;&gt;14 ms&lt;/td&gt;&#34;, &#34;&lt;td class=\&#34;col-links\&#34;&gt;&lt;/td&gt;&#34;], &#34;log&#34;: &#34;------------------------------ Captured log setup ------------------------------\nDEBUG    asyncio:proactor_events.py:634 Using proactor: IocpProactor\n&#34;}], &#34;tests/test_websocket_connection.py::test_websocket_error_handling&#34;: [{&#34;extras&#34;: [], &#34;result&#34;: &#34;Failed&#34;, &#34;testId&#34;: &#34;tests/test_websocket_connection.py::test_websocket_error_handling&#34;, &#34;duration&#34;: &#34;28 ms&#34;, &#34;resultsTableRow&#34;: [&#34;&lt;td class=\&#34;col-result\&#34;&gt;Failed&lt;/td&gt;&#34;, &#34;&lt;td class=\&#34;col-testId\&#34;&gt;tests/test_websocket_connection.py::test_websocket_error_handling&lt;/td&gt;&#34;, &#34;&lt;td class=\&#34;col-duration\&#34;&gt;28 ms&lt;/td&gt;&#34;, &#34;&lt;td class=\&#34;col-links\&#34;&gt;&lt;/td&gt;&#34;], &#34;log&#34;: &#34;tests\\test_websocket_connection.py:86: in test_websocket_error_handling\n    with patch(&amp;quot;app.auth.auth_dependencies.get_active_user_ws&amp;quot;) as mock_auth:\nC:\\Users\\antho\\miniconda3\\Lib\\unittest\\mock.py:1458: in __enter__\n    original, local = self.get_original()\nC:\\Users\\antho\\miniconda3\\Lib\\unittest\\mock.py:1431: in get_original\n    raise AttributeError(\nE   AttributeError: &amp;lt;module &amp;#x27;app.auth.auth_dependencies&amp;#x27; from &amp;#x27;C:\\\\Users\\\\antho\\\\OneDrive\\\\Desktop\\\\Netra\\\\netra-core-generation-1\\\\v2\\\\app\\\\auth\\\\auth_dependencies.py&amp;#x27;&amp;gt; does not have the attribute &amp;#x27;get_active_user_ws&amp;#x27;\n\n------------------------------ Captured log setup ------------------------------\nDEBUG    asyncio:proactor_events.py:634 Using proactor: IocpProactor\n&#34;}], &#34;tests/test_websocket_connection.py::test_websocket_reconnection&#34;: [{&#34;extras&#34;: [], &#34;result&#34;: &#34;Failed&#34;, &#34;testId&#34;: &#34;tests/test_websocket_connection.py::test_websocket_reconnection&#34;, &#34;duration&#34;: &#34;8 ms&#34;, &#34;resultsTableRow&#34;: [&#34;&lt;td class=\&#34;col-result\&#34;&gt;Failed&lt;/td&gt;&#34;, &#34;&lt;td class=\&#34;col-testId\&#34;&gt;tests/test_websocket_connection.py::test_websocket_reconnection&lt;/td&gt;&#34;, &#34;&lt;td class=\&#34;col-duration\&#34;&gt;8 ms&lt;/td&gt;&#34;, &#34;&lt;td class=\&#34;col-links\&#34;&gt;&lt;/td&gt;&#34;], &#34;log&#34;: &#34;tests\\test_websocket_connection.py:102: in test_websocket_reconnection\n    with patch(&amp;quot;app.auth.auth_dependencies.get_active_user_ws&amp;quot;) as mock_auth:\nC:\\Users\\antho\\miniconda3\\Lib\\unittest\\mock.py:1458: in __enter__\n    original, local = self.get_original()\nC:\\Users\\antho\\miniconda3\\Lib\\unittest\\mock.py:1431: in get_original\n    raise AttributeError(\nE   AttributeError: &amp;lt;module &amp;#x27;app.auth.auth_dependencies&amp;#x27; from &amp;#x27;C:\\\\Users\\\\antho\\\\OneDrive\\\\Desktop\\\\Netra\\\\netra-core-generation-1\\\\v2\\\\app\\\\auth\\\\auth_dependencies.py&amp;#x27;&amp;gt; does not have the attribute &amp;#x27;get_active_user_ws&amp;#x27;\n\n------------------------------ Captured log setup ------------------------------\nDEBUG    asyncio:proactor_events.py:634 Using proactor: IocpProactor\n&#34;}], &#34;tests/test_websocket_connection.py::test_websocket_concurrent_connections&#34;: [{&#34;extras&#34;: [], &#34;result&#34;: &#34;Failed&#34;, &#34;testId&#34;: &#34;tests/test_websocket_connection.py::test_websocket_concurrent_connections&#34;, &#34;duration&#34;: &#34;16 ms&#34;, &#34;resultsTableRow&#34;: [&#34;&lt;td class=\&#34;col-result\&#34;&gt;Failed&lt;/td&gt;&#34;, &#34;&lt;td class=\&#34;col-testId\&#34;&gt;tests/test_websocket_connection.py::test_websocket_concurrent_connections&lt;/td&gt;&#34;, &#34;&lt;td class=\&#34;col-duration\&#34;&gt;16 ms&lt;/td&gt;&#34;, &#34;&lt;td class=\&#34;col-links\&#34;&gt;&lt;/td&gt;&#34;], &#34;log&#34;: &#34;tests\\test_websocket_connection.py:122: in test_websocket_concurrent_connections\n    with patch(&amp;quot;app.auth.auth_dependencies.get_active_user_ws&amp;quot;) as mock_auth:\nC:\\Users\\antho\\miniconda3\\Lib\\unittest\\mock.py:1458: in __enter__\n    original, local = self.get_original()\nC:\\Users\\antho\\miniconda3\\Lib\\unittest\\mock.py:1431: in get_original\n    raise AttributeError(\nE   AttributeError: &amp;lt;module &amp;#x27;app.auth.auth_dependencies&amp;#x27; from &amp;#x27;C:\\\\Users\\\\antho\\\\OneDrive\\\\Desktop\\\\Netra\\\\netra-core-generation-1\\\\v2\\\\app\\\\auth\\\\auth_dependencies.py&amp;#x27;&amp;gt; does not have the attribute &amp;#x27;get_active_user_ws&amp;#x27;\n\n------------------------------ Captured log setup ------------------------------\nDEBUG    asyncio:proactor_events.py:634 Using proactor: IocpProactor\n&#34;}], &#34;tests/test_websocket_connection.py::test_websocket_heartbeat&#34;: [{&#34;extras&#34;: [], &#34;result&#34;: &#34;Failed&#34;, &#34;testId&#34;: &#34;tests/test_websocket_connection.py::test_websocket_heartbeat&#34;, &#34;duration&#34;: &#34;26 ms&#34;, &#34;resultsTableRow&#34;: [&#34;&lt;td class=\&#34;col-result\&#34;&gt;Failed&lt;/td&gt;&#34;, &#34;&lt;td class=\&#34;col-testId\&#34;&gt;tests/test_websocket_connection.py::test_websocket_heartbeat&lt;/td&gt;&#34;, &#34;&lt;td class=\&#34;col-duration\&#34;&gt;26 ms&lt;/td&gt;&#34;, &#34;&lt;td class=\&#34;col-links\&#34;&gt;&lt;/td&gt;&#34;], &#34;log&#34;: &#34;tests\\test_websocket_connection.py:134: in test_websocket_heartbeat\n    with patch(&amp;quot;app.auth.auth_dependencies.get_active_user_ws&amp;quot;) as mock_auth:\nC:\\Users\\antho\\miniconda3\\Lib\\unittest\\mock.py:1458: in __enter__\n    original, local = self.get_original()\nC:\\Users\\antho\\miniconda3\\Lib\\unittest\\mock.py:1431: in get_original\n    raise AttributeError(\nE   AttributeError: &amp;lt;module &amp;#x27;app.auth.auth_dependencies&amp;#x27; from &amp;#x27;C:\\\\Users\\\\antho\\\\OneDrive\\\\Desktop\\\\Netra\\\\netra-core-generation-1\\\\v2\\\\app\\\\auth\\\\auth_dependencies.py&amp;#x27;&amp;gt; does not have the attribute &amp;#x27;get_active_user_ws&amp;#x27;\n\n------------------------------ Captured log setup ------------------------------\nDEBUG    asyncio:proactor_events.py:634 Using proactor: IocpProactor\n&#34;}], &#34;tests/test_websocket_connection.py::test_websocket_rate_limiting&#34;: [{&#34;extras&#34;: [], &#34;result&#34;: &#34;Failed&#34;, &#34;testId&#34;: &#34;tests/test_websocket_connection.py::test_websocket_rate_limiting&#34;, &#34;duration&#34;: &#34;23 ms&#34;, &#34;resultsTableRow&#34;: [&#34;&lt;td class=\&#34;col-result\&#34;&gt;Failed&lt;/td&gt;&#34;, &#34;&lt;td class=\&#34;col-testId\&#34;&gt;tests/test_websocket_connection.py::test_websocket_rate_limiting&lt;/td&gt;&#34;, &#34;&lt;td class=\&#34;col-duration\&#34;&gt;23 ms&lt;/td&gt;&#34;, &#34;&lt;td class=\&#34;col-links\&#34;&gt;&lt;/td&gt;&#34;], &#34;log&#34;: &#34;tests\\test_websocket_connection.py:152: in test_websocket_rate_limiting\n    with patch(&amp;quot;app.auth.auth_dependencies.get_active_user_ws&amp;quot;) as mock_auth:\nC:\\Users\\antho\\miniconda3\\Lib\\unittest\\mock.py:1458: in __enter__\n    original, local = self.get_original()\nC:\\Users\\antho\\miniconda3\\Lib\\unittest\\mock.py:1431: in get_original\n    raise AttributeError(\nE   AttributeError: &amp;lt;module &amp;#x27;app.auth.auth_dependencies&amp;#x27; from &amp;#x27;C:\\\\Users\\\\antho\\\\OneDrive\\\\Desktop\\\\Netra\\\\netra-core-generation-1\\\\v2\\\\app\\\\auth\\\\auth_dependencies.py&amp;#x27;&amp;gt; does not have the attribute &amp;#x27;get_active_user_ws&amp;#x27;\n\n------------------------------ Captured log setup ------------------------------\nDEBUG    asyncio:proactor_events.py:634 Using proactor: IocpProactor\n&#34;}], &#34;tests/test_ws.py::test_websocket_connection&#34;: [{&#34;extras&#34;: [], &#34;result&#34;: &#34;Failed&#34;, &#34;testId&#34;: &#34;tests/test_ws.py::test_websocket_connection&#34;, &#34;duration&#34;: &#34;5 ms&#34;, &#34;resultsTableRow&#34;: [&#34;&lt;td class=\&#34;col-result\&#34;&gt;Failed&lt;/td&gt;&#34;, &#34;&lt;td class=\&#34;col-testId\&#34;&gt;tests/test_ws.py::test_websocket_connection&lt;/td&gt;&#34;, &#34;&lt;td class=\&#34;col-duration\&#34;&gt;5 ms&lt;/td&gt;&#34;, &#34;&lt;td class=\&#34;col-links\&#34;&gt;&lt;/td&gt;&#34;], &#34;log&#34;: &#34;tests\\test_ws.py:25: in test_websocket_connection\n    assert user_id in manager.active_connections\nE   AssertionError: assert &amp;#x27;c3dba891-6b47-4dbb-9d9c-fbe857373f75&amp;#x27; in {}\nE    +  where {} = &amp;lt;app.ws_manager.WebSocketManager object at 0x0000024271DCF950&amp;gt;.active_connections\n\n------------------------------ Captured log setup ------------------------------\nDEBUG    asyncio:proactor_events.py:634 Using proactor: IocpProactor\n\n----------------------------- Captured stdout call -----------------------------\n2025-08-10 05:57:10.513 | ERROR    | app.routes.websockets:websocket_endpoint:21 - No token provided in query parameters\n\n------------------------------ Captured log call -------------------------------\nDEBUG    asyncio:proactor_events.py:634 Using proactor: IocpProactor\n\n&#34;}], &#34;tests/test_ws.py::test_websocket_disconnect&#34;: [{&#34;extras&#34;: [], &#34;result&#34;: &#34;Failed&#34;, &#34;testId&#34;: &#34;tests/test_ws.py::test_websocket_disconnect&#34;, &#34;duration&#34;: &#34;4 ms&#34;, &#34;resultsTableRow&#34;: [&#34;&lt;td class=\&#34;col-result\&#34;&gt;Failed&lt;/td&gt;&#34;, &#34;&lt;td class=\&#34;col-testId\&#34;&gt;tests/test_ws.py::test_websocket_disconnect&lt;/td&gt;&#34;, &#34;&lt;td class=\&#34;col-duration\&#34;&gt;4 ms&lt;/td&gt;&#34;, &#34;&lt;td class=\&#34;col-links\&#34;&gt;&lt;/td&gt;&#34;], &#34;log&#34;: &#34;tests\\test_ws.py:32: in test_websocket_disconnect\n    assert user_id in manager.active_connections\nE   AssertionError: assert &amp;#x27;ea0acaf3-ad7d-41a3-92d6-2a011dedd7fa&amp;#x27; in {}\nE    +  where {} = &amp;lt;app.ws_manager.WebSocketManager object at 0x0000024271DCF950&amp;gt;.active_connections\n\n------------------------------ Captured log setup ------------------------------\nDEBUG    asyncio:proactor_events.py:634 Using proactor: IocpProactor\n\n----------------------------- Captured stdout call -----------------------------\n2025-08-10 05:57:10.524 | ERROR    | app.routes.websockets:websocket_endpoint:21 - No token provided in query parameters\n\n------------------------------ Captured log call -------------------------------\nDEBUG    asyncio:proactor_events.py:634 Using proactor: IocpProactor\n\n&#34;}], &#34;tests/test_ws.py::test_websocket_unauthorized&#34;: [{&#34;extras&#34;: [], &#34;result&#34;: &#34;Failed&#34;, &#34;testId&#34;: &#34;tests/test_ws.py::test_websocket_unauthorized&#34;, &#34;duration&#34;: &#34;5 ms&#34;, &#34;resultsTableRow&#34;: [&#34;&lt;td class=\&#34;col-result\&#34;&gt;Failed&lt;/td&gt;&#34;, &#34;&lt;td class=\&#34;col-testId\&#34;&gt;tests/test_ws.py::test_websocket_unauthorized&lt;/td&gt;&#34;, &#34;&lt;td class=\&#34;col-duration\&#34;&gt;5 ms&lt;/td&gt;&#34;, &#34;&lt;td class=\&#34;col-links\&#34;&gt;&lt;/td&gt;&#34;], &#34;log&#34;: &#34;tests\\test_ws.py:40: in test_websocket_unauthorized\n    with pytest.raises(WebSocketDenialResponse):\nE   Failed: DID NOT RAISE &amp;lt;class &amp;#x27;starlette.testclient.WebSocketDenialResponse&amp;#x27;&amp;gt;\n\n------------------------------ Captured log setup ------------------------------\nDEBUG    asyncio:proactor_events.py:634 Using proactor: IocpProactor\n\n----------------------------- Captured stdout call -----------------------------\n2025-08-10 05:57:10.524 | ERROR    | app.routes.websockets:websocket_endpoint:21 - No token provided in query parameters\n\n------------------------------ Captured log call -------------------------------\nDEBUG    asyncio:proactor_events.py:634 Using proactor: IocpProactor\n\n&#34;}], &#34;tests/test_ws_manager.py::test_connect&#34;: [{&#34;extras&#34;: [], &#34;result&#34;: &#34;Passed&#34;, &#34;testId&#34;: &#34;tests/test_ws_manager.py::test_connect&#34;, &#34;duration&#34;: &#34;3 ms&#34;, &#34;resultsTableRow&#34;: [&#34;&lt;td class=\&#34;col-result\&#34;&gt;Passed&lt;/td&gt;&#34;, &#34;&lt;td class=\&#34;col-testId\&#34;&gt;tests/test_ws_manager.py::test_connect&lt;/td&gt;&#34;, &#34;&lt;td class=\&#34;col-duration\&#34;&gt;3 ms&lt;/td&gt;&#34;, &#34;&lt;td class=\&#34;col-links\&#34;&gt;&lt;/td&gt;&#34;], &#34;log&#34;: &#34;------------------------------ Captured log setup ------------------------------\nDEBUG    asyncio:proactor_events.py:634 Using proactor: IocpProactor\n\n----------------------------- Captured stdout call -----------------------------\n2025-08-10 05:57:10.545 | INFO     | app.ws_manager:connect:78 - WebSocket connected for user user1 (ID: conn_1754830630545)\n2025-08-10 05:57:10.545 | INFO     | app.ws_manager:disconnect:125 - WebSocket disconnected for user user1 (ID: conn_1754830630545, Duration: 0.0s, Messages: 0, Errors: 0)\n&#34;}], &#34;tests/test_ws_manager.py::test_disconnect&#34;: [{&#34;extras&#34;: [], &#34;result&#34;: &#34;Passed&#34;, &#34;testId&#34;: &#34;tests/test_ws_manager.py::test_disconnect&#34;, &#34;duration&#34;: &#34;2 ms&#34;, &#34;resultsTableRow&#34;: [&#34;&lt;td class=\&#34;col-result\&#34;&gt;Passed&lt;/td&gt;&#34;, &#34;&lt;td class=\&#34;col-testId\&#34;&gt;tests/test_ws_manager.py::test_disconnect&lt;/td&gt;&#34;, &#34;&lt;td class=\&#34;col-duration\&#34;&gt;2 ms&lt;/td&gt;&#34;, &#34;&lt;td class=\&#34;col-links\&#34;&gt;&lt;/td&gt;&#34;], &#34;log&#34;: &#34;------------------------------ Captured log setup ------------------------------\nDEBUG    asyncio:proactor_events.py:634 Using proactor: IocpProactor\n\n----------------------------- Captured stdout call -----------------------------\n2025-08-10 05:57:10.545 | INFO     | app.ws_manager:connect:78 - WebSocket connected for user user1 (ID: conn_1754830630545)\n2025-08-10 05:57:10.545 | INFO     | app.ws_manager:disconnect:125 - WebSocket disconnected for user user1 (ID: conn_1754830630545, Duration: 0.0s, Messages: 0, Errors: 0)\n&#34;}], &#34;tests/test_ws_manager.py::test_send_message&#34;: [{&#34;extras&#34;: [], &#34;result&#34;: &#34;Failed&#34;, &#34;testId&#34;: &#34;tests/test_ws_manager.py::test_send_message&#34;, &#34;duration&#34;: &#34;2 ms&#34;, &#34;resultsTableRow&#34;: [&#34;&lt;td class=\&#34;col-result\&#34;&gt;Failed&lt;/td&gt;&#34;, &#34;&lt;td class=\&#34;col-testId\&#34;&gt;tests/test_ws_manager.py::test_send_message&lt;/td&gt;&#34;, &#34;&lt;td class=\&#34;col-duration\&#34;&gt;2 ms&lt;/td&gt;&#34;, &#34;&lt;td class=\&#34;col-links\&#34;&gt;&lt;/td&gt;&#34;], &#34;log&#34;: &#34;tests\\test_ws_manager.py:36: in test_send_message\n    assert result == True\nE   assert False == True\n\n------------------------------ Captured log setup ------------------------------\nDEBUG    asyncio:proactor_events.py:634 Using proactor: IocpProactor\n\n----------------------------- Captured stdout call -----------------------------\n2025-08-10 05:57:10.545 | INFO     | app.ws_manager:connect:78 - WebSocket connected for user user1 (ID: conn_1754830630545)\n2025-08-10 05:57:10.545 | INFO     | app.ws_manager:disconnect:125 - WebSocket disconnected for user user1 (ID: conn_1754830630545, Duration: 0.0s, Messages: 0, Errors: 0)\n&#34;}], &#34;tests/test_ws_manager.py::test_broadcast&#34;: [{&#34;extras&#34;: [], &#34;result&#34;: &#34;Failed&#34;, &#34;testId&#34;: &#34;tests/test_ws_manager.py::test_broadcast&#34;, &#34;duration&#34;: &#34;4 ms&#34;, &#34;resultsTableRow&#34;: [&#34;&lt;td class=\&#34;col-result\&#34;&gt;Failed&lt;/td&gt;&#34;, &#34;&lt;td class=\&#34;col-testId\&#34;&gt;tests/test_ws_manager.py::test_broadcast&lt;/td&gt;&#34;, &#34;&lt;td class=\&#34;col-duration\&#34;&gt;4 ms&lt;/td&gt;&#34;, &#34;&lt;td class=\&#34;col-links\&#34;&gt;&lt;/td&gt;&#34;], &#34;log&#34;: &#34;C:\\Users\\antho\\miniconda3\\Lib\\unittest\\mock.py:923: in assert_called_once\n    raise AssertionError(msg)\nE   AssertionError: Expected &amp;#x27;send_json&amp;#x27; to have been called once. Called 0 times.\n\nDuring handling of the above exception, another exception occurred:\ntests\\test_ws_manager.py:57: in test_broadcast\n    ws1.send_json.assert_called_once()\nE   AssertionError: Expected &amp;#x27;send_json&amp;#x27; to have been called once. Called 0 times.\n\n------------------------------ Captured log setup ------------------------------\nDEBUG    asyncio:proactor_events.py:634 Using proactor: IocpProactor\n\n----------------------------- Captured stdout call -----------------------------\n2025-08-10 05:57:10.555 | INFO     | app.ws_manager:connect:78 - WebSocket connected for user user1 (ID: conn_1754830630555)\n2025-08-10 05:57:10.555 | INFO     | app.ws_manager:connect:78 - WebSocket connected for user user2 (ID: conn_1754830630555)\n2025-08-10 05:57:10.555 | ERROR    | app.ws_manager:broadcast:322 - Error broadcasting to user1: &amp;#x27;ConnectionInfo&amp;#x27; object has no attribute &amp;#x27;send_json&amp;#x27;\n2025-08-10 05:57:10.555 | ERROR    | app.ws_manager:broadcast:322 - Error broadcasting to user2: &amp;#x27;ConnectionInfo&amp;#x27; object has no attribute &amp;#x27;send_json&amp;#x27;\n2025-08-10 05:57:10.555 | INFO     | app.ws_manager:disconnect:125 - WebSocket disconnected for user user1 (ID: conn_1754830630555, Duration: 0.0s, Messages: 0, Errors: 0)\n&#34;}]}, &#34;renderCollapsed&#34;: [&#34;passed&#34;], &#34;initialSort&#34;: &#34;result&#34;, &#34;title&#34;: &#34;test_report_final.html&#34;}"></div>
    <script>
      (function(){function r(e,n,t){function o(i,f){if(!n[i]){if(!e[i]){var c="function"==typeof require&&require;if(!f&&c)return c(i,!0);if(u)return u(i,!0);var a=new Error("Cannot find module '"+i+"'");throw a.code="MODULE_NOT_FOUND",a}var p=n[i]={exports:{}};e[i][0].call(p.exports,function(r){var n=e[i][1][r];return o(n||r)},p,p.exports,r,e,n,t)}return n[i].exports}for(var u="function"==typeof require&&require,i=0;i<t.length;i++)o(t[i]);return o}return r})()({1:[function(require,module,exports){
const { getCollapsedCategory, setCollapsedIds } = require('./storage.js')

class DataManager {
    setManager(data) {
        const collapsedCategories = [...getCollapsedCategory(data.renderCollapsed)]
        const collapsedIds = []
        const tests = Object.values(data.tests).flat().map((test, index) => {
            const collapsed = collapsedCategories.includes(test.result.toLowerCase())
            const id = `test_${index}`
            if (collapsed) {
                collapsedIds.push(id)
            }
            return {
                ...test,
                id,
                collapsed,
            }
        })
        const dataBlob = { ...data, tests }
        this.data = { ...dataBlob }
        this.renderData = { ...dataBlob }
        setCollapsedIds(collapsedIds)
    }

    get allData() {
        return { ...this.data }
    }

    resetRender() {
        this.renderData = { ...this.data }
    }

    setRender(data) {
        this.renderData.tests = [...data]
    }

    toggleCollapsedItem(id) {
        this.renderData.tests = this.renderData.tests.map((test) =>
            test.id === id ? { ...test, collapsed: !test.collapsed } : test,
        )
    }

    set allCollapsed(collapsed) {
        this.renderData = { ...this.renderData, tests: [...this.renderData.tests.map((test) => (
            { ...test, collapsed }
        ))] }
    }

    get testSubset() {
        return [...this.renderData.tests]
    }

    get environment() {
        return this.renderData.environment
    }

    get initialSort() {
        return this.data.initialSort
    }
}

module.exports = {
    manager: new DataManager(),
}

},{"./storage.js":8}],2:[function(require,module,exports){
const mediaViewer = require('./mediaviewer.js')
const templateEnvRow = document.getElementById('template_environment_row')
const templateResult = document.getElementById('template_results-table__tbody')

function htmlToElements(html) {
    const temp = document.createElement('template')
    temp.innerHTML = html
    return temp.content.childNodes
}

const find = (selector, elem) => {
    if (!elem) {
        elem = document
    }
    return elem.querySelector(selector)
}

const findAll = (selector, elem) => {
    if (!elem) {
        elem = document
    }
    return [...elem.querySelectorAll(selector)]
}

const dom = {
    getStaticRow: (key, value) => {
        const envRow = templateEnvRow.content.cloneNode(true)
        const isObj = typeof value === 'object' && value !== null
        const values = isObj ? Object.keys(value).map((k) => `${k}: ${value[k]}`) : null

        const valuesElement = htmlToElements(
            values ? `<ul>${values.map((val) => `<li>${val}</li>`).join('')}<ul>` : `<div>${value}</div>`)[0]
        const td = findAll('td', envRow)
        td[0].textContent = key
        td[1].appendChild(valuesElement)

        return envRow
    },
    getResultTBody: ({ testId, id, log, extras, resultsTableRow, tableHtml, result, collapsed }) => {
        const resultBody = templateResult.content.cloneNode(true)
        resultBody.querySelector('tbody').classList.add(result.toLowerCase())
        resultBody.querySelector('tbody').id = testId
        resultBody.querySelector('.collapsible').dataset.id = id

        resultsTableRow.forEach((html) => {
            const t = document.createElement('template')
            t.innerHTML = html
            resultBody.querySelector('.collapsible').appendChild(t.content)
        })

        if (log) {
            // Wrap lines starting with "E" with span.error to color those lines red
            const wrappedLog = log.replace(/^E.*$/gm, (match) => `<span class="error">${match}</span>`)
            resultBody.querySelector('.log').innerHTML = wrappedLog
        } else {
            resultBody.querySelector('.log').remove()
        }

        if (collapsed) {
            resultBody.querySelector('.collapsible > td')?.classList.add('collapsed')
            resultBody.querySelector('.extras-row').classList.add('hidden')
        } else {
            resultBody.querySelector('.collapsible > td')?.classList.remove('collapsed')
        }

        const media = []
        extras?.forEach(({ name, format_type, content }) => {
            if (['image', 'video'].includes(format_type)) {
                media.push({ path: content, name, format_type })
            }

            if (format_type === 'html') {
                resultBody.querySelector('.extraHTML').insertAdjacentHTML('beforeend', `<div>${content}</div>`)
            }
        })
        mediaViewer.setup(resultBody, media)

        // Add custom html from the pytest_html_results_table_html hook
        tableHtml?.forEach((item) => {
            resultBody.querySelector('td[class="extra"]').insertAdjacentHTML('beforeend', item)
        })

        return resultBody
    },
}

module.exports = {
    dom,
    htmlToElements,
    find,
    findAll,
}

},{"./mediaviewer.js":6}],3:[function(require,module,exports){
const { manager } = require('./datamanager.js')
const { doSort } = require('./sort.js')
const storageModule = require('./storage.js')

const getFilteredSubSet = (filter) =>
    manager.allData.tests.filter(({ result }) => filter.includes(result.toLowerCase()))

const doInitFilter = () => {
    const currentFilter = storageModule.getVisible()
    const filteredSubset = getFilteredSubSet(currentFilter)
    manager.setRender(filteredSubset)
}

const doFilter = (type, show) => {
    if (show) {
        storageModule.showCategory(type)
    } else {
        storageModule.hideCategory(type)
    }

    const currentFilter = storageModule.getVisible()
    const filteredSubset = getFilteredSubSet(currentFilter)
    manager.setRender(filteredSubset)

    const sortColumn = storageModule.getSort()
    doSort(sortColumn, true)
}

module.exports = {
    doFilter,
    doInitFilter,
}

},{"./datamanager.js":1,"./sort.js":7,"./storage.js":8}],4:[function(require,module,exports){
const { redraw, bindEvents, renderStatic } = require('./main.js')
const { doInitFilter } = require('./filter.js')
const { doInitSort } = require('./sort.js')
const { manager } = require('./datamanager.js')
const data = JSON.parse(document.getElementById('data-container').dataset.jsonblob)

function init() {
    manager.setManager(data)
    doInitFilter()
    doInitSort()
    renderStatic()
    redraw()
    bindEvents()
}

init()

},{"./datamanager.js":1,"./filter.js":3,"./main.js":5,"./sort.js":7}],5:[function(require,module,exports){
const { dom, find, findAll } = require('./dom.js')
const { manager } = require('./datamanager.js')
const { doSort } = require('./sort.js')
const { doFilter } = require('./filter.js')
const {
    getVisible,
    getCollapsedIds,
    setCollapsedIds,
    getSort,
    getSortDirection,
    possibleFilters,
} = require('./storage.js')

const removeChildren = (node) => {
    while (node.firstChild) {
        node.removeChild(node.firstChild)
    }
}

const renderStatic = () => {
    const renderEnvironmentTable = () => {
        const environment = manager.environment
        const rows = Object.keys(environment).map((key) => dom.getStaticRow(key, environment[key]))
        const table = document.getElementById('environment')
        removeChildren(table)
        rows.forEach((row) => table.appendChild(row))
    }
    renderEnvironmentTable()
}

const addItemToggleListener = (elem) => {
    elem.addEventListener('click', ({ target }) => {
        const id = target.parentElement.dataset.id
        manager.toggleCollapsedItem(id)

        const collapsedIds = getCollapsedIds()
        if (collapsedIds.includes(id)) {
            const updated = collapsedIds.filter((item) => item !== id)
            setCollapsedIds(updated)
        } else {
            collapsedIds.push(id)
            setCollapsedIds(collapsedIds)
        }
        redraw()
    })
}

const renderContent = (tests) => {
    const sortAttr = getSort(manager.initialSort)
    const sortAsc = JSON.parse(getSortDirection())
    const rows = tests.map(dom.getResultTBody)
    const table = document.getElementById('results-table')
    const tableHeader = document.getElementById('results-table-head')

    const newTable = document.createElement('table')
    newTable.id = 'results-table'

    // remove all sorting classes and set the relevant
    findAll('.sortable', tableHeader).forEach((elem) => elem.classList.remove('asc', 'desc'))
    tableHeader.querySelector(`.sortable[data-column-type="${sortAttr}"]`)?.classList.add(sortAsc ? 'desc' : 'asc')
    newTable.appendChild(tableHeader)

    if (!rows.length) {
        const emptyTable = document.getElementById('template_results-table__body--empty').content.cloneNode(true)
        newTable.appendChild(emptyTable)
    } else {
        rows.forEach((row) => {
            if (!!row) {
                findAll('.collapsible td:not(.col-links', row).forEach(addItemToggleListener)
                find('.logexpander', row).addEventListener('click',
                    (evt) => evt.target.parentNode.classList.toggle('expanded'),
                )
                newTable.appendChild(row)
            }
        })
    }

    table.replaceWith(newTable)
}

const renderDerived = () => {
    const currentFilter = getVisible()
    possibleFilters.forEach((result) => {
        const input = document.querySelector(`input[data-test-result="${result}"]`)
        input.checked = currentFilter.includes(result)
    })
}

const bindEvents = () => {
    const filterColumn = (evt) => {
        const { target: element } = evt
        const { testResult } = element.dataset

        doFilter(testResult, element.checked)
        const collapsedIds = getCollapsedIds()
        const updated = manager.renderData.tests.map((test) => {
            return {
                ...test,
                collapsed: collapsedIds.includes(test.id),
            }
        })
        manager.setRender(updated)
        redraw()
    }

    const header = document.getElementById('environment-header')
    header.addEventListener('click', () => {
        const table = document.getElementById('environment')
        table.classList.toggle('hidden')
        header.classList.toggle('collapsed')
    })

    findAll('input[name="filter_checkbox"]').forEach((elem) => {
        elem.addEventListener('click', filterColumn)
    })

    findAll('.sortable').forEach((elem) => {
        elem.addEventListener('click', (evt) => {
            const { target: element } = evt
            const { columnType } = element.dataset
            doSort(columnType)
            redraw()
        })
    })

    document.getElementById('show_all_details').addEventListener('click', () => {
        manager.allCollapsed = false
        setCollapsedIds([])
        redraw()
    })
    document.getElementById('hide_all_details').addEventListener('click', () => {
        manager.allCollapsed = true
        const allIds = manager.renderData.tests.map((test) => test.id)
        setCollapsedIds(allIds)
        redraw()
    })
}

const redraw = () => {
    const { testSubset } = manager

    renderContent(testSubset)
    renderDerived()
}

module.exports = {
    redraw,
    bindEvents,
    renderStatic,
}

},{"./datamanager.js":1,"./dom.js":2,"./filter.js":3,"./sort.js":7,"./storage.js":8}],6:[function(require,module,exports){
class MediaViewer {
    constructor(assets) {
        this.assets = assets
        this.index = 0
    }

    nextActive() {
        this.index = this.index === this.assets.length - 1 ? 0 : this.index + 1
        return [this.activeFile, this.index]
    }

    prevActive() {
        this.index = this.index === 0 ? this.assets.length - 1 : this.index -1
        return [this.activeFile, this.index]
    }

    get currentIndex() {
        return this.index
    }

    get activeFile() {
        return this.assets[this.index]
    }
}


const setup = (resultBody, assets) => {
    if (!assets.length) {
        resultBody.querySelector('.media').classList.add('hidden')
        return
    }

    const mediaViewer = new MediaViewer(assets)
    const container = resultBody.querySelector('.media-container')
    const leftArrow = resultBody.querySelector('.media-container__nav--left')
    const rightArrow = resultBody.querySelector('.media-container__nav--right')
    const mediaName = resultBody.querySelector('.media__name')
    const counter = resultBody.querySelector('.media__counter')
    const imageEl = resultBody.querySelector('img')
    const sourceEl = resultBody.querySelector('source')
    const videoEl = resultBody.querySelector('video')

    const setImg = (media, index) => {
        if (media?.format_type === 'image') {
            imageEl.src = media.path

            imageEl.classList.remove('hidden')
            videoEl.classList.add('hidden')
        } else if (media?.format_type === 'video') {
            sourceEl.src = media.path

            videoEl.classList.remove('hidden')
            imageEl.classList.add('hidden')
        }

        mediaName.innerText = media?.name
        counter.innerText = `${index + 1} / ${assets.length}`
    }
    setImg(mediaViewer.activeFile, mediaViewer.currentIndex)

    const moveLeft = () => {
        const [media, index] = mediaViewer.prevActive()
        setImg(media, index)
    }
    const doRight = () => {
        const [media, index] = mediaViewer.nextActive()
        setImg(media, index)
    }
    const openImg = () => {
        window.open(mediaViewer.activeFile.path, '_blank')
    }
    if (assets.length === 1) {
        container.classList.add('media-container--fullscreen')
    } else {
        leftArrow.addEventListener('click', moveLeft)
        rightArrow.addEventListener('click', doRight)
    }
    imageEl.addEventListener('click', openImg)
}

module.exports = {
    setup,
}

},{}],7:[function(require,module,exports){
const { manager } = require('./datamanager.js')
const storageModule = require('./storage.js')

const genericSort = (list, key, ascending, customOrder) => {
    let sorted
    if (customOrder) {
        sorted = list.sort((a, b) => {
            const aValue = a.result.toLowerCase()
            const bValue = b.result.toLowerCase()

            const aIndex = customOrder.findIndex((item) => item.toLowerCase() === aValue)
            const bIndex = customOrder.findIndex((item) => item.toLowerCase() === bValue)

            // Compare the indices to determine the sort order
            return aIndex - bIndex
        })
    } else {
        sorted = list.sort((a, b) => a[key] === b[key] ? 0 : a[key] > b[key] ? 1 : -1)
    }

    if (ascending) {
        sorted.reverse()
    }
    return sorted
}

const durationSort = (list, ascending) => {
    const parseDuration = (duration) => {
        if (duration.includes(':')) {
            // If it's in the format "HH:mm:ss"
            const [hours, minutes, seconds] = duration.split(':').map(Number)
            return (hours * 3600 + minutes * 60 + seconds) * 1000
        } else {
            // If it's in the format "nnn ms"
            return parseInt(duration)
        }
    }
    const sorted = list.sort((a, b) => parseDuration(a['duration']) - parseDuration(b['duration']))
    if (ascending) {
        sorted.reverse()
    }
    return sorted
}

const doInitSort = () => {
    const type = storageModule.getSort(manager.initialSort)
    const ascending = storageModule.getSortDirection()
    const list = manager.testSubset
    const initialOrder = ['Error', 'Failed', 'Rerun', 'XFailed', 'XPassed', 'Skipped', 'Passed']

    storageModule.setSort(type)
    storageModule.setSortDirection(ascending)

    if (type?.toLowerCase() === 'original') {
        manager.setRender(list)
    } else {
        let sortedList
        switch (type) {
        case 'duration':
            sortedList = durationSort(list, ascending)
            break
        case 'result':
            sortedList = genericSort(list, type, ascending, initialOrder)
            break
        default:
            sortedList = genericSort(list, type, ascending)
            break
        }
        manager.setRender(sortedList)
    }
}

const doSort = (type, skipDirection) => {
    const newSortType = storageModule.getSort(manager.initialSort) !== type
    const currentAsc = storageModule.getSortDirection()
    let ascending
    if (skipDirection) {
        ascending = currentAsc
    } else {
        ascending = newSortType ? false : !currentAsc
    }
    storageModule.setSort(type)
    storageModule.setSortDirection(ascending)

    const list = manager.testSubset
    const sortedList = type === 'duration' ? durationSort(list, ascending) : genericSort(list, type, ascending)
    manager.setRender(sortedList)
}

module.exports = {
    doInitSort,
    doSort,
}

},{"./datamanager.js":1,"./storage.js":8}],8:[function(require,module,exports){
const possibleFilters = [
    'passed',
    'skipped',
    'failed',
    'error',
    'xfailed',
    'xpassed',
    'rerun',
]

const getVisible = () => {
    const url = new URL(window.location.href)
    const settings = new URLSearchParams(url.search).get('visible')
    const lower = (item) => {
        const lowerItem = item.toLowerCase()
        if (possibleFilters.includes(lowerItem)) {
            return lowerItem
        }
        return null
    }
    return settings === null ?
        possibleFilters :
        [...new Set(settings?.split(',').map(lower).filter((item) => item))]
}

const hideCategory = (categoryToHide) => {
    const url = new URL(window.location.href)
    const visibleParams = new URLSearchParams(url.search).get('visible')
    const currentVisible = visibleParams ? visibleParams.split(',') : [...possibleFilters]
    const settings = [...new Set(currentVisible)].filter((f) => f !== categoryToHide).join(',')

    url.searchParams.set('visible', settings)
    window.history.pushState({}, null, unescape(url.href))
}

const showCategory = (categoryToShow) => {
    if (typeof window === 'undefined') {
        return
    }
    const url = new URL(window.location.href)
    const currentVisible = new URLSearchParams(url.search).get('visible')?.split(',').filter(Boolean) ||
        [...possibleFilters]
    const settings = [...new Set([categoryToShow, ...currentVisible])]
    const noFilter = possibleFilters.length === settings.length || !settings.length

    noFilter ? url.searchParams.delete('visible') : url.searchParams.set('visible', settings.join(','))
    window.history.pushState({}, null, unescape(url.href))
}

const getSort = (initialSort) => {
    const url = new URL(window.location.href)
    let sort = new URLSearchParams(url.search).get('sort')
    if (!sort) {
        sort = initialSort || 'result'
    }
    return sort
}

const setSort = (type) => {
    const url = new URL(window.location.href)
    url.searchParams.set('sort', type)
    window.history.pushState({}, null, unescape(url.href))
}

const getCollapsedCategory = (renderCollapsed) => {
    let categories
    if (typeof window !== 'undefined') {
        const url = new URL(window.location.href)
        const collapsedItems = new URLSearchParams(url.search).get('collapsed')
        switch (true) {
        case !renderCollapsed && collapsedItems === null:
            categories = ['passed']
            break
        case collapsedItems?.length === 0 || /^["']{2}$/.test(collapsedItems):
            categories = []
            break
        case /^all$/.test(collapsedItems) || collapsedItems === null && /^all$/.test(renderCollapsed):
            categories = [...possibleFilters]
            break
        default:
            categories = collapsedItems?.split(',').map((item) => item.toLowerCase()) || renderCollapsed
            break
        }
    } else {
        categories = []
    }
    return categories
}

const getSortDirection = () => JSON.parse(sessionStorage.getItem('sortAsc')) || false
const setSortDirection = (ascending) => sessionStorage.setItem('sortAsc', ascending)

const getCollapsedIds = () => JSON.parse(sessionStorage.getItem('collapsedIds')) || []
const setCollapsedIds = (list) => sessionStorage.setItem('collapsedIds', JSON.stringify(list))

module.exports = {
    getVisible,
    hideCategory,
    showCategory,
    getCollapsedIds,
    setCollapsedIds,
    getSort,
    setSort,
    getSortDirection,
    setSortDirection,
    getCollapsedCategory,
    possibleFilters,
}

},{}]},{},[4]);
    </script>
  </footer>
</html>