{
  "total_tests": 6,
  "passed_tests": 1,
  "failed_tests": 5,
  "timeout_tests": 0,
  "error_tests": 0,
  "skipped_tests": 0,
  "total_duration": 34.149314403533936,
  "success_rate": 16.666666666666664,
  "critical_tests_passed": 1,
  "critical_tests_total": 6,
  "results": [
    {
      "test_name": "Auth Integration Fixed",
      "file_path": "test_critical_unified_flows.py::TestCriticalUnifiedFlows::test_complete_signup_login_chat_flow",
      "status": "failed",
      "duration": 4.052263975143433,
      "exit_code": 4,
      "stdout": "============================= test session starts =============================\nplatform win32 -- Python 3.12.4, pytest-8.4.1, pluggy-1.6.0 -- C:\\Users\\antho\\miniconda3\\python.exe\ncachedir: .pytest_cache\nmetadata: {'Python': '3.12.4', 'Platform': 'Windows-11-10.0.26100-SP0', 'Packages': {'pytest': '8.4.1', 'pluggy': '1.6.0'}, 'Plugins': {'anyio': '4.9.0', 'Faker': '37.5.3', 'langsmith': '0.4.14', 'asyncio': '1.1.0', 'cov': '6.2.1', 'mock': '3.14.1', 'xdist': '3.8.0', 'html': '4.1.1', 'json-report': '1.5.0', 'metadata': '3.1.1', 'timeout': '2.4.0', 'typeguard': '4.4.4'}}\nrootdir: C:\\Users\\antho\\OneDrive\\Desktop\\Netra\\netra-core-generation-1\nconfigfile: pytest.ini\nplugins: anyio-4.9.0, Faker-37.5.3, langsmith-0.4.14, asyncio-1.1.0, cov-6.2.1, mock-3.14.1, xdist-3.8.0, html-4.1.1, json-report-1.5.0, metadata-3.1.1, timeout-2.4.0, typeguard-4.4.4\nasyncio: mode=Mode.STRICT, asyncio_default_fixture_loop_scope=None, asyncio_default_test_loop_scope=function\ntimeout: 30.0s\ntimeout method: thread\ntimeout func_only: False\ncollecting ... collected 0 items\n\n============================== warnings summary ===============================\napp\\schemas\\auth_types.py:119\n  C:\\Users\\antho\\OneDrive\\Desktop\\Netra\\netra-core-generation-1\\app\\schemas\\auth_types.py:119: PydanticDeprecatedSince20: Pydantic V1 style `@validator` validators are deprecated. You should migrate to Pydantic V2 style `@field_validator` validators, see the migration guide for more details. Deprecated in Pydantic V2.0 to be removed in V3.0. See Pydantic V2 Migration Guide at https://errors.pydantic.dev/2.11/migration/\n    @validator('password')\n\n-- Docs: https://docs.pytest.org/en/stable/how-to/capture-warnings.html\n============================= 1 warning in 0.02s ==============================\n",
      "stderr": "ERROR: file or directory not found: test_critical_unified_flows.py::TestCriticalUnifiedFlows::test_complete_signup_login_chat_flow\n\n",
      "priority": "P0"
    },
    {
      "test_name": "WebSocket Auth Integration",
      "file_path": "test_real_websocket_auth_integration.py",
      "status": "failed",
      "duration": 8.19894814491272,
      "exit_code": 1,
      "stdout": "============================= test session starts =============================\nplatform win32 -- Python 3.12.4, pytest-8.4.1, pluggy-1.6.0 -- C:\\Users\\antho\\miniconda3\\python.exe\ncachedir: .pytest_cache\nmetadata: {'Python': '3.12.4', 'Platform': 'Windows-11-10.0.26100-SP0', 'Packages': {'pytest': '8.4.1', 'pluggy': '1.6.0'}, 'Plugins': {'anyio': '4.9.0', 'Faker': '37.5.3', 'langsmith': '0.4.14', 'asyncio': '1.1.0', 'cov': '6.2.1', 'mock': '3.14.1', 'xdist': '3.8.0', 'html': '4.1.1', 'json-report': '1.5.0', 'metadata': '3.1.1', 'timeout': '2.4.0', 'typeguard': '4.4.4'}}\nrootdir: C:\\Users\\antho\\OneDrive\\Desktop\\Netra\\netra-core-generation-1\nconfigfile: pytest.ini\nplugins: anyio-4.9.0, Faker-37.5.3, langsmith-0.4.14, asyncio-1.1.0, cov-6.2.1, mock-3.14.1, xdist-3.8.0, html-4.1.1, json-report-1.5.0, metadata-3.1.1, timeout-2.4.0, typeguard-4.4.4\nasyncio: mode=Mode.STRICT, asyncio_default_fixture_loop_scope=None, asyncio_default_test_loop_scope=function\ntimeout: 20.0s\ntimeout method: thread\ntimeout func_only: False\ncollecting ... collected 7 items\n\ntests/unified/e2e/test_real_websocket_auth_integration.py::TestRealWebSocketAuthIntegration::test_complete_auth_flow_across_services FAILED [ 14%]\n\n================================== FAILURES ===================================\n__ TestRealWebSocketAuthIntegration.test_complete_auth_flow_across_services ___\ntests\\unified\\e2e\\test_real_websocket_auth_integration.py:225: in test_complete_auth_flow_across_services\n    response = await asyncio.wait_for(websocket.recv(), timeout=3.0)\n               ^^^^^^^^^^^^^^^^^^^^^^^^^^^^^^^^^^^^^^^^^^^^^^^^^^^^^\n..\\..\\..\\..\\miniconda3\\Lib\\asyncio\\tasks.py:520: in wait_for\n    return await fut\n           ^^^^^^^^^\n..\\..\\..\\..\\AppData\\Roaming\\Python\\Python312\\site-packages\\websockets\\asyncio\\connection.py:322: in recv\n    raise self.protocol.close_exc from self.recv_exc\nE   websockets.exceptions.ConnectionClosedError: received 1008 (policy violation) Authentication failed: Invalid token; then sent 1008 (policy violation) Authentication failed: Invalid token\n----------------------------- Captured log setup ------------------------------\nDEBUG    faker.factory:factory.py:78 Looking for locale `en_US` in provider `faker.providers.address`.\nDEBUG    faker.factory:factory.py:97 Provider `faker.providers.address` has been localized to `en_US`.\nDEBUG    faker.factory:factory.py:78 Looking for locale `en_US` in provider `faker.providers.automotive`.\nDEBUG    faker.factory:factory.py:97 Provider `faker.providers.automotive` has been localized to `en_US`.\nDEBUG    faker.factory:factory.py:78 Looking for locale `en_US` in provider `faker.providers.bank`.\nDEBUG    faker.factory:factory.py:88 Specified locale `en_US` is not available for provider `faker.providers.bank`. Locale reset to `en_GB` for this provider.\nDEBUG    faker.factory:factory.py:78 Looking for locale `en_US` in provider `faker.providers.barcode`.\nDEBUG    faker.factory:factory.py:97 Provider `faker.providers.barcode` has been localized to `en_US`.\nDEBUG    faker.factory:factory.py:78 Looking for locale `en_US` in provider `faker.providers.color`.\nDEBUG    faker.factory:factory.py:97 Provider `faker.providers.color` has been localized to `en_US`.\nDEBUG    faker.factory:factory.py:78 Looking for locale `en_US` in provider `faker.providers.company`.\nDEBUG    faker.factory:factory.py:97 Provider `faker.providers.company` has been localized to `en_US`.\nDEBUG    faker.factory:factory.py:78 Looking for locale `en_US` in provider `faker.providers.credit_card`.\nDEBUG    faker.factory:factory.py:97 Provider `faker.providers.credit_card` has been localized to `en_US`.\nDEBUG    faker.factory:factory.py:78 Looking for locale `en_US` in provider `faker.providers.currency`.\nDEBUG    faker.factory:factory.py:97 Provider `faker.providers.currency` has been localized to `en_US`.\nDEBUG    faker.factory:factory.py:78 Looking for locale `en_US` in provider `faker.providers.date_time`.\nDEBUG    faker.factory:factory.py:97 Provider `faker.providers.date_time` has been localized to `en_US`.\nDEBUG    faker.factory:factory.py:108 Provider `faker.providers.doi` does not feature localization. Specified locale `en_US` is not utilized for this provider.\nDEBUG    faker.factory:factory.py:108 Provider `faker.providers.emoji` does not feature localization. Specified locale `en_US` is not utilized for this provider.\nDEBUG    faker.factory:factory.py:108 Provider `faker.providers.file` does not feature localization. Specified locale `en_US` is not utilized for this provider.\nDEBUG    faker.factory:factory.py:78 Looking for locale `en_US` in provider `faker.providers.geo`.\nDEBUG    faker.factory:factory.py:97 Provider `faker.providers.geo` has been localized to `en_US`.\nDEBUG    faker.factory:factory.py:78 Looking for locale `en_US` in provider `faker.providers.internet`.\nDEBUG    faker.factory:factory.py:97 Provider `faker.providers.internet` has been localized to `en_US`.\nDEBUG    faker.factory:factory.py:78 Looking for locale `en_US` in provider `faker.providers.isbn`.\nDEBUG    faker.factory:factory.py:97 Provider `faker.providers.isbn` has been localized to `en_US`.\nDEBUG    faker.factory:factory.py:78 Looking for locale `en_US` in provider `faker.providers.job`.\nDEBUG    faker.factory:factory.py:97 Provider `faker.providers.job` has been localized to `en_US`.\nDEBUG    faker.factory:factory.py:78 Looking for locale `en_US` in provider `faker.providers.lorem`.\nDEBUG    faker.factory:factory.py:97 Provider `faker.providers.lorem` has been localized to `en_US`.\nDEBUG    faker.factory:factory.py:78 Looking for locale `en_US` in provider `faker.providers.misc`.\nDEBUG    faker.factory:factory.py:97 Provider `faker.providers.misc` has been localized to `en_US`.\nDEBUG    faker.factory:factory.py:78 Looking for locale `en_US` in provider `faker.providers.passport`.\nDEBUG    faker.factory:factory.py:97 Provider `faker.providers.passport` has been localized to `en_US`.\nDEBUG    faker.factory:factory.py:78 Looking for locale `en_US` in provider `faker.providers.person`.\nDEBUG    faker.factory:factory.py:97 Provider `faker.providers.person` has been localized to `en_US`.\nDEBUG    faker.factory:factory.py:78 Looking for locale `en_US` in provider `faker.providers.phone_number`.\nDEBUG    faker.factory:factory.py:97 Provider `faker.providers.phone_number` has been localized to `en_US`.\nDEBUG    faker.factory:factory.py:108 Provider `faker.providers.profile` does not feature localization. Specified locale `en_US` is not utilized for this provider.\nDEBUG    faker.factory:factory.py:108 Provider `faker.providers.python` does not feature localization. Specified locale `en_US` is not utilized for this provider.\nDEBUG    faker.factory:factory.py:108 Provider `faker.providers.sbn` does not feature localization. Specified locale `en_US` is not utilized for this provider.\nDEBUG    faker.factory:factory.py:78 Looking for locale `en_US` in provider `faker.providers.ssn`.\nDEBUG    faker.factory:factory.py:97 Provider `faker.providers.ssn` has been localized to `en_US`.\nDEBUG    faker.factory:factory.py:108 Provider `faker.providers.user_agent` does not feature localization. Specified locale `en_US` is not utilized for this provider.\nDEBUG    asyncio:proactor_events.py:634 Using proactor: IocpProactor\nDEBUG    asyncio:proactor_events.py:634 Using proactor: IocpProactor\n---------------------------- Captured stderr call -----------------------------\n2025-08-19 12:53:24.609 | INFO     | logging:handle:1028 | HTTP Request: POST http://localhost:8001/auth/dev/login \"HTTP/1.1 404 Not Found\"\n2025-08-19 12:53:25.130 | INFO     | logging:handle:1028 | HTTP Request: GET http://localhost:8000/health \"HTTP/1.1 200 OK\"\n------------------------------ Captured log call ------------------------------\nDEBUG    httpcore.connection:_trace.py:87 connect_tcp.started host='localhost' port=8001 local_address=None timeout=5.0 socket_options=None\nDEBUG    httpcore.connection:_trace.py:87 connect_tcp.complete return_value=<httpcore._backends.anyio.AnyIOStream object at 0x000001C7368A1F70>\nDEBUG    httpcore.http11:_trace.py:87 send_request_headers.started request=<Request [b'POST']>\nDEBUG    httpcore.http11:_trace.py:87 send_request_headers.complete\nDEBUG    httpcore.http11:_trace.py:87 send_request_body.started request=<Request [b'POST']>\nDEBUG    httpcore.http11:_trace.py:87 send_request_body.complete\nDEBUG    httpcore.http11:_trace.py:87 receive_response_headers.started request=<Request [b'POST']>\nDEBUG    httpcore.http11:_trace.py:87 receive_response_headers.complete return_value=(b'HTTP/1.1', 404, b'Not Found', [(b'date', b'Tue, 19 Aug 2025 19:53:24 GMT'), (b'server', b'uvicorn'), (b'content-length', b'22'), (b'content-type', b'application/json'), (b'x-content-type-options', b'nosniff'), (b'x-frame-options', b'DENY'), (b'x-xss-protection', b'1; mode=block'), (b'referrer-policy', b'strict-origin-when-cross-origin'), (b'permissions-policy', b'geolocation=(), microphone=(), camera=(), payment=(), usb=(), magnetometer=(), gyroscope=(), accelerometer=(), ambient-light-sensor=(), autoplay=(), encrypted-media=(), fullscreen=(), picture-in-picture=()'), (b'x-robots-tag', b'noindex, nofollow, noarchive, nosnippet'), (b'cache-control', b'no-store, no-cache, must-revalidate, private'), (b'pragma', b'no-cache'), (b'expires', b'0'), (b'content-security-policy', b\"default-src 'self' 'unsafe-inline' 'unsafe-eval'; script-src 'nonce-er-sRYE9gKrjuoZykza7Mw' 'self' 'unsafe-inline' 'unsafe-eval' http: https:; style-src 'nonce-er-sRYE9gKrjuoZykza7Mw' 'self' 'unsafe-inline' http: https:; font-src 'self' http: https: data:; img-src 'self' data: http: https:; connect-src 'self' http: https: ws: wss:; frame-ancestors 'self'; base-uri 'self'; form-action 'self'\"), (b'x-request-start', b'1755633204605'), (b'x-environment', b'development'), (b'x-security-fingerprint', b'868bb94bc10318f1'), (b'x-trace-id', b'8071c14f-aafd-496d-aef6-8e562ef693a7')])\nINFO     httpx:_client.py:1740 HTTP Request: POST http://localhost:8001/auth/dev/login \"HTTP/1.1 404 Not Found\"\nDEBUG    httpcore.http11:_trace.py:87 receive_response_body.started request=<Request [b'POST']>\nDEBUG    httpcore.http11:_trace.py:87 receive_response_body.complete\nDEBUG    httpcore.http11:_trace.py:87 response_closed.started\nDEBUG    httpcore.http11:_trace.py:87 response_closed.complete\nDEBUG    httpcore.connection:_trace.py:87 close.started\nDEBUG    httpcore.connection:_trace.py:87 close.complete\nDEBUG    httpcore.connection:_trace.py:87 connect_tcp.started host='localhost' port=8000 local_address=None timeout=5.0 socket_options=None\nDEBUG    httpcore.connection:_trace.py:87 connect_tcp.complete return_value=<httpcore._backends.anyio.AnyIOStream object at 0x000001C736909280>\nDEBUG    httpcore.http11:_trace.py:87 send_request_headers.started request=<Request [b'GET']>\nDEBUG    httpcore.http11:_trace.py:87 send_request_headers.complete\nDEBUG    httpcore.http11:_trace.py:87 send_request_body.started request=<Request [b'GET']>\nDEBUG    httpcore.http11:_trace.py:87 send_request_body.complete\nDEBUG    httpcore.http11:_trace.py:87 receive_response_headers.started request=<Request [b'GET']>\nDEBUG    httpcore.http11:_trace.py:87 receive_response_headers.complete return_value=(b'HTTP/1.1', 200, b'OK', [(b'date', b'Tue, 19 Aug 2025 19:53:24 GMT'), (b'server', b'uvicorn'), (b'content-length', b'281'), (b'content-type', b'application/json'), (b'x-content-type-options', b'nosniff'), (b'x-frame-options', b'DENY'), (b'x-xss-protection', b'1; mode=block'), (b'referrer-policy', b'strict-origin-when-cross-origin'), (b'permissions-policy', b'geolocation=(), microphone=(), camera=(), payment=(), usb=(), magnetometer=(), gyroscope=(), accelerometer=(), ambient-light-sensor=(), autoplay=(), encrypted-media=(), fullscreen=(), picture-in-picture=()'), (b'x-robots-tag', b'noindex, nofollow, noarchive, nosnippet'), (b'cache-control', b'no-store, no-cache, must-revalidate, private'), (b'pragma', b'no-cache'), (b'expires', b'0'), (b'content-security-policy', b\"default-src 'self' 'unsafe-inline' 'unsafe-eval'; script-src 'nonce-QNZhibaa9OXUmnF1mmb9vA' 'self' 'unsafe-inline' 'unsafe-eval' http: https:; style-src 'nonce-QNZhibaa9OXUmnF1mmb9vA' 'self' 'unsafe-inline' http: https:; font-src 'self' http: https: data:; img-src 'self' data: http: https:; connect-src 'self' http: https: ws: wss:; frame-ancestors 'self'; base-uri 'self'; form-action 'self'\"), (b'x-request-start', b'1755633205128'), (b'x-environment', b'development'), (b'x-security-fingerprint', b'871e2fd49e31b443'), (b'x-trace-id', b'5f0eca22-9647-4aba-9b2e-e9a149c88bad')])\nINFO     httpx:_client.py:1740 HTTP Request: GET http://localhost:8000/health \"HTTP/1.1 200 OK\"\nDEBUG    httpcore.http11:_trace.py:87 receive_response_body.started request=<Request [b'GET']>\nDEBUG    httpcore.http11:_trace.py:87 receive_response_body.complete\nDEBUG    httpcore.http11:_trace.py:87 response_closed.started\nDEBUG    httpcore.http11:_trace.py:87 response_closed.complete\nDEBUG    httpcore.connection:_trace.py:87 close.started\nDEBUG    httpcore.connection:_trace.py:87 close.complete\nDEBUG    websockets.client:protocol.py:175 = connection is CONNECTING\nDEBUG    websockets.client:client.py:292 > GET /ws?token=eyJhbGciOiJIUzI1NiIsInR5cCI6IkpXVCJ9.eyJzdWIiOiJ0ZXN0LXVzZXItMGZiOTVjMDEiLCJlbWFpbCI6InRlc3RAbmV0cmEuYWkiLCJwZXJtaXNzaW9ucyI6WyJyZWFkIiwid3JpdGUiXSwiaWF0IjoxNzU1NjMzMjA0LCJleHAiOjE3NTU2MzQxMDQsInRva2VuX3R5cGUiOiJhY2Nlc3MiLCJpc3MiOiJuZXRyYS1hdXRoLXNlcnZpY2UifQ.vA-dDa-QJOwYeIxvHDdOBRhM4H7FECJI3X54xOu0Zks HTTP/1.1\nDEBUG    websockets.client:client.py:294 > Host: localhost:8000\nDEBUG    websockets.client:client.py:294 > Upgrade: websocket\nDEBUG    websockets.client:client.py:294 > Connection: Upgrade\nDEBUG    websockets.client:client.py:294 > Sec-WebSocket-Key: 9oOlq47OdEgBxI30evPPRg==\nDEBUG    websockets.client:client.py:294 > Sec-WebSocket-Version: 13\nDEBUG    websockets.client:client.py:294 > Sec-WebSocket-Extensions: permessage-deflate; client_max_window_bits\nDEBUG    websockets.client:client.py:294 > User-Agent: Python/3.12 websockets/15.0.1\nDEBUG    websockets.client:client.py:318 < HTTP/1.1 101 Switching Protocols\nDEBUG    websockets.client:client.py:320 < Upgrade: websocket\nDEBUG    websockets.client:client.py:320 < Connection: Upgrade\nDEBUG    websockets.client:client.py:320 < Sec-WebSocket-Accept: uYNfvvaZeFmoiUyzeHla+s2VtCg=\nDEBUG    websockets.client:client.py:320 < Sec-WebSocket-Extensions: permessage-deflate\nDEBUG    websockets.client:client.py:320 < date: Tue, 19 Aug 2025 19:53:25 GMT\nDEBUG    websockets.client:client.py:320 < server: uvicorn\nDEBUG    websockets.client:protocol.py:175 = connection is OPEN\nDEBUG    websockets.client:protocol.py:745 > PING 8e c7 94 47 [binary, 4 bytes]\nDEBUG    websockets.client:protocol.py:745 > TEXT '{\"type\": \"ping\", \"timestamp\": 1755633207.1923943}' [49 bytes]\nDEBUG    websockets.client:protocol.py:599 < PONG 8e c7 94 47 [binary, 4 bytes]\nDEBUG    websockets.client:protocol.py:599 < CLOSE 1008 (policy violation) Authentication failed: Invalid token [38 bytes]\nDEBUG    websockets.client:protocol.py:745 > CLOSE 1008 (policy violation) Authentication failed: Invalid token [38 bytes]\nDEBUG    websockets.client:protocol.py:175 = connection is CLOSING\nDEBUG    websockets.client:protocol.py:649 < EOF\nDEBUG    websockets.client:protocol.py:757 > EOF\nDEBUG    websockets.client:protocol.py:175 = connection is CLOSED\nDEBUG    websockets.client:connection.py:974 x half-closing TCP connection\n============================== warnings summary ===============================\napp\\schemas\\auth_types.py:119\n  C:\\Users\\antho\\OneDrive\\Desktop\\Netra\\netra-core-generation-1\\app\\schemas\\auth_types.py:119: PydanticDeprecatedSince20: Pydantic V1 style `@validator` validators are deprecated. You should migrate to Pydantic V2 style `@field_validator` validators, see the migration guide for more details. Deprecated in Pydantic V2.0 to be removed in V3.0. See Pydantic V2 Migration Guide at https://errors.pydantic.dev/2.11/migration/\n    @validator('password')\n\ntests\\unified\\e2e\\test_real_websocket_auth_integration.py:172\n  C:\\Users\\antho\\OneDrive\\Desktop\\Netra\\netra-core-generation-1\\tests\\unified\\e2e\\test_real_websocket_auth_integration.py:172: PytestUnknownMarkWarning: Unknown pytest.mark.integration - is this a typo?  You can register custom marks to avoid this warning - for details, see https://docs.pytest.org/en/stable/how-to/mark.html\n    @pytest.mark.integration\n\n-- Docs: https://docs.pytest.org/en/stable/how-to/capture-warnings.html\n=========================== short test summary info ===========================\nFAILED tests/unified/e2e/test_real_websocket_auth_integration.py::TestRealWebSocketAuthIntegration::test_complete_auth_flow_across_services\n!!!!!!!!!!!!!!!!!!!!!!!!!! stopping after 1 failures !!!!!!!!!!!!!!!!!!!!!!!!!!\n======================== 1 failed, 2 warnings in 4.75s ========================\n",
      "stderr": "",
      "priority": "P0"
    },
    {
      "test_name": "Cross-Service Auth Sync",
      "file_path": "test_critical_unified_flows.py::TestCriticalUnifiedFlows::test_jwt_token_cross_service_validation",
      "status": "failed",
      "duration": 3.244361400604248,
      "exit_code": 4,
      "stdout": "============================= test session starts =============================\nplatform win32 -- Python 3.12.4, pytest-8.4.1, pluggy-1.6.0 -- C:\\Users\\antho\\miniconda3\\python.exe\ncachedir: .pytest_cache\nmetadata: {'Python': '3.12.4', 'Platform': 'Windows-11-10.0.26100-SP0', 'Packages': {'pytest': '8.4.1', 'pluggy': '1.6.0'}, 'Plugins': {'anyio': '4.9.0', 'Faker': '37.5.3', 'langsmith': '0.4.14', 'asyncio': '1.1.0', 'cov': '6.2.1', 'mock': '3.14.1', 'xdist': '3.8.0', 'html': '4.1.1', 'json-report': '1.5.0', 'metadata': '3.1.1', 'timeout': '2.4.0', 'typeguard': '4.4.4'}}\nrootdir: C:\\Users\\antho\\OneDrive\\Desktop\\Netra\\netra-core-generation-1\nconfigfile: pytest.ini\nplugins: anyio-4.9.0, Faker-37.5.3, langsmith-0.4.14, asyncio-1.1.0, cov-6.2.1, mock-3.14.1, xdist-3.8.0, html-4.1.1, json-report-1.5.0, metadata-3.1.1, timeout-2.4.0, typeguard-4.4.4\nasyncio: mode=Mode.STRICT, asyncio_default_fixture_loop_scope=None, asyncio_default_test_loop_scope=function\ntimeout: 30.0s\ntimeout method: thread\ntimeout func_only: False\ncollecting ... collected 0 items\n\n============================== warnings summary ===============================\napp\\schemas\\auth_types.py:119\n  C:\\Users\\antho\\OneDrive\\Desktop\\Netra\\netra-core-generation-1\\app\\schemas\\auth_types.py:119: PydanticDeprecatedSince20: Pydantic V1 style `@validator` validators are deprecated. You should migrate to Pydantic V2 style `@field_validator` validators, see the migration guide for more details. Deprecated in Pydantic V2.0 to be removed in V3.0. See Pydantic V2 Migration Guide at https://errors.pydantic.dev/2.11/migration/\n    @validator('password')\n\n-- Docs: https://docs.pytest.org/en/stable/how-to/capture-warnings.html\n============================= 1 warning in 0.02s ==============================\n",
      "stderr": "ERROR: file or directory not found: test_critical_unified_flows.py::TestCriticalUnifiedFlows::test_jwt_token_cross_service_validation\n\n",
      "priority": "P0"
    },
    {
      "test_name": "Auth Service Independence",
      "file_path": "test_auth_service_independence.py",
      "status": "passed",
      "duration": 7.3433051109313965,
      "exit_code": 0,
      "stdout": "============================= test session starts =============================\nplatform win32 -- Python 3.12.4, pytest-8.4.1, pluggy-1.6.0 -- C:\\Users\\antho\\miniconda3\\python.exe\ncachedir: .pytest_cache\nmetadata: {'Python': '3.12.4', 'Platform': 'Windows-11-10.0.26100-SP0', 'Packages': {'pytest': '8.4.1', 'pluggy': '1.6.0'}, 'Plugins': {'anyio': '4.9.0', 'Faker': '37.5.3', 'langsmith': '0.4.14', 'asyncio': '1.1.0', 'cov': '6.2.1', 'mock': '3.14.1', 'xdist': '3.8.0', 'html': '4.1.1', 'json-report': '1.5.0', 'metadata': '3.1.1', 'timeout': '2.4.0', 'typeguard': '4.4.4'}}\nrootdir: C:\\Users\\antho\\OneDrive\\Desktop\\Netra\\netra-core-generation-1\nconfigfile: pytest.ini\nplugins: anyio-4.9.0, Faker-37.5.3, langsmith-0.4.14, asyncio-1.1.0, cov-6.2.1, mock-3.14.1, xdist-3.8.0, html-4.1.1, json-report-1.5.0, metadata-3.1.1, timeout-2.4.0, typeguard-4.4.4\nasyncio: mode=Mode.STRICT, asyncio_default_fixture_loop_scope=None, asyncio_default_test_loop_scope=function\ntimeout: 20.0s\ntimeout method: thread\ntimeout func_only: False\ncollecting ... collected 3 items\n\ntests/unified/e2e/test_auth_service_independence.py::test_auth_service_complete_independence PASSED [ 33%]\ntests/unified/e2e/test_auth_service_independence.py::test_auth_service_no_forbidden_imports PASSED [ 66%]\ntests/unified/e2e/test_auth_service_independence.py::test_auth_service_standalone_startup_performance PASSED [100%]\n\n============================== warnings summary ===============================\napp\\schemas\\auth_types.py:119\n  C:\\Users\\antho\\OneDrive\\Desktop\\Netra\\netra-core-generation-1\\app\\schemas\\auth_types.py:119: PydanticDeprecatedSince20: Pydantic V1 style `@validator` validators are deprecated. You should migrate to Pydantic V2 style `@field_validator` validators, see the migration guide for more details. Deprecated in Pydantic V2.0 to be removed in V3.0. See Pydantic V2 Migration Guide at https://errors.pydantic.dev/2.11/migration/\n    @validator('password')\n\n-- Docs: https://docs.pytest.org/en/stable/how-to/capture-warnings.html\n======================== 3 passed, 1 warning in 3.56s =========================\n",
      "stderr": "",
      "priority": "P0"
    },
    {
      "test_name": "Database Sync Fixed",
      "file_path": "test_real_database_consistency.py",
      "status": "failed",
      "duration": 5.694235324859619,
      "exit_code": 1,
      "stdout": "============================= test session starts =============================\nplatform win32 -- Python 3.12.4, pytest-8.4.1, pluggy-1.6.0 -- C:\\Users\\antho\\miniconda3\\python.exe\ncachedir: .pytest_cache\nmetadata: {'Python': '3.12.4', 'Platform': 'Windows-11-10.0.26100-SP0', 'Packages': {'pytest': '8.4.1', 'pluggy': '1.6.0'}, 'Plugins': {'anyio': '4.9.0', 'Faker': '37.5.3', 'langsmith': '0.4.14', 'asyncio': '1.1.0', 'cov': '6.2.1', 'mock': '3.14.1', 'xdist': '3.8.0', 'html': '4.1.1', 'json-report': '1.5.0', 'metadata': '3.1.1', 'timeout': '2.4.0', 'typeguard': '4.4.4'}}\nrootdir: C:\\Users\\antho\\OneDrive\\Desktop\\Netra\\netra-core-generation-1\nconfigfile: pytest.ini\nplugins: anyio-4.9.0, Faker-37.5.3, langsmith-0.4.14, asyncio-1.1.0, cov-6.2.1, mock-3.14.1, xdist-3.8.0, html-4.1.1, json-report-1.5.0, metadata-3.1.1, timeout-2.4.0, typeguard-4.4.4\nasyncio: mode=Mode.STRICT, asyncio_default_fixture_loop_scope=None, asyncio_default_test_loop_scope=function\ntimeout: 20.0s\ntimeout method: thread\ntimeout func_only: False\ncollecting ... collected 7 items\n\ntests/unified/e2e/test_real_database_consistency.py::TestRealDatabaseConsistency::test_create_user_auth_to_postgres_sync ERROR [ 14%]\n\n=================================== ERRORS ====================================\n_ ERROR at setup of TestRealDatabaseConsistency.test_create_user_auth_to_postgres_sync _\ntests\\unified\\e2e\\test_real_database_consistency.py:46: in real_database_manager\n    await manager.initialize_connections()\ntests\\unified\\e2e\\test_real_database_consistency.py:65: in initialize_connections\n    await self._init_auth_database()\ntests\\unified\\e2e\\test_real_database_consistency.py:74: in _init_auth_database\n    self.auth_db_pool = await asyncpg.create_pool(\n..\\..\\..\\..\\AppData\\Roaming\\Python\\Python312\\site-packages\\asyncpg\\pool.py:418: in _async__init__\n    await self._initialize()\n..\\..\\..\\..\\AppData\\Roaming\\Python\\Python312\\site-packages\\asyncpg\\pool.py:445: in _initialize\n    await first_ch.connect()\n..\\..\\..\\..\\AppData\\Roaming\\Python\\Python312\\site-packages\\asyncpg\\pool.py:132: in connect\n    self._con = await self._pool._get_new_connection()\n                ^^^^^^^^^^^^^^^^^^^^^^^^^^^^^^^^^^^^^^\n..\\..\\..\\..\\AppData\\Roaming\\Python\\Python312\\site-packages\\asyncpg\\pool.py:517: in _get_new_connection\n    con = await self._connect(\n..\\..\\..\\..\\AppData\\Roaming\\Python\\Python312\\site-packages\\asyncpg\\connection.py:2421: in connect\n    return await connect_utils._connect(\n..\\..\\..\\..\\AppData\\Roaming\\Python\\Python312\\site-packages\\asyncpg\\connect_utils.py:1049: in _connect\n    conn = await _connect_addr(\n..\\..\\..\\..\\AppData\\Roaming\\Python\\Python312\\site-packages\\asyncpg\\connect_utils.py:886: in _connect_addr\n    return await __connect_addr(params, True, *args)\n           ^^^^^^^^^^^^^^^^^^^^^^^^^^^^^^^^^^^^^^^^^\n..\\..\\..\\..\\AppData\\Roaming\\Python\\Python312\\site-packages\\asyncpg\\connect_utils.py:934: in __connect_addr\n    await connected\nE   asyncpg.exceptions.InvalidPasswordError: password authentication failed for user \"postgres\"\n----------------------------- Captured log setup ------------------------------\nDEBUG    faker.factory:factory.py:78 Looking for locale `en_US` in provider `faker.providers.address`.\nDEBUG    faker.factory:factory.py:97 Provider `faker.providers.address` has been localized to `en_US`.\nDEBUG    faker.factory:factory.py:78 Looking for locale `en_US` in provider `faker.providers.automotive`.\nDEBUG    faker.factory:factory.py:97 Provider `faker.providers.automotive` has been localized to `en_US`.\nDEBUG    faker.factory:factory.py:78 Looking for locale `en_US` in provider `faker.providers.bank`.\nDEBUG    faker.factory:factory.py:88 Specified locale `en_US` is not available for provider `faker.providers.bank`. Locale reset to `en_GB` for this provider.\nDEBUG    faker.factory:factory.py:78 Looking for locale `en_US` in provider `faker.providers.barcode`.\nDEBUG    faker.factory:factory.py:97 Provider `faker.providers.barcode` has been localized to `en_US`.\nDEBUG    faker.factory:factory.py:78 Looking for locale `en_US` in provider `faker.providers.color`.\nDEBUG    faker.factory:factory.py:97 Provider `faker.providers.color` has been localized to `en_US`.\nDEBUG    faker.factory:factory.py:78 Looking for locale `en_US` in provider `faker.providers.company`.\nDEBUG    faker.factory:factory.py:97 Provider `faker.providers.company` has been localized to `en_US`.\nDEBUG    faker.factory:factory.py:78 Looking for locale `en_US` in provider `faker.providers.credit_card`.\nDEBUG    faker.factory:factory.py:97 Provider `faker.providers.credit_card` has been localized to `en_US`.\nDEBUG    faker.factory:factory.py:78 Looking for locale `en_US` in provider `faker.providers.currency`.\nDEBUG    faker.factory:factory.py:97 Provider `faker.providers.currency` has been localized to `en_US`.\nDEBUG    faker.factory:factory.py:78 Looking for locale `en_US` in provider `faker.providers.date_time`.\nDEBUG    faker.factory:factory.py:97 Provider `faker.providers.date_time` has been localized to `en_US`.\nDEBUG    faker.factory:factory.py:108 Provider `faker.providers.doi` does not feature localization. Specified locale `en_US` is not utilized for this provider.\nDEBUG    faker.factory:factory.py:108 Provider `faker.providers.emoji` does not feature localization. Specified locale `en_US` is not utilized for this provider.\nDEBUG    faker.factory:factory.py:108 Provider `faker.providers.file` does not feature localization. Specified locale `en_US` is not utilized for this provider.\nDEBUG    faker.factory:factory.py:78 Looking for locale `en_US` in provider `faker.providers.geo`.\nDEBUG    faker.factory:factory.py:97 Provider `faker.providers.geo` has been localized to `en_US`.\nDEBUG    faker.factory:factory.py:78 Looking for locale `en_US` in provider `faker.providers.internet`.\nDEBUG    faker.factory:factory.py:97 Provider `faker.providers.internet` has been localized to `en_US`.\nDEBUG    faker.factory:factory.py:78 Looking for locale `en_US` in provider `faker.providers.isbn`.\nDEBUG    faker.factory:factory.py:97 Provider `faker.providers.isbn` has been localized to `en_US`.\nDEBUG    faker.factory:factory.py:78 Looking for locale `en_US` in provider `faker.providers.job`.\nDEBUG    faker.factory:factory.py:97 Provider `faker.providers.job` has been localized to `en_US`.\nDEBUG    faker.factory:factory.py:78 Looking for locale `en_US` in provider `faker.providers.lorem`.\nDEBUG    faker.factory:factory.py:97 Provider `faker.providers.lorem` has been localized to `en_US`.\nDEBUG    faker.factory:factory.py:78 Looking for locale `en_US` in provider `faker.providers.misc`.\nDEBUG    faker.factory:factory.py:97 Provider `faker.providers.misc` has been localized to `en_US`.\nDEBUG    faker.factory:factory.py:78 Looking for locale `en_US` in provider `faker.providers.passport`.\nDEBUG    faker.factory:factory.py:97 Provider `faker.providers.passport` has been localized to `en_US`.\nDEBUG    faker.factory:factory.py:78 Looking for locale `en_US` in provider `faker.providers.person`.\nDEBUG    faker.factory:factory.py:97 Provider `faker.providers.person` has been localized to `en_US`.\nDEBUG    faker.factory:factory.py:78 Looking for locale `en_US` in provider `faker.providers.phone_number`.\nDEBUG    faker.factory:factory.py:97 Provider `faker.providers.phone_number` has been localized to `en_US`.\nDEBUG    faker.factory:factory.py:108 Provider `faker.providers.profile` does not feature localization. Specified locale `en_US` is not utilized for this provider.\nDEBUG    faker.factory:factory.py:108 Provider `faker.providers.python` does not feature localization. Specified locale `en_US` is not utilized for this provider.\nDEBUG    faker.factory:factory.py:108 Provider `faker.providers.sbn` does not feature localization. Specified locale `en_US` is not utilized for this provider.\nDEBUG    faker.factory:factory.py:78 Looking for locale `en_US` in provider `faker.providers.ssn`.\nDEBUG    faker.factory:factory.py:97 Provider `faker.providers.ssn` has been localized to `en_US`.\nDEBUG    faker.factory:factory.py:108 Provider `faker.providers.user_agent` does not feature localization. Specified locale `en_US` is not utilized for this provider.\nDEBUG    asyncio:proactor_events.py:634 Using proactor: IocpProactor\nDEBUG    asyncio:proactor_events.py:634 Using proactor: IocpProactor\n============================== warnings summary ===============================\napp\\schemas\\auth_types.py:119\n  C:\\Users\\antho\\OneDrive\\Desktop\\Netra\\netra-core-generation-1\\app\\schemas\\auth_types.py:119: PydanticDeprecatedSince20: Pydantic V1 style `@validator` validators are deprecated. You should migrate to Pydantic V2 style `@field_validator` validators, see the migration guide for more details. Deprecated in Pydantic V2.0 to be removed in V3.0. See Pydantic V2 Migration Guide at https://errors.pydantic.dev/2.11/migration/\n    @validator('password')\n\ntests\\unified\\e2e\\test_real_database_consistency.py:373\n  C:\\Users\\antho\\OneDrive\\Desktop\\Netra\\netra-core-generation-1\\tests\\unified\\e2e\\test_real_database_consistency.py:373: PytestUnknownMarkWarning: Unknown pytest.mark.e2e - is this a typo?  You can register custom marks to avoid this warning - for details, see https://docs.pytest.org/en/stable/how-to/mark.html\n    @pytest.mark.e2e\n\ntests\\unified\\e2e\\test_real_database_consistency.py:398\n  C:\\Users\\antho\\OneDrive\\Desktop\\Netra\\netra-core-generation-1\\tests\\unified\\e2e\\test_real_database_consistency.py:398: PytestUnknownMarkWarning: Unknown pytest.mark.e2e - is this a typo?  You can register custom marks to avoid this warning - for details, see https://docs.pytest.org/en/stable/how-to/mark.html\n    @pytest.mark.e2e\n\ntests\\unified\\e2e\\test_real_database_consistency.py:421\n  C:\\Users\\antho\\OneDrive\\Desktop\\Netra\\netra-core-generation-1\\tests\\unified\\e2e\\test_real_database_consistency.py:421: PytestUnknownMarkWarning: Unknown pytest.mark.e2e - is this a typo?  You can register custom marks to avoid this warning - for details, see https://docs.pytest.org/en/stable/how-to/mark.html\n    @pytest.mark.e2e\n\ntests\\unified\\e2e\\test_real_database_consistency.py:449\n  C:\\Users\\antho\\OneDrive\\Desktop\\Netra\\netra-core-generation-1\\tests\\unified\\e2e\\test_real_database_consistency.py:449: PytestUnknownMarkWarning: Unknown pytest.mark.e2e - is this a typo?  You can register custom marks to avoid this warning - for details, see https://docs.pytest.org/en/stable/how-to/mark.html\n    @pytest.mark.e2e\n\ntests\\unified\\e2e\\test_real_database_consistency.py:478\n  C:\\Users\\antho\\OneDrive\\Desktop\\Netra\\netra-core-generation-1\\tests\\unified\\e2e\\test_real_database_consistency.py:478: PytestUnknownMarkWarning: Unknown pytest.mark.e2e - is this a typo?  You can register custom marks to avoid this warning - for details, see https://docs.pytest.org/en/stable/how-to/mark.html\n    @pytest.mark.e2e\n\ntests\\unified\\e2e\\test_real_database_consistency.py:497\n  C:\\Users\\antho\\OneDrive\\Desktop\\Netra\\netra-core-generation-1\\tests\\unified\\e2e\\test_real_database_consistency.py:497: PytestUnknownMarkWarning: Unknown pytest.mark.e2e - is this a typo?  You can register custom marks to avoid this warning - for details, see https://docs.pytest.org/en/stable/how-to/mark.html\n    @pytest.mark.e2e\n\ntests\\unified\\e2e\\test_real_database_consistency.py:532\n  C:\\Users\\antho\\OneDrive\\Desktop\\Netra\\netra-core-generation-1\\tests\\unified\\e2e\\test_real_database_consistency.py:532: PytestUnknownMarkWarning: Unknown pytest.mark.e2e - is this a typo?  You can register custom marks to avoid this warning - for details, see https://docs.pytest.org/en/stable/how-to/mark.html\n    @pytest.mark.e2e\n\ntests\\unified\\e2e\\test_real_database_consistency.py:533\n  C:\\Users\\antho\\OneDrive\\Desktop\\Netra\\netra-core-generation-1\\tests\\unified\\e2e\\test_real_database_consistency.py:533: PytestUnknownMarkWarning: Unknown pytest.mark.performance - is this a typo?  You can register custom marks to avoid this warning - for details, see https://docs.pytest.org/en/stable/how-to/mark.html\n    @pytest.mark.performance\n\n-- Docs: https://docs.pytest.org/en/stable/how-to/capture-warnings.html\n=========================== short test summary info ===========================\nERROR tests/unified/e2e/test_real_database_consistency.py::TestRealDatabaseConsistency::test_create_user_auth_to_postgres_sync\n!!!!!!!!!!!!!!!!!!!!!!!!!! stopping after 1 failures !!!!!!!!!!!!!!!!!!!!!!!!!!\n======================== 9 warnings, 1 error in 1.81s =========================\n",
      "stderr": "",
      "priority": "P0"
    },
    {
      "test_name": "Health Cascade Prevention",
      "file_path": "test_critical_unified_flows.py::TestCriticalUnifiedFlows::test_service_health_and_recovery",
      "status": "failed",
      "duration": 5.6162004470825195,
      "exit_code": 4,
      "stdout": "============================= test session starts =============================\nplatform win32 -- Python 3.12.4, pytest-8.4.1, pluggy-1.6.0 -- C:\\Users\\antho\\miniconda3\\python.exe\ncachedir: .pytest_cache\nmetadata: {'Python': '3.12.4', 'Platform': 'Windows-11-10.0.26100-SP0', 'Packages': {'pytest': '8.4.1', 'pluggy': '1.6.0'}, 'Plugins': {'anyio': '4.9.0', 'Faker': '37.5.3', 'langsmith': '0.4.14', 'asyncio': '1.1.0', 'cov': '6.2.1', 'mock': '3.14.1', 'xdist': '3.8.0', 'html': '4.1.1', 'json-report': '1.5.0', 'metadata': '3.1.1', 'timeout': '2.4.0', 'typeguard': '4.4.4'}}\nrootdir: C:\\Users\\antho\\OneDrive\\Desktop\\Netra\\netra-core-generation-1\nconfigfile: pytest.ini\nplugins: anyio-4.9.0, Faker-37.5.3, langsmith-0.4.14, asyncio-1.1.0, cov-6.2.1, mock-3.14.1, xdist-3.8.0, html-4.1.1, json-report-1.5.0, metadata-3.1.1, timeout-2.4.0, typeguard-4.4.4\nasyncio: mode=Mode.STRICT, asyncio_default_fixture_loop_scope=None, asyncio_default_test_loop_scope=function\ntimeout: 30.0s\ntimeout method: thread\ntimeout func_only: False\ncollecting ... collected 0 items\n\n============================== warnings summary ===============================\napp\\schemas\\auth_types.py:119\n  C:\\Users\\antho\\OneDrive\\Desktop\\Netra\\netra-core-generation-1\\app\\schemas\\auth_types.py:119: PydanticDeprecatedSince20: Pydantic V1 style `@validator` validators are deprecated. You should migrate to Pydantic V2 style `@field_validator` validators, see the migration guide for more details. Deprecated in Pydantic V2.0 to be removed in V3.0. See Pydantic V2 Migration Guide at https://errors.pydantic.dev/2.11/migration/\n    @validator('password')\n\n-- Docs: https://docs.pytest.org/en/stable/how-to/capture-warnings.html\n============================= 1 warning in 0.02s ==============================\n",
      "stderr": "ERROR: file or directory not found: test_critical_unified_flows.py::TestCriticalUnifiedFlows::test_service_health_and_recovery\n\n",
      "priority": "P0"
    }
  ]
}