{
  "total_files": 12,
  "passed_files": 4,
  "failed_files": 7,
  "timeout_files": 1,
  "error_files": 0,
  "total_duration": 138.25528931617737,
  "success_rate": 33.33333333333333,
  "results": [
    {
      "file_path": "C:\\Users\\antho\\OneDrive\\Desktop\\Netra\\netra-core-generation-1\\tests\\unified\\e2e\\test_auth_complete_flow.py",
      "status": "passed",
      "duration": 3.5911195278167725,
      "exit_code": 0,
      "stdout": "============================= test session starts =============================\nplatform win32 -- Python 3.12.4, pytest-8.4.1, pluggy-1.6.0 -- C:\\Users\\antho\\miniconda3\\python.exe\ncachedir: .pytest_cache\nmetadata: {'Python': '3.12.4', 'Platform': 'Windows-11-10.0.26100-SP0', 'Packages': {'pytest': '8.4.1', 'pluggy': '1.6.0'}, 'Plugins': {'anyio': '4.9.0', 'Faker': '37.5.3', 'langsmith': '0.4.14', 'asyncio': '1.1.0', 'cov': '6.2.1', 'mock': '3.14.1', 'xdist': '3.8.0', 'html': '4.1.1', 'json-report': '1.5.0', 'metadata': '3.1.1', 'timeout': '2.4.0', 'typeguard': '4.4.4'}}\nrootdir: C:\\Users\\antho\\OneDrive\\Desktop\\Netra\\netra-core-generation-1\nconfigfile: pytest.ini\nplugins: anyio-4.9.0, Faker-37.5.3, langsmith-0.4.14, asyncio-1.1.0, cov-6.2.1, mock-3.14.1, xdist-3.8.0, html-4.1.1, json-report-1.5.0, metadata-3.1.1, timeout-2.4.0, typeguard-4.4.4\nasyncio: mode=Mode.STRICT, asyncio_default_fixture_loop_scope=None, asyncio_default_test_loop_scope=function\ntimeout: 15.0s\ntimeout method: thread\ntimeout func_only: False\ncollecting ... collected 3 items\n\ntests/unified/e2e/test_auth_complete_flow.py::test_complete_new_user_registration_to_first_chat PASSED [ 33%]\ntests/unified/e2e/test_auth_complete_flow.py::test_session_security_and_logout_propagation PASSED [ 66%]\ntests/unified/e2e/test_auth_complete_flow.py::test_auth_e2e_performance_validation PASSED [100%]\n\n============================== warnings summary ===============================\napp\\schemas\\auth_types.py:119\n  C:\\Users\\antho\\OneDrive\\Desktop\\Netra\\netra-core-generation-1\\app\\schemas\\auth_types.py:119: PydanticDeprecatedSince20: Pydantic V1 style `@validator` validators are deprecated. You should migrate to Pydantic V2 style `@field_validator` validators, see the migration guide for more details. Deprecated in Pydantic V2.0 to be removed in V3.0. See Pydantic V2 Migration Guide at https://errors.pydantic.dev/2.11/migration/\n    @validator('password')\n\n-- Docs: https://docs.pytest.org/en/stable/how-to/capture-warnings.html\n======================== 3 passed, 1 warning in 0.83s =========================\n",
      "stderr": ""
    },
    {
      "file_path": "C:\\Users\\antho\\OneDrive\\Desktop\\Netra\\netra-core-generation-1\\tests\\unified\\e2e\\test_concurrent_agent_load.py",
      "status": "failed",
      "duration": 18.04675817489624,
      "exit_code": 1,
      "stdout": "============================= test session starts =============================\nplatform win32 -- Python 3.12.4, pytest-8.4.1, pluggy-1.6.0 -- C:\\Users\\antho\\miniconda3\\python.exe\ncachedir: .pytest_cache\nmetadata: {'Python': '3.12.4', 'Platform': 'Windows-11-10.0.26100-SP0', 'Packages': {'pytest': '8.4.1', 'pluggy': '1.6.0'}, 'Plugins': {'anyio': '4.9.0', 'Faker': '37.5.3', 'langsmith': '0.4.14', 'asyncio': '1.1.0', 'cov': '6.2.1', 'mock': '3.14.1', 'xdist': '3.8.0', 'html': '4.1.1', 'json-report': '1.5.0', 'metadata': '3.1.1', 'timeout': '2.4.0', 'typeguard': '4.4.4'}}\nrootdir: C:\\Users\\antho\\OneDrive\\Desktop\\Netra\\netra-core-generation-1\nconfigfile: pytest.ini\nplugins: anyio-4.9.0, Faker-37.5.3, langsmith-0.4.14, asyncio-1.1.0, cov-6.2.1, mock-3.14.1, xdist-3.8.0, html-4.1.1, json-report-1.5.0, metadata-3.1.1, timeout-2.4.0, typeguard-4.4.4\nasyncio: mode=Mode.STRICT, asyncio_default_fixture_loop_scope=None, asyncio_default_test_loop_scope=function\ntimeout: 15.0s\ntimeout method: thread\ntimeout func_only: False\ncollecting ... collected 1 item\n\ntests/unified/e2e/test_concurrent_agent_load.py::test_concurrent_agent_load_processing +++++++++++++++++++++++++++++++++++ Timeout +++++++++++++++++++++++++++++++++++\n~~~~~~~~~~~~~~~~~~~~~~~~~~~~~~~ Captured stderr ~~~~~~~~~~~~~~~~~~~~~~~~~~~~~~~\n2025-08-19 09:04:16.786 | INFO     | logging:handle:1028 | Configured 3 services\n2025-08-19 09:04:16.786 | INFO     | logging:handle:1028 | Starting E2E test environment\n2025-08-19 09:04:20.846 | WARNING  | logging:handle:1028 | Retrying (Retry(total=0, connect=None, read=None, redirect=0, status=None)) after connection broken by 'NewConnectionError('<urllib3.connection.HTTPSConnection object at 0x00000228365FCBC0>: Failed to establish a new connection: [WinError 10061] No connection could be made because the target machine actively refused it')': /?\n2025-08-19 09:04:24.896 | WARNING  | logging:handle:1028 | Unexpected Http Driver Exception\n2025-08-19 09:04:25.409 | WARNING  | logging:handle:1028 | Port 8081 already in use\n2025-08-19 09:04:26.412 | INFO     | logging:handle:1028 | Starting backend: C:\\Users\\antho\\miniconda3\\python.exe -m uvicorn app.main:app --host 0.0.0.0 --port 8000 --reload false\n~~~~~~~~~~~~~~~~~~~~~~~~~ Stack of asyncio_0 (18972) ~~~~~~~~~~~~~~~~~~~~~~~~~~\n  File \"C:\\Users\\antho\\miniconda3\\Lib\\threading.py\", line 1030, in _bootstrap\n    self._bootstrap_inner()\n  File \"C:\\Users\\antho\\miniconda3\\Lib\\threading.py\", line 1073, in _bootstrap_inner\n    self.run()\n  File \"C:\\Users\\antho\\miniconda3\\Lib\\threading.py\", line 1010, in run\n    self._target(*self._args, **self._kwargs)\n  File \"C:\\Users\\antho\\miniconda3\\Lib\\concurrent\\futures\\thread.py\", line 89, in _worker\n    work_item = work_queue.get(block=True)\n~~~~~~~~~~~~~~~~~~~~~~ Stack of loguru-writer-1 (35396) ~~~~~~~~~~~~~~~~~~~~~~~\n  File \"C:\\Users\\antho\\miniconda3\\Lib\\threading.py\", line 1030, in _bootstrap\n    self._bootstrap_inner()\n  File \"C:\\Users\\antho\\miniconda3\\Lib\\threading.py\", line 1073, in _bootstrap_inner\n    self.run()\n  File \"C:\\Users\\antho\\miniconda3\\Lib\\threading.py\", line 1010, in run\n    self._target(*self._args, **self._kwargs)\n  File \"C:\\Users\\antho\\AppData\\Roaming\\Python\\Python312\\site-packages\\loguru\\_handler.py\", line 300, in _queued_writer\n    message = queue.get()\n  File \"C:\\Users\\antho\\miniconda3\\Lib\\multiprocessing\\queues.py\", line 387, in get\n    res = self._reader.recv_bytes()\n  File \"C:\\Users\\antho\\miniconda3\\Lib\\multiprocessing\\connection.py\", line 216, in recv_bytes\n    buf = self._recv_bytes(maxlength)\n  File \"C:\\Users\\antho\\miniconda3\\Lib\\multiprocessing\\connection.py\", line 321, in _recv_bytes\n    waitres = _winapi.WaitForMultipleObjects(\n~~~~~~~~~~~~~~~~~~~~~~~~~ Stack of MainThread (12644) ~~~~~~~~~~~~~~~~~~~~~~~~~\n  File \"<frozen runpy>\", line 198, in _run_module_as_main\n  File \"<frozen runpy>\", line 88, in _run_code\n  File \"C:\\Users\\antho\\AppData\\Roaming\\Python\\Python312\\site-packages\\pytest\\__main__.py\", line 9, in <module>\n    raise SystemExit(pytest.console_main())\n  File \"C:\\Users\\antho\\AppData\\Roaming\\Python\\Python312\\site-packages\\_pytest\\config\\__init__.py\", line 201, in console_main\n    code = main()\n  File \"C:\\Users\\antho\\AppData\\Roaming\\Python\\Python312\\site-packages\\_pytest\\config\\__init__.py\", line 175, in main\n    ret: ExitCode | int = config.hook.pytest_cmdline_main(config=config)\n  File \"C:\\Users\\antho\\AppData\\Roaming\\Python\\Python312\\site-packages\\pluggy\\_hooks.py\", line 512, in __call__\n    return self._hookexec(self.name, self._hookimpls.copy(), kwargs, firstresult)\n  File \"C:\\Users\\antho\\AppData\\Roaming\\Python\\Python312\\site-packages\\pluggy\\_manager.py\", line 120, in _hookexec\n    return self._inner_hookexec(hook_name, methods, kwargs, firstresult)\n  File \"C:\\Users\\antho\\AppData\\Roaming\\Python\\Python312\\site-packages\\pluggy\\_callers.py\", line 121, in _multicall\n    res = hook_impl.function(*args)\n  File \"C:\\Users\\antho\\AppData\\Roaming\\Python\\Python312\\site-packages\\_pytest\\main.py\", line 336, in pytest_cmdline_main\n    return wrap_session(config, _main)\n  File \"C:\\Users\\antho\\AppData\\Roaming\\Python\\Python312\\site-packages\\_pytest\\main.py\", line 289, in wrap_session\n    session.exitstatus = doit(config, session) or 0\n  File \"C:\\Users\\antho\\AppData\\Roaming\\Python\\Python312\\site-packages\\_pytest\\main.py\", line 343, in _main\n    config.hook.pytest_runtestloop(session=session)\n  File \"C:\\Users\\antho\\AppData\\Roaming\\Python\\Python312\\site-packages\\pluggy\\_hooks.py\", line 512, in __call__\n    return self._hookexec(self.name, self._hookimpls.copy(), kwargs, firstresult)\n  File \"C:\\Users\\antho\\AppData\\Roaming\\Python\\Python312\\site-packages\\pluggy\\_manager.py\", line 120, in _hookexec\n    return self._inner_hookexec(hook_name, methods, kwargs, firstresult)\n  File \"C:\\Users\\antho\\AppData\\Roaming\\Python\\Python312\\site-packages\\pluggy\\_callers.py\", line 121, in _multicall\n    res = hook_impl.function(*args)\n  File \"C:\\Users\\antho\\AppData\\Roaming\\Python\\Python312\\site-packages\\_pytest\\main.py\", line 367, in pytest_runtestloop\n    item.config.hook.pytest_runtest_protocol(item=item, nextitem=nextitem)\n  File \"C:\\Users\\antho\\AppData\\Roaming\\Python\\Python312\\site-packages\\pluggy\\_hooks.py\", line 512, in __call__\n    return self._hookexec(self.name, self._hookimpls.copy(), kwargs, firstresult)\n  File \"C:\\Users\\antho\\AppData\\Roaming\\Python\\Python312\\site-packages\\pluggy\\_manager.py\", line 120, in _hookexec\n    return self._inner_hookexec(hook_name, methods, kwargs, firstresult)\n  File \"C:\\Users\\antho\\AppData\\Roaming\\Python\\Python312\\site-packages\\pluggy\\_callers.py\", line 121, in _multicall\n    res = hook_impl.function(*args)\n  File \"C:\\Users\\antho\\AppData\\Roaming\\Python\\Python312\\site-packages\\_pytest\\runner.py\", line 117, in pytest_runtest_protocol\n    runtestprotocol(item, nextitem=nextitem)\n  File \"C:\\Users\\antho\\AppData\\Roaming\\Python\\Python312\\site-packages\\_pytest\\runner.py\", line 136, in runtestprotocol\n    reports.append(call_and_report(item, \"call\", log))\n  File \"C:\\Users\\antho\\AppData\\Roaming\\Python\\Python312\\site-packages\\_pytest\\runner.py\", line 245, in call_and_report\n    call = CallInfo.from_call(\n  File \"C:\\Users\\antho\\AppData\\Roaming\\Python\\Python312\\site-packages\\_pytest\\runner.py\", line 344, in from_call\n    result: TResult | None = func()\n  File \"C:\\Users\\antho\\AppData\\Roaming\\Python\\Python312\\site-packages\\_pytest\\runner.py\", line 246, in <lambda>\n    lambda: runtest_hook(item=item, **kwds), when=when, reraise=reraise\n  File \"C:\\Users\\antho\\AppData\\Roaming\\Python\\Python312\\site-packages\\pluggy\\_hooks.py\", line 512, in __call__\n    return self._hookexec(self.name, self._hookimpls.copy(), kwargs, firstresult)\n  File \"C:\\Users\\antho\\AppData\\Roaming\\Python\\Python312\\site-packages\\pluggy\\_manager.py\", line 120, in _hookexec\n    return self._inner_hookexec(hook_name, methods, kwargs, firstresult)\n  File \"C:\\Users\\antho\\AppData\\Roaming\\Python\\Python312\\site-packages\\pluggy\\_callers.py\", line 121, in _multicall\n    res = hook_impl.function(*args)\n  File \"C:\\Users\\antho\\AppData\\Roaming\\Python\\Python312\\site-packages\\_pytest\\runner.py\", line 178, in pytest_runtest_call\n    item.runtest()\n  File \"C:\\Users\\antho\\AppData\\Roaming\\Python\\Python312\\site-packages\\pytest_asyncio\\plugin.py\", line 426, in runtest\n    super().runtest()\n  File \"C:\\Users\\antho\\AppData\\Roaming\\Python\\Python312\\site-packages\\_pytest\\python.py\", line 1671, in runtest\n    self.ihook.pytest_pyfunc_call(pyfuncitem=self)\n  File \"C:\\Users\\antho\\AppData\\Roaming\\Python\\Python312\\site-packages\\pluggy\\_hooks.py\", line 512, in __call__\n    return self._hookexec(self.name, self._hookimpls.copy(), kwargs, firstresult)\n  File \"C:\\Users\\antho\\AppData\\Roaming\\Python\\Python312\\site-packages\\pluggy\\_manager.py\", line 120, in _hookexec\n    return self._inner_hookexec(hook_name, methods, kwargs, firstresult)\n  File \"C:\\Users\\antho\\AppData\\Roaming\\Python\\Python312\\site-packages\\pluggy\\_callers.py\", line 121, in _multicall\n    res = hook_impl.function(*args)\n  File \"C:\\Users\\antho\\AppData\\Roaming\\Python\\Python312\\site-packages\\_pytest\\python.py\", line 157, in pytest_pyfunc_call\n    result = testfunction(**testargs)\n  File \"C:\\Users\\antho\\AppData\\Roaming\\Python\\Python312\\site-packages\\pytest_asyncio\\plugin.py\", line 642, in inner\n    _loop.run_until_complete(task)\n  File \"C:\\Users\\antho\\miniconda3\\Lib\\asyncio\\base_events.py\", line 674, in run_until_complete\n    self.run_forever()\n  File \"C:\\Users\\antho\\miniconda3\\Lib\\asyncio\\windows_events.py\", line 322, in run_forever\n    super().run_forever()\n  File \"C:\\Users\\antho\\miniconda3\\Lib\\asyncio\\base_events.py\", line 641, in run_forever\n    self._run_once()\n  File \"C:\\Users\\antho\\miniconda3\\Lib\\asyncio\\base_events.py\", line 1949, in _run_once\n    event_list = self._selector.select(timeout)\n  File \"C:\\Users\\antho\\miniconda3\\Lib\\asyncio\\windows_events.py\", line 445, in select\n    self._poll(timeout)\n  File \"C:\\Users\\antho\\miniconda3\\Lib\\asyncio\\windows_events.py\", line 774, in _poll\n    status = _overlapped.GetQueuedCompletionStatus(self._iocp, ms)\n+++++++++++++++++++++++++++++++++++ Timeout +++++++++++++++++++++++++++++++++++\n",
      "stderr": ""
    },
    {
      "file_path": "C:\\Users\\antho\\OneDrive\\Desktop\\Netra\\netra-core-generation-1\\tests\\unified\\e2e\\test_concurrent_users_focused.py",
      "status": "passed",
      "duration": 6.279956340789795,
      "exit_code": 0,
      "stdout": "============================= test session starts =============================\nplatform win32 -- Python 3.12.4, pytest-8.4.1, pluggy-1.6.0 -- C:\\Users\\antho\\miniconda3\\python.exe\ncachedir: .pytest_cache\nmetadata: {'Python': '3.12.4', 'Platform': 'Windows-11-10.0.26100-SP0', 'Packages': {'pytest': '8.4.1', 'pluggy': '1.6.0'}, 'Plugins': {'anyio': '4.9.0', 'Faker': '37.5.3', 'langsmith': '0.4.14', 'asyncio': '1.1.0', 'cov': '6.2.1', 'mock': '3.14.1', 'xdist': '3.8.0', 'html': '4.1.1', 'json-report': '1.5.0', 'metadata': '3.1.1', 'timeout': '2.4.0', 'typeguard': '4.4.4'}}\nrootdir: C:\\Users\\antho\\OneDrive\\Desktop\\Netra\\netra-core-generation-1\nconfigfile: pytest.ini\nplugins: anyio-4.9.0, Faker-37.5.3, langsmith-0.4.14, asyncio-1.1.0, cov-6.2.1, mock-3.14.1, xdist-3.8.0, html-4.1.1, json-report-1.5.0, metadata-3.1.1, timeout-2.4.0, typeguard-4.4.4\nasyncio: mode=Mode.STRICT, asyncio_default_fixture_loop_scope=None, asyncio_default_test_loop_scope=function\ntimeout: 15.0s\ntimeout method: thread\ntimeout func_only: False\ncollecting ... collected 3 items\n\ntests/unified/e2e/test_concurrent_users_focused.py::test_multi_user_concurrent_chat_sessions PASSED [ 33%]\ntests/unified/e2e/test_concurrent_users_focused.py::test_concurrent_user_performance_targets PASSED [ 66%]\ntests/unified/e2e/test_concurrent_users_focused.py::test_concurrent_user_data_isolation PASSED [100%]\n\n============================== warnings summary ===============================\napp\\schemas\\auth_types.py:119\n  C:\\Users\\antho\\OneDrive\\Desktop\\Netra\\netra-core-generation-1\\app\\schemas\\auth_types.py:119: PydanticDeprecatedSince20: Pydantic V1 style `@validator` validators are deprecated. You should migrate to Pydantic V2 style `@field_validator` validators, see the migration guide for more details. Deprecated in Pydantic V2.0 to be removed in V3.0. See Pydantic V2 Migration Guide at https://errors.pydantic.dev/2.11/migration/\n    @validator('password')\n\ntests\\unified\\e2e\\test_concurrent_users_focused.py:32\n  C:\\Users\\antho\\OneDrive\\Desktop\\Netra\\netra-core-generation-1\\tests\\unified\\e2e\\test_concurrent_users_focused.py:32: PytestUnknownMarkWarning: Unknown pytest.mark.integration - is this a typo?  You can register custom marks to avoid this warning - for details, see https://docs.pytest.org/en/stable/how-to/mark.html\n    @pytest.mark.integration\n\ntests\\unified\\e2e\\test_concurrent_users_focused.py:101\n  C:\\Users\\antho\\OneDrive\\Desktop\\Netra\\netra-core-generation-1\\tests\\unified\\e2e\\test_concurrent_users_focused.py:101: PytestUnknownMarkWarning: Unknown pytest.mark.performance - is this a typo?  You can register custom marks to avoid this warning - for details, see https://docs.pytest.org/en/stable/how-to/mark.html\n    @pytest.mark.performance\n\ntests\\unified\\e2e\\test_concurrent_users_focused.py:143\n  C:\\Users\\antho\\OneDrive\\Desktop\\Netra\\netra-core-generation-1\\tests\\unified\\e2e\\test_concurrent_users_focused.py:143: PytestUnknownMarkWarning: Unknown pytest.mark.critical - is this a typo?  You can register custom marks to avoid this warning - for details, see https://docs.pytest.org/en/stable/how-to/mark.html\n    @pytest.mark.critical\n\n-- Docs: https://docs.pytest.org/en/stable/how-to/capture-warnings.html\n======================== 3 passed, 4 warnings in 3.39s ========================\n",
      "stderr": ""
    },
    {
      "file_path": "C:\\Users\\antho\\OneDrive\\Desktop\\Netra\\netra-core-generation-1\\tests\\unified\\e2e\\test_data_export.py",
      "status": "passed",
      "duration": 14.121580600738525,
      "exit_code": 0,
      "stdout": "============================= test session starts =============================\nplatform win32 -- Python 3.12.4, pytest-8.4.1, pluggy-1.6.0 -- C:\\Users\\antho\\miniconda3\\python.exe\ncachedir: .pytest_cache\nmetadata: {'Python': '3.12.4', 'Platform': 'Windows-11-10.0.26100-SP0', 'Packages': {'pytest': '8.4.1', 'pluggy': '1.6.0'}, 'Plugins': {'anyio': '4.9.0', 'Faker': '37.5.3', 'langsmith': '0.4.14', 'asyncio': '1.1.0', 'cov': '6.2.1', 'mock': '3.14.1', 'xdist': '3.8.0', 'html': '4.1.1', 'json-report': '1.5.0', 'metadata': '3.1.1', 'timeout': '2.4.0', 'typeguard': '4.4.4'}}\nrootdir: C:\\Users\\antho\\OneDrive\\Desktop\\Netra\\netra-core-generation-1\nconfigfile: pytest.ini\nplugins: anyio-4.9.0, Faker-37.5.3, langsmith-0.4.14, asyncio-1.1.0, cov-6.2.1, mock-3.14.1, xdist-3.8.0, html-4.1.1, json-report-1.5.0, metadata-3.1.1, timeout-2.4.0, typeguard-4.4.4\nasyncio: mode=Mode.STRICT, asyncio_default_fixture_loop_scope=None, asyncio_default_test_loop_scope=function\ntimeout: 15.0s\ntimeout method: thread\ntimeout func_only: False\ncollecting ... collected 3 items\n\ntests/unified/e2e/test_data_export.py::test_chat_export_and_history_persistence PASSED [ 33%]\ntests/unified/e2e/test_data_export.py::test_export_performance_requirements PASSED [ 66%]\ntests/unified/e2e/test_data_export.py::test_export_data_integrity PASSED [100%]\n\n============================== warnings summary ===============================\napp\\schemas\\auth_types.py:119\n  C:\\Users\\antho\\OneDrive\\Desktop\\Netra\\netra-core-generation-1\\app\\schemas\\auth_types.py:119: PydanticDeprecatedSince20: Pydantic V1 style `@validator` validators are deprecated. You should migrate to Pydantic V2 style `@field_validator` validators, see the migration guide for more details. Deprecated in Pydantic V2.0 to be removed in V3.0. See Pydantic V2 Migration Guide at https://errors.pydantic.dev/2.11/migration/\n    @validator('password')\n\ntests\\unified\\e2e\\test_data_export.py:390\n  C:\\Users\\antho\\OneDrive\\Desktop\\Netra\\netra-core-generation-1\\tests\\unified\\e2e\\test_data_export.py:390: PytestUnknownMarkWarning: Unknown pytest.mark.integration - is this a typo?  You can register custom marks to avoid this warning - for details, see https://docs.pytest.org/en/stable/how-to/mark.html\n    @pytest.mark.integration\n\ntests\\unified\\e2e\\test_data_export.py:391\n  C:\\Users\\antho\\OneDrive\\Desktop\\Netra\\netra-core-generation-1\\tests\\unified\\e2e\\test_data_export.py:391: PytestUnknownMarkWarning: Unknown pytest.mark.e2e - is this a typo?  You can register custom marks to avoid this warning - for details, see https://docs.pytest.org/en/stable/how-to/mark.html\n    @pytest.mark.e2e\n\ntests\\unified\\e2e\\test_data_export.py:454\n  C:\\Users\\antho\\OneDrive\\Desktop\\Netra\\netra-core-generation-1\\tests\\unified\\e2e\\test_data_export.py:454: PytestUnknownMarkWarning: Unknown pytest.mark.performance - is this a typo?  You can register custom marks to avoid this warning - for details, see https://docs.pytest.org/en/stable/how-to/mark.html\n    @pytest.mark.performance\n\ntests\\unified\\e2e\\test_data_export.py:490\n  C:\\Users\\antho\\OneDrive\\Desktop\\Netra\\netra-core-generation-1\\tests\\unified\\e2e\\test_data_export.py:490: PytestUnknownMarkWarning: Unknown pytest.mark.critical - is this a typo?  You can register custom marks to avoid this warning - for details, see https://docs.pytest.org/en/stable/how-to/mark.html\n    @pytest.mark.critical\n\n-- Docs: https://docs.pytest.org/en/stable/how-to/capture-warnings.html\n======================= 3 passed, 5 warnings in 11.22s ========================\n",
      "stderr": ""
    },
    {
      "file_path": "C:\\Users\\antho\\OneDrive\\Desktop\\Netra\\netra-core-generation-1\\tests\\unified\\e2e\\test_database_consistency.py",
      "status": "failed",
      "duration": 18.088468074798584,
      "exit_code": 1,
      "stdout": "============================= test session starts =============================\nplatform win32 -- Python 3.12.4, pytest-8.4.1, pluggy-1.6.0 -- C:\\Users\\antho\\miniconda3\\python.exe\ncachedir: .pytest_cache\nmetadata: {'Python': '3.12.4', 'Platform': 'Windows-11-10.0.26100-SP0', 'Packages': {'pytest': '8.4.1', 'pluggy': '1.6.0'}, 'Plugins': {'anyio': '4.9.0', 'Faker': '37.5.3', 'langsmith': '0.4.14', 'asyncio': '1.1.0', 'cov': '6.2.1', 'mock': '3.14.1', 'xdist': '3.8.0', 'html': '4.1.1', 'json-report': '1.5.0', 'metadata': '3.1.1', 'timeout': '2.4.0', 'typeguard': '4.4.4'}}\nrootdir: C:\\Users\\antho\\OneDrive\\Desktop\\Netra\\netra-core-generation-1\nconfigfile: pytest.ini\nplugins: anyio-4.9.0, Faker-37.5.3, langsmith-0.4.14, asyncio-1.1.0, cov-6.2.1, mock-3.14.1, xdist-3.8.0, html-4.1.1, json-report-1.5.0, metadata-3.1.1, timeout-2.4.0, typeguard-4.4.4\nasyncio: mode=Mode.STRICT, asyncio_default_fixture_loop_scope=None, asyncio_default_test_loop_scope=function\ntimeout: 15.0s\ntimeout method: thread\ntimeout func_only: False\ncollecting ... collected 6 items\n\ntests/unified/e2e/test_database_consistency.py::TestDatabaseConsistencyE2E::test_cross_service_database_transaction +++++++++++++++++++++++++++++++++++ Timeout +++++++++++++++++++++++++++++++++++\n~~~~~~~~~~~~~~~~~~~~~~~~~~~~~~~ Captured stderr ~~~~~~~~~~~~~~~~~~~~~~~~~~~~~~~\n2025-08-19 09:04:55.278 | INFO     | logging:handle:1028 | Configured 3 services\n2025-08-19 09:04:55.676 | WARNING  | logging:handle:1028 | Port 8081 already in use\n2025-08-19 09:04:56.682 | INFO     | logging:handle:1028 | Starting backend: C:\\Users\\antho\\miniconda3\\python.exe -m uvicorn app.main:app --host 0.0.0.0 --port 8000 --reload false\n~~~~~~~~~~~~~~~~~~~~~~~~~ Stack of asyncio_0 (12232) ~~~~~~~~~~~~~~~~~~~~~~~~~~\n  File \"C:\\Users\\antho\\miniconda3\\Lib\\threading.py\", line 1030, in _bootstrap\n    self._bootstrap_inner()\n  File \"C:\\Users\\antho\\miniconda3\\Lib\\threading.py\", line 1073, in _bootstrap_inner\n    self.run()\n  File \"C:\\Users\\antho\\miniconda3\\Lib\\threading.py\", line 1010, in run\n    self._target(*self._args, **self._kwargs)\n  File \"C:\\Users\\antho\\miniconda3\\Lib\\concurrent\\futures\\thread.py\", line 89, in _worker\n    work_item = work_queue.get(block=True)\n~~~~~~~~~~~~~~~~~~~~~~ Stack of loguru-writer-1 (12320) ~~~~~~~~~~~~~~~~~~~~~~~\n  File \"C:\\Users\\antho\\miniconda3\\Lib\\threading.py\", line 1030, in _bootstrap\n    self._bootstrap_inner()\n  File \"C:\\Users\\antho\\miniconda3\\Lib\\threading.py\", line 1073, in _bootstrap_inner\n    self.run()\n  File \"C:\\Users\\antho\\miniconda3\\Lib\\threading.py\", line 1010, in run\n    self._target(*self._args, **self._kwargs)\n  File \"C:\\Users\\antho\\AppData\\Roaming\\Python\\Python312\\site-packages\\loguru\\_handler.py\", line 300, in _queued_writer\n    message = queue.get()\n  File \"C:\\Users\\antho\\miniconda3\\Lib\\multiprocessing\\queues.py\", line 387, in get\n    res = self._reader.recv_bytes()\n  File \"C:\\Users\\antho\\miniconda3\\Lib\\multiprocessing\\connection.py\", line 216, in recv_bytes\n    buf = self._recv_bytes(maxlength)\n  File \"C:\\Users\\antho\\miniconda3\\Lib\\multiprocessing\\connection.py\", line 321, in _recv_bytes\n    waitres = _winapi.WaitForMultipleObjects(\n~~~~~~~~~~~~~~~~~~~~~~~~~ Stack of MainThread (8852) ~~~~~~~~~~~~~~~~~~~~~~~~~~\n  File \"<frozen runpy>\", line 198, in _run_module_as_main\n  File \"<frozen runpy>\", line 88, in _run_code\n  File \"C:\\Users\\antho\\AppData\\Roaming\\Python\\Python312\\site-packages\\pytest\\__main__.py\", line 9, in <module>\n    raise SystemExit(pytest.console_main())\n  File \"C:\\Users\\antho\\AppData\\Roaming\\Python\\Python312\\site-packages\\_pytest\\config\\__init__.py\", line 201, in console_main\n    code = main()\n  File \"C:\\Users\\antho\\AppData\\Roaming\\Python\\Python312\\site-packages\\_pytest\\config\\__init__.py\", line 175, in main\n    ret: ExitCode | int = config.hook.pytest_cmdline_main(config=config)\n  File \"C:\\Users\\antho\\AppData\\Roaming\\Python\\Python312\\site-packages\\pluggy\\_hooks.py\", line 512, in __call__\n    return self._hookexec(self.name, self._hookimpls.copy(), kwargs, firstresult)\n  File \"C:\\Users\\antho\\AppData\\Roaming\\Python\\Python312\\site-packages\\pluggy\\_manager.py\", line 120, in _hookexec\n    return self._inner_hookexec(hook_name, methods, kwargs, firstresult)\n  File \"C:\\Users\\antho\\AppData\\Roaming\\Python\\Python312\\site-packages\\pluggy\\_callers.py\", line 121, in _multicall\n    res = hook_impl.function(*args)\n  File \"C:\\Users\\antho\\AppData\\Roaming\\Python\\Python312\\site-packages\\_pytest\\main.py\", line 336, in pytest_cmdline_main\n    return wrap_session(config, _main)\n  File \"C:\\Users\\antho\\AppData\\Roaming\\Python\\Python312\\site-packages\\_pytest\\main.py\", line 289, in wrap_session\n    session.exitstatus = doit(config, session) or 0\n  File \"C:\\Users\\antho\\AppData\\Roaming\\Python\\Python312\\site-packages\\_pytest\\main.py\", line 343, in _main\n    config.hook.pytest_runtestloop(session=session)\n  File \"C:\\Users\\antho\\AppData\\Roaming\\Python\\Python312\\site-packages\\pluggy\\_hooks.py\", line 512, in __call__\n    return self._hookexec(self.name, self._hookimpls.copy(), kwargs, firstresult)\n  File \"C:\\Users\\antho\\AppData\\Roaming\\Python\\Python312\\site-packages\\pluggy\\_manager.py\", line 120, in _hookexec\n    return self._inner_hookexec(hook_name, methods, kwargs, firstresult)\n  File \"C:\\Users\\antho\\AppData\\Roaming\\Python\\Python312\\site-packages\\pluggy\\_callers.py\", line 121, in _multicall\n    res = hook_impl.function(*args)\n  File \"C:\\Users\\antho\\AppData\\Roaming\\Python\\Python312\\site-packages\\_pytest\\main.py\", line 367, in pytest_runtestloop\n    item.config.hook.pytest_runtest_protocol(item=item, nextitem=nextitem)\n  File \"C:\\Users\\antho\\AppData\\Roaming\\Python\\Python312\\site-packages\\pluggy\\_hooks.py\", line 512, in __call__\n    return self._hookexec(self.name, self._hookimpls.copy(), kwargs, firstresult)\n  File \"C:\\Users\\antho\\AppData\\Roaming\\Python\\Python312\\site-packages\\pluggy\\_manager.py\", line 120, in _hookexec\n    return self._inner_hookexec(hook_name, methods, kwargs, firstresult)\n  File \"C:\\Users\\antho\\AppData\\Roaming\\Python\\Python312\\site-packages\\pluggy\\_callers.py\", line 121, in _multicall\n    res = hook_impl.function(*args)\n  File \"C:\\Users\\antho\\AppData\\Roaming\\Python\\Python312\\site-packages\\_pytest\\runner.py\", line 117, in pytest_runtest_protocol\n    runtestprotocol(item, nextitem=nextitem)\n  File \"C:\\Users\\antho\\AppData\\Roaming\\Python\\Python312\\site-packages\\_pytest\\runner.py\", line 130, in runtestprotocol\n    rep = call_and_report(item, \"setup\", log)\n  File \"C:\\Users\\antho\\AppData\\Roaming\\Python\\Python312\\site-packages\\_pytest\\runner.py\", line 245, in call_and_report\n    call = CallInfo.from_call(\n  File \"C:\\Users\\antho\\AppData\\Roaming\\Python\\Python312\\site-packages\\_pytest\\runner.py\", line 344, in from_call\n    result: TResult | None = func()\n  File \"C:\\Users\\antho\\AppData\\Roaming\\Python\\Python312\\site-packages\\_pytest\\runner.py\", line 246, in <lambda>\n    lambda: runtest_hook(item=item, **kwds), when=when, reraise=reraise\n  File \"C:\\Users\\antho\\AppData\\Roaming\\Python\\Python312\\site-packages\\pluggy\\_hooks.py\", line 512, in __call__\n    return self._hookexec(self.name, self._hookimpls.copy(), kwargs, firstresult)\n  File \"C:\\Users\\antho\\AppData\\Roaming\\Python\\Python312\\site-packages\\pluggy\\_manager.py\", line 120, in _hookexec\n    return self._inner_hookexec(hook_name, methods, kwargs, firstresult)\n  File \"C:\\Users\\antho\\AppData\\Roaming\\Python\\Python312\\site-packages\\pluggy\\_callers.py\", line 121, in _multicall\n    res = hook_impl.function(*args)\n  File \"C:\\Users\\antho\\AppData\\Roaming\\Python\\Python312\\site-packages\\_pytest\\runner.py\", line 164, in pytest_runtest_setup\n    item.session._setupstate.setup(item)\n  File \"C:\\Users\\antho\\AppData\\Roaming\\Python\\Python312\\site-packages\\_pytest\\runner.py\", line 514, in setup\n    col.setup()\n  File \"C:\\Users\\antho\\AppData\\Roaming\\Python\\Python312\\site-packages\\_pytest\\python.py\", line 1674, in setup\n    self._request._fillfixtures()\n  File \"C:\\Users\\antho\\AppData\\Roaming\\Python\\Python312\\site-packages\\_pytest\\fixtures.py\", line 719, in _fillfixtures\n    item.funcargs[argname] = self.getfixturevalue(argname)\n  File \"C:\\Users\\antho\\AppData\\Roaming\\Python\\Python312\\site-packages\\_pytest\\fixtures.py\", line 548, in getfixturevalue\n    fixturedef = self._get_active_fixturedef(argname)\n  File \"C:\\Users\\antho\\AppData\\Roaming\\Python\\Python312\\site-packages\\_pytest\\fixtures.py\", line 639, in _get_active_fixturedef\n    fixturedef.execute(request=subrequest)\n  File \"C:\\Users\\antho\\AppData\\Roaming\\Python\\Python312\\site-packages\\_pytest\\fixtures.py\", line 1127, in execute\n    result = ihook.pytest_fixture_setup(fixturedef=self, request=request)\n  File \"C:\\Users\\antho\\AppData\\Roaming\\Python\\Python312\\site-packages\\pluggy\\_hooks.py\", line 512, in __call__\n    return self._hookexec(self.name, self._hookimpls.copy(), kwargs, firstresult)\n  File \"C:\\Users\\antho\\AppData\\Roaming\\Python\\Python312\\site-packages\\pluggy\\_manager.py\", line 120, in _hookexec\n    return self._inner_hookexec(hook_name, methods, kwargs, firstresult)\n  File \"C:\\Users\\antho\\AppData\\Roaming\\Python\\Python312\\site-packages\\pluggy\\_callers.py\", line 121, in _multicall\n    res = hook_impl.function(*args)\n  File \"C:\\Users\\antho\\AppData\\Roaming\\Python\\Python312\\site-packages\\_pytest\\fixtures.py\", line 1195, in pytest_fixture_setup\n    result = call_fixture_func(fixturefunc, request, kwargs)\n  File \"C:\\Users\\antho\\AppData\\Roaming\\Python\\Python312\\site-packages\\_pytest\\fixtures.py\", line 929, in call_fixture_func\n    fixture_result = fixturefunc(**kwargs)\n  File \"C:\\Users\\antho\\AppData\\Roaming\\Python\\Python312\\site-packages\\pytest_asyncio\\plugin.py\", line 272, in _asyncgen_fixture_wrapper\n    result = runner.run(setup(), context=context)\n  File \"C:\\Users\\antho\\miniconda3\\Lib\\asyncio\\runners.py\", line 118, in run\n    return self._loop.run_until_complete(task)\n  File \"C:\\Users\\antho\\miniconda3\\Lib\\asyncio\\base_events.py\", line 674, in run_until_complete\n    self.run_forever()\n  File \"C:\\Users\\antho\\miniconda3\\Lib\\asyncio\\windows_events.py\", line 322, in run_forever\n    super().run_forever()\n  File \"C:\\Users\\antho\\miniconda3\\Lib\\asyncio\\base_events.py\", line 641, in run_forever\n    self._run_once()\n  File \"C:\\Users\\antho\\miniconda3\\Lib\\asyncio\\base_events.py\", line 1949, in _run_once\n    event_list = self._selector.select(timeout)\n  File \"C:\\Users\\antho\\miniconda3\\Lib\\asyncio\\windows_events.py\", line 445, in select\n    self._poll(timeout)\n  File \"C:\\Users\\antho\\miniconda3\\Lib\\asyncio\\windows_events.py\", line 774, in _poll\n    status = _overlapped.GetQueuedCompletionStatus(self._iocp, ms)\n+++++++++++++++++++++++++++++++++++ Timeout +++++++++++++++++++++++++++++++++++\n",
      "stderr": ""
    },
    {
      "file_path": "C:\\Users\\antho\\OneDrive\\Desktop\\Netra\\netra-core-generation-1\\tests\\unified\\e2e\\test_multi_tab_websocket.py",
      "status": "failed",
      "duration": 6.813226699829102,
      "exit_code": 1,
      "stdout": "============================= test session starts =============================\nplatform win32 -- Python 3.12.4, pytest-8.4.1, pluggy-1.6.0 -- C:\\Users\\antho\\miniconda3\\python.exe\ncachedir: .pytest_cache\nmetadata: {'Python': '3.12.4', 'Platform': 'Windows-11-10.0.26100-SP0', 'Packages': {'pytest': '8.4.1', 'pluggy': '1.6.0'}, 'Plugins': {'anyio': '4.9.0', 'Faker': '37.5.3', 'langsmith': '0.4.14', 'asyncio': '1.1.0', 'cov': '6.2.1', 'mock': '3.14.1', 'xdist': '3.8.0', 'html': '4.1.1', 'json-report': '1.5.0', 'metadata': '3.1.1', 'timeout': '2.4.0', 'typeguard': '4.4.4'}}\nrootdir: C:\\Users\\antho\\OneDrive\\Desktop\\Netra\\netra-core-generation-1\nconfigfile: pytest.ini\nplugins: anyio-4.9.0, Faker-37.5.3, langsmith-0.4.14, asyncio-1.1.0, cov-6.2.1, mock-3.14.1, xdist-3.8.0, html-4.1.1, json-report-1.5.0, metadata-3.1.1, timeout-2.4.0, typeguard-4.4.4\nasyncio: mode=Mode.STRICT, asyncio_default_fixture_loop_scope=None, asyncio_default_test_loop_scope=function\ntimeout: 15.0s\ntimeout method: thread\ntimeout func_only: False\ncollecting ... collected 1 item\n\ntests/unified/e2e/test_multi_tab_websocket.py::TestMultiTabWebSocket::test_multi_tab_websocket_broadcast FAILED [100%]\n\n================================== FAILURES ===================================\n__________ TestMultiTabWebSocket.test_multi_tab_websocket_broadcast ___________\ntests\\unified\\e2e\\test_multi_tab_websocket.py:135: in test_multi_tab_websocket_broadcast\n    await self._execute_multi_tab_test(tab_manager, message_validator, state_manager)\ntests\\unified\\e2e\\test_multi_tab_websocket.py:150: in _execute_multi_tab_test\n    await self._verify_connections(tab_manager, tab_ids, auth_headers)\ntests\\unified\\e2e\\test_multi_tab_websocket.py:158: in _verify_connections\n    assert len(connected_tabs) == 3, f\"Expected 3 connections, got {len(connected_tabs)}\"\nE   AssertionError: Expected 3 connections, got 0\nE   assert 0 == 3\nE    +  where 0 = len([])\n----------------------------- Captured log setup ------------------------------\nDEBUG    faker.factory:factory.py:78 Looking for locale `en_US` in provider `faker.providers.address`.\nDEBUG    faker.factory:factory.py:97 Provider `faker.providers.address` has been localized to `en_US`.\nDEBUG    faker.factory:factory.py:78 Looking for locale `en_US` in provider `faker.providers.automotive`.\nDEBUG    faker.factory:factory.py:97 Provider `faker.providers.automotive` has been localized to `en_US`.\nDEBUG    faker.factory:factory.py:78 Looking for locale `en_US` in provider `faker.providers.bank`.\nDEBUG    faker.factory:factory.py:88 Specified locale `en_US` is not available for provider `faker.providers.bank`. Locale reset to `en_GB` for this provider.\nDEBUG    faker.factory:factory.py:78 Looking for locale `en_US` in provider `faker.providers.barcode`.\nDEBUG    faker.factory:factory.py:97 Provider `faker.providers.barcode` has been localized to `en_US`.\nDEBUG    faker.factory:factory.py:78 Looking for locale `en_US` in provider `faker.providers.color`.\nDEBUG    faker.factory:factory.py:97 Provider `faker.providers.color` has been localized to `en_US`.\nDEBUG    faker.factory:factory.py:78 Looking for locale `en_US` in provider `faker.providers.company`.\nDEBUG    faker.factory:factory.py:97 Provider `faker.providers.company` has been localized to `en_US`.\nDEBUG    faker.factory:factory.py:78 Looking for locale `en_US` in provider `faker.providers.credit_card`.\nDEBUG    faker.factory:factory.py:97 Provider `faker.providers.credit_card` has been localized to `en_US`.\nDEBUG    faker.factory:factory.py:78 Looking for locale `en_US` in provider `faker.providers.currency`.\nDEBUG    faker.factory:factory.py:97 Provider `faker.providers.currency` has been localized to `en_US`.\nDEBUG    faker.factory:factory.py:78 Looking for locale `en_US` in provider `faker.providers.date_time`.\nDEBUG    faker.factory:factory.py:97 Provider `faker.providers.date_time` has been localized to `en_US`.\nDEBUG    faker.factory:factory.py:108 Provider `faker.providers.doi` does not feature localization. Specified locale `en_US` is not utilized for this provider.\nDEBUG    faker.factory:factory.py:108 Provider `faker.providers.emoji` does not feature localization. Specified locale `en_US` is not utilized for this provider.\nDEBUG    faker.factory:factory.py:108 Provider `faker.providers.file` does not feature localization. Specified locale `en_US` is not utilized for this provider.\nDEBUG    faker.factory:factory.py:78 Looking for locale `en_US` in provider `faker.providers.geo`.\nDEBUG    faker.factory:factory.py:97 Provider `faker.providers.geo` has been localized to `en_US`.\nDEBUG    faker.factory:factory.py:78 Looking for locale `en_US` in provider `faker.providers.internet`.\nDEBUG    faker.factory:factory.py:97 Provider `faker.providers.internet` has been localized to `en_US`.\nDEBUG    faker.factory:factory.py:78 Looking for locale `en_US` in provider `faker.providers.isbn`.\nDEBUG    faker.factory:factory.py:97 Provider `faker.providers.isbn` has been localized to `en_US`.\nDEBUG    faker.factory:factory.py:78 Looking for locale `en_US` in provider `faker.providers.job`.\nDEBUG    faker.factory:factory.py:97 Provider `faker.providers.job` has been localized to `en_US`.\nDEBUG    faker.factory:factory.py:78 Looking for locale `en_US` in provider `faker.providers.lorem`.\nDEBUG    faker.factory:factory.py:97 Provider `faker.providers.lorem` has been localized to `en_US`.\nDEBUG    faker.factory:factory.py:78 Looking for locale `en_US` in provider `faker.providers.misc`.\nDEBUG    faker.factory:factory.py:97 Provider `faker.providers.misc` has been localized to `en_US`.\nDEBUG    faker.factory:factory.py:78 Looking for locale `en_US` in provider `faker.providers.passport`.\nDEBUG    faker.factory:factory.py:97 Provider `faker.providers.passport` has been localized to `en_US`.\nDEBUG    faker.factory:factory.py:78 Looking for locale `en_US` in provider `faker.providers.person`.\nDEBUG    faker.factory:factory.py:97 Provider `faker.providers.person` has been localized to `en_US`.\nDEBUG    faker.factory:factory.py:78 Looking for locale `en_US` in provider `faker.providers.phone_number`.\nDEBUG    faker.factory:factory.py:97 Provider `faker.providers.phone_number` has been localized to `en_US`.\nDEBUG    faker.factory:factory.py:108 Provider `faker.providers.profile` does not feature localization. Specified locale `en_US` is not utilized for this provider.\nDEBUG    faker.factory:factory.py:108 Provider `faker.providers.python` does not feature localization. Specified locale `en_US` is not utilized for this provider.\nDEBUG    faker.factory:factory.py:108 Provider `faker.providers.sbn` does not feature localization. Specified locale `en_US` is not utilized for this provider.\nDEBUG    faker.factory:factory.py:78 Looking for locale `en_US` in provider `faker.providers.ssn`.\nDEBUG    faker.factory:factory.py:97 Provider `faker.providers.ssn` has been localized to `en_US`.\nDEBUG    faker.factory:factory.py:108 Provider `faker.providers.user_agent` does not feature localization. Specified locale `en_US` is not utilized for this provider.\nDEBUG    asyncio:proactor_events.py:634 Using proactor: IocpProactor\nDEBUG    asyncio:proactor_events.py:634 Using proactor: IocpProactor\n============================== warnings summary ===============================\napp\\schemas\\auth_types.py:119\n  C:\\Users\\antho\\OneDrive\\Desktop\\Netra\\netra-core-generation-1\\app\\schemas\\auth_types.py:119: PydanticDeprecatedSince20: Pydantic V1 style `@validator` validators are deprecated. You should migrate to Pydantic V2 style `@field_validator` validators, see the migration guide for more details. Deprecated in Pydantic V2.0 to be removed in V3.0. See Pydantic V2 Migration Guide at https://errors.pydantic.dev/2.11/migration/\n    @validator('password')\n\ntests\\unified\\e2e\\test_multi_tab_websocket.py:110\n  C:\\Users\\antho\\OneDrive\\Desktop\\Netra\\netra-core-generation-1\\tests\\unified\\e2e\\test_multi_tab_websocket.py:110: PytestUnknownMarkWarning: Unknown pytest.mark.integration - is this a typo?  You can register custom marks to avoid this warning - for details, see https://docs.pytest.org/en/stable/how-to/mark.html\n    @pytest.mark.integration\n\n-- Docs: https://docs.pytest.org/en/stable/how-to/capture-warnings.html\n=========================== short test summary info ===========================\nFAILED tests/unified/e2e/test_multi_tab_websocket.py::TestMultiTabWebSocket::test_multi_tab_websocket_broadcast\n!!!!!!!!!!!!!!!!!!!!!!!!!! stopping after 1 failures !!!!!!!!!!!!!!!!!!!!!!!!!!\n======================== 1 failed, 2 warnings in 4.05s ========================\n",
      "stderr": ""
    },
    {
      "file_path": "C:\\Users\\antho\\OneDrive\\Desktop\\Netra\\netra-core-generation-1\\tests\\unified\\e2e\\test_oauth_complete_flow.py",
      "status": "failed",
      "duration": 3.8275814056396484,
      "exit_code": 1,
      "stdout": "============================= test session starts =============================\nplatform win32 -- Python 3.12.4, pytest-8.4.1, pluggy-1.6.0 -- C:\\Users\\antho\\miniconda3\\python.exe\ncachedir: .pytest_cache\nmetadata: {'Python': '3.12.4', 'Platform': 'Windows-11-10.0.26100-SP0', 'Packages': {'pytest': '8.4.1', 'pluggy': '1.6.0'}, 'Plugins': {'anyio': '4.9.0', 'Faker': '37.5.3', 'langsmith': '0.4.14', 'asyncio': '1.1.0', 'cov': '6.2.1', 'mock': '3.14.1', 'xdist': '3.8.0', 'html': '4.1.1', 'json-report': '1.5.0', 'metadata': '3.1.1', 'timeout': '2.4.0', 'typeguard': '4.4.4'}}\nrootdir: C:\\Users\\antho\\OneDrive\\Desktop\\Netra\\netra-core-generation-1\nconfigfile: pytest.ini\nplugins: anyio-4.9.0, Faker-37.5.3, langsmith-0.4.14, asyncio-1.1.0, cov-6.2.1, mock-3.14.1, xdist-3.8.0, html-4.1.1, json-report-1.5.0, metadata-3.1.1, timeout-2.4.0, typeguard-4.4.4\nasyncio: mode=Mode.STRICT, asyncio_default_fixture_loop_scope=None, asyncio_default_test_loop_scope=function\ntimeout: 15.0s\ntimeout method: thread\ntimeout func_only: False\ncollecting ... collected 3 items\n\ntests/unified/e2e/test_oauth_complete_flow.py::TestOAuthCompleteE2EFlow::test_oauth_login_dashboard_chat_history FAILED [ 33%]\n\n================================== FAILURES ===================================\n______ TestOAuthCompleteE2EFlow.test_oauth_login_dashboard_chat_history _______\ntests\\unified\\e2e\\test_oauth_complete_flow.py:209: in test_oauth_login_dashboard_chat_history\n    oauth_result = await runner.execute_oauth_login_flow()\n                         ^^^^^^^^^^^^^^^^^^^^^^^^^^^^^^^\nE   AttributeError: 'async_generator' object has no attribute 'execute_oauth_login_flow'\n----------------------------- Captured log setup ------------------------------\nDEBUG    faker.factory:factory.py:78 Looking for locale `en_US` in provider `faker.providers.address`.\nDEBUG    faker.factory:factory.py:97 Provider `faker.providers.address` has been localized to `en_US`.\nDEBUG    faker.factory:factory.py:78 Looking for locale `en_US` in provider `faker.providers.automotive`.\nDEBUG    faker.factory:factory.py:97 Provider `faker.providers.automotive` has been localized to `en_US`.\nDEBUG    faker.factory:factory.py:78 Looking for locale `en_US` in provider `faker.providers.bank`.\nDEBUG    faker.factory:factory.py:88 Specified locale `en_US` is not available for provider `faker.providers.bank`. Locale reset to `en_GB` for this provider.\nDEBUG    faker.factory:factory.py:78 Looking for locale `en_US` in provider `faker.providers.barcode`.\nDEBUG    faker.factory:factory.py:97 Provider `faker.providers.barcode` has been localized to `en_US`.\nDEBUG    faker.factory:factory.py:78 Looking for locale `en_US` in provider `faker.providers.color`.\nDEBUG    faker.factory:factory.py:97 Provider `faker.providers.color` has been localized to `en_US`.\nDEBUG    faker.factory:factory.py:78 Looking for locale `en_US` in provider `faker.providers.company`.\nDEBUG    faker.factory:factory.py:97 Provider `faker.providers.company` has been localized to `en_US`.\nDEBUG    faker.factory:factory.py:78 Looking for locale `en_US` in provider `faker.providers.credit_card`.\nDEBUG    faker.factory:factory.py:97 Provider `faker.providers.credit_card` has been localized to `en_US`.\nDEBUG    faker.factory:factory.py:78 Looking for locale `en_US` in provider `faker.providers.currency`.\nDEBUG    faker.factory:factory.py:97 Provider `faker.providers.currency` has been localized to `en_US`.\nDEBUG    faker.factory:factory.py:78 Looking for locale `en_US` in provider `faker.providers.date_time`.\nDEBUG    faker.factory:factory.py:97 Provider `faker.providers.date_time` has been localized to `en_US`.\nDEBUG    faker.factory:factory.py:108 Provider `faker.providers.doi` does not feature localization. Specified locale `en_US` is not utilized for this provider.\nDEBUG    faker.factory:factory.py:108 Provider `faker.providers.emoji` does not feature localization. Specified locale `en_US` is not utilized for this provider.\nDEBUG    faker.factory:factory.py:108 Provider `faker.providers.file` does not feature localization. Specified locale `en_US` is not utilized for this provider.\nDEBUG    faker.factory:factory.py:78 Looking for locale `en_US` in provider `faker.providers.geo`.\nDEBUG    faker.factory:factory.py:97 Provider `faker.providers.geo` has been localized to `en_US`.\nDEBUG    faker.factory:factory.py:78 Looking for locale `en_US` in provider `faker.providers.internet`.\nDEBUG    faker.factory:factory.py:97 Provider `faker.providers.internet` has been localized to `en_US`.\nDEBUG    faker.factory:factory.py:78 Looking for locale `en_US` in provider `faker.providers.isbn`.\nDEBUG    faker.factory:factory.py:97 Provider `faker.providers.isbn` has been localized to `en_US`.\nDEBUG    faker.factory:factory.py:78 Looking for locale `en_US` in provider `faker.providers.job`.\nDEBUG    faker.factory:factory.py:97 Provider `faker.providers.job` has been localized to `en_US`.\nDEBUG    faker.factory:factory.py:78 Looking for locale `en_US` in provider `faker.providers.lorem`.\nDEBUG    faker.factory:factory.py:97 Provider `faker.providers.lorem` has been localized to `en_US`.\nDEBUG    faker.factory:factory.py:78 Looking for locale `en_US` in provider `faker.providers.misc`.\nDEBUG    faker.factory:factory.py:97 Provider `faker.providers.misc` has been localized to `en_US`.\nDEBUG    faker.factory:factory.py:78 Looking for locale `en_US` in provider `faker.providers.passport`.\nDEBUG    faker.factory:factory.py:97 Provider `faker.providers.passport` has been localized to `en_US`.\nDEBUG    faker.factory:factory.py:78 Looking for locale `en_US` in provider `faker.providers.person`.\nDEBUG    faker.factory:factory.py:97 Provider `faker.providers.person` has been localized to `en_US`.\nDEBUG    faker.factory:factory.py:78 Looking for locale `en_US` in provider `faker.providers.phone_number`.\nDEBUG    faker.factory:factory.py:97 Provider `faker.providers.phone_number` has been localized to `en_US`.\nDEBUG    faker.factory:factory.py:108 Provider `faker.providers.profile` does not feature localization. Specified locale `en_US` is not utilized for this provider.\nDEBUG    faker.factory:factory.py:108 Provider `faker.providers.python` does not feature localization. Specified locale `en_US` is not utilized for this provider.\nDEBUG    faker.factory:factory.py:108 Provider `faker.providers.sbn` does not feature localization. Specified locale `en_US` is not utilized for this provider.\nDEBUG    faker.factory:factory.py:78 Looking for locale `en_US` in provider `faker.providers.ssn`.\nDEBUG    faker.factory:factory.py:97 Provider `faker.providers.ssn` has been localized to `en_US`.\nDEBUG    faker.factory:factory.py:108 Provider `faker.providers.user_agent` does not feature localization. Specified locale `en_US` is not utilized for this provider.\nDEBUG    asyncio:proactor_events.py:634 Using proactor: IocpProactor\nDEBUG    asyncio:proactor_events.py:634 Using proactor: IocpProactor\n============================== warnings summary ===============================\napp\\schemas\\auth_types.py:119\n  C:\\Users\\antho\\OneDrive\\Desktop\\Netra\\netra-core-generation-1\\app\\schemas\\auth_types.py:119: PydanticDeprecatedSince20: Pydantic V1 style `@validator` validators are deprecated. You should migrate to Pydantic V2 style `@field_validator` validators, see the migration guide for more details. Deprecated in Pydantic V2.0 to be removed in V3.0. See Pydantic V2 Migration Guide at https://errors.pydantic.dev/2.11/migration/\n    @validator('password')\n\ntests/unified/e2e/test_oauth_complete_flow.py::TestOAuthCompleteE2EFlow::test_oauth_login_dashboard_chat_history\n  C:\\Users\\antho\\AppData\\Roaming\\Python\\Python312\\site-packages\\_pytest\\fixtures.py:1181: PytestRemovedIn9Warning: 'test_oauth_login_dashboard_chat_history' requested an async fixture 'oauth_e2e_runner', with no plugin or hook that handled it. This is usually an error, as pytest does not natively support it. This will turn into an error in pytest 9.\n  See: https://docs.pytest.org/en/stable/deprecations.html#sync-test-depending-on-async-fixture\n    warnings.warn(\n\ntests/unified/e2e/test_oauth_complete_flow.py::TestOAuthCompleteE2EFlow::test_oauth_login_dashboard_chat_history\n  C:\\Users\\antho\\AppData\\Roaming\\Python\\Python312\\site-packages\\pytest_asyncio\\plugin.py:598: PytestDeprecationWarning: asyncio test 'test_oauth_login_dashboard_chat_history' requested async @pytest.fixture 'oauth_e2e_runner' in strict mode. You might want to use @pytest_asyncio.fixture or switch to auto mode. This will become an error in future versions of flake8-asyncio.\n    warnings.warn(\n\n-- Docs: https://docs.pytest.org/en/stable/how-to/capture-warnings.html\n=========================== short test summary info ===========================\nFAILED tests/unified/e2e/test_oauth_complete_flow.py::TestOAuthCompleteE2EFlow::test_oauth_login_dashboard_chat_history\n!!!!!!!!!!!!!!!!!!!!!!!!!! stopping after 1 failures !!!!!!!!!!!!!!!!!!!!!!!!!!\n======================== 1 failed, 3 warnings in 1.02s ========================\n",
      "stderr": ""
    },
    {
      "file_path": "C:\\Users\\antho\\OneDrive\\Desktop\\Netra\\netra-core-generation-1\\tests\\unified\\e2e\\test_rate_limiting.py",
      "status": "failed",
      "duration": 3.668140411376953,
      "exit_code": 1,
      "stdout": "============================= test session starts =============================\nplatform win32 -- Python 3.12.4, pytest-8.4.1, pluggy-1.6.0 -- C:\\Users\\antho\\miniconda3\\python.exe\ncachedir: .pytest_cache\nmetadata: {'Python': '3.12.4', 'Platform': 'Windows-11-10.0.26100-SP0', 'Packages': {'pytest': '8.4.1', 'pluggy': '1.6.0'}, 'Plugins': {'anyio': '4.9.0', 'Faker': '37.5.3', 'langsmith': '0.4.14', 'asyncio': '1.1.0', 'cov': '6.2.1', 'mock': '3.14.1', 'xdist': '3.8.0', 'html': '4.1.1', 'json-report': '1.5.0', 'metadata': '3.1.1', 'timeout': '2.4.0', 'typeguard': '4.4.4'}}\nrootdir: C:\\Users\\antho\\OneDrive\\Desktop\\Netra\\netra-core-generation-1\nconfigfile: pytest.ini\nplugins: anyio-4.9.0, Faker-37.5.3, langsmith-0.4.14, asyncio-1.1.0, cov-6.2.1, mock-3.14.1, xdist-3.8.0, html-4.1.1, json-report-1.5.0, metadata-3.1.1, timeout-2.4.0, typeguard-4.4.4\nasyncio: mode=Mode.STRICT, asyncio_default_fixture_loop_scope=None, asyncio_default_test_loop_scope=function\ntimeout: 15.0s\ntimeout method: thread\ntimeout func_only: False\ncollecting ... collected 2 items\n\ntests/unified/e2e/test_rate_limiting.py::test_rate_limiting_and_quota_enforcement_e2e ERROR [ 50%]\n\n=================================== ERRORS ====================================\n_______ ERROR at setup of test_rate_limiting_and_quota_enforcement_e2e ________\nfile C:\\Users\\antho\\OneDrive\\Desktop\\Netra\\netra-core-generation-1\\tests\\unified\\e2e\\test_rate_limiting.py, line 305\n  @pytest.mark.asyncio\n  @pytest.mark.e2e\n  async def test_rate_limiting_and_quota_enforcement_e2e(unified_test_harness):\n      \"\"\"\n      CRITICAL E2E Test #8: Complete rate limiting and quota enforcement flow\n\n      Validates:\n      1. Free user message sending within limits\n      2. Quota warning at 80% usage\n      3. Hard quota enforcement at 100% usage\n      4. Strategic upgrade prompt presentation\n      5. Successful plan upgrade transaction\n      6. Unlimited usage verification post-upgrade\n\n      Must complete in <5 seconds for CI/CD pipeline compatibility.\n      \"\"\"\n      tester = RateLimitFlowTester(unified_test_harness)\n\n      # Execute complete flow\n      results = await tester.execute_quota_enforcement_flow()\n\n      # Validate all steps completed successfully\n      assert results[\"success\"], f\"Rate limit flow failed: {results}\"\n      assert len(results[\"steps\"]) == 7, f\"Expected 7 steps, got {len(results['steps'])}\"\n\n      # Verify business critical validations\n      step_results = {step[\"step\"]: step for step in results[\"steps\"]}\n\n      # Quota warning triggered correctly\n      assert step_results[\"quota_warning\"][\"data\"][\"warning_triggered\"], \"Quota warning not triggered\"\n\n      # Quota enforcement active\n      assert step_results[\"quota_enforcement\"][\"data\"][\"enforcement_active\"], \"Quota enforcement failed\"\n\n      # Upgrade prompt quality\n      upgrade_prompt = step_results[\"upgrade_prompt\"][\"data\"]\n      assert \"unlimited\" in upgrade_prompt[\"value_proposition\"].lower(), \"Poor upgrade value prop\"\n\n      # Successful upgrade\n      assert step_results[\"plan_upgraded\"][\"data\"][\"upgrade_successful\"], \"Upgrade transaction failed\"\n\n      # Unlimited usage confirmed\n      assert step_results[\"unlimited_verified\"][\"data\"][\"unlimited_confirmed\"], \"Unlimited usage not verified\"\n\n      # Performance validation\n      assert results[\"duration\"] < 5.0, f\"E2E test exceeded 5s limit: {results['duration']}\"\nE       fixture 'unified_test_harness' not found\n>       available fixtures: _class_scoped_runner, _function_scoped_runner, _module_scoped_runner, _package_scoped_runner, _session_faker, _session_scoped_runner, anyio_backend, anyio_backend_name, anyio_backend_options, app, auth_headers, cache, capfd, capfdbinary, caplog, capsys, capsysbinary, capteesys, class_mocker, client, cov, doctest_namespace, event_loop, event_loop_policy, extra, extras, faker, free_tcp_port, free_tcp_port_factory, free_udp_port, free_udp_port_factory, include_metadata_in_junit_xml, json_metadata, metadata, mock_agent_service, mock_agent_supervisor, mock_background_task_manager, mock_clickhouse_client, mock_key_manager, mock_llm_manager, mock_redis_manager, mock_security_service, mock_tool_dispatcher, mock_websocket_manager, mocker, module_mocker, monkeypatch, no_cover, package_mocker, pytestconfig, record_property, record_testsuite_property, record_xml_attribute, recwarn, sample_data, session_mocker, test_user, testrun_uid, tmp_path, tmp_path_factory, tmpdir, tmpdir_factory, unused_tcp_port, unused_tcp_port_factory, unused_udp_port, unused_udp_port_factory, worker_id\n>       use 'pytest --fixtures [testpath]' for help on them.\n\nC:\\Users\\antho\\OneDrive\\Desktop\\Netra\\netra-core-generation-1\\tests\\unified\\e2e\\test_rate_limiting.py:305\n----------------------------- Captured log setup ------------------------------\nDEBUG    faker.factory:factory.py:78 Looking for locale `en_US` in provider `faker.providers.address`.\nDEBUG    faker.factory:factory.py:97 Provider `faker.providers.address` has been localized to `en_US`.\nDEBUG    faker.factory:factory.py:78 Looking for locale `en_US` in provider `faker.providers.automotive`.\nDEBUG    faker.factory:factory.py:97 Provider `faker.providers.automotive` has been localized to `en_US`.\nDEBUG    faker.factory:factory.py:78 Looking for locale `en_US` in provider `faker.providers.bank`.\nDEBUG    faker.factory:factory.py:88 Specified locale `en_US` is not available for provider `faker.providers.bank`. Locale reset to `en_GB` for this provider.\nDEBUG    faker.factory:factory.py:78 Looking for locale `en_US` in provider `faker.providers.barcode`.\nDEBUG    faker.factory:factory.py:97 Provider `faker.providers.barcode` has been localized to `en_US`.\nDEBUG    faker.factory:factory.py:78 Looking for locale `en_US` in provider `faker.providers.color`.\nDEBUG    faker.factory:factory.py:97 Provider `faker.providers.color` has been localized to `en_US`.\nDEBUG    faker.factory:factory.py:78 Looking for locale `en_US` in provider `faker.providers.company`.\nDEBUG    faker.factory:factory.py:97 Provider `faker.providers.company` has been localized to `en_US`.\nDEBUG    faker.factory:factory.py:78 Looking for locale `en_US` in provider `faker.providers.credit_card`.\nDEBUG    faker.factory:factory.py:97 Provider `faker.providers.credit_card` has been localized to `en_US`.\nDEBUG    faker.factory:factory.py:78 Looking for locale `en_US` in provider `faker.providers.currency`.\nDEBUG    faker.factory:factory.py:97 Provider `faker.providers.currency` has been localized to `en_US`.\nDEBUG    faker.factory:factory.py:78 Looking for locale `en_US` in provider `faker.providers.date_time`.\nDEBUG    faker.factory:factory.py:97 Provider `faker.providers.date_time` has been localized to `en_US`.\nDEBUG    faker.factory:factory.py:108 Provider `faker.providers.doi` does not feature localization. Specified locale `en_US` is not utilized for this provider.\nDEBUG    faker.factory:factory.py:108 Provider `faker.providers.emoji` does not feature localization. Specified locale `en_US` is not utilized for this provider.\nDEBUG    faker.factory:factory.py:108 Provider `faker.providers.file` does not feature localization. Specified locale `en_US` is not utilized for this provider.\nDEBUG    faker.factory:factory.py:78 Looking for locale `en_US` in provider `faker.providers.geo`.\nDEBUG    faker.factory:factory.py:97 Provider `faker.providers.geo` has been localized to `en_US`.\nDEBUG    faker.factory:factory.py:78 Looking for locale `en_US` in provider `faker.providers.internet`.\nDEBUG    faker.factory:factory.py:97 Provider `faker.providers.internet` has been localized to `en_US`.\nDEBUG    faker.factory:factory.py:78 Looking for locale `en_US` in provider `faker.providers.isbn`.\nDEBUG    faker.factory:factory.py:97 Provider `faker.providers.isbn` has been localized to `en_US`.\nDEBUG    faker.factory:factory.py:78 Looking for locale `en_US` in provider `faker.providers.job`.\nDEBUG    faker.factory:factory.py:97 Provider `faker.providers.job` has been localized to `en_US`.\nDEBUG    faker.factory:factory.py:78 Looking for locale `en_US` in provider `faker.providers.lorem`.\nDEBUG    faker.factory:factory.py:97 Provider `faker.providers.lorem` has been localized to `en_US`.\nDEBUG    faker.factory:factory.py:78 Looking for locale `en_US` in provider `faker.providers.misc`.\nDEBUG    faker.factory:factory.py:97 Provider `faker.providers.misc` has been localized to `en_US`.\nDEBUG    faker.factory:factory.py:78 Looking for locale `en_US` in provider `faker.providers.passport`.\nDEBUG    faker.factory:factory.py:97 Provider `faker.providers.passport` has been localized to `en_US`.\nDEBUG    faker.factory:factory.py:78 Looking for locale `en_US` in provider `faker.providers.person`.\nDEBUG    faker.factory:factory.py:97 Provider `faker.providers.person` has been localized to `en_US`.\nDEBUG    faker.factory:factory.py:78 Looking for locale `en_US` in provider `faker.providers.phone_number`.\nDEBUG    faker.factory:factory.py:97 Provider `faker.providers.phone_number` has been localized to `en_US`.\nDEBUG    faker.factory:factory.py:108 Provider `faker.providers.profile` does not feature localization. Specified locale `en_US` is not utilized for this provider.\nDEBUG    faker.factory:factory.py:108 Provider `faker.providers.python` does not feature localization. Specified locale `en_US` is not utilized for this provider.\nDEBUG    faker.factory:factory.py:108 Provider `faker.providers.sbn` does not feature localization. Specified locale `en_US` is not utilized for this provider.\nDEBUG    faker.factory:factory.py:78 Looking for locale `en_US` in provider `faker.providers.ssn`.\nDEBUG    faker.factory:factory.py:97 Provider `faker.providers.ssn` has been localized to `en_US`.\nDEBUG    faker.factory:factory.py:108 Provider `faker.providers.user_agent` does not feature localization. Specified locale `en_US` is not utilized for this provider.\n============================== warnings summary ===============================\napp\\schemas\\auth_types.py:119\n  C:\\Users\\antho\\OneDrive\\Desktop\\Netra\\netra-core-generation-1\\app\\schemas\\auth_types.py:119: PydanticDeprecatedSince20: Pydantic V1 style `@validator` validators are deprecated. You should migrate to Pydantic V2 style `@field_validator` validators, see the migration guide for more details. Deprecated in Pydantic V2.0 to be removed in V3.0. See Pydantic V2 Migration Guide at https://errors.pydantic.dev/2.11/migration/\n    @validator('password')\n\ntests\\unified\\e2e\\test_rate_limiting.py:306\n  C:\\Users\\antho\\OneDrive\\Desktop\\Netra\\netra-core-generation-1\\tests\\unified\\e2e\\test_rate_limiting.py:306: PytestUnknownMarkWarning: Unknown pytest.mark.e2e - is this a typo?  You can register custom marks to avoid this warning - for details, see https://docs.pytest.org/en/stable/how-to/mark.html\n    @pytest.mark.e2e\n\ntests\\unified\\e2e\\test_rate_limiting.py:354\n  C:\\Users\\antho\\OneDrive\\Desktop\\Netra\\netra-core-generation-1\\tests\\unified\\e2e\\test_rate_limiting.py:354: PytestUnknownMarkWarning: Unknown pytest.mark.integration - is this a typo?  You can register custom marks to avoid this warning - for details, see https://docs.pytest.org/en/stable/how-to/mark.html\n    @pytest.mark.integration\n\n-- Docs: https://docs.pytest.org/en/stable/how-to/capture-warnings.html\n=========================== short test summary info ===========================\nERROR tests/unified/e2e/test_rate_limiting.py::test_rate_limiting_and_quota_enforcement_e2e\n!!!!!!!!!!!!!!!!!!!!!!!!!! stopping after 1 failures !!!!!!!!!!!!!!!!!!!!!!!!!!\n======================== 3 warnings, 1 error in 0.80s =========================\n",
      "stderr": ""
    },
    {
      "file_path": "C:\\Users\\antho\\OneDrive\\Desktop\\Netra\\netra-core-generation-1\\tests\\unified\\e2e\\test_real_network_failure.py",
      "status": "passed",
      "duration": 15.642718315124512,
      "exit_code": 0,
      "stdout": "============================= test session starts =============================\nplatform win32 -- Python 3.12.4, pytest-8.4.1, pluggy-1.6.0 -- C:\\Users\\antho\\miniconda3\\python.exe\ncachedir: .pytest_cache\nmetadata: {'Python': '3.12.4', 'Platform': 'Windows-11-10.0.26100-SP0', 'Packages': {'pytest': '8.4.1', 'pluggy': '1.6.0'}, 'Plugins': {'anyio': '4.9.0', 'Faker': '37.5.3', 'langsmith': '0.4.14', 'asyncio': '1.1.0', 'cov': '6.2.1', 'mock': '3.14.1', 'xdist': '3.8.0', 'html': '4.1.1', 'json-report': '1.5.0', 'metadata': '3.1.1', 'timeout': '2.4.0', 'typeguard': '4.4.4'}}\nrootdir: C:\\Users\\antho\\OneDrive\\Desktop\\Netra\\netra-core-generation-1\nconfigfile: pytest.ini\nplugins: anyio-4.9.0, Faker-37.5.3, langsmith-0.4.14, asyncio-1.1.0, cov-6.2.1, mock-3.14.1, xdist-3.8.0, html-4.1.1, json-report-1.5.0, metadata-3.1.1, timeout-2.4.0, typeguard-4.4.4\nasyncio: mode=Mode.STRICT, asyncio_default_fixture_loop_scope=None, asyncio_default_test_loop_scope=function\ntimeout: 15.0s\ntimeout method: thread\ntimeout func_only: False\ncollecting ... collected 3 items\n\ntests/unified/e2e/test_real_network_failure.py::TestRealNetworkFailureWithMessageQueue::test_real_network_failure_complete_flow SKIPPED [ 33%]\ntests/unified/e2e/test_real_network_failure.py::TestRealNetworkFailureWithMessageQueue::test_network_failure_timing_validation PASSED [ 66%]\ntests/unified/e2e/test_real_network_failure.py::TestRealNetworkFailureWithMessageQueue::test_message_queue_logic_validation PASSED [100%]\n\n============================== warnings summary ===============================\napp\\schemas\\auth_types.py:119\n  C:\\Users\\antho\\OneDrive\\Desktop\\Netra\\netra-core-generation-1\\app\\schemas\\auth_types.py:119: PydanticDeprecatedSince20: Pydantic V1 style `@validator` validators are deprecated. You should migrate to Pydantic V2 style `@field_validator` validators, see the migration guide for more details. Deprecated in Pydantic V2.0 to be removed in V3.0. See Pydantic V2 Migration Guide at https://errors.pydantic.dev/2.11/migration/\n    @validator('password')\n\n-- Docs: https://docs.pytest.org/en/stable/how-to/capture-warnings.html\n================== 2 passed, 1 skipped, 1 warning in 12.84s ===================\n",
      "stderr": ""
    },
    {
      "file_path": "C:\\Users\\antho\\OneDrive\\Desktop\\Netra\\netra-core-generation-1\\tests\\unified\\e2e\\test_real_oauth_google_flow.py",
      "status": "failed",
      "duration": 18.170258045196533,
      "exit_code": 1,
      "stdout": "============================= test session starts =============================\nplatform win32 -- Python 3.12.4, pytest-8.4.1, pluggy-1.6.0 -- C:\\Users\\antho\\miniconda3\\python.exe\ncachedir: .pytest_cache\nmetadata: {'Python': '3.12.4', 'Platform': 'Windows-11-10.0.26100-SP0', 'Packages': {'pytest': '8.4.1', 'pluggy': '1.6.0'}, 'Plugins': {'anyio': '4.9.0', 'Faker': '37.5.3', 'langsmith': '0.4.14', 'asyncio': '1.1.0', 'cov': '6.2.1', 'mock': '3.14.1', 'xdist': '3.8.0', 'html': '4.1.1', 'json-report': '1.5.0', 'metadata': '3.1.1', 'timeout': '2.4.0', 'typeguard': '4.4.4'}}\nrootdir: C:\\Users\\antho\\OneDrive\\Desktop\\Netra\\netra-core-generation-1\nconfigfile: pytest.ini\nplugins: anyio-4.9.0, Faker-37.5.3, langsmith-0.4.14, asyncio-1.1.0, cov-6.2.1, mock-3.14.1, xdist-3.8.0, html-4.1.1, json-report-1.5.0, metadata-3.1.1, timeout-2.4.0, typeguard-4.4.4\nasyncio: mode=Mode.STRICT, asyncio_default_fixture_loop_scope=None, asyncio_default_test_loop_scope=function\ntimeout: 15.0s\ntimeout method: thread\ntimeout func_only: False\ncollecting ... collected 3 items\n\ntests/unified/e2e/test_real_oauth_google_flow.py::test_real_oauth_google_flow +++++++++++++++++++++++++++++++++++ Timeout +++++++++++++++++++++++++++++++++++\n~~~~~~~~~~~~~~~~~~~~~~~~~~~~~~~ Captured stderr ~~~~~~~~~~~~~~~~~~~~~~~~~~~~~~~\n2025-08-19 09:05:44.820 | INFO     | logging:handle:1028 | Starting auth_service with command: C:\\Users\\antho\\miniconda3\\python.exe C:\\Users\\antho\\OneDrive\\Desktop\\Netra\\netra-core-generation-1\\auth_service\\main.py --host 0.0.0.0 --port 8001\n~~~~~~~~~~~~~~~~~~~~~~~~~ Stack of asyncio_0 (36760) ~~~~~~~~~~~~~~~~~~~~~~~~~~\n  File \"C:\\Users\\antho\\miniconda3\\Lib\\threading.py\", line 1030, in _bootstrap\n    self._bootstrap_inner()\n  File \"C:\\Users\\antho\\miniconda3\\Lib\\threading.py\", line 1073, in _bootstrap_inner\n    self.run()\n  File \"C:\\Users\\antho\\miniconda3\\Lib\\threading.py\", line 1010, in run\n    self._target(*self._args, **self._kwargs)\n  File \"C:\\Users\\antho\\miniconda3\\Lib\\concurrent\\futures\\thread.py\", line 89, in _worker\n    work_item = work_queue.get(block=True)\n~~~~~~~~~~~~~~~~~~~~~~~ Stack of loguru-writer-1 (9968) ~~~~~~~~~~~~~~~~~~~~~~~\n  File \"C:\\Users\\antho\\miniconda3\\Lib\\threading.py\", line 1030, in _bootstrap\n    self._bootstrap_inner()\n  File \"C:\\Users\\antho\\miniconda3\\Lib\\threading.py\", line 1073, in _bootstrap_inner\n    self.run()\n  File \"C:\\Users\\antho\\miniconda3\\Lib\\threading.py\", line 1010, in run\n    self._target(*self._args, **self._kwargs)\n  File \"C:\\Users\\antho\\AppData\\Roaming\\Python\\Python312\\site-packages\\loguru\\_handler.py\", line 300, in _queued_writer\n    message = queue.get()\n  File \"C:\\Users\\antho\\miniconda3\\Lib\\multiprocessing\\queues.py\", line 387, in get\n    res = self._reader.recv_bytes()\n  File \"C:\\Users\\antho\\miniconda3\\Lib\\multiprocessing\\connection.py\", line 216, in recv_bytes\n    buf = self._recv_bytes(maxlength)\n  File \"C:\\Users\\antho\\miniconda3\\Lib\\multiprocessing\\connection.py\", line 321, in _recv_bytes\n    waitres = _winapi.WaitForMultipleObjects(\n~~~~~~~~~~~~~~~~~~~~~~~~~ Stack of MainThread (1148) ~~~~~~~~~~~~~~~~~~~~~~~~~~\n  File \"<frozen runpy>\", line 198, in _run_module_as_main\n  File \"<frozen runpy>\", line 88, in _run_code\n  File \"C:\\Users\\antho\\AppData\\Roaming\\Python\\Python312\\site-packages\\pytest\\__main__.py\", line 9, in <module>\n    raise SystemExit(pytest.console_main())\n  File \"C:\\Users\\antho\\AppData\\Roaming\\Python\\Python312\\site-packages\\_pytest\\config\\__init__.py\", line 201, in console_main\n    code = main()\n  File \"C:\\Users\\antho\\AppData\\Roaming\\Python\\Python312\\site-packages\\_pytest\\config\\__init__.py\", line 175, in main\n    ret: ExitCode | int = config.hook.pytest_cmdline_main(config=config)\n  File \"C:\\Users\\antho\\AppData\\Roaming\\Python\\Python312\\site-packages\\pluggy\\_hooks.py\", line 512, in __call__\n    return self._hookexec(self.name, self._hookimpls.copy(), kwargs, firstresult)\n  File \"C:\\Users\\antho\\AppData\\Roaming\\Python\\Python312\\site-packages\\pluggy\\_manager.py\", line 120, in _hookexec\n    return self._inner_hookexec(hook_name, methods, kwargs, firstresult)\n  File \"C:\\Users\\antho\\AppData\\Roaming\\Python\\Python312\\site-packages\\pluggy\\_callers.py\", line 121, in _multicall\n    res = hook_impl.function(*args)\n  File \"C:\\Users\\antho\\AppData\\Roaming\\Python\\Python312\\site-packages\\_pytest\\main.py\", line 336, in pytest_cmdline_main\n    return wrap_session(config, _main)\n  File \"C:\\Users\\antho\\AppData\\Roaming\\Python\\Python312\\site-packages\\_pytest\\main.py\", line 289, in wrap_session\n    session.exitstatus = doit(config, session) or 0\n  File \"C:\\Users\\antho\\AppData\\Roaming\\Python\\Python312\\site-packages\\_pytest\\main.py\", line 343, in _main\n    config.hook.pytest_runtestloop(session=session)\n  File \"C:\\Users\\antho\\AppData\\Roaming\\Python\\Python312\\site-packages\\pluggy\\_hooks.py\", line 512, in __call__\n    return self._hookexec(self.name, self._hookimpls.copy(), kwargs, firstresult)\n  File \"C:\\Users\\antho\\AppData\\Roaming\\Python\\Python312\\site-packages\\pluggy\\_manager.py\", line 120, in _hookexec\n    return self._inner_hookexec(hook_name, methods, kwargs, firstresult)\n  File \"C:\\Users\\antho\\AppData\\Roaming\\Python\\Python312\\site-packages\\pluggy\\_callers.py\", line 121, in _multicall\n    res = hook_impl.function(*args)\n  File \"C:\\Users\\antho\\AppData\\Roaming\\Python\\Python312\\site-packages\\_pytest\\main.py\", line 367, in pytest_runtestloop\n    item.config.hook.pytest_runtest_protocol(item=item, nextitem=nextitem)\n  File \"C:\\Users\\antho\\AppData\\Roaming\\Python\\Python312\\site-packages\\pluggy\\_hooks.py\", line 512, in __call__\n    return self._hookexec(self.name, self._hookimpls.copy(), kwargs, firstresult)\n  File \"C:\\Users\\antho\\AppData\\Roaming\\Python\\Python312\\site-packages\\pluggy\\_manager.py\", line 120, in _hookexec\n    return self._inner_hookexec(hook_name, methods, kwargs, firstresult)\n  File \"C:\\Users\\antho\\AppData\\Roaming\\Python\\Python312\\site-packages\\pluggy\\_callers.py\", line 121, in _multicall\n    res = hook_impl.function(*args)\n  File \"C:\\Users\\antho\\AppData\\Roaming\\Python\\Python312\\site-packages\\_pytest\\runner.py\", line 117, in pytest_runtest_protocol\n    runtestprotocol(item, nextitem=nextitem)\n  File \"C:\\Users\\antho\\AppData\\Roaming\\Python\\Python312\\site-packages\\_pytest\\runner.py\", line 136, in runtestprotocol\n    reports.append(call_and_report(item, \"call\", log))\n  File \"C:\\Users\\antho\\AppData\\Roaming\\Python\\Python312\\site-packages\\_pytest\\runner.py\", line 245, in call_and_report\n    call = CallInfo.from_call(\n  File \"C:\\Users\\antho\\AppData\\Roaming\\Python\\Python312\\site-packages\\_pytest\\runner.py\", line 344, in from_call\n    result: TResult | None = func()\n  File \"C:\\Users\\antho\\AppData\\Roaming\\Python\\Python312\\site-packages\\_pytest\\runner.py\", line 246, in <lambda>\n    lambda: runtest_hook(item=item, **kwds), when=when, reraise=reraise\n  File \"C:\\Users\\antho\\AppData\\Roaming\\Python\\Python312\\site-packages\\pluggy\\_hooks.py\", line 512, in __call__\n    return self._hookexec(self.name, self._hookimpls.copy(), kwargs, firstresult)\n  File \"C:\\Users\\antho\\AppData\\Roaming\\Python\\Python312\\site-packages\\pluggy\\_manager.py\", line 120, in _hookexec\n    return self._inner_hookexec(hook_name, methods, kwargs, firstresult)\n  File \"C:\\Users\\antho\\AppData\\Roaming\\Python\\Python312\\site-packages\\pluggy\\_callers.py\", line 121, in _multicall\n    res = hook_impl.function(*args)\n  File \"C:\\Users\\antho\\AppData\\Roaming\\Python\\Python312\\site-packages\\_pytest\\runner.py\", line 178, in pytest_runtest_call\n    item.runtest()\n  File \"C:\\Users\\antho\\AppData\\Roaming\\Python\\Python312\\site-packages\\pytest_asyncio\\plugin.py\", line 426, in runtest\n    super().runtest()\n  File \"C:\\Users\\antho\\AppData\\Roaming\\Python\\Python312\\site-packages\\_pytest\\python.py\", line 1671, in runtest\n    self.ihook.pytest_pyfunc_call(pyfuncitem=self)\n  File \"C:\\Users\\antho\\AppData\\Roaming\\Python\\Python312\\site-packages\\pluggy\\_hooks.py\", line 512, in __call__\n    return self._hookexec(self.name, self._hookimpls.copy(), kwargs, firstresult)\n  File \"C:\\Users\\antho\\AppData\\Roaming\\Python\\Python312\\site-packages\\pluggy\\_manager.py\", line 120, in _hookexec\n    return self._inner_hookexec(hook_name, methods, kwargs, firstresult)\n  File \"C:\\Users\\antho\\AppData\\Roaming\\Python\\Python312\\site-packages\\pluggy\\_callers.py\", line 121, in _multicall\n    res = hook_impl.function(*args)\n  File \"C:\\Users\\antho\\AppData\\Roaming\\Python\\Python312\\site-packages\\_pytest\\python.py\", line 157, in pytest_pyfunc_call\n    result = testfunction(**testargs)\n  File \"C:\\Users\\antho\\AppData\\Roaming\\Python\\Python312\\site-packages\\pytest_asyncio\\plugin.py\", line 642, in inner\n    _loop.run_until_complete(task)\n  File \"C:\\Users\\antho\\miniconda3\\Lib\\asyncio\\base_events.py\", line 674, in run_until_complete\n    self.run_forever()\n  File \"C:\\Users\\antho\\miniconda3\\Lib\\asyncio\\windows_events.py\", line 322, in run_forever\n    super().run_forever()\n  File \"C:\\Users\\antho\\miniconda3\\Lib\\asyncio\\base_events.py\", line 641, in run_forever\n    self._run_once()\n  File \"C:\\Users\\antho\\miniconda3\\Lib\\asyncio\\base_events.py\", line 1949, in _run_once\n    event_list = self._selector.select(timeout)\n  File \"C:\\Users\\antho\\miniconda3\\Lib\\asyncio\\windows_events.py\", line 445, in select\n    self._poll(timeout)\n  File \"C:\\Users\\antho\\miniconda3\\Lib\\asyncio\\windows_events.py\", line 774, in _poll\n    status = _overlapped.GetQueuedCompletionStatus(self._iocp, ms)\n+++++++++++++++++++++++++++++++++++ Timeout +++++++++++++++++++++++++++++++++++\n",
      "stderr": ""
    },
    {
      "file_path": "C:\\Users\\antho\\OneDrive\\Desktop\\Netra\\netra-core-generation-1\\tests\\unified\\e2e\\test_token_lifecycle.py",
      "status": "failed",
      "duration": 4.9634833335876465,
      "exit_code": 1,
      "stdout": "============================= test session starts =============================\nplatform win32 -- Python 3.12.4, pytest-8.4.1, pluggy-1.6.0 -- C:\\Users\\antho\\miniconda3\\python.exe\ncachedir: .pytest_cache\nmetadata: {'Python': '3.12.4', 'Platform': 'Windows-11-10.0.26100-SP0', 'Packages': {'pytest': '8.4.1', 'pluggy': '1.6.0'}, 'Plugins': {'anyio': '4.9.0', 'Faker': '37.5.3', 'langsmith': '0.4.14', 'asyncio': '1.1.0', 'cov': '6.2.1', 'mock': '3.14.1', 'xdist': '3.8.0', 'html': '4.1.1', 'json-report': '1.5.0', 'metadata': '3.1.1', 'timeout': '2.4.0', 'typeguard': '4.4.4'}}\nrootdir: C:\\Users\\antho\\OneDrive\\Desktop\\Netra\\netra-core-generation-1\nconfigfile: pytest.ini\nplugins: anyio-4.9.0, Faker-37.5.3, langsmith-0.4.14, asyncio-1.1.0, cov-6.2.1, mock-3.14.1, xdist-3.8.0, html-4.1.1, json-report-1.5.0, metadata-3.1.1, timeout-2.4.0, typeguard-4.4.4\nasyncio: mode=Mode.STRICT, asyncio_default_fixture_loop_scope=None, asyncio_default_test_loop_scope=function\ntimeout: 15.0s\ntimeout method: thread\ntimeout func_only: False\ncollecting ... collected 5 items\n\ntests/unified/e2e/test_token_lifecycle.py::TestTokenLifecycleE2E::test_token_refresh_during_active_session FAILED [ 20%]\n\n================================== FAILURES ===================================\n_______ TestTokenLifecycleE2E.test_token_refresh_during_active_session ________\ntests\\unified\\e2e\\test_token_lifecycle.py:72: in test_token_refresh_during_active_session\n    assert session_started, \"Failed to start WebSocket chat session\"\nE   AssertionError: Failed to start WebSocket chat session\nE   assert False\n----------------------------- Captured log setup ------------------------------\nDEBUG    faker.factory:factory.py:78 Looking for locale `en_US` in provider `faker.providers.address`.\nDEBUG    faker.factory:factory.py:97 Provider `faker.providers.address` has been localized to `en_US`.\nDEBUG    faker.factory:factory.py:78 Looking for locale `en_US` in provider `faker.providers.automotive`.\nDEBUG    faker.factory:factory.py:97 Provider `faker.providers.automotive` has been localized to `en_US`.\nDEBUG    faker.factory:factory.py:78 Looking for locale `en_US` in provider `faker.providers.bank`.\nDEBUG    faker.factory:factory.py:88 Specified locale `en_US` is not available for provider `faker.providers.bank`. Locale reset to `en_GB` for this provider.\nDEBUG    faker.factory:factory.py:78 Looking for locale `en_US` in provider `faker.providers.barcode`.\nDEBUG    faker.factory:factory.py:97 Provider `faker.providers.barcode` has been localized to `en_US`.\nDEBUG    faker.factory:factory.py:78 Looking for locale `en_US` in provider `faker.providers.color`.\nDEBUG    faker.factory:factory.py:97 Provider `faker.providers.color` has been localized to `en_US`.\nDEBUG    faker.factory:factory.py:78 Looking for locale `en_US` in provider `faker.providers.company`.\nDEBUG    faker.factory:factory.py:97 Provider `faker.providers.company` has been localized to `en_US`.\nDEBUG    faker.factory:factory.py:78 Looking for locale `en_US` in provider `faker.providers.credit_card`.\nDEBUG    faker.factory:factory.py:97 Provider `faker.providers.credit_card` has been localized to `en_US`.\nDEBUG    faker.factory:factory.py:78 Looking for locale `en_US` in provider `faker.providers.currency`.\nDEBUG    faker.factory:factory.py:97 Provider `faker.providers.currency` has been localized to `en_US`.\nDEBUG    faker.factory:factory.py:78 Looking for locale `en_US` in provider `faker.providers.date_time`.\nDEBUG    faker.factory:factory.py:97 Provider `faker.providers.date_time` has been localized to `en_US`.\nDEBUG    faker.factory:factory.py:108 Provider `faker.providers.doi` does not feature localization. Specified locale `en_US` is not utilized for this provider.\nDEBUG    faker.factory:factory.py:108 Provider `faker.providers.emoji` does not feature localization. Specified locale `en_US` is not utilized for this provider.\nDEBUG    faker.factory:factory.py:108 Provider `faker.providers.file` does not feature localization. Specified locale `en_US` is not utilized for this provider.\nDEBUG    faker.factory:factory.py:78 Looking for locale `en_US` in provider `faker.providers.geo`.\nDEBUG    faker.factory:factory.py:97 Provider `faker.providers.geo` has been localized to `en_US`.\nDEBUG    faker.factory:factory.py:78 Looking for locale `en_US` in provider `faker.providers.internet`.\nDEBUG    faker.factory:factory.py:97 Provider `faker.providers.internet` has been localized to `en_US`.\nDEBUG    faker.factory:factory.py:78 Looking for locale `en_US` in provider `faker.providers.isbn`.\nDEBUG    faker.factory:factory.py:97 Provider `faker.providers.isbn` has been localized to `en_US`.\nDEBUG    faker.factory:factory.py:78 Looking for locale `en_US` in provider `faker.providers.job`.\nDEBUG    faker.factory:factory.py:97 Provider `faker.providers.job` has been localized to `en_US`.\nDEBUG    faker.factory:factory.py:78 Looking for locale `en_US` in provider `faker.providers.lorem`.\nDEBUG    faker.factory:factory.py:97 Provider `faker.providers.lorem` has been localized to `en_US`.\nDEBUG    faker.factory:factory.py:78 Looking for locale `en_US` in provider `faker.providers.misc`.\nDEBUG    faker.factory:factory.py:97 Provider `faker.providers.misc` has been localized to `en_US`.\nDEBUG    faker.factory:factory.py:78 Looking for locale `en_US` in provider `faker.providers.passport`.\nDEBUG    faker.factory:factory.py:97 Provider `faker.providers.passport` has been localized to `en_US`.\nDEBUG    faker.factory:factory.py:78 Looking for locale `en_US` in provider `faker.providers.person`.\nDEBUG    faker.factory:factory.py:97 Provider `faker.providers.person` has been localized to `en_US`.\nDEBUG    faker.factory:factory.py:78 Looking for locale `en_US` in provider `faker.providers.phone_number`.\nDEBUG    faker.factory:factory.py:97 Provider `faker.providers.phone_number` has been localized to `en_US`.\nDEBUG    faker.factory:factory.py:108 Provider `faker.providers.profile` does not feature localization. Specified locale `en_US` is not utilized for this provider.\nDEBUG    faker.factory:factory.py:108 Provider `faker.providers.python` does not feature localization. Specified locale `en_US` is not utilized for this provider.\nDEBUG    faker.factory:factory.py:108 Provider `faker.providers.sbn` does not feature localization. Specified locale `en_US` is not utilized for this provider.\nDEBUG    faker.factory:factory.py:78 Looking for locale `en_US` in provider `faker.providers.ssn`.\nDEBUG    faker.factory:factory.py:97 Provider `faker.providers.ssn` has been localized to `en_US`.\nDEBUG    faker.factory:factory.py:108 Provider `faker.providers.user_agent` does not feature localization. Specified locale `en_US` is not utilized for this provider.\nDEBUG    asyncio:proactor_events.py:634 Using proactor: IocpProactor\nDEBUG    asyncio:proactor_events.py:634 Using proactor: IocpProactor\n============================== warnings summary ===============================\napp\\schemas\\auth_types.py:119\n  C:\\Users\\antho\\OneDrive\\Desktop\\Netra\\netra-core-generation-1\\app\\schemas\\auth_types.py:119: PydanticDeprecatedSince20: Pydantic V1 style `@validator` validators are deprecated. You should migrate to Pydantic V2 style `@field_validator` validators, see the migration guide for more details. Deprecated in Pydantic V2.0 to be removed in V3.0. See Pydantic V2 Migration Guide at https://errors.pydantic.dev/2.11/migration/\n    @validator('password')\n\n-- Docs: https://docs.pytest.org/en/stable/how-to/capture-warnings.html\n=========================== short test summary info ===========================\nFAILED tests/unified/e2e/test_token_lifecycle.py::TestTokenLifecycleE2E::test_token_refresh_during_active_session\n!!!!!!!!!!!!!!!!!!!!!!!!!! stopping after 1 failures !!!!!!!!!!!!!!!!!!!!!!!!!!\n======================== 1 failed, 1 warning in 2.17s =========================\n",
      "stderr": ""
    },
    {
      "file_path": "C:\\Users\\antho\\OneDrive\\Desktop\\Netra\\netra-core-generation-1\\tests\\unified\\e2e\\test_websocket_resilience.py",
      "status": "timeout",
      "duration": 25.041998386383057,
      "exit_code": -1,
      "stdout": "",
      "stderr": "Test file timed out after 25 seconds"
    }
  ]
}