<?xml version="1.0" encoding="utf-8"?><testsuites name="pytest tests"><testsuite name="pytest" errors="14" failures="0" skipped="1" tests="15" time="17.684" timestamp="2025-08-13T11:22:27.938932-07:00" hostname="Anthony"><testcase classname="" name="mcp.test_request_handler" time="0.000"><skipped message="collection skipped">('C:\\Users\\antho\\OneDrive\\Desktop\\Netra\\netra-core-generation-1\\app\\tests\\mcp\\test_request_handler.py', 12, 'Skipped: MCP Request Handler not yet implemented')</skipped></testcase><testcase classname="" name="test_real_services_comprehensive" time="0.000"><error message="collection failure">'real_clickhouse' not found in `markers` configuration option</error><error message="collection failure">'real_clickhouse' not found in `markers` configuration option</error><error message="collection failure">'real_clickhouse' not found in `markers` configuration option</error><error message="collection failure">'real_clickhouse' not found in `markers` configuration option</error><error message="collection failure">'real_clickhouse' not found in `markers` configuration option</error><error message="collection failure">'real_clickhouse' not found in `markers` configuration option</error><error message="collection failure">'real_clickhouse' not found in `markers` configuration option</error><error message="collection failure">'real_clickhouse' not found in `markers` configuration option</error><error message="collection failure">'real_clickhouse' not found in `markers` configuration option</error><error message="collection failure">'real_clickhouse' not found in `markers` configuration option</error><error message="collection failure">'real_clickhouse' not found in `markers` configuration option</error><error message="collection failure">'real_clickhouse' not found in `markers` configuration option</error><error message="collection failure">'real_clickhouse' not found in `markers` configuration option</error><error message="collection failure">'real_clickhouse' not found in `markers` configuration option</error></testcase></testsuite></testsuites>