{
  "timestamp": "2025-08-11T05:42:12.616194",
  "test_level": "comprehensive",
  "configuration": {
    "description": "Full test suite with coverage (10-15 minutes)",
    "purpose": "Pre-release validation, full system testing",
    "backend_args": [
      "--coverage",
      "--parallel=auto",
      "--html-output"
    ],
    "frontend_args": [
      "--coverage"
    ],
    "timeout": 900,
    "run_coverage": true,
    "run_both": true
  },
  "results": {
    "backend": {
      "status": "failed",
      "duration": 0.2566239833831787,
      "exit_code": 1,
      "output": "================================================================================\nNETRA AI PLATFORM - BACKEND TEST RUNNER\n================================================================================\nTest Configuration:\n  Category: all\n\nTraceback (most recent call last):\n  File \"C:\\Users\\antho\\OneDrive\\Desktop\\Netra\\netra-core-generation-1\\scripts\\test_backend.py\", line 463, in <module>\n    main()\n  File \"C:\\Users\\antho\\OneDrive\\Desktop\\Netra\\netra-core-generation-1\\scripts\\test_backend.py\", line 457, in main\n    exit_code = run_tests(pytest_args, args, isolation_manager)\n                ^^^^^^^^^^^^^^^^^^^^^^^^^^^^^^^^^^^^^^^^^^^^^^^\n  File \"C:\\Users\\antho\\OneDrive\\Desktop\\Netra\\netra-core-generation-1\\scripts\\test_backend.py\", line 262, in run_tests\n    print(f\"  Parallel: {args.parallel if args.parallel > 0 else 'disabled'}\")\n                                          ^^^^^^^^^^^^^^^^^\nTypeError: '>' not supported between instances of 'str' and 'int'\n"
    },
    "frontend": {
      "status": "failed",
      "duration": 0.10561966896057129,
      "exit_code": 1,
      "output": "================================================================================\nNETRA AI PLATFORM - FRONTEND TEST RUNNER\n================================================================================\n\n================================================================================\nRunning Jest Tests\n--------------------------------------------------------------------------------\nRunning: npm run test -- --coverage --coverageDirectory=../reports/frontend-coverage\n--------------------------------------------------------------------------------\n\nTraceback (most recent call last):\n  File \"C:\\Users\\antho\\OneDrive\\Desktop\\Netra\\netra-core-generation-1\\scripts\\test_frontend.py\", line 495, in <module>\n    main()\n  File \"C:\\Users\\antho\\OneDrive\\Desktop\\Netra\\netra-core-generation-1\\scripts\\test_frontend.py\", line 470, in main\n    test_result = run_jest_tests(args, isolation_manager)\n                  ^^^^^^^^^^^^^^^^^^^^^^^^^^^^^^^^^^^^^^^\n  File \"C:\\Users\\antho\\OneDrive\\Desktop\\Netra\\netra-core-generation-1\\scripts\\test_frontend.py\", line 149, in run_jest_tests\n    result = subprocess.run(\n             ^^^^^^^^^^^^^^^\n  File \"C:\\Users\\antho\\miniconda3\\Lib\\subprocess.py\", line 548, in run\n    with Popen(*popenargs, **kwargs) as process:\n         ^^^^^^^^^^^^^^^^^^^^^^^^^^^\n  File \"C:\\Users\\antho\\miniconda3\\Lib\\subprocess.py\", line 1026, in __init__\n    self._execute_child(args, executable, preexec_fn, close_fds,\n  File \"C:\\Users\\antho\\miniconda3\\Lib\\subprocess.py\", line 1538, in _execute_child\n    hp, ht, pid, tid = _winapi.CreateProcess(executable, args,\n                       ^^^^^^^^^^^^^^^^^^^^^^^^^^^^^^^^^^^^^^^\nFileNotFoundError: [WinError 2] The system cannot find the file specified\n"
    },
    "overall": {
      "status": "failed",
      "start_time": 1754916132.2539508,
      "end_time": 1754916132.6161945
    }
  },
  "summary": {
    "total_duration": 0.36224365234375,
    "overall_passed": false,
    "exit_code": 1
  }
}