{
  "metadata": {
    "version": "2.0",
    "last_update": "2025-08-18T11:45:16.691277",
    "total_runs": 3
  },
  "current_state": {
    "overall_status": "[FAILED] 4 failures",
    "last_run_level": "unit",
    "last_run_time": "2025-08-18T11:45:16.691277",
    "last_exit_code": 15
  },
  "known_test_counts": {
    "unit:backend": {
      "total": 587,
      "passed": 568,
      "failed": 4,
      "skipped": 15,
      "errors": 0,
      "last_update": "2025-08-18T11:45:16.691277"
    }
  },
  "category_results": {
    "smoke": {
      "description": "Quick smoke tests",
      "expected": 10,
      "actual": 0,
      "passed": 0,
      "failed": 0,
      "last_run": null,
      "status": "[NOT RUN]"
    },
    "unit": {
      "description": "Unit tests",
      "expected": 450,
      "actual": 587,
      "passed": 568,
      "failed": 4,
      "last_run": "2025-08-18T11:45:16.691277",
      "status": "[FAILED] 4 failures"
    },
    "integration": {
      "description": "Integration tests",
      "expected": 60,
      "actual": 0,
      "passed": 0,
      "failed": 0,
      "last_run": null,
      "status": "[NOT RUN]"
    },
    "critical": {
      "description": "Critical path tests",
      "expected": 20,
      "actual": 0,
      "passed": 0,
      "failed": 0,
      "last_run": null,
      "status": "[NOT RUN]"
    },
    "agents": {
      "description": "Agent tests",
      "expected": 45,
      "actual": 0,
      "passed": 0,
      "failed": 0,
      "last_run": "2025-08-18T11:41:40.366013",
      "status": "[NO TESTS]"
    },
    "websocket": {
      "description": "WebSocket tests",
      "expected": 25,
      "actual": 0,
      "passed": 0,
      "failed": 0,
      "last_run": null,
      "status": "[NOT RUN]"
    },
    "database": {
      "description": "Database tests",
      "expected": 35,
      "actual": 0,
      "passed": 0,
      "failed": 0,
      "last_run": null,
      "status": "[NOT RUN]"
    },
    "api": {
      "description": "API tests",
      "expected": 50,
      "actual": 0,
      "passed": 0,
      "failed": 0,
      "last_run": null,
      "status": "[NOT RUN]"
    },
    "e2e": {
      "description": "End-to-end tests",
      "expected": 20,
      "actual": 0,
      "passed": 0,
      "failed": 0,
      "last_run": null,
      "status": "[NOT RUN]"
    },
    "real_services": {
      "description": "Real service tests",
      "expected": 15,
      "actual": 0,
      "passed": 0,
      "failed": 0,
      "last_run": null,
      "status": "[NOT RUN]"
    },
    "auth": {
      "description": "Authentication tests",
      "expected": 30,
      "actual": 0,
      "passed": 0,
      "failed": 0,
      "last_run": null,
      "status": "[NOT RUN]"
    },
    "corpus": {
      "description": "Corpus management tests",
      "expected": 20,
      "actual": 0,
      "passed": 0,
      "failed": 0,
      "last_run": null,
      "status": "[NOT RUN]"
    },
    "synthetic_data": {
      "description": "Synthetic data tests",
      "expected": 25,
      "actual": 0,
      "passed": 0,
      "failed": 0,
      "last_run": null,
      "status": "[NOT RUN]"
    },
    "metrics": {
      "description": "Metrics tests",
      "expected": 15,
      "actual": 0,
      "passed": 0,
      "failed": 0,
      "last_run": null,
      "status": "[NOT RUN]"
    },
    "frontend": {
      "description": "Frontend tests",
      "expected": 40,
      "actual": 0,
      "passed": 0,
      "failed": 0,
      "last_run": null,
      "status": "[NOT RUN]"
    },
    "comprehensive": {
      "description": "Full comprehensive suite",
      "expected": 500,
      "actual": 0,
      "passed": 0,
      "failed": 0,
      "last_run": null,
      "status": "[NOT RUN]"
    }
  },
  "component_results": {
    "backend": {
      "status": "failed",
      "last_counts": {
        "total": 587,
        "passed": 568,
        "failed": 4,
        "skipped": 15,
        "errors": 0,
        "import_errors": 2,
        "status": "import_error",
        "test_files": 70
      },
      "last_duration": 63.49871110916138,
      "last_run": "2025-08-18T11:45:16.691277"
    },
    "frontend": {
      "status": "failed",
      "last_counts": {
        "total": 0,
        "passed": 0,
        "failed": 0,
        "skipped": 0,
        "errors": 0,
        "import_errors": 0,
        "test_files": 0,
        "status": "unknown"
      },
      "last_duration": 0.25670814514160156,
      "last_run": "2025-08-18T11:45:16.691277"
    },
    "e2e": {
      "status": "pending",
      "last_counts": {
        "total": 0,
        "passed": 0,
        "failed": 0,
        "skipped": 0,
        "errors": 0
      },
      "last_duration": 0,
      "last_run": "2025-08-18T11:45:16.691277"
    }
  },
  "failing_tests": [
    {
      "component": "backend",
      "test": "\u001b[0m app\\tests\\services\\test_quality_gate_advanced.py::TestQualityGateAdvanced::test_get_weights_for_content_types",
      "timestamp": "2025-08-18T11:45:16.692425"
    },
    {
      "component": "backend",
      "test": "\u001b[0m app\\tests\\services\\test_circuit_breaker_integration.py::TestCircuitBreakerEndpoints::test_dashboard_endpoint_structure",
      "timestamp": "2025-08-18T11:45:16.692425"
    },
    {
      "component": "backend",
      "test": "\u001b[0m app\\tests\\services\\test_quality_gate_scoring_advanced.py::TestHallucinationRisk::test_hallucination_multiple_impossible_claims",
      "timestamp": "2025-08-18T11:45:16.692425"
    },
    {
      "component": "backend",
      "test": "\u001b[0m app\\tests\\services\\synthetic_data\\test_initialization.py::TestServiceInitialization::test_initialization Loaded .env file from C:\\Users\\antho\\OneDrive\\Desktop\\Netra\\netra-core-generation-1\\.env",
      "timestamp": "2025-08-18T11:45:16.692425"
    },
    {
      "component": "backend",
      "test": "\u001b[0m app\\tests\\services\\test_quality_gate_advanced.py::\u001b[1mTestQualityGateAdvanced::test_get_weights_for_content_types\u001b[0m - assert 0.2 == 0.25",
      "timestamp": "2025-08-18T11:45:16.692425"
    },
    {
      "component": "backend",
      "test": "\u001b[0m app\\tests\\services\\test_circuit_breaker_integration.py::\u001b[1mTestCircuitBreakerEndpoints::test_dashboard_endpoint_structure\u001b[0m - ModuleNotFoundError: No module named 'app.auth.auth_dependencies'",
      "timestamp": "2025-08-18T11:45:16.692425"
    },
    {
      "component": "backend",
      "test": "\u001b[0m app\\tests\\services\\test_quality_gate_scoring_advanced.py::\u001b[1mTestHallucinationRisk::test_hallucination_multiple_impossible_claims\u001b[0m - assert 0.4 > 0.8",
      "timestamp": "2025-08-18T11:45:16.692425"
    },
    {
      "component": "backend",
      "test": "\u001b[0m app\\tests\\services\\synthetic_data\\test_initialization.py::\u001b[1mTestServiceInitialization::test_initialization\u001b[0m - AttributeError: 'SyntheticDataService' object has no attribute 'active_jobs'",
      "timestamp": "2025-08-18T11:45:16.692425"
    }
  ],
  "test_history": [
    {
      "timestamp": "2025-08-18T11:41:40.366013",
      "level": "agents",
      "exit_code": 4,
      "status": "[UNKNOWN]",
      "statistics": {
        "total_tests_known": 0,
        "total_tests_run": 0,
        "total_passed": 0,
        "total_failed": 0,
        "total_skipped": 0,
        "pass_rate": 0.0
      }
    },
    {
      "timestamp": "2025-08-18T11:43:35.834046",
      "level": "unit",
      "exit_code": 255,
      "status": "[FAILED] 4 failures",
      "statistics": {
        "total_tests_known": 488,
        "total_tests_run": 488,
        "total_passed": 469,
        "total_failed": 4,
        "total_skipped": 15,
        "pass_rate": 96.11
      }
    },
    {
      "timestamp": "2025-08-18T11:45:16.691277",
      "level": "unit",
      "exit_code": 15,
      "status": "[FAILED] 4 failures",
      "statistics": {
        "total_tests_known": 587,
        "total_tests_run": 587,
        "total_passed": 568,
        "total_failed": 4,
        "total_skipped": 15,
        "pass_rate": 96.76
      }
    }
  ],
  "statistics": {
    "total_tests_known": 587,
    "total_tests_run": 587,
    "total_passed": 568,
    "total_failed": 4,
    "total_skipped": 15,
    "pass_rate": 96.76
  },
  "version": "1.0",
  "tests": {},
  "runs": [
    {
      "run_id": "run_20250818_114152_12062",
      "timestamp": "2025-08-18T11:42:20.081680",
      "total_tests": 42,
      "passed": 38,
      "failed": 2,
      "bad_tests_count": 0
    }
  ],
  "stats": {
    "total_runs": 1,
    "last_updated": "2025-08-18T11:42:20.081680"
  }
}