{
  "timestamp": "2025-08-11T06:04:24.192288",
  "test_level": "comprehensive",
  "configuration": {
    "description": "Full test suite with coverage (10-15 minutes)",
    "purpose": "Pre-release validation, full system testing",
    "backend_args": [
      "--coverage",
      "--parallel=auto",
      "--html-output"
    ],
    "frontend_args": [
      "--coverage"
    ],
    "timeout": 900,
    "run_coverage": true,
    "run_both": true
  },
  "results": {
    "backend": {
      "status": "failed",
      "duration": 17.87225317955017,
      "exit_code": 4,
      "output": "================================================================================\nNETRA AI PLATFORM - BACKEND TEST RUNNER\n================================================================================\nTest Configuration:\n  Category: all\n  Parallel: auto\n  Coverage: enabled\n  Fail Fast: disabled\n  Environment: testing\n\nRunning command:\n  pytest app/tests tests integration_tests -v -n auto --cov=app --cov-report=html:reports/coverage/html --cov-report=term-missing --cov-report=json:reports/coverage/coverage.json --cov-fail-under=70 --html=reports/tests/report.html --self-contained-html --tb=short --asyncio-mode=auto --color=yes --strict-markers --disable-warnings -p no:warnings\n================================================================================\n================================================================================\n[FAIL] TESTS FAILED with exit code 4 after 16.72s\n\n[Report] HTML Report: reports/tests/report.html\n[Coverage] Coverage Report: reports/coverage/html/index.html\n================================================================================\n\nImportError while loading conftest 'C:\\Users\\antho\\OneDrive\\Desktop\\Netra\\netra-core-generation-1\\app\\tests\\conftest.py'.\napp\\tests\\conftest.py:37: in <module>\n    from app.main import app\napp\\main.py:296: in <module>\n    from app.routes import supply, generation, admin, references, health, corpus, synthetic_data, config, demo, unified_tools\napp\\routes\\unified_tools.py:7: in <module>\n    from app.db.postgres import get_db\nE   ImportError: cannot import name 'get_db' from 'app.db.postgres' (C:\\Users\\antho\\OneDrive\\Desktop\\Netra\\netra-core-generation-1\\app\\db\\postgres.py)\n"
    },
    "frontend": {
      "status": "failed",
      "duration": 0.21046996116638184,
      "exit_code": 1,
      "output": "================================================================================\nNETRA AI PLATFORM - FRONTEND TEST RUNNER\n================================================================================\n\n================================================================================\nRunning Jest Tests\n--------------------------------------------------------------------------------\nRunning: npm run test -- --coverage --coverageDirectory=../reports/frontend-coverage\n--------------------------------------------------------------------------------\n\nTraceback (most recent call last):\n  File \"C:\\Users\\antho\\OneDrive\\Desktop\\Netra\\netra-core-generation-1\\scripts\\test_frontend.py\", line 495, in <module>\n    main()\n  File \"C:\\Users\\antho\\OneDrive\\Desktop\\Netra\\netra-core-generation-1\\scripts\\test_frontend.py\", line 470, in main\n    test_result = run_jest_tests(args, isolation_manager)\n                  ^^^^^^^^^^^^^^^^^^^^^^^^^^^^^^^^^^^^^^^\n  File \"C:\\Users\\antho\\OneDrive\\Desktop\\Netra\\netra-core-generation-1\\scripts\\test_frontend.py\", line 149, in run_jest_tests\n    result = subprocess.run(\n             ^^^^^^^^^^^^^^^\n  File \"C:\\Users\\antho\\miniconda3\\Lib\\subprocess.py\", line 548, in run\n    with Popen(*popenargs, **kwargs) as process:\n         ^^^^^^^^^^^^^^^^^^^^^^^^^^^\n  File \"C:\\Users\\antho\\miniconda3\\Lib\\subprocess.py\", line 1026, in __init__\n    self._execute_child(args, executable, preexec_fn, close_fds,\n  File \"C:\\Users\\antho\\miniconda3\\Lib\\subprocess.py\", line 1538, in _execute_child\n    hp, ht, pid, tid = _winapi.CreateProcess(executable, args,\n                       ^^^^^^^^^^^^^^^^^^^^^^^^^^^^^^^^^^^^^^^\nFileNotFoundError: [WinError 2] The system cannot find the file specified\n"
    },
    "overall": {
      "status": "failed",
      "start_time": 1754917446.109565,
      "end_time": 1754917464.1922882
    }
  },
  "summary": {
    "total_duration": 18.082723140716553,
    "overall_passed": false,
    "exit_code": 4
  }
}