{
  "timestamp": "20250821_204232",
  "level": "integration",
  "environment": "local",
  "services": {
    "backend": {
      "success": false,
      "duration": 8.358874559402466,
      "output": "============================= test session starts =============================\nplatform win32 -- Python 3.12.4, pytest-8.4.1, pluggy-1.6.0\nrootdir: C:\\Users\\antho\\OneDrive\\Desktop\\Netra\\netra-core-generation-1\\netra_backend\nconfigfile: pytest.ini\nplugins: anyio-4.9.0, Faker-37.5.3, langsmith-0.4.15, asyncio-1.1.0, cov-6.2.1, mock-3.14.1, xdist-3.8.0, html-4.1.1, json-report-1.5.0, metadata-3.1.1, timeout-2.4.0, typeguard-4.4.4\nasyncio: mode=Mode.AUTO, asyncio_default_fixture_loop_scope=session, asyncio_default_test_loop_scope=function\ncollected 250 items / 1 error\n\n=================================== ERRORS ====================================\n____ ERROR collecting tests/agents/test_llm_agent_advanced_integration.py _____\nImportError while importing test module 'C:\\Users\\antho\\OneDrive\\Desktop\\Netra\\netra-core-generation-1\\netra_backend\\tests\\agents\\test_llm_agent_advanced_integration.py'.\nHint: make sure your test modules/packages have valid Python names.\nTraceback:\nC:\\Users\\antho\\miniconda3\\Lib\\importlib\\__init__.py:90: in import_module\n    return _bootstrap._gcd_import(name[level:], package, level)\n           ^^^^^^^^^^^^^^^^^^^^^^^^^^^^^^^^^^^^^^^^^^^^^^^^^^^^\ntests\\agents\\test_llm_agent_advanced_integration.py:28: in <module>\n    from netra_backend.tests.test_fixtures import (\nE   ModuleNotFoundError: No module named 'netra_backend.tests.test_fixtures'\n============================== warnings summary ===============================\n..\\..\\..\\..\\..\\AppData\\Roaming\\Python\\Python312\\site-packages\\pydantic\\_internal\\_fields.py:198\n  C:\\Users\\antho\\AppData\\Roaming\\Python\\Python312\\site-packages\\pydantic\\_internal\\_fields.py:198: UserWarning: Field name \"schema\" in \"DataSample\" shadows an attribute in parent \"BaseModel\"\n    warnings.warn(\n\n..\\..\\..\\..\\..\\AppData\\Roaming\\Python\\Python312\\site-packages\\pydantic\\_internal\\_fields.py:198\n  C:\\Users\\antho\\AppData\\Roaming\\Python\\Python312\\site-packages\\pydantic\\_internal\\_fields.py:198: UserWarning: Field name \"schema\" in \"DataCatalog\" shadows an attribute in parent \"BaseModel\"\n    warnings.warn(\n\napp\\agents\\base\\monitoring.py:68\napp\\agents\\base\\monitoring.py:68\napp\\agents\\base\\monitoring.py:68\n  C:\\Users\\antho\\OneDrive\\Desktop\\Netra\\netra-core-generation-1\\netra_backend\\app\\agents\\base\\monitoring.py:68: DeprecationWarning: datetime.datetime.utcnow() is deprecated and scheduled for removal in a future version. Use timezone-aware objects to represent datetimes in UTC: datetime.datetime.now(datetime.UTC).\n    \"system_start_time\": datetime.utcnow(),\n\n-- Docs: https://docs.pytest.org/en/stable/how-to/capture-warnings.html\n=========================== short test summary info ===========================\nERROR tests/agents/test_llm_agent_advanced_integration.py\n!!!!!!!!!!!!!!!!!!!!!!!!!! stopping after 1 failures !!!!!!!!!!!!!!!!!!!!!!!!!!\n======================== 5 warnings, 1 error in 0.75s =========================\n",
      "errors": "--- Logging error in Loguru Handler #2 ---\nRecord was: {'elapsed': datetime.timedelta(seconds=5, microseconds=628789), 'exception': None, 'extra': {}, 'file': (name='__init__.py', path='C:\\\\Users\\\\antho\\\\miniconda3\\\\Lib\\\\logging\\\\__init__.py'), 'function': 'handle', 'level': (name='INFO', no=20, icon='\\u2139\\ufe0f'), 'line': 1028, 'message': 'Multiprocessing resources cleaned up', 'module': '__init__', 'name': 'logging', 'process': (id=50556, name='MainProcess'), 'thread': (id=10784, name='MainThread'), 'time': datetime(2025, 8, 21, 20, 41, 58, 226572, tzinfo=datetime.timezone(datetime.timedelta(days=-1, seconds=61200), 'Pacific Daylight Time'))}\nTraceback (most recent call last):\n  File \"C:\\Users\\antho\\AppData\\Roaming\\Python\\Python312\\site-packages\\loguru\\_handler.py\", line 315, in _queued_writer\n    self._sink.write(message)\n  File \"C:\\Users\\antho\\AppData\\Roaming\\Python\\Python312\\site-packages\\loguru\\_simple_sinks.py\", line 16, in write\n    self._stream.write(message)\nValueError: I/O operation on closed file.\n--- End of logging error ---\n"
    },
    "auth": {
      "success": false,
      "duration": 3.1288812160491943,
      "output": "============================= test session starts =============================\nplatform win32 -- Python 3.12.4, pytest-8.4.1, pluggy-1.6.0\nrootdir: C:\\Users\\antho\\OneDrive\\Desktop\\Netra\\netra-core-generation-1\\auth_service\nconfigfile: pytest.ini\nplugins: anyio-4.9.0, Faker-37.5.3, langsmith-0.4.15, asyncio-1.1.0, cov-6.2.1, mock-3.14.1, xdist-3.8.0, html-4.1.1, json-report-1.5.0, metadata-3.1.1, timeout-2.4.0, typeguard-4.4.4\nasyncio: mode=Mode.STRICT, asyncio_default_fixture_loop_scope=None, asyncio_default_test_loop_scope=function\ncollected 0 items / 1 error\n\n=================================== ERRORS ====================================\n__________________ ERROR collecting tests/base/test_base.py ___________________\nC:\\Users\\antho\\miniconda3\\Lib\\importlib\\__init__.py:90: in import_module\n    return _bootstrap._gcd_import(name[level:], package, level)\n           ^^^^^^^^^^^^^^^^^^^^^^^^^^^^^^^^^^^^^^^^^^^^^^^^^^^^\n<frozen importlib._bootstrap>:1387: in _gcd_import\n    ???\n<frozen importlib._bootstrap>:1360: in _find_and_load\n    ???\n<frozen importlib._bootstrap>:1310: in _find_and_load_unlocked\n    ???\n<frozen importlib._bootstrap>:488: in _call_with_frames_removed\n    ???\n<frozen importlib._bootstrap>:1387: in _gcd_import\n    ???\n<frozen importlib._bootstrap>:1360: in _find_and_load\n    ???\n<frozen importlib._bootstrap>:1331: in _find_and_load_unlocked\n    ???\n<frozen importlib._bootstrap>:935: in _load_unlocked\n    ???\n<frozen importlib._bootstrap_external>:995: in exec_module\n    ???\n<frozen importlib._bootstrap>:488: in _call_with_frames_removed\n    ???\ntests\\base\\__init__.py:7: in <module>\n    from auth_service.tests.base.test_mixins import (\n<frozen importlib._bootstrap>:1360: in _find_and_load\n    ???\n<frozen importlib._bootstrap>:1331: in _find_and_load_unlocked\n    ???\n<frozen importlib._bootstrap>:935: in _load_unlocked\n    ???\nC:\\Users\\antho\\AppData\\Roaming\\Python\\Python312\\site-packages\\_pytest\\assertion\\rewrite.py:186: in exec_module\n    exec(co, module.__dict__)\ntests\\base\\test_mixins.py:11: in <module>\n    import aioredis\nC:\\Users\\antho\\miniconda3\\Lib\\site-packages\\aioredis\\__init__.py:1: in <module>\n    from aioredis.client import Redis, StrictRedis\nC:\\Users\\antho\\miniconda3\\Lib\\site-packages\\aioredis\\client.py:32: in <module>\n    from aioredis.connection import (\nC:\\Users\\antho\\miniconda3\\Lib\\site-packages\\aioredis\\connection.py:33: in <module>\n    from .exceptions import (\nC:\\Users\\antho\\miniconda3\\Lib\\site-packages\\aioredis\\exceptions.py:14: in <module>\n    class TimeoutError(asyncio.TimeoutError, builtins.TimeoutError, RedisError):\nE   TypeError: duplicate base class TimeoutError\n============================== warnings summary ===============================\nauth_core\\database\\models.py:11\n  C:\\Users\\antho\\OneDrive\\Desktop\\Netra\\netra-core-generation-1\\auth_service\\auth_core\\database\\models.py:11: MovedIn20Warning: The ``declarative_base()`` function is now available as sqlalchemy.orm.declarative_base(). (deprecated since: 2.0) (Background on SQLAlchemy 2.0 at: https://sqlalche.me/e/b8d9)\n    Base = declarative_base()\n\n-- Docs: https://docs.pytest.org/en/stable/how-to/capture-warnings.html\n=========================== short test summary info ===========================\nERROR tests/base/test_base.py - TypeError: duplicate base class TimeoutError\n!!!!!!!!!!!!!!!!!!!!!!!!!! stopping after 1 failures !!!!!!!!!!!!!!!!!!!!!!!!!!\n========================= 1 warning, 1 error in 0.78s =========================\n",
      "errors": ""
    },
    "frontend": {
      "success": false,
      "duration": 11.313052415847778,
      "output": "",
      "errors": "ts-jest[ts-jest-transformer] (WARN) Define `ts-jest` config under `globals` is deprecated. Please do\ntransform: {\n    <transform_regex>: ['ts-jest', { /* ts-jest config goes here in Jest */ }],\n},\nSee more at https://kulshekhar.github.io/ts-jest/docs/getting-started/presets#advanced\nts-jest[ts-jest-transformer] (WARN) Define `ts-jest` config under `globals` is deprecated. Please do\ntransform: {\n    <transform_regex>: ['ts-jest', { /* ts-jest config goes here in Jest */ }],\n},\nSee more at https://kulshekhar.github.io/ts-jest/docs/getting-started/presets#advanced\nts-jest[ts-jest-transformer] (WARN) Define `ts-jest` config under `globals` is deprecated. Please do\ntransform: {\n    <transform_regex>: ['ts-jest', { /* ts-jest config goes here in Jest */ }],\n},\nSee more at https://kulshekhar.github.io/ts-jest/docs/getting-started/presets#advanced\nts-jest[ts-jest-transformer] (WARN) Define `ts-jest` config under `globals` is deprecated. Please do\ntransform: {\n    <transform_regex>: ['ts-jest', { /* ts-jest config goes here in Jest */ }],\n},\nSee more at https://kulshekhar.github.io/ts-jest/docs/getting-started/presets#advanced\nts-jest[ts-jest-transformer] (WARN) Define `ts-jest` config under `globals` is deprecated. Please do\ntransform: {\n    <transform_regex>: ['ts-jest', { /* ts-jest config goes here in Jest */ }],\n},\nSee more at https://kulshekhar.github.io/ts-jest/docs/getting-started/presets#advanced\nts-jest[ts-jest-transformer] (WARN) Define `ts-jest` config under `globals` is deprecated. Please do\ntransform: {\n    <transform_regex>: ['ts-jest', { /* ts-jest config goes here in Jest */ }],\n},\nSee more at https://kulshekhar.github.io/ts-jest/docs/getting-started/presets#advanced\nts-jest[ts-jest-transformer] (WARN) Define `ts-jest` config under `globals` is deprecated. Please do\ntransform: {\n    <transform_regex>: ['ts-jest', { /* ts-jest config goes here in Jest */ }],\n},\nSee more at https://kulshekhar.github.io/ts-jest/docs/getting-started/presets#advanced\nts-jest[ts-jest-transformer] (WARN) Define `ts-jest` config under `globals` is deprecated. Please do\ntransform: {\n    <transform_regex>: ['ts-jest', { /* ts-jest config goes here in Jest */ }],\n},\nSee more at https://kulshekhar.github.io/ts-jest/docs/getting-started/presets#advanced\nts-jest[ts-jest-transformer] (WARN) Define `ts-jest` config under `globals` is deprecated. Please do\ntransform: {\n    <transform_regex>: ['ts-jest', { /* ts-jest config goes here in Jest */ }],\n},\nSee more at https://kulshekhar.github.io/ts-jest/docs/getting-started/presets#advanced\nts-jest[ts-jest-transformer] (WARN) Define `ts-jest` config under `globals` is deprecated. Please do\ntransform: {\n    <transform_regex>: ['ts-jest', { /* ts-jest config goes here in Jest */ }],\n},\nSee more at https://kulshekhar.github.io/ts-jest/docs/getting-started/presets#advanced\nFAIL Integration Tests __tests__/integration/message-sending.test.tsx (7.885 s)\n  Message Sending Integration Tests\n    Send Button Interactions\n      \u221a should handle send button click with immediate UI feedback (312 ms)\n      \u221a should handle Enter key sending with same performance (244 ms)\n      \u221a should not send on Shift+Enter (multiline) (286 ms)\n    Optimistic UI Updates\n      \u221a should show message immediately in UI (281 ms)\n      \u221a should clear input field immediately after send (283 ms)\n      \u221a should show sending indicator during transmission (266 ms)\n    Message ID Generation\n      \u221a should generate unique message IDs (514 ms)\n    WebSocket Message Dispatch\n      \u221a should dispatch properly formatted WebSocket message (281 ms)\n      \u221a should include thread ID in WebSocket message (269 ms)\n      \u221a should handle WebSocket connection failures gracefully (258 ms)\n    Success Confirmation\n      \u221a should handle successful message confirmation (245 ms)\n      \u221a should re-enable input after successful send (307 ms)\n    Concurrent Message Handling\n      \u221a should handle rapid successive sends (1466 ms)\n      \u221a should handle concurrent sends from multiple tabs simulation (496 ms)\n    Performance Requirements\n      \u221a should meet latency requirements for send action (275 ms)\n      \u221a should handle large messages efficiently (114 ms)\n      \u00d7 should maintain 60 FPS during typing simulation (618 ms)\n\n  \u25cf Message Sending Integration Tests \u203a Performance Requirements \u203a should maintain 60 FPS during typing simulation\n\n    expect(received).toBeGreaterThan(expected)\n\n    Expected: > 5\n    Received:   3\n\n    \u001b[0m \u001b[90m 562 |\u001b[39m       \u001b[90m// Most frames should be under target time\u001b[39m\n     \u001b[90m 563 |\u001b[39m       \u001b[36mconst\u001b[39m fastFrames \u001b[33m=\u001b[39m frameTests\u001b[33m.\u001b[39mfilter(time \u001b[33m=>\u001b[39m time \u001b[33m<\u001b[39m targetFrameTime)\u001b[33m;\u001b[39m\n    \u001b[31m\u001b[1m>\u001b[22m\u001b[39m\u001b[90m 564 |\u001b[39m       expect(fastFrames\u001b[33m.\u001b[39mlength)\u001b[33m.\u001b[39mtoBeGreaterThan(frameTests\u001b[33m.\u001b[39mlength \u001b[33m*\u001b[39m \u001b[35m0.5\u001b[39m)\u001b[33m;\u001b[39m \u001b[90m// 50% target (relaxed)\u001b[39m\n     \u001b[90m     |\u001b[39m                                 \u001b[31m\u001b[1m^\u001b[22m\u001b[39m\n     \u001b[90m 565 |\u001b[39m     })\u001b[33m;\u001b[39m\n     \u001b[90m 566 |\u001b[39m   })\u001b[33m;\u001b[39m\n     \u001b[90m 567 |\u001b[39m })\u001b[33m;\u001b[39m\u001b[0m\n\n      at Object.<anonymous> (__tests__/integration/message-sending.test.tsx:564:33)\n\nSummary of all failing tests\nFAIL __tests__/integration/message-sending.test.tsx (7.885 s)\n  \u25cf Message Sending Integration Tests \u203a Performance Requirements \u203a should maintain 60 FPS during typing simulation\n\n    expect(received).toBeGreaterThan(expected)\n\n    Expected: > 5\n    Received:   3\n\n    \u001b[0m \u001b[90m 562 |\u001b[39m       \u001b[90m// Most frames should be under target time\u001b[39m\n     \u001b[90m 563 |\u001b[39m       \u001b[36mconst\u001b[39m fastFrames \u001b[33m=\u001b[39m frameTests\u001b[33m.\u001b[39mfilter(time \u001b[33m=>\u001b[39m time \u001b[33m<\u001b[39m targetFrameTime)\u001b[33m;\u001b[39m\n    \u001b[31m\u001b[1m>\u001b[22m\u001b[39m\u001b[90m 564 |\u001b[39m       expect(fastFrames\u001b[33m.\u001b[39mlength)\u001b[33m.\u001b[39mtoBeGreaterThan(frameTests\u001b[33m.\u001b[39mlength \u001b[33m*\u001b[39m \u001b[35m0.5\u001b[39m)\u001b[33m;\u001b[39m \u001b[90m// 50% target (relaxed)\u001b[39m\n     \u001b[90m     |\u001b[39m                                 \u001b[31m\u001b[1m^\u001b[22m\u001b[39m\n     \u001b[90m 565 |\u001b[39m     })\u001b[33m;\u001b[39m\n     \u001b[90m 566 |\u001b[39m   })\u001b[33m;\u001b[39m\n     \u001b[90m 567 |\u001b[39m })\u001b[33m;\u001b[39m\u001b[0m\n\n      at Object.<anonymous> (__tests__/integration/message-sending.test.tsx:564:33)\n\n\nTest Suites: 1 failed, 1 of 163 total\nTests:       1 failed, 16 passed, 17 total\nSnapshots:   0 total\nTime:        9.623 s, estimated 27 s\nRan all test suites.\n"
    },
    "dev_launcher": {
      "success": false,
      "duration": 18.728300094604492,
      "output": "============================= test session starts =============================\nplatform win32 -- Python 3.12.4, pytest-8.4.1, pluggy-1.6.0\nrootdir: C:\\Users\\antho\\OneDrive\\Desktop\\Netra\\netra-core-generation-1\nconfigfile: pytest.ini\nplugins: anyio-4.9.0, Faker-37.5.3, langsmith-0.4.15, asyncio-1.1.0, cov-6.2.1, mock-3.14.1, xdist-3.8.0, html-4.1.1, json-report-1.5.0, metadata-3.1.1, timeout-2.4.0, typeguard-4.4.4\nasyncio: mode=Mode.AUTO, asyncio_default_fixture_loop_scope=function, asyncio_default_test_loop_scope=function\ntimeout: 300.0s\ntimeout method: thread\ntimeout func_only: False\ncollected 22 items\n\ntests\\e2e\\test_dev_launcher_real_startup.py sF\n\n================================== FAILURES ===================================\n______ TestDevLauncherRealStartup.test_service_startup_order_validation _______\ntests\\e2e\\test_dev_launcher_real_startup.py:379: in test_service_startup_order_validation\n    assert startup_success, \"Service startup failed\"\nE   AssertionError: Service startup failed\nE   assert False\n----------------------------- Captured log setup ------------------------------\nDEBUG    asyncio:proactor_events.py:634 Using proactor: IocpProactor\nINFO     dev_launcher.service_config:service_config.py:350 Configuration loaded from C:\\Users\\antho\\OneDrive\\Desktop\\Netra\\netra-core-generation-1\\.dev_services.json\nINFO     dev_launcher.service_config:service_config.py:515 Loaded existing service configuration\n---------------------------- Captured stdout call -----------------------------\n\\n=== TESTING SERVICE STARTUP ORDER ===\\n\\U0001f50d DISCOVER | POSTGRESQL: sqlite+aiosqlite:///:memory:\\n\\U0001f50d DISCOVER | CLICKHOUSE: clickhouse://default:***@localhost:8123/netra_dev\\n\\U0001f50d DISCOVER | REDIS: redis://localhost:6379/0\\n\\U0001f50d WEBSOCKET | Discovered endpoint: backend_ws -> ws://localhost:8000/ws\\n\\u274c auth service NOT bound to port 8001\\n\\u2705 backend service bound to port 8000\\n\\u274c frontend service NOT bound to port 3000\n------------------------------ Captured log call ------------------------------\nINFO     dev_launcher.health_monitor:health_monitor.py:139 HealthMonitor initialized (check_interval: 30s)\nINFO     dev_launcher.health_monitor:health_monitor.py:141 Windows process verification enabled\nINFO     dev_launcher.process_manager:process_manager.py:58 ProcessManager initialized for win32\nINFO     dev_launcher.process_manager:process_manager.py:60 Enhanced Windows process tree management enabled\nINFO     dev_launcher.database_connector:database_connector.py:130 Discovered 3 database connections\nINFO     dev_launcher.websocket_validator:websocket_validator.py:78 Discovered 1 WebSocket endpoints\nINFO     dev_launcher.launcher:launcher.py:165 Signal handlers registered for graceful shutdown\n=========================== short test summary info ===========================\nSKIPPED [1] tests\\e2e\\test_dev_launcher_real_startup.py:208: Port 8000 (backend) is in use and cannot be freed\nFAILED tests/e2e/test_dev_launcher_real_startup.py::TestDevLauncherRealStartup::test_service_startup_order_validation\n!!!!!!!!!!!!!!!!!!!!!!!!!! stopping after 1 failures !!!!!!!!!!!!!!!!!!!!!!!!!!\n======================== 1 failed, 1 skipped in 14.68s ========================\n",
      "errors": "C:\\Users\\antho\\AppData\\Roaming\\Python\\Python312\\site-packages\\_pytest\\unraisableexception.py:33: RuntimeWarning: coroutine 'DevLauncher.run' was never awaited\n  gc.collect()\nRuntimeWarning: Enable tracemalloc to get the object allocation traceback\n"
    }
  },
  "overall_success": false,
  "total_duration": 41.52910828590393
}