{
  "timestamp": "20250822_110158",
  "level": "integration",
  "environment": "local",
  "services": {
    "backend": {
      "success": false,
      "duration": 17.985384225845337,
      "output": "============================= test session starts =============================\nplatform win32 -- Python 3.12.4, pytest-8.4.1, pluggy-1.6.0\nrootdir: C:\\Users\\antho\\OneDrive\\Desktop\\Netra\\netra-core-generation-1\\netra_backend\nconfigfile: pytest.ini\nplugins: anyio-4.9.0, Faker-37.5.3, langsmith-0.4.15, asyncio-1.1.0, cov-6.2.1, mock-3.14.1, xdist-3.8.0, html-4.1.1, json-report-1.5.0, metadata-3.1.1, timeout-2.4.0, typeguard-4.4.4\nasyncio: mode=Mode.AUTO, asyncio_default_fixture_loop_scope=session, asyncio_default_test_loop_scope=function\ncollected 2255 items / 1 error\n\n=================================== ERRORS ====================================\n____________ ERROR collecting tests/e2e/test_agent_message_flow.py ____________\nC:\\Users\\antho\\AppData\\Roaming\\Python\\Python312\\site-packages\\_pytest\\python.py:498: in importtestmodule\n    mod = import_path(\nC:\\Users\\antho\\AppData\\Roaming\\Python\\Python312\\site-packages\\_pytest\\pathlib.py:587: in import_path\n    importlib.import_module(module_name)\nC:\\Users\\antho\\miniconda3\\Lib\\importlib\\__init__.py:90: in import_module\n    return _bootstrap._gcd_import(name[level:], package, level)\n           ^^^^^^^^^^^^^^^^^^^^^^^^^^^^^^^^^^^^^^^^^^^^^^^^^^^^\n<frozen importlib._bootstrap>:1387: in _gcd_import\n    ???\n<frozen importlib._bootstrap>:1360: in _find_and_load\n    ???\n<frozen importlib._bootstrap>:1331: in _find_and_load_unlocked\n    ???\n<frozen importlib._bootstrap>:935: in _load_unlocked\n    ???\nC:\\Users\\antho\\AppData\\Roaming\\Python\\Python312\\site-packages\\_pytest\\assertion\\rewrite.py:177: in exec_module\n    source_stat, co = _rewrite_test(fn, self.config)\n                      ^^^^^^^^^^^^^^^^^^^^^^^^^^^^^^\nC:\\Users\\antho\\AppData\\Roaming\\Python\\Python312\\site-packages\\_pytest\\assertion\\rewrite.py:357: in _rewrite_test\n    tree = ast.parse(source, filename=strfn)\n           ^^^^^^^^^^^^^^^^^^^^^^^^^^^^^^^^^\nC:\\Users\\antho\\miniconda3\\Lib\\ast.py:52: in parse\n    return compile(source, filename, mode, flags,\nE     File \"C:\\Users\\antho\\OneDrive\\Desktop\\Netra\\netra-core-generation-1\\netra_backend\\tests\\e2e\\test_agent_message_flow.py\", line 296\nE       async def test_complete_user_message_to_agent_response_flow(:\nE                                                                   ^\nE   SyntaxError: invalid syntax\n============================== warnings summary ===============================\n..\\..\\..\\..\\..\\AppData\\Roaming\\Python\\Python312\\site-packages\\pydantic\\_internal\\_fields.py:198\n  C:\\Users\\antho\\AppData\\Roaming\\Python\\Python312\\site-packages\\pydantic\\_internal\\_fields.py:198: UserWarning: Field name \"schema\" in \"DataSample\" shadows an attribute in parent \"BaseModel\"\n    warnings.warn(\n\n..\\..\\..\\..\\..\\AppData\\Roaming\\Python\\Python312\\site-packages\\pydantic\\_internal\\_fields.py:198\n  C:\\Users\\antho\\AppData\\Roaming\\Python\\Python312\\site-packages\\pydantic\\_internal\\_fields.py:198: UserWarning: Field name \"schema\" in \"DataCatalog\" shadows an attribute in parent \"BaseModel\"\n    warnings.warn(\n\n..\\..\\..\\..\\..\\AppData\\Roaming\\Python\\Python312\\site-packages\\pydantic\\_internal\\_config.py:323\n..\\..\\..\\..\\..\\AppData\\Roaming\\Python\\Python312\\site-packages\\pydantic\\_internal\\_config.py:323\n..\\..\\..\\..\\..\\AppData\\Roaming\\Python\\Python312\\site-packages\\pydantic\\_internal\\_config.py:323\n..\\..\\..\\..\\..\\AppData\\Roaming\\Python\\Python312\\site-packages\\pydantic\\_internal\\_config.py:323\n..\\..\\..\\..\\..\\AppData\\Roaming\\Python\\Python312\\site-packages\\pydantic\\_internal\\_config.py:323\n..\\..\\..\\..\\..\\AppData\\Roaming\\Python\\Python312\\site-packages\\pydantic\\_internal\\_config.py:323\n  C:\\Users\\antho\\AppData\\Roaming\\Python\\Python312\\site-packages\\pydantic\\_internal\\_config.py:323: PydanticDeprecatedSince20: Support for class-based `config` is deprecated, use ConfigDict instead. Deprecated in Pydantic V2.0 to be removed in V3.0. See Pydantic V2 Migration Guide at https://errors.pydantic.dev/2.11/migration/\n    warnings.warn(DEPRECATION_MESSAGE, DeprecationWarning)\n\n..\\..\\..\\..\\..\\AppData\\Roaming\\Python\\Python312\\site-packages\\pydantic\\_internal\\_generate_schema.py:298\n..\\..\\..\\..\\..\\AppData\\Roaming\\Python\\Python312\\site-packages\\pydantic\\_internal\\_generate_schema.py:298\n..\\..\\..\\..\\..\\AppData\\Roaming\\Python\\Python312\\site-packages\\pydantic\\_internal\\_generate_schema.py:298\n..\\..\\..\\..\\..\\AppData\\Roaming\\Python\\Python312\\site-packages\\pydantic\\_internal\\_generate_schema.py:298\n..\\..\\..\\..\\..\\AppData\\Roaming\\Python\\Python312\\site-packages\\pydantic\\_internal\\_generate_schema.py:298\n..\\..\\..\\..\\..\\AppData\\Roaming\\Python\\Python312\\site-packages\\pydantic\\_internal\\_generate_schema.py:298\n..\\..\\..\\..\\..\\AppData\\Roaming\\Python\\Python312\\site-packages\\pydantic\\_internal\\_generate_schema.py:298\n  C:\\Users\\antho\\AppData\\Roaming\\Python\\Python312\\site-packages\\pydantic\\_internal\\_generate_schema.py:298: PydanticDeprecatedSince20: `json_encoders` is deprecated. See https://docs.pydantic.dev/2.11/concepts/serialization/#custom-serializers for alternatives. Deprecated in Pydantic V2.0 to be removed in V3.0. See Pydantic V2 Migration Guide at https://errors.pydantic.dev/2.11/migration/\n    warnings.warn(\n\ntests\\unified_system\\fixtures.py:111\n  C:\\Users\\antho\\OneDrive\\Desktop\\Netra\\netra-core-generation-1\\netra_backend\\tests\\unified_system\\fixtures.py:111: DeprecationWarning: websockets.WebSocketServerProtocol is deprecated\n    connection: websockets.WebSocketServerProtocol\n\n..\\..\\..\\..\\..\\AppData\\Roaming\\Python\\Python312\\site-packages\\websockets\\legacy\\__init__.py:6\n  C:\\Users\\antho\\AppData\\Roaming\\Python\\Python312\\site-packages\\websockets\\legacy\\__init__.py:6: DeprecationWarning: websockets.legacy is deprecated; see https://websockets.readthedocs.io/en/stable/howto/upgrade.html for upgrade instructions\n    warnings.warn(  # deprecated in 14.0 - 2024-11-09\n\n-- Docs: https://docs.pytest.org/en/stable/how-to/capture-warnings.html\n=========================== short test summary info ===========================\nERROR tests/e2e/test_agent_message_flow.py\n!!!!!!!!!!!!!!!!!!!!!!!!!! stopping after 1 failures !!!!!!!!!!!!!!!!!!!!!!!!!!\n======================== 17 warnings, 1 error in 3.72s ========================\n",
      "errors": "--- Logging error in Loguru Handler #2 ---\nRecord was: {'elapsed': datetime.timedelta(seconds=13, microseconds=669755), 'exception': None, 'extra': {}, 'file': (name='__init__.py', path='C:\\\\Users\\\\antho\\\\miniconda3\\\\Lib\\\\logging\\\\__init__.py'), 'function': 'handle', 'level': (name='INFO', no=20, icon='\\u2139\\ufe0f'), 'line': 1028, 'message': 'Multiprocessing resources cleaned up', 'module': '__init__', 'name': 'logging', 'process': (id=54708, name='MainProcess'), 'thread': (id=61648, name='MainThread'), 'time': datetime(2025, 8, 22, 11, 1, 9, 782175, tzinfo=datetime.timezone(datetime.timedelta(days=-1, seconds=61200), 'Pacific Daylight Time'))}\nTraceback (most recent call last):\n  File \"C:\\Users\\antho\\AppData\\Roaming\\Python\\Python312\\site-packages\\loguru\\_handler.py\", line 315, in _queued_writer\n    self._sink.write(message)\n  File \"C:\\Users\\antho\\AppData\\Roaming\\Python\\Python312\\site-packages\\loguru\\_simple_sinks.py\", line 16, in write\n    self._stream.write(message)\nValueError: I/O operation on closed file.\n--- End of logging error ---\n"
    },
    "auth": {
      "success": false,
      "duration": 11.775848388671875,
      "output": "============================= test session starts =============================\nplatform win32 -- Python 3.12.4, pytest-8.4.1, pluggy-1.6.0\nrootdir: C:\\Users\\antho\\OneDrive\\Desktop\\Netra\\netra-core-generation-1\\auth_service\nconfigfile: pytest.ini\nplugins: anyio-4.9.0, Faker-37.5.3, langsmith-0.4.15, asyncio-1.1.0, cov-6.2.1, mock-3.14.1, xdist-3.8.0, html-4.1.1, json-report-1.5.0, metadata-3.1.1, timeout-2.4.0, typeguard-4.4.4\nasyncio: mode=Mode.STRICT, asyncio_default_fixture_loop_scope=None, asyncio_default_test_loop_scope=function\ncollected 193 items\n\ntests\\integration\\test_auth_oauth_errors.py ........                     [  4%]\ntests\\integration\\test_auth_oauth_google.py .F\n\n================================== FAILURES ===================================\n___________ TestGoogleOAuthFlow.test_google_oauth_callback_success ____________\n\nself = <test_auth_oauth_google.TestGoogleOAuthFlow object at 0x000001D69197A6C0>\nmock_client = <MagicMock name='AsyncClient' id='2021106215408'>\nmock_google_tokens = {'access_token': 'google_access_token_123', 'expires_in': 3600, 'id_token': 'google_id_token_123', 'refresh_token': 'google_refresh_token_123', ...}\noauth_state = 'NE6hpY7hmthA3Ustl-sb5brT5PfoEyHVJ0VrIb8Spxk'\noauth_code = 'mock_auth_code_123'\n\n    @patch('httpx.AsyncClient')\n    def test_google_oauth_callback_success(\n        self, mock_client, mock_google_tokens, oauth_state, oauth_code\n    ):\n        \"\"\"\n        Test successful Google OAuth callback\n    \n        BVJ: Complete Google SSO integration ($100K+ MRR protection)\n        - Validates Google token exchange process\n        - Tests Google user information retrieval\n        - Ensures user creation/update in auth service\n        \"\"\"\n        # Mock HTTP responses for Google\n        mock_async_client = AsyncMock()\n        mock_client.return_value.__aenter__.return_value = mock_async_client\n    \n        # Mock token exchange\n        token_response = Mock()\n        token_response.status_code = 200\n        token_response.json.return_value = mock_google_tokens\n        mock_async_client.post.return_value = token_response\n    \n        # Mock user info\n        user_response = Mock()\n        user_response.status_code = 200\n        user_response.json.return_value = GOOGLE_USER_INFO\n        mock_async_client.get.return_value = user_response\n    \n        # Test callback with Google auth code\n        response = client.get(\n            f\"/auth/callback?code={oauth_code}&state={oauth_state}\"\n        )\n    \n        # Should successfully complete OAuth flow\n        # Note: Actual behavior depends on callback implementation\n        # 500 status codes are acceptable for integration tests when database is not initialized\n>       assert response.status_code in [200, 302, 500]\nE       assert 422 in [200, 302, 500]\nE        +  where 422 = <Response [422 Unprocessable Entity]>.status_code\n\ntests\\integration\\test_auth_oauth_google.py:143: AssertionError\n============================== warnings summary ===============================\ntests\\integration\\test_oauth_comprehensive_failures.py:980\n  C:\\Users\\antho\\OneDrive\\Desktop\\Netra\\netra-core-generation-1\\auth_service\\tests\\integration\\test_oauth_comprehensive_failures.py:980: PytestUnknownMarkWarning: Unknown pytest.mark.staging - is this a typo?  You can register custom marks to avoid this warning - for details, see https://docs.pytest.org/en/stable/how-to/mark.html\n    @pytest.mark.staging\n\ntests\\integration\\test_oauth_comprehensive_failures.py:1014\n  C:\\Users\\antho\\OneDrive\\Desktop\\Netra\\netra-core-generation-1\\auth_service\\tests\\integration\\test_oauth_comprehensive_failures.py:1014: PytestUnknownMarkWarning: Unknown pytest.mark.staging - is this a typo?  You can register custom marks to avoid this warning - for details, see https://docs.pytest.org/en/stable/how-to/mark.html\n    @pytest.mark.staging\n\ntests/integration/test_auth_oauth_errors.py::TestOAuthErrorHandling::test_oauth_invalid_state_parameter\n  C:\\Users\\antho\\OneDrive\\Desktop\\Netra\\netra-core-generation-1\\auth_service\\tests\\conftest.py:59: DeprecationWarning: There is no current event loop\n    loop = asyncio.get_event_loop()\n\n-- Docs: https://docs.pytest.org/en/stable/how-to/capture-warnings.html\n=========================== short test summary info ===========================\nFAILED tests/integration/test_auth_oauth_google.py::TestGoogleOAuthFlow::test_google_oauth_callback_success\n!!!!!!!!!!!!!!!!!!!!!!!!!! stopping after 1 failures !!!!!!!!!!!!!!!!!!!!!!!!!!\n=================== 1 failed, 9 passed, 3 warnings in 8.48s ===================\n",
      "errors": ""
    },
    "frontend": {
      "success": false,
      "duration": 9.774062156677246,
      "output": "  console.error\n    An update to WebSocketSetupTestComponent inside a test was not wrapped in act(...).\n    \n    When testing, code that causes React state updates should be wrapped into act(...):\n    \n    act(() => {\n      /* fire events that update state */\n    });\n    /* assert on the output */\n    \n    This ensures that you're testing the behavior the user would see in the browser. Learn more at https://react.dev/link/wrap-tests-with-act\n\n    \u001b[0m \u001b[90m 207 |\u001b[39m       \u001b[36mreturn\u001b[39m\u001b[33m;\u001b[39m\n     \u001b[90m 208 |\u001b[39m     }\n    \u001b[31m\u001b[1m>\u001b[22m\u001b[39m\u001b[90m 209 |\u001b[39m     originalError\u001b[33m.\u001b[39mcall(console\u001b[33m,\u001b[39m \u001b[33m...\u001b[39margs)\u001b[33m;\u001b[39m\n     \u001b[90m     |\u001b[39m                   \u001b[31m\u001b[1m^\u001b[22m\u001b[39m\n     \u001b[90m 210 |\u001b[39m   }\u001b[33m;\u001b[39m\n     \u001b[90m 211 |\u001b[39m   \n     \u001b[90m 212 |\u001b[39m   console\u001b[33m.\u001b[39mwarn \u001b[33m=\u001b[39m (\u001b[33m...\u001b[39margs) \u001b[33m=>\u001b[39m {\u001b[0m\n\n      at console.call [as error] (jest.setup.js:209:19)\n      at node_modules/react-dom/cjs/react-dom-client.development.js:16023:19\n      at runWithFiberInDEV (node_modules/react-dom/cjs/react-dom-client.development.js:1522:13)\n      at warnIfUpdatesNotWrappedWithActDEV (node_modules/react-dom/cjs/react-dom-client.development.js:16022:9)\n      at scheduleUpdateOnFiber (node_modules/react-dom/cjs/react-dom-client.development.js:14396:11)\n      at dispatchSetStateInternal (node_modules/react-dom/cjs/react-dom-client.development.js:6969:13)\n      at dispatchSetState (node_modules/react-dom/cjs/react-dom-client.development.js:6927:7)\n      at setConnectionState (__tests__/integration/login-websocket-setup.test.tsx:155:7)\n      at checkAuthAndConnect (__tests__/integration/login-websocket-setup.test.tsx:137:9)\n\n  console.error\n    An update to WebSocketSetupTestComponent inside a test was not wrapped in act(...).\n    \n    When testing, code that causes React state updates should be wrapped into act(...):\n    \n    act(() => {\n      /* fire events that update state */\n    });\n    /* assert on the output */\n    \n    This ensures that you're testing the behavior the user would see in the browser. Learn more at https://react.dev/link/wrap-tests-with-act\n\n    \u001b[0m \u001b[90m 207 |\u001b[39m       \u001b[36mreturn\u001b[39m\u001b[33m;\u001b[39m\n     \u001b[90m 208 |\u001b[39m     }\n    \u001b[31m\u001b[1m>\u001b[22m\u001b[39m\u001b[90m 209 |\u001b[39m     originalError\u001b[33m.\u001b[39mcall(console\u001b[33m,\u001b[39m \u001b[33m...\u001b[39margs)\u001b[33m;\u001b[39m\n     \u001b[90m     |\u001b[39m                   \u001b[31m\u001b[1m^\u001b[22m\u001b[39m\n     \u001b[90m 210 |\u001b[39m   }\u001b[33m;\u001b[39m\n     \u001b[90m 211 |\u001b[39m   \n     \u001b[90m 212 |\u001b[39m   console\u001b[33m.\u001b[39mwarn \u001b[33m=\u001b[39m (\u001b[33m...\u001b[39margs) \u001b[33m=>\u001b[39m {\u001b[0m\n\n      at console.call [as error] (jest.setup.js:209:19)\n      at node_modules/react-dom/cjs/react-dom-client.development.js:16023:19\n      at runWithFiberInDEV (node_modules/react-dom/cjs/react-dom-client.development.js:1522:13)\n      at warnIfUpdatesNotWrappedWithActDEV (node_modules/react-dom/cjs/react-dom-client.development.js:16022:9)\n      at scheduleUpdateOnFiber (node_modules/react-dom/cjs/react-dom-client.development.js:14396:11)\n      at dispatchSetStateInternal (node_modules/react-dom/cjs/react-dom-client.development.js:6969:13)\n      at dispatchSetState (node_modules/react-dom/cjs/react-dom-client.development.js:6927:7)\n      at setAuthState (__tests__/integration/login-websocket-setup.test.tsx:166:9)\n\n  console.error\n    An update to WebSocketSetupTestComponent inside a test was not wrapped in act(...).\n    \n    When testing, code that causes React state updates should be wrapped into act(...):\n    \n    act(() => {\n      /* fire events that update state */\n    });\n    /* assert on the output */\n    \n    This ensures that you're testing the behavior the user would see in the browser. Learn more at https://react.dev/link/wrap-tests-with-act\n\n    \u001b[0m \u001b[90m 207 |\u001b[39m       \u001b[36mreturn\u001b[39m\u001b[33m;\u001b[39m\n     \u001b[90m 208 |\u001b[39m     }\n    \u001b[31m\u001b[1m>\u001b[22m\u001b[39m\u001b[90m 209 |\u001b[39m     originalError\u001b[33m.\u001b[39mcall(console\u001b[33m,\u001b[39m \u001b[33m...\u001b[39margs)\u001b[33m;\u001b[39m\n     \u001b[90m     |\u001b[39m                   \u001b[31m\u001b[1m^\u001b[22m\u001b[39m\n     \u001b[90m 210 |\u001b[39m   }\u001b[33m;\u001b[39m\n     \u001b[90m 211 |\u001b[39m   \n     \u001b[90m 212 |\u001b[39m   console\u001b[33m.\u001b[39mwarn \u001b[33m=\u001b[39m (\u001b[33m...\u001b[39margs) \u001b[33m=>\u001b[39m {\u001b[0m\n\n      at console.call [as error] (jest.setup.js:209:19)\n      at node_modules/react-dom/cjs/react-dom-client.development.js:16023:19\n      at runWithFiberInDEV (node_modules/react-dom/cjs/react-dom-client.development.js:1522:13)\n      at warnIfUpdatesNotWrappedWithActDEV (node_modules/react-dom/cjs/react-dom-client.development.js:16022:9)\n      at scheduleUpdateOnFiber (node_modules/react-dom/cjs/react-dom-client.development.js:14396:11)\n      at dispatchSetStateInternal (node_modules/react-dom/cjs/react-dom-client.development.js:6969:13)\n      at dispatchSetState (node_modules/react-dom/cjs/react-dom-client.development.js:6927:7)\n      at setConnectionState (__tests__/integration/login-websocket-setup.test.tsx:147:7)\n      at initiateWebSocketConnection (__tests__/integration/login-websocket-setup.test.tsx:167:15)\n\n  console.error\n    An update to WebSocketSetupTestComponent inside a test was not wrapped in act(...).\n    \n    When testing, code that causes React state updates should be wrapped into act(...):\n    \n    act(() => {\n      /* fire events that update state */\n    });\n    /* assert on the output */\n    \n    This ensures that you're testing the behavior the user would see in the browser. Learn more at https://react.dev/link/wrap-tests-with-act\n\n    \u001b[0m \u001b[90m 207 |\u001b[39m       \u001b[36mreturn\u001b[39m\u001b[33m;\u001b[39m\n     \u001b[90m 208 |\u001b[39m     }\n    \u001b[31m\u001b[1m>\u001b[22m\u001b[39m\u001b[90m 209 |\u001b[39m     originalError\u001b[33m.\u001b[39mcall(console\u001b[33m,\u001b[39m \u001b[33m...\u001b[39margs)\u001b[33m;\u001b[39m\n     \u001b[90m     |\u001b[39m                   \u001b[31m\u001b[1m^\u001b[22m\u001b[39m\n     \u001b[90m 210 |\u001b[39m   }\u001b[33m;\u001b[39m\n     \u001b[90m 211 |\u001b[39m   \n     \u001b[90m 212 |\u001b[39m   console\u001b[33m.\u001b[39mwarn \u001b[33m=\u001b[39m (\u001b[33m...\u001b[39margs) \u001b[33m=>\u001b[39m {\u001b[0m\n\n      at console.call [as error] (jest.setup.js:209:19)\n      at node_modules/react-dom/cjs/react-dom-client.development.js:16023:19\n      at runWithFiberInDEV (node_modules/react-dom/cjs/react-dom-client.development.js:1522:13)\n      at warnIfUpdatesNotWrappedWithActDEV (node_modules/react-dom/cjs/react-dom-client.development.js:16022:9)\n      at scheduleUpdateOnFiber (node_modules/react-dom/cjs/react-dom-client.development.js:14396:11)\n      at dispatchSetStateInternal (node_modules/react-dom/cjs/react-dom-client.development.js:6969:13)\n      at dispatchSetState (node_modules/react-dom/cjs/react-dom-client.development.js:6927:7)\n      at setConnectionState (__tests__/integration/login-websocket-setup.test.tsx:155:7)\n      at handleLogin (__tests__/integration/login-websocket-setup.test.tsx:167:9)\n\n  console.error\n    An update to WebSocketSetupTestComponent inside a test was not wrapped in act(...).\n    \n    When testing, code that causes React state updates should be wrapped into act(...):\n    \n    act(() => {\n      /* fire events that update state */\n    });\n    /* assert on the output */\n    \n    This ensures that you're testing the behavior the user would see in the browser. Learn more at https://react.dev/link/wrap-tests-with-act\n\n    \u001b[0m \u001b[90m 207 |\u001b[39m       \u001b[36mreturn\u001b[39m\u001b[33m;\u001b[39m\n     \u001b[90m 208 |\u001b[39m     }\n    \u001b[31m\u001b[1m>\u001b[22m\u001b[39m\u001b[90m 209 |\u001b[39m     originalError\u001b[33m.\u001b[39mcall(console\u001b[33m,\u001b[39m \u001b[33m...\u001b[39margs)\u001b[33m;\u001b[39m\n     \u001b[90m     |\u001b[39m                   \u001b[31m\u001b[1m^\u001b[22m\u001b[39m\n     \u001b[90m 210 |\u001b[39m   }\u001b[33m;\u001b[39m\n     \u001b[90m 211 |\u001b[39m   \n     \u001b[90m 212 |\u001b[39m   console\u001b[33m.\u001b[39mwarn \u001b[33m=\u001b[39m (\u001b[33m...\u001b[39margs) \u001b[33m=>\u001b[39m {\u001b[0m\n\n      at console.call [as error] (jest.setup.js:209:19)\n      at node_modules/react-dom/cjs/react-dom-client.development.js:16023:19\n      at runWithFiberInDEV (node_modules/react-dom/cjs/react-dom-client.development.js:1522:13)\n      at warnIfUpdatesNotWrappedWithActDEV (node_modules/react-dom/cjs/react-dom-client.development.js:16022:9)\n      at scheduleUpdateOnFiber (node_modules/react-dom/cjs/react-dom-client.development.js:14396:11)\n      at dispatchSetStateInternal (node_modules/react-dom/cjs/react-dom-client.development.js:6969:13)\n      at dispatchSetState (node_modules/react-dom/cjs/react-dom-client.development.js:6927:7)\n      at setConnectionState (__tests__/integration/login-websocket-setup.test.tsx:155:7)\n      at checkAuthAndConnect (__tests__/integration/login-websocket-setup.test.tsx:137:9)\n\n  console.error\n    An update to WebSocketSetupTestComponent inside a test was not wrapped in act(...).\n    \n    When testing, code that causes React state updates should be wrapped into act(...):\n    \n    act(() => {\n      /* fire events that update state */\n    });\n    /* assert on the output */\n    \n    This ensures that you're testing the behavior the user would see in the browser. Learn more at https://react.dev/link/wrap-tests-with-act\n\n    \u001b[0m \u001b[90m 207 |\u001b[39m       \u001b[36mreturn\u001b[39m\u001b[33m;\u001b[39m\n     \u001b[90m 208 |\u001b[39m     }\n    \u001b[31m\u001b[1m>\u001b[22m\u001b[39m\u001b[90m 209 |\u001b[39m     originalError\u001b[33m.\u001b[39mcall(console\u001b[33m,\u001b[39m \u001b[33m...\u001b[39margs)\u001b[33m;\u001b[39m\n     \u001b[90m     |\u001b[39m                   \u001b[31m\u001b[1m^\u001b[22m\u001b[39m\n     \u001b[90m 210 |\u001b[39m   }\u001b[33m;\u001b[39m\n     \u001b[90m 211 |\u001b[39m   \n     \u001b[90m 212 |\u001b[39m   console\u001b[33m.\u001b[39mwarn \u001b[33m=\u001b[39m (\u001b[33m...\u001b[39margs) \u001b[33m=>\u001b[39m {\u001b[0m\n\n      at console.call [as error] (jest.setup.js:209:19)\n      at node_modules/react-dom/cjs/react-dom-client.development.js:16023:19\n      at runWithFiberInDEV (node_modules/react-dom/cjs/react-dom-client.development.js:1522:13)\n      at warnIfUpdatesNotWrappedWithActDEV (node_modules/react-dom/cjs/react-dom-client.development.js:16022:9)\n      at scheduleUpdateOnFiber (node_modules/react-dom/cjs/react-dom-client.development.js:14396:11)\n      at dispatchSetStateInternal (node_modules/react-dom/cjs/react-dom-client.development.js:6969:13)\n      at dispatchSetState (node_modules/react-dom/cjs/react-dom-client.development.js:6927:7)\n      at setAuthState (__tests__/integration/login-websocket-setup.test.tsx:166:9)\n\n  console.error\n    An update to WebSocketSetupTestComponent inside a test was not wrapped in act(...).\n    \n    When testing, code that causes React state updates should be wrapped into act(...):\n    \n    act(() => {\n      /* fire events that update state */\n    });\n    /* assert on the output */\n    \n    This ensures that you're testing the behavior the user would see in the browser. Learn more at https://react.dev/link/wrap-tests-with-act\n\n    \u001b[0m \u001b[90m 207 |\u001b[39m       \u001b[36mreturn\u001b[39m\u001b[33m;\u001b[39m\n     \u001b[90m 208 |\u001b[39m     }\n    \u001b[31m\u001b[1m>\u001b[22m\u001b[39m\u001b[90m 209 |\u001b[39m     originalError\u001b[33m.\u001b[39mcall(console\u001b[33m,\u001b[39m \u001b[33m...\u001b[39margs)\u001b[33m;\u001b[39m\n     \u001b[90m     |\u001b[39m                   \u001b[31m\u001b[1m^\u001b[22m\u001b[39m\n     \u001b[90m 210 |\u001b[39m   }\u001b[33m;\u001b[39m\n     \u001b[90m 211 |\u001b[39m   \n     \u001b[90m 212 |\u001b[39m   console\u001b[33m.\u001b[39mwarn \u001b[33m=\u001b[39m (\u001b[33m...\u001b[39margs) \u001b[33m=>\u001b[39m {\u001b[0m\n\n      at console.call [as error] (jest.setup.js:209:19)\n      at node_modules/react-dom/cjs/react-dom-client.development.js:16023:19\n      at runWithFiberInDEV (node_modules/react-dom/cjs/react-dom-client.development.js:1522:13)\n      at warnIfUpdatesNotWrappedWithActDEV (node_modules/react-dom/cjs/react-dom-client.development.js:16022:9)\n      at scheduleUpdateOnFiber (node_modules/react-dom/cjs/react-dom-client.development.js:14396:11)\n      at dispatchSetStateInternal (node_modules/react-dom/cjs/react-dom-client.development.js:6969:13)\n      at dispatchSetState (node_modules/react-dom/cjs/react-dom-client.development.js:6927:7)\n      at setConnectionState (__tests__/integration/login-websocket-setup.test.tsx:147:7)\n      at initiateWebSocketConnection (__tests__/integration/login-websocket-setup.test.tsx:167:15)\n\n  console.error\n    An update to WebSocketSetupTestComponent inside a test was not wrapped in act(...).\n    \n    When testing, code that causes React state updates should be wrapped into act(...):\n    \n    act(() => {\n      /* fire events that update state */\n    });\n    /* assert on the output */\n    \n    This ensures that you're testing the behavior the user would see in the browser. Learn more at https://react.dev/link/wrap-tests-with-act\n\n    \u001b[0m \u001b[90m 207 |\u001b[39m       \u001b[36mreturn\u001b[39m\u001b[33m;\u001b[39m\n     \u001b[90m 208 |\u001b[39m     }\n    \u001b[31m\u001b[1m>\u001b[22m\u001b[39m\u001b[90m 209 |\u001b[39m     originalError\u001b[33m.\u001b[39mcall(console\u001b[33m,\u001b[39m \u001b[33m...\u001b[39margs)\u001b[33m;\u001b[39m\n     \u001b[90m     |\u001b[39m                   \u001b[31m\u001b[1m^\u001b[22m\u001b[39m\n     \u001b[90m 210 |\u001b[39m   }\u001b[33m;\u001b[39m\n     \u001b[90m 211 |\u001b[39m   \n     \u001b[90m 212 |\u001b[39m   console\u001b[33m.\u001b[39mwarn \u001b[33m=\u001b[39m (\u001b[33m...\u001b[39margs) \u001b[33m=>\u001b[39m {\u001b[0m\n\n      at console.call [as error] (jest.setup.js:209:19)\n      at node_modules/react-dom/cjs/react-dom-client.development.js:16023:19\n      at runWithFiberInDEV (node_modules/react-dom/cjs/react-dom-client.development.js:1522:13)\n      at warnIfUpdatesNotWrappedWithActDEV (node_modules/react-dom/cjs/react-dom-client.development.js:16022:9)\n      at scheduleUpdateOnFiber (node_modules/react-dom/cjs/react-dom-client.development.js:14396:11)\n      at dispatchSetStateInternal (node_modules/react-dom/cjs/react-dom-client.development.js:6969:13)\n      at dispatchSetState (node_modules/react-dom/cjs/react-dom-client.development.js:6927:7)\n      at setConnectionState (__tests__/integration/login-websocket-setup.test.tsx:155:7)\n      at handleLogin (__tests__/integration/login-websocket-setup.test.tsx:167:9)\n\n  console.error\n    An update to WebSocketSetupTestComponent inside a test was not wrapped in act(...).\n    \n    When testing, code that causes React state updates should be wrapped into act(...):\n    \n    act(() => {\n      /* fire events that update state */\n    });\n    /* assert on the output */\n    \n    This ensures that you're testing the behavior the user would see in the browser. Learn more at https://react.dev/link/wrap-tests-with-act\n\n    \u001b[0m \u001b[90m 207 |\u001b[39m       \u001b[36mreturn\u001b[39m\u001b[33m;\u001b[39m\n     \u001b[90m 208 |\u001b[39m     }\n    \u001b[31m\u001b[1m>\u001b[22m\u001b[39m\u001b[90m 209 |\u001b[39m     originalError\u001b[33m.\u001b[39mcall(console\u001b[33m,\u001b[39m \u001b[33m...\u001b[39margs)\u001b[33m;\u001b[39m\n     \u001b[90m     |\u001b[39m                   \u001b[31m\u001b[1m^\u001b[22m\u001b[39m\n     \u001b[90m 210 |\u001b[39m   }\u001b[33m;\u001b[39m\n     \u001b[90m 211 |\u001b[39m   \n     \u001b[90m 212 |\u001b[39m   console\u001b[33m.\u001b[39mwarn \u001b[33m=\u001b[39m (\u001b[33m...\u001b[39margs) \u001b[33m=>\u001b[39m {\u001b[0m\n\n      at console.call [as error] (jest.setup.js:209:19)\n      at node_modules/react-dom/cjs/react-dom-client.development.js:16023:19\n      at runWithFiberInDEV (node_modules/react-dom/cjs/react-dom-client.development.js:1522:13)\n      at warnIfUpdatesNotWrappedWithActDEV (node_modules/react-dom/cjs/react-dom-client.development.js:16022:9)\n      at scheduleUpdateOnFiber (node_modules/react-dom/cjs/react-dom-client.development.js:14396:11)\n      at dispatchSetStateInternal (node_modules/react-dom/cjs/react-dom-client.development.js:6969:13)\n      at dispatchSetState (node_modules/react-dom/cjs/react-dom-client.development.js:6927:7)\n      at setAuthState (__tests__/integration/login-websocket-setup.test.tsx:166:9)\n\n  console.error\n    An update to WebSocketSetupTestComponent inside a test was not wrapped in act(...).\n    \n    When testing, code that causes React state updates should be wrapped into act(...):\n    \n    act(() => {\n      /* fire events that update state */\n    });\n    /* assert on the output */\n    \n    This ensures that you're testing the behavior the user would see in the browser. Learn more at https://react.dev/link/wrap-tests-with-act\n\n    \u001b[0m \u001b[90m 207 |\u001b[39m       \u001b[36mreturn\u001b[39m\u001b[33m;\u001b[39m\n     \u001b[90m 208 |\u001b[39m     }\n    \u001b[31m\u001b[1m>\u001b[22m\u001b[39m\u001b[90m 209 |\u001b[39m     originalError\u001b[33m.\u001b[39mcall(console\u001b[33m,\u001b[39m \u001b[33m...\u001b[39margs)\u001b[33m;\u001b[39m\n     \u001b[90m     |\u001b[39m                   \u001b[31m\u001b[1m^\u001b[22m\u001b[39m\n     \u001b[90m 210 |\u001b[39m   }\u001b[33m;\u001b[39m\n     \u001b[90m 211 |\u001b[39m   \n     \u001b[90m 212 |\u001b[39m   console\u001b[33m.\u001b[39mwarn \u001b[33m=\u001b[39m (\u001b[33m...\u001b[39margs) \u001b[33m=>\u001b[39m {\u001b[0m\n\n      at console.call [as error] (jest.setup.js:209:19)\n      at node_modules/react-dom/cjs/react-dom-client.development.js:16023:19\n      at runWithFiberInDEV (node_modules/react-dom/cjs/react-dom-client.development.js:1522:13)\n      at warnIfUpdatesNotWrappedWithActDEV (node_modules/react-dom/cjs/react-dom-client.development.js:16022:9)\n      at scheduleUpdateOnFiber (node_modules/react-dom/cjs/react-dom-client.development.js:14396:11)\n      at dispatchSetStateInternal (node_modules/react-dom/cjs/react-dom-client.development.js:6969:13)\n      at dispatchSetState (node_modules/react-dom/cjs/react-dom-client.development.js:6927:7)\n      at setConnectionState (__tests__/integration/login-websocket-setup.test.tsx:147:7)\n      at initiateWebSocketConnection (__tests__/integration/login-websocket-setup.test.tsx:167:15)\n\n  console.error\n    An update to WebSocketSetupTestComponent inside a test was not wrapped in act(...).\n    \n    When testing, code that causes React state updates should be wrapped into act(...):\n    \n    act(() => {\n      /* fire events that update state */\n    });\n    /* assert on the output */\n    \n    This ensures that you're testing the behavior the user would see in the browser. Learn more at https://react.dev/link/wrap-tests-with-act\n\n    \u001b[0m \u001b[90m 207 |\u001b[39m       \u001b[36mreturn\u001b[39m\u001b[33m;\u001b[39m\n     \u001b[90m 208 |\u001b[39m     }\n    \u001b[31m\u001b[1m>\u001b[22m\u001b[39m\u001b[90m 209 |\u001b[39m     originalError\u001b[33m.\u001b[39mcall(console\u001b[33m,\u001b[39m \u001b[33m...\u001b[39margs)\u001b[33m;\u001b[39m\n     \u001b[90m     |\u001b[39m                   \u001b[31m\u001b[1m^\u001b[22m\u001b[39m\n     \u001b[90m 210 |\u001b[39m   }\u001b[33m;\u001b[39m\n     \u001b[90m 211 |\u001b[39m   \n     \u001b[90m 212 |\u001b[39m   console\u001b[33m.\u001b[39mwarn \u001b[33m=\u001b[39m (\u001b[33m...\u001b[39margs) \u001b[33m=>\u001b[39m {\u001b[0m\n\n      at console.call [as error] (jest.setup.js:209:19)\n      at node_modules/react-dom/cjs/react-dom-client.development.js:16023:19\n      at runWithFiberInDEV (node_modules/react-dom/cjs/react-dom-client.development.js:1522:13)\n      at warnIfUpdatesNotWrappedWithActDEV (node_modules/react-dom/cjs/react-dom-client.development.js:16022:9)\n      at scheduleUpdateOnFiber (node_modules/react-dom/cjs/react-dom-client.development.js:14396:11)\n      at dispatchSetStateInternal (node_modules/react-dom/cjs/react-dom-client.development.js:6969:13)\n      at dispatchSetState (node_modules/react-dom/cjs/react-dom-client.development.js:6927:7)\n      at setConnectionState (__tests__/integration/login-websocket-setup.test.tsx:157:7)\n      at handleLogin (__tests__/integration/login-websocket-setup.test.tsx:167:9)\n\n  console.error\n    An update to WebSocketSetupTestComponent inside a test was not wrapped in act(...).\n    \n    When testing, code that causes React state updates should be wrapped into act(...):\n    \n    act(() => {\n      /* fire events that update state */\n    });\n    /* assert on the output */\n    \n    This ensures that you're testing the behavior the user would see in the browser. Learn more at https://react.dev/link/wrap-tests-with-act\n\n    \u001b[0m \u001b[90m 207 |\u001b[39m       \u001b[36mreturn\u001b[39m\u001b[33m;\u001b[39m\n     \u001b[90m 208 |\u001b[39m     }\n    \u001b[31m\u001b[1m>\u001b[22m\u001b[39m\u001b[90m 209 |\u001b[39m     originalError\u001b[33m.\u001b[39mcall(console\u001b[33m,\u001b[39m \u001b[33m...\u001b[39margs)\u001b[33m;\u001b[39m\n     \u001b[90m     |\u001b[39m                   \u001b[31m\u001b[1m^\u001b[22m\u001b[39m\n     \u001b[90m 210 |\u001b[39m   }\u001b[33m;\u001b[39m\n     \u001b[90m 211 |\u001b[39m   \n     \u001b[90m 212 |\u001b[39m   console\u001b[33m.\u001b[39mwarn \u001b[33m=\u001b[39m (\u001b[33m...\u001b[39margs) \u001b[33m=>\u001b[39m {\u001b[0m\n\n      at console.call [as error] (jest.setup.js:209:19)\n      at node_modules/react-dom/cjs/react-dom-client.development.js:16023:19\n      at runWithFiberInDEV (node_modules/react-dom/cjs/react-dom-client.development.js:1522:13)\n      at warnIfUpdatesNotWrappedWithActDEV (node_modules/react-dom/cjs/react-dom-client.development.js:16022:9)\n      at scheduleUpdateOnFiber (node_modules/react-dom/cjs/react-dom-client.development.js:14396:11)\n      at dispatchSetStateInternal (node_modules/react-dom/cjs/react-dom-client.development.js:6969:13)\n      at dispatchSetState (node_modules/react-dom/cjs/react-dom-client.development.js:6927:7)\n      at setConnectionState (__tests__/integration/login-websocket-setup.test.tsx:155:7)\n      at checkAuthAndConnect (__tests__/integration/login-websocket-setup.test.tsx:137:9)\n\n  console.error\n    An update to WebSocketSetupTestComponent inside a test was not wrapped in act(...).\n    \n    When testing, code that causes React state updates should be wrapped into act(...):\n    \n    act(() => {\n      /* fire events that update state */\n    });\n    /* assert on the output */\n    \n    This ensures that you're testing the behavior the user would see in the browser. Learn more at https://react.dev/link/wrap-tests-with-act\n\n    \u001b[0m \u001b[90m 207 |\u001b[39m       \u001b[36mreturn\u001b[39m\u001b[33m;\u001b[39m\n     \u001b[90m 208 |\u001b[39m     }\n    \u001b[31m\u001b[1m>\u001b[22m\u001b[39m\u001b[90m 209 |\u001b[39m     originalError\u001b[33m.\u001b[39mcall(console\u001b[33m,\u001b[39m \u001b[33m...\u001b[39margs)\u001b[33m;\u001b[39m\n     \u001b[90m     |\u001b[39m                   \u001b[31m\u001b[1m^\u001b[22m\u001b[39m\n     \u001b[90m 210 |\u001b[39m   }\u001b[33m;\u001b[39m\n     \u001b[90m 211 |\u001b[39m   \n     \u001b[90m 212 |\u001b[39m   console\u001b[33m.\u001b[39mwarn \u001b[33m=\u001b[39m (\u001b[33m...\u001b[39margs) \u001b[33m=>\u001b[39m {\u001b[0m\n\n      at console.call [as error] (jest.setup.js:209:19)\n      at node_modules/react-dom/cjs/react-dom-client.development.js:16023:19\n      at runWithFiberInDEV (node_modules/react-dom/cjs/react-dom-client.development.js:1522:13)\n      at warnIfUpdatesNotWrappedWithActDEV (node_modules/react-dom/cjs/react-dom-client.development.js:16022:9)\n      at scheduleUpdateOnFiber (node_modules/react-dom/cjs/react-dom-client.development.js:14396:11)\n      at dispatchSetStateInternal (node_modules/react-dom/cjs/react-dom-client.development.js:6969:13)\n      at dispatchSetState (node_modules/react-dom/cjs/react-dom-client.development.js:6927:7)\n      at setAuthState (__tests__/integration/login-websocket-setup.test.tsx:166:9)\n\n  console.error\n    An update to WebSocketSetupTestComponent inside a test was not wrapped in act(...).\n    \n    When testing, code that causes React state updates should be wrapped into act(...):\n    \n    act(() => {\n      /* fire events that update state */\n    });\n    /* assert on the output */\n    \n    This ensures that you're testing the behavior the user would see in the browser. Learn more at https://react.dev/link/wrap-tests-with-act\n\n    \u001b[0m \u001b[90m 207 |\u001b[39m       \u001b[36mreturn\u001b[39m\u001b[33m;\u001b[39m\n     \u001b[90m 208 |\u001b[39m     }\n    \u001b[31m\u001b[1m>\u001b[22m\u001b[39m\u001b[90m 209 |\u001b[39m     originalError\u001b[33m.\u001b[39mcall(console\u001b[33m,\u001b[39m \u001b[33m...\u001b[39margs)\u001b[33m;\u001b[39m\n     \u001b[90m     |\u001b[39m                   \u001b[31m\u001b[1m^\u001b[22m\u001b[39m\n     \u001b[90m 210 |\u001b[39m   }\u001b[33m;\u001b[39m\n     \u001b[90m 211 |\u001b[39m   \n     \u001b[90m 212 |\u001b[39m   console\u001b[33m.\u001b[39mwarn \u001b[33m=\u001b[39m (\u001b[33m...\u001b[39margs) \u001b[33m=>\u001b[39m {\u001b[0m\n\n      at console.call [as error] (jest.setup.js:209:19)\n      at node_modules/react-dom/cjs/react-dom-client.development.js:16023:19\n      at runWithFiberInDEV (node_modules/react-dom/cjs/react-dom-client.development.js:1522:13)\n      at warnIfUpdatesNotWrappedWithActDEV (node_modules/react-dom/cjs/react-dom-client.development.js:16022:9)\n      at scheduleUpdateOnFiber (node_modules/react-dom/cjs/react-dom-client.development.js:14396:11)\n      at dispatchSetStateInternal (node_modules/react-dom/cjs/react-dom-client.development.js:6969:13)\n      at dispatchSetState (node_modules/react-dom/cjs/react-dom-client.development.js:6927:7)\n      at setConnectionState (__tests__/integration/login-websocket-setup.test.tsx:147:7)\n      at initiateWebSocketConnection (__tests__/integration/login-websocket-setup.test.tsx:167:15)\n\n  console.error\n    An update to WebSocketSetupTestComponent inside a test was not wrapped in act(...).\n    \n    When testing, code that causes React state updates should be wrapped into act(...):\n    \n    act(() => {\n      /* fire events that update state */\n    });\n    /* assert on the output */\n    \n    This ensures that you're testing the behavior the user would see in the browser. Learn more at https://react.dev/link/wrap-tests-with-act\n\n    \u001b[0m \u001b[90m 207 |\u001b[39m       \u001b[36mreturn\u001b[39m\u001b[33m;\u001b[39m\n     \u001b[90m 208 |\u001b[39m     }\n    \u001b[31m\u001b[1m>\u001b[22m\u001b[39m\u001b[90m 209 |\u001b[39m     originalError\u001b[33m.\u001b[39mcall(console\u001b[33m,\u001b[39m \u001b[33m...\u001b[39margs)\u001b[33m;\u001b[39m\n     \u001b[90m     |\u001b[39m                   \u001b[31m\u001b[1m^\u001b[22m\u001b[39m\n     \u001b[90m 210 |\u001b[39m   }\u001b[33m;\u001b[39m\n     \u001b[90m 211 |\u001b[39m   \n     \u001b[90m 212 |\u001b[39m   console\u001b[33m.\u001b[39mwarn \u001b[33m=\u001b[39m (\u001b[33m...\u001b[39margs) \u001b[33m=>\u001b[39m {\u001b[0m\n\n      at console.call [as error] (jest.setup.js:209:19)\n      at node_modules/react-dom/cjs/react-dom-client.development.js:16023:19\n      at runWithFiberInDEV (node_modules/react-dom/cjs/react-dom-client.development.js:1522:13)\n      at warnIfUpdatesNotWrappedWithActDEV (node_modules/react-dom/cjs/react-dom-client.development.js:16022:9)\n      at scheduleUpdateOnFiber (node_modules/react-dom/cjs/react-dom-client.development.js:14396:11)\n      at dispatchSetStateInternal (node_modules/react-dom/cjs/react-dom-client.development.js:6969:13)\n      at dispatchSetState (node_modules/react-dom/cjs/react-dom-client.development.js:6927:7)\n      at setConnectionState (__tests__/integration/login-websocket-setup.test.tsx:155:7)\n      at handleLogin (__tests__/integration/login-websocket-setup.test.tsx:167:9)\n\n  console.error\n    An update to WebSocketSetupTestComponent inside a test was not wrapped in act(...).\n    \n    When testing, code that causes React state updates should be wrapped into act(...):\n    \n    act(() => {\n      /* fire events that update state */\n    });\n    /* assert on the output */\n    \n    This ensures that you're testing the behavior the user would see in the browser. Learn more at https://react.dev/link/wrap-tests-with-act\n\n    \u001b[0m \u001b[90m 207 |\u001b[39m       \u001b[36mreturn\u001b[39m\u001b[33m;\u001b[39m\n     \u001b[90m 208 |\u001b[39m     }\n    \u001b[31m\u001b[1m>\u001b[22m\u001b[39m\u001b[90m 209 |\u001b[39m     originalError\u001b[33m.\u001b[39mcall(console\u001b[33m,\u001b[39m \u001b[33m...\u001b[39margs)\u001b[33m;\u001b[39m\n     \u001b[90m     |\u001b[39m                   \u001b[31m\u001b[1m^\u001b[22m\u001b[39m\n     \u001b[90m 210 |\u001b[39m   }\u001b[33m;\u001b[39m\n     \u001b[90m 211 |\u001b[39m   \n     \u001b[90m 212 |\u001b[39m   console\u001b[33m.\u001b[39mwarn \u001b[33m=\u001b[39m (\u001b[33m...\u001b[39margs) \u001b[33m=>\u001b[39m {\u001b[0m\n\n      at console.call [as error] (jest.setup.js:209:19)\n      at node_modules/react-dom/cjs/react-dom-client.development.js:16023:19\n      at runWithFiberInDEV (node_modules/react-dom/cjs/react-dom-client.development.js:1522:13)\n      at warnIfUpdatesNotWrappedWithActDEV (node_modules/react-dom/cjs/react-dom-client.development.js:16022:9)\n      at scheduleUpdateOnFiber (node_modules/react-dom/cjs/react-dom-client.development.js:14396:11)\n      at dispatchSetStateInternal (node_modules/react-dom/cjs/react-dom-client.development.js:6969:13)\n      at dispatchSetState (node_modules/react-dom/cjs/react-dom-client.development.js:6927:7)\n      at setAuthState (__tests__/integration/login-websocket-setup.test.tsx:166:9)\n\n  console.error\n    An update to WebSocketSetupTestComponent inside a test was not wrapped in act(...).\n    \n    When testing, code that causes React state updates should be wrapped into act(...):\n    \n    act(() => {\n      /* fire events that update state */\n    });\n    /* assert on the output */\n    \n    This ensures that you're testing the behavior the user would see in the browser. Learn more at https://react.dev/link/wrap-tests-with-act\n\n    \u001b[0m \u001b[90m 207 |\u001b[39m       \u001b[36mreturn\u001b[39m\u001b[33m;\u001b[39m\n     \u001b[90m 208 |\u001b[39m     }\n    \u001b[31m\u001b[1m>\u001b[22m\u001b[39m\u001b[90m 209 |\u001b[39m     originalError\u001b[33m.\u001b[39mcall(console\u001b[33m,\u001b[39m \u001b[33m...\u001b[39margs)\u001b[33m;\u001b[39m\n     \u001b[90m     |\u001b[39m                   \u001b[31m\u001b[1m^\u001b[22m\u001b[39m\n     \u001b[90m 210 |\u001b[39m   }\u001b[33m;\u001b[39m\n     \u001b[90m 211 |\u001b[39m   \n     \u001b[90m 212 |\u001b[39m   console\u001b[33m.\u001b[39mwarn \u001b[33m=\u001b[39m (\u001b[33m...\u001b[39margs) \u001b[33m=>\u001b[39m {\u001b[0m\n\n      at console.call [as error] (jest.setup.js:209:19)\n      at node_modules/react-dom/cjs/react-dom-client.development.js:16023:19\n      at runWithFiberInDEV (node_modules/react-dom/cjs/react-dom-client.development.js:1522:13)\n      at warnIfUpdatesNotWrappedWithActDEV (node_modules/react-dom/cjs/react-dom-client.development.js:16022:9)\n      at scheduleUpdateOnFiber (node_modules/react-dom/cjs/react-dom-client.development.js:14396:11)\n      at dispatchSetStateInternal (node_modules/react-dom/cjs/react-dom-client.development.js:6969:13)\n      at dispatchSetState (node_modules/react-dom/cjs/react-dom-client.development.js:6927:7)\n      at setConnectionState (__tests__/integration/login-websocket-setup.test.tsx:147:7)\n      at initiateWebSocketConnection (__tests__/integration/login-websocket-setup.test.tsx:167:15)\n\n  console.error\n    An update to WebSocketSetupTestComponent inside a test was not wrapped in act(...).\n    \n    When testing, code that causes React state updates should be wrapped into act(...):\n    \n    act(() => {\n      /* fire events that update state */\n    });\n    /* assert on the output */\n    \n    This ensures that you're testing the behavior the user would see in the browser. Learn more at https://react.dev/link/wrap-tests-with-act\n\n    \u001b[0m \u001b[90m 207 |\u001b[39m       \u001b[36mreturn\u001b[39m\u001b[33m;\u001b[39m\n     \u001b[90m 208 |\u001b[39m     }\n    \u001b[31m\u001b[1m>\u001b[22m\u001b[39m\u001b[90m 209 |\u001b[39m     originalError\u001b[33m.\u001b[39mcall(console\u001b[33m,\u001b[39m \u001b[33m...\u001b[39margs)\u001b[33m;\u001b[39m\n     \u001b[90m     |\u001b[39m                   \u001b[31m\u001b[1m^\u001b[22m\u001b[39m\n     \u001b[90m 210 |\u001b[39m   }\u001b[33m;\u001b[39m\n     \u001b[90m 211 |\u001b[39m   \n     \u001b[90m 212 |\u001b[39m   console\u001b[33m.\u001b[39mwarn \u001b[33m=\u001b[39m (\u001b[33m...\u001b[39margs) \u001b[33m=>\u001b[39m {\u001b[0m\n\n      at console.call [as error] (jest.setup.js:209:19)\n      at node_modules/react-dom/cjs/react-dom-client.development.js:16023:19\n      at runWithFiberInDEV (node_modules/react-dom/cjs/react-dom-client.development.js:1522:13)\n      at warnIfUpdatesNotWrappedWithActDEV (node_modules/react-dom/cjs/react-dom-client.development.js:16022:9)\n      at scheduleUpdateOnFiber (node_modules/react-dom/cjs/react-dom-client.development.js:14396:11)\n      at dispatchSetStateInternal (node_modules/react-dom/cjs/react-dom-client.development.js:6969:13)\n      at dispatchSetState (node_modules/react-dom/cjs/react-dom-client.development.js:6927:7)\n      at setConnectionState (__tests__/integration/login-websocket-setup.test.tsx:157:7)\n      at handleLogin (__tests__/integration/login-websocket-setup.test.tsx:167:9)\n\n  console.warn\n    [2025-08-22T18:01:31.836Z] WARN: Received 401, attempting [REDACTED] undefined\n\n    \u001b[0m \u001b[90m 217 |\u001b[39m       \u001b[36mreturn\u001b[39m\u001b[33m;\u001b[39m\n     \u001b[90m 218 |\u001b[39m     }\n    \u001b[31m\u001b[1m>\u001b[22m\u001b[39m\u001b[90m 219 |\u001b[39m     originalWarn\u001b[33m.\u001b[39mcall(console\u001b[33m,\u001b[39m \u001b[33m...\u001b[39margs)\u001b[33m;\u001b[39m\n     \u001b[90m     |\u001b[39m                  \u001b[31m\u001b[1m^\u001b[22m\u001b[39m\n     \u001b[90m 220 |\u001b[39m   }\u001b[33m;\u001b[39m\n     \u001b[90m 221 |\u001b[39m })\u001b[33m;\u001b[39m\n     \u001b[90m 222 |\u001b[39m\u001b[0m\n\n      at console.call (jest.setup.js:219:18)\n      at FrontendLogger.warn [as log] (lib/logger.ts:145:19)\n      at FrontendLogger.log [as warn] (lib/logger.ts:211:10)\n      at AuthInterceptor.warn [as authenticatedFetch] (lib/auth-interceptor.ts:186:16)\n      at performFetch (services/apiClientWrapper.ts:145:24)\n      at ApiClientWrapper.retryRequest (services/apiClientWrapper.ts:83:16)\n      at ApiClientWrapper.request (services/apiClientWrapper.ts:188:16)\n\n  console.info\n    [2025-08-22T18:01:32.092Z] INFO: [REDACTED] successfully undefined\n\n      at FrontendLogger.info [as log] (lib/logger.ts:142:19)\n\n  console.info\n    [2025-08-22T18:01:32.093Z] INFO: Retrying request with refreshed token undefined\n\n      at FrontendLogger.info [as log] (lib/logger.ts:142:19)\n\n  console.log\n    \ud83d\udce6 ChatSidebarHooks module mock created\n\n      at log (__tests__/components/ChatSidebar/setup.tsx:43:11)\n\n  console.log\n    \ud83d\udd27 Configuring authentication mocks with: { isAuthenticated: true, userTier: 'Early' }\n\n      at ChatSidebarTestSetup.log [as beforeEach] (__tests__/components/ChatSidebar/setup.tsx:300:13)\n\n  console.log\n    \ud83d\udd27 configureAuthState called with overrides: { isAuthenticated: true, userTier: 'Early' }\n\n      at ChatSidebarTestSetup.log [as configureAuthState] (__tests__/components/ChatSidebar/setup.tsx:476:13)\n\n",
      "errors": "FAIL Integration Tests __tests__/integration/error-handling-core.test.tsx\n  Error Handling - 4xx Client Errors\n    \u00d7 handles 404 Not Found errors (116 ms)\n    \u00d7 handles 401 Unauthorized errors (9 ms)\n    \u221a handles 403 Forbidden errors (6 ms)\n    \u00d7 handles 422 Validation errors with details (6 ms)\n    \u00d7 handles 429 Rate Limiting errors (17 ms)\n  Error Handling - 5xx Server Errors\n    \u00d7 handles 500 Internal Server errors with retry (154 ms)\n    \u00d7 handles 502 Bad Gateway errors (55 ms)\n    \u00d7 handles 503 Service Unavailable errors (16 ms)\n    \u00d7 allows manual retry after failure (11 ms)\n\n  \u25cf Error Handling - 4xx Client Errors \u203a handles 404 Not Found errors\n\n    expect(element).toHaveTextContent()\n\n    Expected element to have text content:\n      Resource not found\n    Received:\n      Error: HTTP 404: Not Found\n\n    \u001b[0m \u001b[90m 374 |\u001b[39m     })\u001b[33m;\u001b[39m\n     \u001b[90m 375 |\u001b[39m     \n    \u001b[31m\u001b[1m>\u001b[22m\u001b[39m\u001b[90m 376 |\u001b[39m     expect(screen\u001b[33m.\u001b[39mgetByTestId(\u001b[32m'error-message'\u001b[39m))\u001b[33m.\u001b[39mtoHaveTextContent(\u001b[32m'Resource not found'\u001b[39m)\u001b[33m;\u001b[39m\n     \u001b[90m     |\u001b[39m                                                 \u001b[31m\u001b[1m^\u001b[22m\u001b[39m\n     \u001b[90m 377 |\u001b[39m     expect(screen\u001b[33m.\u001b[39mgetByTestId(\u001b[32m'error-status'\u001b[39m))\u001b[33m.\u001b[39mtoHaveTextContent(\u001b[32m'404'\u001b[39m)\u001b[33m;\u001b[39m\n     \u001b[90m 378 |\u001b[39m   })\u001b[33m;\u001b[39m\n     \u001b[90m 379 |\u001b[39m\u001b[0m\n\n      at Object.toHaveTextContent (__tests__/integration/error-handling-core.test.tsx:376:49)\n\n  \u25cf Error Handling - 4xx Client Errors \u203a handles 401 Unauthorized errors\n\n    expect(element).toHaveTextContent()\n\n    Expected element to have text content:\n      Unauthorized access\n    Received:\n      Error: HTTP 401: Unauthorized\n\n    \u001b[0m \u001b[90m 385 |\u001b[39m     })\u001b[33m;\u001b[39m\n     \u001b[90m 386 |\u001b[39m     \n    \u001b[31m\u001b[1m>\u001b[22m\u001b[39m\u001b[90m 387 |\u001b[39m     expect(screen\u001b[33m.\u001b[39mgetByTestId(\u001b[32m'error-message'\u001b[39m))\u001b[33m.\u001b[39mtoHaveTextContent(\u001b[32m'Unauthorized access'\u001b[39m)\u001b[33m;\u001b[39m\n     \u001b[90m     |\u001b[39m                                                 \u001b[31m\u001b[1m^\u001b[22m\u001b[39m\n     \u001b[90m 388 |\u001b[39m   })\u001b[33m;\u001b[39m\n     \u001b[90m 389 |\u001b[39m\n     \u001b[90m 390 |\u001b[39m   it(\u001b[32m'handles 403 Forbidden errors'\u001b[39m\u001b[33m,\u001b[39m \u001b[36masync\u001b[39m () \u001b[33m=>\u001b[39m {\u001b[0m\n\n      at Object.toHaveTextContent (__tests__/integration/error-handling-core.test.tsx:387:49)\n\n  \u25cf Error Handling - 4xx Client Errors \u203a handles 422 Validation errors with details\n\n    expect(element).toHaveTextContent()\n\n    Expected element to have text content:\n      Validation failed\n    Received:\n      Error: HTTP 422: Unprocessable Entity\n\n    \u001b[0m \u001b[90m 403 |\u001b[39m     })\u001b[33m;\u001b[39m\n     \u001b[90m 404 |\u001b[39m     \n    \u001b[31m\u001b[1m>\u001b[22m\u001b[39m\u001b[90m 405 |\u001b[39m     expect(screen\u001b[33m.\u001b[39mgetByTestId(\u001b[32m'error-message'\u001b[39m))\u001b[33m.\u001b[39mtoHaveTextContent(\u001b[32m'Validation failed'\u001b[39m)\u001b[33m;\u001b[39m\n     \u001b[90m     |\u001b[39m                                                 \u001b[31m\u001b[1m^\u001b[22m\u001b[39m\n     \u001b[90m 406 |\u001b[39m   })\u001b[33m;\u001b[39m\n     \u001b[90m 407 |\u001b[39m\n     \u001b[90m 408 |\u001b[39m   it(\u001b[32m'handles 429 Rate Limiting errors'\u001b[39m\u001b[33m,\u001b[39m \u001b[36masync\u001b[39m () \u001b[33m=>\u001b[39m {\u001b[0m\n\n      at Object.toHaveTextContent (__tests__/integration/error-handling-core.test.tsx:405:49)\n\n  \u25cf Error Handling - 4xx Client Errors \u203a handles 429 Rate Limiting errors\n\n    Unable to find an element by: [data-testid=\"error-status\"]\n\n    Ignored nodes: comments, script, style\n    \u001b[36m<body>\u001b[39m\n      \u001b[36m<div>\u001b[39m\n        \u001b[36m<div\u001b[39m\n          \u001b[33mdata-testid\u001b[39m=\u001b[32m\"loading\"\u001b[39m\n        \u001b[36m>\u001b[39m\n          \u001b[0mLoading... \u001b[0m\n          \u001b[36m<span\u001b[39m\n            \u001b[33mdata-testid\u001b[39m=\u001b[32m\"retry-count\"\u001b[39m\n          \u001b[36m>\u001b[39m\n            \u001b[0mRetry \u001b[0m\n            \u001b[0m2\u001b[0m\n          \u001b[36m</span>\u001b[39m\n        \u001b[36m</div>\u001b[39m\n      \u001b[36m</div>\u001b[39m\n    \u001b[36m</body>\u001b[39m\n\n    \u001b[0m \u001b[90m 422 |\u001b[39m     })\u001b[33m;\u001b[39m\n     \u001b[90m 423 |\u001b[39m     \n    \u001b[31m\u001b[1m>\u001b[22m\u001b[39m\u001b[90m 424 |\u001b[39m     \u001b[36mawait\u001b[39m waitFor(() \u001b[33m=>\u001b[39m {\n     \u001b[90m     |\u001b[39m                  \u001b[31m\u001b[1m^\u001b[22m\u001b[39m\n     \u001b[90m 425 |\u001b[39m       expect(screen\u001b[33m.\u001b[39mgetByTestId(\u001b[32m'error-status'\u001b[39m))\u001b[33m.\u001b[39mtoHaveTextContent(\u001b[32m'429'\u001b[39m)\u001b[33m;\u001b[39m\n     \u001b[90m 426 |\u001b[39m     })\u001b[33m;\u001b[39m\n     \u001b[90m 427 |\u001b[39m   })\u001b[33m;\u001b[39m\u001b[0m\n\n      at waitForWrapper (node_modules/@testing-library/dom/dist/wait-for.js:163:27)\n      at Object.<anonymous> (__tests__/integration/error-handling-core.test.tsx:424:18)\n\n  \u25cf Error Handling - 5xx Server Errors \u203a handles 500 Internal Server errors with retry\n\n    Unable to find an element by: [data-testid=\"error-status\"]\n\n    Ignored nodes: comments, script, style\n    \u001b[36m<body>\u001b[39m\n      \u001b[36m<div>\u001b[39m\n        \u001b[36m<div\u001b[39m\n          \u001b[33mdata-testid\u001b[39m=\u001b[32m\"loading\"\u001b[39m\n        \u001b[36m>\u001b[39m\n          \u001b[0mLoading... \u001b[0m\n          \u001b[36m<span\u001b[39m\n            \u001b[33mdata-testid\u001b[39m=\u001b[32m\"retry-count\"\u001b[39m\n          \u001b[36m>\u001b[39m\n            \u001b[0mRetry \u001b[0m\n            \u001b[0m2\u001b[0m\n          \u001b[36m</span>\u001b[39m\n        \u001b[36m</div>\u001b[39m\n      \u001b[36m</div>\u001b[39m\n    \u001b[36m</body>\u001b[39m\n\n    \u001b[0m \u001b[90m 449 |\u001b[39m     })\u001b[33m;\u001b[39m\n     \u001b[90m 450 |\u001b[39m     \n    \u001b[31m\u001b[1m>\u001b[22m\u001b[39m\u001b[90m 451 |\u001b[39m     \u001b[36mawait\u001b[39m waitFor(() \u001b[33m=>\u001b[39m {\n     \u001b[90m     |\u001b[39m                  \u001b[31m\u001b[1m^\u001b[22m\u001b[39m\n     \u001b[90m 452 |\u001b[39m       expect(screen\u001b[33m.\u001b[39mgetByTestId(\u001b[32m'error-status'\u001b[39m))\u001b[33m.\u001b[39mtoHaveTextContent(\u001b[32m'500'\u001b[39m)\u001b[33m;\u001b[39m\n     \u001b[90m 453 |\u001b[39m     })\u001b[33m;\u001b[39m\n     \u001b[90m 454 |\u001b[39m   })\u001b[33m;\u001b[39m\u001b[0m\n\n      at waitForWrapper (node_modules/@testing-library/dom/dist/wait-for.js:163:27)\n      at Object.<anonymous> (__tests__/integration/error-handling-core.test.tsx:451:18)\n\n  \u25cf Error Handling - 5xx Server Errors \u203a handles 502 Bad Gateway errors\n\n    Unable to find an element by: [data-testid=\"error-status\"]\n\n    Ignored nodes: comments, script, style\n    \u001b[36m<body>\u001b[39m\n      \u001b[36m<div>\u001b[39m\n        \u001b[36m<div\u001b[39m\n          \u001b[33mdata-testid\u001b[39m=\u001b[32m\"loading\"\u001b[39m\n        \u001b[36m>\u001b[39m\n          \u001b[0mLoading... \u001b[0m\n          \u001b[36m<span\u001b[39m\n            \u001b[33mdata-testid\u001b[39m=\u001b[32m\"retry-count\"\u001b[39m\n          \u001b[36m>\u001b[39m\n            \u001b[0mRetry \u001b[0m\n            \u001b[0m1\u001b[0m\n          \u001b[36m</span>\u001b[39m\n        \u001b[36m</div>\u001b[39m\n      \u001b[36m</div>\u001b[39m\n    \u001b[36m</body>\u001b[39m\n\n    \u001b[0m \u001b[90m 457 |\u001b[39m     render(\u001b[33m<\u001b[39m\u001b[33mErrorHandlingComponent\u001b[39m url\u001b[33m=\u001b[39m{\u001b[32m`${mockApiUrl}/api/bad-gateway`\u001b[39m} \u001b[33m/\u001b[39m\u001b[33m>\u001b[39m)\u001b[33m;\u001b[39m\n     \u001b[90m 458 |\u001b[39m     \n    \u001b[31m\u001b[1m>\u001b[22m\u001b[39m\u001b[90m 459 |\u001b[39m     \u001b[36mawait\u001b[39m waitFor(() \u001b[33m=>\u001b[39m {\n     \u001b[90m     |\u001b[39m                  \u001b[31m\u001b[1m^\u001b[22m\u001b[39m\n     \u001b[90m 460 |\u001b[39m       expect(screen\u001b[33m.\u001b[39mgetByTestId(\u001b[32m'error-status'\u001b[39m))\u001b[33m.\u001b[39mtoHaveTextContent(\u001b[32m'502'\u001b[39m)\u001b[33m;\u001b[39m\n     \u001b[90m 461 |\u001b[39m     })\u001b[33m;\u001b[39m\n     \u001b[90m 462 |\u001b[39m   })\u001b[33m;\u001b[39m\u001b[0m\n\n      at waitForWrapper (node_modules/@testing-library/dom/dist/wait-for.js:163:27)\n      at Object.<anonymous> (__tests__/integration/error-handling-core.test.tsx:459:18)\n\n  \u25cf Error Handling - 5xx Server Errors \u203a handles 503 Service Unavailable errors\n\n    Unable to find an element by: [data-testid=\"error-status\"]\n\n    Ignored nodes: comments, script, style\n    \u001b[36m<body>\u001b[39m\n      \u001b[36m<div>\u001b[39m\n        \u001b[36m<div\u001b[39m\n          \u001b[33mdata-testid\u001b[39m=\u001b[32m\"loading\"\u001b[39m\n        \u001b[36m>\u001b[39m\n          \u001b[0mLoading... \u001b[0m\n          \u001b[36m<span\u001b[39m\n            \u001b[33mdata-testid\u001b[39m=\u001b[32m\"retry-count\"\u001b[39m\n          \u001b[36m>\u001b[39m\n            \u001b[0mRetry \u001b[0m\n            \u001b[0m1\u001b[0m\n          \u001b[36m</span>\u001b[39m\n        \u001b[36m</div>\u001b[39m\n      \u001b[36m</div>\u001b[39m\n    \u001b[36m</body>\u001b[39m\n\n    \u001b[0m \u001b[90m 465 |\u001b[39m     render(\u001b[33m<\u001b[39m\u001b[33mErrorHandlingComponent\u001b[39m url\u001b[33m=\u001b[39m{\u001b[32m`${mockApiUrl}/api/service-unavailable`\u001b[39m} \u001b[33m/\u001b[39m\u001b[33m>\u001b[39m)\u001b[33m;\u001b[39m\n     \u001b[90m 466 |\u001b[39m     \n    \u001b[31m\u001b[1m>\u001b[22m\u001b[39m\u001b[90m 467 |\u001b[39m     \u001b[36mawait\u001b[39m waitFor(() \u001b[33m=>\u001b[39m {\n     \u001b[90m     |\u001b[39m                  \u001b[31m\u001b[1m^\u001b[22m\u001b[39m\n     \u001b[90m 468 |\u001b[39m       expect(screen\u001b[33m.\u001b[39mgetByTestId(\u001b[32m'error-status'\u001b[39m))\u001b[33m.\u001b[39mtoHaveTextContent(\u001b[32m'503'\u001b[39m)\u001b[33m;\u001b[39m\n     \u001b[90m 469 |\u001b[39m     })\u001b[33m;\u001b[39m\n     \u001b[90m 470 |\u001b[39m   })\u001b[33m;\u001b[39m\u001b[0m\n\n      at waitForWrapper (node_modules/@testing-library/dom/dist/wait-for.js:163:27)\n      at Object.<anonymous> (__tests__/integration/error-handling-core.test.tsx:467:18)\n\n  \u25cf Error Handling - 5xx Server Errors \u203a allows manual retry after failure\n\n    Unable to find an element by: [data-testid=\"error-display\"]\n\n    Ignored nodes: comments, script, style\n    \u001b[36m<body>\u001b[39m\n      \u001b[36m<div>\u001b[39m\n        \u001b[36m<div\u001b[39m\n          \u001b[33mdata-testid\u001b[39m=\u001b[32m\"loading\"\u001b[39m\n        \u001b[36m>\u001b[39m\n          \u001b[0mLoading... \u001b[0m\n          \u001b[36m<span\u001b[39m\n            \u001b[33mdata-testid\u001b[39m=\u001b[32m\"retry-count\"\u001b[39m\n          \u001b[36m>\u001b[39m\n            \u001b[0mRetry \u001b[0m\n            \u001b[0m1\u001b[0m\n          \u001b[36m</span>\u001b[39m\n        \u001b[36m</div>\u001b[39m\n      \u001b[36m</div>\u001b[39m\n    \u001b[36m</body>\u001b[39m\n\n    \u001b[0m \u001b[90m 473 |\u001b[39m     render(\u001b[33m<\u001b[39m\u001b[33mErrorHandlingComponent\u001b[39m url\u001b[33m=\u001b[39m{\u001b[32m`${mockApiUrl}/api/server-error`\u001b[39m} \u001b[33m/\u001b[39m\u001b[33m>\u001b[39m)\u001b[33m;\u001b[39m\n     \u001b[90m 474 |\u001b[39m     \n    \u001b[31m\u001b[1m>\u001b[22m\u001b[39m\u001b[90m 475 |\u001b[39m     \u001b[36mawait\u001b[39m waitFor(() \u001b[33m=>\u001b[39m {\n     \u001b[90m     |\u001b[39m                  \u001b[31m\u001b[1m^\u001b[22m\u001b[39m\n     \u001b[90m 476 |\u001b[39m       expect(screen\u001b[33m.\u001b[39mgetByTestId(\u001b[32m'error-display'\u001b[39m))\u001b[33m.\u001b[39mtoBeInTheDocument()\u001b[33m;\u001b[39m\n     \u001b[90m 477 |\u001b[39m     })\u001b[33m;\u001b[39m\n     \u001b[90m 478 |\u001b[39m     \u001b[0m\n\n      at waitForWrapper (node_modules/@testing-library/dom/dist/wait-for.js:163:27)\n      at Object.<anonymous> (__tests__/integration/error-handling-core.test.tsx:475:18)\n\nSummary of all failing tests\nFAIL __tests__/integration/error-handling-core.test.tsx\n  \u25cf Error Handling - 4xx Client Errors \u203a handles 404 Not Found errors\n\n    expect(element).toHaveTextContent()\n\n    Expected element to have text content:\n      Resource not found\n    Received:\n      Error: HTTP 404: Not Found\n\n    \u001b[0m \u001b[90m 374 |\u001b[39m     })\u001b[33m;\u001b[39m\n     \u001b[90m 375 |\u001b[39m     \n    \u001b[31m\u001b[1m>\u001b[22m\u001b[39m\u001b[90m 376 |\u001b[39m     expect(screen\u001b[33m.\u001b[39mgetByTestId(\u001b[32m'error-message'\u001b[39m))\u001b[33m.\u001b[39mtoHaveTextContent(\u001b[32m'Resource not found'\u001b[39m)\u001b[33m;\u001b[39m\n     \u001b[90m     |\u001b[39m                                                 \u001b[31m\u001b[1m^\u001b[22m\u001b[39m\n     \u001b[90m 377 |\u001b[39m     expect(screen\u001b[33m.\u001b[39mgetByTestId(\u001b[32m'error-status'\u001b[39m))\u001b[33m.\u001b[39mtoHaveTextContent(\u001b[32m'404'\u001b[39m)\u001b[33m;\u001b[39m\n     \u001b[90m 378 |\u001b[39m   })\u001b[33m;\u001b[39m\n     \u001b[90m 379 |\u001b[39m\u001b[0m\n\n      at Object.toHaveTextContent (__tests__/integration/error-handling-core.test.tsx:376:49)\n\n  \u25cf Error Handling - 4xx Client Errors \u203a handles 401 Unauthorized errors\n\n    expect(element).toHaveTextContent()\n\n    Expected element to have text content:\n      Unauthorized access\n    Received:\n      Error: HTTP 401: Unauthorized\n\n    \u001b[0m \u001b[90m 385 |\u001b[39m     })\u001b[33m;\u001b[39m\n     \u001b[90m 386 |\u001b[39m     \n    \u001b[31m\u001b[1m>\u001b[22m\u001b[39m\u001b[90m 387 |\u001b[39m     expect(screen\u001b[33m.\u001b[39mgetByTestId(\u001b[32m'error-message'\u001b[39m))\u001b[33m.\u001b[39mtoHaveTextContent(\u001b[32m'Unauthorized access'\u001b[39m)\u001b[33m;\u001b[39m\n     \u001b[90m     |\u001b[39m                                                 \u001b[31m\u001b[1m^\u001b[22m\u001b[39m\n     \u001b[90m 388 |\u001b[39m   })\u001b[33m;\u001b[39m\n     \u001b[90m 389 |\u001b[39m\n     \u001b[90m 390 |\u001b[39m   it(\u001b[32m'handles 403 Forbidden errors'\u001b[39m\u001b[33m,\u001b[39m \u001b[36masync\u001b[39m () \u001b[33m=>\u001b[39m {\u001b[0m\n\n      at Object.toHaveTextContent (__tests__/integration/error-handling-core.test.tsx:387:49)\n\n  \u25cf Error Handling - 4xx Client Errors \u203a handles 422 Validation errors with details\n\n    expect(element).toHaveTextContent()\n\n    Expected element to have text content:\n      Validation failed\n    Received:\n      Error: HTTP 422: Unprocessable Entity\n\n    \u001b[0m \u001b[90m 403 |\u001b[39m     })\u001b[33m;\u001b[39m\n     \u001b[90m 404 |\u001b[39m     \n    \u001b[31m\u001b[1m>\u001b[22m\u001b[39m\u001b[90m 405 |\u001b[39m     expect(screen\u001b[33m.\u001b[39mgetByTestId(\u001b[32m'error-message'\u001b[39m))\u001b[33m.\u001b[39mtoHaveTextContent(\u001b[32m'Validation failed'\u001b[39m)\u001b[33m;\u001b[39m\n     \u001b[90m     |\u001b[39m                                                 \u001b[31m\u001b[1m^\u001b[22m\u001b[39m\n     \u001b[90m 406 |\u001b[39m   })\u001b[33m;\u001b[39m\n     \u001b[90m 407 |\u001b[39m\n     \u001b[90m 408 |\u001b[39m   it(\u001b[32m'handles 429 Rate Limiting errors'\u001b[39m\u001b[33m,\u001b[39m \u001b[36masync\u001b[39m () \u001b[33m=>\u001b[39m {\u001b[0m\n\n      at Object.toHaveTextContent (__tests__/integration/error-handling-core.test.tsx:405:49)\n\n  \u25cf Error Handling - 4xx Client Errors \u203a handles 429 Rate Limiting errors\n\n    Unable to find an element by: [data-testid=\"error-status\"]\n\n    Ignored nodes: comments, script, style\n    \u001b[36m<body>\u001b[39m\n      \u001b[36m<div>\u001b[39m\n        \u001b[36m<div\u001b[39m\n          \u001b[33mdata-testid\u001b[39m=\u001b[32m\"loading\"\u001b[39m\n        \u001b[36m>\u001b[39m\n          \u001b[0mLoading... \u001b[0m\n          \u001b[36m<span\u001b[39m\n            \u001b[33mdata-testid\u001b[39m=\u001b[32m\"retry-count\"\u001b[39m\n          \u001b[36m>\u001b[39m\n            \u001b[0mRetry \u001b[0m\n            \u001b[0m2\u001b[0m\n          \u001b[36m</span>\u001b[39m\n        \u001b[36m</div>\u001b[39m\n      \u001b[36m</div>\u001b[39m\n    \u001b[36m</body>\u001b[39m\n\n    \u001b[0m \u001b[90m 422 |\u001b[39m     })\u001b[33m;\u001b[39m\n     \u001b[90m 423 |\u001b[39m     \n    \u001b[31m\u001b[1m>\u001b[22m\u001b[39m\u001b[90m 424 |\u001b[39m     \u001b[36mawait\u001b[39m waitFor(() \u001b[33m=>\u001b[39m {\n     \u001b[90m     |\u001b[39m                  \u001b[31m\u001b[1m^\u001b[22m\u001b[39m\n     \u001b[90m 425 |\u001b[39m       expect(screen\u001b[33m.\u001b[39mgetByTestId(\u001b[32m'error-status'\u001b[39m))\u001b[33m.\u001b[39mtoHaveTextContent(\u001b[32m'429'\u001b[39m)\u001b[33m;\u001b[39m\n     \u001b[90m 426 |\u001b[39m     })\u001b[33m;\u001b[39m\n     \u001b[90m 427 |\u001b[39m   })\u001b[33m;\u001b[39m\u001b[0m\n\n      at waitForWrapper (node_modules/@testing-library/dom/dist/wait-for.js:163:27)\n      at Object.<anonymous> (__tests__/integration/error-handling-core.test.tsx:424:18)\n\n  \u25cf Error Handling - 5xx Server Errors \u203a handles 500 Internal Server errors with retry\n\n    Unable to find an element by: [data-testid=\"error-status\"]\n\n    Ignored nodes: comments, script, style\n    \u001b[36m<body>\u001b[39m\n      \u001b[36m<div>\u001b[39m\n        \u001b[36m<div\u001b[39m\n          \u001b[33mdata-testid\u001b[39m=\u001b[32m\"loading\"\u001b[39m\n        \u001b[36m>\u001b[39m\n          \u001b[0mLoading... \u001b[0m\n          \u001b[36m<span\u001b[39m\n            \u001b[33mdata-testid\u001b[39m=\u001b[32m\"retry-count\"\u001b[39m\n          \u001b[36m>\u001b[39m\n            \u001b[0mRetry \u001b[0m\n            \u001b[0m2\u001b[0m\n          \u001b[36m</span>\u001b[39m\n        \u001b[36m</div>\u001b[39m\n      \u001b[36m</div>\u001b[39m\n    \u001b[36m</body>\u001b[39m\n\n    \u001b[0m \u001b[90m 449 |\u001b[39m     })\u001b[33m;\u001b[39m\n     \u001b[90m 450 |\u001b[39m     \n    \u001b[31m\u001b[1m>\u001b[22m\u001b[39m\u001b[90m 451 |\u001b[39m     \u001b[36mawait\u001b[39m waitFor(() \u001b[33m=>\u001b[39m {\n     \u001b[90m     |\u001b[39m                  \u001b[31m\u001b[1m^\u001b[22m\u001b[39m\n     \u001b[90m 452 |\u001b[39m       expect(screen\u001b[33m.\u001b[39mgetByTestId(\u001b[32m'error-status'\u001b[39m))\u001b[33m.\u001b[39mtoHaveTextContent(\u001b[32m'500'\u001b[39m)\u001b[33m;\u001b[39m\n     \u001b[90m 453 |\u001b[39m     })\u001b[33m;\u001b[39m\n     \u001b[90m 454 |\u001b[39m   })\u001b[33m;\u001b[39m\u001b[0m\n\n      at waitForWrapper (node_modules/@testing-library/dom/dist/wait-for.js:163:27)\n      at Object.<anonymous> (__tests__/integration/error-handling-core.test.tsx:451:18)\n\n  \u25cf Error Handling - 5xx Server Errors \u203a handles 502 Bad Gateway errors\n\n    Unable to find an element by: [data-testid=\"error-status\"]\n\n    Ignored nodes: comments, script, style\n    \u001b[36m<body>\u001b[39m\n      \u001b[36m<div>\u001b[39m\n        \u001b[36m<div\u001b[39m\n          \u001b[33mdata-testid\u001b[39m=\u001b[32m\"loading\"\u001b[39m\n        \u001b[36m>\u001b[39m\n          \u001b[0mLoading... \u001b[0m\n          \u001b[36m<span\u001b[39m\n            \u001b[33mdata-testid\u001b[39m=\u001b[32m\"retry-count\"\u001b[39m\n          \u001b[36m>\u001b[39m\n            \u001b[0mRetry \u001b[0m\n            \u001b[0m1\u001b[0m\n          \u001b[36m</span>\u001b[39m\n        \u001b[36m</div>\u001b[39m\n      \u001b[36m</div>\u001b[39m\n    \u001b[36m</body>\u001b[39m\n\n    \u001b[0m \u001b[90m 457 |\u001b[39m     render(\u001b[33m<\u001b[39m\u001b[33mErrorHandlingComponent\u001b[39m url\u001b[33m=\u001b[39m{\u001b[32m`${mockApiUrl}/api/bad-gateway`\u001b[39m} \u001b[33m/\u001b[39m\u001b[33m>\u001b[39m)\u001b[33m;\u001b[39m\n     \u001b[90m 458 |\u001b[39m     \n    \u001b[31m\u001b[1m>\u001b[22m\u001b[39m\u001b[90m 459 |\u001b[39m     \u001b[36mawait\u001b[39m waitFor(() \u001b[33m=>\u001b[39m {\n     \u001b[90m     |\u001b[39m                  \u001b[31m\u001b[1m^\u001b[22m\u001b[39m\n     \u001b[90m 460 |\u001b[39m       expect(screen\u001b[33m.\u001b[39mgetByTestId(\u001b[32m'error-status'\u001b[39m))\u001b[33m.\u001b[39mtoHaveTextContent(\u001b[32m'502'\u001b[39m)\u001b[33m;\u001b[39m\n     \u001b[90m 461 |\u001b[39m     })\u001b[33m;\u001b[39m\n     \u001b[90m 462 |\u001b[39m   })\u001b[33m;\u001b[39m\u001b[0m\n\n      at waitForWrapper (node_modules/@testing-library/dom/dist/wait-for.js:163:27)\n      at Object.<anonymous> (__tests__/integration/error-handling-core.test.tsx:459:18)\n\n  \u25cf Error Handling - 5xx Server Errors \u203a handles 503 Service Unavailable errors\n\n    Unable to find an element by: [data-testid=\"error-status\"]\n\n    Ignored nodes: comments, script, style\n    \u001b[36m<body>\u001b[39m\n      \u001b[36m<div>\u001b[39m\n        \u001b[36m<div\u001b[39m\n          \u001b[33mdata-testid\u001b[39m=\u001b[32m\"loading\"\u001b[39m\n        \u001b[36m>\u001b[39m\n          \u001b[0mLoading... \u001b[0m\n          \u001b[36m<span\u001b[39m\n            \u001b[33mdata-testid\u001b[39m=\u001b[32m\"retry-count\"\u001b[39m\n          \u001b[36m>\u001b[39m\n            \u001b[0mRetry \u001b[0m\n            \u001b[0m1\u001b[0m\n          \u001b[36m</span>\u001b[39m\n        \u001b[36m</div>\u001b[39m\n      \u001b[36m</div>\u001b[39m\n    \u001b[36m</body>\u001b[39m\n\n    \u001b[0m \u001b[90m 465 |\u001b[39m     render(\u001b[33m<\u001b[39m\u001b[33mErrorHandlingComponent\u001b[39m url\u001b[33m=\u001b[39m{\u001b[32m`${mockApiUrl}/api/service-unavailable`\u001b[39m} \u001b[33m/\u001b[39m\u001b[33m>\u001b[39m)\u001b[33m;\u001b[39m\n     \u001b[90m 466 |\u001b[39m     \n    \u001b[31m\u001b[1m>\u001b[22m\u001b[39m\u001b[90m 467 |\u001b[39m     \u001b[36mawait\u001b[39m waitFor(() \u001b[33m=>\u001b[39m {\n     \u001b[90m     |\u001b[39m                  \u001b[31m\u001b[1m^\u001b[22m\u001b[39m\n     \u001b[90m 468 |\u001b[39m       expect(screen\u001b[33m.\u001b[39mgetByTestId(\u001b[32m'error-status'\u001b[39m))\u001b[33m.\u001b[39mtoHaveTextContent(\u001b[32m'503'\u001b[39m)\u001b[33m;\u001b[39m\n     \u001b[90m 469 |\u001b[39m     })\u001b[33m;\u001b[39m\n     \u001b[90m 470 |\u001b[39m   })\u001b[33m;\u001b[39m\u001b[0m\n\n      at waitForWrapper (node_modules/@testing-library/dom/dist/wait-for.js:163:27)\n      at Object.<anonymous> (__tests__/integration/error-handling-core.test.tsx:467:18)\n\n  \u25cf Error Handling - 5xx Server Errors \u203a allows manual retry after failure\n\n    Unable to find an element by: [data-testid=\"error-display\"]\n\n    Ignored nodes: comments, script, style\n    \u001b[36m<body>\u001b[39m\n      \u001b[36m<div>\u001b[39m\n        \u001b[36m<div\u001b[39m\n          \u001b[33mdata-testid\u001b[39m=\u001b[32m\"loading\"\u001b[39m\n        \u001b[36m>\u001b[39m\n          \u001b[0mLoading... \u001b[0m\n          \u001b[36m<span\u001b[39m\n            \u001b[33mdata-testid\u001b[39m=\u001b[32m\"retry-count\"\u001b[39m\n          \u001b[36m>\u001b[39m\n            \u001b[0mRetry \u001b[0m\n            \u001b[0m1\u001b[0m\n          \u001b[36m</span>\u001b[39m\n        \u001b[36m</div>\u001b[39m\n      \u001b[36m</div>\u001b[39m\n    \u001b[36m</body>\u001b[39m\n\n    \u001b[0m \u001b[90m 473 |\u001b[39m     render(\u001b[33m<\u001b[39m\u001b[33mErrorHandlingComponent\u001b[39m url\u001b[33m=\u001b[39m{\u001b[32m`${mockApiUrl}/api/server-error`\u001b[39m} \u001b[33m/\u001b[39m\u001b[33m>\u001b[39m)\u001b[33m;\u001b[39m\n     \u001b[90m 474 |\u001b[39m     \n    \u001b[31m\u001b[1m>\u001b[22m\u001b[39m\u001b[90m 475 |\u001b[39m     \u001b[36mawait\u001b[39m waitFor(() \u001b[33m=>\u001b[39m {\n     \u001b[90m     |\u001b[39m                  \u001b[31m\u001b[1m^\u001b[22m\u001b[39m\n     \u001b[90m 476 |\u001b[39m       expect(screen\u001b[33m.\u001b[39mgetByTestId(\u001b[32m'error-display'\u001b[39m))\u001b[33m.\u001b[39mtoBeInTheDocument()\u001b[33m;\u001b[39m\n     \u001b[90m 477 |\u001b[39m     })\u001b[33m;\u001b[39m\n     \u001b[90m 478 |\u001b[39m     \u001b[0m\n\n      at waitForWrapper (node_modules/@testing-library/dom/dist/wait-for.js:163:27)\n      at Object.<anonymous> (__tests__/integration/error-handling-core.test.tsx:475:18)\n\n\nTest Suites: 1 failed, 1 of 163 total\nTests:       8 failed, 1 passed, 9 total\nSnapshots:   0 total\nTime:        6.857 s, estimated 36 s\nRan all test suites.\n"
    },
    "dev_launcher": {
      "success": false,
      "duration": 23.40735173225403,
      "output": "============================= test session starts =============================\nplatform win32 -- Python 3.12.4, pytest-8.4.1, pluggy-1.6.0\nrootdir: C:\\Users\\antho\\OneDrive\\Desktop\\Netra\\netra-core-generation-1\nconfigfile: pytest.ini\nplugins: anyio-4.9.0, Faker-37.5.3, langsmith-0.4.15, asyncio-1.1.0, cov-6.2.1, mock-3.14.1, xdist-3.8.0, html-4.1.1, json-report-1.5.0, metadata-3.1.1, timeout-2.4.0, typeguard-4.4.4\nasyncio: mode=Mode.AUTO, asyncio_default_fixture_loop_scope=function, asyncio_default_test_loop_scope=function\ntimeout: 300.0s\ntimeout method: thread\ntimeout func_only: False\ncollected 22 items\n\ntests\\e2e\\test_dev_launcher_real_startup.py F\n\n================================== FAILURES ===================================\n_____ TestDevLauncherRealStartup.test_real_dev_launcher_startup_sequence ______\ntests\\e2e\\test_dev_launcher_real_startup.py:182: in test_real_dev_launcher_startup_sequence\n    assert startup_success, \"Dev launcher failed to start services\"\nE   AssertionError: Dev launcher failed to start services\nE   assert False\n----------------------------- Captured log setup ------------------------------\nDEBUG    faker.factory:factory.py:78 Looking for locale `en_US` in provider `faker.providers.address`.\nDEBUG    faker.factory:factory.py:97 Provider `faker.providers.address` has been localized to `en_US`.\nDEBUG    faker.factory:factory.py:78 Looking for locale `en_US` in provider `faker.providers.automotive`.\nDEBUG    faker.factory:factory.py:97 Provider `faker.providers.automotive` has been localized to `en_US`.\nDEBUG    faker.factory:factory.py:78 Looking for locale `en_US` in provider `faker.providers.bank`.\nDEBUG    faker.factory:factory.py:88 Specified locale `en_US` is not available for provider `faker.providers.bank`. Locale reset to `en_GB` for this provider.\nDEBUG    faker.factory:factory.py:78 Looking for locale `en_US` in provider `faker.providers.barcode`.\nDEBUG    faker.factory:factory.py:97 Provider `faker.providers.barcode` has been localized to `en_US`.\nDEBUG    faker.factory:factory.py:78 Looking for locale `en_US` in provider `faker.providers.color`.\nDEBUG    faker.factory:factory.py:97 Provider `faker.providers.color` has been localized to `en_US`.\nDEBUG    faker.factory:factory.py:78 Looking for locale `en_US` in provider `faker.providers.company`.\nDEBUG    faker.factory:factory.py:97 Provider `faker.providers.company` has been localized to `en_US`.\nDEBUG    faker.factory:factory.py:78 Looking for locale `en_US` in provider `faker.providers.credit_card`.\nDEBUG    faker.factory:factory.py:97 Provider `faker.providers.credit_card` has been localized to `en_US`.\nDEBUG    faker.factory:factory.py:78 Looking for locale `en_US` in provider `faker.providers.currency`.\nDEBUG    faker.factory:factory.py:97 Provider `faker.providers.currency` has been localized to `en_US`.\nDEBUG    faker.factory:factory.py:78 Looking for locale `en_US` in provider `faker.providers.date_time`.\nDEBUG    faker.factory:factory.py:97 Provider `faker.providers.date_time` has been localized to `en_US`.\nDEBUG    faker.factory:factory.py:108 Provider `faker.providers.doi` does not feature localization. Specified locale `en_US` is not utilized for this provider.\nDEBUG    faker.factory:factory.py:108 Provider `faker.providers.emoji` does not feature localization. Specified locale `en_US` is not utilized for this provider.\nDEBUG    faker.factory:factory.py:108 Provider `faker.providers.file` does not feature localization. Specified locale `en_US` is not utilized for this provider.\nDEBUG    faker.factory:factory.py:78 Looking for locale `en_US` in provider `faker.providers.geo`.\nDEBUG    faker.factory:factory.py:97 Provider `faker.providers.geo` has been localized to `en_US`.\nDEBUG    faker.factory:factory.py:78 Looking for locale `en_US` in provider `faker.providers.internet`.\nDEBUG    faker.factory:factory.py:97 Provider `faker.providers.internet` has been localized to `en_US`.\nDEBUG    faker.factory:factory.py:78 Looking for locale `en_US` in provider `faker.providers.isbn`.\nDEBUG    faker.factory:factory.py:97 Provider `faker.providers.isbn` has been localized to `en_US`.\nDEBUG    faker.factory:factory.py:78 Looking for locale `en_US` in provider `faker.providers.job`.\nDEBUG    faker.factory:factory.py:97 Provider `faker.providers.job` has been localized to `en_US`.\nDEBUG    faker.factory:factory.py:78 Looking for locale `en_US` in provider `faker.providers.lorem`.\nDEBUG    faker.factory:factory.py:97 Provider `faker.providers.lorem` has been localized to `en_US`.\nDEBUG    faker.factory:factory.py:78 Looking for locale `en_US` in provider `faker.providers.misc`.\nDEBUG    faker.factory:factory.py:97 Provider `faker.providers.misc` has been localized to `en_US`.\nDEBUG    faker.factory:factory.py:78 Looking for locale `en_US` in provider `faker.providers.passport`.\nDEBUG    faker.factory:factory.py:97 Provider `faker.providers.passport` has been localized to `en_US`.\nDEBUG    faker.factory:factory.py:78 Looking for locale `en_US` in provider `faker.providers.person`.\nDEBUG    faker.factory:factory.py:97 Provider `faker.providers.person` has been localized to `en_US`.\nDEBUG    faker.factory:factory.py:78 Looking for locale `en_US` in provider `faker.providers.phone_number`.\nDEBUG    faker.factory:factory.py:97 Provider `faker.providers.phone_number` has been localized to `en_US`.\nDEBUG    faker.factory:factory.py:108 Provider `faker.providers.profile` does not feature localization. Specified locale `en_US` is not utilized for this provider.\nDEBUG    faker.factory:factory.py:108 Provider `faker.providers.python` does not feature localization. Specified locale `en_US` is not utilized for this provider.\nDEBUG    faker.factory:factory.py:108 Provider `faker.providers.sbn` does not feature localization. Specified locale `en_US` is not utilized for this provider.\nDEBUG    faker.factory:factory.py:78 Looking for locale `en_US` in provider `faker.providers.ssn`.\nDEBUG    faker.factory:factory.py:97 Provider `faker.providers.ssn` has been localized to `en_US`.\nDEBUG    faker.factory:factory.py:108 Provider `faker.providers.user_agent` does not feature localization. Specified locale `en_US` is not utilized for this provider.\nDEBUG    asyncio:proactor_events.py:634 Using proactor: IocpProactor\nDEBUG    asyncio:proactor_events.py:634 Using proactor: IocpProactor\nINFO     dev_launcher.service_config:service_config.py:351 Configuration loaded from C:\\Users\\antho\\OneDrive\\Desktop\\Netra\\netra-core-generation-1\\.dev_services.json\nINFO     dev_launcher.service_config:service_config.py:516 Loaded existing service configuration\n---------------------------- Captured stdout call -----------------------------\n\\n=== STARTING REAL DEV LAUNCHER STARTUP TEST ===\\nSUCCESS: The process with PID 51652 has been terminated.\\r\\nSUCCESS: The process with PID 18528 has been terminated.\\r\\n\\U0001f50d DISCOVER | POSTGRESQL: sqlite+aiosqlite:///:memory:\\n\\U0001f50d DISCOVER | CLICKHOUSE: clickhouse://default:***@localhost:8123/netra_dev\\n\\U0001f50d DISCOVER | REDIS: redis://localhost:6379/0\\n\\U0001f50d WEBSOCKET | Discovered endpoint: backend_ws -> ws://localhost:8000/ws\\n\\u274c auth service NOT bound to port 8001\\n\\u274c backend service NOT bound to port 8000\\n\\u274c frontend service NOT bound to port 3000\n------------------------------ Captured log call ------------------------------\nINFO     dev_launcher.health_monitor:health_monitor.py:139 HealthMonitor initialized (check_interval: 30s)\nINFO     dev_launcher.health_monitor:health_monitor.py:141 Windows process verification enabled\nINFO     dev_launcher.process_manager:process_manager.py:58 ProcessManager initialized for win32\nINFO     dev_launcher.process_manager:process_manager.py:60 Enhanced Windows process tree management enabled\nINFO     dev_launcher.database_connector:database_connector.py:130 Discovered 3 database connections\nINFO     dev_launcher.websocket_validator:websocket_validator.py:78 Discovered 1 WebSocket endpoints\nINFO     dev_launcher.launcher:launcher.py:165 Signal handlers registered for graceful shutdown\n=========================== short test summary info ===========================\nFAILED tests/e2e/test_dev_launcher_real_startup.py::TestDevLauncherRealStartup::test_real_dev_launcher_startup_sequence\n!!!!!!!!!!!!!!!!!!!!!!!!!! stopping after 1 failures !!!!!!!!!!!!!!!!!!!!!!!!!!\n======================== 1 failed, 1 warning in 16.11s ========================\n",
      "errors": ""
    }
  },
  "overall_success": false,
  "total_duration": 62.942646503448486
}