{
  "timestamp": "20250822_144004",
  "level": "integration",
  "environment": "local",
  "services": {
    "backend": {
      "success": false,
      "duration": 27.312251567840576,
      "output": "============================= test session starts =============================\nplatform win32 -- Python 3.12.3, pytest-8.4.1, pluggy-1.6.0\nrootdir: C:\\Users\\antho\\OneDrive\\Desktop\\Netra\\netra-core-generation-1\\netra_backend\nconfigfile: pytest.ini\nplugins: anyio-4.9.0, Faker-37.5.3, langsmith-0.4.15, asyncio-1.1.0, cov-6.2.1, mock-3.14.1, xdist-3.8.0\nasyncio: mode=Mode.AUTO, asyncio_default_fixture_loop_scope=session, asyncio_default_test_loop_scope=function\ncollected 3364 items / 1 error\n\n=================================== ERRORS ====================================\n_ ERROR collecting tests/integration/critical_paths/test_circuit_breaker_cascade.py _\nImportError while importing test module 'C:\\Users\\antho\\OneDrive\\Desktop\\Netra\\netra-core-generation-1\\netra_backend\\tests\\integration\\critical_paths\\test_circuit_breaker_cascade.py'.\nHint: make sure your test modules/packages have valid Python names.\nTraceback:\nC:\\Program Files\\Python312\\Lib\\importlib\\__init__.py:90: in import_module\n    return _bootstrap._gcd_import(name[level:], package, level)\n           ^^^^^^^^^^^^^^^^^^^^^^^^^^^^^^^^^^^^^^^^^^^^^^^^^^^^\ntests\\integration\\critical_paths\\test_circuit_breaker_cascade.py:39: in <module>\n    from netra_backend.app.services.websocket.connection_manager import (\nE   ModuleNotFoundError: No module named 'netra_backend.app.services.websocket.connection_manager'\n============================== warnings summary ===============================\n..\\..\\..\\..\\..\\AppData\\Roaming\\Python\\Python312\\site-packages\\pydantic\\_internal\\_fields.py:198\n  C:\\Users\\antho\\AppData\\Roaming\\Python\\Python312\\site-packages\\pydantic\\_internal\\_fields.py:198: UserWarning: Field name \"schema\" in \"DataSample\" shadows an attribute in parent \"BaseModel\"\n    warnings.warn(\n\n..\\..\\..\\..\\..\\AppData\\Roaming\\Python\\Python312\\site-packages\\pydantic\\_internal\\_fields.py:198\n  C:\\Users\\antho\\AppData\\Roaming\\Python\\Python312\\site-packages\\pydantic\\_internal\\_fields.py:198: UserWarning: Field name \"schema\" in \"DataCatalog\" shadows an attribute in parent \"BaseModel\"\n    warnings.warn(\n\n..\\..\\..\\..\\..\\AppData\\Roaming\\Python\\Python312\\site-packages\\pydantic\\_internal\\_config.py:323\n..\\..\\..\\..\\..\\AppData\\Roaming\\Python\\Python312\\site-packages\\pydantic\\_internal\\_config.py:323\n..\\..\\..\\..\\..\\AppData\\Roaming\\Python\\Python312\\site-packages\\pydantic\\_internal\\_config.py:323\n..\\..\\..\\..\\..\\AppData\\Roaming\\Python\\Python312\\site-packages\\pydantic\\_internal\\_config.py:323\n..\\..\\..\\..\\..\\AppData\\Roaming\\Python\\Python312\\site-packages\\pydantic\\_internal\\_config.py:323\n..\\..\\..\\..\\..\\AppData\\Roaming\\Python\\Python312\\site-packages\\pydantic\\_internal\\_config.py:323\n..\\..\\..\\..\\..\\AppData\\Roaming\\Python\\Python312\\site-packages\\pydantic\\_internal\\_config.py:323\n  C:\\Users\\antho\\AppData\\Roaming\\Python\\Python312\\site-packages\\pydantic\\_internal\\_config.py:323: PydanticDeprecatedSince20: Support for class-based `config` is deprecated, use ConfigDict instead. Deprecated in Pydantic V2.0 to be removed in V3.0. See Pydantic V2 Migration Guide at https://errors.pydantic.dev/2.11/migration/\n    warnings.warn(DEPRECATION_MESSAGE, DeprecationWarning)\n\n..\\..\\..\\..\\..\\AppData\\Roaming\\Python\\Python312\\site-packages\\pydantic\\_internal\\_generate_schema.py:298\n..\\..\\..\\..\\..\\AppData\\Roaming\\Python\\Python312\\site-packages\\pydantic\\_internal\\_generate_schema.py:298\n..\\..\\..\\..\\..\\AppData\\Roaming\\Python\\Python312\\site-packages\\pydantic\\_internal\\_generate_schema.py:298\n..\\..\\..\\..\\..\\AppData\\Roaming\\Python\\Python312\\site-packages\\pydantic\\_internal\\_generate_schema.py:298\n..\\..\\..\\..\\..\\AppData\\Roaming\\Python\\Python312\\site-packages\\pydantic\\_internal\\_generate_schema.py:298\n..\\..\\..\\..\\..\\AppData\\Roaming\\Python\\Python312\\site-packages\\pydantic\\_internal\\_generate_schema.py:298\n..\\..\\..\\..\\..\\AppData\\Roaming\\Python\\Python312\\site-packages\\pydantic\\_internal\\_generate_schema.py:298\n  C:\\Users\\antho\\AppData\\Roaming\\Python\\Python312\\site-packages\\pydantic\\_internal\\_generate_schema.py:298: PydanticDeprecatedSince20: `json_encoders` is deprecated. See https://docs.pydantic.dev/2.11/concepts/serialization/#custom-serializers for alternatives. Deprecated in Pydantic V2.0 to be removed in V3.0. See Pydantic V2 Migration Guide at https://errors.pydantic.dev/2.11/migration/\n    warnings.warn(\n\ntests\\unified_system\\fixtures.py:111\n  C:\\Users\\antho\\OneDrive\\Desktop\\Netra\\netra-core-generation-1\\netra_backend\\tests\\unified_system\\fixtures.py:111: DeprecationWarning: websockets.WebSocketServerProtocol is deprecated\n    connection: websockets.WebSocketServerProtocol\n\n..\\..\\..\\..\\..\\AppData\\Roaming\\Python\\Python312\\site-packages\\websockets\\legacy\\__init__.py:6\n  C:\\Users\\antho\\AppData\\Roaming\\Python\\Python312\\site-packages\\websockets\\legacy\\__init__.py:6: DeprecationWarning: websockets.legacy is deprecated; see https://websockets.readthedocs.io/en/stable/howto/upgrade.html for upgrade instructions\n    warnings.warn(  # deprecated in 14.0 - 2024-11-09\n\ntests\\e2e\\test_websocket_integration_helpers.py:36\n  C:\\Users\\antho\\OneDrive\\Desktop\\Netra\\netra-core-generation-1\\netra_backend\\tests\\e2e\\test_websocket_integration_helpers.py:36: PytestCollectionWarning: cannot collect test class 'TestSyntaxFix' because it has a __init__ constructor (from: tests/e2e/test_websocket_integration_helpers.py)\n    class TestSyntaxFix:\n\n..\\test_framework\\testcontainers_utils.py:7\n  C:\\Users\\antho\\OneDrive\\Desktop\\Netra\\netra-core-generation-1\\test_framework\\testcontainers_utils.py:7: PytestCollectionWarning: cannot collect test class 'TestcontainerHelper' because it has a __init__ constructor (from: tests/integration/critical_paths/test_agent_context_isolation_boundaries.py)\n    class TestcontainerHelper:\n\n..\\test_framework\\testcontainers_utils.py:7\n  C:\\Users\\antho\\OneDrive\\Desktop\\Netra\\netra-core-generation-1\\test_framework\\testcontainers_utils.py:7: PytestCollectionWarning: cannot collect test class 'TestcontainerHelper' because it has a __init__ constructor (from: tests/integration/critical_paths/test_agent_failure_recovery_cascade.py)\n    class TestcontainerHelper:\n\n..\\test_framework\\testcontainers_utils.py:7\n  C:\\Users\\antho\\OneDrive\\Desktop\\Netra\\netra-core-generation-1\\test_framework\\testcontainers_utils.py:7: PytestCollectionWarning: cannot collect test class 'TestcontainerHelper' because it has a __init__ constructor (from: tests/integration/critical_paths/test_agent_resource_pool_management.py)\n    class TestcontainerHelper:\n\ntests\\integration\\critical_paths\\test_alert_routing_escalation.py:40\n  C:\\Users\\antho\\OneDrive\\Desktop\\Netra\\netra-core-generation-1\\netra_backend\\tests\\integration\\critical_paths\\test_alert_routing_escalation.py:40: PytestUnknownMarkWarning: Unknown pytest.mark.observability - is this a typo?  You can register custom marks to avoid this warning - for details, see https://docs.pytest.org/en/stable/how-to/mark.html\n    pytest.mark.observability,\n\ntests\\integration\\critical_paths\\test_alert_routing_escalation.py:41\n  C:\\Users\\antho\\OneDrive\\Desktop\\Netra\\netra-core-generation-1\\netra_backend\\tests\\integration\\critical_paths\\test_alert_routing_escalation.py:41: PytestUnknownMarkWarning: Unknown pytest.mark.alerting - is this a typo?  You can register custom marks to avoid this warning - for details, see https://docs.pytest.org/en/stable/how-to/mark.html\n    pytest.mark.alerting\n\ntests\\integration\\config.py:5\n  C:\\Users\\antho\\OneDrive\\Desktop\\Netra\\netra-core-generation-1\\netra_backend\\tests\\integration\\config.py:5: PytestCollectionWarning: cannot collect test class 'TestTier' because it has a __init__ constructor (from: tests/integration/critical_paths/test_api_rate_limiting_first_requests.py)\n    class TestTier(str, Enum):\n\ntests\\integration\\critical_paths\\test_api_request_lifecycle_complete_l4.py:49\n  C:\\Users\\antho\\OneDrive\\Desktop\\Netra\\netra-core-generation-1\\netra_backend\\tests\\integration\\critical_paths\\test_api_request_lifecycle_complete_l4.py:49: PytestUnknownMarkWarning: Unknown pytest.mark.timeout - is this a typo?  You can register custom marks to avoid this warning - for details, see https://docs.pytest.org/en/stable/how-to/mark.html\n    @pytest.mark.timeout(30)\n\ntests\\integration\\critical_paths\\test_api_request_lifecycle_complete_l4.py:116\n  C:\\Users\\antho\\OneDrive\\Desktop\\Netra\\netra-core-generation-1\\netra_backend\\tests\\integration\\critical_paths\\test_api_request_lifecycle_complete_l4.py:116: PytestUnknownMarkWarning: Unknown pytest.mark.timeout - is this a typo?  You can register custom marks to avoid this warning - for details, see https://docs.pytest.org/en/stable/how-to/mark.html\n    @pytest.mark.timeout(30)\n\ntests\\integration\\critical_paths\\test_api_request_lifecycle_complete_l4.py:178\n  C:\\Users\\antho\\OneDrive\\Desktop\\Netra\\netra-core-generation-1\\netra_backend\\tests\\integration\\critical_paths\\test_api_request_lifecycle_complete_l4.py:178: PytestUnknownMarkWarning: Unknown pytest.mark.timeout - is this a typo?  You can register custom marks to avoid this warning - for details, see https://docs.pytest.org/en/stable/how-to/mark.html\n    @pytest.mark.timeout(30)\n\ntests\\integration\\critical_paths\\test_api_request_lifecycle_complete_l4.py:221\n  C:\\Users\\antho\\OneDrive\\Desktop\\Netra\\netra-core-generation-1\\netra_backend\\tests\\integration\\critical_paths\\test_api_request_lifecycle_complete_l4.py:221: PytestUnknownMarkWarning: Unknown pytest.mark.timeout - is this a typo?  You can register custom marks to avoid this warning - for details, see https://docs.pytest.org/en/stable/how-to/mark.html\n    @pytest.mark.timeout(30)\n\ntests\\integration\\critical_paths\\test_api_request_lifecycle_complete_l4.py:265\n  C:\\Users\\antho\\OneDrive\\Desktop\\Netra\\netra-core-generation-1\\netra_backend\\tests\\integration\\critical_paths\\test_api_request_lifecycle_complete_l4.py:265: PytestUnknownMarkWarning: Unknown pytest.mark.timeout - is this a typo?  You can register custom marks to avoid this warning - for details, see https://docs.pytest.org/en/stable/how-to/mark.html\n    @pytest.mark.timeout(30)\n\ntests\\integration\\critical_paths\\test_api_request_lifecycle_complete_l4.py:304\n  C:\\Users\\antho\\OneDrive\\Desktop\\Netra\\netra-core-generation-1\\netra_backend\\tests\\integration\\critical_paths\\test_api_request_lifecycle_complete_l4.py:304: PytestUnknownMarkWarning: Unknown pytest.mark.timeout - is this a typo?  You can register custom marks to avoid this warning - for details, see https://docs.pytest.org/en/stable/how-to/mark.html\n    @pytest.mark.timeout(30)\n\ntests\\integration\\critical_paths\\test_api_request_lifecycle_complete_l4.py:347\n  C:\\Users\\antho\\OneDrive\\Desktop\\Netra\\netra-core-generation-1\\netra_backend\\tests\\integration\\critical_paths\\test_api_request_lifecycle_complete_l4.py:347: PytestUnknownMarkWarning: Unknown pytest.mark.timeout - is this a typo?  You can register custom marks to avoid this warning - for details, see https://docs.pytest.org/en/stable/how-to/mark.html\n    @pytest.mark.timeout(30)\n\ntests\\integration\\critical_paths\\test_api_request_lifecycle_complete_l4.py:387\n  C:\\Users\\antho\\OneDrive\\Desktop\\Netra\\netra-core-generation-1\\netra_backend\\tests\\integration\\critical_paths\\test_api_request_lifecycle_complete_l4.py:387: PytestUnknownMarkWarning: Unknown pytest.mark.timeout - is this a typo?  You can register custom marks to avoid this warning - for details, see https://docs.pytest.org/en/stable/how-to/mark.html\n    @pytest.mark.timeout(30)\n\ntests\\integration\\critical_paths\\test_api_request_lifecycle_complete_l4.py:422\n  C:\\Users\\antho\\OneDrive\\Desktop\\Netra\\netra-core-generation-1\\netra_backend\\tests\\integration\\critical_paths\\test_api_request_lifecycle_complete_l4.py:422: PytestUnknownMarkWarning: Unknown pytest.mark.timeout - is this a typo?  You can register custom marks to avoid this warning - for details, see https://docs.pytest.org/en/stable/how-to/mark.html\n    @pytest.mark.timeout(30)\n\ntests\\integration\\critical_paths\\test_api_request_lifecycle_complete_l4.py:468\n  C:\\Users\\antho\\OneDrive\\Desktop\\Netra\\netra-core-generation-1\\netra_backend\\tests\\integration\\critical_paths\\test_api_request_lifecycle_complete_l4.py:468: PytestUnknownMarkWarning: Unknown pytest.mark.timeout - is this a typo?  You can register custom marks to avoid this warning - for details, see https://docs.pytest.org/en/stable/how-to/mark.html\n    @pytest.mark.timeout(30)\n\ntests\\integration\\critical_paths\\test_auth_audit_trail_integrity_l4.py:170\n  C:\\Users\\antho\\OneDrive\\Desktop\\Netra\\netra-core-generation-1\\netra_backend\\tests\\integration\\critical_paths\\test_auth_audit_trail_integrity_l4.py:170: PytestUnknownMarkWarning: Unknown pytest.mark.timeout - is this a typo?  You can register custom marks to avoid this warning - for details, see https://docs.pytest.org/en/stable/how-to/mark.html\n    @pytest.mark.timeout(120)\n\ntests\\integration\\critical_paths\\test_auth_audit_trail_integrity_l4.py:232\n  C:\\Users\\antho\\OneDrive\\Desktop\\Netra\\netra-core-generation-1\\netra_backend\\tests\\integration\\critical_paths\\test_auth_audit_trail_integrity_l4.py:232: PytestUnknownMarkWarning: Unknown pytest.mark.timeout - is this a typo?  You can register custom marks to avoid this warning - for details, see https://docs.pytest.org/en/stable/how-to/mark.html\n    @pytest.mark.timeout(90)\n\ntests\\integration\\critical_paths\\test_auth_audit_trail_integrity_l4.py:292\n  C:\\Users\\antho\\OneDrive\\Desktop\\Netra\\netra-core-generation-1\\netra_backend\\tests\\integration\\critical_paths\\test_auth_audit_trail_integrity_l4.py:292: PytestUnknownMarkWarning: Unknown pytest.mark.timeout - is this a typo?  You can register custom marks to avoid this warning - for details, see https://docs.pytest.org/en/stable/how-to/mark.html\n    @pytest.mark.timeout(120)\n\ntests\\integration\\critical_paths\\test_auth_audit_trail_integrity_l4.py:346\n  C:\\Users\\antho\\OneDrive\\Desktop\\Netra\\netra-core-generation-1\\netra_backend\\tests\\integration\\critical_paths\\test_auth_audit_trail_integrity_l4.py:346: PytestUnknownMarkWarning: Unknown pytest.mark.timeout - is this a typo?  You can register custom marks to avoid this warning - for details, see https://docs.pytest.org/en/stable/how-to/mark.html\n    @pytest.mark.timeout(90)\n\ntests\\integration\\critical_paths\\test_auth_audit_trail_integrity_l4.py:438\n  C:\\Users\\antho\\OneDrive\\Desktop\\Netra\\netra-core-generation-1\\netra_backend\\tests\\integration\\critical_paths\\test_auth_audit_trail_integrity_l4.py:438: PytestUnknownMarkWarning: Unknown pytest.mark.timeout - is this a typo?  You can register custom marks to avoid this warning - for details, see https://docs.pytest.org/en/stable/how-to/mark.html\n    @pytest.mark.timeout(120)\n\ntests\\integration\\critical_paths\\test_auth_audit_trail_integrity_l4.py:525\n  C:\\Users\\antho\\OneDrive\\Desktop\\Netra\\netra-core-generation-1\\netra_backend\\tests\\integration\\critical_paths\\test_auth_audit_trail_integrity_l4.py:525: PytestUnknownMarkWarning: Unknown pytest.mark.timeout - is this a typo?  You can register custom marks to avoid this warning - for details, see https://docs.pytest.org/en/stable/how-to/mark.html\n    @pytest.mark.timeout(90)\n\ntests\\integration\\critical_paths\\test_auth_audit_trail_integrity_l4.py:609\n  C:\\Users\\antho\\OneDrive\\Desktop\\Netra\\netra-core-generation-1\\netra_backend\\tests\\integration\\critical_paths\\test_auth_audit_trail_integrity_l4.py:609: PytestUnknownMarkWarning: Unknown pytest.mark.timeout - is this a typo?  You can register custom marks to avoid this warning - for details, see https://docs.pytest.org/en/stable/how-to/mark.html\n    @pytest.mark.timeout(120)\n\ntests\\integration\\critical_paths\\test_auth_failover_scenarios_l4.py:167\n  C:\\Users\\antho\\OneDrive\\Desktop\\Netra\\netra-core-generation-1\\netra_backend\\tests\\integration\\critical_paths\\test_auth_failover_scenarios_l4.py:167: PytestUnknownMarkWarning: Unknown pytest.mark.timeout - is this a typo?  You can register custom marks to avoid this warning - for details, see https://docs.pytest.org/en/stable/how-to/mark.html\n    @pytest.mark.timeout(180)\n\ntests\\integration\\critical_paths\\test_auth_failover_scenarios_l4.py:232\n  C:\\Users\\antho\\OneDrive\\Desktop\\Netra\\netra-core-generation-1\\netra_backend\\tests\\integration\\critical_paths\\test_auth_failover_scenarios_l4.py:232: PytestUnknownMarkWarning: Unknown pytest.mark.timeout - is this a typo?  You can register custom marks to avoid this warning - for details, see https://docs.pytest.org/en/stable/how-to/mark.html\n    @pytest.mark.timeout(120)\n\ntests\\integration\\critical_paths\\test_auth_failover_scenarios_l4.py:296\n  C:\\Users\\antho\\OneDrive\\Desktop\\Netra\\netra-core-generation-1\\netra_backend\\tests\\integration\\critical_paths\\test_auth_failover_scenarios_l4.py:296: PytestUnknownMarkWarning: Unknown pytest.mark.timeout - is this a typo?  You can register custom marks to avoid this warning - for details, see https://docs.pytest.org/en/stable/how-to/mark.html\n    @pytest.mark.timeout(120)\n\ntests\\integration\\critical_paths\\test_auth_failover_scenarios_l4.py:348\n  C:\\Users\\antho\\OneDrive\\Desktop\\Netra\\netra-core-generation-1\\netra_backend\\tests\\integration\\critical_paths\\test_auth_failover_scenarios_l4.py:348: PytestUnknownMarkWarning: Unknown pytest.mark.timeout - is this a typo?  You can register custom marks to avoid this warning - for details, see https://docs.pytest.org/en/stable/how-to/mark.html\n    @pytest.mark.timeout(120)\n\ntests\\integration\\critical_paths\\test_auth_failover_scenarios_l4.py:390\n  C:\\Users\\antho\\OneDrive\\Desktop\\Netra\\netra-core-generation-1\\netra_backend\\tests\\integration\\critical_paths\\test_auth_failover_scenarios_l4.py:390: PytestUnknownMarkWarning: Unknown pytest.mark.timeout - is this a typo?  You can register custom marks to avoid this warning - for details, see https://docs.pytest.org/en/stable/how-to/mark.html\n    @pytest.mark.timeout(120)\n\ntests\\integration\\critical_paths\\test_auth_failover_scenarios_l4.py:436\n  C:\\Users\\antho\\OneDrive\\Desktop\\Netra\\netra-core-generation-1\\netra_backend\\tests\\integration\\critical_paths\\test_auth_failover_scenarios_l4.py:436: PytestUnknownMarkWarning: Unknown pytest.mark.timeout - is this a typo?  You can register custom marks to avoid this warning - for details, see https://docs.pytest.org/en/stable/how-to/mark.html\n    @pytest.mark.timeout(120)\n\ntests\\integration\\critical_paths\\test_auth_failover_scenarios_l4.py:495\n  C:\\Users\\antho\\OneDrive\\Desktop\\Netra\\netra-core-generation-1\\netra_backend\\tests\\integration\\critical_paths\\test_auth_failover_scenarios_l4.py:495: PytestUnknownMarkWarning: Unknown pytest.mark.timeout - is this a typo?  You can register custom marks to avoid this warning - for details, see https://docs.pytest.org/en/stable/how-to/mark.html\n    @pytest.mark.timeout(180)\n\ntests\\integration\\critical_paths\\test_auth_failover_scenarios_l4.py:543\n  C:\\Users\\antho\\OneDrive\\Desktop\\Netra\\netra-core-generation-1\\netra_backend\\tests\\integration\\critical_paths\\test_auth_failover_scenarios_l4.py:543: PytestUnknownMarkWarning: Unknown pytest.mark.timeout - is this a typo?  You can register custom marks to avoid this warning - for details, see https://docs.pytest.org/en/stable/how-to/mark.html\n    @pytest.mark.timeout(120)\n\ntests\\integration\\critical_paths\\test_auth_middleware_chain_validation.py:159\n  C:\\Users\\antho\\OneDrive\\Desktop\\Netra\\netra-core-generation-1\\netra_backend\\tests\\integration\\critical_paths\\test_auth_middleware_chain_validation.py:159: PytestUnknownMarkWarning: Unknown pytest.mark.timeout - is this a typo?  You can register custom marks to avoid this warning - for details, see https://docs.pytest.org/en/stable/how-to/mark.html\n    @pytest.mark.timeout(60)\n\ntests\\integration\\critical_paths\\test_auth_middleware_chain_validation.py:230\n  C:\\Users\\antho\\OneDrive\\Desktop\\Netra\\netra-core-generation-1\\netra_backend\\tests\\integration\\critical_paths\\test_auth_middleware_chain_validation.py:230: PytestUnknownMarkWarning: Unknown pytest.mark.timeout - is this a typo?  You can register custom marks to avoid this warning - for details, see https://docs.pytest.org/en/stable/how-to/mark.html\n    @pytest.mark.timeout(60)\n\ntests\\integration\\critical_paths\\test_auth_middleware_chain_validation.py:324\n  C:\\Users\\antho\\OneDrive\\Desktop\\Netra\\netra-core-generation-1\\netra_backend\\tests\\integration\\critical_paths\\test_auth_middleware_chain_validation.py:324: PytestUnknownMarkWarning: Unknown pytest.mark.timeout - is this a typo?  You can register custom marks to avoid this warning - for details, see https://docs.pytest.org/en/stable/how-to/mark.html\n    @pytest.mark.timeout(60)\n\ntests\\integration\\critical_paths\\test_auth_middleware_chain_validation.py:388\n  C:\\Users\\antho\\OneDrive\\Desktop\\Netra\\netra-core-generation-1\\netra_backend\\tests\\integration\\critical_paths\\test_auth_middleware_chain_validation.py:388: PytestUnknownMarkWarning: Unknown pytest.mark.timeout - is this a typo?  You can register custom marks to avoid this warning - for details, see https://docs.pytest.org/en/stable/how-to/mark.html\n    @pytest.mark.timeout(60)\n\ntests\\integration\\critical_paths\\test_auth_middleware_chain_validation.py:435\n  C:\\Users\\antho\\OneDrive\\Desktop\\Netra\\netra-core-generation-1\\netra_backend\\tests\\integration\\critical_paths\\test_auth_middleware_chain_validation.py:435: PytestUnknownMarkWarning: Unknown pytest.mark.timeout - is this a typo?  You can register custom marks to avoid this warning - for details, see https://docs.pytest.org/en/stable/how-to/mark.html\n    @pytest.mark.timeout(60)\n\ntests\\integration\\critical_paths\\test_auth_middleware_chain_validation.py:503\n  C:\\Users\\antho\\OneDrive\\Desktop\\Netra\\netra-core-generation-1\\netra_backend\\tests\\integration\\critical_paths\\test_auth_middleware_chain_validation.py:503: PytestUnknownMarkWarning: Unknown pytest.mark.timeout - is this a typo?  You can register custom marks to avoid this warning - for details, see https://docs.pytest.org/en/stable/how-to/mark.html\n    @pytest.mark.timeout(60)\n\ntests\\integration\\critical_paths\\test_auth_middleware_chain_validation.py:545\n  C:\\Users\\antho\\OneDrive\\Desktop\\Netra\\netra-core-generation-1\\netra_backend\\tests\\integration\\critical_paths\\test_auth_middleware_chain_validation.py:545: PytestUnknownMarkWarning: Unknown pytest.mark.timeout - is this a typo?  You can register custom marks to avoid this warning - for details, see https://docs.pytest.org/en/stable/how-to/mark.html\n    @pytest.mark.timeout(60)\n\ntests\\integration\\critical_paths\\test_auth_role_based_access_flow_l4.py:271\n  C:\\Users\\antho\\OneDrive\\Desktop\\Netra\\netra-core-generation-1\\netra_backend\\tests\\integration\\critical_paths\\test_auth_role_based_access_flow_l4.py:271: PytestUnknownMarkWarning: Unknown pytest.mark.timeout - is this a typo?  You can register custom marks to avoid this warning - for details, see https://docs.pytest.org/en/stable/how-to/mark.html\n    @pytest.mark.timeout(120)\n\ntests\\integration\\critical_paths\\test_auth_role_based_access_flow_l4.py:344\n  C:\\Users\\antho\\OneDrive\\Desktop\\Netra\\netra-core-generation-1\\netra_backend\\tests\\integration\\critical_paths\\test_auth_role_based_access_flow_l4.py:344: PytestUnknownMarkWarning: Unknown pytest.mark.timeout - is this a typo?  You can register custom marks to avoid this warning - for details, see https://docs.pytest.org/en/stable/how-to/mark.html\n    @pytest.mark.timeout(90)\n\ntests\\integration\\critical_paths\\test_auth_role_based_access_flow_l4.py:376\n  C:\\Users\\antho\\OneDrive\\Desktop\\Netra\\netra-core-generation-1\\netra_backend\\tests\\integration\\critical_paths\\test_auth_role_based_access_flow_l4.py:376: PytestUnknownMarkWarning: Unknown pytest.mark.timeout - is this a typo?  You can register custom marks to avoid this warning - for details, see https://docs.pytest.org/en/stable/how-to/mark.html\n    @pytest.mark.timeout(90)\n\ntests\\integration\\critical_paths\\test_auth_role_based_access_flow_l4.py:434\n  C:\\Users\\antho\\OneDrive\\Desktop\\Netra\\netra-core-generation-1\\netra_backend\\tests\\integration\\critical_paths\\test_auth_role_based_access_flow_l4.py:434: PytestUnknownMarkWarning: Unknown pytest.mark.timeout - is this a typo?  You can register custom marks to avoid this warning - for details, see https://docs.pytest.org/en/stable/how-to/mark.html\n    @pytest.mark.timeout(120)\n\ntests\\integration\\critical_paths\\test_auth_role_based_access_flow_l4.py:470\n  C:\\Users\\antho\\OneDrive\\Desktop\\Netra\\netra-core-generation-1\\netra_backend\\tests\\integration\\critical_paths\\test_auth_role_based_access_flow_l4.py:470: PytestUnknownMarkWarning: Unknown pytest.mark.timeout - is this a typo?  You can register custom marks to avoid this warning - for details, see https://docs.pytest.org/en/stable/how-to/mark.html\n    @pytest.mark.timeout(90)\n\ntests\\integration\\critical_paths\\test_auth_role_based_access_flow_l4.py:500\n  C:\\Users\\antho\\OneDrive\\Desktop\\Netra\\netra-core-generation-1\\netra_backend\\tests\\integration\\critical_paths\\test_auth_role_based_access_flow_l4.py:500: PytestUnknownMarkWarning: Unknown pytest.mark.timeout - is this a typo?  You can register custom marks to avoid this warning - for details, see https://docs.pytest.org/en/stable/how-to/mark.html\n    @pytest.mark.timeout(90)\n\ntests\\integration\\critical_paths\\test_auth_role_based_access_flow_l4.py:556\n  C:\\Users\\antho\\OneDrive\\Desktop\\Netra\\netra-core-generation-1\\netra_backend\\tests\\integration\\critical_paths\\test_auth_role_based_access_flow_l4.py:556: PytestUnknownMarkWarning: Unknown pytest.mark.timeout - is this a typo?  You can register custom marks to avoid this warning - for details, see https://docs.pytest.org/en/stable/how-to/mark.html\n    @pytest.mark.timeout(120)\n\ntests\\integration\\critical_paths\\test_auth_service_failover_complete_l4.py:57\n  C:\\Users\\antho\\OneDrive\\Desktop\\Netra\\netra-core-generation-1\\netra_backend\\tests\\integration\\critical_paths\\test_auth_service_failover_complete_l4.py:57: PytestUnknownMarkWarning: Unknown pytest.mark.timeout - is this a typo?  You can register custom marks to avoid this warning - for details, see https://docs.pytest.org/en/stable/how-to/mark.html\n    @pytest.mark.timeout(30)\n\ntests\\integration\\critical_paths\\test_auth_service_failover_complete_l4.py:100\n  C:\\Users\\antho\\OneDrive\\Desktop\\Netra\\netra-core-generation-1\\netra_backend\\tests\\integration\\critical_paths\\test_auth_service_failover_complete_l4.py:100: PytestUnknownMarkWarning: Unknown pytest.mark.timeout - is this a typo?  You can register custom marks to avoid this warning - for details, see https://docs.pytest.org/en/stable/how-to/mark.html\n    @pytest.mark.timeout(30)\n\ntests\\integration\\critical_paths\\test_auth_service_failover_complete_l4.py:175\n  C:\\Users\\antho\\OneDrive\\Desktop\\Netra\\netra-core-generation-1\\netra_backend\\tests\\integration\\critical_paths\\test_auth_service_failover_complete_l4.py:175: PytestUnknownMarkWarning: Unknown pytest.mark.timeout - is this a typo?  You can register custom marks to avoid this warning - for details, see https://docs.pytest.org/en/stable/how-to/mark.html\n    @pytest.mark.timeout(30)\n\ntests\\integration\\critical_paths\\test_auth_service_failover_complete_l4.py:218\n  C:\\Users\\antho\\OneDrive\\Desktop\\Netra\\netra-core-generation-1\\netra_backend\\tests\\integration\\critical_paths\\test_auth_service_failover_complete_l4.py:218: PytestUnknownMarkWarning: Unknown pytest.mark.timeout - is this a typo?  You can register custom marks to avoid this warning - for details, see https://docs.pytest.org/en/stable/how-to/mark.html\n    @pytest.mark.timeout(30)\n\ntests\\integration\\critical_paths\\test_auth_service_failover_complete_l4.py:256\n  C:\\Users\\antho\\OneDrive\\Desktop\\Netra\\netra-core-generation-1\\netra_backend\\tests\\integration\\critical_paths\\test_auth_service_failover_complete_l4.py:256: PytestUnknownMarkWarning: Unknown pytest.mark.timeout - is this a typo?  You can register custom marks to avoid this warning - for details, see https://docs.pytest.org/en/stable/how-to/mark.html\n    @pytest.mark.timeout(30)\n\ntests\\integration\\critical_paths\\test_auth_service_failover_complete_l4.py:309\n  C:\\Users\\antho\\OneDrive\\Desktop\\Netra\\netra-core-generation-1\\netra_backend\\tests\\integration\\critical_paths\\test_auth_service_failover_complete_l4.py:309: PytestUnknownMarkWarning: Unknown pytest.mark.timeout - is this a typo?  You can register custom marks to avoid this warning - for details, see https://docs.pytest.org/en/stable/how-to/mark.html\n    @pytest.mark.timeout(30)\n\ntests\\integration\\critical_paths\\test_auth_service_failover_complete_l4.py:376\n  C:\\Users\\antho\\OneDrive\\Desktop\\Netra\\netra-core-generation-1\\netra_backend\\tests\\integration\\critical_paths\\test_auth_service_failover_complete_l4.py:376: PytestUnknownMarkWarning: Unknown pytest.mark.timeout - is this a typo?  You can register custom marks to avoid this warning - for details, see https://docs.pytest.org/en/stable/how-to/mark.html\n    @pytest.mark.timeout(30)\n\ntests\\integration\\critical_paths\\test_auth_service_failover_complete_l4.py:454\n  C:\\Users\\antho\\OneDrive\\Desktop\\Netra\\netra-core-generation-1\\netra_backend\\tests\\integration\\critical_paths\\test_auth_service_failover_complete_l4.py:454: PytestUnknownMarkWarning: Unknown pytest.mark.timeout - is this a typo?  You can register custom marks to avoid this warning - for details, see https://docs.pytest.org/en/stable/how-to/mark.html\n    @pytest.mark.timeout(30)\n\ntests\\integration\\critical_paths\\test_auth_service_failover_complete_l4.py:500\n  C:\\Users\\antho\\OneDrive\\Desktop\\Netra\\netra-core-generation-1\\netra_backend\\tests\\integration\\critical_paths\\test_auth_service_failover_complete_l4.py:500: PytestUnknownMarkWarning: Unknown pytest.mark.timeout - is this a typo?  You can register custom marks to avoid this warning - for details, see https://docs.pytest.org/en/stable/how-to/mark.html\n    @pytest.mark.timeout(30)\n\n..\\test_framework\\testcontainers_utils.py:7\n  C:\\Users\\antho\\OneDrive\\Desktop\\Netra\\netra-core-generation-1\\test_framework\\testcontainers_utils.py:7: PytestCollectionWarning: cannot collect test class 'TestcontainerHelper' because it has a __init__ constructor (from: tests/integration/critical_paths/test_auth_service_health_dependencies.py)\n    class TestcontainerHelper:\n\ntests\\integration\\critical_paths\\test_auth_service_recovery_crash.py:176\n  C:\\Users\\antho\\OneDrive\\Desktop\\Netra\\netra-core-generation-1\\netra_backend\\tests\\integration\\critical_paths\\test_auth_service_recovery_crash.py:176: PytestUnknownMarkWarning: Unknown pytest.mark.timeout - is this a typo?  You can register custom marks to avoid this warning - for details, see https://docs.pytest.org/en/stable/how-to/mark.html\n    @pytest.mark.timeout(120)\n\ntests\\integration\\critical_paths\\test_auth_service_recovery_crash.py:244\n  C:\\Users\\antho\\OneDrive\\Desktop\\Netra\\netra-core-generation-1\\netra_backend\\tests\\integration\\critical_paths\\test_auth_service_recovery_crash.py:244: PytestUnknownMarkWarning: Unknown pytest.mark.timeout - is this a typo?  You can register custom marks to avoid this warning - for details, see https://docs.pytest.org/en/stable/how-to/mark.html\n    @pytest.mark.timeout(90)\n\ntests\\integration\\critical_paths\\test_auth_service_recovery_crash.py:310\n  C:\\Users\\antho\\OneDrive\\Desktop\\Netra\\netra-core-generation-1\\netra_backend\\tests\\integration\\critical_paths\\test_auth_service_recovery_crash.py:310: PytestUnknownMarkWarning: Unknown pytest.mark.timeout - is this a typo?  You can register custom marks to avoid this warning - for details, see https://docs.pytest.org/en/stable/how-to/mark.html\n    @pytest.mark.timeout(120)\n\ntests\\integration\\critical_paths\\test_auth_service_recovery_crash.py:384\n  C:\\Users\\antho\\OneDrive\\Desktop\\Netra\\netra-core-generation-1\\netra_backend\\tests\\integration\\critical_paths\\test_auth_service_recovery_crash.py:384: PytestUnknownMarkWarning: Unknown pytest.mark.timeout - is this a typo?  You can register custom marks to avoid this warning - for details, see https://docs.pytest.org/en/stable/how-to/mark.html\n    @pytest.mark.timeout(90)\n\ntests\\integration\\critical_paths\\test_auth_service_recovery_crash.py:456\n  C:\\Users\\antho\\OneDrive\\Desktop\\Netra\\netra-core-generation-1\\netra_backend\\tests\\integration\\critical_paths\\test_auth_service_recovery_crash.py:456: PytestUnknownMarkWarning: Unknown pytest.mark.timeout - is this a typo?  You can register custom marks to avoid this warning - for details, see https://docs.pytest.org/en/stable/how-to/mark.html\n    @pytest.mark.timeout(120)\n\ntests\\integration\\critical_paths\\test_auth_session_lifecycle_complete_l4.py:71\n  C:\\Users\\antho\\OneDrive\\Desktop\\Netra\\netra-core-generation-1\\netra_backend\\tests\\integration\\critical_paths\\test_auth_session_lifecycle_complete_l4.py:71: PytestUnknownMarkWarning: Unknown pytest.mark.timeout - is this a typo?  You can register custom marks to avoid this warning - for details, see https://docs.pytest.org/en/stable/how-to/mark.html\n    @pytest.mark.timeout(30)\n\ntests\\integration\\critical_paths\\test_auth_session_lifecycle_complete_l4.py:102\n  C:\\Users\\antho\\OneDrive\\Desktop\\Netra\\netra-core-generation-1\\netra_backend\\tests\\integration\\critical_paths\\test_auth_session_lifecycle_complete_l4.py:102: PytestUnknownMarkWarning: Unknown pytest.mark.timeout - is this a typo?  You can register custom marks to avoid this warning - for details, see https://docs.pytest.org/en/stable/how-to/mark.html\n    @pytest.mark.timeout(30)\n\ntests\\integration\\critical_paths\\test_auth_session_lifecycle_complete_l4.py:151\n  C:\\Users\\antho\\OneDrive\\Desktop\\Netra\\netra-core-generation-1\\netra_backend\\tests\\integration\\critical_paths\\test_auth_session_lifecycle_complete_l4.py:151: PytestUnknownMarkWarning: Unknown pytest.mark.timeout - is this a typo?  You can register custom marks to avoid this warning - for details, see https://docs.pytest.org/en/stable/how-to/mark.html\n    @pytest.mark.timeout(30)\n\ntests\\integration\\critical_paths\\test_auth_session_lifecycle_complete_l4.py:203\n  C:\\Users\\antho\\OneDrive\\Desktop\\Netra\\netra-core-generation-1\\netra_backend\\tests\\integration\\critical_paths\\test_auth_session_lifecycle_complete_l4.py:203: PytestUnknownMarkWarning: Unknown pytest.mark.timeout - is this a typo?  You can register custom marks to avoid this warning - for details, see https://docs.pytest.org/en/stable/how-to/mark.html\n    @pytest.mark.timeout(30)\n\ntests\\integration\\critical_paths\\test_auth_session_lifecycle_complete_l4.py:239\n  C:\\Users\\antho\\OneDrive\\Desktop\\Netra\\netra-core-generation-1\\netra_backend\\tests\\integration\\critical_paths\\test_auth_session_lifecycle_complete_l4.py:239: PytestUnknownMarkWarning: Unknown pytest.mark.timeout - is this a typo?  You can register custom marks to avoid this warning - for details, see https://docs.pytest.org/en/stable/how-to/mark.html\n    @pytest.mark.timeout(30)\n\ntests\\integration\\critical_paths\\test_auth_session_lifecycle_complete_l4.py:270\n  C:\\Users\\antho\\OneDrive\\Desktop\\Netra\\netra-core-generation-1\\netra_backend\\tests\\integration\\critical_paths\\test_auth_session_lifecycle_complete_l4.py:270: PytestUnknownMarkWarning: Unknown pytest.mark.timeout - is this a typo?  You can register custom marks to avoid this warning - for details, see https://docs.pytest.org/en/stable/how-to/mark.html\n    @pytest.mark.timeout(30)\n\ntests\\integration\\critical_paths\\test_auth_session_lifecycle_complete_l4.py:294\n  C:\\Users\\antho\\OneDrive\\Desktop\\Netra\\netra-core-generation-1\\netra_backend\\tests\\integration\\critical_paths\\test_auth_session_lifecycle_complete_l4.py:294: PytestUnknownMarkWarning: Unknown pytest.mark.timeout - is this a typo?  You can register custom marks to avoid this warning - for details, see https://docs.pytest.org/en/stable/how-to/mark.html\n    @pytest.mark.timeout(30)\n\ntests\\integration\\critical_paths\\test_auth_session_lifecycle_complete_l4.py:334\n  C:\\Users\\antho\\OneDrive\\Desktop\\Netra\\netra-core-generation-1\\netra_backend\\tests\\integration\\critical_paths\\test_auth_session_lifecycle_complete_l4.py:334: PytestUnknownMarkWarning: Unknown pytest.mark.timeout - is this a typo?  You can register custom marks to avoid this warning - for details, see https://docs.pytest.org/en/stable/how-to/mark.html\n    @pytest.mark.timeout(30)\n\ntests\\integration\\critical_paths\\test_auth_session_lifecycle_complete_l4.py:380\n  C:\\Users\\antho\\OneDrive\\Desktop\\Netra\\netra-core-generation-1\\netra_backend\\tests\\integration\\critical_paths\\test_auth_session_lifecycle_complete_l4.py:380: PytestUnknownMarkWarning: Unknown pytest.mark.timeout - is this a typo?  You can register custom marks to avoid this warning - for details, see https://docs.pytest.org/en/stable/how-to/mark.html\n    @pytest.mark.timeout(30)\n\ntests\\integration\\critical_paths\\test_auth_session_lifecycle_complete_l4.py:411\n  C:\\Users\\antho\\OneDrive\\Desktop\\Netra\\netra-core-generation-1\\netra_backend\\tests\\integration\\critical_paths\\test_auth_session_lifecycle_complete_l4.py:411: PytestUnknownMarkWarning: Unknown pytest.mark.timeout - is this a typo?  You can register custom marks to avoid this warning - for details, see https://docs.pytest.org/en/stable/how-to/mark.html\n    @pytest.mark.timeout(30)\n\ntests\\integration\\critical_paths\\test_auth_token_refresh_high_load.py:147\n  C:\\Users\\antho\\OneDrive\\Desktop\\Netra\\netra-core-generation-1\\netra_backend\\tests\\integration\\critical_paths\\test_auth_token_refresh_high_load.py:147: PytestUnknownMarkWarning: Unknown pytest.mark.timeout - is this a typo?  You can register custom marks to avoid this warning - for details, see https://docs.pytest.org/en/stable/how-to/mark.html\n    @pytest.mark.timeout(120)\n\ntests\\integration\\critical_paths\\test_auth_token_refresh_high_load.py:208\n  C:\\Users\\antho\\OneDrive\\Desktop\\Netra\\netra-core-generation-1\\netra_backend\\tests\\integration\\critical_paths\\test_auth_token_refresh_high_load.py:208: PytestUnknownMarkWarning: Unknown pytest.mark.timeout - is this a typo?  You can register custom marks to avoid this warning - for details, see https://docs.pytest.org/en/stable/how-to/mark.html\n    @pytest.mark.timeout(180)\n\ntests\\integration\\critical_paths\\test_auth_token_refresh_high_load.py:260\n  C:\\Users\\antho\\OneDrive\\Desktop\\Netra\\netra-core-generation-1\\netra_backend\\tests\\integration\\critical_paths\\test_auth_token_refresh_high_load.py:260: PytestUnknownMarkWarning: Unknown pytest.mark.timeout - is this a typo?  You can register custom marks to avoid this warning - for details, see https://docs.pytest.org/en/stable/how-to/mark.html\n    @pytest.mark.timeout(60)\n\ntests\\integration\\critical_paths\\test_auth_token_refresh_high_load.py:312\n  C:\\Users\\antho\\OneDrive\\Desktop\\Netra\\netra-core-generation-1\\netra_backend\\tests\\integration\\critical_paths\\test_auth_token_refresh_high_load.py:312: PytestUnknownMarkWarning: Unknown pytest.mark.timeout - is this a typo?  You can register custom marks to avoid this warning - for details, see https://docs.pytest.org/en/stable/how-to/mark.html\n    @pytest.mark.timeout(90)\n\ntests\\integration\\critical_paths\\test_business_critical_flows_l2.py:1062\n  C:\\Users\\antho\\OneDrive\\Desktop\\Netra\\netra-core-generation-1\\netra_backend\\tests\\integration\\critical_paths\\test_business_critical_flows_l2.py:1062: PytestUnknownMarkWarning: Unknown pytest.mark.l2 - is this a typo?  You can register custom marks to avoid this warning - for details, see https://docs.pytest.org/en/stable/how-to/mark.html\n    @pytest.mark.l2\n\n-- Docs: https://docs.pytest.org/en/stable/how-to/capture-warnings.html\n=========================== short test summary info ===========================\nERROR tests/integration/critical_paths/test_circuit_breaker_cascade.py\n!!!!!!!!!!!!!!!!!!!!!!!!!! stopping after 1 failures !!!!!!!!!!!!!!!!!!!!!!!!!!\n======================= 94 warnings, 1 error in 21.71s ========================\n",
      "errors": ""
    },
    "auth": {
      "success": false,
      "duration": 26.21061062812805,
      "output": "============================= test session starts =============================\nplatform win32 -- Python 3.12.3, pytest-8.4.1, pluggy-1.6.0\nrootdir: C:\\Users\\antho\\OneDrive\\Desktop\\Netra\\netra-core-generation-1\\auth_service\nconfigfile: pytest.ini\nplugins: anyio-4.9.0, Faker-37.5.3, langsmith-0.4.15, asyncio-1.1.0, cov-6.2.1, mock-3.14.1, xdist-3.8.0\nasyncio: mode=Mode.STRICT, asyncio_default_fixture_loop_scope=None, asyncio_default_test_loop_scope=function\ncollected 193 items\n\ntests\\integration\\test_auth_oauth_errors.py ........                     [  4%]\ntests\\integration\\test_auth_oauth_google.py ........                     [  8%]\ntests\\integration\\test_oauth_comprehensive_failures.py ..............F\n\n================================== FAILURES ===================================\n_ TestOAuthComprehensiveFailures.test_15_circuit_breaker_activation_on_provider_failure _\n\nself = <test_oauth_comprehensive_failures.TestOAuthComprehensiveFailures object at 0x0000023060A7BDD0>\nmock_auth_redis = <Mock id='2406829321648'>\n\n    @pytest.mark.asyncio\n    async def test_15_circuit_breaker_activation_on_provider_failure(self, mock_auth_redis):\n        \"\"\"Test 15: Circuit breaker activation on repeated OAuth provider failures (L3)\"\"\"\n        # Use mock Redis for circuit breaker state\n        redis_client = mock_auth_redis\n    \n        # Simulate multiple failures to trigger circuit breaker\n        for i in range(5):\n            with patch(\"httpx.AsyncClient.post\") as mock_post:\n                mock_post.side_effect = httpx.ConnectError(\"Provider unavailable\")\n    \n                response = client.post(\n                    \"/auth/callback/google\",\n                    json={\n                        \"code\": f\"code_{i}\",\n                        \"state\": secrets.token_urlsafe(32),\n                    }\n                )\n    \n        # Circuit breaker should be open now\n        response = client.post(\n            \"/auth/callback/google\",\n            json={\n                \"code\": f\"valid_code_{secrets.token_urlsafe(8)}\",\n                \"state\": secrets.token_urlsafe(32),\n            }\n        )\n    \n>       assert response.status_code == 503\nE       assert 401 == 503\nE        +  where 401 = <Response [401 Unauthorized]>.status_code\n\ntests\\integration\\test_oauth_comprehensive_failures.py:668: AssertionError\n------------------------------ Captured log call ------------------------------\nWARNING  auth_service.auth_core.security.oauth_security:oauth_security.py:212 Authorization code reuse attack detected: code_0\nWARNING  auth_service.auth_core.security.oauth_security:oauth_security.py:212 Authorization code reuse attack detected: code_1\nWARNING  auth_service.auth_core.security.oauth_security:oauth_security.py:212 Authorization code reuse attack detected: code_2\nWARNING  auth_service.auth_core.security.oauth_security:oauth_security.py:212 Authorization code reuse attack detected: code_3\nWARNING  auth_service.auth_core.security.oauth_security:oauth_security.py:212 Authorization code reuse attack detected: code_4\nWARNING  auth_service.auth_core.routes.auth_routes:auth_routes.py:669 Using simple string state (test mode)\nERROR    auth_service.auth_core.routes.auth_routes:auth_routes.py:711 Token exchange failed: 401 - {\n  \"error\": \"invalid_client\",\n  \"error_description\": \"The OAuth client was not found.\"\n}\nERROR    auth_service.auth_core.services.auth_service:auth_service.py:713 Request failed for google_oauth: 401: Failed to exchange authorization code\n============================== warnings summary ===============================\ntests\\integration\\test_oauth_comprehensive_failures.py:1051\n  C:\\Users\\antho\\OneDrive\\Desktop\\Netra\\netra-core-generation-1\\auth_service\\tests\\integration\\test_oauth_comprehensive_failures.py:1051: PytestUnknownMarkWarning: Unknown pytest.mark.staging - is this a typo?  You can register custom marks to avoid this warning - for details, see https://docs.pytest.org/en/stable/how-to/mark.html\n    @pytest.mark.staging\n\ntests\\integration\\test_oauth_comprehensive_failures.py:1085\n  C:\\Users\\antho\\OneDrive\\Desktop\\Netra\\netra-core-generation-1\\auth_service\\tests\\integration\\test_oauth_comprehensive_failures.py:1085: PytestUnknownMarkWarning: Unknown pytest.mark.staging - is this a typo?  You can register custom marks to avoid this warning - for details, see https://docs.pytest.org/en/stable/how-to/mark.html\n    @pytest.mark.staging\n\ntests/integration/test_auth_oauth_errors.py::TestOAuthErrorHandling::test_oauth_invalid_state_parameter\n  C:\\Users\\antho\\OneDrive\\Desktop\\Netra\\netra-core-generation-1\\auth_service\\tests\\conftest.py:59: DeprecationWarning: There is no current event loop\n    loop = asyncio.get_event_loop()\n\ntests/integration/test_oauth_comprehensive_failures.py::TestOAuthComprehensiveFailures::test_01_successful_oauth_login_basic_flow\ntests/integration/test_oauth_comprehensive_failures.py::TestOAuthComprehensiveFailures::test_14_distributed_tracing_context_propagation_failure\n  C:\\Users\\antho\\OneDrive\\Desktop\\Netra\\netra-core-generation-1\\auth_service\\auth_core\\routes\\auth_routes.py:938: PydanticDeprecatedSince20: The `dict` method is deprecated; use `model_dump` instead. Deprecated in Pydantic V2.0 to be removed in V3.0. See Pydantic V2 Migration Guide at https://errors.pydantic.dev/2.11/migration/\n    content=response.dict(),\n\ntests/integration/test_oauth_comprehensive_failures.py::TestOAuthComprehensiveFailures::test_05_cross_site_request_forgery_token_binding\n  C:\\Users\\antho\\AppData\\Roaming\\Python\\Python312\\site-packages\\starlette\\testclient.py:451: DeprecationWarning: Setting per-request cookies=<...> is being deprecated, because the expected behaviour on cookie persistence is ambiguous. Set cookies directly on the client instance instead.\n    return super().request(\n\n-- Docs: https://docs.pytest.org/en/stable/how-to/capture-warnings.html\n=========================== short test summary info ===========================\nFAILED tests/integration/test_oauth_comprehensive_failures.py::TestOAuthComprehensiveFailures::test_15_circuit_breaker_activation_on_provider_failure\n!!!!!!!!!!!!!!!!!!!!!!!!!! stopping after 1 failures !!!!!!!!!!!!!!!!!!!!!!!!!!\n================== 1 failed, 30 passed, 6 warnings in 24.02s ==================\n",
      "errors": ""
    },
    "frontend": {
      "success": false,
      "duration": 4.015018463134766,
      "output": "  console.warn\n    [2025-08-22T21:39:50.345Z] WARN: Received 401, attempting [REDACTED] undefined\n\n    \u001b[0m \u001b[90m 217 |\u001b[39m       \u001b[36mreturn\u001b[39m\u001b[33m;\u001b[39m\n     \u001b[90m 218 |\u001b[39m     }\n    \u001b[31m\u001b[1m>\u001b[22m\u001b[39m\u001b[90m 219 |\u001b[39m     originalWarn\u001b[33m.\u001b[39mcall(console\u001b[33m,\u001b[39m \u001b[33m...\u001b[39margs)\u001b[33m;\u001b[39m\n     \u001b[90m     |\u001b[39m                  \u001b[31m\u001b[1m^\u001b[22m\u001b[39m\n     \u001b[90m 220 |\u001b[39m   }\u001b[33m;\u001b[39m\n     \u001b[90m 221 |\u001b[39m })\u001b[33m;\u001b[39m\n     \u001b[90m 222 |\u001b[39m\u001b[0m\n\n      at console.call (jest.setup.js:219:18)\n      at FrontendLogger.warn [as log] (lib/logger.ts:145:19)\n      at FrontendLogger.log [as warn] (lib/logger.ts:211:10)\n      at AuthInterceptor.warn [as authenticatedFetch] (lib/auth-interceptor.ts:186:16)\n      at DemoService.fetchWithAuth (services/demoService.ts:80:24)\n      at DemoService.sendChatMessage (services/demoService.ts:115:22)\n      at Object.<anonymous> (__tests__/services/demoService.test.ts:164:7)\n\n  console.info\n    [2025-08-22T21:39:50.438Z] INFO: [REDACTED] successfully undefined\n\n      at FrontendLogger.info [as log] (lib/logger.ts:142:19)\n\n  console.info\n    [2025-08-22T21:39:50.439Z] INFO: Retrying request with refreshed token undefined\n\n      at FrontendLogger.info [as log] (lib/logger.ts:142:19)\n\n  console.error\n    [2025-08-22T21:39:50.440Z] ERROR: Demo service request failed [DemoService] TypeError: response.text is not a function\n        at DemoService.text [as fetchWithAuth] (C:\\Users\\antho\\OneDrive\\Desktop\\Netra\\netra-core-generation-1\\frontend\\services\\demoService.ts:89:42)\n        at processTicksAndRejections (node:internal/process/task_queues:105:5)\n        at DemoService.sendChatMessage (C:\\Users\\antho\\OneDrive\\Desktop\\Netra\\netra-core-generation-1\\frontend\\services\\demoService.ts:115:22)\n        at Object.<anonymous> (C:\\Users\\antho\\OneDrive\\Desktop\\Netra\\netra-core-generation-1\\frontend\\__tests__\\services\\demoService.test.ts:164:7)\n\n    \u001b[0m \u001b[90m 207 |\u001b[39m       \u001b[36mreturn\u001b[39m\u001b[33m;\u001b[39m\n     \u001b[90m 208 |\u001b[39m     }\n    \u001b[31m\u001b[1m>\u001b[22m\u001b[39m\u001b[90m 209 |\u001b[39m     originalError\u001b[33m.\u001b[39mcall(console\u001b[33m,\u001b[39m \u001b[33m...\u001b[39margs)\u001b[33m;\u001b[39m\n     \u001b[90m     |\u001b[39m                   \u001b[31m\u001b[1m^\u001b[22m\u001b[39m\n     \u001b[90m 210 |\u001b[39m   }\u001b[33m;\u001b[39m\n     \u001b[90m 211 |\u001b[39m   \n     \u001b[90m 212 |\u001b[39m   console\u001b[33m.\u001b[39mwarn \u001b[33m=\u001b[39m (\u001b[33m...\u001b[39margs) \u001b[33m=>\u001b[39m {\u001b[0m\n\n      at console.call [as error] (jest.setup.js:209:19)\n      at FrontendLogger.error [as log] (lib/logger.ts:148:19)\n      at FrontendLogger.log [as error] (lib/logger.ts:215:10)\n      at DemoService.error [as fetchWithAuth] (services/demoService.ts:105:14)\n      at DemoService.sendChatMessage (services/demoService.ts:115:22)\n      at Object.<anonymous> (__tests__/services/demoService.test.ts:164:7)\n\n  console.error\n    [2025-08-22T21:39:50.459Z] ERROR: Demo service request failed [DemoService] TypeError: response.text is not a function\n        at DemoService.text [as fetchWithAuth] (C:\\Users\\antho\\OneDrive\\Desktop\\Netra\\netra-core-generation-1\\frontend\\services\\demoService.ts:89:42)\n        at processTicksAndRejections (node:internal/process/task_queues:105:5)\n        at DemoService.sendChatMessage (C:\\Users\\antho\\OneDrive\\Desktop\\Netra\\netra-core-generation-1\\frontend\\services\\demoService.ts:115:22)\n        at Object.<anonymous> (C:\\Users\\antho\\OneDrive\\Desktop\\Netra\\netra-core-generation-1\\frontend\\__tests__\\services\\demoService.test.ts:175:7)\n\n    \u001b[0m \u001b[90m 207 |\u001b[39m       \u001b[36mreturn\u001b[39m\u001b[33m;\u001b[39m\n     \u001b[90m 208 |\u001b[39m     }\n    \u001b[31m\u001b[1m>\u001b[22m\u001b[39m\u001b[90m 209 |\u001b[39m     originalError\u001b[33m.\u001b[39mcall(console\u001b[33m,\u001b[39m \u001b[33m...\u001b[39margs)\u001b[33m;\u001b[39m\n     \u001b[90m     |\u001b[39m                   \u001b[31m\u001b[1m^\u001b[22m\u001b[39m\n     \u001b[90m 210 |\u001b[39m   }\u001b[33m;\u001b[39m\n     \u001b[90m 211 |\u001b[39m   \n     \u001b[90m 212 |\u001b[39m   console\u001b[33m.\u001b[39mwarn \u001b[33m=\u001b[39m (\u001b[33m...\u001b[39margs) \u001b[33m=>\u001b[39m {\u001b[0m\n\n      at console.call [as error] (jest.setup.js:209:19)\n      at FrontendLogger.error [as log] (lib/logger.ts:148:19)\n      at FrontendLogger.log [as error] (lib/logger.ts:215:10)\n      at DemoService.error [as fetchWithAuth] (services/demoService.ts:105:14)\n      at DemoService.sendChatMessage (services/demoService.ts:115:22)\n      at Object.<anonymous> (__tests__/services/demoService.test.ts:175:7)\n\n  console.error\n    [2025-08-22T21:39:50.469Z] ERROR: Request failed [AuthInterceptor] Error: Network error\n        at Object.<anonymous> (C:\\Users\\antho\\OneDrive\\Desktop\\Netra\\netra-core-generation-1\\frontend\\__tests__\\services\\demoService.test.ts:221:46)\n        at Promise.finally.completed (C:\\Users\\antho\\OneDrive\\Desktop\\Netra\\netra-core-generation-1\\frontend\\node_modules\\jest-circus\\build\\jestAdapterInit.js:1559:28)\n        at new Promise (<anonymous>)\n        at callAsyncCircusFn (C:\\Users\\antho\\OneDrive\\Desktop\\Netra\\netra-core-generation-1\\frontend\\node_modules\\jest-circus\\build\\jestAdapterInit.js:1499:10)\n        at _callCircusTest (C:\\Users\\antho\\OneDrive\\Desktop\\Netra\\netra-core-generation-1\\frontend\\node_modules\\jest-circus\\build\\jestAdapterInit.js:1009:40)\n        at processTicksAndRejections (node:internal/process/task_queues:105:5)\n        at _runTest (C:\\Users\\antho\\OneDrive\\Desktop\\Netra\\netra-core-generation-1\\frontend\\node_modules\\jest-circus\\build\\jestAdapterInit.js:949:3)\n        at _runTestsForDescribeBlock (C:\\Users\\antho\\OneDrive\\Desktop\\Netra\\netra-core-generation-1\\frontend\\node_modules\\jest-circus\\build\\jestAdapterInit.js:839:13)\n        at _runTestsForDescribeBlock (C:\\Users\\antho\\OneDrive\\Desktop\\Netra\\netra-core-generation-1\\frontend\\node_modules\\jest-circus\\build\\jestAdapterInit.js:829:11)\n        at _runTestsForDescribeBlock (C:\\Users\\antho\\OneDrive\\Desktop\\Netra\\netra-core-generation-1\\frontend\\node_modules\\jest-circus\\build\\jestAdapterInit.js:829:11)\n        at run (C:\\Users\\antho\\OneDrive\\Desktop\\Netra\\netra-core-generation-1\\frontend\\node_modules\\jest-circus\\build\\jestAdapterInit.js:757:3)\n        at runAndTransformResultsToJestFormat (C:\\Users\\antho\\OneDrive\\Desktop\\Netra\\netra-core-generation-1\\frontend\\node_modules\\jest-circus\\build\\jestAdapterInit.js:1920:21)\n        at jestAdapter (C:\\Users\\antho\\OneDrive\\Desktop\\Netra\\netra-core-generation-1\\frontend\\node_modules\\jest-circus\\build\\runner.js:101:19)\n        at runTestInternal (C:\\Users\\antho\\OneDrive\\Desktop\\Netra\\netra-core-generation-1\\frontend\\node_modules\\jest-runner\\build\\testWorker.js:275:16)\n        at runTest (C:\\Users\\antho\\OneDrive\\Desktop\\Netra\\netra-core-generation-1\\frontend\\node_modules\\jest-runner\\build\\testWorker.js:343:7)\n        at Object.worker (C:\\Users\\antho\\OneDrive\\Desktop\\Netra\\netra-core-generation-1\\frontend\\node_modules\\jest-runner\\build\\testWorker.js:497:12)\n\n    \u001b[0m \u001b[90m 207 |\u001b[39m       \u001b[36mreturn\u001b[39m\u001b[33m;\u001b[39m\n     \u001b[90m 208 |\u001b[39m     }\n    \u001b[31m\u001b[1m>\u001b[22m\u001b[39m\u001b[90m 209 |\u001b[39m     originalError\u001b[33m.\u001b[39mcall(console\u001b[33m,\u001b[39m \u001b[33m...\u001b[39margs)\u001b[33m;\u001b[39m\n     \u001b[90m     |\u001b[39m                   \u001b[31m\u001b[1m^\u001b[22m\u001b[39m\n     \u001b[90m 210 |\u001b[39m   }\u001b[33m;\u001b[39m\n     \u001b[90m 211 |\u001b[39m   \n     \u001b[90m 212 |\u001b[39m   console\u001b[33m.\u001b[39mwarn \u001b[33m=\u001b[39m (\u001b[33m...\u001b[39margs) \u001b[33m=>\u001b[39m {\u001b[0m\n\n      at console.call [as error] (jest.setup.js:209:19)\n      at FrontendLogger.error [as log] (lib/logger.ts:148:19)\n      at FrontendLogger.log [as error] (lib/logger.ts:215:10)\n      at AuthInterceptor.error [as authenticatedFetch] (lib/auth-interceptor.ts:192:14)\n      at DemoService.fetchWithAuth (services/demoService.ts:80:24)\n      at DemoService.sendChatMessage (services/demoService.ts:115:22)\n      at Object.<anonymous> (__tests__/services/demoService.test.ts:224:7)\n\n  console.error\n    [2025-08-22T21:39:50.473Z] ERROR: Demo service request failed [DemoService] Error: Network error\n        at Object.<anonymous> (C:\\Users\\antho\\OneDrive\\Desktop\\Netra\\netra-core-generation-1\\frontend\\__tests__\\services\\demoService.test.ts:221:46)\n        at Promise.finally.completed (C:\\Users\\antho\\OneDrive\\Desktop\\Netra\\netra-core-generation-1\\frontend\\node_modules\\jest-circus\\build\\jestAdapterInit.js:1559:28)\n        at new Promise (<anonymous>)\n        at callAsyncCircusFn (C:\\Users\\antho\\OneDrive\\Desktop\\Netra\\netra-core-generation-1\\frontend\\node_modules\\jest-circus\\build\\jestAdapterInit.js:1499:10)\n        at _callCircusTest (C:\\Users\\antho\\OneDrive\\Desktop\\Netra\\netra-core-generation-1\\frontend\\node_modules\\jest-circus\\build\\jestAdapterInit.js:1009:40)\n        at processTicksAndRejections (node:internal/process/task_queues:105:5)\n        at _runTest (C:\\Users\\antho\\OneDrive\\Desktop\\Netra\\netra-core-generation-1\\frontend\\node_modules\\jest-circus\\build\\jestAdapterInit.js:949:3)\n        at _runTestsForDescribeBlock (C:\\Users\\antho\\OneDrive\\Desktop\\Netra\\netra-core-generation-1\\frontend\\node_modules\\jest-circus\\build\\jestAdapterInit.js:839:13)\n        at _runTestsForDescribeBlock (C:\\Users\\antho\\OneDrive\\Desktop\\Netra\\netra-core-generation-1\\frontend\\node_modules\\jest-circus\\build\\jestAdapterInit.js:829:11)\n        at _runTestsForDescribeBlock (C:\\Users\\antho\\OneDrive\\Desktop\\Netra\\netra-core-generation-1\\frontend\\node_modules\\jest-circus\\build\\jestAdapterInit.js:829:11)\n        at run (C:\\Users\\antho\\OneDrive\\Desktop\\Netra\\netra-core-generation-1\\frontend\\node_modules\\jest-circus\\build\\jestAdapterInit.js:757:3)\n        at runAndTransformResultsToJestFormat (C:\\Users\\antho\\OneDrive\\Desktop\\Netra\\netra-core-generation-1\\frontend\\node_modules\\jest-circus\\build\\jestAdapterInit.js:1920:21)\n        at jestAdapter (C:\\Users\\antho\\OneDrive\\Desktop\\Netra\\netra-core-generation-1\\frontend\\node_modules\\jest-circus\\build\\runner.js:101:19)\n        at runTestInternal (C:\\Users\\antho\\OneDrive\\Desktop\\Netra\\netra-core-generation-1\\frontend\\node_modules\\jest-runner\\build\\testWorker.js:275:16)\n        at runTest (C:\\Users\\antho\\OneDrive\\Desktop\\Netra\\netra-core-generation-1\\frontend\\node_modules\\jest-runner\\build\\testWorker.js:343:7)\n        at Object.worker (C:\\Users\\antho\\OneDrive\\Desktop\\Netra\\netra-core-generation-1\\frontend\\node_modules\\jest-runner\\build\\testWorker.js:497:12)\n\n    \u001b[0m \u001b[90m 207 |\u001b[39m       \u001b[36mreturn\u001b[39m\u001b[33m;\u001b[39m\n     \u001b[90m 208 |\u001b[39m     }\n    \u001b[31m\u001b[1m>\u001b[22m\u001b[39m\u001b[90m 209 |\u001b[39m     originalError\u001b[33m.\u001b[39mcall(console\u001b[33m,\u001b[39m \u001b[33m...\u001b[39margs)\u001b[33m;\u001b[39m\n     \u001b[90m     |\u001b[39m                   \u001b[31m\u001b[1m^\u001b[22m\u001b[39m\n     \u001b[90m 210 |\u001b[39m   }\u001b[33m;\u001b[39m\n     \u001b[90m 211 |\u001b[39m   \n     \u001b[90m 212 |\u001b[39m   console\u001b[33m.\u001b[39mwarn \u001b[33m=\u001b[39m (\u001b[33m...\u001b[39margs) \u001b[33m=>\u001b[39m {\u001b[0m\n\n      at console.call [as error] (jest.setup.js:209:19)\n      at FrontendLogger.error [as log] (lib/logger.ts:148:19)\n      at FrontendLogger.log [as error] (lib/logger.ts:215:10)\n      at DemoService.error [as fetchWithAuth] (services/demoService.ts:105:14)\n      at DemoService.sendChatMessage (services/demoService.ts:115:22)\n      at Object.<anonymous> (__tests__/services/demoService.test.ts:224:7)\n\n  console.error\n    [2025-08-22T21:39:50.480Z] ERROR: Demo service request failed [DemoService] TypeError: response.text is not a function\n        at DemoService.text [as fetchWithAuth] (C:\\Users\\antho\\OneDrive\\Desktop\\Netra\\netra-core-generation-1\\frontend\\services\\demoService.ts:89:42)\n        at processTicksAndRejections (node:internal/process/task_queues:105:5)\n        at DemoService.calculateROI (C:\\Users\\antho\\OneDrive\\Desktop\\Netra\\netra-core-generation-1\\frontend\\services\\demoService.ts:128:22)\n        at Object.<anonymous> (C:\\Users\\antho\\OneDrive\\Desktop\\Netra\\netra-core-generation-1\\frontend\\__tests__\\services\\demoService.test.ts:270:7)\n\n    \u001b[0m \u001b[90m 207 |\u001b[39m       \u001b[36mreturn\u001b[39m\u001b[33m;\u001b[39m\n     \u001b[90m 208 |\u001b[39m     }\n    \u001b[31m\u001b[1m>\u001b[22m\u001b[39m\u001b[90m 209 |\u001b[39m     originalError\u001b[33m.\u001b[39mcall(console\u001b[33m,\u001b[39m \u001b[33m...\u001b[39margs)\u001b[33m;\u001b[39m\n     \u001b[90m     |\u001b[39m                   \u001b[31m\u001b[1m^\u001b[22m\u001b[39m\n     \u001b[90m 210 |\u001b[39m   }\u001b[33m;\u001b[39m\n     \u001b[90m 211 |\u001b[39m   \n     \u001b[90m 212 |\u001b[39m   console\u001b[33m.\u001b[39mwarn \u001b[33m=\u001b[39m (\u001b[33m...\u001b[39margs) \u001b[33m=>\u001b[39m {\u001b[0m\n\n      at console.call [as error] (jest.setup.js:209:19)\n      at FrontendLogger.error [as log] (lib/logger.ts:148:19)\n      at FrontendLogger.log [as error] (lib/logger.ts:215:10)\n      at DemoService.error [as fetchWithAuth] (services/demoService.ts:105:14)\n      at DemoService.calculateROI (services/demoService.ts:128:22)\n      at Object.<anonymous> (__tests__/services/demoService.test.ts:270:7)\n\n  console.error\n    [2025-08-22T21:39:50.486Z] ERROR: Demo service request failed [DemoService] TypeError: response.text is not a function\n        at DemoService.text [as fetchWithAuth] (C:\\Users\\antho\\OneDrive\\Desktop\\Netra\\netra-core-generation-1\\frontend\\services\\demoService.ts:89:42)\n        at processTicksAndRejections (node:internal/process/task_queues:105:5)\n        at DemoService.calculateROI (C:\\Users\\antho\\OneDrive\\Desktop\\Netra\\netra-core-generation-1\\frontend\\services\\demoService.ts:128:22)\n        at Object.<anonymous> (C:\\Users\\antho\\OneDrive\\Desktop\\Netra\\netra-core-generation-1\\frontend\\__tests__\\services\\demoService.test.ts:282:7)\n\n    \u001b[0m \u001b[90m 207 |\u001b[39m       \u001b[36mreturn\u001b[39m\u001b[33m;\u001b[39m\n     \u001b[90m 208 |\u001b[39m     }\n    \u001b[31m\u001b[1m>\u001b[22m\u001b[39m\u001b[90m 209 |\u001b[39m     originalError\u001b[33m.\u001b[39mcall(console\u001b[33m,\u001b[39m \u001b[33m...\u001b[39margs)\u001b[33m;\u001b[39m\n     \u001b[90m     |\u001b[39m                   \u001b[31m\u001b[1m^\u001b[22m\u001b[39m\n     \u001b[90m 210 |\u001b[39m   }\u001b[33m;\u001b[39m\n     \u001b[90m 211 |\u001b[39m   \n     \u001b[90m 212 |\u001b[39m   console\u001b[33m.\u001b[39mwarn \u001b[33m=\u001b[39m (\u001b[33m...\u001b[39margs) \u001b[33m=>\u001b[39m {\u001b[0m\n\n      at console.call [as error] (jest.setup.js:209:19)\n      at FrontendLogger.error [as log] (lib/logger.ts:148:19)\n      at FrontendLogger.log [as error] (lib/logger.ts:215:10)\n      at DemoService.error [as fetchWithAuth] (services/demoService.ts:105:14)\n      at DemoService.calculateROI (services/demoService.ts:128:22)\n      at Object.<anonymous> (__tests__/services/demoService.test.ts:282:7)\n\n  console.error\n    [2025-08-22T21:39:50.499Z] ERROR: Demo service request failed [DemoService] TypeError: response.text is not a function\n        at DemoService.text [as fetchWithAuth] (C:\\Users\\antho\\OneDrive\\Desktop\\Netra\\netra-core-generation-1\\frontend\\services\\demoService.ts:89:42)\n        at processTicksAndRejections (node:internal/process/task_queues:105:5)\n        at DemoService.exportReport (C:\\Users\\antho\\OneDrive\\Desktop\\Netra\\netra-core-generation-1\\frontend\\services\\demoService.ts:166:22)\n        at Object.<anonymous> (C:\\Users\\antho\\OneDrive\\Desktop\\Netra\\netra-core-generation-1\\frontend\\__tests__\\services\\demoService.test.ts:424:7)\n\n    \u001b[0m \u001b[90m 207 |\u001b[39m       \u001b[36mreturn\u001b[39m\u001b[33m;\u001b[39m\n     \u001b[90m 208 |\u001b[39m     }\n    \u001b[31m\u001b[1m>\u001b[22m\u001b[39m\u001b[90m 209 |\u001b[39m     originalError\u001b[33m.\u001b[39mcall(console\u001b[33m,\u001b[39m \u001b[33m...\u001b[39margs)\u001b[33m;\u001b[39m\n     \u001b[90m     |\u001b[39m                   \u001b[31m\u001b[1m^\u001b[22m\u001b[39m\n     \u001b[90m 210 |\u001b[39m   }\u001b[33m;\u001b[39m\n     \u001b[90m 211 |\u001b[39m   \n     \u001b[90m 212 |\u001b[39m   console\u001b[33m.\u001b[39mwarn \u001b[33m=\u001b[39m (\u001b[33m...\u001b[39margs) \u001b[33m=>\u001b[39m {\u001b[0m\n\n      at console.call [as error] (jest.setup.js:209:19)\n      at FrontendLogger.error [as log] (lib/logger.ts:148:19)\n      at FrontendLogger.log [as error] (lib/logger.ts:215:10)\n      at DemoService.error [as fetchWithAuth] (services/demoService.ts:105:14)\n      at DemoService.exportReport (services/demoService.ts:166:22)\n      at Object.<anonymous> (__tests__/services/demoService.test.ts:424:7)\n\n  console.error\n    [2025-08-22T21:39:50.507Z] ERROR: Demo service request failed [DemoService] TypeError: response.text is not a function\n        at DemoService.text [as fetchWithAuth] (C:\\Users\\antho\\OneDrive\\Desktop\\Netra\\netra-core-generation-1\\frontend\\services\\demoService.ts:89:42)\n        at processTicksAndRejections (node:internal/process/task_queues:105:5)\n        at DemoService.getSessionStatus (C:\\Users\\antho\\OneDrive\\Desktop\\Netra\\netra-core-generation-1\\frontend\\services\\demoService.ts:179:22)\n        at Object.<anonymous> (C:\\Users\\antho\\OneDrive\\Desktop\\Netra\\netra-core-generation-1\\frontend\\__tests__\\services\\demoService.test.ts:466:7)\n\n    \u001b[0m \u001b[90m 207 |\u001b[39m       \u001b[36mreturn\u001b[39m\u001b[33m;\u001b[39m\n     \u001b[90m 208 |\u001b[39m     }\n    \u001b[31m\u001b[1m>\u001b[22m\u001b[39m\u001b[90m 209 |\u001b[39m     originalError\u001b[33m.\u001b[39mcall(console\u001b[33m,\u001b[39m \u001b[33m...\u001b[39margs)\u001b[33m;\u001b[39m\n     \u001b[90m     |\u001b[39m                   \u001b[31m\u001b[1m^\u001b[22m\u001b[39m\n     \u001b[90m 210 |\u001b[39m   }\u001b[33m;\u001b[39m\n     \u001b[90m 211 |\u001b[39m   \n     \u001b[90m 212 |\u001b[39m   console\u001b[33m.\u001b[39mwarn \u001b[33m=\u001b[39m (\u001b[33m...\u001b[39margs) \u001b[33m=>\u001b[39m {\u001b[0m\n\n      at console.call [as error] (jest.setup.js:209:19)\n      at FrontendLogger.error [as log] (lib/logger.ts:148:19)\n      at FrontendLogger.log [as error] (lib/logger.ts:215:10)\n      at DemoService.error [as fetchWithAuth] (services/demoService.ts:105:14)\n      at DemoService.getSessionStatus (services/demoService.ts:179:22)\n      at Object.<anonymous> (__tests__/services/demoService.test.ts:466:7)\n\n  console.error\n    [2025-08-22T21:39:50.517Z] ERROR: Request failed [AuthInterceptor] Error: Request timeout\n        at Object.<anonymous> (C:\\Users\\antho\\OneDrive\\Desktop\\Netra\\netra-core-generation-1\\frontend\\__tests__\\services\\demoService.test.ts:521:46)\n        at Promise.finally.completed (C:\\Users\\antho\\OneDrive\\Desktop\\Netra\\netra-core-generation-1\\frontend\\node_modules\\jest-circus\\build\\jestAdapterInit.js:1559:28)\n        at new Promise (<anonymous>)\n        at callAsyncCircusFn (C:\\Users\\antho\\OneDrive\\Desktop\\Netra\\netra-core-generation-1\\frontend\\node_modules\\jest-circus\\build\\jestAdapterInit.js:1499:10)\n        at _callCircusTest (C:\\Users\\antho\\OneDrive\\Desktop\\Netra\\netra-core-generation-1\\frontend\\node_modules\\jest-circus\\build\\jestAdapterInit.js:1009:40)\n        at processTicksAndRejections (node:internal/process/task_queues:105:5)\n        at _runTest (C:\\Users\\antho\\OneDrive\\Desktop\\Netra\\netra-core-generation-1\\frontend\\node_modules\\jest-circus\\build\\jestAdapterInit.js:949:3)\n        at _runTestsForDescribeBlock (C:\\Users\\antho\\OneDrive\\Desktop\\Netra\\netra-core-generation-1\\frontend\\node_modules\\jest-circus\\build\\jestAdapterInit.js:839:13)\n        at _runTestsForDescribeBlock (C:\\Users\\antho\\OneDrive\\Desktop\\Netra\\netra-core-generation-1\\frontend\\node_modules\\jest-circus\\build\\jestAdapterInit.js:829:11)\n        at _runTestsForDescribeBlock (C:\\Users\\antho\\OneDrive\\Desktop\\Netra\\netra-core-generation-1\\frontend\\node_modules\\jest-circus\\build\\jestAdapterInit.js:829:11)\n        at run (C:\\Users\\antho\\OneDrive\\Desktop\\Netra\\netra-core-generation-1\\frontend\\node_modules\\jest-circus\\build\\jestAdapterInit.js:757:3)\n        at runAndTransformResultsToJestFormat (C:\\Users\\antho\\OneDrive\\Desktop\\Netra\\netra-core-generation-1\\frontend\\node_modules\\jest-circus\\build\\jestAdapterInit.js:1920:21)\n        at jestAdapter (C:\\Users\\antho\\OneDrive\\Desktop\\Netra\\netra-core-generation-1\\frontend\\node_modules\\jest-circus\\build\\runner.js:101:19)\n        at runTestInternal (C:\\Users\\antho\\OneDrive\\Desktop\\Netra\\netra-core-generation-1\\frontend\\node_modules\\jest-runner\\build\\testWorker.js:275:16)\n        at runTest (C:\\Users\\antho\\OneDrive\\Desktop\\Netra\\netra-core-generation-1\\frontend\\node_modules\\jest-runner\\build\\testWorker.js:343:7)\n        at Object.worker (C:\\Users\\antho\\OneDrive\\Desktop\\Netra\\netra-core-generation-1\\frontend\\node_modules\\jest-runner\\build\\testWorker.js:497:12)\n\n    \u001b[0m \u001b[90m 207 |\u001b[39m       \u001b[36mreturn\u001b[39m\u001b[33m;\u001b[39m\n     \u001b[90m 208 |\u001b[39m     }\n    \u001b[31m\u001b[1m>\u001b[22m\u001b[39m\u001b[90m 209 |\u001b[39m     originalError\u001b[33m.\u001b[39mcall(console\u001b[33m,\u001b[39m \u001b[33m...\u001b[39margs)\u001b[33m;\u001b[39m\n     \u001b[90m     |\u001b[39m                   \u001b[31m\u001b[1m^\u001b[22m\u001b[39m\n     \u001b[90m 210 |\u001b[39m   }\u001b[33m;\u001b[39m\n     \u001b[90m 211 |\u001b[39m   \n     \u001b[90m 212 |\u001b[39m   console\u001b[33m.\u001b[39mwarn \u001b[33m=\u001b[39m (\u001b[33m...\u001b[39margs) \u001b[33m=>\u001b[39m {\u001b[0m\n\n      at console.call [as error] (jest.setup.js:209:19)\n      at FrontendLogger.error [as log] (lib/logger.ts:148:19)\n      at FrontendLogger.log [as error] (lib/logger.ts:215:10)\n      at AuthInterceptor.error [as authenticatedFetch] (lib/auth-interceptor.ts:192:14)\n      at DemoService.fetchWithAuth (services/demoService.ts:80:24)\n      at DemoService.sendChatMessage (services/demoService.ts:115:22)\n      at Object.<anonymous> (__tests__/services/demoService.test.ts:524:7)\n\n  console.error\n    [2025-08-22T21:39:50.520Z] ERROR: Demo service request failed [DemoService] Error: Request timeout\n        at Object.<anonymous> (C:\\Users\\antho\\OneDrive\\Desktop\\Netra\\netra-core-generation-1\\frontend\\__tests__\\services\\demoService.test.ts:521:46)\n        at Promise.finally.completed (C:\\Users\\antho\\OneDrive\\Desktop\\Netra\\netra-core-generation-1\\frontend\\node_modules\\jest-circus\\build\\jestAdapterInit.js:1559:28)\n        at new Promise (<anonymous>)\n        at callAsyncCircusFn (C:\\Users\\antho\\OneDrive\\Desktop\\Netra\\netra-core-generation-1\\frontend\\node_modules\\jest-circus\\build\\jestAdapterInit.js:1499:10)\n        at _callCircusTest (C:\\Users\\antho\\OneDrive\\Desktop\\Netra\\netra-core-generation-1\\frontend\\node_modules\\jest-circus\\build\\jestAdapterInit.js:1009:40)\n        at processTicksAndRejections (node:internal/process/task_queues:105:5)\n        at _runTest (C:\\Users\\antho\\OneDrive\\Desktop\\Netra\\netra-core-generation-1\\frontend\\node_modules\\jest-circus\\build\\jestAdapterInit.js:949:3)\n        at _runTestsForDescribeBlock (C:\\Users\\antho\\OneDrive\\Desktop\\Netra\\netra-core-generation-1\\frontend\\node_modules\\jest-circus\\build\\jestAdapterInit.js:839:13)\n        at _runTestsForDescribeBlock (C:\\Users\\antho\\OneDrive\\Desktop\\Netra\\netra-core-generation-1\\frontend\\node_modules\\jest-circus\\build\\jestAdapterInit.js:829:11)\n        at _runTestsForDescribeBlock (C:\\Users\\antho\\OneDrive\\Desktop\\Netra\\netra-core-generation-1\\frontend\\node_modules\\jest-circus\\build\\jestAdapterInit.js:829:11)\n        at run (C:\\Users\\antho\\OneDrive\\Desktop\\Netra\\netra-core-generation-1\\frontend\\node_modules\\jest-circus\\build\\jestAdapterInit.js:757:3)\n        at runAndTransformResultsToJestFormat (C:\\Users\\antho\\OneDrive\\Desktop\\Netra\\netra-core-generation-1\\frontend\\node_modules\\jest-circus\\build\\jestAdapterInit.js:1920:21)\n        at jestAdapter (C:\\Users\\antho\\OneDrive\\Desktop\\Netra\\netra-core-generation-1\\frontend\\node_modules\\jest-circus\\build\\runner.js:101:19)\n        at runTestInternal (C:\\Users\\antho\\OneDrive\\Desktop\\Netra\\netra-core-generation-1\\frontend\\node_modules\\jest-runner\\build\\testWorker.js:275:16)\n        at runTest (C:\\Users\\antho\\OneDrive\\Desktop\\Netra\\netra-core-generation-1\\frontend\\node_modules\\jest-runner\\build\\testWorker.js:343:7)\n        at Object.worker (C:\\Users\\antho\\OneDrive\\Desktop\\Netra\\netra-core-generation-1\\frontend\\node_modules\\jest-runner\\build\\testWorker.js:497:12)\n\n    \u001b[0m \u001b[90m 207 |\u001b[39m       \u001b[36mreturn\u001b[39m\u001b[33m;\u001b[39m\n     \u001b[90m 208 |\u001b[39m     }\n    \u001b[31m\u001b[1m>\u001b[22m\u001b[39m\u001b[90m 209 |\u001b[39m     originalError\u001b[33m.\u001b[39mcall(console\u001b[33m,\u001b[39m \u001b[33m...\u001b[39margs)\u001b[33m;\u001b[39m\n     \u001b[90m     |\u001b[39m                   \u001b[31m\u001b[1m^\u001b[22m\u001b[39m\n     \u001b[90m 210 |\u001b[39m   }\u001b[33m;\u001b[39m\n     \u001b[90m 211 |\u001b[39m   \n     \u001b[90m 212 |\u001b[39m   console\u001b[33m.\u001b[39mwarn \u001b[33m=\u001b[39m (\u001b[33m...\u001b[39margs) \u001b[33m=>\u001b[39m {\u001b[0m\n\n      at console.call [as error] (jest.setup.js:209:19)\n      at FrontendLogger.error [as log] (lib/logger.ts:148:19)\n      at FrontendLogger.log [as error] (lib/logger.ts:215:10)\n      at DemoService.error [as fetchWithAuth] (services/demoService.ts:105:14)\n      at DemoService.sendChatMessage (services/demoService.ts:115:22)\n      at Object.<anonymous> (__tests__/services/demoService.test.ts:524:7)\n\n",
      "errors": "FAIL Integration Tests __tests__/integration/comprehensive/error-recovery.test.tsx\n  \u25cf Test suite failed to run\n\n    Cannot find module './test-utils' from '__tests__/integration/comprehensive/error-recovery.test.tsx'\n\n    \u001b[0m \u001b[90m 24 |\u001b[39m\n     \u001b[90m 25 |\u001b[39m \u001b[90m// Apply Next.js navigation mock\u001b[39m\n    \u001b[31m\u001b[1m>\u001b[22m\u001b[39m\u001b[90m 26 |\u001b[39m jest\u001b[33m.\u001b[39mmock(\u001b[32m'next/navigation'\u001b[39m\u001b[33m,\u001b[39m () \u001b[33m=>\u001b[39m ({\n     \u001b[90m    |\u001b[39m                    \u001b[31m\u001b[1m^\u001b[22m\u001b[39m\n     \u001b[90m 27 |\u001b[39m   useRouter\u001b[33m:\u001b[39m () \u001b[33m=>\u001b[39m ({\n     \u001b[90m 28 |\u001b[39m     push\u001b[33m:\u001b[39m jest\u001b[33m.\u001b[39mfn()\u001b[33m,\u001b[39m\n     \u001b[90m 29 |\u001b[39m     replace\u001b[33m:\u001b[39m jest\u001b[33m.\u001b[39mfn()\u001b[33m,\u001b[39m\u001b[0m\n\n      at Resolver._throwModNotFoundError (node_modules/jest-resolve/build/index.js:863:11)\n      at Object.<anonymous> (__tests__/integration/comprehensive/error-recovery.test.tsx:26:20)\n\nFAIL Integration Tests __tests__/services/demoService.test.ts\n  DemoService\n    Authentication Handling\n      \u00d7 should include auth header when token exists (7 ms)\n      \u00d7 should handle requests without auth token (3 ms)\n      \u00d7 should redirect to login on 401 response (110 ms)\n      \u00d7 should not redirect on other error codes (7 ms)\n    Chat Message Handling\n      \u221a should send chat message successfully (1 ms)\n      \u221a should handle chat message with minimal data (2 ms)\n      \u221a should handle chat message network errors (8 ms)\n    ROI Calculation - Business Critical\n      \u221a should calculate ROI accurately for enterprise prospects (1 ms)\n      \u221a should validate ROI calculation input bounds (1 ms)\n      \u00d7 should handle ROI calculation server errors gracefully (6 ms)\n      \u00d7 should handle malformed ROI input data (5 ms)\n    Industry Templates\n      \u221a should fetch industry templates successfully (1 ms)\n      \u221a should handle special characters in industry names (1 ms)\n      \u221a should handle empty industry templates response\n    Synthetic Metrics Generation\n      \u221a should generate synthetic metrics with default parameters (2 ms)\n      \u221a should generate synthetic metrics with custom parameters (1 ms)\n      \u221a should validate performance improvement metrics (1 ms)\n    Report Export - Enterprise Feature\n      \u221a should export report successfully (1 ms)\n      \u221a should handle different export formats (1 ms)\n      \u00d7 should handle export failures gracefully (5 ms)\n    Session Management\n      \u221a should get session status successfully (1 ms)\n      \u221a should submit feedback successfully\n      \u00d7 should handle session status for non-existent session (5 ms)\n    Analytics Summary\n      \u221a should get analytics summary with default period (1 ms)\n      \u221a should get analytics summary with custom period (1 ms)\n      \u221a should validate analytics data format (2 ms)\n    Error Handling and Edge Cases\n      \u221a should handle network timeouts gracefully (7 ms)\n      \u221a should handle malformed JSON responses\n      \u221a should handle concurrent requests correctly (1 ms)\n\n  \u25cf DemoService \u203a Authentication Handling \u203a should include auth header when token exists\n\n    expect(jest.fn()).toHaveBeenCalledWith(...expected)\n\n    Expected: StringContaining \"/api/demo/chat\", ObjectContaining {\"headers\": ObjectContaining {\"Authorization\": \"Bearer valid-token\"}}\n    Received: \"http://localhost:8081/api/demo/chat\", {\"body\": \"{\\\"message\\\":\\\"What are the cost savings for Financial Services?\\\",\\\"industry\\\":\\\"Financial Services\\\",\\\"session_id\\\":\\\"demo-session-123\\\",\\\"context\\\":{\\\"user_type\\\":\\\"enterprise_prospect\\\"}}\", \"headers\": {\"Authorization\": \"Bearer mock-token\", \"Content-Type\": \"application/json\"}, \"method\": \"POST\"}\n\n    Number of calls: 1\n\n    \u001b[0m \u001b[90m 128 |\u001b[39m       \u001b[36mawait\u001b[39m demoService\u001b[33m.\u001b[39msendChatMessage(request)\u001b[33m;\u001b[39m\n     \u001b[90m 129 |\u001b[39m\n    \u001b[31m\u001b[1m>\u001b[22m\u001b[39m\u001b[90m 130 |\u001b[39m       expect(fetch)\u001b[33m.\u001b[39mtoHaveBeenCalledWith(\n     \u001b[90m     |\u001b[39m                     \u001b[31m\u001b[1m^\u001b[22m\u001b[39m\n     \u001b[90m 131 |\u001b[39m         expect\u001b[33m.\u001b[39mstringContaining(\u001b[32m'/api/demo/chat'\u001b[39m)\u001b[33m,\u001b[39m\n     \u001b[90m 132 |\u001b[39m         expect\u001b[33m.\u001b[39mobjectContaining({\n     \u001b[90m 133 |\u001b[39m           headers\u001b[33m:\u001b[39m expect\u001b[33m.\u001b[39mobjectContaining({\u001b[0m\n\n      at Object.toHaveBeenCalledWith (__tests__/services/demoService.test.ts:130:21)\n\n  \u25cf DemoService \u203a Authentication Handling \u203a should handle requests without auth token\n\n    expect(jest.fn()).toHaveBeenCalledWith(...expected)\n\n    Expected: StringContaining \"/api/demo/chat\", ObjectContaining {\"headers\": ObjectNotContaining {\"Authorization\": Any<String>}}\n    Received: \"http://localhost:8081/api/demo/chat\", {\"body\": \"{\\\"message\\\":\\\"What are the cost savings for Financial Services?\\\",\\\"industry\\\":\\\"Financial Services\\\",\\\"session_id\\\":\\\"demo-session-123\\\",\\\"context\\\":{\\\"user_type\\\":\\\"enterprise_prospect\\\"}}\", \"headers\": {\"Authorization\": \"Bearer mock-token\", \"Content-Type\": \"application/json\"}, \"method\": \"POST\"}\n\n    Number of calls: 1\n\n    \u001b[0m \u001b[90m 146 |\u001b[39m       \u001b[36mawait\u001b[39m demoService\u001b[33m.\u001b[39msendChatMessage(request)\u001b[33m;\u001b[39m\n     \u001b[90m 147 |\u001b[39m\n    \u001b[31m\u001b[1m>\u001b[22m\u001b[39m\u001b[90m 148 |\u001b[39m       expect(fetch)\u001b[33m.\u001b[39mtoHaveBeenCalledWith(\n     \u001b[90m     |\u001b[39m                     \u001b[31m\u001b[1m^\u001b[22m\u001b[39m\n     \u001b[90m 149 |\u001b[39m         expect\u001b[33m.\u001b[39mstringContaining(\u001b[32m'/api/demo/chat'\u001b[39m)\u001b[33m,\u001b[39m\n     \u001b[90m 150 |\u001b[39m         expect\u001b[33m.\u001b[39mobjectContaining({\n     \u001b[90m 151 |\u001b[39m           headers\u001b[33m:\u001b[39m expect\u001b[33m.\u001b[39mnot\u001b[33m.\u001b[39mobjectContaining({\u001b[0m\n\n      at Object.toHaveBeenCalledWith (__tests__/services/demoService.test.ts:148:21)\n\n  \u25cf DemoService \u203a Authentication Handling \u203a should redirect to login on 401 response\n\n    expect(received).rejects.toThrow(expected)\n\n    Expected substring: \"Unauthorized\"\n    Received message:   \"response.text is not a function\"\n\n        \u001b[0m \u001b[90m 87 |\u001b[39m       \n         \u001b[90m 88 |\u001b[39m       \u001b[36mif\u001b[39m (\u001b[33m!\u001b[39mresponse\u001b[33m.\u001b[39mok) {\n        \u001b[31m\u001b[1m>\u001b[22m\u001b[39m\u001b[90m 89 |\u001b[39m         \u001b[36mconst\u001b[39m errorData \u001b[33m=\u001b[39m \u001b[36mawait\u001b[39m response\u001b[33m.\u001b[39mtext()\u001b[33m;\u001b[39m\n         \u001b[90m    |\u001b[39m                                          \u001b[31m\u001b[1m^\u001b[22m\u001b[39m\n         \u001b[90m 90 |\u001b[39m         \u001b[36mlet\u001b[39m errorMessage\u001b[33m:\u001b[39m string\u001b[33m;\u001b[39m\n         \u001b[90m 91 |\u001b[39m         \u001b[36mtry\u001b[39m {\n         \u001b[90m 92 |\u001b[39m           \u001b[36mconst\u001b[39m parsed \u001b[33m=\u001b[39m \u001b[33mJSON\u001b[39m\u001b[33m.\u001b[39mparse(errorData)\u001b[33m;\u001b[39m\u001b[0m\n\n      at DemoService.text [as fetchWithAuth] (services/demoService.ts:89:42)\n      at DemoService.sendChatMessage (services/demoService.ts:115:22)\n      at Object.<anonymous> (__tests__/services/demoService.test.ts:164:7)\n      at Object.toThrow (node_modules/expect/build/index.js:2155:20)\n      at Object.toThrow (__tests__/services/demoService.test.ts:164:66)\n\n  \u25cf DemoService \u203a Authentication Handling \u203a should not redirect on other error codes\n\n    expect(received).rejects.toThrow(expected)\n\n    Expected substring: \"Failed to send demo chat message: Server Error\"\n    Received message:   \"response.text is not a function\"\n\n        \u001b[0m \u001b[90m 87 |\u001b[39m       \n         \u001b[90m 88 |\u001b[39m       \u001b[36mif\u001b[39m (\u001b[33m!\u001b[39mresponse\u001b[33m.\u001b[39mok) {\n        \u001b[31m\u001b[1m>\u001b[22m\u001b[39m\u001b[90m 89 |\u001b[39m         \u001b[36mconst\u001b[39m errorData \u001b[33m=\u001b[39m \u001b[36mawait\u001b[39m response\u001b[33m.\u001b[39mtext()\u001b[33m;\u001b[39m\n         \u001b[90m    |\u001b[39m                                          \u001b[31m\u001b[1m^\u001b[22m\u001b[39m\n         \u001b[90m 90 |\u001b[39m         \u001b[36mlet\u001b[39m errorMessage\u001b[33m:\u001b[39m string\u001b[33m;\u001b[39m\n         \u001b[90m 91 |\u001b[39m         \u001b[36mtry\u001b[39m {\n         \u001b[90m 92 |\u001b[39m           \u001b[36mconst\u001b[39m parsed \u001b[33m=\u001b[39m \u001b[33mJSON\u001b[39m\u001b[33m.\u001b[39mparse(errorData)\u001b[33m;\u001b[39m\u001b[0m\n\n      at DemoService.text [as fetchWithAuth] (services/demoService.ts:89:42)\n      at DemoService.sendChatMessage (services/demoService.ts:115:22)\n      at Object.<anonymous> (__tests__/services/demoService.test.ts:175:7)\n      at Object.toThrow (node_modules/expect/build/index.js:2155:20)\n      at Object.toThrow (__tests__/services/demoService.test.ts:175:66)\n\n  \u25cf DemoService \u203a ROI Calculation - Business Critical \u203a should handle ROI calculation server errors gracefully\n\n    expect(received).rejects.toThrow(expected)\n\n    Expected substring: \"Failed to calculate ROI: Calculation Error\"\n    Received message:   \"response.text is not a function\"\n\n        \u001b[0m \u001b[90m 87 |\u001b[39m       \n         \u001b[90m 88 |\u001b[39m       \u001b[36mif\u001b[39m (\u001b[33m!\u001b[39mresponse\u001b[33m.\u001b[39mok) {\n        \u001b[31m\u001b[1m>\u001b[22m\u001b[39m\u001b[90m 89 |\u001b[39m         \u001b[36mconst\u001b[39m errorData \u001b[33m=\u001b[39m \u001b[36mawait\u001b[39m response\u001b[33m.\u001b[39mtext()\u001b[33m;\u001b[39m\n         \u001b[90m    |\u001b[39m                                          \u001b[31m\u001b[1m^\u001b[22m\u001b[39m\n         \u001b[90m 90 |\u001b[39m         \u001b[36mlet\u001b[39m errorMessage\u001b[33m:\u001b[39m string\u001b[33m;\u001b[39m\n         \u001b[90m 91 |\u001b[39m         \u001b[36mtry\u001b[39m {\n         \u001b[90m 92 |\u001b[39m           \u001b[36mconst\u001b[39m parsed \u001b[33m=\u001b[39m \u001b[33mJSON\u001b[39m\u001b[33m.\u001b[39mparse(errorData)\u001b[33m;\u001b[39m\u001b[0m\n\n      at DemoService.text [as fetchWithAuth] (services/demoService.ts:89:42)\n      at DemoService.calculateROI (services/demoService.ts:128:22)\n      at Object.<anonymous> (__tests__/services/demoService.test.ts:270:7)\n      at Object.toThrow (node_modules/expect/build/index.js:2155:20)\n      at Object.toThrow (__tests__/services/demoService.test.ts:270:63)\n\n  \u25cf DemoService \u203a ROI Calculation - Business Critical \u203a should handle malformed ROI input data\n\n    expect(received).rejects.toThrow(expected)\n\n    Expected substring: \"Failed to calculate ROI: Bad Request\"\n    Received message:   \"response.text is not a function\"\n\n        \u001b[0m \u001b[90m 87 |\u001b[39m       \n         \u001b[90m 88 |\u001b[39m       \u001b[36mif\u001b[39m (\u001b[33m!\u001b[39mresponse\u001b[33m.\u001b[39mok) {\n        \u001b[31m\u001b[1m>\u001b[22m\u001b[39m\u001b[90m 89 |\u001b[39m         \u001b[36mconst\u001b[39m errorData \u001b[33m=\u001b[39m \u001b[36mawait\u001b[39m response\u001b[33m.\u001b[39mtext()\u001b[33m;\u001b[39m\n         \u001b[90m    |\u001b[39m                                          \u001b[31m\u001b[1m^\u001b[22m\u001b[39m\n         \u001b[90m 90 |\u001b[39m         \u001b[36mlet\u001b[39m errorMessage\u001b[33m:\u001b[39m string\u001b[33m;\u001b[39m\n         \u001b[90m 91 |\u001b[39m         \u001b[36mtry\u001b[39m {\n         \u001b[90m 92 |\u001b[39m           \u001b[36mconst\u001b[39m parsed \u001b[33m=\u001b[39m \u001b[33mJSON\u001b[39m\u001b[33m.\u001b[39mparse(errorData)\u001b[33m;\u001b[39m\u001b[0m\n\n      at DemoService.text [as fetchWithAuth] (services/demoService.ts:89:42)\n      at DemoService.calculateROI (services/demoService.ts:128:22)\n      at Object.<anonymous> (__tests__/services/demoService.test.ts:282:7)\n      at Object.toThrow (node_modules/expect/build/index.js:2155:20)\n      at Object.toThrow (__tests__/services/demoService.test.ts:282:70)\n\n  \u25cf DemoService \u203a Report Export - Enterprise Feature \u203a should handle export failures gracefully\n\n    expect(received).rejects.toThrow(expected)\n\n    Expected substring: \"Failed to export report: Service Unavailable\"\n    Received message:   \"response.text is not a function\"\n\n        \u001b[0m \u001b[90m 87 |\u001b[39m       \n         \u001b[90m 88 |\u001b[39m       \u001b[36mif\u001b[39m (\u001b[33m!\u001b[39mresponse\u001b[33m.\u001b[39mok) {\n        \u001b[31m\u001b[1m>\u001b[22m\u001b[39m\u001b[90m 89 |\u001b[39m         \u001b[36mconst\u001b[39m errorData \u001b[33m=\u001b[39m \u001b[36mawait\u001b[39m response\u001b[33m.\u001b[39mtext()\u001b[33m;\u001b[39m\n         \u001b[90m    |\u001b[39m                                          \u001b[31m\u001b[1m^\u001b[22m\u001b[39m\n         \u001b[90m 90 |\u001b[39m         \u001b[36mlet\u001b[39m errorMessage\u001b[33m:\u001b[39m string\u001b[33m;\u001b[39m\n         \u001b[90m 91 |\u001b[39m         \u001b[36mtry\u001b[39m {\n         \u001b[90m 92 |\u001b[39m           \u001b[36mconst\u001b[39m parsed \u001b[33m=\u001b[39m \u001b[33mJSON\u001b[39m\u001b[33m.\u001b[39mparse(errorData)\u001b[33m;\u001b[39m\u001b[0m\n\n      at DemoService.text [as fetchWithAuth] (services/demoService.ts:89:42)\n      at DemoService.exportReport (services/demoService.ts:166:22)\n      at Object.<anonymous> (__tests__/services/demoService.test.ts:424:7)\n      at Object.toThrow (node_modules/expect/build/index.js:2155:20)\n      at Object.toThrow (__tests__/services/demoService.test.ts:424:69)\n\n  \u25cf DemoService \u203a Session Management \u203a should handle session status for non-existent session\n\n    expect(received).rejects.toThrow(expected)\n\n    Expected substring: \"Failed to get session status: Session Not Found\"\n    Received message:   \"response.text is not a function\"\n\n        \u001b[0m \u001b[90m 87 |\u001b[39m       \n         \u001b[90m 88 |\u001b[39m       \u001b[36mif\u001b[39m (\u001b[33m!\u001b[39mresponse\u001b[33m.\u001b[39mok) {\n        \u001b[31m\u001b[1m>\u001b[22m\u001b[39m\u001b[90m 89 |\u001b[39m         \u001b[36mconst\u001b[39m errorData \u001b[33m=\u001b[39m \u001b[36mawait\u001b[39m response\u001b[33m.\u001b[39mtext()\u001b[33m;\u001b[39m\n         \u001b[90m    |\u001b[39m                                          \u001b[31m\u001b[1m^\u001b[22m\u001b[39m\n         \u001b[90m 90 |\u001b[39m         \u001b[36mlet\u001b[39m errorMessage\u001b[33m:\u001b[39m string\u001b[33m;\u001b[39m\n         \u001b[90m 91 |\u001b[39m         \u001b[36mtry\u001b[39m {\n         \u001b[90m 92 |\u001b[39m           \u001b[36mconst\u001b[39m parsed \u001b[33m=\u001b[39m \u001b[33mJSON\u001b[39m\u001b[33m.\u001b[39mparse(errorData)\u001b[33m;\u001b[39m\u001b[0m\n\n      at DemoService.text [as fetchWithAuth] (services/demoService.ts:89:42)\n      at DemoService.getSessionStatus (services/demoService.ts:179:22)\n      at Object.<anonymous> (__tests__/services/demoService.test.ts:466:7)\n      at Object.toThrow (node_modules/expect/build/index.js:2155:20)\n      at Object.toThrow (__tests__/services/demoService.test.ts:466:77)\n\nSummary of all failing tests\nFAIL __tests__/integration/comprehensive/error-recovery.test.tsx\n  \u25cf Test suite failed to run\n\n    Cannot find module './test-utils' from '__tests__/integration/comprehensive/error-recovery.test.tsx'\n\n    \u001b[0m \u001b[90m 24 |\u001b[39m\n     \u001b[90m 25 |\u001b[39m \u001b[90m// Apply Next.js navigation mock\u001b[39m\n    \u001b[31m\u001b[1m>\u001b[22m\u001b[39m\u001b[90m 26 |\u001b[39m jest\u001b[33m.\u001b[39mmock(\u001b[32m'next/navigation'\u001b[39m\u001b[33m,\u001b[39m () \u001b[33m=>\u001b[39m ({\n     \u001b[90m    |\u001b[39m                    \u001b[31m\u001b[1m^\u001b[22m\u001b[39m\n     \u001b[90m 27 |\u001b[39m   useRouter\u001b[33m:\u001b[39m () \u001b[33m=>\u001b[39m ({\n     \u001b[90m 28 |\u001b[39m     push\u001b[33m:\u001b[39m jest\u001b[33m.\u001b[39mfn()\u001b[33m,\u001b[39m\n     \u001b[90m 29 |\u001b[39m     replace\u001b[33m:\u001b[39m jest\u001b[33m.\u001b[39mfn()\u001b[33m,\u001b[39m\u001b[0m\n\n      at Resolver._throwModNotFoundError (node_modules/jest-resolve/build/index.js:863:11)\n      at Object.<anonymous> (__tests__/integration/comprehensive/error-recovery.test.tsx:26:20)\n\nFAIL __tests__/services/demoService.test.ts\n  \u25cf DemoService \u203a Authentication Handling \u203a should include auth header when token exists\n\n    expect(jest.fn()).toHaveBeenCalledWith(...expected)\n\n    Expected: StringContaining \"/api/demo/chat\", ObjectContaining {\"headers\": ObjectContaining {\"Authorization\": \"Bearer valid-token\"}}\n    Received: \"http://localhost:8081/api/demo/chat\", {\"body\": \"{\\\"message\\\":\\\"What are the cost savings for Financial Services?\\\",\\\"industry\\\":\\\"Financial Services\\\",\\\"session_id\\\":\\\"demo-session-123\\\",\\\"context\\\":{\\\"user_type\\\":\\\"enterprise_prospect\\\"}}\", \"headers\": {\"Authorization\": \"Bearer mock-token\", \"Content-Type\": \"application/json\"}, \"method\": \"POST\"}\n\n    Number of calls: 1\n\n    \u001b[0m \u001b[90m 128 |\u001b[39m       \u001b[36mawait\u001b[39m demoService\u001b[33m.\u001b[39msendChatMessage(request)\u001b[33m;\u001b[39m\n     \u001b[90m 129 |\u001b[39m\n    \u001b[31m\u001b[1m>\u001b[22m\u001b[39m\u001b[90m 130 |\u001b[39m       expect(fetch)\u001b[33m.\u001b[39mtoHaveBeenCalledWith(\n     \u001b[90m     |\u001b[39m                     \u001b[31m\u001b[1m^\u001b[22m\u001b[39m\n     \u001b[90m 131 |\u001b[39m         expect\u001b[33m.\u001b[39mstringContaining(\u001b[32m'/api/demo/chat'\u001b[39m)\u001b[33m,\u001b[39m\n     \u001b[90m 132 |\u001b[39m         expect\u001b[33m.\u001b[39mobjectContaining({\n     \u001b[90m 133 |\u001b[39m           headers\u001b[33m:\u001b[39m expect\u001b[33m.\u001b[39mobjectContaining({\u001b[0m\n\n      at Object.toHaveBeenCalledWith (__tests__/services/demoService.test.ts:130:21)\n\n  \u25cf DemoService \u203a Authentication Handling \u203a should handle requests without auth token\n\n    expect(jest.fn()).toHaveBeenCalledWith(...expected)\n\n    Expected: StringContaining \"/api/demo/chat\", ObjectContaining {\"headers\": ObjectNotContaining {\"Authorization\": Any<String>}}\n    Received: \"http://localhost:8081/api/demo/chat\", {\"body\": \"{\\\"message\\\":\\\"What are the cost savings for Financial Services?\\\",\\\"industry\\\":\\\"Financial Services\\\",\\\"session_id\\\":\\\"demo-session-123\\\",\\\"context\\\":{\\\"user_type\\\":\\\"enterprise_prospect\\\"}}\", \"headers\": {\"Authorization\": \"Bearer mock-token\", \"Content-Type\": \"application/json\"}, \"method\": \"POST\"}\n\n    Number of calls: 1\n\n    \u001b[0m \u001b[90m 146 |\u001b[39m       \u001b[36mawait\u001b[39m demoService\u001b[33m.\u001b[39msendChatMessage(request)\u001b[33m;\u001b[39m\n     \u001b[90m 147 |\u001b[39m\n    \u001b[31m\u001b[1m>\u001b[22m\u001b[39m\u001b[90m 148 |\u001b[39m       expect(fetch)\u001b[33m.\u001b[39mtoHaveBeenCalledWith(\n     \u001b[90m     |\u001b[39m                     \u001b[31m\u001b[1m^\u001b[22m\u001b[39m\n     \u001b[90m 149 |\u001b[39m         expect\u001b[33m.\u001b[39mstringContaining(\u001b[32m'/api/demo/chat'\u001b[39m)\u001b[33m,\u001b[39m\n     \u001b[90m 150 |\u001b[39m         expect\u001b[33m.\u001b[39mobjectContaining({\n     \u001b[90m 151 |\u001b[39m           headers\u001b[33m:\u001b[39m expect\u001b[33m.\u001b[39mnot\u001b[33m.\u001b[39mobjectContaining({\u001b[0m\n\n      at Object.toHaveBeenCalledWith (__tests__/services/demoService.test.ts:148:21)\n\n  \u25cf DemoService \u203a Authentication Handling \u203a should redirect to login on 401 response\n\n    expect(received).rejects.toThrow(expected)\n\n    Expected substring: \"Unauthorized\"\n    Received message:   \"response.text is not a function\"\n\n        \u001b[0m \u001b[90m 87 |\u001b[39m       \n         \u001b[90m 88 |\u001b[39m       \u001b[36mif\u001b[39m (\u001b[33m!\u001b[39mresponse\u001b[33m.\u001b[39mok) {\n        \u001b[31m\u001b[1m>\u001b[22m\u001b[39m\u001b[90m 89 |\u001b[39m         \u001b[36mconst\u001b[39m errorData \u001b[33m=\u001b[39m \u001b[36mawait\u001b[39m response\u001b[33m.\u001b[39mtext()\u001b[33m;\u001b[39m\n         \u001b[90m    |\u001b[39m                                          \u001b[31m\u001b[1m^\u001b[22m\u001b[39m\n         \u001b[90m 90 |\u001b[39m         \u001b[36mlet\u001b[39m errorMessage\u001b[33m:\u001b[39m string\u001b[33m;\u001b[39m\n         \u001b[90m 91 |\u001b[39m         \u001b[36mtry\u001b[39m {\n         \u001b[90m 92 |\u001b[39m           \u001b[36mconst\u001b[39m parsed \u001b[33m=\u001b[39m \u001b[33mJSON\u001b[39m\u001b[33m.\u001b[39mparse(errorData)\u001b[33m;\u001b[39m\u001b[0m\n\n      at DemoService.text [as fetchWithAuth] (services/demoService.ts:89:42)\n      at DemoService.sendChatMessage (services/demoService.ts:115:22)\n      at Object.<anonymous> (__tests__/services/demoService.test.ts:164:7)\n      at Object.toThrow (node_modules/expect/build/index.js:2155:20)\n      at Object.toThrow (__tests__/services/demoService.test.ts:164:66)\n\n  \u25cf DemoService \u203a Authentication Handling \u203a should not redirect on other error codes\n\n    expect(received).rejects.toThrow(expected)\n\n    Expected substring: \"Failed to send demo chat message: Server Error\"\n    Received message:   \"response.text is not a function\"\n\n        \u001b[0m \u001b[90m 87 |\u001b[39m       \n         \u001b[90m 88 |\u001b[39m       \u001b[36mif\u001b[39m (\u001b[33m!\u001b[39mresponse\u001b[33m.\u001b[39mok) {\n        \u001b[31m\u001b[1m>\u001b[22m\u001b[39m\u001b[90m 89 |\u001b[39m         \u001b[36mconst\u001b[39m errorData \u001b[33m=\u001b[39m \u001b[36mawait\u001b[39m response\u001b[33m.\u001b[39mtext()\u001b[33m;\u001b[39m\n         \u001b[90m    |\u001b[39m                                          \u001b[31m\u001b[1m^\u001b[22m\u001b[39m\n         \u001b[90m 90 |\u001b[39m         \u001b[36mlet\u001b[39m errorMessage\u001b[33m:\u001b[39m string\u001b[33m;\u001b[39m\n         \u001b[90m 91 |\u001b[39m         \u001b[36mtry\u001b[39m {\n         \u001b[90m 92 |\u001b[39m           \u001b[36mconst\u001b[39m parsed \u001b[33m=\u001b[39m \u001b[33mJSON\u001b[39m\u001b[33m.\u001b[39mparse(errorData)\u001b[33m;\u001b[39m\u001b[0m\n\n      at DemoService.text [as fetchWithAuth] (services/demoService.ts:89:42)\n      at DemoService.sendChatMessage (services/demoService.ts:115:22)\n      at Object.<anonymous> (__tests__/services/demoService.test.ts:175:7)\n      at Object.toThrow (node_modules/expect/build/index.js:2155:20)\n      at Object.toThrow (__tests__/services/demoService.test.ts:175:66)\n\n  \u25cf DemoService \u203a ROI Calculation - Business Critical \u203a should handle ROI calculation server errors gracefully\n\n    expect(received).rejects.toThrow(expected)\n\n    Expected substring: \"Failed to calculate ROI: Calculation Error\"\n    Received message:   \"response.text is not a function\"\n\n        \u001b[0m \u001b[90m 87 |\u001b[39m       \n         \u001b[90m 88 |\u001b[39m       \u001b[36mif\u001b[39m (\u001b[33m!\u001b[39mresponse\u001b[33m.\u001b[39mok) {\n        \u001b[31m\u001b[1m>\u001b[22m\u001b[39m\u001b[90m 89 |\u001b[39m         \u001b[36mconst\u001b[39m errorData \u001b[33m=\u001b[39m \u001b[36mawait\u001b[39m response\u001b[33m.\u001b[39mtext()\u001b[33m;\u001b[39m\n         \u001b[90m    |\u001b[39m                                          \u001b[31m\u001b[1m^\u001b[22m\u001b[39m\n         \u001b[90m 90 |\u001b[39m         \u001b[36mlet\u001b[39m errorMessage\u001b[33m:\u001b[39m string\u001b[33m;\u001b[39m\n         \u001b[90m 91 |\u001b[39m         \u001b[36mtry\u001b[39m {\n         \u001b[90m 92 |\u001b[39m           \u001b[36mconst\u001b[39m parsed \u001b[33m=\u001b[39m \u001b[33mJSON\u001b[39m\u001b[33m.\u001b[39mparse(errorData)\u001b[33m;\u001b[39m\u001b[0m\n\n      at DemoService.text [as fetchWithAuth] (services/demoService.ts:89:42)\n      at DemoService.calculateROI (services/demoService.ts:128:22)\n      at Object.<anonymous> (__tests__/services/demoService.test.ts:270:7)\n      at Object.toThrow (node_modules/expect/build/index.js:2155:20)\n      at Object.toThrow (__tests__/services/demoService.test.ts:270:63)\n\n  \u25cf DemoService \u203a ROI Calculation - Business Critical \u203a should handle malformed ROI input data\n\n    expect(received).rejects.toThrow(expected)\n\n    Expected substring: \"Failed to calculate ROI: Bad Request\"\n    Received message:   \"response.text is not a function\"\n\n        \u001b[0m \u001b[90m 87 |\u001b[39m       \n         \u001b[90m 88 |\u001b[39m       \u001b[36mif\u001b[39m (\u001b[33m!\u001b[39mresponse\u001b[33m.\u001b[39mok) {\n        \u001b[31m\u001b[1m>\u001b[22m\u001b[39m\u001b[90m 89 |\u001b[39m         \u001b[36mconst\u001b[39m errorData \u001b[33m=\u001b[39m \u001b[36mawait\u001b[39m response\u001b[33m.\u001b[39mtext()\u001b[33m;\u001b[39m\n         \u001b[90m    |\u001b[39m                                          \u001b[31m\u001b[1m^\u001b[22m\u001b[39m\n         \u001b[90m 90 |\u001b[39m         \u001b[36mlet\u001b[39m errorMessage\u001b[33m:\u001b[39m string\u001b[33m;\u001b[39m\n         \u001b[90m 91 |\u001b[39m         \u001b[36mtry\u001b[39m {\n         \u001b[90m 92 |\u001b[39m           \u001b[36mconst\u001b[39m parsed \u001b[33m=\u001b[39m \u001b[33mJSON\u001b[39m\u001b[33m.\u001b[39mparse(errorData)\u001b[33m;\u001b[39m\u001b[0m\n\n      at DemoService.text [as fetchWithAuth] (services/demoService.ts:89:42)\n      at DemoService.calculateROI (services/demoService.ts:128:22)\n      at Object.<anonymous> (__tests__/services/demoService.test.ts:282:7)\n      at Object.toThrow (node_modules/expect/build/index.js:2155:20)\n      at Object.toThrow (__tests__/services/demoService.test.ts:282:70)\n\n  \u25cf DemoService \u203a Report Export - Enterprise Feature \u203a should handle export failures gracefully\n\n    expect(received).rejects.toThrow(expected)\n\n    Expected substring: \"Failed to export report: Service Unavailable\"\n    Received message:   \"response.text is not a function\"\n\n        \u001b[0m \u001b[90m 87 |\u001b[39m       \n         \u001b[90m 88 |\u001b[39m       \u001b[36mif\u001b[39m (\u001b[33m!\u001b[39mresponse\u001b[33m.\u001b[39mok) {\n        \u001b[31m\u001b[1m>\u001b[22m\u001b[39m\u001b[90m 89 |\u001b[39m         \u001b[36mconst\u001b[39m errorData \u001b[33m=\u001b[39m \u001b[36mawait\u001b[39m response\u001b[33m.\u001b[39mtext()\u001b[33m;\u001b[39m\n         \u001b[90m    |\u001b[39m                                          \u001b[31m\u001b[1m^\u001b[22m\u001b[39m\n         \u001b[90m 90 |\u001b[39m         \u001b[36mlet\u001b[39m errorMessage\u001b[33m:\u001b[39m string\u001b[33m;\u001b[39m\n         \u001b[90m 91 |\u001b[39m         \u001b[36mtry\u001b[39m {\n         \u001b[90m 92 |\u001b[39m           \u001b[36mconst\u001b[39m parsed \u001b[33m=\u001b[39m \u001b[33mJSON\u001b[39m\u001b[33m.\u001b[39mparse(errorData)\u001b[33m;\u001b[39m\u001b[0m\n\n      at DemoService.text [as fetchWithAuth] (services/demoService.ts:89:42)\n      at DemoService.exportReport (services/demoService.ts:166:22)\n      at Object.<anonymous> (__tests__/services/demoService.test.ts:424:7)\n      at Object.toThrow (node_modules/expect/build/index.js:2155:20)\n      at Object.toThrow (__tests__/services/demoService.test.ts:424:69)\n\n  \u25cf DemoService \u203a Session Management \u203a should handle session status for non-existent session\n\n    expect(received).rejects.toThrow(expected)\n\n    Expected substring: \"Failed to get session status: Session Not Found\"\n    Received message:   \"response.text is not a function\"\n\n        \u001b[0m \u001b[90m 87 |\u001b[39m       \n         \u001b[90m 88 |\u001b[39m       \u001b[36mif\u001b[39m (\u001b[33m!\u001b[39mresponse\u001b[33m.\u001b[39mok) {\n        \u001b[31m\u001b[1m>\u001b[22m\u001b[39m\u001b[90m 89 |\u001b[39m         \u001b[36mconst\u001b[39m errorData \u001b[33m=\u001b[39m \u001b[36mawait\u001b[39m response\u001b[33m.\u001b[39mtext()\u001b[33m;\u001b[39m\n         \u001b[90m    |\u001b[39m                                          \u001b[31m\u001b[1m^\u001b[22m\u001b[39m\n         \u001b[90m 90 |\u001b[39m         \u001b[36mlet\u001b[39m errorMessage\u001b[33m:\u001b[39m string\u001b[33m;\u001b[39m\n         \u001b[90m 91 |\u001b[39m         \u001b[36mtry\u001b[39m {\n         \u001b[90m 92 |\u001b[39m           \u001b[36mconst\u001b[39m parsed \u001b[33m=\u001b[39m \u001b[33mJSON\u001b[39m\u001b[33m.\u001b[39mparse(errorData)\u001b[33m;\u001b[39m\u001b[0m\n\n      at DemoService.text [as fetchWithAuth] (services/demoService.ts:89:42)\n      at DemoService.getSessionStatus (services/demoService.ts:179:22)\n      at Object.<anonymous> (__tests__/services/demoService.test.ts:466:7)\n      at Object.toThrow (node_modules/expect/build/index.js:2155:20)\n      at Object.toThrow (__tests__/services/demoService.test.ts:466:77)\n\n\nTest Suites: 2 failed, 2 of 163 total\nTests:       8 failed, 21 passed, 29 total\nSnapshots:   0 total\nTime:        2.769 s, estimated 14 s\nRan all test suites.\n"
    },
    "dev_launcher": {
      "success": false,
      "duration": 13.246782064437866,
      "output": "============================= test session starts =============================\nplatform win32 -- Python 3.12.3, pytest-8.4.1, pluggy-1.6.0\nrootdir: C:\\Users\\antho\\OneDrive\\Desktop\\Netra\\netra-core-generation-1\nconfigfile: pytest.ini\nplugins: anyio-4.9.0, Faker-37.5.3, langsmith-0.4.15, asyncio-1.1.0, cov-6.2.1, mock-3.14.1, xdist-3.8.0\nasyncio: mode=Mode.AUTO, asyncio_default_fixture_loop_scope=function, asyncio_default_test_loop_scope=function\ncollected 22 items\n\ntests\\e2e\\test_dev_launcher_real_startup.py F\n\n================================== FAILURES ===================================\n_____ TestDevLauncherRealStartup.test_real_dev_launcher_startup_sequence ______\ntests\\e2e\\test_dev_launcher_real_startup.py:182: in test_real_dev_launcher_startup_sequence\n    assert startup_success, \"Dev launcher failed to start services\"\nE   AssertionError: Dev launcher failed to start services\nE   assert False\n----------------------------- Captured log setup ------------------------------\nDEBUG    faker.factory:factory.py:78 Looking for locale `en_US` in provider `faker.providers.address`.\nDEBUG    faker.factory:factory.py:97 Provider `faker.providers.address` has been localized to `en_US`.\nDEBUG    faker.factory:factory.py:78 Looking for locale `en_US` in provider `faker.providers.automotive`.\nDEBUG    faker.factory:factory.py:97 Provider `faker.providers.automotive` has been localized to `en_US`.\nDEBUG    faker.factory:factory.py:78 Looking for locale `en_US` in provider `faker.providers.bank`.\nDEBUG    faker.factory:factory.py:88 Specified locale `en_US` is not available for provider `faker.providers.bank`. Locale reset to `en_GB` for this provider.\nDEBUG    faker.factory:factory.py:78 Looking for locale `en_US` in provider `faker.providers.barcode`.\nDEBUG    faker.factory:factory.py:97 Provider `faker.providers.barcode` has been localized to `en_US`.\nDEBUG    faker.factory:factory.py:78 Looking for locale `en_US` in provider `faker.providers.color`.\nDEBUG    faker.factory:factory.py:97 Provider `faker.providers.color` has been localized to `en_US`.\nDEBUG    faker.factory:factory.py:78 Looking for locale `en_US` in provider `faker.providers.company`.\nDEBUG    faker.factory:factory.py:97 Provider `faker.providers.company` has been localized to `en_US`.\nDEBUG    faker.factory:factory.py:78 Looking for locale `en_US` in provider `faker.providers.credit_card`.\nDEBUG    faker.factory:factory.py:97 Provider `faker.providers.credit_card` has been localized to `en_US`.\nDEBUG    faker.factory:factory.py:78 Looking for locale `en_US` in provider `faker.providers.currency`.\nDEBUG    faker.factory:factory.py:97 Provider `faker.providers.currency` has been localized to `en_US`.\nDEBUG    faker.factory:factory.py:78 Looking for locale `en_US` in provider `faker.providers.date_time`.\nDEBUG    faker.factory:factory.py:97 Provider `faker.providers.date_time` has been localized to `en_US`.\nDEBUG    faker.factory:factory.py:108 Provider `faker.providers.doi` does not feature localization. Specified locale `en_US` is not utilized for this provider.\nDEBUG    faker.factory:factory.py:108 Provider `faker.providers.emoji` does not feature localization. Specified locale `en_US` is not utilized for this provider.\nDEBUG    faker.factory:factory.py:108 Provider `faker.providers.file` does not feature localization. Specified locale `en_US` is not utilized for this provider.\nDEBUG    faker.factory:factory.py:78 Looking for locale `en_US` in provider `faker.providers.geo`.\nDEBUG    faker.factory:factory.py:97 Provider `faker.providers.geo` has been localized to `en_US`.\nDEBUG    faker.factory:factory.py:78 Looking for locale `en_US` in provider `faker.providers.internet`.\nDEBUG    faker.factory:factory.py:97 Provider `faker.providers.internet` has been localized to `en_US`.\nDEBUG    faker.factory:factory.py:78 Looking for locale `en_US` in provider `faker.providers.isbn`.\nDEBUG    faker.factory:factory.py:97 Provider `faker.providers.isbn` has been localized to `en_US`.\nDEBUG    faker.factory:factory.py:78 Looking for locale `en_US` in provider `faker.providers.job`.\nDEBUG    faker.factory:factory.py:97 Provider `faker.providers.job` has been localized to `en_US`.\nDEBUG    faker.factory:factory.py:78 Looking for locale `en_US` in provider `faker.providers.lorem`.\nDEBUG    faker.factory:factory.py:97 Provider `faker.providers.lorem` has been localized to `en_US`.\nDEBUG    faker.factory:factory.py:78 Looking for locale `en_US` in provider `faker.providers.misc`.\nDEBUG    faker.factory:factory.py:97 Provider `faker.providers.misc` has been localized to `en_US`.\nDEBUG    faker.factory:factory.py:78 Looking for locale `en_US` in provider `faker.providers.passport`.\nDEBUG    faker.factory:factory.py:97 Provider `faker.providers.passport` has been localized to `en_US`.\nDEBUG    faker.factory:factory.py:78 Looking for locale `en_US` in provider `faker.providers.person`.\nDEBUG    faker.factory:factory.py:97 Provider `faker.providers.person` has been localized to `en_US`.\nDEBUG    faker.factory:factory.py:78 Looking for locale `en_US` in provider `faker.providers.phone_number`.\nDEBUG    faker.factory:factory.py:97 Provider `faker.providers.phone_number` has been localized to `en_US`.\nDEBUG    faker.factory:factory.py:108 Provider `faker.providers.profile` does not feature localization. Specified locale `en_US` is not utilized for this provider.\nDEBUG    faker.factory:factory.py:108 Provider `faker.providers.python` does not feature localization. Specified locale `en_US` is not utilized for this provider.\nDEBUG    faker.factory:factory.py:108 Provider `faker.providers.sbn` does not feature localization. Specified locale `en_US` is not utilized for this provider.\nDEBUG    faker.factory:factory.py:78 Looking for locale `en_US` in provider `faker.providers.ssn`.\nDEBUG    faker.factory:factory.py:97 Provider `faker.providers.ssn` has been localized to `en_US`.\nDEBUG    faker.factory:factory.py:108 Provider `faker.providers.user_agent` does not feature localization. Specified locale `en_US` is not utilized for this provider.\nDEBUG    asyncio:proactor_events.py:634 Using proactor: IocpProactor\nDEBUG    asyncio:proactor_events.py:634 Using proactor: IocpProactor\nINFO     dev_launcher.service_config:service_config.py:351 Configuration loaded from C:\\Users\\antho\\OneDrive\\Desktop\\Netra\\netra-core-generation-1\\.dev_services.json\nINFO     dev_launcher.service_config:service_config.py:516 Loaded existing service configuration\n---------------------------- Captured stdout call -----------------------------\n\\n=== STARTING REAL DEV LAUNCHER STARTUP TEST ===\\n DISCOVER | POSTGRESQL: sqlite+aiosqlite:///:memory:\\n DISCOVER | CLICKHOUSE: clickhouse://default:***@localhost:8123/netra_dev\\n DISCOVER | REDIS: redis://localhost:6379/0\\n[DISCOVER] WEBSOCKET | Discovered endpoint: backend_ws -> ws://localhost:8000/ws\\n\\u274c auth service NOT bound to port 8001\\n\\u274c backend service NOT bound to port 8000\\n\\u274c frontend service NOT bound to port 3000\n------------------------------ Captured log call ------------------------------\nINFO     dev_launcher.health_monitor:health_monitor.py:139 HealthMonitor initialized (check_interval: 30s)\nINFO     dev_launcher.health_monitor:health_monitor.py:141 Windows process verification enabled\nINFO     dev_launcher.process_manager:process_manager.py:58 ProcessManager initialized for win32\nINFO     dev_launcher.process_manager:process_manager.py:60 Enhanced Windows process tree management enabled\nINFO     dev_launcher.database_connector:database_connector.py:130 Discovered 3 database connections\nINFO     dev_launcher.websocket_validator:websocket_validator.py:78 Discovered 1 WebSocket endpoints\nINFO     dev_launcher.launcher:launcher.py:165 Signal handlers registered for graceful shutdown\n=========================== short test summary info ===========================\nFAILED tests/e2e/test_dev_launcher_real_startup.py::TestDevLauncherRealStartup::test_real_dev_launcher_startup_sequence\n!!!!!!!!!!!!!!!!!!!!!!!!!! stopping after 1 failures !!!!!!!!!!!!!!!!!!!!!!!!!!\n============================= 1 failed in 10.26s ==============================\n",
      "errors": ""
    }
  },
  "overall_success": false,
  "total_duration": 70.78466272354126
}