{
  "timestamp": "20250822_161409",
  "level": "integration",
  "environment": "local",
  "services": {
    "auth": {
      "success": false,
      "duration": 45.96771478652954,
      "output": "============================= test session starts =============================\nplatform win32 -- Python 3.12.3, pytest-8.4.1, pluggy-1.6.0\nrootdir: C:\\Users\\antho\\OneDrive\\Desktop\\Netra\\netra-core-generation-1\\auth_service\nconfigfile: pytest.ini\nplugins: anyio-4.9.0, Faker-37.5.3, langsmith-0.4.15, asyncio-1.1.0, cov-6.2.1, mock-3.14.1, xdist-3.8.0\nasyncio: mode=Mode.STRICT, asyncio_default_fixture_loop_scope=None, asyncio_default_test_loop_scope=function\ncollected 193 items\n\ntests\\integration\\test_auth_oauth_errors.py ........                     [  4%]\ntests\\integration\\test_auth_oauth_google.py ........                     [  8%]\ntests\\integration\\test_oauth_comprehensive_failures.py ................. [ 17%]\n............sss                                                          [ 24%]\ntests\\integration\\test_oauth_flows_auth.py ..                            [ 25%]\ntests\\integration\\test_oauth_flows_core.py ...                           [ 27%]\ntests\\integration\\test_oauth_flows_sync.py ............                  [ 33%]\ntests\\test_auth_token_generation.py ..........                           [ 38%]\ntests\\test_auth_token_security.py ..................                     [ 48%]\ntests\\test_auth_token_validation.py ..............                       [ 55%]\ntests\\test_cloud_sql_url.py ....                                         [ 57%]\ntests\\test_security.py ....................                              [ 67%]\ntests\\test_session_cleanup.py ..........                                 [ 73%]\ntests\\test_session_management.py .F\n\n================================== FAILURES ===================================\n____________ TestSessionCreation.test_create_session_redis_failure ____________\n\nself = <auth_service.tests.test_session_management.TestSessionCreation object at 0x00000288C26B40E0>\nsession_manager = <auth_service.auth_core.core.session_manager.SessionManager object at 0x00000288C41438F0>\n\n    def test_create_session_redis_failure(self, session_manager):\n        \"\"\"Test session creation with Redis failure\"\"\"\n        user_data = {\"email\": \"test@example.com\"}\n        session_manager.redis_client = None\n    \n        session_id = session_manager.create_session(\"user123\", user_data)\n    \n>       assert session_id is None\nE       AssertionError: assert '8b02ffa7-e809-4324-8f95-113406e08001' is None\n\ntests\\test_session_management.py:49: AssertionError\n============================== warnings summary ===============================\ntests\\integration\\test_oauth_comprehensive_failures.py:1245\n  C:\\Users\\antho\\OneDrive\\Desktop\\Netra\\netra-core-generation-1\\auth_service\\tests\\integration\\test_oauth_comprehensive_failures.py:1245: PytestUnknownMarkWarning: Unknown pytest.mark.staging - is this a typo?  You can register custom marks to avoid this warning - for details, see https://docs.pytest.org/en/stable/how-to/mark.html\n    @pytest.mark.staging\n\ntests\\integration\\test_oauth_comprehensive_failures.py:1288\n  C:\\Users\\antho\\OneDrive\\Desktop\\Netra\\netra-core-generation-1\\auth_service\\tests\\integration\\test_oauth_comprehensive_failures.py:1288: PytestUnknownMarkWarning: Unknown pytest.mark.staging - is this a typo?  You can register custom marks to avoid this warning - for details, see https://docs.pytest.org/en/stable/how-to/mark.html\n    @pytest.mark.staging\n\ntests/integration/test_auth_oauth_errors.py::TestOAuthErrorHandling::test_oauth_invalid_state_parameter\n  C:\\Users\\antho\\OneDrive\\Desktop\\Netra\\netra-core-generation-1\\auth_service\\tests\\conftest.py:59: DeprecationWarning: There is no current event loop\n    loop = asyncio.get_event_loop()\n\ntests/integration/test_oauth_comprehensive_failures.py: 21 warnings\n  C:\\Users\\antho\\OneDrive\\Desktop\\Netra\\netra-core-generation-1\\auth_service\\auth_core\\routes\\auth_routes.py:982: PydanticDeprecatedSince20: The `dict` method is deprecated; use `model_dump` instead. Deprecated in Pydantic V2.0 to be removed in V3.0. See Pydantic V2 Migration Guide at https://errors.pydantic.dev/2.11/migration/\n    content=response.dict(),\n\ntests/integration/test_oauth_comprehensive_failures.py::TestOAuthComprehensiveFailures::test_05_cross_site_request_forgery_token_binding\ntests/integration/test_oauth_comprehensive_failures.py::TestOAuthComprehensiveFailures::test_25_session_fixation_attack\n  C:\\Users\\antho\\AppData\\Roaming\\Python\\Python312\\site-packages\\starlette\\testclient.py:451: DeprecationWarning: Setting per-request cookies=<...> is being deprecated, because the expected behaviour on cookie persistence is ambiguous. Set cookies directly on the client instance instead.\n    return super().request(\n\n-- Docs: https://docs.pytest.org/en/stable/how-to/capture-warnings.html\n=========================== short test summary info ===========================\nFAILED tests/test_session_management.py::TestSessionCreation::test_create_session_redis_failure\n!!!!!!!!!!!!!!!!!!!!!!!!!! stopping after 1 failures !!!!!!!!!!!!!!!!!!!!!!!!!!\n=========== 1 failed, 139 passed, 3 skipped, 26 warnings in 43.69s ============\n",
      "errors": ""
    }
  },
  "overall_success": false,
  "total_duration": 45.96771478652954
}