{
  "timestamp": "20250823_030845",
  "level": "unit",
  "environment": "local",
  "services": {
    "backend": {
      "success": false,
      "duration": 29.45108914375305,
      "output": "============================= test session starts =============================\nplatform win32 -- Python 3.12.3, pytest-8.4.1, pluggy-1.6.0\nrootdir: C:\\Users\\antho\\OneDrive\\Desktop\\Netra\\netra-core-generation-1\\netra_backend\nconfigfile: pytest.ini\nplugins: anyio-4.9.0, Faker-37.5.3, langsmith-0.4.15, asyncio-1.1.0, cov-6.2.1, mock-3.14.1, xdist-3.8.0\nasyncio: mode=Mode.AUTO, asyncio_default_fixture_loop_scope=session, asyncio_default_test_loop_scope=function\n\n----------------------------- live log collection -----------------------------\nservice_secret not configured, using jwt_secret_key fallback\ncollected 3982 items / 1 error\n\n=================================== ERRORS ====================================\n_ ERROR collecting tests/integration/critical_paths/test_multi_tenant_isolation.py _\nImportError while importing test module 'C:\\Users\\antho\\OneDrive\\Desktop\\Netra\\netra-core-generation-1\\netra_backend\\tests\\integration\\critical_paths\\test_multi_tenant_isolation.py'.\nHint: make sure your test modules/packages have valid Python names.\nTraceback:\nC:\\Program Files\\Python312\\Lib\\importlib\\__init__.py:90: in import_module\n    return _bootstrap._gcd_import(name[level:], package, level)\n           ^^^^^^^^^^^^^^^^^^^^^^^^^^^^^^^^^^^^^^^^^^^^^^^^^^^^\ntests\\integration\\critical_paths\\test_multi_tenant_isolation.py:37: in <module>\n    from netra_backend.app.services.audit.audit_logger import AuditLogger\nE   ModuleNotFoundError: No module named 'netra_backend.app.services.audit.audit_logger'\n============================== warnings summary ===============================\n..\\..\\..\\..\\..\\AppData\\Roaming\\Python\\Python312\\site-packages\\pydantic\\_internal\\_fields.py:198\n  C:\\Users\\antho\\AppData\\Roaming\\Python\\Python312\\site-packages\\pydantic\\_internal\\_fields.py:198: UserWarning: Field name \"schema\" in \"DataSample\" shadows an attribute in parent \"BaseModel\"\n    warnings.warn(\n\n..\\..\\..\\..\\..\\AppData\\Roaming\\Python\\Python312\\site-packages\\pydantic\\_internal\\_fields.py:198\n  C:\\Users\\antho\\AppData\\Roaming\\Python\\Python312\\site-packages\\pydantic\\_internal\\_fields.py:198: UserWarning: Field name \"schema\" in \"DataCatalog\" shadows an attribute in parent \"BaseModel\"\n    warnings.warn(\n\n..\\..\\..\\..\\..\\AppData\\Roaming\\Python\\Python312\\site-packages\\pydantic\\_internal\\_config.py:323\n..\\..\\..\\..\\..\\AppData\\Roaming\\Python\\Python312\\site-packages\\pydantic\\_internal\\_config.py:323\n..\\..\\..\\..\\..\\AppData\\Roaming\\Python\\Python312\\site-packages\\pydantic\\_internal\\_config.py:323\n..\\..\\..\\..\\..\\AppData\\Roaming\\Python\\Python312\\site-packages\\pydantic\\_internal\\_config.py:323\n..\\..\\..\\..\\..\\AppData\\Roaming\\Python\\Python312\\site-packages\\pydantic\\_internal\\_config.py:323\n..\\..\\..\\..\\..\\AppData\\Roaming\\Python\\Python312\\site-packages\\pydantic\\_internal\\_config.py:323\n..\\..\\..\\..\\..\\AppData\\Roaming\\Python\\Python312\\site-packages\\pydantic\\_internal\\_config.py:323\n  C:\\Users\\antho\\AppData\\Roaming\\Python\\Python312\\site-packages\\pydantic\\_internal\\_config.py:323: PydanticDeprecatedSince20: Support for class-based `config` is deprecated, use ConfigDict instead. Deprecated in Pydantic V2.0 to be removed in V3.0. See Pydantic V2 Migration Guide at https://errors.pydantic.dev/2.11/migration/\n    warnings.warn(DEPRECATION_MESSAGE, DeprecationWarning)\n\n..\\..\\..\\..\\..\\AppData\\Roaming\\Python\\Python312\\site-packages\\pydantic\\_internal\\_generate_schema.py:298\n..\\..\\..\\..\\..\\AppData\\Roaming\\Python\\Python312\\site-packages\\pydantic\\_internal\\_generate_schema.py:298\n..\\..\\..\\..\\..\\AppData\\Roaming\\Python\\Python312\\site-packages\\pydantic\\_internal\\_generate_schema.py:298\n..\\..\\..\\..\\..\\AppData\\Roaming\\Python\\Python312\\site-packages\\pydantic\\_internal\\_generate_schema.py:298\n..\\..\\..\\..\\..\\AppData\\Roaming\\Python\\Python312\\site-packages\\pydantic\\_internal\\_generate_schema.py:298\n..\\..\\..\\..\\..\\AppData\\Roaming\\Python\\Python312\\site-packages\\pydantic\\_internal\\_generate_schema.py:298\n..\\..\\..\\..\\..\\AppData\\Roaming\\Python\\Python312\\site-packages\\pydantic\\_internal\\_generate_schema.py:298\n..\\..\\..\\..\\..\\AppData\\Roaming\\Python\\Python312\\site-packages\\pydantic\\_internal\\_generate_schema.py:298\n  C:\\Users\\antho\\AppData\\Roaming\\Python\\Python312\\site-packages\\pydantic\\_internal\\_generate_schema.py:298: PydanticDeprecatedSince20: `json_encoders` is deprecated. See https://docs.pydantic.dev/2.11/concepts/serialization/#custom-serializers for alternatives. Deprecated in Pydantic V2.0 to be removed in V3.0. See Pydantic V2 Migration Guide at https://errors.pydantic.dev/2.11/migration/\n    warnings.warn(\n\ntests\\unified_system\\fixtures.py:111\n  C:\\Users\\antho\\OneDrive\\Desktop\\Netra\\netra-core-generation-1\\netra_backend\\tests\\unified_system\\fixtures.py:111: DeprecationWarning: websockets.WebSocketServerProtocol is deprecated\n    connection: websockets.WebSocketServerProtocol\n\n..\\..\\..\\..\\..\\AppData\\Roaming\\Python\\Python312\\site-packages\\websockets\\legacy\\__init__.py:6\n  C:\\Users\\antho\\AppData\\Roaming\\Python\\Python312\\site-packages\\websockets\\legacy\\__init__.py:6: DeprecationWarning: websockets.legacy is deprecated; see https://websockets.readthedocs.io/en/stable/howto/upgrade.html for upgrade instructions\n    warnings.warn(  # deprecated in 14.0 - 2024-11-09\n\ntests\\integration\\critical_paths\\test_alert_routing_escalation.py:40\n  C:\\Users\\antho\\OneDrive\\Desktop\\Netra\\netra-core-generation-1\\netra_backend\\tests\\integration\\critical_paths\\test_alert_routing_escalation.py:40: PytestUnknownMarkWarning: Unknown pytest.mark.observability - is this a typo?  You can register custom marks to avoid this warning - for details, see https://docs.pytest.org/en/stable/how-to/mark.html\n    pytest.mark.observability,\n\ntests\\integration\\critical_paths\\test_alert_routing_escalation.py:41\n  C:\\Users\\antho\\OneDrive\\Desktop\\Netra\\netra-core-generation-1\\netra_backend\\tests\\integration\\critical_paths\\test_alert_routing_escalation.py:41: PytestUnknownMarkWarning: Unknown pytest.mark.alerting - is this a typo?  You can register custom marks to avoid this warning - for details, see https://docs.pytest.org/en/stable/how-to/mark.html\n    pytest.mark.alerting\n\ntests\\integration\\critical_paths\\test_api_request_lifecycle_complete_l4.py:49\n  C:\\Users\\antho\\OneDrive\\Desktop\\Netra\\netra-core-generation-1\\netra_backend\\tests\\integration\\critical_paths\\test_api_request_lifecycle_complete_l4.py:49: PytestUnknownMarkWarning: Unknown pytest.mark.timeout - is this a typo?  You can register custom marks to avoid this warning - for details, see https://docs.pytest.org/en/stable/how-to/mark.html\n    @pytest.mark.timeout(30)\n\ntests\\integration\\critical_paths\\test_api_request_lifecycle_complete_l4.py:116\n  C:\\Users\\antho\\OneDrive\\Desktop\\Netra\\netra-core-generation-1\\netra_backend\\tests\\integration\\critical_paths\\test_api_request_lifecycle_complete_l4.py:116: PytestUnknownMarkWarning: Unknown pytest.mark.timeout - is this a typo?  You can register custom marks to avoid this warning - for details, see https://docs.pytest.org/en/stable/how-to/mark.html\n    @pytest.mark.timeout(30)\n\ntests\\integration\\critical_paths\\test_api_request_lifecycle_complete_l4.py:178\n  C:\\Users\\antho\\OneDrive\\Desktop\\Netra\\netra-core-generation-1\\netra_backend\\tests\\integration\\critical_paths\\test_api_request_lifecycle_complete_l4.py:178: PytestUnknownMarkWarning: Unknown pytest.mark.timeout - is this a typo?  You can register custom marks to avoid this warning - for details, see https://docs.pytest.org/en/stable/how-to/mark.html\n    @pytest.mark.timeout(30)\n\ntests\\integration\\critical_paths\\test_api_request_lifecycle_complete_l4.py:221\n  C:\\Users\\antho\\OneDrive\\Desktop\\Netra\\netra-core-generation-1\\netra_backend\\tests\\integration\\critical_paths\\test_api_request_lifecycle_complete_l4.py:221: PytestUnknownMarkWarning: Unknown pytest.mark.timeout - is this a typo?  You can register custom marks to avoid this warning - for details, see https://docs.pytest.org/en/stable/how-to/mark.html\n    @pytest.mark.timeout(30)\n\ntests\\integration\\critical_paths\\test_api_request_lifecycle_complete_l4.py:265\n  C:\\Users\\antho\\OneDrive\\Desktop\\Netra\\netra-core-generation-1\\netra_backend\\tests\\integration\\critical_paths\\test_api_request_lifecycle_complete_l4.py:265: PytestUnknownMarkWarning: Unknown pytest.mark.timeout - is this a typo?  You can register custom marks to avoid this warning - for details, see https://docs.pytest.org/en/stable/how-to/mark.html\n    @pytest.mark.timeout(30)\n\ntests\\integration\\critical_paths\\test_api_request_lifecycle_complete_l4.py:304\n  C:\\Users\\antho\\OneDrive\\Desktop\\Netra\\netra-core-generation-1\\netra_backend\\tests\\integration\\critical_paths\\test_api_request_lifecycle_complete_l4.py:304: PytestUnknownMarkWarning: Unknown pytest.mark.timeout - is this a typo?  You can register custom marks to avoid this warning - for details, see https://docs.pytest.org/en/stable/how-to/mark.html\n    @pytest.mark.timeout(30)\n\ntests\\integration\\critical_paths\\test_api_request_lifecycle_complete_l4.py:347\n  C:\\Users\\antho\\OneDrive\\Desktop\\Netra\\netra-core-generation-1\\netra_backend\\tests\\integration\\critical_paths\\test_api_request_lifecycle_complete_l4.py:347: PytestUnknownMarkWarning: Unknown pytest.mark.timeout - is this a typo?  You can register custom marks to avoid this warning - for details, see https://docs.pytest.org/en/stable/how-to/mark.html\n    @pytest.mark.timeout(30)\n\ntests\\integration\\critical_paths\\test_api_request_lifecycle_complete_l4.py:387\n  C:\\Users\\antho\\OneDrive\\Desktop\\Netra\\netra-core-generation-1\\netra_backend\\tests\\integration\\critical_paths\\test_api_request_lifecycle_complete_l4.py:387: PytestUnknownMarkWarning: Unknown pytest.mark.timeout - is this a typo?  You can register custom marks to avoid this warning - for details, see https://docs.pytest.org/en/stable/how-to/mark.html\n    @pytest.mark.timeout(30)\n\ntests\\integration\\critical_paths\\test_api_request_lifecycle_complete_l4.py:422\n  C:\\Users\\antho\\OneDrive\\Desktop\\Netra\\netra-core-generation-1\\netra_backend\\tests\\integration\\critical_paths\\test_api_request_lifecycle_complete_l4.py:422: PytestUnknownMarkWarning: Unknown pytest.mark.timeout - is this a typo?  You can register custom marks to avoid this warning - for details, see https://docs.pytest.org/en/stable/how-to/mark.html\n    @pytest.mark.timeout(30)\n\ntests\\integration\\critical_paths\\test_api_request_lifecycle_complete_l4.py:468\n  C:\\Users\\antho\\OneDrive\\Desktop\\Netra\\netra-core-generation-1\\netra_backend\\tests\\integration\\critical_paths\\test_api_request_lifecycle_complete_l4.py:468: PytestUnknownMarkWarning: Unknown pytest.mark.timeout - is this a typo?  You can register custom marks to avoid this warning - for details, see https://docs.pytest.org/en/stable/how-to/mark.html\n    @pytest.mark.timeout(30)\n\ntests\\integration\\critical_paths\\test_auth_audit_trail_integrity_l4.py:170\n  C:\\Users\\antho\\OneDrive\\Desktop\\Netra\\netra-core-generation-1\\netra_backend\\tests\\integration\\critical_paths\\test_auth_audit_trail_integrity_l4.py:170: PytestUnknownMarkWarning: Unknown pytest.mark.timeout - is this a typo?  You can register custom marks to avoid this warning - for details, see https://docs.pytest.org/en/stable/how-to/mark.html\n    @pytest.mark.timeout(120)\n\ntests\\integration\\critical_paths\\test_auth_audit_trail_integrity_l4.py:232\n  C:\\Users\\antho\\OneDrive\\Desktop\\Netra\\netra-core-generation-1\\netra_backend\\tests\\integration\\critical_paths\\test_auth_audit_trail_integrity_l4.py:232: PytestUnknownMarkWarning: Unknown pytest.mark.timeout - is this a typo?  You can register custom marks to avoid this warning - for details, see https://docs.pytest.org/en/stable/how-to/mark.html\n    @pytest.mark.timeout(90)\n\ntests\\integration\\critical_paths\\test_auth_audit_trail_integrity_l4.py:292\n  C:\\Users\\antho\\OneDrive\\Desktop\\Netra\\netra-core-generation-1\\netra_backend\\tests\\integration\\critical_paths\\test_auth_audit_trail_integrity_l4.py:292: PytestUnknownMarkWarning: Unknown pytest.mark.timeout - is this a typo?  You can register custom marks to avoid this warning - for details, see https://docs.pytest.org/en/stable/how-to/mark.html\n    @pytest.mark.timeout(120)\n\ntests\\integration\\critical_paths\\test_auth_audit_trail_integrity_l4.py:346\n  C:\\Users\\antho\\OneDrive\\Desktop\\Netra\\netra-core-generation-1\\netra_backend\\tests\\integration\\critical_paths\\test_auth_audit_trail_integrity_l4.py:346: PytestUnknownMarkWarning: Unknown pytest.mark.timeout - is this a typo?  You can register custom marks to avoid this warning - for details, see https://docs.pytest.org/en/stable/how-to/mark.html\n    @pytest.mark.timeout(90)\n\ntests\\integration\\critical_paths\\test_auth_audit_trail_integrity_l4.py:438\n  C:\\Users\\antho\\OneDrive\\Desktop\\Netra\\netra-core-generation-1\\netra_backend\\tests\\integration\\critical_paths\\test_auth_audit_trail_integrity_l4.py:438: PytestUnknownMarkWarning: Unknown pytest.mark.timeout - is this a typo?  You can register custom marks to avoid this warning - for details, see https://docs.pytest.org/en/stable/how-to/mark.html\n    @pytest.mark.timeout(120)\n\ntests\\integration\\critical_paths\\test_auth_audit_trail_integrity_l4.py:525\n  C:\\Users\\antho\\OneDrive\\Desktop\\Netra\\netra-core-generation-1\\netra_backend\\tests\\integration\\critical_paths\\test_auth_audit_trail_integrity_l4.py:525: PytestUnknownMarkWarning: Unknown pytest.mark.timeout - is this a typo?  You can register custom marks to avoid this warning - for details, see https://docs.pytest.org/en/stable/how-to/mark.html\n    @pytest.mark.timeout(90)\n\ntests\\integration\\critical_paths\\test_auth_audit_trail_integrity_l4.py:609\n  C:\\Users\\antho\\OneDrive\\Desktop\\Netra\\netra-core-generation-1\\netra_backend\\tests\\integration\\critical_paths\\test_auth_audit_trail_integrity_l4.py:609: PytestUnknownMarkWarning: Unknown pytest.mark.timeout - is this a typo?  You can register custom marks to avoid this warning - for details, see https://docs.pytest.org/en/stable/how-to/mark.html\n    @pytest.mark.timeout(120)\n\ntests\\integration\\critical_paths\\test_auth_failover_scenarios_l4.py:167\n  C:\\Users\\antho\\OneDrive\\Desktop\\Netra\\netra-core-generation-1\\netra_backend\\tests\\integration\\critical_paths\\test_auth_failover_scenarios_l4.py:167: PytestUnknownMarkWarning: Unknown pytest.mark.timeout - is this a typo?  You can register custom marks to avoid this warning - for details, see https://docs.pytest.org/en/stable/how-to/mark.html\n    @pytest.mark.timeout(180)\n\ntests\\integration\\critical_paths\\test_auth_failover_scenarios_l4.py:232\n  C:\\Users\\antho\\OneDrive\\Desktop\\Netra\\netra-core-generation-1\\netra_backend\\tests\\integration\\critical_paths\\test_auth_failover_scenarios_l4.py:232: PytestUnknownMarkWarning: Unknown pytest.mark.timeout - is this a typo?  You can register custom marks to avoid this warning - for details, see https://docs.pytest.org/en/stable/how-to/mark.html\n    @pytest.mark.timeout(120)\n\ntests\\integration\\critical_paths\\test_auth_failover_scenarios_l4.py:296\n  C:\\Users\\antho\\OneDrive\\Desktop\\Netra\\netra-core-generation-1\\netra_backend\\tests\\integration\\critical_paths\\test_auth_failover_scenarios_l4.py:296: PytestUnknownMarkWarning: Unknown pytest.mark.timeout - is this a typo?  You can register custom marks to avoid this warning - for details, see https://docs.pytest.org/en/stable/how-to/mark.html\n    @pytest.mark.timeout(120)\n\ntests\\integration\\critical_paths\\test_auth_failover_scenarios_l4.py:348\n  C:\\Users\\antho\\OneDrive\\Desktop\\Netra\\netra-core-generation-1\\netra_backend\\tests\\integration\\critical_paths\\test_auth_failover_scenarios_l4.py:348: PytestUnknownMarkWarning: Unknown pytest.mark.timeout - is this a typo?  You can register custom marks to avoid this warning - for details, see https://docs.pytest.org/en/stable/how-to/mark.html\n    @pytest.mark.timeout(120)\n\ntests\\integration\\critical_paths\\test_auth_failover_scenarios_l4.py:390\n  C:\\Users\\antho\\OneDrive\\Desktop\\Netra\\netra-core-generation-1\\netra_backend\\tests\\integration\\critical_paths\\test_auth_failover_scenarios_l4.py:390: PytestUnknownMarkWarning: Unknown pytest.mark.timeout - is this a typo?  You can register custom marks to avoid this warning - for details, see https://docs.pytest.org/en/stable/how-to/mark.html\n    @pytest.mark.timeout(120)\n\ntests\\integration\\critical_paths\\test_auth_failover_scenarios_l4.py:436\n  C:\\Users\\antho\\OneDrive\\Desktop\\Netra\\netra-core-generation-1\\netra_backend\\tests\\integration\\critical_paths\\test_auth_failover_scenarios_l4.py:436: PytestUnknownMarkWarning: Unknown pytest.mark.timeout - is this a typo?  You can register custom marks to avoid this warning - for details, see https://docs.pytest.org/en/stable/how-to/mark.html\n    @pytest.mark.timeout(120)\n\ntests\\integration\\critical_paths\\test_auth_failover_scenarios_l4.py:495\n  C:\\Users\\antho\\OneDrive\\Desktop\\Netra\\netra-core-generation-1\\netra_backend\\tests\\integration\\critical_paths\\test_auth_failover_scenarios_l4.py:495: PytestUnknownMarkWarning: Unknown pytest.mark.timeout - is this a typo?  You can register custom marks to avoid this warning - for details, see https://docs.pytest.org/en/stable/how-to/mark.html\n    @pytest.mark.timeout(180)\n\ntests\\integration\\critical_paths\\test_auth_failover_scenarios_l4.py:543\n  C:\\Users\\antho\\OneDrive\\Desktop\\Netra\\netra-core-generation-1\\netra_backend\\tests\\integration\\critical_paths\\test_auth_failover_scenarios_l4.py:543: PytestUnknownMarkWarning: Unknown pytest.mark.timeout - is this a typo?  You can register custom marks to avoid this warning - for details, see https://docs.pytest.org/en/stable/how-to/mark.html\n    @pytest.mark.timeout(120)\n\ntests\\integration\\critical_paths\\test_auth_middleware_chain_validation.py:159\n  C:\\Users\\antho\\OneDrive\\Desktop\\Netra\\netra-core-generation-1\\netra_backend\\tests\\integration\\critical_paths\\test_auth_middleware_chain_validation.py:159: PytestUnknownMarkWarning: Unknown pytest.mark.timeout - is this a typo?  You can register custom marks to avoid this warning - for details, see https://docs.pytest.org/en/stable/how-to/mark.html\n    @pytest.mark.timeout(60)\n\ntests\\integration\\critical_paths\\test_auth_middleware_chain_validation.py:230\n  C:\\Users\\antho\\OneDrive\\Desktop\\Netra\\netra-core-generation-1\\netra_backend\\tests\\integration\\critical_paths\\test_auth_middleware_chain_validation.py:230: PytestUnknownMarkWarning: Unknown pytest.mark.timeout - is this a typo?  You can register custom marks to avoid this warning - for details, see https://docs.pytest.org/en/stable/how-to/mark.html\n    @pytest.mark.timeout(60)\n\ntests\\integration\\critical_paths\\test_auth_middleware_chain_validation.py:324\n  C:\\Users\\antho\\OneDrive\\Desktop\\Netra\\netra-core-generation-1\\netra_backend\\tests\\integration\\critical_paths\\test_auth_middleware_chain_validation.py:324: PytestUnknownMarkWarning: Unknown pytest.mark.timeout - is this a typo?  You can register custom marks to avoid this warning - for details, see https://docs.pytest.org/en/stable/how-to/mark.html\n    @pytest.mark.timeout(60)\n\ntests\\integration\\critical_paths\\test_auth_middleware_chain_validation.py:388\n  C:\\Users\\antho\\OneDrive\\Desktop\\Netra\\netra-core-generation-1\\netra_backend\\tests\\integration\\critical_paths\\test_auth_middleware_chain_validation.py:388: PytestUnknownMarkWarning: Unknown pytest.mark.timeout - is this a typo?  You can register custom marks to avoid this warning - for details, see https://docs.pytest.org/en/stable/how-to/mark.html\n    @pytest.mark.timeout(60)\n\ntests\\integration\\critical_paths\\test_auth_middleware_chain_validation.py:435\n  C:\\Users\\antho\\OneDrive\\Desktop\\Netra\\netra-core-generation-1\\netra_backend\\tests\\integration\\critical_paths\\test_auth_middleware_chain_validation.py:435: PytestUnknownMarkWarning: Unknown pytest.mark.timeout - is this a typo?  You can register custom marks to avoid this warning - for details, see https://docs.pytest.org/en/stable/how-to/mark.html\n    @pytest.mark.timeout(60)\n\ntests\\integration\\critical_paths\\test_auth_middleware_chain_validation.py:503\n  C:\\Users\\antho\\OneDrive\\Desktop\\Netra\\netra-core-generation-1\\netra_backend\\tests\\integration\\critical_paths\\test_auth_middleware_chain_validation.py:503: PytestUnknownMarkWarning: Unknown pytest.mark.timeout - is this a typo?  You can register custom marks to avoid this warning - for details, see https://docs.pytest.org/en/stable/how-to/mark.html\n    @pytest.mark.timeout(60)\n\ntests\\integration\\critical_paths\\test_auth_middleware_chain_validation.py:545\n  C:\\Users\\antho\\OneDrive\\Desktop\\Netra\\netra-core-generation-1\\netra_backend\\tests\\integration\\critical_paths\\test_auth_middleware_chain_validation.py:545: PytestUnknownMarkWarning: Unknown pytest.mark.timeout - is this a typo?  You can register custom marks to avoid this warning - for details, see https://docs.pytest.org/en/stable/how-to/mark.html\n    @pytest.mark.timeout(60)\n\ntests\\integration\\critical_paths\\test_auth_role_based_access_flow_l4.py:271\n  C:\\Users\\antho\\OneDrive\\Desktop\\Netra\\netra-core-generation-1\\netra_backend\\tests\\integration\\critical_paths\\test_auth_role_based_access_flow_l4.py:271: PytestUnknownMarkWarning: Unknown pytest.mark.timeout - is this a typo?  You can register custom marks to avoid this warning - for details, see https://docs.pytest.org/en/stable/how-to/mark.html\n    @pytest.mark.timeout(120)\n\ntests\\integration\\critical_paths\\test_auth_role_based_access_flow_l4.py:344\n  C:\\Users\\antho\\OneDrive\\Desktop\\Netra\\netra-core-generation-1\\netra_backend\\tests\\integration\\critical_paths\\test_auth_role_based_access_flow_l4.py:344: PytestUnknownMarkWarning: Unknown pytest.mark.timeout - is this a typo?  You can register custom marks to avoid this warning - for details, see https://docs.pytest.org/en/stable/how-to/mark.html\n    @pytest.mark.timeout(90)\n\ntests\\integration\\critical_paths\\test_auth_role_based_access_flow_l4.py:376\n  C:\\Users\\antho\\OneDrive\\Desktop\\Netra\\netra-core-generation-1\\netra_backend\\tests\\integration\\critical_paths\\test_auth_role_based_access_flow_l4.py:376: PytestUnknownMarkWarning: Unknown pytest.mark.timeout - is this a typo?  You can register custom marks to avoid this warning - for details, see https://docs.pytest.org/en/stable/how-to/mark.html\n    @pytest.mark.timeout(90)\n\ntests\\integration\\critical_paths\\test_auth_role_based_access_flow_l4.py:434\n  C:\\Users\\antho\\OneDrive\\Desktop\\Netra\\netra-core-generation-1\\netra_backend\\tests\\integration\\critical_paths\\test_auth_role_based_access_flow_l4.py:434: PytestUnknownMarkWarning: Unknown pytest.mark.timeout - is this a typo?  You can register custom marks to avoid this warning - for details, see https://docs.pytest.org/en/stable/how-to/mark.html\n    @pytest.mark.timeout(120)\n\ntests\\integration\\critical_paths\\test_auth_role_based_access_flow_l4.py:470\n  C:\\Users\\antho\\OneDrive\\Desktop\\Netra\\netra-core-generation-1\\netra_backend\\tests\\integration\\critical_paths\\test_auth_role_based_access_flow_l4.py:470: PytestUnknownMarkWarning: Unknown pytest.mark.timeout - is this a typo?  You can register custom marks to avoid this warning - for details, see https://docs.pytest.org/en/stable/how-to/mark.html\n    @pytest.mark.timeout(90)\n\ntests\\integration\\critical_paths\\test_auth_role_based_access_flow_l4.py:500\n  C:\\Users\\antho\\OneDrive\\Desktop\\Netra\\netra-core-generation-1\\netra_backend\\tests\\integration\\critical_paths\\test_auth_role_based_access_flow_l4.py:500: PytestUnknownMarkWarning: Unknown pytest.mark.timeout - is this a typo?  You can register custom marks to avoid this warning - for details, see https://docs.pytest.org/en/stable/how-to/mark.html\n    @pytest.mark.timeout(90)\n\ntests\\integration\\critical_paths\\test_auth_role_based_access_flow_l4.py:556\n  C:\\Users\\antho\\OneDrive\\Desktop\\Netra\\netra-core-generation-1\\netra_backend\\tests\\integration\\critical_paths\\test_auth_role_based_access_flow_l4.py:556: PytestUnknownMarkWarning: Unknown pytest.mark.timeout - is this a typo?  You can register custom marks to avoid this warning - for details, see https://docs.pytest.org/en/stable/how-to/mark.html\n    @pytest.mark.timeout(120)\n\ntests\\integration\\critical_paths\\test_auth_service_failover_complete_l4.py:57\n  C:\\Users\\antho\\OneDrive\\Desktop\\Netra\\netra-core-generation-1\\netra_backend\\tests\\integration\\critical_paths\\test_auth_service_failover_complete_l4.py:57: PytestUnknownMarkWarning: Unknown pytest.mark.timeout - is this a typo?  You can register custom marks to avoid this warning - for details, see https://docs.pytest.org/en/stable/how-to/mark.html\n    @pytest.mark.timeout(30)\n\ntests\\integration\\critical_paths\\test_auth_service_failover_complete_l4.py:100\n  C:\\Users\\antho\\OneDrive\\Desktop\\Netra\\netra-core-generation-1\\netra_backend\\tests\\integration\\critical_paths\\test_auth_service_failover_complete_l4.py:100: PytestUnknownMarkWarning: Unknown pytest.mark.timeout - is this a typo?  You can register custom marks to avoid this warning - for details, see https://docs.pytest.org/en/stable/how-to/mark.html\n    @pytest.mark.timeout(30)\n\ntests\\integration\\critical_paths\\test_auth_service_failover_complete_l4.py:175\n  C:\\Users\\antho\\OneDrive\\Desktop\\Netra\\netra-core-generation-1\\netra_backend\\tests\\integration\\critical_paths\\test_auth_service_failover_complete_l4.py:175: PytestUnknownMarkWarning: Unknown pytest.mark.timeout - is this a typo?  You can register custom marks to avoid this warning - for details, see https://docs.pytest.org/en/stable/how-to/mark.html\n    @pytest.mark.timeout(30)\n\ntests\\integration\\critical_paths\\test_auth_service_failover_complete_l4.py:218\n  C:\\Users\\antho\\OneDrive\\Desktop\\Netra\\netra-core-generation-1\\netra_backend\\tests\\integration\\critical_paths\\test_auth_service_failover_complete_l4.py:218: PytestUnknownMarkWarning: Unknown pytest.mark.timeout - is this a typo?  You can register custom marks to avoid this warning - for details, see https://docs.pytest.org/en/stable/how-to/mark.html\n    @pytest.mark.timeout(30)\n\ntests\\integration\\critical_paths\\test_auth_service_failover_complete_l4.py:256\n  C:\\Users\\antho\\OneDrive\\Desktop\\Netra\\netra-core-generation-1\\netra_backend\\tests\\integration\\critical_paths\\test_auth_service_failover_complete_l4.py:256: PytestUnknownMarkWarning: Unknown pytest.mark.timeout - is this a typo?  You can register custom marks to avoid this warning - for details, see https://docs.pytest.org/en/stable/how-to/mark.html\n    @pytest.mark.timeout(30)\n\ntests\\integration\\critical_paths\\test_auth_service_failover_complete_l4.py:309\n  C:\\Users\\antho\\OneDrive\\Desktop\\Netra\\netra-core-generation-1\\netra_backend\\tests\\integration\\critical_paths\\test_auth_service_failover_complete_l4.py:309: PytestUnknownMarkWarning: Unknown pytest.mark.timeout - is this a typo?  You can register custom marks to avoid this warning - for details, see https://docs.pytest.org/en/stable/how-to/mark.html\n    @pytest.mark.timeout(30)\n\ntests\\integration\\critical_paths\\test_auth_service_failover_complete_l4.py:376\n  C:\\Users\\antho\\OneDrive\\Desktop\\Netra\\netra-core-generation-1\\netra_backend\\tests\\integration\\critical_paths\\test_auth_service_failover_complete_l4.py:376: PytestUnknownMarkWarning: Unknown pytest.mark.timeout - is this a typo?  You can register custom marks to avoid this warning - for details, see https://docs.pytest.org/en/stable/how-to/mark.html\n    @pytest.mark.timeout(30)\n\ntests\\integration\\critical_paths\\test_auth_service_failover_complete_l4.py:454\n  C:\\Users\\antho\\OneDrive\\Desktop\\Netra\\netra-core-generation-1\\netra_backend\\tests\\integration\\critical_paths\\test_auth_service_failover_complete_l4.py:454: PytestUnknownMarkWarning: Unknown pytest.mark.timeout - is this a typo?  You can register custom marks to avoid this warning - for details, see https://docs.pytest.org/en/stable/how-to/mark.html\n    @pytest.mark.timeout(30)\n\ntests\\integration\\critical_paths\\test_auth_service_failover_complete_l4.py:500\n  C:\\Users\\antho\\OneDrive\\Desktop\\Netra\\netra-core-generation-1\\netra_backend\\tests\\integration\\critical_paths\\test_auth_service_failover_complete_l4.py:500: PytestUnknownMarkWarning: Unknown pytest.mark.timeout - is this a typo?  You can register custom marks to avoid this warning - for details, see https://docs.pytest.org/en/stable/how-to/mark.html\n    @pytest.mark.timeout(30)\n\ntests\\integration\\critical_paths\\test_auth_service_recovery_crash.py:176\n  C:\\Users\\antho\\OneDrive\\Desktop\\Netra\\netra-core-generation-1\\netra_backend\\tests\\integration\\critical_paths\\test_auth_service_recovery_crash.py:176: PytestUnknownMarkWarning: Unknown pytest.mark.timeout - is this a typo?  You can register custom marks to avoid this warning - for details, see https://docs.pytest.org/en/stable/how-to/mark.html\n    @pytest.mark.timeout(120)\n\ntests\\integration\\critical_paths\\test_auth_service_recovery_crash.py:244\n  C:\\Users\\antho\\OneDrive\\Desktop\\Netra\\netra-core-generation-1\\netra_backend\\tests\\integration\\critical_paths\\test_auth_service_recovery_crash.py:244: PytestUnknownMarkWarning: Unknown pytest.mark.timeout - is this a typo?  You can register custom marks to avoid this warning - for details, see https://docs.pytest.org/en/stable/how-to/mark.html\n    @pytest.mark.timeout(90)\n\ntests\\integration\\critical_paths\\test_auth_service_recovery_crash.py:310\n  C:\\Users\\antho\\OneDrive\\Desktop\\Netra\\netra-core-generation-1\\netra_backend\\tests\\integration\\critical_paths\\test_auth_service_recovery_crash.py:310: PytestUnknownMarkWarning: Unknown pytest.mark.timeout - is this a typo?  You can register custom marks to avoid this warning - for details, see https://docs.pytest.org/en/stable/how-to/mark.html\n    @pytest.mark.timeout(120)\n\ntests\\integration\\critical_paths\\test_auth_service_recovery_crash.py:384\n  C:\\Users\\antho\\OneDrive\\Desktop\\Netra\\netra-core-generation-1\\netra_backend\\tests\\integration\\critical_paths\\test_auth_service_recovery_crash.py:384: PytestUnknownMarkWarning: Unknown pytest.mark.timeout - is this a typo?  You can register custom marks to avoid this warning - for details, see https://docs.pytest.org/en/stable/how-to/mark.html\n    @pytest.mark.timeout(90)\n\ntests\\integration\\critical_paths\\test_auth_service_recovery_crash.py:456\n  C:\\Users\\antho\\OneDrive\\Desktop\\Netra\\netra-core-generation-1\\netra_backend\\tests\\integration\\critical_paths\\test_auth_service_recovery_crash.py:456: PytestUnknownMarkWarning: Unknown pytest.mark.timeout - is this a typo?  You can register custom marks to avoid this warning - for details, see https://docs.pytest.org/en/stable/how-to/mark.html\n    @pytest.mark.timeout(120)\n\ntests\\integration\\critical_paths\\test_auth_session_lifecycle_complete_l4.py:71\n  C:\\Users\\antho\\OneDrive\\Desktop\\Netra\\netra-core-generation-1\\netra_backend\\tests\\integration\\critical_paths\\test_auth_session_lifecycle_complete_l4.py:71: PytestUnknownMarkWarning: Unknown pytest.mark.timeout - is this a typo?  You can register custom marks to avoid this warning - for details, see https://docs.pytest.org/en/stable/how-to/mark.html\n    @pytest.mark.timeout(30)\n\ntests\\integration\\critical_paths\\test_auth_session_lifecycle_complete_l4.py:102\n  C:\\Users\\antho\\OneDrive\\Desktop\\Netra\\netra-core-generation-1\\netra_backend\\tests\\integration\\critical_paths\\test_auth_session_lifecycle_complete_l4.py:102: PytestUnknownMarkWarning: Unknown pytest.mark.timeout - is this a typo?  You can register custom marks to avoid this warning - for details, see https://docs.pytest.org/en/stable/how-to/mark.html\n    @pytest.mark.timeout(30)\n\ntests\\integration\\critical_paths\\test_auth_session_lifecycle_complete_l4.py:151\n  C:\\Users\\antho\\OneDrive\\Desktop\\Netra\\netra-core-generation-1\\netra_backend\\tests\\integration\\critical_paths\\test_auth_session_lifecycle_complete_l4.py:151: PytestUnknownMarkWarning: Unknown pytest.mark.timeout - is this a typo?  You can register custom marks to avoid this warning - for details, see https://docs.pytest.org/en/stable/how-to/mark.html\n    @pytest.mark.timeout(30)\n\ntests\\integration\\critical_paths\\test_auth_session_lifecycle_complete_l4.py:203\n  C:\\Users\\antho\\OneDrive\\Desktop\\Netra\\netra-core-generation-1\\netra_backend\\tests\\integration\\critical_paths\\test_auth_session_lifecycle_complete_l4.py:203: PytestUnknownMarkWarning: Unknown pytest.mark.timeout - is this a typo?  You can register custom marks to avoid this warning - for details, see https://docs.pytest.org/en/stable/how-to/mark.html\n    @pytest.mark.timeout(30)\n\ntests\\integration\\critical_paths\\test_auth_session_lifecycle_complete_l4.py:239\n  C:\\Users\\antho\\OneDrive\\Desktop\\Netra\\netra-core-generation-1\\netra_backend\\tests\\integration\\critical_paths\\test_auth_session_lifecycle_complete_l4.py:239: PytestUnknownMarkWarning: Unknown pytest.mark.timeout - is this a typo?  You can register custom marks to avoid this warning - for details, see https://docs.pytest.org/en/stable/how-to/mark.html\n    @pytest.mark.timeout(30)\n\ntests\\integration\\critical_paths\\test_auth_session_lifecycle_complete_l4.py:270\n  C:\\Users\\antho\\OneDrive\\Desktop\\Netra\\netra-core-generation-1\\netra_backend\\tests\\integration\\critical_paths\\test_auth_session_lifecycle_complete_l4.py:270: PytestUnknownMarkWarning: Unknown pytest.mark.timeout - is this a typo?  You can register custom marks to avoid this warning - for details, see https://docs.pytest.org/en/stable/how-to/mark.html\n    @pytest.mark.timeout(30)\n\ntests\\integration\\critical_paths\\test_auth_session_lifecycle_complete_l4.py:294\n  C:\\Users\\antho\\OneDrive\\Desktop\\Netra\\netra-core-generation-1\\netra_backend\\tests\\integration\\critical_paths\\test_auth_session_lifecycle_complete_l4.py:294: PytestUnknownMarkWarning: Unknown pytest.mark.timeout - is this a typo?  You can register custom marks to avoid this warning - for details, see https://docs.pytest.org/en/stable/how-to/mark.html\n    @pytest.mark.timeout(30)\n\ntests\\integration\\critical_paths\\test_auth_session_lifecycle_complete_l4.py:334\n  C:\\Users\\antho\\OneDrive\\Desktop\\Netra\\netra-core-generation-1\\netra_backend\\tests\\integration\\critical_paths\\test_auth_session_lifecycle_complete_l4.py:334: PytestUnknownMarkWarning: Unknown pytest.mark.timeout - is this a typo?  You can register custom marks to avoid this warning - for details, see https://docs.pytest.org/en/stable/how-to/mark.html\n    @pytest.mark.timeout(30)\n\ntests\\integration\\critical_paths\\test_auth_session_lifecycle_complete_l4.py:380\n  C:\\Users\\antho\\OneDrive\\Desktop\\Netra\\netra-core-generation-1\\netra_backend\\tests\\integration\\critical_paths\\test_auth_session_lifecycle_complete_l4.py:380: PytestUnknownMarkWarning: Unknown pytest.mark.timeout - is this a typo?  You can register custom marks to avoid this warning - for details, see https://docs.pytest.org/en/stable/how-to/mark.html\n    @pytest.mark.timeout(30)\n\ntests\\integration\\critical_paths\\test_auth_session_lifecycle_complete_l4.py:411\n  C:\\Users\\antho\\OneDrive\\Desktop\\Netra\\netra-core-generation-1\\netra_backend\\tests\\integration\\critical_paths\\test_auth_session_lifecycle_complete_l4.py:411: PytestUnknownMarkWarning: Unknown pytest.mark.timeout - is this a typo?  You can register custom marks to avoid this warning - for details, see https://docs.pytest.org/en/stable/how-to/mark.html\n    @pytest.mark.timeout(30)\n\ntests\\integration\\critical_paths\\test_auth_token_refresh_high_load.py:147\n  C:\\Users\\antho\\OneDrive\\Desktop\\Netra\\netra-core-generation-1\\netra_backend\\tests\\integration\\critical_paths\\test_auth_token_refresh_high_load.py:147: PytestUnknownMarkWarning: Unknown pytest.mark.timeout - is this a typo?  You can register custom marks to avoid this warning - for details, see https://docs.pytest.org/en/stable/how-to/mark.html\n    @pytest.mark.timeout(120)\n\ntests\\integration\\critical_paths\\test_auth_token_refresh_high_load.py:208\n  C:\\Users\\antho\\OneDrive\\Desktop\\Netra\\netra-core-generation-1\\netra_backend\\tests\\integration\\critical_paths\\test_auth_token_refresh_high_load.py:208: PytestUnknownMarkWarning: Unknown pytest.mark.timeout - is this a typo?  You can register custom marks to avoid this warning - for details, see https://docs.pytest.org/en/stable/how-to/mark.html\n    @pytest.mark.timeout(180)\n\ntests\\integration\\critical_paths\\test_auth_token_refresh_high_load.py:260\n  C:\\Users\\antho\\OneDrive\\Desktop\\Netra\\netra-core-generation-1\\netra_backend\\tests\\integration\\critical_paths\\test_auth_token_refresh_high_load.py:260: PytestUnknownMarkWarning: Unknown pytest.mark.timeout - is this a typo?  You can register custom marks to avoid this warning - for details, see https://docs.pytest.org/en/stable/how-to/mark.html\n    @pytest.mark.timeout(60)\n\ntests\\integration\\critical_paths\\test_auth_token_refresh_high_load.py:312\n  C:\\Users\\antho\\OneDrive\\Desktop\\Netra\\netra-core-generation-1\\netra_backend\\tests\\integration\\critical_paths\\test_auth_token_refresh_high_load.py:312: PytestUnknownMarkWarning: Unknown pytest.mark.timeout - is this a typo?  You can register custom marks to avoid this warning - for details, see https://docs.pytest.org/en/stable/how-to/mark.html\n    @pytest.mark.timeout(90)\n\ntests\\integration\\critical_paths\\test_business_critical_flows_l2.py:1062\n  C:\\Users\\antho\\OneDrive\\Desktop\\Netra\\netra-core-generation-1\\netra_backend\\tests\\integration\\critical_paths\\test_business_critical_flows_l2.py:1062: PytestUnknownMarkWarning: Unknown pytest.mark.l2 - is this a typo?  You can register custom marks to avoid this warning - for details, see https://docs.pytest.org/en/stable/how-to/mark.html\n    @pytest.mark.l2\n\ntests\\integration\\critical_paths\\test_concurrent_session_management_l4.py:50\n  C:\\Users\\antho\\OneDrive\\Desktop\\Netra\\netra-core-generation-1\\netra_backend\\tests\\integration\\critical_paths\\test_concurrent_session_management_l4.py:50: PytestUnknownMarkWarning: Unknown pytest.mark.timeout - is this a typo?  You can register custom marks to avoid this warning - for details, see https://docs.pytest.org/en/stable/how-to/mark.html\n    @pytest.mark.timeout(30)\n\ntests\\integration\\critical_paths\\test_concurrent_session_management_l4.py:88\n  C:\\Users\\antho\\OneDrive\\Desktop\\Netra\\netra-core-generation-1\\netra_backend\\tests\\integration\\critical_paths\\test_concurrent_session_management_l4.py:88: PytestUnknownMarkWarning: Unknown pytest.mark.timeout - is this a typo?  You can register custom marks to avoid this warning - for details, see https://docs.pytest.org/en/stable/how-to/mark.html\n    @pytest.mark.timeout(30)\n\ntests\\integration\\critical_paths\\test_concurrent_session_management_l4.py:156\n  C:\\Users\\antho\\OneDrive\\Desktop\\Netra\\netra-core-generation-1\\netra_backend\\tests\\integration\\critical_paths\\test_concurrent_session_management_l4.py:156: PytestUnknownMarkWarning: Unknown pytest.mark.timeout - is this a typo?  You can register custom marks to avoid this warning - for details, see https://docs.pytest.org/en/stable/how-to/mark.html\n    @pytest.mark.timeout(30)\n\ntests\\integration\\critical_paths\\test_concurrent_session_management_l4.py:214\n  C:\\Users\\antho\\OneDrive\\Desktop\\Netra\\netra-core-generation-1\\netra_backend\\tests\\integration\\critical_paths\\test_concurrent_session_management_l4.py:214: PytestUnknownMarkWarning: Unknown pytest.mark.timeout - is this a typo?  You can register custom marks to avoid this warning - for details, see https://docs.pytest.org/en/stable/how-to/mark.html\n    @pytest.mark.timeout(30)\n\ntests\\integration\\critical_paths\\test_concurrent_session_management_l4.py:272\n  C:\\Users\\antho\\OneDrive\\Desktop\\Netra\\netra-core-generation-1\\netra_backend\\tests\\integration\\critical_paths\\test_concurrent_session_management_l4.py:272: PytestUnknownMarkWarning: Unknown pytest.mark.timeout - is this a typo?  You can register custom marks to avoid this warning - for details, see https://docs.pytest.org/en/stable/how-to/mark.html\n    @pytest.mark.timeout(30)\n\ntests\\integration\\critical_paths\\test_concurrent_session_management_l4.py:353\n  C:\\Users\\antho\\OneDrive\\Desktop\\Netra\\netra-core-generation-1\\netra_backend\\tests\\integration\\critical_paths\\test_concurrent_session_management_l4.py:353: PytestUnknownMarkWarning: Unknown pytest.mark.timeout - is this a typo?  You can register custom marks to avoid this warning - for details, see https://docs.pytest.org/en/stable/how-to/mark.html\n    @pytest.mark.timeout(30)\n\ntests\\integration\\critical_paths\\test_concurrent_session_management_l4.py:415\n  C:\\Users\\antho\\OneDrive\\Desktop\\Netra\\netra-core-generation-1\\netra_backend\\tests\\integration\\critical_paths\\test_concurrent_session_management_l4.py:415: PytestUnknownMarkWarning: Unknown pytest.mark.timeout - is this a typo?  You can register custom marks to avoid this warning - for details, see https://docs.pytest.org/en/stable/how-to/mark.html\n    @pytest.mark.timeout(30)\n\ntests\\integration\\critical_paths\\test_concurrent_session_management_l4.py:480\n  C:\\Users\\antho\\OneDrive\\Desktop\\Netra\\netra-core-generation-1\\netra_backend\\tests\\integration\\critical_paths\\test_concurrent_session_management_l4.py:480: PytestUnknownMarkWarning: Unknown pytest.mark.timeout - is this a typo?  You can register custom marks to avoid this warning - for details, see https://docs.pytest.org/en/stable/how-to/mark.html\n    @pytest.mark.timeout(30)\n\ntests\\integration\\critical_paths\\test_concurrent_user_login_sessions.py:123\n  C:\\Users\\antho\\OneDrive\\Desktop\\Netra\\netra-core-generation-1\\netra_backend\\tests\\integration\\critical_paths\\test_concurrent_user_login_sessions.py:123: PytestUnknownMarkWarning: Unknown pytest.mark.timeout - is this a typo?  You can register custom marks to avoid this warning - for details, see https://docs.pytest.org/en/stable/how-to/mark.html\n    @pytest.mark.timeout(90)\n\ntests\\integration\\critical_paths\\test_concurrent_user_login_sessions.py:201\n  C:\\Users\\antho\\OneDrive\\Desktop\\Netra\\netra-core-generation-1\\netra_backend\\tests\\integration\\critical_paths\\test_concurrent_user_login_sessions.py:201: PytestUnknownMarkWarning: Unknown pytest.mark.timeout - is this a typo?  You can register custom marks to avoid this warning - for details, see https://docs.pytest.org/en/stable/how-to/mark.html\n    @pytest.mark.timeout(120)\n\ntests\\integration\\critical_paths\\test_concurrent_user_login_sessions.py:259\n  C:\\Users\\antho\\OneDrive\\Desktop\\Netra\\netra-core-generation-1\\netra_backend\\tests\\integration\\critical_paths\\test_concurrent_user_login_sessions.py:259: PytestUnknownMarkWarning: Unknown pytest.mark.timeout - is this a typo?  You can register custom marks to avoid this warning - for details, see https://docs.pytest.org/en/stable/how-to/mark.html\n    @pytest.mark.timeout(90)\n\ntests\\integration\\critical_paths\\test_concurrent_user_login_sessions.py:304\n  C:\\Users\\antho\\OneDrive\\Desktop\\Netra\\netra-core-generation-1\\netra_backend\\tests\\integration\\critical_paths\\test_concurrent_user_login_sessions.py:304: PytestUnknownMarkWarning: Unknown pytest.mark.timeout - is this a typo?  You can register custom marks to avoid this warning - for details, see https://docs.pytest.org/en/stable/how-to/mark.html\n    @pytest.mark.timeout(60)\n\ntests\\integration\\critical_paths\\test_concurrent_user_login_sessions.py:351\n  C:\\Users\\antho\\OneDrive\\Desktop\\Netra\\netra-core-generation-1\\netra_backend\\tests\\integration\\critical_paths\\test_concurrent_user_login_sessions.py:351: PytestUnknownMarkWarning: Unknown pytest.mark.timeout - is this a typo?  You can register custom marks to avoid this warning - for details, see https://docs.pytest.org/en/stable/how-to/mark.html\n    @pytest.mark.timeout(90)\n\ntests\\integration\\critical_paths\\test_cross_service_auth_propagation_complete_l4.py:54\n  C:\\Users\\antho\\OneDrive\\Desktop\\Netra\\netra-core-generation-1\\netra_backend\\tests\\integration\\critical_paths\\test_cross_service_auth_propagation_complete_l4.py:54: PytestUnknownMarkWarning: Unknown pytest.mark.timeout - is this a typo?  You can register custom marks to avoid this warning - for details, see https://docs.pytest.org/en/stable/how-to/mark.html\n    @pytest.mark.timeout(30)\n\ntests\\integration\\critical_paths\\test_cross_service_auth_propagation_complete_l4.py:92\n  C:\\Users\\antho\\OneDrive\\Desktop\\Netra\\netra-core-generation-1\\netra_backend\\tests\\integration\\critical_paths\\test_cross_service_auth_propagation_complete_l4.py:92: PytestUnknownMarkWarning: Unknown pytest.mark.timeout - is this a typo?  You can register custom marks to avoid this warning - for details, see https://docs.pytest.org/en/stable/how-to/mark.html\n    @pytest.mark.timeout(30)\n\ntests\\integration\\critical_paths\\test_cross_service_auth_propagation_complete_l4.py:129\n  C:\\Users\\antho\\OneDrive\\Desktop\\Netra\\netra-core-generation-1\\netra_backend\\tests\\integration\\critical_paths\\test_cross_service_auth_propagation_complete_l4.py:129: PytestUnknownMarkWarning: Unknown pytest.mark.timeout - is this a typo?  You can register custom marks to avoid this warning - for details, see https://docs.pytest.org/en/stable/how-to/mark.html\n    @pytest.mark.timeout(30)\n\ntests\\integration\\critical_paths\\test_cross_service_auth_propagation_complete_l4.py:173\n  C:\\Users\\antho\\OneDrive\\Desktop\\Netra\\netra-core-generation-1\\netra_backend\\tests\\integration\\critical_paths\\test_cross_service_auth_propagation_complete_l4.py:173: PytestUnknownMarkWarning: Unknown pytest.mark.timeout - is this a typo?  You can register custom marks to avoid this warning - for details, see https://docs.pytest.org/en/stable/how-to/mark.html\n    @pytest.mark.timeout(30)\n\ntests\\integration\\critical_paths\\test_cross_service_auth_propagation_complete_l4.py:228\n  C:\\Users\\antho\\OneDrive\\Desktop\\Netra\\netra-core-generation-1\\netra_backend\\tests\\integration\\critical_paths\\test_cross_service_auth_propagation_complete_l4.py:228: PytestUnknownMarkWarning: Unknown pytest.mark.timeout - is this a typo?  You can register custom marks to avoid this warning - for details, see https://docs.pytest.org/en/stable/how-to/mark.html\n    @pytest.mark.timeout(30)\n\ntests\\integration\\critical_paths\\test_cross_service_auth_propagation_complete_l4.py:264\n  C:\\Users\\antho\\OneDrive\\Desktop\\Netra\\netra-core-generation-1\\netra_backend\\tests\\integration\\critical_paths\\test_cross_service_auth_propagation_complete_l4.py:264: PytestUnknownMarkWarning: Unknown pytest.mark.timeout - is this a typo?  You can register custom marks to avoid this warning - for details, see https://docs.pytest.org/en/stable/how-to/mark.html\n    @pytest.mark.timeout(30)\n\ntests\\integration\\critical_paths\\test_cross_service_auth_propagation_complete_l4.py:303\n  C:\\Users\\antho\\OneDrive\\Desktop\\Netra\\netra-core-generation-1\\netra_backend\\tests\\integration\\critical_paths\\test_cross_service_auth_propagation_complete_l4.py:303: PytestUnknownMarkWarning: Unknown pytest.mark.timeout - is this a typo?  You can register custom marks to avoid this warning - for details, see https://docs.pytest.org/en/stable/how-to/mark.html\n    @pytest.mark.timeout(30)\n\ntests\\integration\\critical_paths\\test_cross_service_auth_propagation_complete_l4.py:364\n  C:\\Users\\antho\\OneDrive\\Desktop\\Netra\\netra-core-generation-1\\netra_backend\\tests\\integration\\critical_paths\\test_cross_service_auth_propagation_complete_l4.py:364: PytestUnknownMarkWarning: Unknown pytest.mark.timeout - is this a typo?  You can register custom marks to avoid this warning - for details, see https://docs.pytest.org/en/stable/how-to/mark.html\n    @pytest.mark.timeout(30)\n\ntests\\integration\\critical_paths\\test_cross_service_auth_propagation_complete_l4.py:408\n  C:\\Users\\antho\\OneDrive\\Desktop\\Netra\\netra-core-generation-1\\netra_backend\\tests\\integration\\critical_paths\\test_cross_service_auth_propagation_complete_l4.py:408: PytestUnknownMarkWarning: Unknown pytest.mark.timeout - is this a typo?  You can register custom marks to avoid this warning - for details, see https://docs.pytest.org/en/stable/how-to/mark.html\n    @pytest.mark.timeout(30)\n\ntests\\integration\\critical_paths\\test_cross_service_auth_propagation_complete_l4.py:454\n  C:\\Users\\antho\\OneDrive\\Desktop\\Netra\\netra-core-generation-1\\netra_backend\\tests\\integration\\critical_paths\\test_cross_service_auth_propagation_complete_l4.py:454: PytestUnknownMarkWarning: Unknown pytest.mark.timeout - is this a typo?  You can register custom marks to avoid this warning - for details, see https://docs.pytest.org/en/stable/how-to/mark.html\n    @pytest.mark.timeout(30)\n\ntests\\integration\\critical_paths\\test_custom_metrics_registration.py:41\n  C:\\Users\\antho\\OneDrive\\Desktop\\Netra\\netra-core-generation-1\\netra_backend\\tests\\integration\\critical_paths\\test_custom_metrics_registration.py:41: PytestUnknownMarkWarning: Unknown pytest.mark.observability - is this a typo?  You can register custom marks to avoid this warning - for details, see https://docs.pytest.org/en/stable/how-to/mark.html\n    pytest.mark.observability,\n\ntests\\integration\\critical_paths\\test_custom_metrics_registration.py:42\n  C:\\Users\\antho\\OneDrive\\Desktop\\Netra\\netra-core-generation-1\\netra_backend\\tests\\integration\\critical_paths\\test_custom_metrics_registration.py:42: PytestUnknownMarkWarning: Unknown pytest.mark.custom_metrics - is this a typo?  You can register custom marks to avoid this warning - for details, see https://docs.pytest.org/en/stable/how-to/mark.html\n    pytest.mark.custom_metrics\n\ntests\\integration\\critical_paths\\test_dashboard_query_performance.py:43\n  C:\\Users\\antho\\OneDrive\\Desktop\\Netra\\netra-core-generation-1\\netra_backend\\tests\\integration\\critical_paths\\test_dashboard_query_performance.py:43: PytestUnknownMarkWarning: Unknown pytest.mark.observability - is this a typo?  You can register custom marks to avoid this warning - for details, see https://docs.pytest.org/en/stable/how-to/mark.html\n    pytest.mark.observability,\n\ntests\\integration\\critical_paths\\test_dashboard_query_performance.py:45\n  C:\\Users\\antho\\OneDrive\\Desktop\\Netra\\netra-core-generation-1\\netra_backend\\tests\\integration\\critical_paths\\test_dashboard_query_performance.py:45: PytestUnknownMarkWarning: Unknown pytest.mark.dashboard - is this a typo?  You can register custom marks to avoid this warning - for details, see https://docs.pytest.org/en/stable/how-to/mark.html\n    pytest.mark.dashboard\n\ntests\\integration\\critical_paths\\test_data_migration_integrity_l4.py:1340\n  C:\\Users\\antho\\OneDrive\\Desktop\\Netra\\netra-core-generation-1\\netra_backend\\tests\\integration\\critical_paths\\test_data_migration_integrity_l4.py:1340: PytestUnknownMarkWarning: Unknown pytest.mark.critical_path - is this a typo?  You can register custom marks to avoid this warning - for details, see https://docs.pytest.org/en/stable/how-to/mark.html\n    @pytest.mark.critical_path\n\ntests\\integration\\critical_paths\\test_database_transaction_integrity_l4.py:43\n  C:\\Users\\antho\\OneDrive\\Desktop\\Netra\\netra-core-generation-1\\netra_backend\\tests\\integration\\critical_paths\\test_database_transaction_integrity_l4.py:43: PytestUnknownMarkWarning: Unknown pytest.mark.timeout - is this a typo?  You can register custom marks to avoid this warning - for details, see https://docs.pytest.org/en/stable/how-to/mark.html\n    @pytest.mark.timeout(30)\n\ntests\\integration\\critical_paths\\test_database_transaction_integrity_l4.py:114\n  C:\\Users\\antho\\OneDrive\\Desktop\\Netra\\netra-core-generation-1\\netra_backend\\tests\\integration\\critical_paths\\test_database_transaction_integrity_l4.py:114: PytestUnknownMarkWarning: Unknown pytest.mark.timeout - is this a typo?  You can register custom marks to avoid this warning - for details, see https://docs.pytest.org/en/stable/how-to/mark.html\n    @pytest.mark.timeout(30)\n\ntests\\integration\\critical_paths\\test_database_transaction_integrity_l4.py:177\n  C:\\Users\\antho\\OneDrive\\Desktop\\Netra\\netra-core-generation-1\\netra_backend\\tests\\integration\\critical_paths\\test_database_transaction_integrity_l4.py:177: PytestUnknownMarkWarning: Unknown pytest.mark.timeout - is this a typo?  You can register custom marks to avoid this warning - for details, see https://docs.pytest.org/en/stable/how-to/mark.html\n    @pytest.mark.timeout(30)\n\ntests\\integration\\critical_paths\\test_database_transaction_integrity_l4.py:229\n  C:\\Users\\antho\\OneDrive\\Desktop\\Netra\\netra-core-generation-1\\netra_backend\\tests\\integration\\critical_paths\\test_database_transaction_integrity_l4.py:229: PytestUnknownMarkWarning: Unknown pytest.mark.timeout - is this a typo?  You can register custom marks to avoid this warning - for details, see https://docs.pytest.org/en/stable/how-to/mark.html\n    @pytest.mark.timeout(30)\n\ntests\\integration\\critical_paths\\test_database_transaction_integrity_l4.py:274\n  C:\\Users\\antho\\OneDrive\\Desktop\\Netra\\netra-core-generation-1\\netra_backend\\tests\\integration\\critical_paths\\test_database_transaction_integrity_l4.py:274: PytestUnknownMarkWarning: Unknown pytest.mark.timeout - is this a typo?  You can register custom marks to avoid this warning - for details, see https://docs.pytest.org/en/stable/how-to/mark.html\n    @pytest.mark.timeout(30)\n\ntests\\integration\\critical_paths\\test_database_transaction_integrity_l4.py:319\n  C:\\Users\\antho\\OneDrive\\Desktop\\Netra\\netra-core-generation-1\\netra_backend\\tests\\integration\\critical_paths\\test_database_transaction_integrity_l4.py:319: PytestUnknownMarkWarning: Unknown pytest.mark.timeout - is this a typo?  You can register custom marks to avoid this warning - for details, see https://docs.pytest.org/en/stable/how-to/mark.html\n    @pytest.mark.timeout(30)\n\ntests\\integration\\critical_paths\\test_database_transaction_integrity_l4.py:367\n  C:\\Users\\antho\\OneDrive\\Desktop\\Netra\\netra-core-generation-1\\netra_backend\\tests\\integration\\critical_paths\\test_database_transaction_integrity_l4.py:367: PytestUnknownMarkWarning: Unknown pytest.mark.timeout - is this a typo?  You can register custom marks to avoid this warning - for details, see https://docs.pytest.org/en/stable/how-to/mark.html\n    @pytest.mark.timeout(30)\n\ntests\\integration\\critical_paths\\test_database_transaction_integrity_l4.py:405\n  C:\\Users\\antho\\OneDrive\\Desktop\\Netra\\netra-core-generation-1\\netra_backend\\tests\\integration\\critical_paths\\test_database_transaction_integrity_l4.py:405: PytestUnknownMarkWarning: Unknown pytest.mark.timeout - is this a typo?  You can register custom marks to avoid this warning - for details, see https://docs.pytest.org/en/stable/how-to/mark.html\n    @pytest.mark.timeout(30)\n\ntests\\integration\\critical_paths\\test_database_transaction_integrity_l4.py:454\n  C:\\Users\\antho\\OneDrive\\Desktop\\Netra\\netra-core-generation-1\\netra_backend\\tests\\integration\\critical_paths\\test_database_transaction_integrity_l4.py:454: PytestUnknownMarkWarning: Unknown pytest.mark.timeout - is this a typo?  You can register custom marks to avoid this warning - for details, see https://docs.pytest.org/en/stable/how-to/mark.html\n    @pytest.mark.timeout(30)\n\ntests\\integration\\critical_paths\\test_database_transaction_integrity_l4.py:494\n  C:\\Users\\antho\\OneDrive\\Desktop\\Netra\\netra-core-generation-1\\netra_backend\\tests\\integration\\critical_paths\\test_database_transaction_integrity_l4.py:494: PytestUnknownMarkWarning: Unknown pytest.mark.timeout - is this a typo?  You can register custom marks to avoid this warning - for details, see https://docs.pytest.org/en/stable/how-to/mark.html\n    @pytest.mark.timeout(30)\n\ntests\\integration\\critical_paths\\test_dev_environment_agent_response_flow_l4.py:894\n  C:\\Users\\antho\\OneDrive\\Desktop\\Netra\\netra-core-generation-1\\netra_backend\\tests\\integration\\critical_paths\\test_dev_environment_agent_response_flow_l4.py:894: PytestUnknownMarkWarning: Unknown pytest.mark.level_4 - is this a typo?  You can register custom marks to avoid this warning - for details, see https://docs.pytest.org/en/stable/how-to/mark.html\n    @pytest.mark.level_4\n\ntests\\integration\\critical_paths\\test_dev_environment_auth_login_complete_l4.py:607\n  C:\\Users\\antho\\OneDrive\\Desktop\\Netra\\netra-core-generation-1\\netra_backend\\tests\\integration\\critical_paths\\test_dev_environment_auth_login_complete_l4.py:607: PytestUnknownMarkWarning: Unknown pytest.mark.level_4 - is this a typo?  You can register custom marks to avoid this warning - for details, see https://docs.pytest.org/en/stable/how-to/mark.html\n    @pytest.mark.level_4\n\ntests\\integration\\critical_paths\\test_dev_environment_chat_initialization_l4.py:756\n  C:\\Users\\antho\\OneDrive\\Desktop\\Netra\\netra-core-generation-1\\netra_backend\\tests\\integration\\critical_paths\\test_dev_environment_chat_initialization_l4.py:756: PytestUnknownMarkWarning: Unknown pytest.mark.level_4 - is this a typo?  You can register custom marks to avoid this warning - for details, see https://docs.pytest.org/en/stable/how-to/mark.html\n    @pytest.mark.level_4\n\ntests\\integration\\critical_paths\\test_dev_environment_concurrent_users_l4.py:829\n  C:\\Users\\antho\\OneDrive\\Desktop\\Netra\\netra-core-generation-1\\netra_backend\\tests\\integration\\critical_paths\\test_dev_environment_concurrent_users_l4.py:829: PytestUnknownMarkWarning: Unknown pytest.mark.level_4 - is this a typo?  You can register custom marks to avoid this warning - for details, see https://docs.pytest.org/en/stable/how-to/mark.html\n    @pytest.mark.level_4\n\ntests\\integration\\critical_paths\\test_dev_environment_websocket_connection_l4.py:440\n  C:\\Users\\antho\\OneDrive\\Desktop\\Netra\\netra-core-generation-1\\netra_backend\\tests\\integration\\critical_paths\\test_dev_environment_websocket_connection_l4.py:440: PytestUnknownMarkWarning: Unknown pytest.mark.level_4 - is this a typo?  You can register custom marks to avoid this warning - for details, see https://docs.pytest.org/en/stable/how-to/mark.html\n    @pytest.mark.level_4\n\ntests\\integration\\critical_paths\\test_disaster_recovery_failover_l4.py:1146\n  C:\\Users\\antho\\OneDrive\\Desktop\\Netra\\netra-core-generation-1\\netra_backend\\tests\\integration\\critical_paths\\test_disaster_recovery_failover_l4.py:1146: PytestUnknownMarkWarning: Unknown pytest.mark.critical_path - is this a typo?  You can register custom marks to avoid this warning - for details, see https://docs.pytest.org/en/stable/how-to/mark.html\n    @pytest.mark.critical_path\n\ntests\\integration\\critical_paths\\test_disaster_recovery_failover_l4.py:1147\n  C:\\Users\\antho\\OneDrive\\Desktop\\Netra\\netra-core-generation-1\\netra_backend\\tests\\integration\\critical_paths\\test_disaster_recovery_failover_l4.py:1147: PytestUnknownMarkWarning: Unknown pytest.mark.disaster_recovery - is this a typo?  You can register custom marks to avoid this warning - for details, see https://docs.pytest.org/en/stable/how-to/mark.html\n    @pytest.mark.disaster_recovery\n\ntests\\integration\\critical_paths\\test_distributed_auth_state_sync_l4.py:166\n  C:\\Users\\antho\\OneDrive\\Desktop\\Netra\\netra-core-generation-1\\netra_backend\\tests\\integration\\critical_paths\\test_distributed_auth_state_sync_l4.py:166: PytestUnknownMarkWarning: Unknown pytest.mark.timeout - is this a typo?  You can register custom marks to avoid this warning - for details, see https://docs.pytest.org/en/stable/how-to/mark.html\n    @pytest.mark.timeout(120)\n\ntests\\integration\\critical_paths\\test_distributed_auth_state_sync_l4.py:258\n  C:\\Users\\antho\\OneDrive\\Desktop\\Netra\\netra-core-generation-1\\netra_backend\\tests\\integration\\critical_paths\\test_distributed_auth_state_sync_l4.py:258: PytestUnknownMarkWarning: Unknown pytest.mark.timeout - is this a typo?  You can register custom marks to avoid this warning - for details, see https://docs.pytest.org/en/stable/how-to/mark.html\n    @pytest.mark.timeout(120)\n\ntests\\integration\\critical_paths\\test_distributed_auth_state_sync_l4.py:307\n  C:\\Users\\antho\\OneDrive\\Desktop\\Netra\\netra-core-generation-1\\netra_backend\\tests\\integration\\critical_paths\\test_distributed_auth_state_sync_l4.py:307: PytestUnknownMarkWarning: Unknown pytest.mark.timeout - is this a typo?  You can register custom marks to avoid this warning - for details, see https://docs.pytest.org/en/stable/how-to/mark.html\n    @pytest.mark.timeout(120)\n\ntests\\integration\\critical_paths\\test_distributed_auth_state_sync_l4.py:352\n  C:\\Users\\antho\\OneDrive\\Desktop\\Netra\\netra-core-generation-1\\netra_backend\\tests\\integration\\critical_paths\\test_distributed_auth_state_sync_l4.py:352: PytestUnknownMarkWarning: Unknown pytest.mark.timeout - is this a typo?  You can register custom marks to avoid this warning - for details, see https://docs.pytest.org/en/stable/how-to/mark.html\n    @pytest.mark.timeout(120)\n\ntests\\integration\\critical_paths\\test_distributed_auth_state_sync_l4.py:423\n  C:\\Users\\antho\\OneDrive\\Desktop\\Netra\\netra-core-generation-1\\netra_backend\\tests\\integration\\critical_paths\\test_distributed_auth_state_sync_l4.py:423: PytestUnknownMarkWarning: Unknown pytest.mark.timeout - is this a typo?  You can register custom marks to avoid this warning - for details, see https://docs.pytest.org/en/stable/how-to/mark.html\n    @pytest.mark.timeout(90)\n\ntests\\integration\\critical_paths\\test_distributed_auth_state_sync_l4.py:456\n  C:\\Users\\antho\\OneDrive\\Desktop\\Netra\\netra-core-generation-1\\netra_backend\\tests\\integration\\critical_paths\\test_distributed_auth_state_sync_l4.py:456: PytestUnknownMarkWarning: Unknown pytest.mark.timeout - is this a typo?  You can register custom marks to avoid this warning - for details, see https://docs.pytest.org/en/stable/how-to/mark.html\n    @pytest.mark.timeout(120)\n\ntests\\integration\\critical_paths\\test_distributed_auth_state_sync_l4.py:511\n  C:\\Users\\antho\\OneDrive\\Desktop\\Netra\\netra-core-generation-1\\netra_backend\\tests\\integration\\critical_paths\\test_distributed_auth_state_sync_l4.py:511: PytestUnknownMarkWarning: Unknown pytest.mark.timeout - is this a typo?  You can register custom marks to avoid this warning - for details, see https://docs.pytest.org/en/stable/how-to/mark.html\n    @pytest.mark.timeout(120)\n\ntests\\integration\\critical_paths\\test_distributed_tracing_propagation.py:40\n  C:\\Users\\antho\\OneDrive\\Desktop\\Netra\\netra-core-generation-1\\netra_backend\\tests\\integration\\critical_paths\\test_distributed_tracing_propagation.py:40: PytestUnknownMarkWarning: Unknown pytest.mark.observability - is this a typo?  You can register custom marks to avoid this warning - for details, see https://docs.pytest.org/en/stable/how-to/mark.html\n    pytest.mark.observability,\n\ntests\\integration\\critical_paths\\test_distributed_tracing_propagation.py:41\n  C:\\Users\\antho\\OneDrive\\Desktop\\Netra\\netra-core-generation-1\\netra_backend\\tests\\integration\\critical_paths\\test_distributed_tracing_propagation.py:41: PytestUnknownMarkWarning: Unknown pytest.mark.tracing - is this a typo?  You can register custom marks to avoid this warning - for details, see https://docs.pytest.org/en/stable/how-to/mark.html\n    pytest.mark.tracing\n\ntests\\integration\\critical_paths\\test_enterprise_resource_isolation_l4.py:1398\n  C:\\Users\\antho\\OneDrive\\Desktop\\Netra\\netra-core-generation-1\\netra_backend\\tests\\integration\\critical_paths\\test_enterprise_resource_isolation_l4.py:1398: PytestUnknownMarkWarning: Unknown pytest.mark.enterprise - is this a typo?  You can register custom marks to avoid this warning - for details, see https://docs.pytest.org/en/stable/how-to/mark.html\n    @pytest.mark.enterprise\n\ntests\\integration\\critical_paths\\test_enterprise_resource_isolation_l4.py:1425\n  C:\\Users\\antho\\OneDrive\\Desktop\\Netra\\netra-core-generation-1\\netra_backend\\tests\\integration\\critical_paths\\test_enterprise_resource_isolation_l4.py:1425: PytestUnknownMarkWarning: Unknown pytest.mark.enterprise - is this a typo?  You can register custom marks to avoid this warning - for details, see https://docs.pytest.org/en/stable/how-to/mark.html\n    @pytest.mark.enterprise\n\ntests\\integration\\critical_paths\\test_enterprise_resource_isolation_l4.py:1448\n  C:\\Users\\antho\\OneDrive\\Desktop\\Netra\\netra-core-generation-1\\netra_backend\\tests\\integration\\critical_paths\\test_enterprise_resource_isolation_l4.py:1448: PytestUnknownMarkWarning: Unknown pytest.mark.enterprise - is this a typo?  You can register custom marks to avoid this warning - for details, see https://docs.pytest.org/en/stable/how-to/mark.html\n    @pytest.mark.enterprise\n\ntests\\integration\\critical_paths\\test_health_check_cascade_initialization.py:49\n  C:\\Users\\antho\\OneDrive\\Desktop\\Netra\\netra-core-generation-1\\netra_backend\\tests\\integration\\critical_paths\\test_health_check_cascade_initialization.py:49: PytestUnknownMarkWarning: Unknown pytest.mark.health_monitoring - is this a typo?  You can register custom marks to avoid this warning - for details, see https://docs.pytest.org/en/stable/how-to/mark.html\n    pytest.mark.health_monitoring,\n\ntests\\integration\\critical_paths\\test_health_check_cascade_initialization.py:50\n  C:\\Users\\antho\\OneDrive\\Desktop\\Netra\\netra-core-generation-1\\netra_backend\\tests\\integration\\critical_paths\\test_health_check_cascade_initialization.py:50: PytestUnknownMarkWarning: Unknown pytest.mark.initialization - is this a typo?  You can register custom marks to avoid this warning - for details, see https://docs.pytest.org/en/stable/how-to/mark.html\n    pytest.mark.initialization\n\ntests\\integration\\critical_paths\\test_jwt_token_expiry_handling.py:123\n  C:\\Users\\antho\\OneDrive\\Desktop\\Netra\\netra-core-generation-1\\netra_backend\\tests\\integration\\critical_paths\\test_jwt_token_expiry_handling.py:123: PytestUnknownMarkWarning: Unknown pytest.mark.timeout - is this a typo?  You can register custom marks to avoid this warning - for details, see https://docs.pytest.org/en/stable/how-to/mark.html\n    @pytest.mark.timeout(60)\n\ntests\\integration\\critical_paths\\test_jwt_token_expiry_handling.py:181\n  C:\\Users\\antho\\OneDrive\\Desktop\\Netra\\netra-core-generation-1\\netra_backend\\tests\\integration\\critical_paths\\test_jwt_token_expiry_handling.py:181: PytestUnknownMarkWarning: Unknown pytest.mark.timeout - is this a typo?  You can register custom marks to avoid this warning - for details, see https://docs.pytest.org/en/stable/how-to/mark.html\n    @pytest.mark.timeout(60)\n\ntests\\integration\\critical_paths\\test_jwt_token_expiry_handling.py:220\n  C:\\Users\\antho\\OneDrive\\Desktop\\Netra\\netra-core-generation-1\\netra_backend\\tests\\integration\\critical_paths\\test_jwt_token_expiry_handling.py:220: PytestUnknownMarkWarning: Unknown pytest.mark.timeout - is this a typo?  You can register custom marks to avoid this warning - for details, see https://docs.pytest.org/en/stable/how-to/mark.html\n    @pytest.mark.timeout(60)\n\ntests\\integration\\critical_paths\\test_jwt_token_expiry_handling.py:265\n  C:\\Users\\antho\\OneDrive\\Desktop\\Netra\\netra-core-generation-1\\netra_backend\\tests\\integration\\critical_paths\\test_jwt_token_expiry_handling.py:265: PytestUnknownMarkWarning: Unknown pytest.mark.timeout - is this a typo?  You can register custom marks to avoid this warning - for details, see https://docs.pytest.org/en/stable/how-to/mark.html\n    @pytest.mark.timeout(60)\n\ntests\\integration\\critical_paths\\test_jwt_token_expiry_handling.py:300\n  C:\\Users\\antho\\OneDrive\\Desktop\\Netra\\netra-core-generation-1\\netra_backend\\tests\\integration\\critical_paths\\test_jwt_token_expiry_handling.py:300: PytestUnknownMarkWarning: Unknown pytest.mark.timeout - is this a typo?  You can register custom marks to avoid this warning - for details, see https://docs.pytest.org/en/stable/how-to/mark.html\n    @pytest.mark.timeout(90)\n\ntests\\integration\\critical_paths\\test_jwt_token_expiry_handling.py:347\n  C:\\Users\\antho\\OneDrive\\Desktop\\Netra\\netra-core-generation-1\\netra_backend\\tests\\integration\\critical_paths\\test_jwt_token_expiry_handling.py:347: PytestUnknownMarkWarning: Unknown pytest.mark.timeout - is this a typo?  You can register custom marks to avoid this warning - for details, see https://docs.pytest.org/en/stable/how-to/mark.html\n    @pytest.mark.timeout(60)\n\ntests\\integration\\critical_paths\\test_jwt_token_expiry_handling.py:393\n  C:\\Users\\antho\\OneDrive\\Desktop\\Netra\\netra-core-generation-1\\netra_backend\\tests\\integration\\critical_paths\\test_jwt_token_expiry_handling.py:393: PytestUnknownMarkWarning: Unknown pytest.mark.timeout - is this a typo?  You can register custom marks to avoid this warning - for details, see https://docs.pytest.org/en/stable/how-to/mark.html\n    @pytest.mark.timeout(60)\n\ntests\\integration\\critical_paths\\test_jwt_token_expiry_handling.py:445\n  C:\\Users\\antho\\OneDrive\\Desktop\\Netra\\netra-core-generation-1\\netra_backend\\tests\\integration\\critical_paths\\test_jwt_token_expiry_handling.py:445: PytestUnknownMarkWarning: Unknown pytest.mark.timeout - is this a typo?  You can register custom marks to avoid this warning - for details, see https://docs.pytest.org/en/stable/how-to/mark.html\n    @pytest.mark.timeout(60)\n\ntests\\integration\\critical_paths\\test_jwt_token_expiry_handling.py:478\n  C:\\Users\\antho\\OneDrive\\Desktop\\Netra\\netra-core-generation-1\\netra_backend\\tests\\integration\\critical_paths\\test_jwt_token_expiry_handling.py:478: PytestUnknownMarkWarning: Unknown pytest.mark.timeout - is this a typo?  You can register custom marks to avoid this warning - for details, see https://docs.pytest.org/en/stable/how-to/mark.html\n    @pytest.mark.timeout(60)\n\ntests\\integration\\critical_paths\\test_jwt_token_propagation_l4.py:981\n  C:\\Users\\antho\\OneDrive\\Desktop\\Netra\\netra-core-generation-1\\netra_backend\\tests\\integration\\critical_paths\\test_jwt_token_propagation_l4.py:981: PytestUnknownMarkWarning: Unknown pytest.mark.critical_path - is this a typo?  You can register custom marks to avoid this warning - for details, see https://docs.pytest.org/en/stable/how-to/mark.html\n    @pytest.mark.critical_path\n\ntests\\integration\\critical_paths\\test_llm_agent_orchestration_l4.py:753\n  C:\\Users\\antho\\OneDrive\\Desktop\\Netra\\netra-core-generation-1\\netra_backend\\tests\\integration\\critical_paths\\test_llm_agent_orchestration_l4.py:753: PytestUnknownMarkWarning: Unknown pytest.mark.llm_integration - is this a typo?  You can register custom marks to avoid this warning - for details, see https://docs.pytest.org/en/stable/how-to/mark.html\n    @pytest.mark.llm_integration\n\ntests\\integration\\critical_paths\\test_llm_agent_orchestration_l4.py:778\n  C:\\Users\\antho\\OneDrive\\Desktop\\Netra\\netra-core-generation-1\\netra_backend\\tests\\integration\\critical_paths\\test_llm_agent_orchestration_l4.py:778: PytestUnknownMarkWarning: Unknown pytest.mark.cost_validation - is this a typo?  You can register custom marks to avoid this warning - for details, see https://docs.pytest.org/en/stable/how-to/mark.html\n    @pytest.mark.cost_validation\n\ntests\\integration\\critical_paths\\test_log_aggregation_pipeline.py:38\n  C:\\Users\\antho\\OneDrive\\Desktop\\Netra\\netra-core-generation-1\\netra_backend\\tests\\integration\\critical_paths\\test_log_aggregation_pipeline.py:38: PytestUnknownMarkWarning: Unknown pytest.mark.observability - is this a typo?  You can register custom marks to avoid this warning - for details, see https://docs.pytest.org/en/stable/how-to/mark.html\n    pytest.mark.observability,\n\ntests\\integration\\critical_paths\\test_log_aggregation_pipeline.py:39\n  C:\\Users\\antho\\OneDrive\\Desktop\\Netra\\netra-core-generation-1\\netra_backend\\tests\\integration\\critical_paths\\test_log_aggregation_pipeline.py:39: PytestUnknownMarkWarning: Unknown pytest.mark.logging - is this a typo?  You can register custom marks to avoid this warning - for details, see https://docs.pytest.org/en/stable/how-to/mark.html\n    pytest.mark.logging\n\ntests\\integration\\critical_paths\\test_message_queue_websocket_broadcast.py:631\n  C:\\Users\\antho\\OneDrive\\Desktop\\Netra\\netra-core-generation-1\\netra_backend\\tests\\integration\\critical_paths\\test_message_queue_websocket_broadcast.py:631: PytestUnknownMarkWarning: Unknown pytest.mark.l2_realism - is this a typo?  You can register custom marks to avoid this warning - for details, see https://docs.pytest.org/en/stable/how-to/mark.html\n    @pytest.mark.l2_realism\n\ntests\\integration\\critical_paths\\test_message_queue_websocket_broadcast.py:678\n  C:\\Users\\antho\\OneDrive\\Desktop\\Netra\\netra-core-generation-1\\netra_backend\\tests\\integration\\critical_paths\\test_message_queue_websocket_broadcast.py:678: PytestUnknownMarkWarning: Unknown pytest.mark.l2_realism - is this a typo?  You can register custom marks to avoid this warning - for details, see https://docs.pytest.org/en/stable/how-to/mark.html\n    @pytest.mark.l2_realism\n\ntests\\integration\\critical_paths\\test_message_queue_websocket_broadcast.py:723\n  C:\\Users\\antho\\OneDrive\\Desktop\\Netra\\netra-core-generation-1\\netra_backend\\tests\\integration\\critical_paths\\test_message_queue_websocket_broadcast.py:723: PytestUnknownMarkWarning: Unknown pytest.mark.l2_realism - is this a typo?  You can register custom marks to avoid this warning - for details, see https://docs.pytest.org/en/stable/how-to/mark.html\n    @pytest.mark.l2_realism\n\ntests\\integration\\critical_paths\\test_message_queue_websocket_broadcast.py:788\n  C:\\Users\\antho\\OneDrive\\Desktop\\Netra\\netra-core-generation-1\\netra_backend\\tests\\integration\\critical_paths\\test_message_queue_websocket_broadcast.py:788: PytestUnknownMarkWarning: Unknown pytest.mark.l2_realism - is this a typo?  You can register custom marks to avoid this warning - for details, see https://docs.pytest.org/en/stable/how-to/mark.html\n    @pytest.mark.l2_realism\n\ntests\\integration\\critical_paths\\test_message_queue_websocket_broadcast.py:831\n  C:\\Users\\antho\\OneDrive\\Desktop\\Netra\\netra-core-generation-1\\netra_backend\\tests\\integration\\critical_paths\\test_message_queue_websocket_broadcast.py:831: PytestUnknownMarkWarning: Unknown pytest.mark.l2_realism - is this a typo?  You can register custom marks to avoid this warning - for details, see https://docs.pytest.org/en/stable/how-to/mark.html\n    @pytest.mark.l2_realism\n\ntests\\integration\\critical_paths\\test_message_queue_websocket_broadcast.py:868\n  C:\\Users\\antho\\OneDrive\\Desktop\\Netra\\netra-core-generation-1\\netra_backend\\tests\\integration\\critical_paths\\test_message_queue_websocket_broadcast.py:868: PytestUnknownMarkWarning: Unknown pytest.mark.l2_realism - is this a typo?  You can register custom marks to avoid this warning - for details, see https://docs.pytest.org/en/stable/how-to/mark.html\n    @pytest.mark.l2_realism\n\ntests\\integration\\critical_paths\\test_message_queue_websocket_broadcast.py:917\n  C:\\Users\\antho\\OneDrive\\Desktop\\Netra\\netra-core-generation-1\\netra_backend\\tests\\integration\\critical_paths\\test_message_queue_websocket_broadcast.py:917: PytestUnknownMarkWarning: Unknown pytest.mark.l2_realism - is this a typo?  You can register custom marks to avoid this warning - for details, see https://docs.pytest.org/en/stable/how-to/mark.html\n    @pytest.mark.l2_realism\n\ntests\\integration\\critical_paths\\test_message_queue_websocket_broadcast.py:953\n  C:\\Users\\antho\\OneDrive\\Desktop\\Netra\\netra-core-generation-1\\netra_backend\\tests\\integration\\critical_paths\\test_message_queue_websocket_broadcast.py:953: PytestUnknownMarkWarning: Unknown pytest.mark.l2_realism - is this a typo?  You can register custom marks to avoid this warning - for details, see https://docs.pytest.org/en/stable/how-to/mark.html\n    @pytest.mark.l2_realism\n\ntests\\integration\\critical_paths\\test_message_queue_websocket_broadcast.py:987\n  C:\\Users\\antho\\OneDrive\\Desktop\\Netra\\netra-core-generation-1\\netra_backend\\tests\\integration\\critical_paths\\test_message_queue_websocket_broadcast.py:987: PytestUnknownMarkWarning: Unknown pytest.mark.l2_realism - is this a typo?  You can register custom marks to avoid this warning - for details, see https://docs.pytest.org/en/stable/how-to/mark.html\n    @pytest.mark.l2_realism\n\ntests\\integration\\critical_paths\\test_message_queue_websocket_broadcast.py:1023\n  C:\\Users\\antho\\OneDrive\\Desktop\\Netra\\netra-core-generation-1\\netra_backend\\tests\\integration\\critical_paths\\test_message_queue_websocket_broadcast.py:1023: PytestUnknownMarkWarning: Unknown pytest.mark.l2_realism - is this a typo?  You can register custom marks to avoid this warning - for details, see https://docs.pytest.org/en/stable/how-to/mark.html\n    @pytest.mark.l2_realism\n\ntests\\integration\\critical_paths\\test_metrics_cardinality_explosion.py:44\n  C:\\Users\\antho\\OneDrive\\Desktop\\Netra\\netra-core-generation-1\\netra_backend\\tests\\integration\\critical_paths\\test_metrics_cardinality_explosion.py:44: PytestUnknownMarkWarning: Unknown pytest.mark.observability - is this a typo?  You can register custom marks to avoid this warning - for details, see https://docs.pytest.org/en/stable/how-to/mark.html\n    pytest.mark.observability,\n\ntests\\integration\\critical_paths\\test_metrics_cardinality_explosion.py:45\n  C:\\Users\\antho\\OneDrive\\Desktop\\Netra\\netra-core-generation-1\\netra_backend\\tests\\integration\\critical_paths\\test_metrics_cardinality_explosion.py:45: PytestUnknownMarkWarning: Unknown pytest.mark.cardinality - is this a typo?  You can register custom marks to avoid this warning - for details, see https://docs.pytest.org/en/stable/how-to/mark.html\n    pytest.mark.cardinality\n\ntests\\integration\\critical_paths\\test_metrics_pipeline_l4.py:46\n  C:\\Users\\antho\\OneDrive\\Desktop\\Netra\\netra-core-generation-1\\netra_backend\\tests\\integration\\critical_paths\\test_metrics_pipeline_l4.py:46: PytestUnknownMarkWarning: Unknown pytest.mark.observability - is this a typo?  You can register custom marks to avoid this warning - for details, see https://docs.pytest.org/en/stable/how-to/mark.html\n    pytest.mark.observability,\n\ntests\\integration\\critical_paths\\test_metrics_retention_policy.py:37\n  C:\\Users\\antho\\OneDrive\\Desktop\\Netra\\netra-core-generation-1\\netra_backend\\tests\\integration\\critical_paths\\test_metrics_retention_policy.py:37: PytestUnknownMarkWarning: Unknown pytest.mark.observability - is this a typo?  You can register custom marks to avoid this warning - for details, see https://docs.pytest.org/en/stable/how-to/mark.html\n    pytest.mark.observability,\n\ntests\\integration\\critical_paths\\test_metrics_retention_policy.py:38\n  C:\\Users\\antho\\OneDrive\\Desktop\\Netra\\netra-core-generation-1\\netra_backend\\tests\\integration\\critical_paths\\test_metrics_retention_policy.py:38: PytestUnknownMarkWarning: Unknown pytest.mark.retention - is this a typo?  You can register custom marks to avoid this warning - for details, see https://docs.pytest.org/en/stable/how-to/mark.html\n    pytest.mark.retention\n\n..\\test_framework\\unified\\__init__.py:66\n  C:\\Users\\antho\\OneDrive\\Desktop\\Netra\\netra-core-generation-1\\test_framework\\unified\\__init__.py:66: DeprecationWarning: datetime.datetime.utcnow() is deprecated and scheduled for removal in a future version. Use timezone-aware objects to represent datetimes in UTC: datetime.datetime.now(datetime.UTC).\n    timestamp: datetime = datetime.utcnow()\n\napp\\core\\cache\\__init__.py:26\n  C:\\Users\\antho\\OneDrive\\Desktop\\Netra\\netra-core-generation-1\\netra_backend\\app\\core\\cache\\__init__.py:26: DeprecationWarning: datetime.datetime.utcnow() is deprecated and scheduled for removal in a future version. Use timezone-aware objects to represent datetimes in UTC: datetime.datetime.now(datetime.UTC).\n    created_at: datetime = datetime.utcnow()\n\napp\\schemas\\tenant.py:70\n  C:\\Users\\antho\\OneDrive\\Desktop\\Netra\\netra-core-generation-1\\netra_backend\\app\\schemas\\tenant.py:70: PydanticDeprecatedSince20: Pydantic V1 style `@validator` validators are deprecated. You should migrate to Pydantic V2 style `@field_validator` validators, see the migration guide for more details. Deprecated in Pydantic V2.0 to be removed in V3.0. See Pydantic V2 Migration Guide at https://errors.pydantic.dev/2.11/migration/\n    @validator('used')\n\napp\\schemas\\tenant.py:113\n  C:\\Users\\antho\\OneDrive\\Desktop\\Netra\\netra-core-generation-1\\netra_backend\\app\\schemas\\tenant.py:113: PydanticDeprecatedSince20: Pydantic V1 style `@validator` validators are deprecated. You should migrate to Pydantic V2 style `@field_validator` validators, see the migration guide for more details. Deprecated in Pydantic V2.0 to be removed in V3.0. See Pydantic V2 Migration Guide at https://errors.pydantic.dev/2.11/migration/\n    @validator('log_retention_days', 'metrics_retention_days', 'audit_retention_days')\n\napp\\schemas\\tenant.py:119\n  C:\\Users\\antho\\OneDrive\\Desktop\\Netra\\netra-core-generation-1\\netra_backend\\app\\schemas\\tenant.py:119: PydanticDeprecatedSince20: Pydantic V1 style `@validator` validators are deprecated. You should migrate to Pydantic V2 style `@field_validator` validators, see the migration guide for more details. Deprecated in Pydantic V2.0 to be removed in V3.0. See Pydantic V2 Migration Guide at https://errors.pydantic.dev/2.11/migration/\n    @validator('max_concurrent_agents', 'max_agent_memory_mb')\n\napp\\schemas\\tenant.py:140\n  C:\\Users\\antho\\OneDrive\\Desktop\\Netra\\netra-core-generation-1\\netra_backend\\app\\schemas\\tenant.py:140: PydanticDeprecatedSince20: Pydantic V1 style `@validator` validators are deprecated. You should migrate to Pydantic V2 style `@field_validator` validators, see the migration guide for more details. Deprecated in Pydantic V2.0 to be removed in V3.0. See Pydantic V2 Migration Guide at https://errors.pydantic.dev/2.11/migration/\n    @validator('database_schema', 'storage_prefix')\n\napp\\schemas\\tenant.py:180\n  C:\\Users\\antho\\OneDrive\\Desktop\\Netra\\netra-core-generation-1\\netra_backend\\app\\schemas\\tenant.py:180: PydanticDeprecatedSince20: Pydantic V1 style `@validator` validators are deprecated. You should migrate to Pydantic V2 style `@field_validator` validators, see the migration guide for more details. Deprecated in Pydantic V2.0 to be removed in V3.0. See Pydantic V2 Migration Guide at https://errors.pydantic.dev/2.11/migration/\n    @validator('slug')\n\napp\\schemas\\tenant.py:186\n  C:\\Users\\antho\\OneDrive\\Desktop\\Netra\\netra-core-generation-1\\netra_backend\\app\\schemas\\tenant.py:186: PydanticDeprecatedSince20: Pydantic V1 style `@validator` validators are deprecated. You should migrate to Pydantic V2 style `@field_validator` validators, see the migration guide for more details. Deprecated in Pydantic V2.0 to be removed in V3.0. See Pydantic V2 Migration Guide at https://errors.pydantic.dev/2.11/migration/\n    @validator('contact_email', 'billing_email')\n\napp\\schemas\\tenant.py:192\n  C:\\Users\\antho\\OneDrive\\Desktop\\Netra\\netra-core-generation-1\\netra_backend\\app\\schemas\\tenant.py:192: PydanticDeprecatedSince20: Pydantic V1 style `@validator` validators are deprecated. You should migrate to Pydantic V2 style `@field_validator` validators, see the migration guide for more details. Deprecated in Pydantic V2.0 to be removed in V3.0. See Pydantic V2 Migration Guide at https://errors.pydantic.dev/2.11/migration/\n    @validator('subscription_tier', pre=True)\n\n-- Docs: https://docs.pytest.org/en/stable/how-to/capture-warnings.html\n=========================== short test summary info ===========================\nERROR tests/integration/critical_paths/test_multi_tenant_isolation.py\n!!!!!!!!!!!!!!!!!!!!!!!!!! stopping after 1 failures !!!!!!!!!!!!!!!!!!!!!!!!!!\n======================= 186 warnings, 1 error in 22.62s =======================\n",
      "errors": ""
    },
    "auth": {
      "success": false,
      "duration": 41.17684626579285,
      "output": "============================= test session starts =============================\nplatform win32 -- Python 3.12.3, pytest-8.4.1, pluggy-1.6.0\nrootdir: C:\\Users\\antho\\OneDrive\\Desktop\\Netra\\netra-core-generation-1\\auth_service\nconfigfile: pytest.ini\nplugins: anyio-4.9.0, Faker-37.5.3, langsmith-0.4.15, asyncio-1.1.0, cov-6.2.1, mock-3.14.1, xdist-3.8.0\nasyncio: mode=Mode.STRICT, asyncio_default_fixture_loop_scope=None, asyncio_default_test_loop_scope=function\ncollected 204 items\n\ntests\\integration\\test_auth_oauth_errors.py ........                     [  3%]\ntests\\integration\\test_auth_oauth_google.py ........                     [  7%]\ntests\\integration\\test_oauth_comprehensive_failures.py ................. [ 16%]\n............sss                                                          [ 23%]\ntests\\integration\\test_oauth_flows_auth.py ..                            [ 24%]\ntests\\integration\\test_oauth_flows_core.py ...                           [ 25%]\ntests\\integration\\test_oauth_flows_sync.py ............                  [ 31%]\ntests\\test_auth_token_generation.py ..........                           [ 36%]\ntests\\test_auth_token_security.py ..................                     [ 45%]\ntests\\test_auth_token_validation.py ...F\n\n================================== FAILURES ===================================\n______ TestJWTTokenValidation.test_validate_token_concurrent_validation _______\n\nself = <auth_service.tests.test_auth_token_validation.TestJWTTokenValidation testMethod=test_validate_token_concurrent_validation>\n\n    def test_validate_token_concurrent_validation(self):\n        \"\"\"Test concurrent token validation for race conditions\"\"\"\n        import queue\n        import threading\n    \n        # Create valid token\n        token = self.jwt_handler.create_access_token(self.test_user_id, self.test_email)\n    \n        # Setup concurrent validation\n        results = queue.Queue()\n        thread_count = 10\n        validations_per_thread = 10\n    \n        def validate_tokens():\n            thread_results = []\n            for _ in range(validations_per_thread):\n                payload = self.jwt_handler.validate_token(token, \"access\")\n                thread_results.append(payload is not None)\n            results.put(thread_results)\n    \n        # Start concurrent validation threads\n        threads = []\n        for _ in range(thread_count):\n            thread = threading.Thread(target=validate_tokens)\n            threads.append(thread)\n            thread.start()\n    \n        # Wait for all threads to complete\n        for thread in threads:\n            thread.join()\n    \n        # Collect results\n        all_results = []\n        while not results.empty():\n            thread_results = results.get()\n            all_results.extend(thread_results)\n    \n        # All validations should succeed\n        successful_validations = sum(all_results)\n        total_validations = thread_count * validations_per_thread\n    \n>       assert successful_validations == total_validations, \\\n            f\"Concurrent validation failed: {successful_validations}/{total_validations}\"\nE       AssertionError: Concurrent validation failed: 1/100\nE       assert 1 == 100\n\ntests\\test_auth_token_validation.py:319: AssertionError\n------------------------------ Captured log call ------------------------------\nWARNING  auth_service.auth_core.core.jwt_handler:jwt_handler.py:309 Token ID already used (replay attack): 3aa2ff8e-2ad2-4755-9a05-0e36e89baa80\nWARNING  auth_service.auth_core.core.jwt_handler:jwt_handler.py:127 Cross-service token validation failed\nWARNING  auth_service.auth_core.core.jwt_handler:jwt_handler.py:309 Token ID already used (replay attack): 3aa2ff8e-2ad2-4755-9a05-0e36e89baa80\nWARNING  auth_service.auth_core.core.jwt_handler:jwt_handler.py:127 Cross-service token validation failed\nWARNING  auth_service.auth_core.core.jwt_handler:jwt_handler.py:309 Token ID already used (replay attack): 3aa2ff8e-2ad2-4755-9a05-0e36e89baa80\nWARNING  auth_service.auth_core.core.jwt_handler:jwt_handler.py:127 Cross-service token validation failed\nWARNING  auth_service.auth_core.core.jwt_handler:jwt_handler.py:309 Token ID already used (replay attack): 3aa2ff8e-2ad2-4755-9a05-0e36e89baa80\nWARNING  auth_service.auth_core.core.jwt_handler:jwt_handler.py:127 Cross-service token validation failed\nWARNING  auth_service.auth_core.core.jwt_handler:jwt_handler.py:309 Token ID already used (replay attack): 3aa2ff8e-2ad2-4755-9a05-0e36e89baa80\nWARNING  auth_service.auth_core.core.jwt_handler:jwt_handler.py:309 Token ID already used (replay attack): 3aa2ff8e-2ad2-4755-9a05-0e36e89baa80\nWARNING  auth_service.auth_core.core.jwt_handler:jwt_handler.py:127 Cross-service token validation failed\nWARNING  auth_service.auth_core.core.jwt_handler:jwt_handler.py:127 Cross-service token validation failed\nWARNING  auth_service.auth_core.core.jwt_handler:jwt_handler.py:309 Token ID already used (replay attack): 3aa2ff8e-2ad2-4755-9a05-0e36e89baa80\nWARNING  auth_service.auth_core.core.jwt_handler:jwt_handler.py:309 Token ID already used (replay attack): 3aa2ff8e-2ad2-4755-9a05-0e36e89baa80\nWARNING  auth_service.auth_core.core.jwt_handler:jwt_handler.py:309 Token ID already used (replay attack): 3aa2ff8e-2ad2-4755-9a05-0e36e89baa80\nWARNING  auth_service.auth_core.core.jwt_handler:jwt_handler.py:127 Cross-service token validation failed\nWARNING  auth_service.auth_core.core.jwt_handler:jwt_handler.py:127 Cross-service token validation failed\nWARNING  auth_service.auth_core.core.jwt_handler:jwt_handler.py:309 Token ID already used (replay attack): 3aa2ff8e-2ad2-4755-9a05-0e36e89baa80\nWARNING  auth_service.auth_core.core.jwt_handler:jwt_handler.py:127 Cross-service token validation failed\nWARNING  auth_service.auth_core.core.jwt_handler:jwt_handler.py:309 Token ID already used (replay attack): 3aa2ff8e-2ad2-4755-9a05-0e36e89baa80\nWARNING  auth_service.auth_core.core.jwt_handler:jwt_handler.py:309 Token ID already used (replay attack): 3aa2ff8e-2ad2-4755-9a05-0e36e89baa80\nWARNING  auth_service.auth_core.core.jwt_handler:jwt_handler.py:127 Cross-service token validation failed\nWARNING  auth_service.auth_core.core.jwt_handler:jwt_handler.py:309 Token ID already used (replay attack): 3aa2ff8e-2ad2-4755-9a05-0e36e89baa80\nWARNING  auth_service.auth_core.core.jwt_handler:jwt_handler.py:309 Token ID already used (replay attack): 3aa2ff8e-2ad2-4755-9a05-0e36e89baa80\nWARNING  auth_service.auth_core.core.jwt_handler:jwt_handler.py:127 Cross-service token validation failed\nWARNING  auth_service.auth_core.core.jwt_handler:jwt_handler.py:127 Cross-service token validation failed\nWARNING  auth_service.auth_core.core.jwt_handler:jwt_handler.py:309 Token ID already used (replay attack): 3aa2ff8e-2ad2-4755-9a05-0e36e89baa80\nWARNING  auth_service.auth_core.core.jwt_handler:jwt_handler.py:309 Token ID already used (replay attack): 3aa2ff8e-2ad2-4755-9a05-0e36e89baa80\nWARNING  auth_service.auth_core.core.jwt_handler:jwt_handler.py:127 Cross-service token validation failed\nWARNING  auth_service.auth_core.core.jwt_handler:jwt_handler.py:127 Cross-service token validation failed\nWARNING  auth_service.auth_core.core.jwt_handler:jwt_handler.py:309 Token ID already used (replay attack): 3aa2ff8e-2ad2-4755-9a05-0e36e89baa80\nWARNING  auth_service.auth_core.core.jwt_handler:jwt_handler.py:309 Token ID already used (replay attack): 3aa2ff8e-2ad2-4755-9a05-0e36e89baa80\nWARNING  auth_service.auth_core.core.jwt_handler:jwt_handler.py:309 Token ID already used (replay attack): 3aa2ff8e-2ad2-4755-9a05-0e36e89baa80\nWARNING  auth_service.auth_core.core.jwt_handler:jwt_handler.py:127 Cross-service token validation failed\nWARNING  auth_service.auth_core.core.jwt_handler:jwt_handler.py:127 Cross-service token validation failed\nWARNING  auth_service.auth_core.core.jwt_handler:jwt_handler.py:309 Token ID already used (replay attack): 3aa2ff8e-2ad2-4755-9a05-0e36e89baa80\nWARNING  auth_service.auth_core.core.jwt_handler:jwt_handler.py:309 Token ID already used (replay attack): 3aa2ff8e-2ad2-4755-9a05-0e36e89baa80\nWARNING  auth_service.auth_core.core.jwt_handler:jwt_handler.py:309 Token ID already used (replay attack): 3aa2ff8e-2ad2-4755-9a05-0e36e89baa80\nWARNING  auth_service.auth_core.core.jwt_handler:jwt_handler.py:127 Cross-service token validation failed\nWARNING  auth_service.auth_core.core.jwt_handler:jwt_handler.py:127 Cross-service token validation failed\nWARNING  auth_service.auth_core.core.jwt_handler:jwt_handler.py:127 Cross-service token validation failed\nWARNING  auth_service.auth_core.core.jwt_handler:jwt_handler.py:309 Token ID already used (replay attack): 3aa2ff8e-2ad2-4755-9a05-0e36e89baa80\nWARNING  auth_service.auth_core.core.jwt_handler:jwt_handler.py:309 Token ID already used (replay attack): 3aa2ff8e-2ad2-4755-9a05-0e36e89baa80\nWARNING  auth_service.auth_core.core.jwt_handler:jwt_handler.py:309 Token ID already used (replay attack): 3aa2ff8e-2ad2-4755-9a05-0e36e89baa80\nWARNING  auth_service.auth_core.core.jwt_handler:jwt_handler.py:127 Cross-service token validation failed\nWARNING  auth_service.auth_core.core.jwt_handler:jwt_handler.py:127 Cross-service token validation failed\nWARNING  auth_service.auth_core.core.jwt_handler:jwt_handler.py:309 Token ID already used (replay attack): 3aa2ff8e-2ad2-4755-9a05-0e36e89baa80\nWARNING  auth_service.auth_core.core.jwt_handler:jwt_handler.py:127 Cross-service token validation failed\nWARNING  auth_service.auth_core.core.jwt_handler:jwt_handler.py:309 Token ID already used (replay attack): 3aa2ff8e-2ad2-4755-9a05-0e36e89baa80\nWARNING  auth_service.auth_core.core.jwt_handler:jwt_handler.py:309 Token ID already used (replay attack): 3aa2ff8e-2ad2-4755-9a05-0e36e89baa80\nWARNING  auth_service.auth_core.core.jwt_handler:jwt_handler.py:309 Token ID already used (replay attack): 3aa2ff8e-2ad2-4755-9a05-0e36e89baa80\nWARNING  auth_service.auth_core.core.jwt_handler:jwt_handler.py:127 Cross-service token validation failed\nWARNING  auth_service.auth_core.core.jwt_handler:jwt_handler.py:127 Cross-service token validation failed\nWARNING  auth_service.auth_core.core.jwt_handler:jwt_handler.py:127 Cross-service token validation failed\nWARNING  auth_service.auth_core.core.jwt_handler:jwt_handler.py:309 Token ID already used (replay attack): 3aa2ff8e-2ad2-4755-9a05-0e36e89baa80\nWARNING  auth_service.auth_core.core.jwt_handler:jwt_handler.py:127 Cross-service token validation failed\nWARNING  auth_service.auth_core.core.jwt_handler:jwt_handler.py:309 Token ID already used (replay attack): 3aa2ff8e-2ad2-4755-9a05-0e36e89baa80\nWARNING  auth_service.auth_core.core.jwt_handler:jwt_handler.py:309 Token ID already used (replay attack): 3aa2ff8e-2ad2-4755-9a05-0e36e89baa80\nWARNING  auth_service.auth_core.core.jwt_handler:jwt_handler.py:127 Cross-service token validation failed\nWARNING  auth_service.auth_core.core.jwt_handler:jwt_handler.py:127 Cross-service token validation failed\nWARNING  auth_service.auth_core.core.jwt_handler:jwt_handler.py:127 Cross-service token validation failed\nWARNING  auth_service.auth_core.core.jwt_handler:jwt_handler.py:309 Token ID already used (replay attack): 3aa2ff8e-2ad2-4755-9a05-0e36e89baa80\nWARNING  auth_service.auth_core.core.jwt_handler:jwt_handler.py:309 Token ID already used (replay attack): 3aa2ff8e-2ad2-4755-9a05-0e36e89baa80\nWARNING  auth_service.auth_core.core.jwt_handler:jwt_handler.py:309 Token ID already used (replay attack): 3aa2ff8e-2ad2-4755-9a05-0e36e89baa80\nWARNING  auth_service.auth_core.core.jwt_handler:jwt_handler.py:127 Cross-service token validation failed\nWARNING  auth_service.auth_core.core.jwt_handler:jwt_handler.py:309 Token ID already used (replay attack): 3aa2ff8e-2ad2-4755-9a05-0e36e89baa80\nWARNING  auth_service.auth_core.core.jwt_handler:jwt_handler.py:127 Cross-service token validation failed\nWARNING  auth_service.auth_core.core.jwt_handler:jwt_handler.py:127 Cross-service token validation failed\nWARNING  auth_service.auth_core.core.jwt_handler:jwt_handler.py:309 Token ID already used (replay attack): 3aa2ff8e-2ad2-4755-9a05-0e36e89baa80\nWARNING  auth_service.auth_core.core.jwt_handler:jwt_handler.py:309 Token ID already used (replay attack): 3aa2ff8e-2ad2-4755-9a05-0e36e89baa80\nWARNING  auth_service.auth_core.core.jwt_handler:jwt_handler.py:127 Cross-service token validation failed\nWARNING  auth_service.auth_core.core.jwt_handler:jwt_handler.py:127 Cross-service token validation failed\nWARNING  auth_service.auth_core.core.jwt_handler:jwt_handler.py:127 Cross-service token validation failed\nWARNING  auth_service.auth_core.core.jwt_handler:jwt_handler.py:309 Token ID already used (replay attack): 3aa2ff8e-2ad2-4755-9a05-0e36e89baa80\nWARNING  auth_service.auth_core.core.jwt_handler:jwt_handler.py:127 Cross-service token validation failed\nWARNING  auth_service.auth_core.core.jwt_handler:jwt_handler.py:309 Token ID already used (replay attack): 3aa2ff8e-2ad2-4755-9a05-0e36e89baa80\nWARNING  auth_service.auth_core.core.jwt_handler:jwt_handler.py:127 Cross-service token validation failed\nWARNING  auth_service.auth_core.core.jwt_handler:jwt_handler.py:127 Cross-service token validation failed\nWARNING  auth_service.auth_core.core.jwt_handler:jwt_handler.py:127 Cross-service token validation failed\nWARNING  auth_service.auth_core.core.jwt_handler:jwt_handler.py:309 Token ID already used (replay attack): 3aa2ff8e-2ad2-4755-9a05-0e36e89baa80\nWARNING  auth_service.auth_core.core.jwt_handler:jwt_handler.py:309 Token ID already used (replay attack): 3aa2ff8e-2ad2-4755-9a05-0e36e89baa80\nWARNING  auth_service.auth_core.core.jwt_handler:jwt_handler.py:127 Cross-service token validation failed\nWARNING  auth_service.auth_core.core.jwt_handler:jwt_handler.py:127 Cross-service token validation failed\nWARNING  auth_service.auth_core.core.jwt_handler:jwt_handler.py:309 Token ID already used (replay attack): 3aa2ff8e-2ad2-4755-9a05-0e36e89baa80\nWARNING  auth_service.auth_core.core.jwt_handler:jwt_handler.py:309 Token ID already used (replay attack): 3aa2ff8e-2ad2-4755-9a05-0e36e89baa80\nWARNING  auth_service.auth_core.core.jwt_handler:jwt_handler.py:309 Token ID already used (replay attack): 3aa2ff8e-2ad2-4755-9a05-0e36e89baa80\nWARNING  auth_service.auth_core.core.jwt_handler:jwt_handler.py:309 Token ID already used (replay attack): 3aa2ff8e-2ad2-4755-9a05-0e36e89baa80\nWARNING  auth_service.auth_core.core.jwt_handler:jwt_handler.py:309 Token ID already used (replay attack): 3aa2ff8e-2ad2-4755-9a05-0e36e89baa80\nWARNING  auth_service.auth_core.core.jwt_handler:jwt_handler.py:127 Cross-service token validation failed\nWARNING  auth_service.auth_core.core.jwt_handler:jwt_handler.py:309 Token ID already used (replay attack): 3aa2ff8e-2ad2-4755-9a05-0e36e89baa80\nWARNING  auth_service.auth_core.core.jwt_handler:jwt_handler.py:309 Token ID already used (replay attack): 3aa2ff8e-2ad2-4755-9a05-0e36e89baa80\nWARNING  auth_service.auth_core.core.jwt_handler:jwt_handler.py:309 Token ID already used (replay attack): 3aa2ff8e-2ad2-4755-9a05-0e36e89baa80\nWARNING  auth_service.auth_core.core.jwt_handler:jwt_handler.py:127 Cross-service token validation failed\nWARNING  auth_service.auth_core.core.jwt_handler:jwt_handler.py:127 Cross-service token validation failed\nWARNING  auth_service.auth_core.core.jwt_handler:jwt_handler.py:127 Cross-service token validation failed\nWARNING  auth_service.auth_core.core.jwt_handler:jwt_handler.py:127 Cross-service token validation failed\nWARNING  auth_service.auth_core.core.jwt_handler:jwt_handler.py:127 Cross-service token validation failed\nWARNING  auth_service.auth_core.core.jwt_handler:jwt_handler.py:309 Token ID already used (replay attack): 3aa2ff8e-2ad2-4755-9a05-0e36e89baa80\nWARNING  auth_service.auth_core.core.jwt_handler:jwt_handler.py:127 Cross-service token validation failed\nWARNING  auth_service.auth_core.core.jwt_handler:jwt_handler.py:127 Cross-service token validation failed\nWARNING  auth_service.auth_core.core.jwt_handler:jwt_handler.py:127 Cross-service token validation failed\nWARNING  auth_service.auth_core.core.jwt_handler:jwt_handler.py:309 Token ID already used (replay attack): 3aa2ff8e-2ad2-4755-9a05-0e36e89baa80\nWARNING  auth_service.auth_core.core.jwt_handler:jwt_handler.py:127 Cross-service token validation failed\nWARNING  auth_service.auth_core.core.jwt_handler:jwt_handler.py:309 Token ID already used (replay attack): 3aa2ff8e-2ad2-4755-9a05-0e36e89baa80\nWARNING  auth_service.auth_core.core.jwt_handler:jwt_handler.py:309 Token ID already used (replay attack): 3aa2ff8e-2ad2-4755-9a05-0e36e89baa80\nWARNING  auth_service.auth_core.core.jwt_handler:jwt_handler.py:309 Token ID already used (replay attack): 3aa2ff8e-2ad2-4755-9a05-0e36e89baa80\nWARNING  auth_service.auth_core.core.jwt_handler:jwt_handler.py:127 Cross-service token validation failed\nWARNING  auth_service.auth_core.core.jwt_handler:jwt_handler.py:309 Token ID already used (replay attack): 3aa2ff8e-2ad2-4755-9a05-0e36e89baa80\nWARNING  auth_service.auth_core.core.jwt_handler:jwt_handler.py:309 Token ID already used (replay attack): 3aa2ff8e-2ad2-4755-9a05-0e36e89baa80\nWARNING  auth_service.auth_core.core.jwt_handler:jwt_handler.py:309 Token ID already used (replay attack): 3aa2ff8e-2ad2-4755-9a05-0e36e89baa80\nWARNING  auth_service.auth_core.core.jwt_handler:jwt_handler.py:309 Token ID already used (replay attack): 3aa2ff8e-2ad2-4755-9a05-0e36e89baa80\nWARNING  auth_service.auth_core.core.jwt_handler:jwt_handler.py:127 Cross-service token validation failed\nWARNING  auth_service.auth_core.core.jwt_handler:jwt_handler.py:127 Cross-service token validation failed\nWARNING  auth_service.auth_core.core.jwt_handler:jwt_handler.py:127 Cross-service token validation failed\nWARNING  auth_service.auth_core.core.jwt_handler:jwt_handler.py:127 Cross-service token validation failed\nWARNING  auth_service.auth_core.core.jwt_handler:jwt_handler.py:309 Token ID already used (replay attack): 3aa2ff8e-2ad2-4755-9a05-0e36e89baa80\nWARNING  auth_service.auth_core.core.jwt_handler:jwt_handler.py:127 Cross-service token validation failed\nWARNING  auth_service.auth_core.core.jwt_handler:jwt_handler.py:127 Cross-service token validation failed\nWARNING  auth_service.auth_core.core.jwt_handler:jwt_handler.py:127 Cross-service token validation failed\nWARNING  auth_service.auth_core.core.jwt_handler:jwt_handler.py:309 Token ID already used (replay attack): 3aa2ff8e-2ad2-4755-9a05-0e36e89baa80\nWARNING  auth_service.auth_core.core.jwt_handler:jwt_handler.py:309 Token ID already used (replay attack): 3aa2ff8e-2ad2-4755-9a05-0e36e89baa80\nWARNING  auth_service.auth_core.core.jwt_handler:jwt_handler.py:127 Cross-service token validation failed\nWARNING  auth_service.auth_core.core.jwt_handler:jwt_handler.py:309 Token ID already used (replay attack): 3aa2ff8e-2ad2-4755-9a05-0e36e89baa80\nWARNING  auth_service.auth_core.core.jwt_handler:jwt_handler.py:309 Token ID already used (replay attack): 3aa2ff8e-2ad2-4755-9a05-0e36e89baa80\nWARNING  auth_service.auth_core.core.jwt_handler:jwt_handler.py:127 Cross-service token validation failed\nWARNING  auth_service.auth_core.core.jwt_handler:jwt_handler.py:309 Token ID already used (replay attack): 3aa2ff8e-2ad2-4755-9a05-0e36e89baa80\nWARNING  auth_service.auth_core.core.jwt_handler:jwt_handler.py:309 Token ID already used (replay attack): 3aa2ff8e-2ad2-4755-9a05-0e36e89baa80\nWARNING  auth_service.auth_core.core.jwt_handler:jwt_handler.py:127 Cross-service token validation failed\nWARNING  auth_service.auth_core.core.jwt_handler:jwt_handler.py:309 Token ID already used (replay attack): 3aa2ff8e-2ad2-4755-9a05-0e36e89baa80\nWARNING  auth_service.auth_core.core.jwt_handler:jwt_handler.py:309 Token ID already used (replay attack): 3aa2ff8e-2ad2-4755-9a05-0e36e89baa80\nWARNING  auth_service.auth_core.core.jwt_handler:jwt_handler.py:309 Token ID already used (replay attack): 3aa2ff8e-2ad2-4755-9a05-0e36e89baa80\nWARNING  auth_service.auth_core.core.jwt_handler:jwt_handler.py:127 Cross-service token validation failed\nWARNING  auth_service.auth_core.core.jwt_handler:jwt_handler.py:127 Cross-service token validation failed\nWARNING  auth_service.auth_core.core.jwt_handler:jwt_handler.py:309 Token ID already used (replay attack): 3aa2ff8e-2ad2-4755-9a05-0e36e89baa80\nWARNING  auth_service.auth_core.core.jwt_handler:jwt_handler.py:127 Cross-service token validation failed\nWARNING  auth_service.auth_core.core.jwt_handler:jwt_handler.py:127 Cross-service token validation failed\nWARNING  auth_service.auth_core.core.jwt_handler:jwt_handler.py:309 Token ID already used (replay attack): 3aa2ff8e-2ad2-4755-9a05-0e36e89baa80\nWARNING  auth_service.auth_core.core.jwt_handler:jwt_handler.py:127 Cross-service token validation failed\nWARNING  auth_service.auth_core.core.jwt_handler:jwt_handler.py:127 Cross-service token validation failed\nWARNING  auth_service.auth_core.core.jwt_handler:jwt_handler.py:127 Cross-service token validation failed\nWARNING  auth_service.auth_core.core.jwt_handler:jwt_handler.py:309 Token ID already used (replay attack): 3aa2ff8e-2ad2-4755-9a05-0e36e89baa80\nWARNING  auth_service.auth_core.core.jwt_handler:jwt_handler.py:127 Cross-service token validation failed\nWARNING  auth_service.auth_core.core.jwt_handler:jwt_handler.py:127 Cross-service token validation failed\nWARNING  auth_service.auth_core.core.jwt_handler:jwt_handler.py:309 Token ID already used (replay attack): 3aa2ff8e-2ad2-4755-9a05-0e36e89baa80\nWARNING  auth_service.auth_core.core.jwt_handler:jwt_handler.py:309 Token ID already used (replay attack): 3aa2ff8e-2ad2-4755-9a05-0e36e89baa80\nWARNING  auth_service.auth_core.core.jwt_handler:jwt_handler.py:127 Cross-service token validation failed\nWARNING  auth_service.auth_core.core.jwt_handler:jwt_handler.py:127 Cross-service token validation failed\nWARNING  auth_service.auth_core.core.jwt_handler:jwt_handler.py:309 Token ID already used (replay attack): 3aa2ff8e-2ad2-4755-9a05-0e36e89baa80\nWARNING  auth_service.auth_core.core.jwt_handler:jwt_handler.py:309 Token ID already used (replay attack): 3aa2ff8e-2ad2-4755-9a05-0e36e89baa80\nWARNING  auth_service.auth_core.core.jwt_handler:jwt_handler.py:309 Token ID already used (replay attack): 3aa2ff8e-2ad2-4755-9a05-0e36e89baa80\nWARNING  auth_service.auth_core.core.jwt_handler:jwt_handler.py:309 Token ID already used (replay attack): 3aa2ff8e-2ad2-4755-9a05-0e36e89baa80\nWARNING  auth_service.auth_core.core.jwt_handler:jwt_handler.py:309 Token ID already used (replay attack): 3aa2ff8e-2ad2-4755-9a05-0e36e89baa80\nWARNING  auth_service.auth_core.core.jwt_handler:jwt_handler.py:127 Cross-service token validation failed\nWARNING  auth_service.auth_core.core.jwt_handler:jwt_handler.py:309 Token ID already used (replay attack): 3aa2ff8e-2ad2-4755-9a05-0e36e89baa80\nWARNING  auth_service.auth_core.core.jwt_handler:jwt_handler.py:309 Token ID already used (replay attack): 3aa2ff8e-2ad2-4755-9a05-0e36e89baa80\nWARNING  auth_service.auth_core.core.jwt_handler:jwt_handler.py:309 Token ID already used (replay attack): 3aa2ff8e-2ad2-4755-9a05-0e36e89baa80\nWARNING  auth_service.auth_core.core.jwt_handler:jwt_handler.py:127 Cross-service token validation failed\nWARNING  auth_service.auth_core.core.jwt_handler:jwt_handler.py:127 Cross-service token validation failed\nWARNING  auth_service.auth_core.core.jwt_handler:jwt_handler.py:127 Cross-service token validation failed\nWARNING  auth_service.auth_core.core.jwt_handler:jwt_handler.py:127 Cross-service token validation failed\nWARNING  auth_service.auth_core.core.jwt_handler:jwt_handler.py:127 Cross-service token validation failed\nWARNING  auth_service.auth_core.core.jwt_handler:jwt_handler.py:309 Token ID already used (replay attack): 3aa2ff8e-2ad2-4755-9a05-0e36e89baa80\nWARNING  auth_service.auth_core.core.jwt_handler:jwt_handler.py:127 Cross-service token validation failed\nWARNING  auth_service.auth_core.core.jwt_handler:jwt_handler.py:127 Cross-service token validation failed\nWARNING  auth_service.auth_core.core.jwt_handler:jwt_handler.py:127 Cross-service token validation failed\nWARNING  auth_service.auth_core.core.jwt_handler:jwt_handler.py:309 Token ID already used (replay attack): 3aa2ff8e-2ad2-4755-9a05-0e36e89baa80\nWARNING  auth_service.auth_core.core.jwt_handler:jwt_handler.py:127 Cross-service token validation failed\nWARNING  auth_service.auth_core.core.jwt_handler:jwt_handler.py:309 Token ID already used (replay attack): 3aa2ff8e-2ad2-4755-9a05-0e36e89baa80\nWARNING  auth_service.auth_core.core.jwt_handler:jwt_handler.py:127 Cross-service token validation failed\nWARNING  auth_service.auth_core.core.jwt_handler:jwt_handler.py:127 Cross-service token validation failed\nWARNING  auth_service.auth_core.core.jwt_handler:jwt_handler.py:309 Token ID already used (replay attack): 3aa2ff8e-2ad2-4755-9a05-0e36e89baa80\nWARNING  auth_service.auth_core.core.jwt_handler:jwt_handler.py:309 Token ID already used (replay attack): 3aa2ff8e-2ad2-4755-9a05-0e36e89baa80\nWARNING  auth_service.auth_core.core.jwt_handler:jwt_handler.py:127 Cross-service token validation failed\nWARNING  auth_service.auth_core.core.jwt_handler:jwt_handler.py:309 Token ID already used (replay attack): 3aa2ff8e-2ad2-4755-9a05-0e36e89baa80\nWARNING  auth_service.auth_core.core.jwt_handler:jwt_handler.py:309 Token ID already used (replay attack): 3aa2ff8e-2ad2-4755-9a05-0e36e89baa80\nWARNING  auth_service.auth_core.core.jwt_handler:jwt_handler.py:309 Token ID already used (replay attack): 3aa2ff8e-2ad2-4755-9a05-0e36e89baa80\nWARNING  auth_service.auth_core.core.jwt_handler:jwt_handler.py:127 Cross-service token validation failed\nWARNING  auth_service.auth_core.core.jwt_handler:jwt_handler.py:127 Cross-service token validation failed\nWARNING  auth_service.auth_core.core.jwt_handler:jwt_handler.py:309 Token ID already used (replay attack): 3aa2ff8e-2ad2-4755-9a05-0e36e89baa80\nWARNING  auth_service.auth_core.core.jwt_handler:jwt_handler.py:127 Cross-service token validation failed\nWARNING  auth_service.auth_core.core.jwt_handler:jwt_handler.py:127 Cross-service token validation failed\nWARNING  auth_service.auth_core.core.jwt_handler:jwt_handler.py:309 Token ID already used (replay attack): 3aa2ff8e-2ad2-4755-9a05-0e36e89baa80\nWARNING  auth_service.auth_core.core.jwt_handler:jwt_handler.py:309 Token ID already used (replay attack): 3aa2ff8e-2ad2-4755-9a05-0e36e89baa80\nWARNING  auth_service.auth_core.core.jwt_handler:jwt_handler.py:309 Token ID already used (replay attack): 3aa2ff8e-2ad2-4755-9a05-0e36e89baa80\nWARNING  auth_service.auth_core.core.jwt_handler:jwt_handler.py:127 Cross-service token validation failed\nWARNING  auth_service.auth_core.core.jwt_handler:jwt_handler.py:127 Cross-service token validation failed\nWARNING  auth_service.auth_core.core.jwt_handler:jwt_handler.py:127 Cross-service token validation failed\nWARNING  auth_service.auth_core.core.jwt_handler:jwt_handler.py:127 Cross-service token validation failed\nWARNING  auth_service.auth_core.core.jwt_handler:jwt_handler.py:309 Token ID already used (replay attack): 3aa2ff8e-2ad2-4755-9a05-0e36e89baa80\nWARNING  auth_service.auth_core.core.jwt_handler:jwt_handler.py:309 Token ID already used (replay attack): 3aa2ff8e-2ad2-4755-9a05-0e36e89baa80\nWARNING  auth_service.auth_core.core.jwt_handler:jwt_handler.py:309 Token ID already used (replay attack): 3aa2ff8e-2ad2-4755-9a05-0e36e89baa80\nWARNING  auth_service.auth_core.core.jwt_handler:jwt_handler.py:127 Cross-service token validation failed\nWARNING  auth_service.auth_core.core.jwt_handler:jwt_handler.py:127 Cross-service token validation failed\nWARNING  auth_service.auth_core.core.jwt_handler:jwt_handler.py:127 Cross-service token validation failed\nWARNING  auth_service.auth_core.core.jwt_handler:jwt_handler.py:309 Token ID already used (replay attack): 3aa2ff8e-2ad2-4755-9a05-0e36e89baa80\nWARNING  auth_service.auth_core.core.jwt_handler:jwt_handler.py:309 Token ID already used (replay attack): 3aa2ff8e-2ad2-4755-9a05-0e36e89baa80\nWARNING  auth_service.auth_core.core.jwt_handler:jwt_handler.py:127 Cross-service token validation failed\nWARNING  auth_service.auth_core.core.jwt_handler:jwt_handler.py:127 Cross-service token validation failed\n============================== warnings summary ===============================\n..\\..\\..\\..\\..\\AppData\\Roaming\\Python\\Python312\\site-packages\\pydantic\\_internal\\_fields.py:198\n  C:\\Users\\antho\\AppData\\Roaming\\Python\\Python312\\site-packages\\pydantic\\_internal\\_fields.py:198: UserWarning: Field name \"schema\" in \"DataSample\" shadows an attribute in parent \"BaseModel\"\n    warnings.warn(\n\n..\\..\\..\\..\\..\\AppData\\Roaming\\Python\\Python312\\site-packages\\pydantic\\_internal\\_fields.py:198\n  C:\\Users\\antho\\AppData\\Roaming\\Python\\Python312\\site-packages\\pydantic\\_internal\\_fields.py:198: UserWarning: Field name \"schema\" in \"DataCatalog\" shadows an attribute in parent \"BaseModel\"\n    warnings.warn(\n\ntests\\integration\\test_oauth_comprehensive_failures.py:1245\n  C:\\Users\\antho\\OneDrive\\Desktop\\Netra\\netra-core-generation-1\\auth_service\\tests\\integration\\test_oauth_comprehensive_failures.py:1245: PytestUnknownMarkWarning: Unknown pytest.mark.staging - is this a typo?  You can register custom marks to avoid this warning - for details, see https://docs.pytest.org/en/stable/how-to/mark.html\n    @pytest.mark.staging\n\ntests\\integration\\test_oauth_comprehensive_failures.py:1288\n  C:\\Users\\antho\\OneDrive\\Desktop\\Netra\\netra-core-generation-1\\auth_service\\tests\\integration\\test_oauth_comprehensive_failures.py:1288: PytestUnknownMarkWarning: Unknown pytest.mark.staging - is this a typo?  You can register custom marks to avoid this warning - for details, see https://docs.pytest.org/en/stable/how-to/mark.html\n    @pytest.mark.staging\n\ntests/integration/test_auth_oauth_errors.py::TestOAuthErrorHandling::test_oauth_invalid_state_parameter\n  C:\\Users\\antho\\OneDrive\\Desktop\\Netra\\netra-core-generation-1\\auth_service\\tests\\conftest.py:59: DeprecationWarning: There is no current event loop\n    loop = asyncio.get_event_loop()\n\ntests/integration/test_auth_oauth_errors.py::TestOAuthErrorHandling::test_oauth_rate_limiting_behavior\n  C:\\Users\\antho\\AppData\\Roaming\\Python\\Python312\\site-packages\\_pytest\\threadexception.py:58: PytestUnhandledThreadExceptionWarning: Exception in thread Thread-130\n  \n  Traceback (most recent call last):\n    File \"C:\\Users\\antho\\AppData\\Roaming\\Python\\Python312\\site-packages\\aiosqlite\\core.py\", line 113, in run\n      get_loop(future).call_soon_threadsafe(set_result, future, result)\n    File \"C:\\Program Files\\Python312\\Lib\\asyncio\\base_events.py\", line 840, in call_soon_threadsafe\n      self._check_closed()\n    File \"C:\\Program Files\\Python312\\Lib\\asyncio\\base_events.py\", line 541, in _check_closed\n      raise RuntimeError('Event loop is closed')\n  RuntimeError: Event loop is closed\n  \n  During handling of the above exception, another exception occurred:\n  \n  Traceback (most recent call last):\n    File \"C:\\Program Files\\Python312\\Lib\\threading.py\", line 1073, in _bootstrap_inner\n      self.run()\n    File \"C:\\Users\\antho\\AppData\\Roaming\\Python\\Python312\\site-packages\\aiosqlite\\core.py\", line 121, in run\n      get_loop(future).call_soon_threadsafe(set_exception, future, e)\n    File \"C:\\Program Files\\Python312\\Lib\\asyncio\\base_events.py\", line 840, in call_soon_threadsafe\n      self._check_closed()\n    File \"C:\\Program Files\\Python312\\Lib\\asyncio\\base_events.py\", line 541, in _check_closed\n      raise RuntimeError('Event loop is closed')\n  RuntimeError: Event loop is closed\n  \n  Enable tracemalloc to get traceback where the object was allocated.\n  See https://docs.pytest.org/en/stable/how-to/capture-warnings.html#resource-warnings for more info.\n    warnings.warn(pytest.PytestUnhandledThreadExceptionWarning(msg))\n\ntests/integration/test_auth_oauth_errors.py::TestOAuthErrorHandling::test_oauth_rate_limiting_behavior\n  C:\\Users\\antho\\AppData\\Roaming\\Python\\Python312\\site-packages\\_pytest\\threadexception.py:58: PytestUnhandledThreadExceptionWarning: Exception in thread Thread-122\n  \n  Traceback (most recent call last):\n    File \"C:\\Users\\antho\\AppData\\Roaming\\Python\\Python312\\site-packages\\aiosqlite\\core.py\", line 113, in run\n      get_loop(future).call_soon_threadsafe(set_result, future, result)\n    File \"C:\\Program Files\\Python312\\Lib\\asyncio\\base_events.py\", line 840, in call_soon_threadsafe\n      self._check_closed()\n    File \"C:\\Program Files\\Python312\\Lib\\asyncio\\base_events.py\", line 541, in _check_closed\n      raise RuntimeError('Event loop is closed')\n  RuntimeError: Event loop is closed\n  \n  During handling of the above exception, another exception occurred:\n  \n  Traceback (most recent call last):\n    File \"C:\\Program Files\\Python312\\Lib\\threading.py\", line 1073, in _bootstrap_inner\n      self.run()\n    File \"C:\\Users\\antho\\AppData\\Roaming\\Python\\Python312\\site-packages\\aiosqlite\\core.py\", line 121, in run\n      get_loop(future).call_soon_threadsafe(set_exception, future, e)\n    File \"C:\\Program Files\\Python312\\Lib\\asyncio\\base_events.py\", line 840, in call_soon_threadsafe\n      self._check_closed()\n    File \"C:\\Program Files\\Python312\\Lib\\asyncio\\base_events.py\", line 541, in _check_closed\n      raise RuntimeError('Event loop is closed')\n  RuntimeError: Event loop is closed\n  \n  Enable tracemalloc to get traceback where the object was allocated.\n  See https://docs.pytest.org/en/stable/how-to/capture-warnings.html#resource-warnings for more info.\n    warnings.warn(pytest.PytestUnhandledThreadExceptionWarning(msg))\n\ntests/integration/test_auth_oauth_errors.py::TestOAuthErrorHandling::test_oauth_rate_limiting_behavior\n  C:\\Users\\antho\\AppData\\Roaming\\Python\\Python312\\site-packages\\_pytest\\threadexception.py:58: PytestUnhandledThreadExceptionWarning: Exception in thread Thread-118\n  \n  Traceback (most recent call last):\n    File \"C:\\Users\\antho\\AppData\\Roaming\\Python\\Python312\\site-packages\\aiosqlite\\core.py\", line 113, in run\n      get_loop(future).call_soon_threadsafe(set_result, future, result)\n    File \"C:\\Program Files\\Python312\\Lib\\asyncio\\base_events.py\", line 840, in call_soon_threadsafe\n      self._check_closed()\n    File \"C:\\Program Files\\Python312\\Lib\\asyncio\\base_events.py\", line 541, in _check_closed\n      raise RuntimeError('Event loop is closed')\n  RuntimeError: Event loop is closed\n  \n  During handling of the above exception, another exception occurred:\n  \n  Traceback (most recent call last):\n    File \"C:\\Program Files\\Python312\\Lib\\threading.py\", line 1073, in _bootstrap_inner\n      self.run()\n    File \"C:\\Users\\antho\\AppData\\Roaming\\Python\\Python312\\site-packages\\aiosqlite\\core.py\", line 121, in run\n      get_loop(future).call_soon_threadsafe(set_exception, future, e)\n    File \"C:\\Program Files\\Python312\\Lib\\asyncio\\base_events.py\", line 840, in call_soon_threadsafe\n      self._check_closed()\n    File \"C:\\Program Files\\Python312\\Lib\\asyncio\\base_events.py\", line 541, in _check_closed\n      raise RuntimeError('Event loop is closed')\n  RuntimeError: Event loop is closed\n  \n  Enable tracemalloc to get traceback where the object was allocated.\n  See https://docs.pytest.org/en/stable/how-to/capture-warnings.html#resource-warnings for more info.\n    warnings.warn(pytest.PytestUnhandledThreadExceptionWarning(msg))\n\ntests/integration/test_auth_oauth_errors.py::TestOAuthErrorHandling::test_oauth_rate_limiting_behavior\n  C:\\Users\\antho\\AppData\\Roaming\\Python\\Python312\\site-packages\\_pytest\\threadexception.py:58: PytestUnhandledThreadExceptionWarning: Exception in thread Thread-114\n  \n  Traceback (most recent call last):\n    File \"C:\\Users\\antho\\AppData\\Roaming\\Python\\Python312\\site-packages\\aiosqlite\\core.py\", line 113, in run\n      get_loop(future).call_soon_threadsafe(set_result, future, result)\n    File \"C:\\Program Files\\Python312\\Lib\\asyncio\\base_events.py\", line 840, in call_soon_threadsafe\n      self._check_closed()\n    File \"C:\\Program Files\\Python312\\Lib\\asyncio\\base_events.py\", line 541, in _check_closed\n      raise RuntimeError('Event loop is closed')\n  RuntimeError: Event loop is closed\n  \n  During handling of the above exception, another exception occurred:\n  \n  Traceback (most recent call last):\n    File \"C:\\Program Files\\Python312\\Lib\\threading.py\", line 1073, in _bootstrap_inner\n      self.run()\n    File \"C:\\Users\\antho\\AppData\\Roaming\\Python\\Python312\\site-packages\\aiosqlite\\core.py\", line 121, in run\n      get_loop(future).call_soon_threadsafe(set_exception, future, e)\n    File \"C:\\Program Files\\Python312\\Lib\\asyncio\\base_events.py\", line 840, in call_soon_threadsafe\n      self._check_closed()\n    File \"C:\\Program Files\\Python312\\Lib\\asyncio\\base_events.py\", line 541, in _check_closed\n      raise RuntimeError('Event loop is closed')\n  RuntimeError: Event loop is closed\n  \n  Enable tracemalloc to get traceback where the object was allocated.\n  See https://docs.pytest.org/en/stable/how-to/capture-warnings.html#resource-warnings for more info.\n    warnings.warn(pytest.PytestUnhandledThreadExceptionWarning(msg))\n\ntests/integration/test_auth_oauth_errors.py::TestOAuthErrorHandling::test_oauth_rate_limiting_behavior\n  C:\\Users\\antho\\AppData\\Roaming\\Python\\Python312\\site-packages\\_pytest\\threadexception.py:58: PytestUnhandledThreadExceptionWarning: Exception in thread Thread-106\n  \n  Traceback (most recent call last):\n    File \"C:\\Users\\antho\\AppData\\Roaming\\Python\\Python312\\site-packages\\aiosqlite\\core.py\", line 113, in run\n      get_loop(future).call_soon_threadsafe(set_result, future, result)\n    File \"C:\\Program Files\\Python312\\Lib\\asyncio\\base_events.py\", line 840, in call_soon_threadsafe\n      self._check_closed()\n    File \"C:\\Program Files\\Python312\\Lib\\asyncio\\base_events.py\", line 541, in _check_closed\n      raise RuntimeError('Event loop is closed')\n  RuntimeError: Event loop is closed\n  \n  During handling of the above exception, another exception occurred:\n  \n  Traceback (most recent call last):\n    File \"C:\\Program Files\\Python312\\Lib\\threading.py\", line 1073, in _bootstrap_inner\n      self.run()\n    File \"C:\\Users\\antho\\AppData\\Roaming\\Python\\Python312\\site-packages\\aiosqlite\\core.py\", line 121, in run\n      get_loop(future).call_soon_threadsafe(set_exception, future, e)\n    File \"C:\\Program Files\\Python312\\Lib\\asyncio\\base_events.py\", line 840, in call_soon_threadsafe\n      self._check_closed()\n    File \"C:\\Program Files\\Python312\\Lib\\asyncio\\base_events.py\", line 541, in _check_closed\n      raise RuntimeError('Event loop is closed')\n  RuntimeError: Event loop is closed\n  \n  Enable tracemalloc to get traceback where the object was allocated.\n  See https://docs.pytest.org/en/stable/how-to/capture-warnings.html#resource-warnings for more info.\n    warnings.warn(pytest.PytestUnhandledThreadExceptionWarning(msg))\n\ntests/integration/test_auth_oauth_errors.py::TestOAuthErrorHandling::test_oauth_rate_limiting_behavior\n  C:\\Users\\antho\\AppData\\Roaming\\Python\\Python312\\site-packages\\_pytest\\threadexception.py:58: PytestUnhandledThreadExceptionWarning: Exception in thread Thread-102\n  \n  Traceback (most recent call last):\n    File \"C:\\Users\\antho\\AppData\\Roaming\\Python\\Python312\\site-packages\\aiosqlite\\core.py\", line 113, in run\n      get_loop(future).call_soon_threadsafe(set_result, future, result)\n    File \"C:\\Program Files\\Python312\\Lib\\asyncio\\base_events.py\", line 840, in call_soon_threadsafe\n      self._check_closed()\n    File \"C:\\Program Files\\Python312\\Lib\\asyncio\\base_events.py\", line 541, in _check_closed\n      raise RuntimeError('Event loop is closed')\n  RuntimeError: Event loop is closed\n  \n  During handling of the above exception, another exception occurred:\n  \n  Traceback (most recent call last):\n    File \"C:\\Program Files\\Python312\\Lib\\threading.py\", line 1073, in _bootstrap_inner\n      self.run()\n    File \"C:\\Users\\antho\\AppData\\Roaming\\Python\\Python312\\site-packages\\aiosqlite\\core.py\", line 121, in run\n      get_loop(future).call_soon_threadsafe(set_exception, future, e)\n    File \"C:\\Program Files\\Python312\\Lib\\asyncio\\base_events.py\", line 840, in call_soon_threadsafe\n      self._check_closed()\n    File \"C:\\Program Files\\Python312\\Lib\\asyncio\\base_events.py\", line 541, in _check_closed\n      raise RuntimeError('Event loop is closed')\n  RuntimeError: Event loop is closed\n  \n  Enable tracemalloc to get traceback where the object was allocated.\n  See https://docs.pytest.org/en/stable/how-to/capture-warnings.html#resource-warnings for more info.\n    warnings.warn(pytest.PytestUnhandledThreadExceptionWarning(msg))\n\ntests/integration/test_auth_oauth_errors.py::TestOAuthErrorHandling::test_oauth_rate_limiting_behavior\n  C:\\Users\\antho\\AppData\\Roaming\\Python\\Python312\\site-packages\\_pytest\\threadexception.py:58: PytestUnhandledThreadExceptionWarning: Exception in thread Thread-94\n  \n  Traceback (most recent call last):\n    File \"C:\\Users\\antho\\AppData\\Roaming\\Python\\Python312\\site-packages\\aiosqlite\\core.py\", line 113, in run\n      get_loop(future).call_soon_threadsafe(set_result, future, result)\n    File \"C:\\Program Files\\Python312\\Lib\\asyncio\\base_events.py\", line 840, in call_soon_threadsafe\n      self._check_closed()\n    File \"C:\\Program Files\\Python312\\Lib\\asyncio\\base_events.py\", line 541, in _check_closed\n      raise RuntimeError('Event loop is closed')\n  RuntimeError: Event loop is closed\n  \n  During handling of the above exception, another exception occurred:\n  \n  Traceback (most recent call last):\n    File \"C:\\Program Files\\Python312\\Lib\\threading.py\", line 1073, in _bootstrap_inner\n      self.run()\n    File \"C:\\Users\\antho\\AppData\\Roaming\\Python\\Python312\\site-packages\\aiosqlite\\core.py\", line 121, in run\n      get_loop(future).call_soon_threadsafe(set_exception, future, e)\n    File \"C:\\Program Files\\Python312\\Lib\\asyncio\\base_events.py\", line 840, in call_soon_threadsafe\n      self._check_closed()\n    File \"C:\\Program Files\\Python312\\Lib\\asyncio\\base_events.py\", line 541, in _check_closed\n      raise RuntimeError('Event loop is closed')\n  RuntimeError: Event loop is closed\n  \n  Enable tracemalloc to get traceback where the object was allocated.\n  See https://docs.pytest.org/en/stable/how-to/capture-warnings.html#resource-warnings for more info.\n    warnings.warn(pytest.PytestUnhandledThreadExceptionWarning(msg))\n\ntests/integration/test_auth_oauth_errors.py::TestOAuthErrorHandling::test_oauth_rate_limiting_behavior\n  C:\\Users\\antho\\AppData\\Roaming\\Python\\Python312\\site-packages\\_pytest\\threadexception.py:58: PytestUnhandledThreadExceptionWarning: Exception in thread Thread-90\n  \n  Traceback (most recent call last):\n    File \"C:\\Users\\antho\\AppData\\Roaming\\Python\\Python312\\site-packages\\aiosqlite\\core.py\", line 113, in run\n      get_loop(future).call_soon_threadsafe(set_result, future, result)\n    File \"C:\\Program Files\\Python312\\Lib\\asyncio\\base_events.py\", line 840, in call_soon_threadsafe\n      self._check_closed()\n    File \"C:\\Program Files\\Python312\\Lib\\asyncio\\base_events.py\", line 541, in _check_closed\n      raise RuntimeError('Event loop is closed')\n  RuntimeError: Event loop is closed\n  \n  During handling of the above exception, another exception occurred:\n  \n  Traceback (most recent call last):\n    File \"C:\\Program Files\\Python312\\Lib\\threading.py\", line 1073, in _bootstrap_inner\n      self.run()\n    File \"C:\\Users\\antho\\AppData\\Roaming\\Python\\Python312\\site-packages\\aiosqlite\\core.py\", line 121, in run\n      get_loop(future).call_soon_threadsafe(set_exception, future, e)\n    File \"C:\\Program Files\\Python312\\Lib\\asyncio\\base_events.py\", line 840, in call_soon_threadsafe\n      self._check_closed()\n    File \"C:\\Program Files\\Python312\\Lib\\asyncio\\base_events.py\", line 541, in _check_closed\n      raise RuntimeError('Event loop is closed')\n  RuntimeError: Event loop is closed\n  \n  Enable tracemalloc to get traceback where the object was allocated.\n  See https://docs.pytest.org/en/stable/how-to/capture-warnings.html#resource-warnings for more info.\n    warnings.warn(pytest.PytestUnhandledThreadExceptionWarning(msg))\n\ntests/integration/test_auth_oauth_errors.py::TestOAuthErrorHandling::test_oauth_rate_limiting_behavior\n  C:\\Users\\antho\\AppData\\Roaming\\Python\\Python312\\site-packages\\_pytest\\threadexception.py:58: PytestUnhandledThreadExceptionWarning: Exception in thread Thread-86\n  \n  Traceback (most recent call last):\n    File \"C:\\Users\\antho\\AppData\\Roaming\\Python\\Python312\\site-packages\\aiosqlite\\core.py\", line 113, in run\n      get_loop(future).call_soon_threadsafe(set_result, future, result)\n    File \"C:\\Program Files\\Python312\\Lib\\asyncio\\base_events.py\", line 840, in call_soon_threadsafe\n      self._check_closed()\n    File \"C:\\Program Files\\Python312\\Lib\\asyncio\\base_events.py\", line 541, in _check_closed\n      raise RuntimeError('Event loop is closed')\n  RuntimeError: Event loop is closed\n  \n  During handling of the above exception, another exception occurred:\n  \n  Traceback (most recent call last):\n    File \"C:\\Program Files\\Python312\\Lib\\threading.py\", line 1073, in _bootstrap_inner\n      self.run()\n    File \"C:\\Users\\antho\\AppData\\Roaming\\Python\\Python312\\site-packages\\aiosqlite\\core.py\", line 121, in run\n      get_loop(future).call_soon_threadsafe(set_exception, future, e)\n    File \"C:\\Program Files\\Python312\\Lib\\asyncio\\base_events.py\", line 840, in call_soon_threadsafe\n      self._check_closed()\n    File \"C:\\Program Files\\Python312\\Lib\\asyncio\\base_events.py\", line 541, in _check_closed\n      raise RuntimeError('Event loop is closed')\n  RuntimeError: Event loop is closed\n  \n  Enable tracemalloc to get traceback where the object was allocated.\n  See https://docs.pytest.org/en/stable/how-to/capture-warnings.html#resource-warnings for more info.\n    warnings.warn(pytest.PytestUnhandledThreadExceptionWarning(msg))\n\ntests/integration/test_auth_oauth_errors.py::TestOAuthErrorHandling::test_oauth_rate_limiting_behavior\n  C:\\Users\\antho\\AppData\\Roaming\\Python\\Python312\\site-packages\\_pytest\\threadexception.py:58: PytestUnhandledThreadExceptionWarning: Exception in thread Thread-82\n  \n  Traceback (most recent call last):\n    File \"C:\\Users\\antho\\AppData\\Roaming\\Python\\Python312\\site-packages\\aiosqlite\\core.py\", line 113, in run\n      get_loop(future).call_soon_threadsafe(set_result, future, result)\n    File \"C:\\Program Files\\Python312\\Lib\\asyncio\\base_events.py\", line 840, in call_soon_threadsafe\n      self._check_closed()\n    File \"C:\\Program Files\\Python312\\Lib\\asyncio\\base_events.py\", line 541, in _check_closed\n      raise RuntimeError('Event loop is closed')\n  RuntimeError: Event loop is closed\n  \n  During handling of the above exception, another exception occurred:\n  \n  Traceback (most recent call last):\n    File \"C:\\Program Files\\Python312\\Lib\\threading.py\", line 1073, in _bootstrap_inner\n      self.run()\n    File \"C:\\Users\\antho\\AppData\\Roaming\\Python\\Python312\\site-packages\\aiosqlite\\core.py\", line 121, in run\n      get_loop(future).call_soon_threadsafe(set_exception, future, e)\n    File \"C:\\Program Files\\Python312\\Lib\\asyncio\\base_events.py\", line 840, in call_soon_threadsafe\n      self._check_closed()\n    File \"C:\\Program Files\\Python312\\Lib\\asyncio\\base_events.py\", line 541, in _check_closed\n      raise RuntimeError('Event loop is closed')\n  RuntimeError: Event loop is closed\n  \n  Enable tracemalloc to get traceback where the object was allocated.\n  See https://docs.pytest.org/en/stable/how-to/capture-warnings.html#resource-warnings for more info.\n    warnings.warn(pytest.PytestUnhandledThreadExceptionWarning(msg))\n\ntests/integration/test_auth_oauth_errors.py::TestOAuthErrorHandling::test_oauth_rate_limiting_behavior\n  C:\\Users\\antho\\AppData\\Roaming\\Python\\Python312\\site-packages\\_pytest\\threadexception.py:58: PytestUnhandledThreadExceptionWarning: Exception in thread Thread-78\n  \n  Traceback (most recent call last):\n    File \"C:\\Users\\antho\\AppData\\Roaming\\Python\\Python312\\site-packages\\aiosqlite\\core.py\", line 113, in run\n      get_loop(future).call_soon_threadsafe(set_result, future, result)\n    File \"C:\\Program Files\\Python312\\Lib\\asyncio\\base_events.py\", line 840, in call_soon_threadsafe\n      self._check_closed()\n    File \"C:\\Program Files\\Python312\\Lib\\asyncio\\base_events.py\", line 541, in _check_closed\n      raise RuntimeError('Event loop is closed')\n  RuntimeError: Event loop is closed\n  \n  During handling of the above exception, another exception occurred:\n  \n  Traceback (most recent call last):\n    File \"C:\\Program Files\\Python312\\Lib\\threading.py\", line 1073, in _bootstrap_inner\n      self.run()\n    File \"C:\\Users\\antho\\AppData\\Roaming\\Python\\Python312\\site-packages\\aiosqlite\\core.py\", line 121, in run\n      get_loop(future).call_soon_threadsafe(set_exception, future, e)\n    File \"C:\\Program Files\\Python312\\Lib\\asyncio\\base_events.py\", line 840, in call_soon_threadsafe\n      self._check_closed()\n    File \"C:\\Program Files\\Python312\\Lib\\asyncio\\base_events.py\", line 541, in _check_closed\n      raise RuntimeError('Event loop is closed')\n  RuntimeError: Event loop is closed\n  \n  Enable tracemalloc to get traceback where the object was allocated.\n  See https://docs.pytest.org/en/stable/how-to/capture-warnings.html#resource-warnings for more info.\n    warnings.warn(pytest.PytestUnhandledThreadExceptionWarning(msg))\n\ntests/integration/test_auth_oauth_errors.py::TestOAuthErrorHandling::test_oauth_rate_limiting_behavior\n  C:\\Users\\antho\\AppData\\Roaming\\Python\\Python312\\site-packages\\_pytest\\threadexception.py:58: PytestUnhandledThreadExceptionWarning: Exception in thread Thread-74\n  \n  Traceback (most recent call last):\n    File \"C:\\Users\\antho\\AppData\\Roaming\\Python\\Python312\\site-packages\\aiosqlite\\core.py\", line 113, in run\n      get_loop(future).call_soon_threadsafe(set_result, future, result)\n    File \"C:\\Program Files\\Python312\\Lib\\asyncio\\base_events.py\", line 840, in call_soon_threadsafe\n      self._check_closed()\n    File \"C:\\Program Files\\Python312\\Lib\\asyncio\\base_events.py\", line 541, in _check_closed\n      raise RuntimeError('Event loop is closed')\n  RuntimeError: Event loop is closed\n  \n  During handling of the above exception, another exception occurred:\n  \n  Traceback (most recent call last):\n    File \"C:\\Program Files\\Python312\\Lib\\threading.py\", line 1073, in _bootstrap_inner\n      self.run()\n    File \"C:\\Users\\antho\\AppData\\Roaming\\Python\\Python312\\site-packages\\aiosqlite\\core.py\", line 121, in run\n      get_loop(future).call_soon_threadsafe(set_exception, future, e)\n    File \"C:\\Program Files\\Python312\\Lib\\asyncio\\base_events.py\", line 840, in call_soon_threadsafe\n      self._check_closed()\n    File \"C:\\Program Files\\Python312\\Lib\\asyncio\\base_events.py\", line 541, in _check_closed\n      raise RuntimeError('Event loop is closed')\n  RuntimeError: Event loop is closed\n  \n  Enable tracemalloc to get traceback where the object was allocated.\n  See https://docs.pytest.org/en/stable/how-to/capture-warnings.html#resource-warnings for more info.\n    warnings.warn(pytest.PytestUnhandledThreadExceptionWarning(msg))\n\ntests/integration/test_auth_oauth_errors.py::TestOAuthErrorHandling::test_oauth_rate_limiting_behavior\n  C:\\Users\\antho\\AppData\\Roaming\\Python\\Python312\\site-packages\\_pytest\\threadexception.py:58: PytestUnhandledThreadExceptionWarning: Exception in thread Thread-70\n  \n  Traceback (most recent call last):\n    File \"C:\\Users\\antho\\AppData\\Roaming\\Python\\Python312\\site-packages\\aiosqlite\\core.py\", line 113, in run\n      get_loop(future).call_soon_threadsafe(set_result, future, result)\n    File \"C:\\Program Files\\Python312\\Lib\\asyncio\\base_events.py\", line 840, in call_soon_threadsafe\n      self._check_closed()\n    File \"C:\\Program Files\\Python312\\Lib\\asyncio\\base_events.py\", line 541, in _check_closed\n      raise RuntimeError('Event loop is closed')\n  RuntimeError: Event loop is closed\n  \n  During handling of the above exception, another exception occurred:\n  \n  Traceback (most recent call last):\n    File \"C:\\Program Files\\Python312\\Lib\\threading.py\", line 1073, in _bootstrap_inner\n      self.run()\n    File \"C:\\Users\\antho\\AppData\\Roaming\\Python\\Python312\\site-packages\\aiosqlite\\core.py\", line 121, in run\n      get_loop(future).call_soon_threadsafe(set_exception, future, e)\n    File \"C:\\Program Files\\Python312\\Lib\\asyncio\\base_events.py\", line 840, in call_soon_threadsafe\n      self._check_closed()\n    File \"C:\\Program Files\\Python312\\Lib\\asyncio\\base_events.py\", line 541, in _check_closed\n      raise RuntimeError('Event loop is closed')\n  RuntimeError: Event loop is closed\n  \n  Enable tracemalloc to get traceback where the object was allocated.\n  See https://docs.pytest.org/en/stable/how-to/capture-warnings.html#resource-warnings for more info.\n    warnings.warn(pytest.PytestUnhandledThreadExceptionWarning(msg))\n\ntests/integration/test_auth_oauth_errors.py::TestOAuthErrorHandling::test_oauth_rate_limiting_behavior\n  C:\\Users\\antho\\AppData\\Roaming\\Python\\Python312\\site-packages\\_pytest\\threadexception.py:58: PytestUnhandledThreadExceptionWarning: Exception in thread Thread-66\n  \n  Traceback (most recent call last):\n    File \"C:\\Users\\antho\\AppData\\Roaming\\Python\\Python312\\site-packages\\aiosqlite\\core.py\", line 113, in run\n      get_loop(future).call_soon_threadsafe(set_result, future, result)\n    File \"C:\\Program Files\\Python312\\Lib\\asyncio\\base_events.py\", line 840, in call_soon_threadsafe\n      self._check_closed()\n    File \"C:\\Program Files\\Python312\\Lib\\asyncio\\base_events.py\", line 541, in _check_closed\n      raise RuntimeError('Event loop is closed')\n  RuntimeError: Event loop is closed\n  \n  During handling of the above exception, another exception occurred:\n  \n  Traceback (most recent call last):\n    File \"C:\\Program Files\\Python312\\Lib\\threading.py\", line 1073, in _bootstrap_inner\n      self.run()\n    File \"C:\\Users\\antho\\AppData\\Roaming\\Python\\Python312\\site-packages\\aiosqlite\\core.py\", line 121, in run\n      get_loop(future).call_soon_threadsafe(set_exception, future, e)\n    File \"C:\\Program Files\\Python312\\Lib\\asyncio\\base_events.py\", line 840, in call_soon_threadsafe\n      self._check_closed()\n    File \"C:\\Program Files\\Python312\\Lib\\asyncio\\base_events.py\", line 541, in _check_closed\n      raise RuntimeError('Event loop is closed')\n  RuntimeError: Event loop is closed\n  \n  Enable tracemalloc to get traceback where the object was allocated.\n  See https://docs.pytest.org/en/stable/how-to/capture-warnings.html#resource-warnings for more info.\n    warnings.warn(pytest.PytestUnhandledThreadExceptionWarning(msg))\n\ntests/integration/test_auth_oauth_errors.py::TestOAuthErrorHandling::test_oauth_rate_limiting_behavior\n  C:\\Users\\antho\\AppData\\Roaming\\Python\\Python312\\site-packages\\_pytest\\threadexception.py:58: PytestUnhandledThreadExceptionWarning: Exception in thread Thread-54\n  \n  Traceback (most recent call last):\n    File \"C:\\Users\\antho\\AppData\\Roaming\\Python\\Python312\\site-packages\\aiosqlite\\core.py\", line 113, in run\n      get_loop(future).call_soon_threadsafe(set_result, future, result)\n    File \"C:\\Program Files\\Python312\\Lib\\asyncio\\base_events.py\", line 840, in call_soon_threadsafe\n      self._check_closed()\n    File \"C:\\Program Files\\Python312\\Lib\\asyncio\\base_events.py\", line 541, in _check_closed\n      raise RuntimeError('Event loop is closed')\n  RuntimeError: Event loop is closed\n  \n  During handling of the above exception, another exception occurred:\n  \n  Traceback (most recent call last):\n    File \"C:\\Program Files\\Python312\\Lib\\threading.py\", line 1073, in _bootstrap_inner\n      self.run()\n    File \"C:\\Users\\antho\\AppData\\Roaming\\Python\\Python312\\site-packages\\aiosqlite\\core.py\", line 121, in run\n      get_loop(future).call_soon_threadsafe(set_exception, future, e)\n    File \"C:\\Program Files\\Python312\\Lib\\asyncio\\base_events.py\", line 840, in call_soon_threadsafe\n      self._check_closed()\n    File \"C:\\Program Files\\Python312\\Lib\\asyncio\\base_events.py\", line 541, in _check_closed\n      raise RuntimeError('Event loop is closed')\n  RuntimeError: Event loop is closed\n  \n  Enable tracemalloc to get traceback where the object was allocated.\n  See https://docs.pytest.org/en/stable/how-to/capture-warnings.html#resource-warnings for more info.\n    warnings.warn(pytest.PytestUnhandledThreadExceptionWarning(msg))\n\ntests/integration/test_auth_oauth_google.py::TestGoogleOAuthFlow::test_google_oauth_token_validation\n  C:\\Users\\antho\\AppData\\Roaming\\Python\\Python312\\site-packages\\_pytest\\threadexception.py:58: PytestUnhandledThreadExceptionWarning: Exception in thread Thread-149\n  \n  Traceback (most recent call last):\n    File \"C:\\Users\\antho\\AppData\\Roaming\\Python\\Python312\\site-packages\\aiosqlite\\core.py\", line 113, in run\n      get_loop(future).call_soon_threadsafe(set_result, future, result)\n    File \"C:\\Program Files\\Python312\\Lib\\asyncio\\base_events.py\", line 840, in call_soon_threadsafe\n      self._check_closed()\n    File \"C:\\Program Files\\Python312\\Lib\\asyncio\\base_events.py\", line 541, in _check_closed\n      raise RuntimeError('Event loop is closed')\n  RuntimeError: Event loop is closed\n  \n  During handling of the above exception, another exception occurred:\n  \n  Traceback (most recent call last):\n    File \"C:\\Program Files\\Python312\\Lib\\threading.py\", line 1073, in _bootstrap_inner\n      self.run()\n    File \"C:\\Users\\antho\\AppData\\Roaming\\Python\\Python312\\site-packages\\aiosqlite\\core.py\", line 121, in run\n      get_loop(future).call_soon_threadsafe(set_exception, future, e)\n    File \"C:\\Program Files\\Python312\\Lib\\asyncio\\base_events.py\", line 840, in call_soon_threadsafe\n      self._check_closed()\n    File \"C:\\Program Files\\Python312\\Lib\\asyncio\\base_events.py\", line 541, in _check_closed\n      raise RuntimeError('Event loop is closed')\n  RuntimeError: Event loop is closed\n  \n  Enable tracemalloc to get traceback where the object was allocated.\n  See https://docs.pytest.org/en/stable/how-to/capture-warnings.html#resource-warnings for more info.\n    warnings.warn(pytest.PytestUnhandledThreadExceptionWarning(msg))\n\ntests/integration/test_auth_oauth_google.py::TestGoogleOAuthFlow::test_google_user_profile_mapping\n  C:\\Users\\antho\\AppData\\Roaming\\Python\\Python312\\site-packages\\_pytest\\threadexception.py:58: PytestUnhandledThreadExceptionWarning: Exception in thread Thread-154\n  \n  Traceback (most recent call last):\n    File \"C:\\Users\\antho\\AppData\\Roaming\\Python\\Python312\\site-packages\\aiosqlite\\core.py\", line 113, in run\n      get_loop(future).call_soon_threadsafe(set_result, future, result)\n    File \"C:\\Program Files\\Python312\\Lib\\asyncio\\base_events.py\", line 840, in call_soon_threadsafe\n      self._check_closed()\n    File \"C:\\Program Files\\Python312\\Lib\\asyncio\\base_events.py\", line 541, in _check_closed\n      raise RuntimeError('Event loop is closed')\n  RuntimeError: Event loop is closed\n  \n  During handling of the above exception, another exception occurred:\n  \n  Traceback (most recent call last):\n    File \"C:\\Program Files\\Python312\\Lib\\threading.py\", line 1073, in _bootstrap_inner\n      self.run()\n    File \"C:\\Users\\antho\\AppData\\Roaming\\Python\\Python312\\site-packages\\aiosqlite\\core.py\", line 121, in run\n      get_loop(future).call_soon_threadsafe(set_exception, future, e)\n    File \"C:\\Program Files\\Python312\\Lib\\asyncio\\base_events.py\", line 840, in call_soon_threadsafe\n      self._check_closed()\n    File \"C:\\Program Files\\Python312\\Lib\\asyncio\\base_events.py\", line 541, in _check_closed\n      raise RuntimeError('Event loop is closed')\n  RuntimeError: Event loop is closed\n  \n  Enable tracemalloc to get traceback where the object was allocated.\n  See https://docs.pytest.org/en/stable/how-to/capture-warnings.html#resource-warnings for more info.\n    warnings.warn(pytest.PytestUnhandledThreadExceptionWarning(msg))\n\ntests/integration/test_auth_oauth_google.py::TestGoogleOAuthFlow::test_google_oauth_scope_validation\n  C:\\Users\\antho\\AppData\\Roaming\\Python\\Python312\\site-packages\\_pytest\\threadexception.py:58: PytestUnhandledThreadExceptionWarning: Exception in thread Thread-160\n  \n  Traceback (most recent call last):\n    File \"C:\\Users\\antho\\AppData\\Roaming\\Python\\Python312\\site-packages\\aiosqlite\\core.py\", line 113, in run\n      get_loop(future).call_soon_threadsafe(set_result, future, result)\n    File \"C:\\Program Files\\Python312\\Lib\\asyncio\\base_events.py\", line 840, in call_soon_threadsafe\n      self._check_closed()\n    File \"C:\\Program Files\\Python312\\Lib\\asyncio\\base_events.py\", line 541, in _check_closed\n      raise RuntimeError('Event loop is closed')\n  RuntimeError: Event loop is closed\n  \n  During handling of the above exception, another exception occurred:\n  \n  Traceback (most recent call last):\n    File \"C:\\Program Files\\Python312\\Lib\\threading.py\", line 1073, in _bootstrap_inner\n      self.run()\n    File \"C:\\Users\\antho\\AppData\\Roaming\\Python\\Python312\\site-packages\\aiosqlite\\core.py\", line 121, in run\n      get_loop(future).call_soon_threadsafe(set_exception, future, e)\n    File \"C:\\Program Files\\Python312\\Lib\\asyncio\\base_events.py\", line 840, in call_soon_threadsafe\n      self._check_closed()\n    File \"C:\\Program Files\\Python312\\Lib\\asyncio\\base_events.py\", line 541, in _check_closed\n      raise RuntimeError('Event loop is closed')\n  RuntimeError: Event loop is closed\n  \n  Enable tracemalloc to get traceback where the object was allocated.\n  See https://docs.pytest.org/en/stable/how-to/capture-warnings.html#resource-warnings for more info.\n    warnings.warn(pytest.PytestUnhandledThreadExceptionWarning(msg))\n\ntests/integration/test_auth_oauth_google.py::TestGoogleOAuthFlow::test_google_oauth_state_security\n  C:\\Users\\antho\\AppData\\Roaming\\Python\\Python312\\site-packages\\_pytest\\threadexception.py:58: PytestUnhandledThreadExceptionWarning: Exception in thread Thread-172\n  \n  Traceback (most recent call last):\n    File \"C:\\Users\\antho\\AppData\\Roaming\\Python\\Python312\\site-packages\\aiosqlite\\core.py\", line 113, in run\n      get_loop(future).call_soon_threadsafe(set_result, future, result)\n    File \"C:\\Program Files\\Python312\\Lib\\asyncio\\base_events.py\", line 840, in call_soon_threadsafe\n      self._check_closed()\n    File \"C:\\Program Files\\Python312\\Lib\\asyncio\\base_events.py\", line 541, in _check_closed\n      raise RuntimeError('Event loop is closed')\n  RuntimeError: Event loop is closed\n  \n  During handling of the above exception, another exception occurred:\n  \n  Traceback (most recent call last):\n    File \"C:\\Program Files\\Python312\\Lib\\threading.py\", line 1073, in _bootstrap_inner\n      self.run()\n    File \"C:\\Users\\antho\\AppData\\Roaming\\Python\\Python312\\site-packages\\aiosqlite\\core.py\", line 121, in run\n      get_loop(future).call_soon_threadsafe(set_exception, future, e)\n    File \"C:\\Program Files\\Python312\\Lib\\asyncio\\base_events.py\", line 840, in call_soon_threadsafe\n      self._check_closed()\n    File \"C:\\Program Files\\Python312\\Lib\\asyncio\\base_events.py\", line 541, in _check_closed\n      raise RuntimeError('Event loop is closed')\n  RuntimeError: Event loop is closed\n  \n  Enable tracemalloc to get traceback where the object was allocated.\n  See https://docs.pytest.org/en/stable/how-to/capture-warnings.html#resource-warnings for more info.\n    warnings.warn(pytest.PytestUnhandledThreadExceptionWarning(msg))\n\ntests/integration/test_auth_oauth_google.py::TestGoogleOAuthFlow::test_google_oauth_concurrent_requests\n  C:\\Users\\antho\\AppData\\Roaming\\Python\\Python312\\site-packages\\_pytest\\threadexception.py:58: PytestUnhandledThreadExceptionWarning: Exception in thread Thread-192\n  \n  Traceback (most recent call last):\n    File \"C:\\Users\\antho\\AppData\\Roaming\\Python\\Python312\\site-packages\\aiosqlite\\core.py\", line 113, in run\n      get_loop(future).call_soon_threadsafe(set_result, future, result)\n    File \"C:\\Program Files\\Python312\\Lib\\asyncio\\base_events.py\", line 840, in call_soon_threadsafe\n      self._check_closed()\n    File \"C:\\Program Files\\Python312\\Lib\\asyncio\\base_events.py\", line 541, in _check_closed\n      raise RuntimeError('Event loop is closed')\n  RuntimeError: Event loop is closed\n  \n  During handling of the above exception, another exception occurred:\n  \n  Traceback (most recent call last):\n    File \"C:\\Program Files\\Python312\\Lib\\threading.py\", line 1073, in _bootstrap_inner\n      self.run()\n    File \"C:\\Users\\antho\\AppData\\Roaming\\Python\\Python312\\site-packages\\aiosqlite\\core.py\", line 121, in run\n      get_loop(future).call_soon_threadsafe(set_exception, future, e)\n    File \"C:\\Program Files\\Python312\\Lib\\asyncio\\base_events.py\", line 840, in call_soon_threadsafe\n      self._check_closed()\n    File \"C:\\Program Files\\Python312\\Lib\\asyncio\\base_events.py\", line 541, in _check_closed\n      raise RuntimeError('Event loop is closed')\n  RuntimeError: Event loop is closed\n  \n  Enable tracemalloc to get traceback where the object was allocated.\n  See https://docs.pytest.org/en/stable/how-to/capture-warnings.html#resource-warnings for more info.\n    warnings.warn(pytest.PytestUnhandledThreadExceptionWarning(msg))\n\ntests/integration/test_auth_oauth_google.py::TestGoogleOAuthFlow::test_google_oauth_concurrent_requests\n  C:\\Users\\antho\\AppData\\Roaming\\Python\\Python312\\site-packages\\_pytest\\threadexception.py:58: PytestUnhandledThreadExceptionWarning: Exception in thread Thread-191\n  \n  Traceback (most recent call last):\n    File \"C:\\Users\\antho\\AppData\\Roaming\\Python\\Python312\\site-packages\\aiosqlite\\core.py\", line 113, in run\n      get_loop(future).call_soon_threadsafe(set_result, future, result)\n    File \"C:\\Program Files\\Python312\\Lib\\asyncio\\base_events.py\", line 840, in call_soon_threadsafe\n      self._check_closed()\n    File \"C:\\Program Files\\Python312\\Lib\\asyncio\\base_events.py\", line 541, in _check_closed\n      raise RuntimeError('Event loop is closed')\n  RuntimeError: Event loop is closed\n  \n  During handling of the above exception, another exception occurred:\n  \n  Traceback (most recent call last):\n    File \"C:\\Program Files\\Python312\\Lib\\threading.py\", line 1073, in _bootstrap_inner\n      self.run()\n    File \"C:\\Users\\antho\\AppData\\Roaming\\Python\\Python312\\site-packages\\aiosqlite\\core.py\", line 121, in run\n      get_loop(future).call_soon_threadsafe(set_exception, future, e)\n    File \"C:\\Program Files\\Python312\\Lib\\asyncio\\base_events.py\", line 840, in call_soon_threadsafe\n      self._check_closed()\n    File \"C:\\Program Files\\Python312\\Lib\\asyncio\\base_events.py\", line 541, in _check_closed\n      raise RuntimeError('Event loop is closed')\n  RuntimeError: Event loop is closed\n  \n  Enable tracemalloc to get traceback where the object was allocated.\n  See https://docs.pytest.org/en/stable/how-to/capture-warnings.html#resource-warnings for more info.\n    warnings.warn(pytest.PytestUnhandledThreadExceptionWarning(msg))\n\ntests/integration/test_auth_oauth_google.py::TestGoogleOAuthFlow::test_google_oauth_concurrent_requests\n  C:\\Users\\antho\\AppData\\Roaming\\Python\\Python312\\site-packages\\_pytest\\threadexception.py:58: PytestUnhandledThreadExceptionWarning: Exception in thread Thread-190\n  \n  Traceback (most recent call last):\n    File \"C:\\Users\\antho\\AppData\\Roaming\\Python\\Python312\\site-packages\\aiosqlite\\core.py\", line 113, in run\n      get_loop(future).call_soon_threadsafe(set_result, future, result)\n    File \"C:\\Program Files\\Python312\\Lib\\asyncio\\base_events.py\", line 840, in call_soon_threadsafe\n      self._check_closed()\n    File \"C:\\Program Files\\Python312\\Lib\\asyncio\\base_events.py\", line 541, in _check_closed\n      raise RuntimeError('Event loop is closed')\n  RuntimeError: Event loop is closed\n  \n  During handling of the above exception, another exception occurred:\n  \n  Traceback (most recent call last):\n    File \"C:\\Program Files\\Python312\\Lib\\threading.py\", line 1073, in _bootstrap_inner\n      self.run()\n    File \"C:\\Users\\antho\\AppData\\Roaming\\Python\\Python312\\site-packages\\aiosqlite\\core.py\", line 121, in run\n      get_loop(future).call_soon_threadsafe(set_exception, future, e)\n    File \"C:\\Program Files\\Python312\\Lib\\asyncio\\base_events.py\", line 840, in call_soon_threadsafe\n      self._check_closed()\n    File \"C:\\Program Files\\Python312\\Lib\\asyncio\\base_events.py\", line 541, in _check_closed\n      raise RuntimeError('Event loop is closed')\n  RuntimeError: Event loop is closed\n  \n  Enable tracemalloc to get traceback where the object was allocated.\n  See https://docs.pytest.org/en/stable/how-to/capture-warnings.html#resource-warnings for more info.\n    warnings.warn(pytest.PytestUnhandledThreadExceptionWarning(msg))\n\ntests/integration/test_oauth_comprehensive_failures.py::TestOAuthComprehensiveFailures::test_01_successful_oauth_login_basic_flow\n  C:\\Users\\antho\\AppData\\Roaming\\Python\\Python312\\site-packages\\_pytest\\threadexception.py:58: PytestUnhandledThreadExceptionWarning: Exception in thread Thread-193\n  \n  Traceback (most recent call last):\n    File \"C:\\Users\\antho\\AppData\\Roaming\\Python\\Python312\\site-packages\\aiosqlite\\core.py\", line 113, in run\n      get_loop(future).call_soon_threadsafe(set_result, future, result)\n    File \"C:\\Program Files\\Python312\\Lib\\asyncio\\base_events.py\", line 840, in call_soon_threadsafe\n      self._check_closed()\n    File \"C:\\Program Files\\Python312\\Lib\\asyncio\\base_events.py\", line 541, in _check_closed\n      raise RuntimeError('Event loop is closed')\n  RuntimeError: Event loop is closed\n  \n  During handling of the above exception, another exception occurred:\n  \n  Traceback (most recent call last):\n    File \"C:\\Program Files\\Python312\\Lib\\threading.py\", line 1073, in _bootstrap_inner\n      self.run()\n    File \"C:\\Users\\antho\\AppData\\Roaming\\Python\\Python312\\site-packages\\aiosqlite\\core.py\", line 121, in run\n      get_loop(future).call_soon_threadsafe(set_exception, future, e)\n    File \"C:\\Program Files\\Python312\\Lib\\asyncio\\base_events.py\", line 840, in call_soon_threadsafe\n      self._check_closed()\n    File \"C:\\Program Files\\Python312\\Lib\\asyncio\\base_events.py\", line 541, in _check_closed\n      raise RuntimeError('Event loop is closed')\n  RuntimeError: Event loop is closed\n  \n  Enable tracemalloc to get traceback where the object was allocated.\n  See https://docs.pytest.org/en/stable/how-to/capture-warnings.html#resource-warnings for more info.\n    warnings.warn(pytest.PytestUnhandledThreadExceptionWarning(msg))\n\ntests/integration/test_oauth_comprehensive_failures.py: 21 warnings\n  C:\\Users\\antho\\OneDrive\\Desktop\\Netra\\netra-core-generation-1\\auth_service\\auth_core\\routes\\auth_routes.py:982: PydanticDeprecatedSince20: The `dict` method is deprecated; use `model_dump` instead. Deprecated in Pydantic V2.0 to be removed in V3.0. See Pydantic V2 Migration Guide at https://errors.pydantic.dev/2.11/migration/\n    content=response.dict(),\n\ntests/integration/test_oauth_comprehensive_failures.py::TestOAuthComprehensiveFailures::test_05_cross_site_request_forgery_token_binding\ntests/integration/test_oauth_comprehensive_failures.py::TestOAuthComprehensiveFailures::test_25_session_fixation_attack\n  C:\\Users\\antho\\AppData\\Roaming\\Python\\Python312\\site-packages\\starlette\\testclient.py:451: DeprecationWarning: Setting per-request cookies=<...> is being deprecated, because the expected behaviour on cookie persistence is ambiguous. Set cookies directly on the client instance instead.\n    return super().request(\n\ntests/integration/test_oauth_comprehensive_failures.py::TestOAuthComprehensiveFailures::test_19_duplicate_user_creation_race_condition\n  C:\\Users\\antho\\AppData\\Roaming\\Python\\Python312\\site-packages\\_pytest\\threadexception.py:58: PytestUnhandledThreadExceptionWarning: Exception in thread Thread-245\n  \n  Traceback (most recent call last):\n    File \"C:\\Users\\antho\\AppData\\Roaming\\Python\\Python312\\site-packages\\aiosqlite\\core.py\", line 113, in run\n      get_loop(future).call_soon_threadsafe(set_result, future, result)\n    File \"C:\\Program Files\\Python312\\Lib\\asyncio\\base_events.py\", line 840, in call_soon_threadsafe\n      self._check_closed()\n    File \"C:\\Program Files\\Python312\\Lib\\asyncio\\base_events.py\", line 541, in _check_closed\n      raise RuntimeError('Event loop is closed')\n  RuntimeError: Event loop is closed\n  \n  During handling of the above exception, another exception occurred:\n  \n  Traceback (most recent call last):\n    File \"C:\\Program Files\\Python312\\Lib\\threading.py\", line 1073, in _bootstrap_inner\n      self.run()\n    File \"C:\\Users\\antho\\AppData\\Roaming\\Python\\Python312\\site-packages\\aiosqlite\\core.py\", line 121, in run\n      get_loop(future).call_soon_threadsafe(set_exception, future, e)\n    File \"C:\\Program Files\\Python312\\Lib\\asyncio\\base_events.py\", line 840, in call_soon_threadsafe\n      self._check_closed()\n    File \"C:\\Program Files\\Python312\\Lib\\asyncio\\base_events.py\", line 541, in _check_closed\n      raise RuntimeError('Event loop is closed')\n  RuntimeError: Event loop is closed\n  \n  Enable tracemalloc to get traceback where the object was allocated.\n  See https://docs.pytest.org/en/stable/how-to/capture-warnings.html#resource-warnings for more info.\n    warnings.warn(pytest.PytestUnhandledThreadExceptionWarning(msg))\n\ntests/integration/test_oauth_comprehensive_failures.py::TestOAuthComprehensiveFailures::test_19_duplicate_user_creation_race_condition\n  C:\\Users\\antho\\AppData\\Roaming\\Python\\Python312\\site-packages\\_pytest\\threadexception.py:58: PytestUnhandledThreadExceptionWarning: Exception in thread Thread-242\n  \n  Traceback (most recent call last):\n    File \"C:\\Users\\antho\\AppData\\Roaming\\Python\\Python312\\site-packages\\aiosqlite\\core.py\", line 113, in run\n      get_loop(future).call_soon_threadsafe(set_result, future, result)\n    File \"C:\\Program Files\\Python312\\Lib\\asyncio\\base_events.py\", line 840, in call_soon_threadsafe\n      self._check_closed()\n    File \"C:\\Program Files\\Python312\\Lib\\asyncio\\base_events.py\", line 541, in _check_closed\n      raise RuntimeError('Event loop is closed')\n  RuntimeError: Event loop is closed\n  \n  During handling of the above exception, another exception occurred:\n  \n  Traceback (most recent call last):\n    File \"C:\\Program Files\\Python312\\Lib\\threading.py\", line 1073, in _bootstrap_inner\n      self.run()\n    File \"C:\\Users\\antho\\AppData\\Roaming\\Python\\Python312\\site-packages\\aiosqlite\\core.py\", line 121, in run\n      get_loop(future).call_soon_threadsafe(set_exception, future, e)\n    File \"C:\\Program Files\\Python312\\Lib\\asyncio\\base_events.py\", line 840, in call_soon_threadsafe\n      self._check_closed()\n    File \"C:\\Program Files\\Python312\\Lib\\asyncio\\base_events.py\", line 541, in _check_closed\n      raise RuntimeError('Event loop is closed')\n  RuntimeError: Event loop is closed\n  \n  Enable tracemalloc to get traceback where the object was allocated.\n  See https://docs.pytest.org/en/stable/how-to/capture-warnings.html#resource-warnings for more info.\n    warnings.warn(pytest.PytestUnhandledThreadExceptionWarning(msg))\n\ntests/integration/test_oauth_comprehensive_failures.py::TestOAuthComprehensiveFailures::test_19_duplicate_user_creation_race_condition\n  C:\\Users\\antho\\AppData\\Roaming\\Python\\Python312\\site-packages\\_pytest\\threadexception.py:58: PytestUnhandledThreadExceptionWarning: Exception in thread Thread-248\n  \n  Traceback (most recent call last):\n    File \"C:\\Users\\antho\\AppData\\Roaming\\Python\\Python312\\site-packages\\aiosqlite\\core.py\", line 113, in run\n      get_loop(future).call_soon_threadsafe(set_result, future, result)\n    File \"C:\\Program Files\\Python312\\Lib\\asyncio\\base_events.py\", line 840, in call_soon_threadsafe\n      self._check_closed()\n    File \"C:\\Program Files\\Python312\\Lib\\asyncio\\base_events.py\", line 541, in _check_closed\n      raise RuntimeError('Event loop is closed')\n  RuntimeError: Event loop is closed\n  \n  During handling of the above exception, another exception occurred:\n  \n  Traceback (most recent call last):\n    File \"C:\\Program Files\\Python312\\Lib\\threading.py\", line 1073, in _bootstrap_inner\n      self.run()\n    File \"C:\\Users\\antho\\AppData\\Roaming\\Python\\Python312\\site-packages\\aiosqlite\\core.py\", line 121, in run\n      get_loop(future).call_soon_threadsafe(set_exception, future, e)\n    File \"C:\\Program Files\\Python312\\Lib\\asyncio\\base_events.py\", line 840, in call_soon_threadsafe\n      self._check_closed()\n    File \"C:\\Program Files\\Python312\\Lib\\asyncio\\base_events.py\", line 541, in _check_closed\n      raise RuntimeError('Event loop is closed')\n  RuntimeError: Event loop is closed\n  \n  Enable tracemalloc to get traceback where the object was allocated.\n  See https://docs.pytest.org/en/stable/how-to/capture-warnings.html#resource-warnings for more info.\n    warnings.warn(pytest.PytestUnhandledThreadExceptionWarning(msg))\n\ntests/integration/test_oauth_comprehensive_failures.py::TestOAuthComprehensiveFailures::test_26_extremely_long_email_address\n  C:\\Users\\antho\\AppData\\Roaming\\Python\\Python312\\site-packages\\_pytest\\threadexception.py:58: PytestUnhandledThreadExceptionWarning: Exception in thread Thread-256\n  \n  Traceback (most recent call last):\n    File \"C:\\Users\\antho\\AppData\\Roaming\\Python\\Python312\\site-packages\\aiosqlite\\core.py\", line 113, in run\n      get_loop(future).call_soon_threadsafe(set_result, future, result)\n    File \"C:\\Program Files\\Python312\\Lib\\asyncio\\base_events.py\", line 840, in call_soon_threadsafe\n      self._check_closed()\n    File \"C:\\Program Files\\Python312\\Lib\\asyncio\\base_events.py\", line 541, in _check_closed\n      raise RuntimeError('Event loop is closed')\n  RuntimeError: Event loop is closed\n  \n  During handling of the above exception, another exception occurred:\n  \n  Traceback (most recent call last):\n    File \"C:\\Program Files\\Python312\\Lib\\threading.py\", line 1073, in _bootstrap_inner\n      self.run()\n    File \"C:\\Users\\antho\\AppData\\Roaming\\Python\\Python312\\site-packages\\aiosqlite\\core.py\", line 121, in run\n      get_loop(future).call_soon_threadsafe(set_exception, future, e)\n    File \"C:\\Program Files\\Python312\\Lib\\asyncio\\base_events.py\", line 840, in call_soon_threadsafe\n      self._check_closed()\n    File \"C:\\Program Files\\Python312\\Lib\\asyncio\\base_events.py\", line 541, in _check_closed\n      raise RuntimeError('Event loop is closed')\n  RuntimeError: Event loop is closed\n  \n  Enable tracemalloc to get traceback where the object was allocated.\n  See https://docs.pytest.org/en/stable/how-to/capture-warnings.html#resource-warnings for more info.\n    warnings.warn(pytest.PytestUnhandledThreadExceptionWarning(msg))\n\ntests/integration/test_oauth_comprehensive_failures.py::TestOAuthComprehensiveFailures::test_27_unicode_and_special_chars_in_name\n  C:\\Users\\antho\\AppData\\Roaming\\Python\\Python312\\site-packages\\_pytest\\threadexception.py:58: PytestUnhandledThreadExceptionWarning: Exception in thread Thread-259\n  \n  Traceback (most recent call last):\n    File \"C:\\Users\\antho\\AppData\\Roaming\\Python\\Python312\\site-packages\\aiosqlite\\core.py\", line 113, in run\n      get_loop(future).call_soon_threadsafe(set_result, future, result)\n    File \"C:\\Program Files\\Python312\\Lib\\asyncio\\base_events.py\", line 840, in call_soon_threadsafe\n      self._check_closed()\n    File \"C:\\Program Files\\Python312\\Lib\\asyncio\\base_events.py\", line 541, in _check_closed\n      raise RuntimeError('Event loop is closed')\n  RuntimeError: Event loop is closed\n  \n  During handling of the above exception, another exception occurred:\n  \n  Traceback (most recent call last):\n    File \"C:\\Program Files\\Python312\\Lib\\threading.py\", line 1073, in _bootstrap_inner\n      self.run()\n    File \"C:\\Users\\antho\\AppData\\Roaming\\Python\\Python312\\site-packages\\aiosqlite\\core.py\", line 121, in run\n      get_loop(future).call_soon_threadsafe(set_exception, future, e)\n    File \"C:\\Program Files\\Python312\\Lib\\asyncio\\base_events.py\", line 840, in call_soon_threadsafe\n      self._check_closed()\n    File \"C:\\Program Files\\Python312\\Lib\\asyncio\\base_events.py\", line 541, in _check_closed\n      raise RuntimeError('Event loop is closed')\n  RuntimeError: Event loop is closed\n  \n  Enable tracemalloc to get traceback where the object was allocated.\n  See https://docs.pytest.org/en/stable/how-to/capture-warnings.html#resource-warnings for more info.\n    warnings.warn(pytest.PytestUnhandledThreadExceptionWarning(msg))\n\ntests/integration/test_oauth_comprehensive_failures.py::TestOAuthComprehensiveFailures::test_29_concurrent_login_attempts\n  C:\\Users\\antho\\AppData\\Roaming\\Python\\Python312\\site-packages\\_pytest\\threadexception.py:58: PytestUnhandledThreadExceptionWarning: Exception in thread Thread-289\n  \n  Traceback (most recent call last):\n    File \"C:\\Users\\antho\\AppData\\Roaming\\Python\\Python312\\site-packages\\aiosqlite\\core.py\", line 113, in run\n      get_loop(future).call_soon_threadsafe(set_result, future, result)\n    File \"C:\\Program Files\\Python312\\Lib\\asyncio\\base_events.py\", line 840, in call_soon_threadsafe\n      self._check_closed()\n    File \"C:\\Program Files\\Python312\\Lib\\asyncio\\base_events.py\", line 541, in _check_closed\n      raise RuntimeError('Event loop is closed')\n  RuntimeError: Event loop is closed\n  \n  During handling of the above exception, another exception occurred:\n  \n  Traceback (most recent call last):\n    File \"C:\\Program Files\\Python312\\Lib\\threading.py\", line 1073, in _bootstrap_inner\n      self.run()\n    File \"C:\\Users\\antho\\AppData\\Roaming\\Python\\Python312\\site-packages\\aiosqlite\\core.py\", line 121, in run\n      get_loop(future).call_soon_threadsafe(set_exception, future, e)\n    File \"C:\\Program Files\\Python312\\Lib\\asyncio\\base_events.py\", line 840, in call_soon_threadsafe\n      self._check_closed()\n    File \"C:\\Program Files\\Python312\\Lib\\asyncio\\base_events.py\", line 541, in _check_closed\n      raise RuntimeError('Event loop is closed')\n  RuntimeError: Event loop is closed\n  \n  Enable tracemalloc to get traceback where the object was allocated.\n  See https://docs.pytest.org/en/stable/how-to/capture-warnings.html#resource-warnings for more info.\n    warnings.warn(pytest.PytestUnhandledThreadExceptionWarning(msg))\n\ntests/integration/test_oauth_comprehensive_failures.py::TestOAuthComprehensiveFailures::test_29_concurrent_login_attempts\n  C:\\Users\\antho\\AppData\\Roaming\\Python\\Python312\\site-packages\\_pytest\\threadexception.py:58: PytestUnhandledThreadExceptionWarning: Exception in thread Thread-286\n  \n  Traceback (most recent call last):\n    File \"C:\\Users\\antho\\AppData\\Roaming\\Python\\Python312\\site-packages\\aiosqlite\\core.py\", line 113, in run\n      get_loop(future).call_soon_threadsafe(set_result, future, result)\n    File \"C:\\Program Files\\Python312\\Lib\\asyncio\\base_events.py\", line 840, in call_soon_threadsafe\n      self._check_closed()\n    File \"C:\\Program Files\\Python312\\Lib\\asyncio\\base_events.py\", line 541, in _check_closed\n      raise RuntimeError('Event loop is closed')\n  RuntimeError: Event loop is closed\n  \n  During handling of the above exception, another exception occurred:\n  \n  Traceback (most recent call last):\n    File \"C:\\Program Files\\Python312\\Lib\\threading.py\", line 1073, in _bootstrap_inner\n      self.run()\n    File \"C:\\Users\\antho\\AppData\\Roaming\\Python\\Python312\\site-packages\\aiosqlite\\core.py\", line 121, in run\n      get_loop(future).call_soon_threadsafe(set_exception, future, e)\n    File \"C:\\Program Files\\Python312\\Lib\\asyncio\\base_events.py\", line 840, in call_soon_threadsafe\n      self._check_closed()\n    File \"C:\\Program Files\\Python312\\Lib\\asyncio\\base_events.py\", line 541, in _check_closed\n      raise RuntimeError('Event loop is closed')\n  RuntimeError: Event loop is closed\n  \n  Enable tracemalloc to get traceback where the object was allocated.\n  See https://docs.pytest.org/en/stable/how-to/capture-warnings.html#resource-warnings for more info.\n    warnings.warn(pytest.PytestUnhandledThreadExceptionWarning(msg))\n\ntests/integration/test_oauth_comprehensive_failures.py::TestOAuthComprehensiveFailures::test_29_concurrent_login_attempts\n  C:\\Users\\antho\\AppData\\Roaming\\Python\\Python312\\site-packages\\_pytest\\threadexception.py:58: PytestUnhandledThreadExceptionWarning: Exception in thread Thread-283\n  \n  Traceback (most recent call last):\n    File \"C:\\Users\\antho\\AppData\\Roaming\\Python\\Python312\\site-packages\\aiosqlite\\core.py\", line 113, in run\n      get_loop(future).call_soon_threadsafe(set_result, future, result)\n    File \"C:\\Program Files\\Python312\\Lib\\asyncio\\base_events.py\", line 840, in call_soon_threadsafe\n      self._check_closed()\n    File \"C:\\Program Files\\Python312\\Lib\\asyncio\\base_events.py\", line 541, in _check_closed\n      raise RuntimeError('Event loop is closed')\n  RuntimeError: Event loop is closed\n  \n  During handling of the above exception, another exception occurred:\n  \n  Traceback (most recent call last):\n    File \"C:\\Program Files\\Python312\\Lib\\threading.py\", line 1073, in _bootstrap_inner\n      self.run()\n    File \"C:\\Users\\antho\\AppData\\Roaming\\Python\\Python312\\site-packages\\aiosqlite\\core.py\", line 121, in run\n      get_loop(future).call_soon_threadsafe(set_exception, future, e)\n    File \"C:\\Program Files\\Python312\\Lib\\asyncio\\base_events.py\", line 840, in call_soon_threadsafe\n      self._check_closed()\n    File \"C:\\Program Files\\Python312\\Lib\\asyncio\\base_events.py\", line 541, in _check_closed\n      raise RuntimeError('Event loop is closed')\n  RuntimeError: Event loop is closed\n  \n  Enable tracemalloc to get traceback where the object was allocated.\n  See https://docs.pytest.org/en/stable/how-to/capture-warnings.html#resource-warnings for more info.\n    warnings.warn(pytest.PytestUnhandledThreadExceptionWarning(msg))\n\ntests/integration/test_oauth_comprehensive_failures.py::TestOAuthComprehensiveFailures::test_29_concurrent_login_attempts\n  C:\\Users\\antho\\AppData\\Roaming\\Python\\Python312\\site-packages\\_pytest\\threadexception.py:58: PytestUnhandledThreadExceptionWarning: Exception in thread Thread-280\n  \n  Traceback (most recent call last):\n    File \"C:\\Users\\antho\\AppData\\Roaming\\Python\\Python312\\site-packages\\aiosqlite\\core.py\", line 113, in run\n      get_loop(future).call_soon_threadsafe(set_result, future, result)\n    File \"C:\\Program Files\\Python312\\Lib\\asyncio\\base_events.py\", line 840, in call_soon_threadsafe\n      self._check_closed()\n    File \"C:\\Program Files\\Python312\\Lib\\asyncio\\base_events.py\", line 541, in _check_closed\n      raise RuntimeError('Event loop is closed')\n  RuntimeError: Event loop is closed\n  \n  During handling of the above exception, another exception occurred:\n  \n  Traceback (most recent call last):\n    File \"C:\\Program Files\\Python312\\Lib\\threading.py\", line 1073, in _bootstrap_inner\n      self.run()\n    File \"C:\\Users\\antho\\AppData\\Roaming\\Python\\Python312\\site-packages\\aiosqlite\\core.py\", line 121, in run\n      get_loop(future).call_soon_threadsafe(set_exception, future, e)\n    File \"C:\\Program Files\\Python312\\Lib\\asyncio\\base_events.py\", line 840, in call_soon_threadsafe\n      self._check_closed()\n    File \"C:\\Program Files\\Python312\\Lib\\asyncio\\base_events.py\", line 541, in _check_closed\n      raise RuntimeError('Event loop is closed')\n  RuntimeError: Event loop is closed\n  \n  Enable tracemalloc to get traceback where the object was allocated.\n  See https://docs.pytest.org/en/stable/how-to/capture-warnings.html#resource-warnings for more info.\n    warnings.warn(pytest.PytestUnhandledThreadExceptionWarning(msg))\n\ntests/integration/test_oauth_comprehensive_failures.py::TestOAuthComprehensiveFailures::test_29_concurrent_login_attempts\n  C:\\Users\\antho\\AppData\\Roaming\\Python\\Python312\\site-packages\\_pytest\\threadexception.py:58: PytestUnhandledThreadExceptionWarning: Exception in thread Thread-271\n  \n  Traceback (most recent call last):\n    File \"C:\\Users\\antho\\AppData\\Roaming\\Python\\Python312\\site-packages\\aiosqlite\\core.py\", line 113, in run\n      get_loop(future).call_soon_threadsafe(set_result, future, result)\n    File \"C:\\Program Files\\Python312\\Lib\\asyncio\\base_events.py\", line 840, in call_soon_threadsafe\n      self._check_closed()\n    File \"C:\\Program Files\\Python312\\Lib\\asyncio\\base_events.py\", line 541, in _check_closed\n      raise RuntimeError('Event loop is closed')\n  RuntimeError: Event loop is closed\n  \n  During handling of the above exception, another exception occurred:\n  \n  Traceback (most recent call last):\n    File \"C:\\Program Files\\Python312\\Lib\\threading.py\", line 1073, in _bootstrap_inner\n      self.run()\n    File \"C:\\Users\\antho\\AppData\\Roaming\\Python\\Python312\\site-packages\\aiosqlite\\core.py\", line 121, in run\n      get_loop(future).call_soon_threadsafe(set_exception, future, e)\n    File \"C:\\Program Files\\Python312\\Lib\\asyncio\\base_events.py\", line 840, in call_soon_threadsafe\n      self._check_closed()\n    File \"C:\\Program Files\\Python312\\Lib\\asyncio\\base_events.py\", line 541, in _check_closed\n      raise RuntimeError('Event loop is closed')\n  RuntimeError: Event loop is closed\n  \n  Enable tracemalloc to get traceback where the object was allocated.\n  See https://docs.pytest.org/en/stable/how-to/capture-warnings.html#resource-warnings for more info.\n    warnings.warn(pytest.PytestUnhandledThreadExceptionWarning(msg))\n\ntests/integration/test_oauth_comprehensive_failures.py::TestOAuthComprehensiveFailures::test_29_concurrent_login_attempts\n  C:\\Users\\antho\\AppData\\Roaming\\Python\\Python312\\site-packages\\_pytest\\threadexception.py:58: PytestUnhandledThreadExceptionWarning: Exception in thread Thread-268\n  \n  Traceback (most recent call last):\n    File \"C:\\Users\\antho\\AppData\\Roaming\\Python\\Python312\\site-packages\\aiosqlite\\core.py\", line 113, in run\n      get_loop(future).call_soon_threadsafe(set_result, future, result)\n    File \"C:\\Program Files\\Python312\\Lib\\asyncio\\base_events.py\", line 840, in call_soon_threadsafe\n      self._check_closed()\n    File \"C:\\Program Files\\Python312\\Lib\\asyncio\\base_events.py\", line 541, in _check_closed\n      raise RuntimeError('Event loop is closed')\n  RuntimeError: Event loop is closed\n  \n  During handling of the above exception, another exception occurred:\n  \n  Traceback (most recent call last):\n    File \"C:\\Program Files\\Python312\\Lib\\threading.py\", line 1073, in _bootstrap_inner\n      self.run()\n    File \"C:\\Users\\antho\\AppData\\Roaming\\Python\\Python312\\site-packages\\aiosqlite\\core.py\", line 121, in run\n      get_loop(future).call_soon_threadsafe(set_exception, future, e)\n    File \"C:\\Program Files\\Python312\\Lib\\asyncio\\base_events.py\", line 840, in call_soon_threadsafe\n      self._check_closed()\n    File \"C:\\Program Files\\Python312\\Lib\\asyncio\\base_events.py\", line 541, in _check_closed\n      raise RuntimeError('Event loop is closed')\n  RuntimeError: Event loop is closed\n  \n  Enable tracemalloc to get traceback where the object was allocated.\n  See https://docs.pytest.org/en/stable/how-to/capture-warnings.html#resource-warnings for more info.\n    warnings.warn(pytest.PytestUnhandledThreadExceptionWarning(msg))\n\ntests/integration/test_oauth_comprehensive_failures.py::TestOAuthComprehensiveFailures::test_29_concurrent_login_attempts\n  C:\\Users\\antho\\AppData\\Roaming\\Python\\Python312\\site-packages\\_pytest\\threadexception.py:58: PytestUnhandledThreadExceptionWarning: Exception in thread Thread-265\n  \n  Traceback (most recent call last):\n    File \"C:\\Users\\antho\\AppData\\Roaming\\Python\\Python312\\site-packages\\aiosqlite\\core.py\", line 113, in run\n      get_loop(future).call_soon_threadsafe(set_result, future, result)\n    File \"C:\\Program Files\\Python312\\Lib\\asyncio\\base_events.py\", line 840, in call_soon_threadsafe\n      self._check_closed()\n    File \"C:\\Program Files\\Python312\\Lib\\asyncio\\base_events.py\", line 541, in _check_closed\n      raise RuntimeError('Event loop is closed')\n  RuntimeError: Event loop is closed\n  \n  During handling of the above exception, another exception occurred:\n  \n  Traceback (most recent call last):\n    File \"C:\\Program Files\\Python312\\Lib\\threading.py\", line 1073, in _bootstrap_inner\n      self.run()\n    File \"C:\\Users\\antho\\AppData\\Roaming\\Python\\Python312\\site-packages\\aiosqlite\\core.py\", line 121, in run\n      get_loop(future).call_soon_threadsafe(set_exception, future, e)\n    File \"C:\\Program Files\\Python312\\Lib\\asyncio\\base_events.py\", line 840, in call_soon_threadsafe\n      self._check_closed()\n    File \"C:\\Program Files\\Python312\\Lib\\asyncio\\base_events.py\", line 541, in _check_closed\n      raise RuntimeError('Event loop is closed')\n  RuntimeError: Event loop is closed\n  \n  Enable tracemalloc to get traceback where the object was allocated.\n  See https://docs.pytest.org/en/stable/how-to/capture-warnings.html#resource-warnings for more info.\n    warnings.warn(pytest.PytestUnhandledThreadExceptionWarning(msg))\n\ntests/integration/test_oauth_comprehensive_failures.py::TestOAuthComprehensiveFailures::test_29_concurrent_login_attempts\n  C:\\Users\\antho\\AppData\\Roaming\\Python\\Python312\\site-packages\\_pytest\\threadexception.py:58: PytestUnhandledThreadExceptionWarning: Exception in thread Thread-292\n  \n  Traceback (most recent call last):\n    File \"C:\\Users\\antho\\AppData\\Roaming\\Python\\Python312\\site-packages\\aiosqlite\\core.py\", line 113, in run\n      get_loop(future).call_soon_threadsafe(set_result, future, result)\n    File \"C:\\Program Files\\Python312\\Lib\\asyncio\\base_events.py\", line 840, in call_soon_threadsafe\n      self._check_closed()\n    File \"C:\\Program Files\\Python312\\Lib\\asyncio\\base_events.py\", line 541, in _check_closed\n      raise RuntimeError('Event loop is closed')\n  RuntimeError: Event loop is closed\n  \n  During handling of the above exception, another exception occurred:\n  \n  Traceback (most recent call last):\n    File \"C:\\Program Files\\Python312\\Lib\\threading.py\", line 1073, in _bootstrap_inner\n      self.run()\n    File \"C:\\Users\\antho\\AppData\\Roaming\\Python\\Python312\\site-packages\\aiosqlite\\core.py\", line 121, in run\n      get_loop(future).call_soon_threadsafe(set_exception, future, e)\n    File \"C:\\Program Files\\Python312\\Lib\\asyncio\\base_events.py\", line 840, in call_soon_threadsafe\n      self._check_closed()\n    File \"C:\\Program Files\\Python312\\Lib\\asyncio\\base_events.py\", line 541, in _check_closed\n      raise RuntimeError('Event loop is closed')\n  RuntimeError: Event loop is closed\n  \n  Enable tracemalloc to get traceback where the object was allocated.\n  See https://docs.pytest.org/en/stable/how-to/capture-warnings.html#resource-warnings for more info.\n    warnings.warn(pytest.PytestUnhandledThreadExceptionWarning(msg))\n\ntests/test_auth_token_generation.py::TestJWTTokenGeneration::test_create_access_token_basic\n  C:\\Users\\antho\\AppData\\Roaming\\Python\\Python312\\site-packages\\_pytest\\threadexception.py:58: PytestUnhandledThreadExceptionWarning: Exception in thread Thread-312\n  \n  Traceback (most recent call last):\n    File \"C:\\Users\\antho\\AppData\\Roaming\\Python\\Python312\\site-packages\\aiosqlite\\core.py\", line 113, in run\n      get_loop(future).call_soon_threadsafe(set_result, future, result)\n    File \"C:\\Program Files\\Python312\\Lib\\asyncio\\base_events.py\", line 840, in call_soon_threadsafe\n      self._check_closed()\n    File \"C:\\Program Files\\Python312\\Lib\\asyncio\\base_events.py\", line 541, in _check_closed\n      raise RuntimeError('Event loop is closed')\n  RuntimeError: Event loop is closed\n  \n  During handling of the above exception, another exception occurred:\n  \n  Traceback (most recent call last):\n    File \"C:\\Program Files\\Python312\\Lib\\threading.py\", line 1073, in _bootstrap_inner\n      self.run()\n    File \"C:\\Users\\antho\\AppData\\Roaming\\Python\\Python312\\site-packages\\aiosqlite\\core.py\", line 121, in run\n      get_loop(future).call_soon_threadsafe(set_exception, future, e)\n    File \"C:\\Program Files\\Python312\\Lib\\asyncio\\base_events.py\", line 840, in call_soon_threadsafe\n      self._check_closed()\n    File \"C:\\Program Files\\Python312\\Lib\\asyncio\\base_events.py\", line 541, in _check_closed\n      raise RuntimeError('Event loop is closed')\n  RuntimeError: Event loop is closed\n  \n  Enable tracemalloc to get traceback where the object was allocated.\n  See https://docs.pytest.org/en/stable/how-to/capture-warnings.html#resource-warnings for more info.\n    warnings.warn(pytest.PytestUnhandledThreadExceptionWarning(msg))\n\n-- Docs: https://docs.pytest.org/en/stable/how-to/capture-warnings.html\n=========================== short test summary info ===========================\nFAILED tests/test_auth_token_validation.py::TestJWTTokenValidation::test_validate_token_concurrent_validation\n!!!!!!!!!!!!!!!!!!!!!!!!!! stopping after 1 failures !!!!!!!!!!!!!!!!!!!!!!!!!!\n============ 1 failed, 93 passed, 3 skipped, 65 warnings in 38.38s ============\n",
      "errors": ""
    },
    "frontend": {
      "success": false,
      "duration": 5.750464677810669,
      "output": "  console.log\n    \ud83d\udce6 ChatSidebarHooks module mock created\n\n      at log (__tests__/components/ChatSidebar/setup.tsx:43:11)\n\n  console.log\n    \ud83d\udd27 Configuring authentication mocks with: { isAuthenticated: true, userTier: 'Early' }\n\n      at ChatSidebarTestSetup.log [as beforeEach] (__tests__/components/ChatSidebar/setup.tsx:300:13)\n\n  console.log\n    \ud83d\udd27 configureAuthState called with overrides: { isAuthenticated: true, userTier: 'Early' }\n\n      at ChatSidebarTestSetup.log [as configureAuthState] (__tests__/components/ChatSidebar/setup.tsx:476:13)\n\n  console.log\n    \ud83c\udfaf Final authStateConfig: {\n      isAuthenticated: true,\n      isLoading: false,\n      user: { id: 'test-user-1', email: 'test@example.com', role: 'user' },\n      userTier: 'Early',\n      error: null,\n      refreshAuth: [Function: mockConstructor] {\n        _isMockFunction: true,\n        getMockImplementation: [Function (anonymous)],\n        mock: [Getter/Setter],\n        mockClear: [Function (anonymous)],\n        mockReset: [Function (anonymous)],\n        mockRestore: [Function (anonymous)],\n        mockReturnValueOnce: [Function (anonymous)],\n        mockResolvedValueOnce: [Function (anonymous)],\n        mockRejectedValueOnce: [Function (anonymous)],\n        mockReturnValue: [Function (anonymous)],\n        mockResolvedValue: [Function (anonymous)],\n        mockRejectedValue: [Function (anonymous)],\n        mockImplementationOnce: [Function (anonymous)],\n        withImplementation: [Function: bound withImplementation],\n        mockImplementation: [Function (anonymous)],\n        mockReturnThis: [Function (anonymous)],\n        mockName: [Function (anonymous)],\n        getMockName: [Function (anonymous)],\n        Symbol(Symbol.dispose): [Function (anonymous)]\n      },\n      logout: [Function: mockConstructor] {\n        _isMockFunction: true,\n        getMockImplementation: [Function (anonymous)],\n        mock: [Getter/Setter],\n        mockClear: [Function (anonymous)],\n        mockReset: [Function (anonymous)],\n        mockRestore: [Function (anonymous)],\n        mockReturnValueOnce: [Function (anonymous)],\n        mockResolvedValueOnce: [Function (anonymous)],\n        mockRejectedValueOnce: [Function (anonymous)],\n        mockReturnValue: [Function (anonymous)],\n        mockResolvedValue: [Function (anonymous)],\n        mockRejectedValue: [Function (anonymous)],\n        mockImplementationOnce: [Function (anonymous)],\n        withImplementation: [Function: bound withImplementation],\n        mockImplementation: [Function (anonymous)],\n        mockReturnThis: [Function (anonymous)],\n        mockName: [Function (anonymous)],\n        getMockName: [Function (anonymous)],\n        Symbol(Symbol.dispose): [Function (anonymous)]\n      },\n      clearError: [Function: mockConstructor] {\n        _isMockFunction: true,\n        getMockImplementation: [Function (anonymous)],\n        mock: [Getter/Setter],\n        mockClear: [Function (anonymous)],\n        mockReset: [Function (anonymous)],\n        mockRestore: [Function (anonymous)],\n        mockReturnValueOnce: [Function (anonymous)],\n        mockResolvedValueOnce: [Function (anonymous)],\n        mockRejectedValueOnce: [Function (anonymous)],\n        mockReturnValue: [Function (anonymous)],\n        mockResolvedValue: [Function (anonymous)],\n        mockRejectedValue: [Function (anonymous)],\n        mockImplementationOnce: [Function (anonymous)],\n        withImplementation: [Function: bound withImplementation],\n        mockImplementation: [Function (anonymous)],\n        mockReturnThis: [Function (anonymous)],\n        mockName: [Function (anonymous)],\n        getMockName: [Function (anonymous)],\n        Symbol(Symbol.dispose): [Function (anonymous)]\n      },\n      hasPermission: [Function: mockConstructor] {\n        _isMockFunction: true,\n        getMockImplementation: [Function (anonymous)],\n        mock: [Getter/Setter],\n        mockClear: [Function (anonymous)],\n        mockReset: [Function (anonymous)],\n        mockRestore: [Function (anonymous)],\n        mockReturnValueOnce: [Function (anonymous)],\n        mockResolvedValueOnce: [Function (anonymous)],\n        mockRejectedValueOnce: [Function (anonymous)],\n        mockReturnValue: [Function (anonymous)],\n        mockResolvedValue: [Function (anonymous)],\n        mockRejectedValue: [Function (anonymous)],\n        mockImplementationOnce: [Function (anonymous)],\n        withImplementation: [Function: bound withImplementation],\n        mockImplementation: [Function (anonymous)],\n        mockReturnThis: [Function (anonymous)],\n        mockName: [Function (anonymous)],\n        getMockName: [Function (anonymous)],\n        Symbol(Symbol.dispose): [Function (anonymous)]\n      },\n      isAdminOrHigher: [Function: mockConstructor] {\n        _isMockFunction: true,\n        getMockImplementation: [Function (anonymous)],\n        mock: [Getter/Setter],\n        mockClear: [Function (anonymous)],\n        mockReset: [Function (anonymous)],\n        mockRestore: [Function (anonymous)],\n        mockReturnValueOnce: [Function (anonymous)],\n        mockResolvedValueOnce: [Function (anonymous)],\n        mockRejectedValueOnce: [Function (anonymous)],\n        mockReturnValue: [Function (anonymous)],\n        mockResolvedValue: [Function (anonymous)],\n        mockRejectedValue: [Function (anonymous)],\n        mockImplementationOnce: [Function (anonymous)],\n        withImplementation: [Function: bound withImplementation],\n        mockImplementation: [Function (anonymous)],\n        mockReturnThis: [Function (anonymous)],\n        mockName: [Function (anonymous)],\n        getMockName: [Function (anonymous)],\n        Symbol(Symbol.dispose): [Function (anonymous)]\n      },\n      isDeveloperOrHigher: [Function: mockConstructor] {\n        _isMockFunction: true,\n        getMockImplementation: [Function (anonymous)],\n        mock: [Getter/Setter],\n        mockClear: [Function (anonymous)],\n        mockReset: [Function (anonymous)],\n        mockRestore: [Function (anonymous)],\n        mockReturnValueOnce: [Function (anonymous)],\n        mockResolvedValueOnce: [Function (anonymous)],\n        mockRejectedValueOnce: [Function (anonymous)],\n        mockReturnValue: [Function (anonymous)],\n        mockResolvedValue: [Function (anonymous)],\n        mockRejectedValue: [Function (anonymous)],\n        mockImplementationOnce: [Function (anonymous)],\n        withImplementation: [Function: bound withImplementation],\n        mockImplementation: [Function (anonymous)],\n        mockReturnThis: [Function (anonymous)],\n        mockName: [Function (anonymous)],\n        getMockName: [Function (anonymous)],\n        Symbol(Symbol.dispose): [Function (anonymous)]\n      }\n    }\n\n      at ChatSidebarTestSetup.log [as configureAuthState] (__tests__/components/ChatSidebar/setup.tsx:477:13)\n\n  console.log\n    \ud83d\udd27 configureChatSidebarHooks called with: {\n      threadsProvided: true,\n      threadsCount: 1000,\n      threadIds: [\n        'thread-1',  'thread-2',  'thread-3',  'thread-4',  'thread-5',\n        'thread-6',  'thread-7',  'thread-8',  'thread-9',  'thread-10',\n        'thread-11', 'thread-12', 'thread-13', 'thread-14', 'thread-15',\n        'thread-16', 'thread-17', 'thread-18', 'thread-19', 'thread-20',\n        'thread-21', 'thread-22', 'thread-23', 'thread-24', 'thread-25',\n        'thread-26', 'thread-27', 'thread-28', 'thread-29', 'thread-30',\n        'thread-31', 'thread-32', 'thread-33', 'thread-34', 'thread-35',\n        'thread-36', 'thread-37', 'thread-38', 'thread-39', 'thread-40',\n        'thread-41', 'thread-42', 'thread-43', 'thread-44', 'thread-45',\n        'thread-46', 'thread-47', 'thread-48', 'thread-49', 'thread-50',\n        'thread-51', 'thread-52', 'thread-53', 'thread-54', 'thread-55',\n        'thread-56', 'thread-57', 'thread-58', 'thread-59', 'thread-60',\n        'thread-61', 'thread-62', 'thread-63', 'thread-64', 'thread-65',\n        'thread-66', 'thread-67', 'thread-68', 'thread-69', 'thread-70',\n        'thread-71', 'thread-72', 'thread-73', 'thread-74', 'thread-75',\n        'thread-76', 'thread-77', 'thread-78', 'thread-79', 'thread-80',\n        'thread-81', 'thread-82', 'thread-83', 'thread-84', 'thread-85',\n        'thread-86', 'thread-87', 'thread-88', 'thread-89', 'thread-90',\n        'thread-91', 'thread-92', 'thread-93', 'thread-94', 'thread-95',\n        'thread-96', 'thread-97', 'thread-98', 'thread-99', 'thread-100',\n        ... 900 more items\n      ]\n    }\n\n      at ChatSidebarTestSetup.log [as configureChatSidebarHooks] (__tests__/components/ChatSidebar/setup.tsx:378:13)\n\n  console.log\n    \ud83c\udfaf Mock configurations: {\n      threadLoaderConfig: {\n        threads: [\n          [Object], [Object], [Object], [Object], [Object], [Object],\n          [Object], [Object], [Object], [Object], [Object], [Object],\n          [Object], [Object], [Object], [Object], [Object], [Object],\n          [Object], [Object], [Object], [Object], [Object], [Object],\n          [Object], [Object], [Object], [Object], [Object], [Object],\n          [Object], [Object], [Object], [Object], [Object], [Object],\n          [Object], [Object], [Object], [Object], [Object], [Object],\n          [Object], [Object], [Object], [Object], [Object], [Object],\n          [Object], [Object], [Object], [Object], [Object], [Object],\n          [Object], [Object], [Object], [Object], [Object], [Object],\n          [Object], [Object], [Object], [Object], [Object], [Object],\n          [Object], [Object], [Object], [Object], [Object], [Object],\n          [Object], [Object], [Object], [Object], [Object], [Object],\n          [Object], [Object], [Object], [Object], [Object], [Object],\n          [Object], [Object], [Object], [Object], [Object], [Object],\n          [Object], [Object], [Object], [Object], [Object], [Object],\n          [Object], [Object], [Object], [Object],\n          ... 900 more items\n        ],\n        isLoadingThreads: false,\n        loadError: null,\n        loadThreads: [Function: mockConstructor] {\n          _isMockFunction: true,\n          getMockImplementation: [Function (anonymous)],\n          mock: [Getter/Setter],\n          mockClear: [Function (anonymous)],\n          mockReset: [Function (anonymous)],\n          mockRestore: [Function (anonymous)],\n          mockReturnValueOnce: [Function (anonymous)],\n          mockResolvedValueOnce: [Function (anonymous)],\n          mockRejectedValueOnce: [Function (anonymous)],\n          mockReturnValue: [Function (anonymous)],\n          mockResolvedValue: [Function (anonymous)],\n          mockRejectedValue: [Function (anonymous)],\n          mockImplementationOnce: [Function (anonymous)],\n          withImplementation: [Function: bound withImplementation],\n          mockImplementation: [Function (anonymous)],\n          mockReturnThis: [Function (anonymous)],\n          mockName: [Function (anonymous)],\n          getMockName: [Function (anonymous)],\n          Symbol(Symbol.dispose): [Function (anonymous)]\n        }\n      },\n      threadFilteringConfig: {\n        sortedThreads: [\n          [Object], [Object], [Object], [Object], [Object], [Object],\n          [Object], [Object], [Object], [Object], [Object], [Object],\n          [Object], [Object], [Object], [Object], [Object], [Object],\n          [Object], [Object], [Object], [Object], [Object], [Object],\n          [Object], [Object], [Object], [Object], [Object], [Object],\n          [Object], [Object], [Object], [Object], [Object], [Object],\n          [Object], [Object], [Object], [Object], [Object], [Object],\n          [Object], [Object], [Object], [Object], [Object], [Object],\n          [Object], [Object], [Object], [Object], [Object], [Object],\n          [Object], [Object], [Object], [Object], [Object], [Object],\n          [Object], [Object], [Object], [Object], [Object], [Object],\n          [Object], [Object], [Object], [Object], [Object], [Object],\n          [Object], [Object], [Object], [Object], [Object], [Object],\n          [Object], [Object], [Object], [Object], [Object], [Object],\n          [Object], [Object], [Object], [Object], [Object], [Object],\n          [Object], [Object], [Object], [Object], [Object], [Object],\n          [Object], [Object], [Object], [Object],\n          ... 900 more items\n        ],\n        paginatedThreads: [\n          [Object], [Object], [Object], [Object], [Object], [Object],\n          [Object], [Object], [Object], [Object], [Object], [Object],\n          [Object], [Object], [Object], [Object], [Object], [Object],\n          [Object], [Object], [Object], [Object], [Object], [Object],\n          [Object], [Object], [Object], [Object], [Object], [Object],\n          [Object], [Object], [Object], [Object], [Object], [Object],\n          [Object], [Object], [Object], [Object], [Object], [Object],\n          [Object], [Object], [Object], [Object], [Object], [Object],\n          [Object], [Object], [Object], [Object], [Object], [Object],\n          [Object], [Object], [Object], [Object], [Object], [Object],\n          [Object], [Object], [Object], [Object], [Object], [Object],\n          [Object], [Object], [Object], [Object], [Object], [Object],\n          [Object], [Object], [Object], [Object], [Object], [Object],\n          [Object], [Object], [Object], [Object], [Object], [Object],\n          [Object], [Object], [Object], [Object], [Object], [Object],\n          [Object], [Object], [Object], [Object], [Object], [Object],\n          [Object], [Object], [Object], [Object],\n          ... 900 more items\n        ],\n        totalPages: 20\n      }\n    }\n\n      at ChatSidebarTestSetup.log [as configureChatSidebarHooks] (__tests__/components/ChatSidebar/setup.tsx:416:13)\n\n  console.log\n    \ud83c\udfaf Applied mock configurations using mockImplementation with debugging\n\n      at ChatSidebarTestSetup.log [as configureChatSidebarHooks] (__tests__/components/ChatSidebar/setup.tsx:453:13)\n\n  console.log\n    \ud83d\udd25 HOOK CALLED: useChatSidebarState (CONFIGURED) {\n      searchQuery: '',\n      setSearchQuery: [Function: mockConstructor] {\n        _isMockFunction: true,\n        getMockImplementation: [Function (anonymous)],\n        mock: [Getter/Setter],\n        mockClear: [Function (anonymous)],\n        mockReset: [Function (anonymous)],\n        mockRestore: [Function (anonymous)],\n        mockReturnValueOnce: [Function (anonymous)],\n        mockResolvedValueOnce: [Function (anonymous)],\n        mockRejectedValueOnce: [Function (anonymous)],\n        mockReturnValue: [Function (anonymous)],\n        mockResolvedValue: [Function (anonymous)],\n        mockRejectedValue: [Function (anonymous)],\n        mockImplementationOnce: [Function (anonymous)],\n        withImplementation: [Function: bound withImplementation],\n        mockImplementation: [Function (anonymous)],\n        mockReturnThis: [Function (anonymous)],\n        mockName: [Function (anonymous)],\n        getMockName: [Function (anonymous)],\n        Symbol(Symbol.dispose): [Function (anonymous)]\n      },\n      isCreatingThread: false,\n      setIsCreatingThread: [Function: mockConstructor] {\n        _isMockFunction: true,\n        getMockImplementation: [Function (anonymous)],\n        mock: [Getter/Setter],\n        mockClear: [Function (anonymous)],\n        mockReset: [Function (anonymous)],\n        mockRestore: [Function (anonymous)],\n        mockReturnValueOnce: [Function (anonymous)],\n        mockResolvedValueOnce: [Function (anonymous)],\n        mockRejectedValueOnce: [Function (anonymous)],\n        mockReturnValue: [Function (anonymous)],\n        mockResolvedValue: [Function (anonymous)],\n        mockRejectedValue: [Function (anonymous)],\n        mockImplementationOnce: [Function (anonymous)],\n        withImplementation: [Function: bound withImplementation],\n        mockImplementation: [Function (anonymous)],\n        mockReturnThis: [Function (anonymous)],\n        mockName: [Function (anonymous)],\n        getMockName: [Function (anonymous)],\n        Symbol(Symbol.dispose): [Function (anonymous)]\n      },\n      showAllThreads: false,\n      setShowAllThreads: [Function: mockConstructor] {\n        _isMockFunction: true,\n        getMockImplementation: [Function (anonymous)],\n        mock: [Getter/Setter],\n        mockClear: [Function (anonymous)],\n        mockReset: [Function (anonymous)],\n        mockRestore: [Function (anonymous)],\n        mockReturnValueOnce: [Function (anonymous)],\n        mockResolvedValueOnce: [Function (anonymous)],\n        mockRejectedValueOnce: [Function (anonymous)],\n        mockReturnValue: [Function (anonymous)],\n        mockResolvedValue: [Function (anonymous)],\n        mockRejectedValue: [Function (anonymous)],\n        mockImplementationOnce: [Function (anonymous)],\n        withImplementation: [Function: bound withImplementation],\n        mockImplementation: [Function (anonymous)],\n        mockReturnThis: [Function (anonymous)],\n        mockName: [Function (anonymous)],\n        getMockName: [Function (anonymous)],\n        Symbol(Symbol.dispose): [Function (anonymous)]\n      },\n      filterType: 'all',\n      setFilterType: [Function: mockConstructor] {\n        _isMockFunction: true,\n        getMockImplementation: [Function (anonymous)],\n        mock: [Getter/Setter],\n        mockClear: [Function (anonymous)],\n        mockReset: [Function (anonymous)],\n        mockRestore: [Function (anonymous)],\n        mockReturnValueOnce: [Function (anonymous)],\n        mockResolvedValueOnce: [Function (anonymous)],\n        mockRejectedValueOnce: [Function (anonymous)],\n        mockReturnValue: [Function (anonymous)],\n        mockResolvedValue: [Function (anonymous)],\n        mockRejectedValue: [Function (anonymous)],\n        mockImplementationOnce: [Function (anonymous)],\n        withImplementation: [Function: bound withImplementation],\n        mockImplementation: [Function (anonymous)],\n        mockReturnThis: [Function (anonymous)],\n        mockName: [Function (anonymous)],\n        getMockName: [Function (anonymous)],\n        Symbol(Symbol.dispose): [Function (anonymous)]\n      },\n      currentPage: 1,\n      setCurrentPage: [Function: mockConstructor] {\n        _isMockFunction: true,\n        getMockImplementation: [Function (anonymous)],\n        mock: [Getter/Setter],\n        mockClear: [Function (anonymous)],\n        mockReset: [Function (anonymous)],\n        mockRestore: [Function (anonymous)],\n        mockReturnValueOnce: [Function (anonymous)],\n        mockResolvedValueOnce: [Function (anonymous)],\n        mockRejectedValueOnce: [Function (anonymous)],\n        mockReturnValue: [Function (anonymous)],\n        mockResolvedValue: [Function (anonymous)],\n        mockRejectedValue: [Function (anonymous)],\n        mockImplementationOnce: [Function (anonymous)],\n        withImplementation: [Function: bound withImplementation],\n        mockImplementation: [Function (anonymous)],\n        mockReturnThis: [Function (anonymous)],\n        mockName: [Function (anonymous)],\n        getMockName: [Function (anonymous)],\n        Symbol(Symbol.dispose): [Function (anonymous)]\n      }\n    }\n\n      at Object.log (__tests__/components/ChatSidebar/setup.tsx:424:15)\n\n",
      "errors": "FAIL Unit Tests __tests__/hooks/useLoadingState.test.tsx\n  useLoadingState Hook\n    \u221a should show example prompts when WebSocket already connected with empty thread (217 ms)\n    \u221a should show loading state when WebSocket is connecting (18 ms)\n    \u221a should show loading when thread is being loaded (190 ms)\n    \u00d7 should show empty state when connected but no thread selected (212 ms)\n    \u221a should not show example prompts when thread has messages (203 ms)\n    \u221a should show processing state when agent is running (198 ms)\n    \u221a should handle WebSocket reconnection gracefully (231 ms)\n    \u221a should handle rapid state changes without throwing errors (203 ms)\n\n  \u25cf useLoadingState Hook \u203a should show empty state when connected but no thread selected\n\n    expect(received).toBe(expected) // Object.is equality\n\n    Expected: false\n    Received: true\n\n    \u001b[0m \u001b[90m 188 |\u001b[39m     expect(result\u001b[33m.\u001b[39mcurrent\u001b[33m.\u001b[39mshouldShowLoading)\u001b[33m.\u001b[39mtoBe(\u001b[36mfalse\u001b[39m)\u001b[33m;\u001b[39m\n     \u001b[90m 189 |\u001b[39m     expect(result\u001b[33m.\u001b[39mcurrent\u001b[33m.\u001b[39mshouldShowEmptyState)\u001b[33m.\u001b[39mtoBe(\u001b[36mtrue\u001b[39m)\u001b[33m;\u001b[39m\n    \u001b[31m\u001b[1m>\u001b[22m\u001b[39m\u001b[90m 190 |\u001b[39m     expect(result\u001b[33m.\u001b[39mcurrent\u001b[33m.\u001b[39mshouldShowExamplePrompts)\u001b[33m.\u001b[39mtoBe(\u001b[36mfalse\u001b[39m)\u001b[33m;\u001b[39m\n     \u001b[90m     |\u001b[39m                                                     \u001b[31m\u001b[1m^\u001b[22m\u001b[39m\n     \u001b[90m 191 |\u001b[39m     expect(result\u001b[33m.\u001b[39mcurrent\u001b[33m.\u001b[39mloadingState)\u001b[33m.\u001b[39mtoBe(\u001b[33mChatLoadingState\u001b[39m\u001b[33m.\u001b[39m\u001b[33mREADY\u001b[39m)\u001b[33m;\u001b[39m\n     \u001b[90m 192 |\u001b[39m   })\u001b[33m;\u001b[39m\n     \u001b[90m 193 |\u001b[39m\u001b[0m\n\n      at Object.toBe (__tests__/hooks/useLoadingState.test.tsx:190:53)\n\nSummary of all failing tests\nFAIL __tests__/hooks/useLoadingState.test.tsx\n  \u25cf useLoadingState Hook \u203a should show empty state when connected but no thread selected\n\n    expect(received).toBe(expected) // Object.is equality\n\n    Expected: false\n    Received: true\n\n    \u001b[0m \u001b[90m 188 |\u001b[39m     expect(result\u001b[33m.\u001b[39mcurrent\u001b[33m.\u001b[39mshouldShowLoading)\u001b[33m.\u001b[39mtoBe(\u001b[36mfalse\u001b[39m)\u001b[33m;\u001b[39m\n     \u001b[90m 189 |\u001b[39m     expect(result\u001b[33m.\u001b[39mcurrent\u001b[33m.\u001b[39mshouldShowEmptyState)\u001b[33m.\u001b[39mtoBe(\u001b[36mtrue\u001b[39m)\u001b[33m;\u001b[39m\n    \u001b[31m\u001b[1m>\u001b[22m\u001b[39m\u001b[90m 190 |\u001b[39m     expect(result\u001b[33m.\u001b[39mcurrent\u001b[33m.\u001b[39mshouldShowExamplePrompts)\u001b[33m.\u001b[39mtoBe(\u001b[36mfalse\u001b[39m)\u001b[33m;\u001b[39m\n     \u001b[90m     |\u001b[39m                                                     \u001b[31m\u001b[1m^\u001b[22m\u001b[39m\n     \u001b[90m 191 |\u001b[39m     expect(result\u001b[33m.\u001b[39mcurrent\u001b[33m.\u001b[39mloadingState)\u001b[33m.\u001b[39mtoBe(\u001b[33mChatLoadingState\u001b[39m\u001b[33m.\u001b[39m\u001b[33mREADY\u001b[39m)\u001b[33m;\u001b[39m\n     \u001b[90m 192 |\u001b[39m   })\u001b[33m;\u001b[39m\n     \u001b[90m 193 |\u001b[39m\u001b[0m\n\n      at Object.toBe (__tests__/hooks/useLoadingState.test.tsx:190:53)\n\n\nTest Suites: 1 failed, 1 of 126 total\nTests:       1 failed, 7 passed, 8 total\nSnapshots:   0 total\nTime:        4.557 s, estimated 317 s\nRan all test suites.\n"
    },
    "dev_launcher": {
      "success": true,
      "duration": 14.363907814025879,
      "output": "============================= test session starts =============================\nplatform win32 -- Python 3.12.3, pytest-8.4.1, pluggy-1.6.0\nrootdir: C:\\Users\\antho\\OneDrive\\Desktop\\Netra\\netra-core-generation-1\nconfigfile: pytest.ini\nplugins: anyio-4.9.0, Faker-37.5.3, langsmith-0.4.15, asyncio-1.1.0, cov-6.2.1, mock-3.14.1, xdist-3.8.0\nasyncio: mode=Mode.AUTO, asyncio_default_fixture_loop_scope=function, asyncio_default_test_loop_scope=function\ncollected 3 items\n\ntests\\test_system_startup.py ...                                         [100%]\n\n============================= 3 passed in 11.29s ==============================\n",
      "errors": ""
    }
  },
  "overall_success": false,
  "total_duration": 90.74230790138245
}