{
  "timestamp": "20250822_114853",
  "level": "integration",
  "environment": "local",
  "services": {
    "backend": {
      "success": false,
      "duration": 35.00450801849365,
      "output": "============================= test session starts =============================\nplatform win32 -- Python 3.12.4, pytest-8.4.1, pluggy-1.6.0\nrootdir: C:\\Users\\antho\\OneDrive\\Desktop\\Netra\\netra-core-generation-1\\netra_backend\nconfigfile: pytest.ini\nplugins: anyio-4.9.0, Faker-37.5.3, langsmith-0.4.15, asyncio-1.1.0, cov-6.2.1, mock-3.14.1, xdist-3.8.0, html-4.1.1, json-report-1.5.0, metadata-3.1.1, timeout-2.4.0, typeguard-4.4.4\nasyncio: mode=Mode.AUTO, asyncio_default_fixture_loop_scope=session, asyncio_default_test_loop_scope=function\ncollected 2607 items / 1 error\n\n=================================== ERRORS ====================================\n_____ ERROR collecting tests/examples/test_real_functionality_examples.py _____\nImportError while importing test module 'C:\\Users\\antho\\OneDrive\\Desktop\\Netra\\netra-core-generation-1\\netra_backend\\tests\\examples\\test_real_functionality_examples.py'.\nHint: make sure your test modules/packages have valid Python names.\nTraceback:\nC:\\Users\\antho\\miniconda3\\Lib\\importlib\\__init__.py:90: in import_module\n    return _bootstrap._gcd_import(name[level:], package, level)\n           ^^^^^^^^^^^^^^^^^^^^^^^^^^^^^^^^^^^^^^^^^^^^^^^^^^^^\ntests\\examples\\test_real_functionality_examples.py:43: in <module>\n    from netra_backend.app.services.user_service import UserService\nE   ImportError: cannot import name 'UserService' from 'netra_backend.app.services.user_service' (C:\\Users\\antho\\OneDrive\\Desktop\\Netra\\netra-core-generation-1\\netra_backend\\app\\services\\user_service.py)\n============================== warnings summary ===============================\n..\\..\\..\\..\\..\\AppData\\Roaming\\Python\\Python312\\site-packages\\pydantic\\_internal\\_fields.py:198\n  C:\\Users\\antho\\AppData\\Roaming\\Python\\Python312\\site-packages\\pydantic\\_internal\\_fields.py:198: UserWarning: Field name \"schema\" in \"DataSample\" shadows an attribute in parent \"BaseModel\"\n    warnings.warn(\n\n..\\..\\..\\..\\..\\AppData\\Roaming\\Python\\Python312\\site-packages\\pydantic\\_internal\\_fields.py:198\n  C:\\Users\\antho\\AppData\\Roaming\\Python\\Python312\\site-packages\\pydantic\\_internal\\_fields.py:198: UserWarning: Field name \"schema\" in \"DataCatalog\" shadows an attribute in parent \"BaseModel\"\n    warnings.warn(\n\n..\\..\\..\\..\\..\\AppData\\Roaming\\Python\\Python312\\site-packages\\pydantic\\_internal\\_config.py:323\n..\\..\\..\\..\\..\\AppData\\Roaming\\Python\\Python312\\site-packages\\pydantic\\_internal\\_config.py:323\n..\\..\\..\\..\\..\\AppData\\Roaming\\Python\\Python312\\site-packages\\pydantic\\_internal\\_config.py:323\n..\\..\\..\\..\\..\\AppData\\Roaming\\Python\\Python312\\site-packages\\pydantic\\_internal\\_config.py:323\n..\\..\\..\\..\\..\\AppData\\Roaming\\Python\\Python312\\site-packages\\pydantic\\_internal\\_config.py:323\n..\\..\\..\\..\\..\\AppData\\Roaming\\Python\\Python312\\site-packages\\pydantic\\_internal\\_config.py:323\n  C:\\Users\\antho\\AppData\\Roaming\\Python\\Python312\\site-packages\\pydantic\\_internal\\_config.py:323: PydanticDeprecatedSince20: Support for class-based `config` is deprecated, use ConfigDict instead. Deprecated in Pydantic V2.0 to be removed in V3.0. See Pydantic V2 Migration Guide at https://errors.pydantic.dev/2.11/migration/\n    warnings.warn(DEPRECATION_MESSAGE, DeprecationWarning)\n\n..\\..\\..\\..\\..\\AppData\\Roaming\\Python\\Python312\\site-packages\\pydantic\\_internal\\_generate_schema.py:298\n..\\..\\..\\..\\..\\AppData\\Roaming\\Python\\Python312\\site-packages\\pydantic\\_internal\\_generate_schema.py:298\n..\\..\\..\\..\\..\\AppData\\Roaming\\Python\\Python312\\site-packages\\pydantic\\_internal\\_generate_schema.py:298\n..\\..\\..\\..\\..\\AppData\\Roaming\\Python\\Python312\\site-packages\\pydantic\\_internal\\_generate_schema.py:298\n..\\..\\..\\..\\..\\AppData\\Roaming\\Python\\Python312\\site-packages\\pydantic\\_internal\\_generate_schema.py:298\n..\\..\\..\\..\\..\\AppData\\Roaming\\Python\\Python312\\site-packages\\pydantic\\_internal\\_generate_schema.py:298\n..\\..\\..\\..\\..\\AppData\\Roaming\\Python\\Python312\\site-packages\\pydantic\\_internal\\_generate_schema.py:298\n  C:\\Users\\antho\\AppData\\Roaming\\Python\\Python312\\site-packages\\pydantic\\_internal\\_generate_schema.py:298: PydanticDeprecatedSince20: `json_encoders` is deprecated. See https://docs.pydantic.dev/2.11/concepts/serialization/#custom-serializers for alternatives. Deprecated in Pydantic V2.0 to be removed in V3.0. See Pydantic V2 Migration Guide at https://errors.pydantic.dev/2.11/migration/\n    warnings.warn(\n\ntests\\unified_system\\fixtures.py:111\n  C:\\Users\\antho\\OneDrive\\Desktop\\Netra\\netra-core-generation-1\\netra_backend\\tests\\unified_system\\fixtures.py:111: DeprecationWarning: websockets.WebSocketServerProtocol is deprecated\n    connection: websockets.WebSocketServerProtocol\n\n..\\..\\..\\..\\..\\AppData\\Roaming\\Python\\Python312\\site-packages\\websockets\\legacy\\__init__.py:6\n  C:\\Users\\antho\\AppData\\Roaming\\Python\\Python312\\site-packages\\websockets\\legacy\\__init__.py:6: DeprecationWarning: websockets.legacy is deprecated; see https://websockets.readthedocs.io/en/stable/howto/upgrade.html for upgrade instructions\n    warnings.warn(  # deprecated in 14.0 - 2024-11-09\n\ntests\\e2e\\test_websocket_integration_helpers.py:36\n  C:\\Users\\antho\\OneDrive\\Desktop\\Netra\\netra-core-generation-1\\netra_backend\\tests\\e2e\\test_websocket_integration_helpers.py:36: PytestCollectionWarning: cannot collect test class 'TestSyntaxFix' because it has a __init__ constructor (from: tests/e2e/test_websocket_integration_helpers.py)\n    class TestSyntaxFix:\n\n-- Docs: https://docs.pytest.org/en/stable/how-to/capture-warnings.html\n=========================== short test summary info ===========================\nERROR tests/examples/test_real_functionality_examples.py\n!!!!!!!!!!!!!!!!!!!!!!!!!! stopping after 1 failures !!!!!!!!!!!!!!!!!!!!!!!!!!\n======================== 18 warnings, 1 error in 8.95s ========================\n",
      "errors": "--- Logging error in Loguru Handler #2 ---\nRecord was: {'elapsed': datetime.timedelta(seconds=25, microseconds=963229), 'exception': None, 'extra': {}, 'file': (name='__init__.py', path='C:\\\\Users\\\\antho\\\\miniconda3\\\\Lib\\\\logging\\\\__init__.py'), 'function': 'handle', 'level': (name='INFO', no=20, icon='\\u2139\\ufe0f'), 'line': 1028, 'message': 'Multiprocessing resources cleaned up', 'module': '__init__', 'name': 'logging', 'process': (id=45948, name='MainProcess'), 'thread': (id=2616, name='MainThread'), 'time': datetime(2025, 8, 22, 11, 47, 23, 11502, tzinfo=datetime.timezone(datetime.timedelta(days=-1, seconds=61200), 'Pacific Daylight Time'))}\nTraceback (most recent call last):\n  File \"C:\\Users\\antho\\AppData\\Roaming\\Python\\Python312\\site-packages\\loguru\\_handler.py\", line 315, in _queued_writer\n    self._sink.write(message)\n  File \"C:\\Users\\antho\\AppData\\Roaming\\Python\\Python312\\site-packages\\loguru\\_simple_sinks.py\", line 16, in write\n    self._stream.write(message)\nValueError: I/O operation on closed file.\n--- End of logging error ---\n"
    },
    "auth": {
      "success": false,
      "duration": 34.7678165435791,
      "output": "============================= test session starts =============================\nplatform win32 -- Python 3.12.4, pytest-8.4.1, pluggy-1.6.0\nrootdir: C:\\Users\\antho\\OneDrive\\Desktop\\Netra\\netra-core-generation-1\\auth_service\nconfigfile: pytest.ini\nplugins: anyio-4.9.0, Faker-37.5.3, langsmith-0.4.15, asyncio-1.1.0, cov-6.2.1, mock-3.14.1, xdist-3.8.0, html-4.1.1, json-report-1.5.0, metadata-3.1.1, timeout-2.4.0, typeguard-4.4.4\nasyncio: mode=Mode.STRICT, asyncio_default_fixture_loop_scope=None, asyncio_default_test_loop_scope=function\ncollected 193 items\n\ntests\\integration\\test_auth_oauth_errors.py ........                     [  4%]\ntests\\integration\\test_auth_oauth_google.py ........                     [  8%]\ntests\\integration\\test_oauth_comprehensive_failures.py ........F\n\n================================== FAILURES ===================================\n_______ TestOAuthComprehensiveFailures.test_09_invalid_token_signature ________\n\nself = <test_oauth_comprehensive_failures.TestOAuthComprehensiveFailures object at 0x0000016B7F6E93D0>\n\n    @pytest.mark.asyncio\n    async def test_09_invalid_token_signature(self):\n        \"\"\"Test 9: Invalid JWT signature in ID token\"\"\"\n        # Create JWT with invalid signature\n        invalid_token = pyjwt.encode(\n            {\"sub\": \"user123\", \"email\": \"test@example.com\"},\n            \"wrong_secret\",\n            algorithm=\"HS256\"\n        )\n    \n        with patch(\"httpx.AsyncClient\") as mock_client:\n            mock_async_client = AsyncMock()\n            mock_client.return_value.__aenter__.return_value = mock_async_client\n    \n            # Mock token exchange response\n            mock_token_response = Mock()\n            mock_token_response.status_code = 200\n            mock_token_response.json.return_value = {\n                \"access_token\": \"valid_token\",\n                \"id_token\": invalid_token,\n                \"token_type\": \"Bearer\",\n            }\n            mock_async_client.post.return_value = mock_token_response\n    \n            # Mock user info response\n            mock_user_response = Mock()\n            mock_user_response.status_code = 200\n            mock_user_response.json.return_value = {\n                \"id\": \"test_user_123\",\n                \"email\": \"test@example.com\",\n                \"name\": \"Test User\",\n                \"verified_email\": True\n            }\n            mock_async_client.get.return_value = mock_user_response\n    \n            response = client.post(\n                \"/auth/callback/google\",\n                json={\n                    \"code\": f\"valid_code_{secrets.token_urlsafe(8)}\",\n                    \"state\": secrets.token_urlsafe(32),\n                }\n            )\n    \n        # For now, just check it doesn't crash - JWT signature validation might not be implemented\n        assert response.status_code in [200, 401, 500]\n        # Only check for signature error if it's an error response\n        if response.status_code != 200:\n            response_json = response.json()\n            if \"detail\" in response_json:\n>               assert \"signature\" in response_json[\"detail\"].lower()\nE               AssertionError: assert 'signature' in 'id token validation failed - token may be expired or malformed'\nE                +  where 'id token validation failed - token may be expired or malformed' = <built-in method lower of str object at 0x0000016B7FF2AAA0>()\nE                +    where <built-in method lower of str object at 0x0000016B7FF2AAA0> = 'ID token validation failed - token may be expired or malformed'.lower\n\ntests\\integration\\test_oauth_comprehensive_failures.py:421: AssertionError\n------------------------------ Captured log call ------------------------------\nWARNING  auth_service.auth_core.routes.auth_routes:auth_routes.py:661 Using simple string state (test mode)\nWARNING  auth_service.auth_core.core.jwt_handler:jwt_handler.py:145 Invalid ID token issuer: None\nERROR    auth_service.auth_core.routes.auth_routes:auth_routes.py:726 ID token validation failed\nERROR    auth_service.auth_core.services.auth_service:auth_service.py:713 Request failed for google_oauth: 401: ID token validation failed - token may be expired or malformed\n============================== warnings summary ===============================\ntests\\integration\\test_oauth_comprehensive_failures.py:980\n  C:\\Users\\antho\\OneDrive\\Desktop\\Netra\\netra-core-generation-1\\auth_service\\tests\\integration\\test_oauth_comprehensive_failures.py:980: PytestUnknownMarkWarning: Unknown pytest.mark.staging - is this a typo?  You can register custom marks to avoid this warning - for details, see https://docs.pytest.org/en/stable/how-to/mark.html\n    @pytest.mark.staging\n\ntests\\integration\\test_oauth_comprehensive_failures.py:1014\n  C:\\Users\\antho\\OneDrive\\Desktop\\Netra\\netra-core-generation-1\\auth_service\\tests\\integration\\test_oauth_comprehensive_failures.py:1014: PytestUnknownMarkWarning: Unknown pytest.mark.staging - is this a typo?  You can register custom marks to avoid this warning - for details, see https://docs.pytest.org/en/stable/how-to/mark.html\n    @pytest.mark.staging\n\ntests/integration/test_auth_oauth_errors.py::TestOAuthErrorHandling::test_oauth_invalid_state_parameter\n  C:\\Users\\antho\\OneDrive\\Desktop\\Netra\\netra-core-generation-1\\auth_service\\tests\\conftest.py:59: DeprecationWarning: There is no current event loop\n    loop = asyncio.get_event_loop()\n\ntests/integration/test_oauth_comprehensive_failures.py::TestOAuthComprehensiveFailures::test_01_successful_oauth_login_basic_flow\n  C:\\Users\\antho\\OneDrive\\Desktop\\Netra\\netra-core-generation-1\\auth_service\\auth_core\\routes\\auth_routes.py:930: PydanticDeprecatedSince20: The `dict` method is deprecated; use `model_dump` instead. Deprecated in Pydantic V2.0 to be removed in V3.0. See Pydantic V2 Migration Guide at https://errors.pydantic.dev/2.11/migration/\n    content=response.dict(),\n\ntests/integration/test_oauth_comprehensive_failures.py::TestOAuthComprehensiveFailures::test_05_cross_site_request_forgery_token_binding\n  C:\\Users\\antho\\AppData\\Roaming\\Python\\Python312\\site-packages\\starlette\\testclient.py:451: DeprecationWarning: Setting per-request cookies=<...> is being deprecated, because the expected behaviour on cookie persistence is ambiguous. Set cookies directly on the client instance instead.\n    return super().request(\n\n-- Docs: https://docs.pytest.org/en/stable/how-to/capture-warnings.html\n=========================== short test summary info ===========================\nFAILED tests/integration/test_oauth_comprehensive_failures.py::TestOAuthComprehensiveFailures::test_09_invalid_token_signature\n!!!!!!!!!!!!!!!!!!!!!!!!!! stopping after 1 failures !!!!!!!!!!!!!!!!!!!!!!!!!!\n================== 1 failed, 24 passed, 5 warnings in 25.00s ==================\n",
      "errors": ""
    },
    "frontend": {
      "success": false,
      "duration": 16.207753658294678,
      "output": "  console.warn\n    [2025-08-22T18:48:13.075Z] WARN: Received 401, attempting [REDACTED] undefined\n\n    \u001b[0m \u001b[90m 217 |\u001b[39m       \u001b[36mreturn\u001b[39m\u001b[33m;\u001b[39m\n     \u001b[90m 218 |\u001b[39m     }\n    \u001b[31m\u001b[1m>\u001b[22m\u001b[39m\u001b[90m 219 |\u001b[39m     originalWarn\u001b[33m.\u001b[39mcall(console\u001b[33m,\u001b[39m \u001b[33m...\u001b[39margs)\u001b[33m;\u001b[39m\n     \u001b[90m     |\u001b[39m                  \u001b[31m\u001b[1m^\u001b[22m\u001b[39m\n     \u001b[90m 220 |\u001b[39m   }\u001b[33m;\u001b[39m\n     \u001b[90m 221 |\u001b[39m })\u001b[33m;\u001b[39m\n     \u001b[90m 222 |\u001b[39m\u001b[0m\n\n      at console.call (jest.setup.js:219:18)\n      at FrontendLogger.warn [as log] (lib/logger.ts:145:19)\n      at FrontendLogger.log [as warn] (lib/logger.ts:211:10)\n      at AuthInterceptor.warn [as authenticatedFetch] (lib/auth-interceptor.ts:186:16)\n      at performFetch (services/apiClientWrapper.ts:145:24)\n      at ApiClientWrapper.retryRequest (services/apiClientWrapper.ts:83:16)\n      at ApiClientWrapper.request (services/apiClientWrapper.ts:188:16)\n\n  console.info\n    [2025-08-22T18:48:13.375Z] INFO: [REDACTED] successfully undefined\n\n      at FrontendLogger.info [as log] (lib/logger.ts:142:19)\n\n  console.info\n    [2025-08-22T18:48:13.395Z] INFO: Retrying request with refreshed token undefined\n\n      at FrontendLogger.info [as log] (lib/logger.ts:142:19)\n\n  console.log\n    Auth config from context: {\n      development_mode: true,\n      google_client_id: 'mock-google-client-id',\n      endpoints: {\n        login: 'http://localhost:8081/auth/login',\n        logout: 'http://localhost:8081/auth/logout',\n        callback: 'http://localhost:8081/auth/callback',\n        token: 'http://localhost:8081/auth/token',\n        user: 'http://localhost:8081/auth/me',\n        dev_login: 'http://localhost:8081/auth/dev/login'\n      },\n      authorized_javascript_origins: [ 'http://localhost:3000' ],\n      authorized_redirect_uris: [ 'http://localhost:3000/auth/callback' ]\n    }\n\n      at Object.log (__tests__/auth/context.auth-operations.test.tsx:118:13)\n\n  console.log\n    Login function type: function\n\n      at Object.log (__tests__/auth/context.auth-operations.test.tsx:119:13)\n\n  console.log\n    Calling login, authConfig at call time: {\n      development_mode: true,\n      google_client_id: 'mock-google-client-id',\n      endpoints: {\n        login: 'http://localhost:8081/auth/login',\n        logout: 'http://localhost:8081/auth/logout',\n        callback: 'http://localhost:8081/auth/callback',\n        token: 'http://localhost:8081/auth/token',\n        user: 'http://localhost:8081/auth/me',\n        dev_login: 'http://localhost:8081/auth/dev/login'\n      },\n      authorized_javascript_origins: [ 'http://localhost:3000' ],\n      authorized_redirect_uris: [ 'http://localhost:3000/auth/callback' ]\n    }\n\n      at log (__tests__/auth/context.auth-operations.test.tsx:108:15)\n\n  console.error\n    An update to WebSocketSetupTestComponent inside a test was not wrapped in act(...).\n    \n    When testing, code that causes React state updates should be wrapped into act(...):\n    \n    act(() => {\n      /* fire events that update state */\n    });\n    /* assert on the output */\n    \n    This ensures that you're testing the behavior the user would see in the browser. Learn more at https://react.dev/link/wrap-tests-with-act\n\n    \u001b[0m \u001b[90m 207 |\u001b[39m       \u001b[36mreturn\u001b[39m\u001b[33m;\u001b[39m\n     \u001b[90m 208 |\u001b[39m     }\n    \u001b[31m\u001b[1m>\u001b[22m\u001b[39m\u001b[90m 209 |\u001b[39m     originalError\u001b[33m.\u001b[39mcall(console\u001b[33m,\u001b[39m \u001b[33m...\u001b[39margs)\u001b[33m;\u001b[39m\n     \u001b[90m     |\u001b[39m                   \u001b[31m\u001b[1m^\u001b[22m\u001b[39m\n     \u001b[90m 210 |\u001b[39m   }\u001b[33m;\u001b[39m\n     \u001b[90m 211 |\u001b[39m   \n     \u001b[90m 212 |\u001b[39m   console\u001b[33m.\u001b[39mwarn \u001b[33m=\u001b[39m (\u001b[33m...\u001b[39margs) \u001b[33m=>\u001b[39m {\u001b[0m\n\n      at console.call [as error] (jest.setup.js:209:19)\n      at node_modules/react-dom/cjs/react-dom-client.development.js:16023:19\n      at runWithFiberInDEV (node_modules/react-dom/cjs/react-dom-client.development.js:1522:13)\n      at warnIfUpdatesNotWrappedWithActDEV (node_modules/react-dom/cjs/react-dom-client.development.js:16022:9)\n      at scheduleUpdateOnFiber (node_modules/react-dom/cjs/react-dom-client.development.js:14396:11)\n      at dispatchSetStateInternal (node_modules/react-dom/cjs/react-dom-client.development.js:6969:13)\n      at dispatchSetState (node_modules/react-dom/cjs/react-dom-client.development.js:6927:7)\n      at setConnectionState (__tests__/integration/login-websocket-setup.test.tsx:155:7)\n      at checkAuthAndConnect (__tests__/integration/login-websocket-setup.test.tsx:137:9)\n\n  console.error\n    An update to WebSocketSetupTestComponent inside a test was not wrapped in act(...).\n    \n    When testing, code that causes React state updates should be wrapped into act(...):\n    \n    act(() => {\n      /* fire events that update state */\n    });\n    /* assert on the output */\n    \n    This ensures that you're testing the behavior the user would see in the browser. Learn more at https://react.dev/link/wrap-tests-with-act\n\n    \u001b[0m \u001b[90m 207 |\u001b[39m       \u001b[36mreturn\u001b[39m\u001b[33m;\u001b[39m\n     \u001b[90m 208 |\u001b[39m     }\n    \u001b[31m\u001b[1m>\u001b[22m\u001b[39m\u001b[90m 209 |\u001b[39m     originalError\u001b[33m.\u001b[39mcall(console\u001b[33m,\u001b[39m \u001b[33m...\u001b[39margs)\u001b[33m;\u001b[39m\n     \u001b[90m     |\u001b[39m                   \u001b[31m\u001b[1m^\u001b[22m\u001b[39m\n     \u001b[90m 210 |\u001b[39m   }\u001b[33m;\u001b[39m\n     \u001b[90m 211 |\u001b[39m   \n     \u001b[90m 212 |\u001b[39m   console\u001b[33m.\u001b[39mwarn \u001b[33m=\u001b[39m (\u001b[33m...\u001b[39margs) \u001b[33m=>\u001b[39m {\u001b[0m\n\n      at console.call [as error] (jest.setup.js:209:19)\n      at node_modules/react-dom/cjs/react-dom-client.development.js:16023:19\n      at runWithFiberInDEV (node_modules/react-dom/cjs/react-dom-client.development.js:1522:13)\n      at warnIfUpdatesNotWrappedWithActDEV (node_modules/react-dom/cjs/react-dom-client.development.js:16022:9)\n      at scheduleUpdateOnFiber (node_modules/react-dom/cjs/react-dom-client.development.js:14396:11)\n      at dispatchSetStateInternal (node_modules/react-dom/cjs/react-dom-client.development.js:6969:13)\n      at dispatchSetState (node_modules/react-dom/cjs/react-dom-client.development.js:6927:7)\n      at setAuthState (__tests__/integration/login-websocket-setup.test.tsx:166:9)\n\n  console.error\n    An update to WebSocketSetupTestComponent inside a test was not wrapped in act(...).\n    \n    When testing, code that causes React state updates should be wrapped into act(...):\n    \n    act(() => {\n      /* fire events that update state */\n    });\n    /* assert on the output */\n    \n    This ensures that you're testing the behavior the user would see in the browser. Learn more at https://react.dev/link/wrap-tests-with-act\n\n    \u001b[0m \u001b[90m 207 |\u001b[39m       \u001b[36mreturn\u001b[39m\u001b[33m;\u001b[39m\n     \u001b[90m 208 |\u001b[39m     }\n    \u001b[31m\u001b[1m>\u001b[22m\u001b[39m\u001b[90m 209 |\u001b[39m     originalError\u001b[33m.\u001b[39mcall(console\u001b[33m,\u001b[39m \u001b[33m...\u001b[39margs)\u001b[33m;\u001b[39m\n     \u001b[90m     |\u001b[39m                   \u001b[31m\u001b[1m^\u001b[22m\u001b[39m\n     \u001b[90m 210 |\u001b[39m   }\u001b[33m;\u001b[39m\n     \u001b[90m 211 |\u001b[39m   \n     \u001b[90m 212 |\u001b[39m   console\u001b[33m.\u001b[39mwarn \u001b[33m=\u001b[39m (\u001b[33m...\u001b[39margs) \u001b[33m=>\u001b[39m {\u001b[0m\n\n      at console.call [as error] (jest.setup.js:209:19)\n      at node_modules/react-dom/cjs/react-dom-client.development.js:16023:19\n      at runWithFiberInDEV (node_modules/react-dom/cjs/react-dom-client.development.js:1522:13)\n      at warnIfUpdatesNotWrappedWithActDEV (node_modules/react-dom/cjs/react-dom-client.development.js:16022:9)\n      at scheduleUpdateOnFiber (node_modules/react-dom/cjs/react-dom-client.development.js:14396:11)\n      at dispatchSetStateInternal (node_modules/react-dom/cjs/react-dom-client.development.js:6969:13)\n      at dispatchSetState (node_modules/react-dom/cjs/react-dom-client.development.js:6927:7)\n      at setConnectionState (__tests__/integration/login-websocket-setup.test.tsx:147:7)\n      at initiateWebSocketConnection (__tests__/integration/login-websocket-setup.test.tsx:167:15)\n\n  console.error\n    An update to WebSocketSetupTestComponent inside a test was not wrapped in act(...).\n    \n    When testing, code that causes React state updates should be wrapped into act(...):\n    \n    act(() => {\n      /* fire events that update state */\n    });\n    /* assert on the output */\n    \n    This ensures that you're testing the behavior the user would see in the browser. Learn more at https://react.dev/link/wrap-tests-with-act\n\n    \u001b[0m \u001b[90m 207 |\u001b[39m       \u001b[36mreturn\u001b[39m\u001b[33m;\u001b[39m\n     \u001b[90m 208 |\u001b[39m     }\n    \u001b[31m\u001b[1m>\u001b[22m\u001b[39m\u001b[90m 209 |\u001b[39m     originalError\u001b[33m.\u001b[39mcall(console\u001b[33m,\u001b[39m \u001b[33m...\u001b[39margs)\u001b[33m;\u001b[39m\n     \u001b[90m     |\u001b[39m                   \u001b[31m\u001b[1m^\u001b[22m\u001b[39m\n     \u001b[90m 210 |\u001b[39m   }\u001b[33m;\u001b[39m\n     \u001b[90m 211 |\u001b[39m   \n     \u001b[90m 212 |\u001b[39m   console\u001b[33m.\u001b[39mwarn \u001b[33m=\u001b[39m (\u001b[33m...\u001b[39margs) \u001b[33m=>\u001b[39m {\u001b[0m\n\n      at console.call [as error] (jest.setup.js:209:19)\n      at node_modules/react-dom/cjs/react-dom-client.development.js:16023:19\n      at runWithFiberInDEV (node_modules/react-dom/cjs/react-dom-client.development.js:1522:13)\n      at warnIfUpdatesNotWrappedWithActDEV (node_modules/react-dom/cjs/react-dom-client.development.js:16022:9)\n      at scheduleUpdateOnFiber (node_modules/react-dom/cjs/react-dom-client.development.js:14396:11)\n      at dispatchSetStateInternal (node_modules/react-dom/cjs/react-dom-client.development.js:6969:13)\n      at dispatchSetState (node_modules/react-dom/cjs/react-dom-client.development.js:6927:7)\n      at setConnectionState (__tests__/integration/login-websocket-setup.test.tsx:155:7)\n      at handleLogin (__tests__/integration/login-websocket-setup.test.tsx:167:9)\n\n  console.error\n    An update to WebSocketSetupTestComponent inside a test was not wrapped in act(...).\n    \n    When testing, code that causes React state updates should be wrapped into act(...):\n    \n    act(() => {\n      /* fire events that update state */\n    });\n    /* assert on the output */\n    \n    This ensures that you're testing the behavior the user would see in the browser. Learn more at https://react.dev/link/wrap-tests-with-act\n\n    \u001b[0m \u001b[90m 207 |\u001b[39m       \u001b[36mreturn\u001b[39m\u001b[33m;\u001b[39m\n     \u001b[90m 208 |\u001b[39m     }\n    \u001b[31m\u001b[1m>\u001b[22m\u001b[39m\u001b[90m 209 |\u001b[39m     originalError\u001b[33m.\u001b[39mcall(console\u001b[33m,\u001b[39m \u001b[33m...\u001b[39margs)\u001b[33m;\u001b[39m\n     \u001b[90m     |\u001b[39m                   \u001b[31m\u001b[1m^\u001b[22m\u001b[39m\n     \u001b[90m 210 |\u001b[39m   }\u001b[33m;\u001b[39m\n     \u001b[90m 211 |\u001b[39m   \n     \u001b[90m 212 |\u001b[39m   console\u001b[33m.\u001b[39mwarn \u001b[33m=\u001b[39m (\u001b[33m...\u001b[39margs) \u001b[33m=>\u001b[39m {\u001b[0m\n\n      at console.call [as error] (jest.setup.js:209:19)\n      at node_modules/react-dom/cjs/react-dom-client.development.js:16023:19\n      at runWithFiberInDEV (node_modules/react-dom/cjs/react-dom-client.development.js:1522:13)\n      at warnIfUpdatesNotWrappedWithActDEV (node_modules/react-dom/cjs/react-dom-client.development.js:16022:9)\n      at scheduleUpdateOnFiber (node_modules/react-dom/cjs/react-dom-client.development.js:14396:11)\n      at dispatchSetStateInternal (node_modules/react-dom/cjs/react-dom-client.development.js:6969:13)\n      at dispatchSetState (node_modules/react-dom/cjs/react-dom-client.development.js:6927:7)\n      at setConnectionState (__tests__/integration/login-websocket-setup.test.tsx:155:7)\n      at checkAuthAndConnect (__tests__/integration/login-websocket-setup.test.tsx:137:9)\n\n  console.error\n    An update to WebSocketSetupTestComponent inside a test was not wrapped in act(...).\n    \n    When testing, code that causes React state updates should be wrapped into act(...):\n    \n    act(() => {\n      /* fire events that update state */\n    });\n    /* assert on the output */\n    \n    This ensures that you're testing the behavior the user would see in the browser. Learn more at https://react.dev/link/wrap-tests-with-act\n\n    \u001b[0m \u001b[90m 207 |\u001b[39m       \u001b[36mreturn\u001b[39m\u001b[33m;\u001b[39m\n     \u001b[90m 208 |\u001b[39m     }\n    \u001b[31m\u001b[1m>\u001b[22m\u001b[39m\u001b[90m 209 |\u001b[39m     originalError\u001b[33m.\u001b[39mcall(console\u001b[33m,\u001b[39m \u001b[33m...\u001b[39margs)\u001b[33m;\u001b[39m\n     \u001b[90m     |\u001b[39m                   \u001b[31m\u001b[1m^\u001b[22m\u001b[39m\n     \u001b[90m 210 |\u001b[39m   }\u001b[33m;\u001b[39m\n     \u001b[90m 211 |\u001b[39m   \n     \u001b[90m 212 |\u001b[39m   console\u001b[33m.\u001b[39mwarn \u001b[33m=\u001b[39m (\u001b[33m...\u001b[39margs) \u001b[33m=>\u001b[39m {\u001b[0m\n\n      at console.call [as error] (jest.setup.js:209:19)\n      at node_modules/react-dom/cjs/react-dom-client.development.js:16023:19\n      at runWithFiberInDEV (node_modules/react-dom/cjs/react-dom-client.development.js:1522:13)\n      at warnIfUpdatesNotWrappedWithActDEV (node_modules/react-dom/cjs/react-dom-client.development.js:16022:9)\n      at scheduleUpdateOnFiber (node_modules/react-dom/cjs/react-dom-client.development.js:14396:11)\n      at dispatchSetStateInternal (node_modules/react-dom/cjs/react-dom-client.development.js:6969:13)\n      at dispatchSetState (node_modules/react-dom/cjs/react-dom-client.development.js:6927:7)\n      at setAuthState (__tests__/integration/login-websocket-setup.test.tsx:166:9)\n\n  console.error\n    An update to WebSocketSetupTestComponent inside a test was not wrapped in act(...).\n    \n    When testing, code that causes React state updates should be wrapped into act(...):\n    \n    act(() => {\n      /* fire events that update state */\n    });\n    /* assert on the output */\n    \n    This ensures that you're testing the behavior the user would see in the browser. Learn more at https://react.dev/link/wrap-tests-with-act\n\n    \u001b[0m \u001b[90m 207 |\u001b[39m       \u001b[36mreturn\u001b[39m\u001b[33m;\u001b[39m\n     \u001b[90m 208 |\u001b[39m     }\n    \u001b[31m\u001b[1m>\u001b[22m\u001b[39m\u001b[90m 209 |\u001b[39m     originalError\u001b[33m.\u001b[39mcall(console\u001b[33m,\u001b[39m \u001b[33m...\u001b[39margs)\u001b[33m;\u001b[39m\n     \u001b[90m     |\u001b[39m                   \u001b[31m\u001b[1m^\u001b[22m\u001b[39m\n     \u001b[90m 210 |\u001b[39m   }\u001b[33m;\u001b[39m\n     \u001b[90m 211 |\u001b[39m   \n     \u001b[90m 212 |\u001b[39m   console\u001b[33m.\u001b[39mwarn \u001b[33m=\u001b[39m (\u001b[33m...\u001b[39margs) \u001b[33m=>\u001b[39m {\u001b[0m\n\n      at console.call [as error] (jest.setup.js:209:19)\n      at node_modules/react-dom/cjs/react-dom-client.development.js:16023:19\n      at runWithFiberInDEV (node_modules/react-dom/cjs/react-dom-client.development.js:1522:13)\n      at warnIfUpdatesNotWrappedWithActDEV (node_modules/react-dom/cjs/react-dom-client.development.js:16022:9)\n      at scheduleUpdateOnFiber (node_modules/react-dom/cjs/react-dom-client.development.js:14396:11)\n      at dispatchSetStateInternal (node_modules/react-dom/cjs/react-dom-client.development.js:6969:13)\n      at dispatchSetState (node_modules/react-dom/cjs/react-dom-client.development.js:6927:7)\n      at setConnectionState (__tests__/integration/login-websocket-setup.test.tsx:147:7)\n      at initiateWebSocketConnection (__tests__/integration/login-websocket-setup.test.tsx:167:15)\n\n  console.error\n    An update to WebSocketSetupTestComponent inside a test was not wrapped in act(...).\n    \n    When testing, code that causes React state updates should be wrapped into act(...):\n    \n    act(() => {\n      /* fire events that update state */\n    });\n    /* assert on the output */\n    \n    This ensures that you're testing the behavior the user would see in the browser. Learn more at https://react.dev/link/wrap-tests-with-act\n\n    \u001b[0m \u001b[90m 207 |\u001b[39m       \u001b[36mreturn\u001b[39m\u001b[33m;\u001b[39m\n     \u001b[90m 208 |\u001b[39m     }\n    \u001b[31m\u001b[1m>\u001b[22m\u001b[39m\u001b[90m 209 |\u001b[39m     originalError\u001b[33m.\u001b[39mcall(console\u001b[33m,\u001b[39m \u001b[33m...\u001b[39margs)\u001b[33m;\u001b[39m\n     \u001b[90m     |\u001b[39m                   \u001b[31m\u001b[1m^\u001b[22m\u001b[39m\n     \u001b[90m 210 |\u001b[39m   }\u001b[33m;\u001b[39m\n     \u001b[90m 211 |\u001b[39m   \n     \u001b[90m 212 |\u001b[39m   console\u001b[33m.\u001b[39mwarn \u001b[33m=\u001b[39m (\u001b[33m...\u001b[39margs) \u001b[33m=>\u001b[39m {\u001b[0m\n\n      at console.call [as error] (jest.setup.js:209:19)\n      at node_modules/react-dom/cjs/react-dom-client.development.js:16023:19\n      at runWithFiberInDEV (node_modules/react-dom/cjs/react-dom-client.development.js:1522:13)\n      at warnIfUpdatesNotWrappedWithActDEV (node_modules/react-dom/cjs/react-dom-client.development.js:16022:9)\n      at scheduleUpdateOnFiber (node_modules/react-dom/cjs/react-dom-client.development.js:14396:11)\n      at dispatchSetStateInternal (node_modules/react-dom/cjs/react-dom-client.development.js:6969:13)\n      at dispatchSetState (node_modules/react-dom/cjs/react-dom-client.development.js:6927:7)\n      at setConnectionState (__tests__/integration/login-websocket-setup.test.tsx:155:7)\n      at handleLogin (__tests__/integration/login-websocket-setup.test.tsx:167:9)\n\n  console.error\n    An update to WebSocketSetupTestComponent inside a test was not wrapped in act(...).\n    \n    When testing, code that causes React state updates should be wrapped into act(...):\n    \n    act(() => {\n      /* fire events that update state */\n    });\n    /* assert on the output */\n    \n    This ensures that you're testing the behavior the user would see in the browser. Learn more at https://react.dev/link/wrap-tests-with-act\n\n    \u001b[0m \u001b[90m 207 |\u001b[39m       \u001b[36mreturn\u001b[39m\u001b[33m;\u001b[39m\n     \u001b[90m 208 |\u001b[39m     }\n    \u001b[31m\u001b[1m>\u001b[22m\u001b[39m\u001b[90m 209 |\u001b[39m     originalError\u001b[33m.\u001b[39mcall(console\u001b[33m,\u001b[39m \u001b[33m...\u001b[39margs)\u001b[33m;\u001b[39m\n     \u001b[90m     |\u001b[39m                   \u001b[31m\u001b[1m^\u001b[22m\u001b[39m\n     \u001b[90m 210 |\u001b[39m   }\u001b[33m;\u001b[39m\n     \u001b[90m 211 |\u001b[39m   \n     \u001b[90m 212 |\u001b[39m   console\u001b[33m.\u001b[39mwarn \u001b[33m=\u001b[39m (\u001b[33m...\u001b[39margs) \u001b[33m=>\u001b[39m {\u001b[0m\n\n      at console.call [as error] (jest.setup.js:209:19)\n      at node_modules/react-dom/cjs/react-dom-client.development.js:16023:19\n      at runWithFiberInDEV (node_modules/react-dom/cjs/react-dom-client.development.js:1522:13)\n      at warnIfUpdatesNotWrappedWithActDEV (node_modules/react-dom/cjs/react-dom-client.development.js:16022:9)\n      at scheduleUpdateOnFiber (node_modules/react-dom/cjs/react-dom-client.development.js:14396:11)\n      at dispatchSetStateInternal (node_modules/react-dom/cjs/react-dom-client.development.js:6969:13)\n      at dispatchSetState (node_modules/react-dom/cjs/react-dom-client.development.js:6927:7)\n      at setAuthState (__tests__/integration/login-websocket-setup.test.tsx:166:9)\n\n  console.error\n    An update to WebSocketSetupTestComponent inside a test was not wrapped in act(...).\n    \n    When testing, code that causes React state updates should be wrapped into act(...):\n    \n    act(() => {\n      /* fire events that update state */\n    });\n    /* assert on the output */\n    \n    This ensures that you're testing the behavior the user would see in the browser. Learn more at https://react.dev/link/wrap-tests-with-act\n\n    \u001b[0m \u001b[90m 207 |\u001b[39m       \u001b[36mreturn\u001b[39m\u001b[33m;\u001b[39m\n     \u001b[90m 208 |\u001b[39m     }\n    \u001b[31m\u001b[1m>\u001b[22m\u001b[39m\u001b[90m 209 |\u001b[39m     originalError\u001b[33m.\u001b[39mcall(console\u001b[33m,\u001b[39m \u001b[33m...\u001b[39margs)\u001b[33m;\u001b[39m\n     \u001b[90m     |\u001b[39m                   \u001b[31m\u001b[1m^\u001b[22m\u001b[39m\n     \u001b[90m 210 |\u001b[39m   }\u001b[33m;\u001b[39m\n     \u001b[90m 211 |\u001b[39m   \n     \u001b[90m 212 |\u001b[39m   console\u001b[33m.\u001b[39mwarn \u001b[33m=\u001b[39m (\u001b[33m...\u001b[39margs) \u001b[33m=>\u001b[39m {\u001b[0m\n\n      at console.call [as error] (jest.setup.js:209:19)\n      at node_modules/react-dom/cjs/react-dom-client.development.js:16023:19\n      at runWithFiberInDEV (node_modules/react-dom/cjs/react-dom-client.development.js:1522:13)\n      at warnIfUpdatesNotWrappedWithActDEV (node_modules/react-dom/cjs/react-dom-client.development.js:16022:9)\n      at scheduleUpdateOnFiber (node_modules/react-dom/cjs/react-dom-client.development.js:14396:11)\n      at dispatchSetStateInternal (node_modules/react-dom/cjs/react-dom-client.development.js:6969:13)\n      at dispatchSetState (node_modules/react-dom/cjs/react-dom-client.development.js:6927:7)\n      at setConnectionState (__tests__/integration/login-websocket-setup.test.tsx:147:7)\n      at initiateWebSocketConnection (__tests__/integration/login-websocket-setup.test.tsx:167:15)\n\n  console.error\n    An update to WebSocketSetupTestComponent inside a test was not wrapped in act(...).\n    \n    When testing, code that causes React state updates should be wrapped into act(...):\n    \n    act(() => {\n      /* fire events that update state */\n    });\n    /* assert on the output */\n    \n    This ensures that you're testing the behavior the user would see in the browser. Learn more at https://react.dev/link/wrap-tests-with-act\n\n    \u001b[0m \u001b[90m 207 |\u001b[39m       \u001b[36mreturn\u001b[39m\u001b[33m;\u001b[39m\n     \u001b[90m 208 |\u001b[39m     }\n    \u001b[31m\u001b[1m>\u001b[22m\u001b[39m\u001b[90m 209 |\u001b[39m     originalError\u001b[33m.\u001b[39mcall(console\u001b[33m,\u001b[39m \u001b[33m...\u001b[39margs)\u001b[33m;\u001b[39m\n     \u001b[90m     |\u001b[39m                   \u001b[31m\u001b[1m^\u001b[22m\u001b[39m\n     \u001b[90m 210 |\u001b[39m   }\u001b[33m;\u001b[39m\n     \u001b[90m 211 |\u001b[39m   \n     \u001b[90m 212 |\u001b[39m   console\u001b[33m.\u001b[39mwarn \u001b[33m=\u001b[39m (\u001b[33m...\u001b[39margs) \u001b[33m=>\u001b[39m {\u001b[0m\n\n      at console.call [as error] (jest.setup.js:209:19)\n      at node_modules/react-dom/cjs/react-dom-client.development.js:16023:19\n      at runWithFiberInDEV (node_modules/react-dom/cjs/react-dom-client.development.js:1522:13)\n      at warnIfUpdatesNotWrappedWithActDEV (node_modules/react-dom/cjs/react-dom-client.development.js:16022:9)\n      at scheduleUpdateOnFiber (node_modules/react-dom/cjs/react-dom-client.development.js:14396:11)\n      at dispatchSetStateInternal (node_modules/react-dom/cjs/react-dom-client.development.js:6969:13)\n      at dispatchSetState (node_modules/react-dom/cjs/react-dom-client.development.js:6927:7)\n      at setConnectionState (__tests__/integration/login-websocket-setup.test.tsx:157:7)\n      at handleLogin (__tests__/integration/login-websocket-setup.test.tsx:167:9)\n\n  console.error\n    An update to WebSocketSetupTestComponent inside a test was not wrapped in act(...).\n    \n    When testing, code that causes React state updates should be wrapped into act(...):\n    \n    act(() => {\n      /* fire events that update state */\n    });\n    /* assert on the output */\n    \n    This ensures that you're testing the behavior the user would see in the browser. Learn more at https://react.dev/link/wrap-tests-with-act\n\n    \u001b[0m \u001b[90m 207 |\u001b[39m       \u001b[36mreturn\u001b[39m\u001b[33m;\u001b[39m\n     \u001b[90m 208 |\u001b[39m     }\n    \u001b[31m\u001b[1m>\u001b[22m\u001b[39m\u001b[90m 209 |\u001b[39m     originalError\u001b[33m.\u001b[39mcall(console\u001b[33m,\u001b[39m \u001b[33m...\u001b[39margs)\u001b[33m;\u001b[39m\n     \u001b[90m     |\u001b[39m                   \u001b[31m\u001b[1m^\u001b[22m\u001b[39m\n     \u001b[90m 210 |\u001b[39m   }\u001b[33m;\u001b[39m\n     \u001b[90m 211 |\u001b[39m   \n     \u001b[90m 212 |\u001b[39m   console\u001b[33m.\u001b[39mwarn \u001b[33m=\u001b[39m (\u001b[33m...\u001b[39margs) \u001b[33m=>\u001b[39m {\u001b[0m\n\n      at console.call [as error] (jest.setup.js:209:19)\n      at node_modules/react-dom/cjs/react-dom-client.development.js:16023:19\n      at runWithFiberInDEV (node_modules/react-dom/cjs/react-dom-client.development.js:1522:13)\n      at warnIfUpdatesNotWrappedWithActDEV (node_modules/react-dom/cjs/react-dom-client.development.js:16022:9)\n      at scheduleUpdateOnFiber (node_modules/react-dom/cjs/react-dom-client.development.js:14396:11)\n      at dispatchSetStateInternal (node_modules/react-dom/cjs/react-dom-client.development.js:6969:13)\n      at dispatchSetState (node_modules/react-dom/cjs/react-dom-client.development.js:6927:7)\n      at setConnectionState (__tests__/integration/login-websocket-setup.test.tsx:155:7)\n      at checkAuthAndConnect (__tests__/integration/login-websocket-setup.test.tsx:137:9)\n\n  console.error\n    An update to WebSocketSetupTestComponent inside a test was not wrapped in act(...).\n    \n    When testing, code that causes React state updates should be wrapped into act(...):\n    \n    act(() => {\n      /* fire events that update state */\n    });\n    /* assert on the output */\n    \n    This ensures that you're testing the behavior the user would see in the browser. Learn more at https://react.dev/link/wrap-tests-with-act\n\n    \u001b[0m \u001b[90m 207 |\u001b[39m       \u001b[36mreturn\u001b[39m\u001b[33m;\u001b[39m\n     \u001b[90m 208 |\u001b[39m     }\n    \u001b[31m\u001b[1m>\u001b[22m\u001b[39m\u001b[90m 209 |\u001b[39m     originalError\u001b[33m.\u001b[39mcall(console\u001b[33m,\u001b[39m \u001b[33m...\u001b[39margs)\u001b[33m;\u001b[39m\n     \u001b[90m     |\u001b[39m                   \u001b[31m\u001b[1m^\u001b[22m\u001b[39m\n     \u001b[90m 210 |\u001b[39m   }\u001b[33m;\u001b[39m\n     \u001b[90m 211 |\u001b[39m   \n     \u001b[90m 212 |\u001b[39m   console\u001b[33m.\u001b[39mwarn \u001b[33m=\u001b[39m (\u001b[33m...\u001b[39margs) \u001b[33m=>\u001b[39m {\u001b[0m\n\n      at console.call [as error] (jest.setup.js:209:19)\n      at node_modules/react-dom/cjs/react-dom-client.development.js:16023:19\n      at runWithFiberInDEV (node_modules/react-dom/cjs/react-dom-client.development.js:1522:13)\n      at warnIfUpdatesNotWrappedWithActDEV (node_modules/react-dom/cjs/react-dom-client.development.js:16022:9)\n      at scheduleUpdateOnFiber (node_modules/react-dom/cjs/react-dom-client.development.js:14396:11)\n      at dispatchSetStateInternal (node_modules/react-dom/cjs/react-dom-client.development.js:6969:13)\n      at dispatchSetState (node_modules/react-dom/cjs/react-dom-client.development.js:6927:7)\n      at setAuthState (__tests__/integration/login-websocket-setup.test.tsx:166:9)\n\n  console.error\n    An update to WebSocketSetupTestComponent inside a test was not wrapped in act(...).\n    \n    When testing, code that causes React state updates should be wrapped into act(...):\n    \n    act(() => {\n      /* fire events that update state */\n    });\n    /* assert on the output */\n    \n    This ensures that you're testing the behavior the user would see in the browser. Learn more at https://react.dev/link/wrap-tests-with-act\n\n    \u001b[0m \u001b[90m 207 |\u001b[39m       \u001b[36mreturn\u001b[39m\u001b[33m;\u001b[39m\n     \u001b[90m 208 |\u001b[39m     }\n    \u001b[31m\u001b[1m>\u001b[22m\u001b[39m\u001b[90m 209 |\u001b[39m     originalError\u001b[33m.\u001b[39mcall(console\u001b[33m,\u001b[39m \u001b[33m...\u001b[39margs)\u001b[33m;\u001b[39m\n     \u001b[90m     |\u001b[39m                   \u001b[31m\u001b[1m^\u001b[22m\u001b[39m\n     \u001b[90m 210 |\u001b[39m   }\u001b[33m;\u001b[39m\n     \u001b[90m 211 |\u001b[39m   \n     \u001b[90m 212 |\u001b[39m   console\u001b[33m.\u001b[39mwarn \u001b[33m=\u001b[39m (\u001b[33m...\u001b[39margs) \u001b[33m=>\u001b[39m {\u001b[0m\n\n      at console.call [as error] (jest.setup.js:209:19)\n      at node_modules/react-dom/cjs/react-dom-client.development.js:16023:19\n      at runWithFiberInDEV (node_modules/react-dom/cjs/react-dom-client.development.js:1522:13)\n      at warnIfUpdatesNotWrappedWithActDEV (node_modules/react-dom/cjs/react-dom-client.development.js:16022:9)\n      at scheduleUpdateOnFiber (node_modules/react-dom/cjs/react-dom-client.development.js:14396:11)\n      at dispatchSetStateInternal (node_modules/react-dom/cjs/react-dom-client.development.js:6969:13)\n      at dispatchSetState (node_modules/react-dom/cjs/react-dom-client.development.js:6927:7)\n      at setConnectionState (__tests__/integration/login-websocket-setup.test.tsx:147:7)\n      at initiateWebSocketConnection (__tests__/integration/login-websocket-setup.test.tsx:167:15)\n\n  console.error\n    An update to WebSocketSetupTestComponent inside a test was not wrapped in act(...).\n    \n    When testing, code that causes React state updates should be wrapped into act(...):\n    \n    act(() => {\n      /* fire events that update state */\n    });\n    /* assert on the output */\n    \n    This ensures that you're testing the behavior the user would see in the browser. Learn more at https://react.dev/link/wrap-tests-with-act\n\n    \u001b[0m \u001b[90m 207 |\u001b[39m       \u001b[36mreturn\u001b[39m\u001b[33m;\u001b[39m\n     \u001b[90m 208 |\u001b[39m     }\n    \u001b[31m\u001b[1m>\u001b[22m\u001b[39m\u001b[90m 209 |\u001b[39m     originalError\u001b[33m.\u001b[39mcall(console\u001b[33m,\u001b[39m \u001b[33m...\u001b[39margs)\u001b[33m;\u001b[39m\n     \u001b[90m     |\u001b[39m                   \u001b[31m\u001b[1m^\u001b[22m\u001b[39m\n     \u001b[90m 210 |\u001b[39m   }\u001b[33m;\u001b[39m\n     \u001b[90m 211 |\u001b[39m   \n     \u001b[90m 212 |\u001b[39m   console\u001b[33m.\u001b[39mwarn \u001b[33m=\u001b[39m (\u001b[33m...\u001b[39margs) \u001b[33m=>\u001b[39m {\u001b[0m\n\n      at console.call [as error] (jest.setup.js:209:19)\n      at node_modules/react-dom/cjs/react-dom-client.development.js:16023:19\n      at runWithFiberInDEV (node_modules/react-dom/cjs/react-dom-client.development.js:1522:13)\n      at warnIfUpdatesNotWrappedWithActDEV (node_modules/react-dom/cjs/react-dom-client.development.js:16022:9)\n      at scheduleUpdateOnFiber (node_modules/react-dom/cjs/react-dom-client.development.js:14396:11)\n      at dispatchSetStateInternal (node_modules/react-dom/cjs/react-dom-client.development.js:6969:13)\n      at dispatchSetState (node_modules/react-dom/cjs/react-dom-client.development.js:6927:7)\n      at setConnectionState (__tests__/integration/login-websocket-setup.test.tsx:155:7)\n      at handleLogin (__tests__/integration/login-websocket-setup.test.tsx:167:9)\n\n  console.warn\n    [2025-08-22T18:48:14.426Z] WARN: Received 401, attempting [REDACTED] undefined\n\n    \u001b[0m \u001b[90m 217 |\u001b[39m       \u001b[36mreturn\u001b[39m\u001b[33m;\u001b[39m\n     \u001b[90m 218 |\u001b[39m     }\n    \u001b[31m\u001b[1m>\u001b[22m\u001b[39m\u001b[90m 219 |\u001b[39m     originalWarn\u001b[33m.\u001b[39mcall(console\u001b[33m,\u001b[39m \u001b[33m...\u001b[39margs)\u001b[33m;\u001b[39m\n     \u001b[90m     |\u001b[39m                  \u001b[31m\u001b[1m^\u001b[22m\u001b[39m\n     \u001b[90m 220 |\u001b[39m   }\u001b[33m;\u001b[39m\n     \u001b[90m 221 |\u001b[39m })\u001b[33m;\u001b[39m\n     \u001b[90m 222 |\u001b[39m\u001b[0m\n\n      at console.call (jest.setup.js:219:18)\n      at FrontendLogger.warn [as log] (lib/logger.ts:145:19)\n      at FrontendLogger.log [as warn] (lib/logger.ts:211:10)\n      at AuthInterceptor.warn [as authenticatedFetch] (lib/auth-interceptor.ts:186:16)\n      at performFetch (services/apiClientWrapper.ts:145:24)\n      at ApiClientWrapper.retryRequest (services/apiClientWrapper.ts:83:16)\n      at ApiClientWrapper.request (services/apiClientWrapper.ts:188:16)\n      at Object.<anonymous> (__tests__/services/apiClient.test.ts:92:9)\n\n  console.info\n    [2025-08-22T18:48:14.434Z] INFO: [REDACTED] successfully undefined\n\n      at FrontendLogger.info [as log] (lib/logger.ts:142:19)\n\n  console.error\n    An update to WebSocketSetupTestComponent inside a test was not wrapped in act(...).\n    \n    When testing, code that causes React state updates should be wrapped into act(...):\n    \n    act(() => {\n      /* fire events that update state */\n    });\n    /* assert on the output */\n    \n    This ensures that you're testing the behavior the user would see in the browser. Learn more at https://react.dev/link/wrap-tests-with-act\n\n    \u001b[0m \u001b[90m 207 |\u001b[39m       \u001b[36mreturn\u001b[39m\u001b[33m;\u001b[39m\n     \u001b[90m 208 |\u001b[39m     }\n    \u001b[31m\u001b[1m>\u001b[22m\u001b[39m\u001b[90m 209 |\u001b[39m     originalError\u001b[33m.\u001b[39mcall(console\u001b[33m,\u001b[39m \u001b[33m...\u001b[39margs)\u001b[33m;\u001b[39m\n     \u001b[90m     |\u001b[39m                   \u001b[31m\u001b[1m^\u001b[22m\u001b[39m\n     \u001b[90m 210 |\u001b[39m   }\u001b[33m;\u001b[39m\n     \u001b[90m 211 |\u001b[39m   \n     \u001b[90m 212 |\u001b[39m   console\u001b[33m.\u001b[39mwarn \u001b[33m=\u001b[39m (\u001b[33m...\u001b[39margs) \u001b[33m=>\u001b[39m {\u001b[0m\n\n      at console.call [as error] (jest.setup.js:209:19)\n      at node_modules/react-dom/cjs/react-dom-client.development.js:16023:19\n      at runWithFiberInDEV (node_modules/react-dom/cjs/react-dom-client.development.js:1522:13)\n      at warnIfUpdatesNotWrappedWithActDEV (node_modules/react-dom/cjs/react-dom-client.development.js:16022:9)\n      at scheduleUpdateOnFiber (node_modules/react-dom/cjs/react-dom-client.development.js:14396:11)\n      at dispatchSetStateInternal (node_modules/react-dom/cjs/react-dom-client.development.js:6969:13)\n      at dispatchSetState (node_modules/react-dom/cjs/react-dom-client.development.js:6927:7)\n      at setAuthState (__tests__/integration/login-websocket-setup.test.tsx:166:9)\n\n  console.info\n    [2025-08-22T18:48:14.440Z] INFO: Retrying request with refreshed token undefined\n\n      at FrontendLogger.info [as log] (lib/logger.ts:142:19)\n\n  console.error\n    An update to WebSocketSetupTestComponent inside a test was not wrapped in act(...).\n    \n    When testing, code that causes React state updates should be wrapped into act(...):\n    \n    act(() => {\n      /* fire events that update state */\n    });\n    /* assert on the output */\n    \n    This ensures that you're testing the behavior the user would see in the browser. Learn more at https://react.dev/link/wrap-tests-with-act\n\n    \u001b[0m \u001b[90m 207 |\u001b[39m       \u001b[36mreturn\u001b[39m\u001b[33m;\u001b[39m\n     \u001b[90m 208 |\u001b[39m     }\n    \u001b[31m\u001b[1m>\u001b[22m\u001b[39m\u001b[90m 209 |\u001b[39m     originalError\u001b[33m.\u001b[39mcall(console\u001b[33m,\u001b[39m \u001b[33m...\u001b[39margs)\u001b[33m;\u001b[39m\n     \u001b[90m     |\u001b[39m                   \u001b[31m\u001b[1m^\u001b[22m\u001b[39m\n     \u001b[90m 210 |\u001b[39m   }\u001b[33m;\u001b[39m\n     \u001b[90m 211 |\u001b[39m   \n     \u001b[90m 212 |\u001b[39m   console\u001b[33m.\u001b[39mwarn \u001b[33m=\u001b[39m (\u001b[33m...\u001b[39margs) \u001b[33m=>\u001b[39m {\u001b[0m\n\n      at console.call [as error] (jest.setup.js:209:19)\n      at node_modules/react-dom/cjs/react-dom-client.development.js:16023:19\n      at runWithFiberInDEV (node_modules/react-dom/cjs/react-dom-client.development.js:1522:13)\n      at warnIfUpdatesNotWrappedWithActDEV (node_modules/react-dom/cjs/react-dom-client.development.js:16022:9)\n      at scheduleUpdateOnFiber (node_modules/react-dom/cjs/react-dom-client.development.js:14396:11)\n      at dispatchSetStateInternal (node_modules/react-dom/cjs/react-dom-client.development.js:6969:13)\n      at dispatchSetState (node_modules/react-dom/cjs/react-dom-client.development.js:6927:7)\n      at setConnectionState (__tests__/integration/login-websocket-setup.test.tsx:147:7)\n      at initiateWebSocketConnection (__tests__/integration/login-websocket-setup.test.tsx:167:15)\n\n  console.error\n    An update to WebSocketSetupTestComponent inside a test was not wrapped in act(...).\n    \n    When testing, code that causes React state updates should be wrapped into act(...):\n    \n    act(() => {\n      /* fire events that update state */\n    });\n    /* assert on the output */\n    \n    This ensures that you're testing the behavior the user would see in the browser. Learn more at https://react.dev/link/wrap-tests-with-act\n\n    \u001b[0m \u001b[90m 207 |\u001b[39m       \u001b[36mreturn\u001b[39m\u001b[33m;\u001b[39m\n     \u001b[90m 208 |\u001b[39m     }\n    \u001b[31m\u001b[1m>\u001b[22m\u001b[39m\u001b[90m 209 |\u001b[39m     originalError\u001b[33m.\u001b[39mcall(console\u001b[33m,\u001b[39m \u001b[33m...\u001b[39margs)\u001b[33m;\u001b[39m\n     \u001b[90m     |\u001b[39m                   \u001b[31m\u001b[1m^\u001b[22m\u001b[39m\n     \u001b[90m 210 |\u001b[39m   }\u001b[33m;\u001b[39m\n     \u001b[90m 211 |\u001b[39m   \n     \u001b[90m 212 |\u001b[39m   console\u001b[33m.\u001b[39mwarn \u001b[33m=\u001b[39m (\u001b[33m...\u001b[39margs) \u001b[33m=>\u001b[39m {\u001b[0m\n\n      at console.call [as error] (jest.setup.js:209:19)\n      at node_modules/react-dom/cjs/react-dom-client.development.js:16023:19\n      at runWithFiberInDEV (node_modules/react-dom/cjs/react-dom-client.development.js:1522:13)\n      at warnIfUpdatesNotWrappedWithActDEV (node_modules/react-dom/cjs/react-dom-client.development.js:16022:9)\n      at scheduleUpdateOnFiber (node_modules/react-dom/cjs/react-dom-client.development.js:14396:11)\n      at dispatchSetStateInternal (node_modules/react-dom/cjs/react-dom-client.development.js:6969:13)\n      at dispatchSetState (node_modules/react-dom/cjs/react-dom-client.development.js:6927:7)\n      at setConnectionState (__tests__/integration/login-websocket-setup.test.tsx:157:7)\n      at handleLogin (__tests__/integration/login-websocket-setup.test.tsx:167:9)\n\n  console.log\n    \ud83d\udce6 ChatSidebarHooks module mock created\n\n      at log (__tests__/components/ChatSidebar/setup.tsx:43:11)\n\n  console.error\n    An update to WebSocketSetupTestComponent inside a test was not wrapped in act(...).\n    \n    When testing, code that causes React state updates should be wrapped into act(...):\n    \n    act(() => {\n      /* fire events that update state */\n    });\n    /* assert on the output */\n    \n    This ensures that you're testing the behavior the user would see in the browser. Learn more at https://react.dev/link/wrap-tests-with-act\n\n    \u001b[0m \u001b[90m 207 |\u001b[39m       \u001b[36mreturn\u001b[39m\u001b[33m;\u001b[39m\n     \u001b[90m 208 |\u001b[39m     }\n    \u001b[31m\u001b[1m>\u001b[22m\u001b[39m\u001b[90m 209 |\u001b[39m     originalError\u001b[33m.\u001b[39mcall(console\u001b[33m,\u001b[39m \u001b[33m...\u001b[39margs)\u001b[33m;\u001b[39m\n     \u001b[90m     |\u001b[39m                   \u001b[31m\u001b[1m^\u001b[22m\u001b[39m\n     \u001b[90m 210 |\u001b[39m   }\u001b[33m;\u001b[39m\n     \u001b[90m 211 |\u001b[39m   \n     \u001b[90m 212 |\u001b[39m   console\u001b[33m.\u001b[39mwarn \u001b[33m=\u001b[39m (\u001b[33m...\u001b[39margs) \u001b[33m=>\u001b[39m {\u001b[0m\n\n      at console.call [as error] (jest.setup.js:209:19)\n      at node_modules/react-dom/cjs/react-dom-client.development.js:16023:19\n      at runWithFiberInDEV (node_modules/react-dom/cjs/react-dom-client.development.js:1522:13)\n      at warnIfUpdatesNotWrappedWithActDEV (node_modules/react-dom/cjs/react-dom-client.development.js:16022:9)\n      at scheduleUpdateOnFiber (node_modules/react-dom/cjs/react-dom-client.development.js:14396:11)\n      at dispatchSetStateInternal (node_modules/react-dom/cjs/react-dom-client.development.js:6969:13)\n      at dispatchSetState (node_modules/react-dom/cjs/react-dom-client.development.js:6927:7)\n      at setAuthState (__tests__/integration/login-websocket-setup.test.tsx:166:9)\n\n  console.error\n    An update to WebSocketSetupTestComponent inside a test was not wrapped in act(...).\n    \n    When testing, code that causes React state updates should be wrapped into act(...):\n    \n    act(() => {\n      /* fire events that update state */\n    });\n    /* assert on the output */\n    \n    This ensures that you're testing the behavior the user would see in the browser. Learn more at https://react.dev/link/wrap-tests-with-act\n\n    \u001b[0m \u001b[90m 207 |\u001b[39m       \u001b[36mreturn\u001b[39m\u001b[33m;\u001b[39m\n     \u001b[90m 208 |\u001b[39m     }\n    \u001b[31m\u001b[1m>\u001b[22m\u001b[39m\u001b[90m 209 |\u001b[39m     originalError\u001b[33m.\u001b[39mcall(console\u001b[33m,\u001b[39m \u001b[33m...\u001b[39margs)\u001b[33m;\u001b[39m\n     \u001b[90m     |\u001b[39m                   \u001b[31m\u001b[1m^\u001b[22m\u001b[39m\n     \u001b[90m 210 |\u001b[39m   }\u001b[33m;\u001b[39m\n     \u001b[90m 211 |\u001b[39m   \n     \u001b[90m 212 |\u001b[39m   console\u001b[33m.\u001b[39mwarn \u001b[33m=\u001b[39m (\u001b[33m...\u001b[39margs) \u001b[33m=>\u001b[39m {\u001b[0m\n\n      at console.call [as error] (jest.setup.js:209:19)\n      at node_modules/react-dom/cjs/react-dom-client.development.js:16023:19\n      at runWithFiberInDEV (node_modules/react-dom/cjs/react-dom-client.development.js:1522:13)\n      at warnIfUpdatesNotWrappedWithActDEV (node_modules/react-dom/cjs/react-dom-client.development.js:16022:9)\n      at scheduleUpdateOnFiber (node_modules/react-dom/cjs/react-dom-client.development.js:14396:11)\n      at dispatchSetStateInternal (node_modules/react-dom/cjs/react-dom-client.development.js:6969:13)\n      at dispatchSetState (node_modules/react-dom/cjs/react-dom-client.development.js:6927:7)\n      at setConnectionState (__tests__/integration/login-websocket-setup.test.tsx:147:7)\n      at initiateWebSocketConnection (__tests__/integration/login-websocket-setup.test.tsx:167:15)\n\n  console.error\n    An update to WebSocketSetupTestComponent inside a test was not wrapped in act(...).\n    \n    When testing, code that causes React state updates should be wrapped into act(...):\n    \n    act(() => {\n      /* fire events that update state */\n    });\n    /* assert on the output */\n    \n    This ensures that you're testing the behavior the user would see in the browser. Learn more at https://react.dev/link/wrap-tests-with-act\n\n    \u001b[0m \u001b[90m 207 |\u001b[39m       \u001b[36mreturn\u001b[39m\u001b[33m;\u001b[39m\n     \u001b[90m 208 |\u001b[39m     }\n    \u001b[31m\u001b[1m>\u001b[22m\u001b[39m\u001b[90m 209 |\u001b[39m     originalError\u001b[33m.\u001b[39mcall(console\u001b[33m,\u001b[39m \u001b[33m...\u001b[39margs)\u001b[33m;\u001b[39m\n     \u001b[90m     |\u001b[39m                   \u001b[31m\u001b[1m^\u001b[22m\u001b[39m\n     \u001b[90m 210 |\u001b[39m   }\u001b[33m;\u001b[39m\n     \u001b[90m 211 |\u001b[39m   \n     \u001b[90m 212 |\u001b[39m   console\u001b[33m.\u001b[39mwarn \u001b[33m=\u001b[39m (\u001b[33m...\u001b[39margs) \u001b[33m=>\u001b[39m {\u001b[0m\n\n      at console.call [as error] (jest.setup.js:209:19)\n      at node_modules/react-dom/cjs/react-dom-client.development.js:16023:19\n      at runWithFiberInDEV (node_modules/react-dom/cjs/react-dom-client.development.js:1522:13)\n      at warnIfUpdatesNotWrappedWithActDEV (node_modules/react-dom/cjs/react-dom-client.development.js:16022:9)\n      at scheduleUpdateOnFiber (node_modules/react-dom/cjs/react-dom-client.development.js:14396:11)\n      at dispatchSetStateInternal (node_modules/react-dom/cjs/react-dom-client.development.js:6969:13)\n      at dispatchSetState (node_modules/react-dom/cjs/react-dom-client.development.js:6927:7)\n      at setConnectionState (__tests__/integration/login-websocket-setup.test.tsx:157:7)\n      at handleLogin (__tests__/integration/login-websocket-setup.test.tsx:167:9)\n\n  console.log\n    \ud83d\udd27 Configuring authentication mocks with: { isAuthenticated: true, userTier: 'Early' }\n\n      at ChatSidebarTestSetup.log [as beforeEach] (__tests__/components/ChatSidebar/setup.tsx:300:13)\n\n  console.log\n    \ud83d\udd27 configureAuthState called with overrides: { isAuthenticated: true, userTier: 'Early' }\n\n      at ChatSidebarTestSetup.log [as configureAuthState] (__tests__/components/ChatSidebar/setup.tsx:476:13)\n\n  console.log\n    \ud83c\udfaf Final authStateConfig: {\n      isAuthenticated: true,\n      isLoading: false,\n      user: { id: 'test-user-1', email: 'test@example.com', role: 'user' },\n      userTier: 'Early',\n      error: null,\n      refreshAuth: [Function: mockConstructor] {\n        _isMockFunction: true,\n        getMockImplementation: [Function (anonymous)],\n        mock: [Getter/Setter],\n        mockClear: [Function (anonymous)],\n        mockReset: [Function (anonymous)],\n        mockRestore: [Function (anonymous)],\n        mockReturnValueOnce: [Function (anonymous)],\n        mockResolvedValueOnce: [Function (anonymous)],\n        mockRejectedValueOnce: [Function (anonymous)],\n        mockReturnValue: [Function (anonymous)],\n        mockResolvedValue: [Function (anonymous)],\n        mockRejectedValue: [Function (anonymous)],\n        mockImplementationOnce: [Function (anonymous)],\n        withImplementation: [Function: bound withImplementation],\n        mockImplementation: [Function (anonymous)],\n        mockReturnThis: [Function (anonymous)],\n        mockName: [Function (anonymous)],\n        getMockName: [Function (anonymous)],\n        Symbol(Symbol.dispose): [Function (anonymous)]\n      },\n      logout: [Function: mockConstructor] {\n        _isMockFunction: true,\n        getMockImplementation: [Function (anonymous)],\n        mock: [Getter/Setter],\n        mockClear: [Function (anonymous)],\n        mockReset: [Function (anonymous)],\n        mockRestore: [Function (anonymous)],\n        mockReturnValueOnce: [Function (anonymous)],\n        mockResolvedValueOnce: [Function (anonymous)],\n        mockRejectedValueOnce: [Function (anonymous)],\n        mockReturnValue: [Function (anonymous)],\n        mockResolvedValue: [Function (anonymous)],\n        mockRejectedValue: [Function (anonymous)],\n        mockImplementationOnce: [Function (anonymous)],\n        withImplementation: [Function: bound withImplementation],\n        mockImplementation: [Function (anonymous)],\n        mockReturnThis: [Function (anonymous)],\n        mockName: [Function (anonymous)],\n        getMockName: [Function (anonymous)],\n        Symbol(Symbol.dispose): [Function (anonymous)]\n      },\n      clearError: [Function: mockConstructor] {\n        _isMockFunction: true,\n        getMockImplementation: [Function (anonymous)],\n        mock: [Getter/Setter],\n        mockClear: [Function (anonymous)],\n        mockReset: [Function (anonymous)],\n        mockRestore: [Function (anonymous)],\n        mockReturnValueOnce: [Function (anonymous)],\n        mockResolvedValueOnce: [Function (anonymous)],\n        mockRejectedValueOnce: [Function (anonymous)],\n        mockReturnValue: [Function (anonymous)],\n        mockResolvedValue: [Function (anonymous)],\n        mockRejectedValue: [Function (anonymous)],\n        mockImplementationOnce: [Function (anonymous)],\n        withImplementation: [Function: bound withImplementation],\n        mockImplementation: [Function (anonymous)],\n        mockReturnThis: [Function (anonymous)],\n        mockName: [Function (anonymous)],\n        getMockName: [Function (anonymous)],\n        Symbol(Symbol.dispose): [Function (anonymous)]\n      },\n      hasPermission: [Function: mockConstructor] {\n        _isMockFunction: true,\n        getMockImplementation: [Function (anonymous)],\n        mock: [Getter/Setter],\n        mockClear: [Function (anonymous)],\n        mockReset: [Function (anonymous)],\n        mockRestore: [Function (anonymous)],\n        mockReturnValueOnce: [Function (anonymous)],\n        mockResolvedValueOnce: [Function (anonymous)],\n        mockRejectedValueOnce: [Function (anonymous)],\n        mockReturnValue: [Function (anonymous)],\n        mockResolvedValue: [Function (anonymous)],\n        mockRejectedValue: [Function (anonymous)],\n        mockImplementationOnce: [Function (anonymous)],\n        withImplementation: [Function: bound withImplementation],\n        mockImplementation: [Function (anonymous)],\n        mockReturnThis: [Function (anonymous)],\n        mockName: [Function (anonymous)],\n        getMockName: [Function (anonymous)],\n        Symbol(Symbol.dispose): [Function (anonymous)]\n      },\n      isAdminOrHigher: [Function: mockConstructor] {\n        _isMockFunction: true,\n        getMockImplementation: [Function (anonymous)],\n        mock: [Getter/Setter],\n        mockClear: [Function (anonymous)],\n        mockReset: [Function (anonymous)],\n        mockRestore: [Function (anonymous)],\n        mockReturnValueOnce: [Function (anonymous)],\n        mockResolvedValueOnce: [Function (anonymous)],\n        mockRejectedValueOnce: [Function (anonymous)],\n        mockReturnValue: [Function (anonymous)],\n        mockResolvedValue: [Function (anonymous)],\n        mockRejectedValue: [Function (anonymous)],\n        mockImplementationOnce: [Function (anonymous)],\n        withImplementation: [Function: bound withImplementation],\n        mockImplementation: [Function (anonymous)],\n        mockReturnThis: [Function (anonymous)],\n        mockName: [Function (anonymous)],\n        getMockName: [Function (anonymous)],\n        Symbol(Symbol.dispose): [Function (anonymous)]\n      },\n      isDeveloperOrHigher: [Function: mockConstructor] {\n        _isMockFunction: true,\n        getMockImplementation: [Function (anonymous)],\n        mock: [Getter/Setter],\n        mockClear: [Function (anonymous)],\n        mockReset: [Function (anonymous)],\n        mockRestore: [Function (anonymous)],\n        mockReturnValueOnce: [Function (anonymous)],\n        mockResolvedValueOnce: [Function (anonymous)],\n        mockRejectedValueOnce: [Function (anonymous)],\n        mockReturnValue: [Function (anonymous)],\n        mockResolvedValue: [Function (anonymous)],\n        mockRejectedValue: [Function (anonymous)],\n        mockImplementationOnce: [Function (anonymous)],\n        withImplementation: [Function: bound withImplementation],\n        mockImplementation: [Function (anonymous)],\n        mockReturnThis: [Function (anonymous)],\n        mockName: [Function (anonymous)],\n        getMockName: [Function (anonymous)],\n        Symbol(Symbol.dispose): [Function (anonymous)]\n      }\n    }\n\n      at ChatSidebarTestSetup.log [as configureAuthState] (__tests__/components/ChatSidebar/setup.tsx:477:13)\n\n  console.error\n    An update to WebSocketSetupTestComponent inside a test was not wrapped in act(...).\n    \n    When testing, code that causes React state updates should be wrapped into act(...):\n    \n    act(() => {\n      /* fire events that update state */\n    });\n    /* assert on the output */\n    \n    This ensures that you're testing the behavior the user would see in the browser. Learn more at https://react.dev/link/wrap-tests-with-act\n\n    \u001b[0m \u001b[90m 207 |\u001b[39m       \u001b[36mreturn\u001b[39m\u001b[33m;\u001b[39m\n     \u001b[90m 208 |\u001b[39m     }\n    \u001b[31m\u001b[1m>\u001b[22m\u001b[39m\u001b[90m 209 |\u001b[39m     originalError\u001b[33m.\u001b[39mcall(console\u001b[33m,\u001b[39m \u001b[33m...\u001b[39margs)\u001b[33m;\u001b[39m\n     \u001b[90m     |\u001b[39m                   \u001b[31m\u001b[1m^\u001b[22m\u001b[39m\n     \u001b[90m 210 |\u001b[39m   }\u001b[33m;\u001b[39m\n     \u001b[90m 211 |\u001b[39m   \n     \u001b[90m 212 |\u001b[39m   console\u001b[33m.\u001b[39mwarn \u001b[33m=\u001b[39m (\u001b[33m...\u001b[39margs) \u001b[33m=>\u001b[39m {\u001b[0m\n\n      at console.call [as error] (jest.setup.js:209:19)\n      at node_modules/react-dom/cjs/react-dom-client.development.js:16023:19\n      at runWithFiberInDEV (node_modules/react-dom/cjs/react-dom-client.development.js:1522:13)\n      at warnIfUpdatesNotWrappedWithActDEV (node_modules/react-dom/cjs/react-dom-client.development.js:16022:9)\n      at scheduleUpdateOnFiber (node_modules/react-dom/cjs/react-dom-client.development.js:14396:11)\n      at dispatchSetStateInternal (node_modules/react-dom/cjs/react-dom-client.development.js:6969:13)\n      at dispatchSetState (node_modules/react-dom/cjs/react-dom-client.development.js:6927:7)\n      at setConnectionState (__tests__/integration/login-websocket-setup.test.tsx:155:7)\n      at checkAuthAndConnect (__tests__/integration/login-websocket-setup.test.tsx:137:9)\n\n  console.log\n    \ud83d\udd27 configureChatSidebarHooks called with: {\n      threadsProvided: true,\n      threadsCount: 3,\n      threadIds: [ 'thread-1', 'thread-2', 'thread-3' ]\n    }\n\n      at ChatSidebarTestSetup.log [as configureChatSidebarHooks] (__tests__/components/ChatSidebar/setup.tsx:378:13)\n\n  console.log\n    \ud83c\udfaf Mock configurations: {\n      threadLoaderConfig: {\n        threads: [ [Object], [Object], [Object] ],\n        isLoadingThreads: false,\n        loadError: null,\n        loadThreads: [Function: mockConstructor] {\n          _isMockFunction: true,\n          getMockImplementation: [Function (anonymous)],\n          mock: [Getter/Setter],\n          mockClear: [Function (anonymous)],\n          mockReset: [Function (anonymous)],\n          mockRestore: [Function (anonymous)],\n          mockReturnValueOnce: [Function (anonymous)],\n          mockResolvedValueOnce: [Function (anonymous)],\n          mockRejectedValueOnce: [Function (anonymous)],\n          mockReturnValue: [Function (anonymous)],\n          mockResolvedValue: [Function (anonymous)],\n          mockRejectedValue: [Function (anonymous)],\n          mockImplementationOnce: [Function (anonymous)],\n          withImplementation: [Function: bound withImplementation],\n          mockImplementation: [Function (anonymous)],\n          mockReturnThis: [Function (anonymous)],\n          mockName: [Function (anonymous)],\n          getMockName: [Function (anonymous)],\n          Symbol(Symbol.dispose): [Function (anonymous)]\n        }\n      },\n      threadFilteringConfig: {\n        sortedThreads: [ [Object], [Object], [Object] ],\n        paginatedThreads: [ [Object], [Object], [Object] ],\n        totalPages: 1\n      }\n    }\n\n      at ChatSidebarTestSetup.log [as configureChatSidebarHooks] (__tests__/components/ChatSidebar/setup.tsx:416:13)\n\n  console.log\n    \ud83c\udfaf Applied mock configurations using mockImplementation with debugging\n\n      at ChatSidebarTestSetup.log [as configureChatSidebarHooks] (__tests__/components/ChatSidebar/setup.tsx:453:13)\n\n  console.error\n    An update to WebSocketSetupTestComponent inside a test was not wrapped in act(...).\n    \n    When testing, code that causes React state updates should be wrapped into act(...):\n    \n    act(() => {\n      /* fire events that update state */\n    });\n    /* assert on the output */\n    \n    This ensures that you're testing the behavior the user would see in the browser. Learn more at https://react.dev/link/wrap-tests-with-act\n\n    \u001b[0m \u001b[90m 207 |\u001b[39m       \u001b[36mreturn\u001b[39m\u001b[33m;\u001b[39m\n     \u001b[90m 208 |\u001b[39m     }\n    \u001b[31m\u001b[1m>\u001b[22m\u001b[39m\u001b[90m 209 |\u001b[39m     originalError\u001b[33m.\u001b[39mcall(console\u001b[33m,\u001b[39m \u001b[33m...\u001b[39margs)\u001b[33m;\u001b[39m\n     \u001b[90m     |\u001b[39m                   \u001b[31m\u001b[1m^\u001b[22m\u001b[39m\n     \u001b[90m 210 |\u001b[39m   }\u001b[33m;\u001b[39m\n     \u001b[90m 211 |\u001b[39m   \n     \u001b[90m 212 |\u001b[39m   console\u001b[33m.\u001b[39mwarn \u001b[33m=\u001b[39m (\u001b[33m...\u001b[39margs) \u001b[33m=>\u001b[39m {\u001b[0m\n\n      at console.call [as error] (jest.setup.js:209:19)\n      at node_modules/react-dom/cjs/react-dom-client.development.js:16023:19\n      at runWithFiberInDEV (node_modules/react-dom/cjs/react-dom-client.development.js:1522:13)\n      at warnIfUpdatesNotWrappedWithActDEV (node_modules/react-dom/cjs/react-dom-client.development.js:16022:9)\n      at scheduleUpdateOnFiber (node_modules/react-dom/cjs/react-dom-client.development.js:14396:11)\n      at dispatchSetStateInternal (node_modules/react-dom/cjs/react-dom-client.development.js:6969:13)\n      at dispatchSetState (node_modules/react-dom/cjs/react-dom-client.development.js:6927:7)\n      at setConnectionState (__tests__/integration/login-websocket-setup.test.tsx:155:7)\n      at checkAuthAndConnect (__tests__/integration/login-websocket-setup.test.tsx:137:9)\n\n  console.error\n    An update to WebSocketSetupTestComponent inside a test was not wrapped in act(...).\n    \n    When testing, code that causes React state updates should be wrapped into act(...):\n    \n    act(() => {\n      /* fire events that update state */\n    });\n    /* assert on the output */\n    \n    This ensures that you're testing the behavior the user would see in the browser. Learn more at https://react.dev/link/wrap-tests-with-act\n\n    \u001b[0m \u001b[90m 207 |\u001b[39m       \u001b[36mreturn\u001b[39m\u001b[33m;\u001b[39m\n     \u001b[90m 208 |\u001b[39m     }\n    \u001b[31m\u001b[1m>\u001b[22m\u001b[39m\u001b[90m 209 |\u001b[39m     originalError\u001b[33m.\u001b[39mcall(console\u001b[33m,\u001b[39m \u001b[33m...\u001b[39margs)\u001b[33m;\u001b[39m\n     \u001b[90m     |\u001b[39m                   \u001b[31m\u001b[1m^\u001b[22m\u001b[39m\n     \u001b[90m 210 |\u001b[39m   }\u001b[33m;\u001b[39m\n     \u001b[90m 211 |\u001b[39m   \n     \u001b[90m 212 |\u001b[39m   console\u001b[33m.\u001b[39mwarn \u001b[33m=\u001b[39m (\u001b[33m...\u001b[39margs) \u001b[33m=>\u001b[39m {\u001b[0m\n\n      at console.call [as error] (jest.setup.js:209:19)\n      at node_modules/react-dom/cjs/react-dom-client.development.js:16023:19\n      at runWithFiberInDEV (node_modules/react-dom/cjs/react-dom-client.development.js:1522:13)\n      at warnIfUpdatesNotWrappedWithActDEV (node_modules/react-dom/cjs/react-dom-client.development.js:16022:9)\n      at scheduleUpdateOnFiber (node_modules/react-dom/cjs/react-dom-client.development.js:14396:11)\n      at dispatchSetStateInternal (node_modules/react-dom/cjs/react-dom-client.development.js:6969:13)\n      at dispatchSetState (node_modules/react-dom/cjs/react-dom-client.development.js:6927:7)\n      at setAuthState (__tests__/integration/login-websocket-setup.test.tsx:166:9)\n\n  console.error\n    An update to WebSocketSetupTestComponent inside a test was not wrapped in act(...).\n    \n    When testing, code that causes React state updates should be wrapped into act(...):\n    \n    act(() => {\n      /* fire events that update state */\n    });\n    /* assert on the output */\n    \n    This ensures that you're testing the behavior the user would see in the browser. Learn more at https://react.dev/link/wrap-tests-with-act\n\n    \u001b[0m \u001b[90m 207 |\u001b[39m       \u001b[36mreturn\u001b[39m\u001b[33m;\u001b[39m\n     \u001b[90m 208 |\u001b[39m     }\n    \u001b[31m\u001b[1m>\u001b[22m\u001b[39m\u001b[90m 209 |\u001b[39m     originalError\u001b[33m.\u001b[39mcall(console\u001b[33m,\u001b[39m \u001b[33m...\u001b[39margs)\u001b[33m;\u001b[39m\n     \u001b[90m     |\u001b[39m                   \u001b[31m\u001b[1m^\u001b[22m\u001b[39m\n     \u001b[90m 210 |\u001b[39m   }\u001b[33m;\u001b[39m\n     \u001b[90m 211 |\u001b[39m   \n     \u001b[90m 212 |\u001b[39m   console\u001b[33m.\u001b[39mwarn \u001b[33m=\u001b[39m (\u001b[33m...\u001b[39margs) \u001b[33m=>\u001b[39m {\u001b[0m\n\n      at console.call [as error] (jest.setup.js:209:19)\n      at node_modules/react-dom/cjs/react-dom-client.development.js:16023:19\n      at runWithFiberInDEV (node_modules/react-dom/cjs/react-dom-client.development.js:1522:13)\n      at warnIfUpdatesNotWrappedWithActDEV (node_modules/react-dom/cjs/react-dom-client.development.js:16022:9)\n      at scheduleUpdateOnFiber (node_modules/react-dom/cjs/react-dom-client.development.js:14396:11)\n      at dispatchSetStateInternal (node_modules/react-dom/cjs/react-dom-client.development.js:6969:13)\n      at dispatchSetState (node_modules/react-dom/cjs/react-dom-client.development.js:6927:7)\n      at setConnectionState (__tests__/integration/login-websocket-setup.test.tsx:147:7)\n      at initiateWebSocketConnection (__tests__/integration/login-websocket-setup.test.tsx:167:15)\n\n  console.error\n    An update to WebSocketSetupTestComponent inside a test was not wrapped in act(...).\n    \n    When testing, code that causes React state updates should be wrapped into act(...):\n    \n    act(() => {\n      /* fire events that update state */\n    });\n    /* assert on the output */\n    \n    This ensures that you're testing the behavior the user would see in the browser. Learn more at https://react.dev/link/wrap-tests-with-act\n\n    \u001b[0m \u001b[90m 207 |\u001b[39m       \u001b[36mreturn\u001b[39m\u001b[33m;\u001b[39m\n     \u001b[90m 208 |\u001b[39m     }\n    \u001b[31m\u001b[1m>\u001b[22m\u001b[39m\u001b[90m 209 |\u001b[39m     originalError\u001b[33m.\u001b[39mcall(console\u001b[33m,\u001b[39m \u001b[33m...\u001b[39margs)\u001b[33m;\u001b[39m\n     \u001b[90m     |\u001b[39m                   \u001b[31m\u001b[1m^\u001b[22m\u001b[39m\n     \u001b[90m 210 |\u001b[39m   }\u001b[33m;\u001b[39m\n     \u001b[90m 211 |\u001b[39m   \n     \u001b[90m 212 |\u001b[39m   console\u001b[33m.\u001b[39mwarn \u001b[33m=\u001b[39m (\u001b[33m...\u001b[39margs) \u001b[33m=>\u001b[39m {\u001b[0m\n\n      at console.call [as error] (jest.setup.js:209:19)\n      at node_modules/react-dom/cjs/react-dom-client.development.js:16023:19\n      at runWithFiberInDEV (node_modules/react-dom/cjs/react-dom-client.development.js:1522:13)\n      at warnIfUpdatesNotWrappedWithActDEV (node_modules/react-dom/cjs/react-dom-client.development.js:16022:9)\n      at scheduleUpdateOnFiber (node_modules/react-dom/cjs/react-dom-client.development.js:14396:11)\n      at dispatchSetStateInternal (node_modules/react-dom/cjs/react-dom-client.development.js:6969:13)\n      at dispatchSetState (node_modules/react-dom/cjs/react-dom-client.development.js:6927:7)\n      at setConnectionState (__tests__/integration/login-websocket-setup.test.tsx:155:7)\n      at handleLogin (__tests__/integration/login-websocket-setup.test.tsx:167:9)\n\n  console.log\n    \ud83d\udd25 HOOK CALLED: useChatSidebarState (CONFIGURED) {\n      searchQuery: '',\n      setSearchQuery: [Function: mockConstructor] {\n        _isMockFunction: true,\n        getMockImplementation: [Function (anonymous)],\n        mock: [Getter/Setter],\n        mockClear: [Function (anonymous)],\n        mockReset: [Function (anonymous)],\n        mockRestore: [Function (anonymous)],\n        mockReturnValueOnce: [Function (anonymous)],\n        mockResolvedValueOnce: [Function (anonymous)],\n        mockRejectedValueOnce: [Function (anonymous)],\n        mockReturnValue: [Function (anonymous)],\n        mockResolvedValue: [Function (anonymous)],\n        mockRejectedValue: [Function (anonymous)],\n        mockImplementationOnce: [Function (anonymous)],\n        withImplementation: [Function: bound withImplementation],\n        mockImplementation: [Function (anonymous)],\n        mockReturnThis: [Function (anonymous)],\n        mockName: [Function (anonymous)],\n        getMockName: [Function (anonymous)],\n        Symbol(Symbol.dispose): [Function (anonymous)]\n      },\n      isCreatingThread: false,\n      setIsCreatingThread: [Function: mockConstructor] {\n        _isMockFunction: true,\n        getMockImplementation: [Function (anonymous)],\n        mock: [Getter/Setter],\n        mockClear: [Function (anonymous)],\n        mockReset: [Function (anonymous)],\n        mockRestore: [Function (anonymous)],\n        mockReturnValueOnce: [Function (anonymous)],\n        mockResolvedValueOnce: [Function (anonymous)],\n        mockRejectedValueOnce: [Function (anonymous)],\n        mockReturnValue: [Function (anonymous)],\n        mockResolvedValue: [Function (anonymous)],\n        mockRejectedValue: [Function (anonymous)],\n        mockImplementationOnce: [Function (anonymous)],\n        withImplementation: [Function: bound withImplementation],\n        mockImplementation: [Function (anonymous)],\n        mockReturnThis: [Function (anonymous)],\n        mockName: [Function (anonymous)],\n        getMockName: [Function (anonymous)],\n        Symbol(Symbol.dispose): [Function (anonymous)]\n      },\n      showAllThreads: false,\n      setShowAllThreads: [Function: mockConstructor] {\n        _isMockFunction: true,\n        getMockImplementation: [Function (anonymous)],\n        mock: [Getter/Setter],\n        mockClear: [Function (anonymous)],\n        mockReset: [Function (anonymous)],\n        mockRestore: [Function (anonymous)],\n        mockReturnValueOnce: [Function (anonymous)],\n        mockResolvedValueOnce: [Function (anonymous)],\n        mockRejectedValueOnce: [Function (anonymous)],\n        mockReturnValue: [Function (anonymous)],\n        mockResolvedValue: [Function (anonymous)],\n        mockRejectedValue: [Function (anonymous)],\n        mockImplementationOnce: [Function (anonymous)],\n        withImplementation: [Function: bound withImplementation],\n        mockImplementation: [Function (anonymous)],\n        mockReturnThis: [Function (anonymous)],\n        mockName: [Function (anonymous)],\n        getMockName: [Function (anonymous)],\n        Symbol(Symbol.dispose): [Function (anonymous)]\n      },\n      filterType: 'all',\n      setFilterType: [Function: mockConstructor] {\n        _isMockFunction: true,\n        getMockImplementation: [Function (anonymous)],\n        mock: [Getter/Setter],\n        mockClear: [Function (anonymous)],\n        mockReset: [Function (anonymous)],\n        mockRestore: [Function (anonymous)],\n        mockReturnValueOnce: [Function (anonymous)],\n        mockResolvedValueOnce: [Function (anonymous)],\n        mockRejectedValueOnce: [Function (anonymous)],\n        mockReturnValue: [Function (anonymous)],\n        mockResolvedValue: [Function (anonymous)],\n        mockRejectedValue: [Function (anonymous)],\n        mockImplementationOnce: [Function (anonymous)],\n        withImplementation: [Function: bound withImplementation],\n        mockImplementation: [Function (anonymous)],\n        mockReturnThis: [Function (anonymous)],\n        mockName: [Function (anonymous)],\n        getMockName: [Function (anonymous)],\n        Symbol(Symbol.dispose): [Function (anonymous)]\n      },\n      currentPage: 1,\n      setCurrentPage: [Function: mockConstructor] {\n        _isMockFunction: true,\n        getMockImplementation: [Function (anonymous)],\n        mock: [Getter/Setter],\n        mockClear: [Function (anonymous)],\n        mockReset: [Function (anonymous)],\n        mockRestore: [Function (anonymous)],\n        mockReturnValueOnce: [Function (anonymous)],\n        mockResolvedValueOnce: [Function (anonymous)],\n        mockRejectedValueOnce: [Function (anonymous)],\n        mockReturnValue: [Function (anonymous)],\n        mockResolvedValue: [Function (anonymous)],\n        mockRejectedValue: [Function (anonymous)],\n        mockImplementationOnce: [Function (anonymous)],\n        withImplementation: [Function: bound withImplementation],\n        mockImplementation: [Function (anonymous)],\n        mockReturnThis: [Function (anonymous)],\n        mockName: [Function (anonymous)],\n        getMockName: [Function (anonymous)],\n        Symbol(Symbol.dispose): [Function (anonymous)]\n      }\n    }\n\n      at Object.log (__tests__/components/ChatSidebar/setup.tsx:424:15)\n\n  console.error\n    An update to WebSocketSetupTestComponent inside a test was not wrapped in act(...).\n    \n    When testing, code that causes React state updates should be wrapped into act(...):\n    \n    act(() => {\n      /* fire events that update state */\n    });\n    /* assert on the output */\n    \n    This ensures that you're testing the behavior the user would see in the browser. Learn more at https://react.dev/link/wrap-tests-with-act\n\n    \u001b[0m \u001b[90m 207 |\u001b[39m       \u001b[36mreturn\u001b[39m\u001b[33m;\u001b[39m\n     \u001b[90m 208 |\u001b[39m     }\n    \u001b[31m\u001b[1m>\u001b[22m\u001b[39m\u001b[90m 209 |\u001b[39m     originalError\u001b[33m.\u001b[39mcall(console\u001b[33m,\u001b[39m \u001b[33m...\u001b[39margs)\u001b[33m;\u001b[39m\n     \u001b[90m     |\u001b[39m                   \u001b[31m\u001b[1m^\u001b[22m\u001b[39m\n     \u001b[90m 210 |\u001b[39m   }\u001b[33m;\u001b[39m\n     \u001b[90m 211 |\u001b[39m   \n     \u001b[90m 212 |\u001b[39m   console\u001b[33m.\u001b[39mwarn \u001b[33m=\u001b[39m (\u001b[33m...\u001b[39margs) \u001b[33m=>\u001b[39m {\u001b[0m\n\n      at console.call [as error] (jest.setup.js:209:19)\n      at node_modules/react-dom/cjs/react-dom-client.development.js:16023:19\n      at runWithFiberInDEV (node_modules/react-dom/cjs/react-dom-client.development.js:1522:13)\n      at warnIfUpdatesNotWrappedWithActDEV (node_modules/react-dom/cjs/react-dom-client.development.js:16022:9)\n      at scheduleUpdateOnFiber (node_modules/react-dom/cjs/react-dom-client.development.js:14396:11)\n      at dispatchSetStateInternal (node_modules/react-dom/cjs/react-dom-client.development.js:6969:13)\n      at dispatchSetState (node_modules/react-dom/cjs/react-dom-client.development.js:6927:7)\n      at setConnectionState (__tests__/integration/login-websocket-setup.test.tsx:155:7)\n      at checkAuthAndConnect (__tests__/integration/login-websocket-setup.test.tsx:137:9)\n\n  console.error\n    An update to WebSocketSetupTestComponent inside a test was not wrapped in act(...).\n    \n    When testing, code that causes React state updates should be wrapped into act(...):\n    \n    act(() => {\n      /* fire events that update state */\n    });\n    /* assert on the output */\n    \n    This ensures that you're testing the behavior the user would see in the browser. Learn more at https://react.dev/link/wrap-tests-with-act\n\n    \u001b[0m \u001b[90m 207 |\u001b[39m       \u001b[36mreturn\u001b[39m\u001b[33m;\u001b[39m\n     \u001b[90m 208 |\u001b[39m     }\n    \u001b[31m\u001b[1m>\u001b[22m\u001b[39m\u001b[90m 209 |\u001b[39m     originalError\u001b[33m.\u001b[39mcall(console\u001b[33m,\u001b[39m \u001b[33m...\u001b[39margs)\u001b[33m;\u001b[39m\n     \u001b[90m     |\u001b[39m                   \u001b[31m\u001b[1m^\u001b[22m\u001b[39m\n     \u001b[90m 210 |\u001b[39m   }\u001b[33m;\u001b[39m\n     \u001b[90m 211 |\u001b[39m   \n     \u001b[90m 212 |\u001b[39m   console\u001b[33m.\u001b[39mwarn \u001b[33m=\u001b[39m (\u001b[33m...\u001b[39margs) \u001b[33m=>\u001b[39m {\u001b[0m\n\n      at console.call [as error] (jest.setup.js:209:19)\n      at node_modules/react-dom/cjs/react-dom-client.development.js:16023:19\n      at runWithFiberInDEV (node_modules/react-dom/cjs/react-dom-client.development.js:1522:13)\n      at warnIfUpdatesNotWrappedWithActDEV (node_modules/react-dom/cjs/react-dom-client.development.js:16022:9)\n      at scheduleUpdateOnFiber (node_modules/react-dom/cjs/react-dom-client.development.js:14396:11)\n      at dispatchSetStateInternal (node_modules/react-dom/cjs/react-dom-client.development.js:6969:13)\n      at dispatchSetState (node_modules/react-dom/cjs/react-dom-client.development.js:6927:7)\n      at setAuthState (__tests__/integration/login-websocket-setup.test.tsx:166:9)\n\n  console.error\n    An update to WebSocketSetupTestComponent inside a test was not wrapped in act(...).\n    \n    When testing, code that causes React state updates should be wrapped into act(...):\n    \n    act(() => {\n      /* fire events that update state */\n    });\n    /* assert on the output */\n    \n    This ensures that you're testing the behavior the user would see in the browser. Learn more at https://react.dev/link/wrap-tests-with-act\n\n    \u001b[0m \u001b[90m 207 |\u001b[39m       \u001b[36mreturn\u001b[39m\u001b[33m;\u001b[39m\n     \u001b[90m 208 |\u001b[39m     }\n    \u001b[31m\u001b[1m>\u001b[22m\u001b[39m\u001b[90m 209 |\u001b[39m     originalError\u001b[33m.\u001b[39mcall(console\u001b[33m,\u001b[39m \u001b[33m...\u001b[39margs)\u001b[33m;\u001b[39m\n     \u001b[90m     |\u001b[39m                   \u001b[31m\u001b[1m^\u001b[22m\u001b[39m\n     \u001b[90m 210 |\u001b[39m   }\u001b[33m;\u001b[39m\n     \u001b[90m 211 |\u001b[39m   \n     \u001b[90m 212 |\u001b[39m   console\u001b[33m.\u001b[39mwarn \u001b[33m=\u001b[39m (\u001b[33m...\u001b[39margs) \u001b[33m=>\u001b[39m {\u001b[0m\n\n      at console.call [as error] (jest.setup.js:209:19)\n      at node_modules/react-dom/cjs/react-dom-client.development.js:16023:19\n      at runWithFiberInDEV (node_modules/react-dom/cjs/react-dom-client.development.js:1522:13)\n      at warnIfUpdatesNotWrappedWithActDEV (node_modules/react-dom/cjs/react-dom-client.development.js:16022:9)\n      at scheduleUpdateOnFiber (node_modules/react-dom/cjs/react-dom-client.development.js:14396:11)\n      at dispatchSetStateInternal (node_modules/react-dom/cjs/react-dom-client.development.js:6969:13)\n      at dispatchSetState (node_modules/react-dom/cjs/react-dom-client.development.js:6927:7)\n      at setConnectionState (__tests__/integration/login-websocket-setup.test.tsx:147:7)\n      at initiateWebSocketConnection (__tests__/integration/login-websocket-setup.test.tsx:167:15)\n\n  console.error\n    An update to WebSocketSetupTestComponent inside a test was not wrapped in act(...).\n    \n    When testing, code that causes React state updates should be wrapped into act(...):\n    \n    act(() => {\n      /* fire events that update state */\n    });\n    /* assert on the output */\n    \n    This ensures that you're testing the behavior the user would see in the browser. Learn more at https://react.dev/link/wrap-tests-with-act\n\n    \u001b[0m \u001b[90m 207 |\u001b[39m       \u001b[36mreturn\u001b[39m\u001b[33m;\u001b[39m\n     \u001b[90m 208 |\u001b[39m     }\n    \u001b[31m\u001b[1m>\u001b[22m\u001b[39m\u001b[90m 209 |\u001b[39m     originalError\u001b[33m.\u001b[39mcall(console\u001b[33m,\u001b[39m \u001b[33m...\u001b[39margs)\u001b[33m;\u001b[39m\n     \u001b[90m     |\u001b[39m                   \u001b[31m\u001b[1m^\u001b[22m\u001b[39m\n     \u001b[90m 210 |\u001b[39m   }\u001b[33m;\u001b[39m\n     \u001b[90m 211 |\u001b[39m   \n     \u001b[90m 212 |\u001b[39m   console\u001b[33m.\u001b[39mwarn \u001b[33m=\u001b[39m (\u001b[33m...\u001b[39margs) \u001b[33m=>\u001b[39m {\u001b[0m\n\n      at console.call [as error] (jest.setup.js:209:19)\n      at node_modules/react-dom/cjs/react-dom-client.development.js:16023:19\n      at runWithFiberInDEV (node_modules/react-dom/cjs/react-dom-client.development.js:1522:13)\n      at warnIfUpdatesNotWrappedWithActDEV (node_modules/react-dom/cjs/react-dom-client.development.js:16022:9)\n      at scheduleUpdateOnFiber (node_modules/react-dom/cjs/react-dom-client.development.js:14396:11)\n      at dispatchSetStateInternal (node_modules/react-dom/cjs/react-dom-client.development.js:6969:13)\n      at dispatchSetState (node_modules/react-dom/cjs/react-dom-client.development.js:6927:7)\n      at setConnectionState (__tests__/integration/login-websocket-setup.test.tsx:155:7)\n      at handleLogin (__tests__/integration/login-websocket-setup.test.tsx:167:9)\n\n  console.error\n    An update to WebSocketSetupTestComponent inside a test was not wrapped in act(...).\n    \n    When testing, code that causes React state updates should be wrapped into act(...):\n    \n    act(() => {\n      /* fire events that update state */\n    });\n    /* assert on the output */\n    \n    This ensures that you're testing the behavior the user would see in the browser. Learn more at https://react.dev/link/wrap-tests-with-act\n\n    \u001b[0m \u001b[90m 207 |\u001b[39m       \u001b[36mreturn\u001b[39m\u001b[33m;\u001b[39m\n     \u001b[90m 208 |\u001b[39m     }\n    \u001b[31m\u001b[1m>\u001b[22m\u001b[39m\u001b[90m 209 |\u001b[39m     originalError\u001b[33m.\u001b[39mcall(console\u001b[33m,\u001b[39m \u001b[33m...\u001b[39margs)\u001b[33m;\u001b[39m\n     \u001b[90m     |\u001b[39m                   \u001b[31m\u001b[1m^\u001b[22m\u001b[39m\n     \u001b[90m 210 |\u001b[39m   }\u001b[33m;\u001b[39m\n     \u001b[90m 211 |\u001b[39m   \n     \u001b[90m 212 |\u001b[39m   console\u001b[33m.\u001b[39mwarn \u001b[33m=\u001b[39m (\u001b[33m...\u001b[39margs) \u001b[33m=>\u001b[39m {\u001b[0m\n\n      at console.call [as error] (jest.setup.js:209:19)\n      at node_modules/react-dom/cjs/react-dom-client.development.js:16023:19\n      at runWithFiberInDEV (node_modules/react-dom/cjs/react-dom-client.development.js:1522:13)\n      at warnIfUpdatesNotWrappedWithActDEV (node_modules/react-dom/cjs/react-dom-client.development.js:16022:9)\n      at scheduleUpdateOnFiber (node_modules/react-dom/cjs/react-dom-client.development.js:14396:11)\n      at dispatchSetStateInternal (node_modules/react-dom/cjs/react-dom-client.development.js:6969:13)\n      at dispatchSetState (node_modules/react-dom/cjs/react-dom-client.development.js:6927:7)\n      at setConnectionState (__tests__/integration/login-websocket-setup.test.tsx:155:7)\n      at checkAuthAndConnect (__tests__/integration/login-websocket-setup.test.tsx:137:9)\n\n  console.error\n    An update to WebSocketSetupTestComponent inside a test was not wrapped in act(...).\n    \n    When testing, code that causes React state updates should be wrapped into act(...):\n    \n    act(() => {\n      /* fire events that update state */\n    });\n    /* assert on the output */\n    \n    This ensures that you're testing the behavior the user would see in the browser. Learn more at https://react.dev/link/wrap-tests-with-act\n\n    \u001b[0m \u001b[90m 207 |\u001b[39m       \u001b[36mreturn\u001b[39m\u001b[33m;\u001b[39m\n     \u001b[90m 208 |\u001b[39m     }\n    \u001b[31m\u001b[1m>\u001b[22m\u001b[39m\u001b[90m 209 |\u001b[39m     originalError\u001b[33m.\u001b[39mcall(console\u001b[33m,\u001b[39m \u001b[33m...\u001b[39margs)\u001b[33m;\u001b[39m\n     \u001b[90m     |\u001b[39m                   \u001b[31m\u001b[1m^\u001b[22m\u001b[39m\n     \u001b[90m 210 |\u001b[39m   }\u001b[33m;\u001b[39m\n     \u001b[90m 211 |\u001b[39m   \n     \u001b[90m 212 |\u001b[39m   console\u001b[33m.\u001b[39mwarn \u001b[33m=\u001b[39m (\u001b[33m...\u001b[39margs) \u001b[33m=>\u001b[39m {\u001b[0m\n\n      at console.call [as error] (jest.setup.js:209:19)\n      at node_modules/react-dom/cjs/react-dom-client.development.js:16023:19\n      at runWithFiberInDEV (node_modules/react-dom/cjs/react-dom-client.development.js:1522:13)\n      at warnIfUpdatesNotWrappedWithActDEV (node_modules/react-dom/cjs/react-dom-client.development.js:16022:9)\n      at scheduleUpdateOnFiber (node_modules/react-dom/cjs/react-dom-client.development.js:14396:11)\n      at dispatchSetStateInternal (node_modules/react-dom/cjs/react-dom-client.development.js:6969:13)\n      at dispatchSetState (node_modules/react-dom/cjs/react-dom-client.development.js:6927:7)\n      at setAuthState (__tests__/integration/login-websocket-setup.test.tsx:166:9)\n\n  console.error\n    An update to WebSocketSetupTestComponent inside a test was not wrapped in act(...).\n    \n    When testing, code that causes React state updates should be wrapped into act(...):\n    \n    act(() => {\n      /* fire events that update state */\n    });\n    /* assert on the output */\n    \n    This ensures that you're testing the behavior the user would see in the browser. Learn more at https://react.dev/link/wrap-tests-with-act\n\n    \u001b[0m \u001b[90m 207 |\u001b[39m       \u001b[36mreturn\u001b[39m\u001b[33m;\u001b[39m\n     \u001b[90m 208 |\u001b[39m     }\n    \u001b[31m\u001b[1m>\u001b[22m\u001b[39m\u001b[90m 209 |\u001b[39m     originalError\u001b[33m.\u001b[39mcall(console\u001b[33m,\u001b[39m \u001b[33m...\u001b[39margs)\u001b[33m;\u001b[39m\n     \u001b[90m     |\u001b[39m                   \u001b[31m\u001b[1m^\u001b[22m\u001b[39m\n     \u001b[90m 210 |\u001b[39m   }\u001b[33m;\u001b[39m\n     \u001b[90m 211 |\u001b[39m   \n     \u001b[90m 212 |\u001b[39m   console\u001b[33m.\u001b[39mwarn \u001b[33m=\u001b[39m (\u001b[33m...\u001b[39margs) \u001b[33m=>\u001b[39m {\u001b[0m\n\n      at console.call [as error] (jest.setup.js:209:19)\n      at node_modules/react-dom/cjs/react-dom-client.development.js:16023:19\n      at runWithFiberInDEV (node_modules/react-dom/cjs/react-dom-client.development.js:1522:13)\n      at warnIfUpdatesNotWrappedWithActDEV (node_modules/react-dom/cjs/react-dom-client.development.js:16022:9)\n      at scheduleUpdateOnFiber (node_modules/react-dom/cjs/react-dom-client.development.js:14396:11)\n      at dispatchSetStateInternal (node_modules/react-dom/cjs/react-dom-client.development.js:6969:13)\n      at dispatchSetState (node_modules/react-dom/cjs/react-dom-client.development.js:6927:7)\n      at setConnectionState (__tests__/integration/login-websocket-setup.test.tsx:147:7)\n      at initiateWebSocketConnection (__tests__/integration/login-websocket-setup.test.tsx:167:15)\n\n  console.error\n    An update to WebSocketSetupTestComponent inside a test was not wrapped in act(...).\n    \n    When testing, code that causes React state updates should be wrapped into act(...):\n    \n    act(() => {\n      /* fire events that update state */\n    });\n    /* assert on the output */\n    \n    This ensures that you're testing the behavior the user would see in the browser. Learn more at https://react.dev/link/wrap-tests-with-act\n\n    \u001b[0m \u001b[90m 207 |\u001b[39m       \u001b[36mreturn\u001b[39m\u001b[33m;\u001b[39m\n     \u001b[90m 208 |\u001b[39m     }\n    \u001b[31m\u001b[1m>\u001b[22m\u001b[39m\u001b[90m 209 |\u001b[39m     originalError\u001b[33m.\u001b[39mcall(console\u001b[33m,\u001b[39m \u001b[33m...\u001b[39margs)\u001b[33m;\u001b[39m\n     \u001b[90m     |\u001b[39m                   \u001b[31m\u001b[1m^\u001b[22m\u001b[39m\n     \u001b[90m 210 |\u001b[39m   }\u001b[33m;\u001b[39m\n     \u001b[90m 211 |\u001b[39m   \n     \u001b[90m 212 |\u001b[39m   console\u001b[33m.\u001b[39mwarn \u001b[33m=\u001b[39m (\u001b[33m...\u001b[39margs) \u001b[33m=>\u001b[39m {\u001b[0m\n\n      at console.call [as error] (jest.setup.js:209:19)\n      at node_modules/react-dom/cjs/react-dom-client.development.js:16023:19\n      at runWithFiberInDEV (node_modules/react-dom/cjs/react-dom-client.development.js:1522:13)\n      at warnIfUpdatesNotWrappedWithActDEV (node_modules/react-dom/cjs/react-dom-client.development.js:16022:9)\n      at scheduleUpdateOnFiber (node_modules/react-dom/cjs/react-dom-client.development.js:14396:11)\n      at dispatchSetStateInternal (node_modules/react-dom/cjs/react-dom-client.development.js:6969:13)\n      at dispatchSetState (node_modules/react-dom/cjs/react-dom-client.development.js:6927:7)\n      at setConnectionState (__tests__/integration/login-websocket-setup.test.tsx:155:7)\n      at handleLogin (__tests__/integration/login-websocket-setup.test.tsx:167:9)\n\n  console.error\n    An update to WebSocketSetupTestComponent inside a test was not wrapped in act(...).\n    \n    When testing, code that causes React state updates should be wrapped into act(...):\n    \n    act(() => {\n      /* fire events that update state */\n    });\n    /* assert on the output */\n    \n    This ensures that you're testing the behavior the user would see in the browser. Learn more at https://react.dev/link/wrap-tests-with-act\n\n    \u001b[0m \u001b[90m 207 |\u001b[39m       \u001b[36mreturn\u001b[39m\u001b[33m;\u001b[39m\n     \u001b[90m 208 |\u001b[39m     }\n    \u001b[31m\u001b[1m>\u001b[22m\u001b[39m\u001b[90m 209 |\u001b[39m     originalError\u001b[33m.\u001b[39mcall(console\u001b[33m,\u001b[39m \u001b[33m...\u001b[39margs)\u001b[33m;\u001b[39m\n     \u001b[90m     |\u001b[39m                   \u001b[31m\u001b[1m^\u001b[22m\u001b[39m\n     \u001b[90m 210 |\u001b[39m   }\u001b[33m;\u001b[39m\n     \u001b[90m 211 |\u001b[39m   \n     \u001b[90m 212 |\u001b[39m   console\u001b[33m.\u001b[39mwarn \u001b[33m=\u001b[39m (\u001b[33m...\u001b[39margs) \u001b[33m=>\u001b[39m {\u001b[0m\n\n      at console.call [as error] (jest.setup.js:209:19)\n      at node_modules/react-dom/cjs/react-dom-client.development.js:16023:19\n      at runWithFiberInDEV (node_modules/react-dom/cjs/react-dom-client.development.js:1522:13)\n      at warnIfUpdatesNotWrappedWithActDEV (node_modules/react-dom/cjs/react-dom-client.development.js:16022:9)\n      at scheduleUpdateOnFiber (node_modules/react-dom/cjs/react-dom-client.development.js:14396:11)\n      at dispatchSetStateInternal (node_modules/react-dom/cjs/react-dom-client.development.js:6969:13)\n      at dispatchSetState (node_modules/react-dom/cjs/react-dom-client.development.js:6927:7)\n      at setConnectionState (__tests__/integration/login-websocket-setup.test.tsx:155:7)\n      at checkAuthAndConnect (__tests__/integration/login-websocket-setup.test.tsx:137:9)\n\n  console.error\n    An update to WebSocketSetupTestComponent inside a test was not wrapped in act(...).\n    \n    When testing, code that causes React state updates should be wrapped into act(...):\n    \n    act(() => {\n      /* fire events that update state */\n    });\n    /* assert on the output */\n    \n    This ensures that you're testing the behavior the user would see in the browser. Learn more at https://react.dev/link/wrap-tests-with-act\n\n    \u001b[0m \u001b[90m 207 |\u001b[39m       \u001b[36mreturn\u001b[39m\u001b[33m;\u001b[39m\n     \u001b[90m 208 |\u001b[39m     }\n    \u001b[31m\u001b[1m>\u001b[22m\u001b[39m\u001b[90m 209 |\u001b[39m     originalError\u001b[33m.\u001b[39mcall(console\u001b[33m,\u001b[39m \u001b[33m...\u001b[39margs)\u001b[33m;\u001b[39m\n     \u001b[90m     |\u001b[39m                   \u001b[31m\u001b[1m^\u001b[22m\u001b[39m\n     \u001b[90m 210 |\u001b[39m   }\u001b[33m;\u001b[39m\n     \u001b[90m 211 |\u001b[39m   \n     \u001b[90m 212 |\u001b[39m   console\u001b[33m.\u001b[39mwarn \u001b[33m=\u001b[39m (\u001b[33m...\u001b[39margs) \u001b[33m=>\u001b[39m {\u001b[0m\n\n      at console.call [as error] (jest.setup.js:209:19)\n      at node_modules/react-dom/cjs/react-dom-client.development.js:16023:19\n      at runWithFiberInDEV (node_modules/react-dom/cjs/react-dom-client.development.js:1522:13)\n      at warnIfUpdatesNotWrappedWithActDEV (node_modules/react-dom/cjs/react-dom-client.development.js:16022:9)\n      at scheduleUpdateOnFiber (node_modules/react-dom/cjs/react-dom-client.development.js:14396:11)\n      at dispatchSetStateInternal (node_modules/react-dom/cjs/react-dom-client.development.js:6969:13)\n      at dispatchSetState (node_modules/react-dom/cjs/react-dom-client.development.js:6927:7)\n      at setAuthState (__tests__/integration/login-websocket-setup.test.tsx:166:9)\n\n  console.error\n    An update to WebSocketSetupTestComponent inside a test was not wrapped in act(...).\n    \n    When testing, code that causes React state updates should be wrapped into act(...):\n    \n    act(() => {\n      /* fire events that update state */\n    });\n    /* assert on the output */\n    \n    This ensures that you're testing the behavior the user would see in the browser. Learn more at https://react.dev/link/wrap-tests-with-act\n\n    \u001b[0m \u001b[90m 207 |\u001b[39m       \u001b[36mreturn\u001b[39m\u001b[33m;\u001b[39m\n     \u001b[90m 208 |\u001b[39m     }\n    \u001b[31m\u001b[1m>\u001b[22m\u001b[39m\u001b[90m 209 |\u001b[39m     originalError\u001b[33m.\u001b[39mcall(console\u001b[33m,\u001b[39m \u001b[33m...\u001b[39margs)\u001b[33m;\u001b[39m\n     \u001b[90m     |\u001b[39m                   \u001b[31m\u001b[1m^\u001b[22m\u001b[39m\n     \u001b[90m 210 |\u001b[39m   }\u001b[33m;\u001b[39m\n     \u001b[90m 211 |\u001b[39m   \n     \u001b[90m 212 |\u001b[39m   console\u001b[33m.\u001b[39mwarn \u001b[33m=\u001b[39m (\u001b[33m...\u001b[39margs) \u001b[33m=>\u001b[39m {\u001b[0m\n\n      at console.call [as error] (jest.setup.js:209:19)\n      at node_modules/react-dom/cjs/react-dom-client.development.js:16023:19\n      at runWithFiberInDEV (node_modules/react-dom/cjs/react-dom-client.development.js:1522:13)\n      at warnIfUpdatesNotWrappedWithActDEV (node_modules/react-dom/cjs/react-dom-client.development.js:16022:9)\n      at scheduleUpdateOnFiber (node_modules/react-dom/cjs/react-dom-client.development.js:14396:11)\n      at dispatchSetStateInternal (node_modules/react-dom/cjs/react-dom-client.development.js:6969:13)\n      at dispatchSetState (node_modules/react-dom/cjs/react-dom-client.development.js:6927:7)\n      at setConnectionState (__tests__/integration/login-websocket-setup.test.tsx:147:7)\n      at initiateWebSocketConnection (__tests__/integration/login-websocket-setup.test.tsx:167:15)\n\n  console.error\n    An update to WebSocketSetupTestComponent inside a test was not wrapped in act(...).\n    \n    When testing, code that causes React state updates should be wrapped into act(...):\n    \n    act(() => {\n      /* fire events that update state */\n    });\n    /* assert on the output */\n    \n    This ensures that you're testing the behavior the user would see in the browser. Learn more at https://react.dev/link/wrap-tests-with-act\n\n    \u001b[0m \u001b[90m 207 |\u001b[39m       \u001b[36mreturn\u001b[39m\u001b[33m;\u001b[39m\n     \u001b[90m 208 |\u001b[39m     }\n    \u001b[31m\u001b[1m>\u001b[22m\u001b[39m\u001b[90m 209 |\u001b[39m     originalError\u001b[33m.\u001b[39mcall(console\u001b[33m,\u001b[39m \u001b[33m...\u001b[39margs)\u001b[33m;\u001b[39m\n     \u001b[90m     |\u001b[39m                   \u001b[31m\u001b[1m^\u001b[22m\u001b[39m\n     \u001b[90m 210 |\u001b[39m   }\u001b[33m;\u001b[39m\n     \u001b[90m 211 |\u001b[39m   \n     \u001b[90m 212 |\u001b[39m   console\u001b[33m.\u001b[39mwarn \u001b[33m=\u001b[39m (\u001b[33m...\u001b[39margs) \u001b[33m=>\u001b[39m {\u001b[0m\n\n      at console.call [as error] (jest.setup.js:209:19)\n      at node_modules/react-dom/cjs/react-dom-client.development.js:16023:19\n      at runWithFiberInDEV (node_modules/react-dom/cjs/react-dom-client.development.js:1522:13)\n      at warnIfUpdatesNotWrappedWithActDEV (node_modules/react-dom/cjs/react-dom-client.development.js:16022:9)\n      at scheduleUpdateOnFiber (node_modules/react-dom/cjs/react-dom-client.development.js:14396:11)\n      at dispatchSetStateInternal (node_modules/react-dom/cjs/react-dom-client.development.js:6969:13)\n      at dispatchSetState (node_modules/react-dom/cjs/react-dom-client.development.js:6927:7)\n      at setConnectionState (__tests__/integration/login-websocket-setup.test.tsx:155:7)\n      at handleLogin (__tests__/integration/login-websocket-setup.test.tsx:167:9)\n\n  console.error\n    An update to WebSocketSetupTestComponent inside a test was not wrapped in act(...).\n    \n    When testing, code that causes React state updates should be wrapped into act(...):\n    \n    act(() => {\n      /* fire events that update state */\n    });\n    /* assert on the output */\n    \n    This ensures that you're testing the behavior the user would see in the browser. Learn more at https://react.dev/link/wrap-tests-with-act\n\n    \u001b[0m \u001b[90m 207 |\u001b[39m       \u001b[36mreturn\u001b[39m\u001b[33m;\u001b[39m\n     \u001b[90m 208 |\u001b[39m     }\n    \u001b[31m\u001b[1m>\u001b[22m\u001b[39m\u001b[90m 209 |\u001b[39m     originalError\u001b[33m.\u001b[39mcall(console\u001b[33m,\u001b[39m \u001b[33m...\u001b[39margs)\u001b[33m;\u001b[39m\n     \u001b[90m     |\u001b[39m                   \u001b[31m\u001b[1m^\u001b[22m\u001b[39m\n     \u001b[90m 210 |\u001b[39m   }\u001b[33m;\u001b[39m\n     \u001b[90m 211 |\u001b[39m   \n     \u001b[90m 212 |\u001b[39m   console\u001b[33m.\u001b[39mwarn \u001b[33m=\u001b[39m (\u001b[33m...\u001b[39margs) \u001b[33m=>\u001b[39m {\u001b[0m\n\n      at console.call [as error] (jest.setup.js:209:19)\n      at node_modules/react-dom/cjs/react-dom-client.development.js:16023:19\n      at runWithFiberInDEV (node_modules/react-dom/cjs/react-dom-client.development.js:1522:13)\n      at warnIfUpdatesNotWrappedWithActDEV (node_modules/react-dom/cjs/react-dom-client.development.js:16022:9)\n      at scheduleUpdateOnFiber (node_modules/react-dom/cjs/react-dom-client.development.js:14396:11)\n      at dispatchSetStateInternal (node_modules/react-dom/cjs/react-dom-client.development.js:6969:13)\n      at dispatchSetState (node_modules/react-dom/cjs/react-dom-client.development.js:6927:7)\n      at setAuthState (__tests__/integration/login-websocket-setup.test.tsx:166:9)\n\n  console.error\n    An update to WebSocketSetupTestComponent inside a test was not wrapped in act(...).\n    \n    When testing, code that causes React state updates should be wrapped into act(...):\n    \n    act(() => {\n      /* fire events that update state */\n    });\n    /* assert on the output */\n    \n    This ensures that you're testing the behavior the user would see in the browser. Learn more at https://react.dev/link/wrap-tests-with-act\n\n    \u001b[0m \u001b[90m 207 |\u001b[39m       \u001b[36mreturn\u001b[39m\u001b[33m;\u001b[39m\n     \u001b[90m 208 |\u001b[39m     }\n    \u001b[31m\u001b[1m>\u001b[22m\u001b[39m\u001b[90m 209 |\u001b[39m     originalError\u001b[33m.\u001b[39mcall(console\u001b[33m,\u001b[39m \u001b[33m...\u001b[39margs)\u001b[33m;\u001b[39m\n     \u001b[90m     |\u001b[39m                   \u001b[31m\u001b[1m^\u001b[22m\u001b[39m\n     \u001b[90m 210 |\u001b[39m   }\u001b[33m;\u001b[39m\n     \u001b[90m 211 |\u001b[39m   \n     \u001b[90m 212 |\u001b[39m   console\u001b[33m.\u001b[39mwarn \u001b[33m=\u001b[39m (\u001b[33m...\u001b[39margs) \u001b[33m=>\u001b[39m {\u001b[0m\n\n      at console.call [as error] (jest.setup.js:209:19)\n      at node_modules/react-dom/cjs/react-dom-client.development.js:16023:19\n      at runWithFiberInDEV (node_modules/react-dom/cjs/react-dom-client.development.js:1522:13)\n      at warnIfUpdatesNotWrappedWithActDEV (node_modules/react-dom/cjs/react-dom-client.development.js:16022:9)\n      at scheduleUpdateOnFiber (node_modules/react-dom/cjs/react-dom-client.development.js:14396:11)\n      at dispatchSetStateInternal (node_modules/react-dom/cjs/react-dom-client.development.js:6969:13)\n      at dispatchSetState (node_modules/react-dom/cjs/react-dom-client.development.js:6927:7)\n      at setConnectionState (__tests__/integration/login-websocket-setup.test.tsx:147:7)\n      at initiateWebSocketConnection (__tests__/integration/login-websocket-setup.test.tsx:167:15)\n\n  console.error\n    An update to WebSocketSetupTestComponent inside a test was not wrapped in act(...).\n    \n    When testing, code that causes React state updates should be wrapped into act(...):\n    \n    act(() => {\n      /* fire events that update state */\n    });\n    /* assert on the output */\n    \n    This ensures that you're testing the behavior the user would see in the browser. Learn more at https://react.dev/link/wrap-tests-with-act\n\n    \u001b[0m \u001b[90m 207 |\u001b[39m       \u001b[36mreturn\u001b[39m\u001b[33m;\u001b[39m\n     \u001b[90m 208 |\u001b[39m     }\n    \u001b[31m\u001b[1m>\u001b[22m\u001b[39m\u001b[90m 209 |\u001b[39m     originalError\u001b[33m.\u001b[39mcall(console\u001b[33m,\u001b[39m \u001b[33m...\u001b[39margs)\u001b[33m;\u001b[39m\n     \u001b[90m     |\u001b[39m                   \u001b[31m\u001b[1m^\u001b[22m\u001b[39m\n     \u001b[90m 210 |\u001b[39m   }\u001b[33m;\u001b[39m\n     \u001b[90m 211 |\u001b[39m   \n     \u001b[90m 212 |\u001b[39m   console\u001b[33m.\u001b[39mwarn \u001b[33m=\u001b[39m (\u001b[33m...\u001b[39margs) \u001b[33m=>\u001b[39m {\u001b[0m\n\n      at console.call [as error] (jest.setup.js:209:19)\n      at node_modules/react-dom/cjs/react-dom-client.development.js:16023:19\n      at runWithFiberInDEV (node_modules/react-dom/cjs/react-dom-client.development.js:1522:13)\n      at warnIfUpdatesNotWrappedWithActDEV (node_modules/react-dom/cjs/react-dom-client.development.js:16022:9)\n      at scheduleUpdateOnFiber (node_modules/react-dom/cjs/react-dom-client.development.js:14396:11)\n      at dispatchSetStateInternal (node_modules/react-dom/cjs/react-dom-client.development.js:6969:13)\n      at dispatchSetState (node_modules/react-dom/cjs/react-dom-client.development.js:6927:7)\n      at setConnectionState (__tests__/integration/login-websocket-setup.test.tsx:157:7)\n      at handleLogin (__tests__/integration/login-websocket-setup.test.tsx:167:9)\n\n  console.error\n    An update to WebSocketSetupTestComponent inside a test was not wrapped in act(...).\n    \n    When testing, code that causes React state updates should be wrapped into act(...):\n    \n    act(() => {\n      /* fire events that update state */\n    });\n    /* assert on the output */\n    \n    This ensures that you're testing the behavior the user would see in the browser. Learn more at https://react.dev/link/wrap-tests-with-act\n\n    \u001b[0m \u001b[90m 207 |\u001b[39m       \u001b[36mreturn\u001b[39m\u001b[33m;\u001b[39m\n     \u001b[90m 208 |\u001b[39m     }\n    \u001b[31m\u001b[1m>\u001b[22m\u001b[39m\u001b[90m 209 |\u001b[39m     originalError\u001b[33m.\u001b[39mcall(console\u001b[33m,\u001b[39m \u001b[33m...\u001b[39margs)\u001b[33m;\u001b[39m\n     \u001b[90m     |\u001b[39m                   \u001b[31m\u001b[1m^\u001b[22m\u001b[39m\n     \u001b[90m 210 |\u001b[39m   }\u001b[33m;\u001b[39m\n     \u001b[90m 211 |\u001b[39m   \n     \u001b[90m 212 |\u001b[39m   console\u001b[33m.\u001b[39mwarn \u001b[33m=\u001b[39m (\u001b[33m...\u001b[39margs) \u001b[33m=>\u001b[39m {\u001b[0m\n\n      at console.call [as error] (jest.setup.js:209:19)\n      at node_modules/react-dom/cjs/react-dom-client.development.js:16023:19\n      at runWithFiberInDEV (node_modules/react-dom/cjs/react-dom-client.development.js:1522:13)\n      at warnIfUpdatesNotWrappedWithActDEV (node_modules/react-dom/cjs/react-dom-client.development.js:16022:9)\n      at scheduleUpdateOnFiber (node_modules/react-dom/cjs/react-dom-client.development.js:14396:11)\n      at dispatchSetStateInternal (node_modules/react-dom/cjs/react-dom-client.development.js:6969:13)\n      at dispatchSetState (node_modules/react-dom/cjs/react-dom-client.development.js:6927:7)\n      at setAuthState (__tests__/integration/login-websocket-setup.test.tsx:166:9)\n\n  console.error\n    An update to WebSocketSetupTestComponent inside a test was not wrapped in act(...).\n    \n    When testing, code that causes React state updates should be wrapped into act(...):\n    \n    act(() => {\n      /* fire events that update state */\n    });\n    /* assert on the output */\n    \n    This ensures that you're testing the behavior the user would see in the browser. Learn more at https://react.dev/link/wrap-tests-with-act\n\n    \u001b[0m \u001b[90m 207 |\u001b[39m       \u001b[36mreturn\u001b[39m\u001b[33m;\u001b[39m\n     \u001b[90m 208 |\u001b[39m     }\n    \u001b[31m\u001b[1m>\u001b[22m\u001b[39m\u001b[90m 209 |\u001b[39m     originalError\u001b[33m.\u001b[39mcall(console\u001b[33m,\u001b[39m \u001b[33m...\u001b[39margs)\u001b[33m;\u001b[39m\n     \u001b[90m     |\u001b[39m                   \u001b[31m\u001b[1m^\u001b[22m\u001b[39m\n     \u001b[90m 210 |\u001b[39m   }\u001b[33m;\u001b[39m\n     \u001b[90m 211 |\u001b[39m   \n     \u001b[90m 212 |\u001b[39m   console\u001b[33m.\u001b[39mwarn \u001b[33m=\u001b[39m (\u001b[33m...\u001b[39margs) \u001b[33m=>\u001b[39m {\u001b[0m\n\n      at console.call [as error] (jest.setup.js:209:19)\n      at node_modules/react-dom/cjs/react-dom-client.development.js:16023:19\n      at runWithFiberInDEV (node_modules/react-dom/cjs/react-dom-client.development.js:1522:13)\n      at warnIfUpdatesNotWrappedWithActDEV (node_modules/react-dom/cjs/react-dom-client.development.js:16022:9)\n      at scheduleUpdateOnFiber (node_modules/react-dom/cjs/react-dom-client.development.js:14396:11)\n      at dispatchSetStateInternal (node_modules/react-dom/cjs/react-dom-client.development.js:6969:13)\n      at dispatchSetState (node_modules/react-dom/cjs/react-dom-client.development.js:6927:7)\n      at setConnectionState (__tests__/integration/login-websocket-setup.test.tsx:147:7)\n      at initiateWebSocketConnection (__tests__/integration/login-websocket-setup.test.tsx:167:15)\n\n  console.error\n    An update to WebSocketSetupTestComponent inside a test was not wrapped in act(...).\n    \n    When testing, code that causes React state updates should be wrapped into act(...):\n    \n    act(() => {\n      /* fire events that update state */\n    });\n    /* assert on the output */\n    \n    This ensures that you're testing the behavior the user would see in the browser. Learn more at https://react.dev/link/wrap-tests-with-act\n\n    \u001b[0m \u001b[90m 207 |\u001b[39m       \u001b[36mreturn\u001b[39m\u001b[33m;\u001b[39m\n     \u001b[90m 208 |\u001b[39m     }\n    \u001b[31m\u001b[1m>\u001b[22m\u001b[39m\u001b[90m 209 |\u001b[39m     originalError\u001b[33m.\u001b[39mcall(console\u001b[33m,\u001b[39m \u001b[33m...\u001b[39margs)\u001b[33m;\u001b[39m\n     \u001b[90m     |\u001b[39m                   \u001b[31m\u001b[1m^\u001b[22m\u001b[39m\n     \u001b[90m 210 |\u001b[39m   }\u001b[33m;\u001b[39m\n     \u001b[90m 211 |\u001b[39m   \n     \u001b[90m 212 |\u001b[39m   console\u001b[33m.\u001b[39mwarn \u001b[33m=\u001b[39m (\u001b[33m...\u001b[39margs) \u001b[33m=>\u001b[39m {\u001b[0m\n\n      at console.call [as error] (jest.setup.js:209:19)\n      at node_modules/react-dom/cjs/react-dom-client.development.js:16023:19\n      at runWithFiberInDEV (node_modules/react-dom/cjs/react-dom-client.development.js:1522:13)\n      at warnIfUpdatesNotWrappedWithActDEV (node_modules/react-dom/cjs/react-dom-client.development.js:16022:9)\n      at scheduleUpdateOnFiber (node_modules/react-dom/cjs/react-dom-client.development.js:14396:11)\n      at dispatchSetStateInternal (node_modules/react-dom/cjs/react-dom-client.development.js:6969:13)\n      at dispatchSetState (node_modules/react-dom/cjs/react-dom-client.development.js:6927:7)\n      at setConnectionState (__tests__/integration/login-websocket-setup.test.tsx:157:7)\n      at handleLogin (__tests__/integration/login-websocket-setup.test.tsx:167:9)\n\n  console.error\n    An update to WebSocketSetupTestComponent inside a test was not wrapped in act(...).\n    \n    When testing, code that causes React state updates should be wrapped into act(...):\n    \n    act(() => {\n      /* fire events that update state */\n    });\n    /* assert on the output */\n    \n    This ensures that you're testing the behavior the user would see in the browser. Learn more at https://react.dev/link/wrap-tests-with-act\n\n    \u001b[0m \u001b[90m 207 |\u001b[39m       \u001b[36mreturn\u001b[39m\u001b[33m;\u001b[39m\n     \u001b[90m 208 |\u001b[39m     }\n    \u001b[31m\u001b[1m>\u001b[22m\u001b[39m\u001b[90m 209 |\u001b[39m     originalError\u001b[33m.\u001b[39mcall(console\u001b[33m,\u001b[39m \u001b[33m...\u001b[39margs)\u001b[33m;\u001b[39m\n     \u001b[90m     |\u001b[39m                   \u001b[31m\u001b[1m^\u001b[22m\u001b[39m\n     \u001b[90m 210 |\u001b[39m   }\u001b[33m;\u001b[39m\n     \u001b[90m 211 |\u001b[39m   \n     \u001b[90m 212 |\u001b[39m   console\u001b[33m.\u001b[39mwarn \u001b[33m=\u001b[39m (\u001b[33m...\u001b[39margs) \u001b[33m=>\u001b[39m {\u001b[0m\n\n      at console.call [as error] (jest.setup.js:209:19)\n      at node_modules/react-dom/cjs/react-dom-client.development.js:16023:19\n      at runWithFiberInDEV (node_modules/react-dom/cjs/react-dom-client.development.js:1522:13)\n      at warnIfUpdatesNotWrappedWithActDEV (node_modules/react-dom/cjs/react-dom-client.development.js:16022:9)\n      at scheduleUpdateOnFiber (node_modules/react-dom/cjs/react-dom-client.development.js:14396:11)\n      at dispatchSetStateInternal (node_modules/react-dom/cjs/react-dom-client.development.js:6969:13)\n      at dispatchSetState (node_modules/react-dom/cjs/react-dom-client.development.js:6927:7)\n      at setAuthState (__tests__/integration/login-websocket-setup.test.tsx:166:9)\n\n  console.error\n    An update to WebSocketSetupTestComponent inside a test was not wrapped in act(...).\n    \n    When testing, code that causes React state updates should be wrapped into act(...):\n    \n    act(() => {\n      /* fire events that update state */\n    });\n    /* assert on the output */\n    \n    This ensures that you're testing the behavior the user would see in the browser. Learn more at https://react.dev/link/wrap-tests-with-act\n\n    \u001b[0m \u001b[90m 207 |\u001b[39m       \u001b[36mreturn\u001b[39m\u001b[33m;\u001b[39m\n     \u001b[90m 208 |\u001b[39m     }\n    \u001b[31m\u001b[1m>\u001b[22m\u001b[39m\u001b[90m 209 |\u001b[39m     originalError\u001b[33m.\u001b[39mcall(console\u001b[33m,\u001b[39m \u001b[33m...\u001b[39margs)\u001b[33m;\u001b[39m\n     \u001b[90m     |\u001b[39m                   \u001b[31m\u001b[1m^\u001b[22m\u001b[39m\n     \u001b[90m 210 |\u001b[39m   }\u001b[33m;\u001b[39m\n     \u001b[90m 211 |\u001b[39m   \n     \u001b[90m 212 |\u001b[39m   console\u001b[33m.\u001b[39mwarn \u001b[33m=\u001b[39m (\u001b[33m...\u001b[39margs) \u001b[33m=>\u001b[39m {\u001b[0m\n\n      at console.call [as error] (jest.setup.js:209:19)\n      at node_modules/react-dom/cjs/react-dom-client.development.js:16023:19\n      at runWithFiberInDEV (node_modules/react-dom/cjs/react-dom-client.development.js:1522:13)\n      at warnIfUpdatesNotWrappedWithActDEV (node_modules/react-dom/cjs/react-dom-client.development.js:16022:9)\n      at scheduleUpdateOnFiber (node_modules/react-dom/cjs/react-dom-client.development.js:14396:11)\n      at dispatchSetStateInternal (node_modules/react-dom/cjs/react-dom-client.development.js:6969:13)\n      at dispatchSetState (node_modules/react-dom/cjs/react-dom-client.development.js:6927:7)\n      at setConnectionState (__tests__/integration/login-websocket-setup.test.tsx:147:7)\n      at initiateWebSocketConnection (__tests__/integration/login-websocket-setup.test.tsx:167:15)\n\n  console.log\n    Calling login, authConfig at call time: {\n      development_mode: true,\n      google_client_id: 'mock-google-client-id',\n      endpoints: {\n        login: 'http://localhost:8081/auth/login',\n        logout: 'http://localhost:8081/auth/logout',\n        callback: 'http://localhost:8081/auth/callback',\n        token: 'http://localhost:8081/auth/token',\n        user: 'http://localhost:8081/auth/me',\n        dev_login: 'http://localhost:8081/auth/dev/login'\n      },\n      authorized_javascript_origins: [ 'http://localhost:3000' ],\n      authorized_redirect_uris: [ 'http://localhost:3000/auth/callback' ]\n    }\n\n      at log (__tests__/auth/context.auth-operations.test.tsx:108:15)\n\n  console.log\n    \ud83d\udd25 HOOK CALLED: useThreadLoader (CONFIGURED) {\n      args: [ false, 'all', 'thread-1', [AsyncFunction (anonymous)] ],\n      returning: {\n        threads: [ [Object], [Object], [Object] ],\n        isLoadingThreads: false,\n        loadError: null,\n        loadThreads: [Function: mockConstructor] {\n          _isMockFunction: true,\n          getMockImplementation: [Function (anonymous)],\n          mock: [Getter/Setter],\n          mockClear: [Function (anonymous)],\n          mockReset: [Function (anonymous)],\n          mockRestore: [Function (anonymous)],\n          mockReturnValueOnce: [Function (anonymous)],\n          mockResolvedValueOnce: [Function (anonymous)],\n          mockRejectedValueOnce: [Function (anonymous)],\n          mockReturnValue: [Function (anonymous)],\n          mockResolvedValue: [Function (anonymous)],\n          mockRejectedValue: [Function (anonymous)],\n          mockImplementationOnce: [Function (anonymous)],\n          withImplementation: [Function: bound withImplementation],\n          mockImplementation: [Function (anonymous)],\n          mockReturnThis: [Function (anonymous)],\n          mockName: [Function (anonymous)],\n          getMockName: [Function (anonymous)],\n          Symbol(Symbol.dispose): [Function (anonymous)]\n        }\n      }\n    }\n\n      at Object.log (__tests__/components/ChatSidebar/setup.tsx:429:15)\n\n  console.log\n    \ud83d\udd25 HOOK CALLED: useThreadFiltering (CONFIGURED) {\n      threadsType: 'object',\n      isArray: true,\n      threadsLength: 3,\n      returning: {\n        sortedThreads: [ [Object], [Object], [Object] ],\n        paginatedThreads: [ [Object], [Object], [Object] ],\n        totalPages: 1\n      }\n    }\n\n      at Object.log (__tests__/components/ChatSidebar/setup.tsx:434:15)\n\n  console.log\n    \ud83e\uddea TestChatSidebar rendering with threads: {\n      threadsLength: 3,\n      paginatedThreadsLength: 3,\n      isLoadingThreads: false,\n      loadError: null\n    }\n\n      at log (__tests__/components/ChatSidebar/setup.tsx:791:11)\n\n  console.log\n    \ud83c\udfaf Rendering thread thread-1, activeThreadId: thread-1, isActive: true\n\n      at log (__tests__/components/ChatSidebar/setup.tsx:649:23)\n          at Array.map (<anonymous>)\n\n  console.log\n    \ud83c\udfaf Rendering thread thread-2, activeThreadId: thread-1, isActive: false\n\n      at log (__tests__/components/ChatSidebar/setup.tsx:649:23)\n          at Array.map (<anonymous>)\n\n  console.log\n    \ud83c\udfaf Rendering thread thread-3, activeThreadId: thread-1, isActive: false\n\n      at log (__tests__/components/ChatSidebar/setup.tsx:649:23)\n          at Array.map (<anonymous>)\n\n  console.log\n    \ud83c\udfaf TestChatSidebar handleThreadClick called with: thread-2\n\n      at log (__tests__/components/ChatSidebar/setup.tsx:728:13)\n\n  console.log\n    \ud83c\udfaf setActiveThread called with: thread-2\n\n      at log (__tests__/components/ChatSidebar/setup.tsx:140:13)\n\n  console.log\n    \ud83d\udd25 HOOK CALLED: useChatSidebarState (CONFIGURED) {\n      searchQuery: '',\n      setSearchQuery: [Function: mockConstructor] {\n        _isMockFunction: true,\n        getMockImplementation: [Function (anonymous)],\n        mock: [Getter/Setter],\n        mockClear: [Function (anonymous)],\n        mockReset: [Function (anonymous)],\n        mockRestore: [Function (anonymous)],\n        mockReturnValueOnce: [Function (anonymous)],\n        mockResolvedValueOnce: [Function (anonymous)],\n        mockRejectedValueOnce: [Function (anonymous)],\n        mockReturnValue: [Function (anonymous)],\n        mockResolvedValue: [Function (anonymous)],\n        mockRejectedValue: [Function (anonymous)],\n        mockImplementationOnce: [Function (anonymous)],\n        withImplementation: [Function: bound withImplementation],\n        mockImplementation: [Function (anonymous)],\n        mockReturnThis: [Function (anonymous)],\n        mockName: [Function (anonymous)],\n        getMockName: [Function (anonymous)],\n        Symbol(Symbol.dispose): [Function (anonymous)]\n      },\n      isCreatingThread: false,\n      setIsCreatingThread: [Function: mockConstructor] {\n        _isMockFunction: true,\n        getMockImplementation: [Function (anonymous)],\n        mock: [Getter/Setter],\n        mockClear: [Function (anonymous)],\n        mockReset: [Function (anonymous)],\n        mockRestore: [Function (anonymous)],\n        mockReturnValueOnce: [Function (anonymous)],\n        mockResolvedValueOnce: [Function (anonymous)],\n        mockRejectedValueOnce: [Function (anonymous)],\n        mockReturnValue: [Function (anonymous)],\n        mockResolvedValue: [Function (anonymous)],\n        mockRejectedValue: [Function (anonymous)],\n        mockImplementationOnce: [Function (anonymous)],\n        withImplementation: [Function: bound withImplementation],\n        mockImplementation: [Function (anonymous)],\n        mockReturnThis: [Function (anonymous)],\n        mockName: [Function (anonymous)],\n        getMockName: [Function (anonymous)],\n        Symbol(Symbol.dispose): [Function (anonymous)]\n      },\n      showAllThreads: false,\n      setShowAllThreads: [Function: mockConstructor] {\n        _isMockFunction: true,\n        getMockImplementation: [Function (anonymous)],\n        mock: [Getter/Setter],\n        mockClear: [Function (anonymous)],\n        mockReset: [Function (anonymous)],\n        mockRestore: [Function (anonymous)],\n        mockReturnValueOnce: [Function (anonymous)],\n        mockResolvedValueOnce: [Function (anonymous)],\n        mockRejectedValueOnce: [Function (anonymous)],\n        mockReturnValue: [Function (anonymous)],\n        mockResolvedValue: [Function (anonymous)],\n        mockRejectedValue: [Function (anonymous)],\n        mockImplementationOnce: [Function (anonymous)],\n        withImplementation: [Function: bound withImplementation],\n        mockImplementation: [Function (anonymous)],\n        mockReturnThis: [Function (anonymous)],\n        mockName: [Function (anonymous)],\n        getMockName: [Function (anonymous)],\n        Symbol(Symbol.dispose): [Function (anonymous)]\n      },\n      filterType: 'all',\n      setFilterType: [Function: mockConstructor] {\n        _isMockFunction: true,\n        getMockImplementation: [Function (anonymous)],\n        mock: [Getter/Setter],\n        mockClear: [Function (anonymous)],\n        mockReset: [Function (anonymous)],\n        mockRestore: [Function (anonymous)],\n        mockReturnValueOnce: [Function (anonymous)],\n        mockResolvedValueOnce: [Function (anonymous)],\n        mockRejectedValueOnce: [Function (anonymous)],\n        mockReturnValue: [Function (anonymous)],\n        mockResolvedValue: [Function (anonymous)],\n        mockRejectedValue: [Function (anonymous)],\n        mockImplementationOnce: [Function (anonymous)],\n        withImplementation: [Function: bound withImplementation],\n        mockImplementation: [Function (anonymous)],\n        mockReturnThis: [Function (anonymous)],\n        mockName: [Function (anonymous)],\n        getMockName: [Function (anonymous)],\n        Symbol(Symbol.dispose): [Function (anonymous)]\n      },\n      currentPage: 1,\n      setCurrentPage: [Function: mockConstructor] {\n        _isMockFunction: true,\n        getMockImplementation: [Function (anonymous)],\n        mock: [Getter/Setter],\n        mockClear: [Function (anonymous)],\n        mockReset: [Function (anonymous)],\n        mockRestore: [Function (anonymous)],\n        mockReturnValueOnce: [Function (anonymous)],\n        mockResolvedValueOnce: [Function (anonymous)],\n        mockRejectedValueOnce: [Function (anonymous)],\n        mockReturnValue: [Function (anonymous)],\n        mockResolvedValue: [Function (anonymous)],\n        mockRejectedValue: [Function (anonymous)],\n        mockImplementationOnce: [Function (anonymous)],\n        withImplementation: [Function: bound withImplementation],\n        mockImplementation: [Function (anonymous)],\n        mockReturnThis: [Function (anonymous)],\n        mockName: [Function (anonymous)],\n        getMockName: [Function (anonymous)],\n        Symbol(Symbol.dispose): [Function (anonymous)]\n      }\n    }\n\n      at Object.log (__tests__/components/ChatSidebar/setup.tsx:424:15)\n\n  console.log\n    \ud83d\udd25 HOOK CALLED: useThreadLoader (CONFIGURED) {\n      args: [ false, 'all', 'thread-2', [AsyncFunction (anonymous)] ],\n      returning: {\n        threads: [ [Object], [Object], [Object] ],\n        isLoadingThreads: false,\n        loadError: null,\n        loadThreads: [Function: mockConstructor] {\n          _isMockFunction: true,\n          getMockImplementation: [Function (anonymous)],\n          mock: [Getter/Setter],\n          mockClear: [Function (anonymous)],\n          mockReset: [Function (anonymous)],\n          mockRestore: [Function (anonymous)],\n          mockReturnValueOnce: [Function (anonymous)],\n          mockResolvedValueOnce: [Function (anonymous)],\n          mockRejectedValueOnce: [Function (anonymous)],\n          mockReturnValue: [Function (anonymous)],\n          mockResolvedValue: [Function (anonymous)],\n          mockRejectedValue: [Function (anonymous)],\n          mockImplementationOnce: [Function (anonymous)],\n          withImplementation: [Function: bound withImplementation],\n          mockImplementation: [Function (anonymous)],\n          mockReturnThis: [Function (anonymous)],\n          mockName: [Function (anonymous)],\n          getMockName: [Function (anonymous)],\n          Symbol(Symbol.dispose): [Function (anonymous)]\n        }\n      }\n    }\n\n      at Object.log (__tests__/components/ChatSidebar/setup.tsx:429:15)\n\n  console.log\n    \ud83d\udd25 HOOK CALLED: useThreadFiltering (CONFIGURED) {\n      threadsType: 'object',\n      isArray: true,\n      threadsLength: 3,\n      returning: {\n        sortedThreads: [ [Object], [Object], [Object] ],\n        paginatedThreads: [ [Object], [Object], [Object] ],\n        totalPages: 1\n      }\n    }\n\n      at Object.log (__tests__/components/ChatSidebar/setup.tsx:434:15)\n\n  console.log\n    \ud83e\uddea TestChatSidebar rendering with threads: {\n      threadsLength: 3,\n      paginatedThreadsLength: 3,\n      isLoadingThreads: false,\n      loadError: null\n    }\n\n      at log (__tests__/components/ChatSidebar/setup.tsx:791:11)\n\n  console.log\n    \ud83c\udfaf Rendering thread thread-1, activeThreadId: thread-2, isActive: false\n\n      at log (__tests__/components/ChatSidebar/setup.tsx:649:23)\n          at Array.map (<anonymous>)\n\n  console.log\n    \ud83c\udfaf Rendering thread thread-2, activeThreadId: thread-2, isActive: true\n\n      at log (__tests__/components/ChatSidebar/setup.tsx:649:23)\n          at Array.map (<anonymous>)\n\n  console.log\n    \ud83c\udfaf Rendering thread thread-3, activeThreadId: thread-2, isActive: false\n\n      at log (__tests__/components/ChatSidebar/setup.tsx:649:23)\n          at Array.map (<anonymous>)\n\n  console.log\n    \ud83d\udd27 Configuring authentication mocks with: { isAuthenticated: true, userTier: 'Early' }\n\n      at ChatSidebarTestSetup.log [as beforeEach] (__tests__/components/ChatSidebar/setup.tsx:300:13)\n\n  console.log\n    \ud83d\udd27 configureAuthState called with overrides: { isAuthenticated: true, userTier: 'Early' }\n\n      at ChatSidebarTestSetup.log [as configureAuthState] (__tests__/components/ChatSidebar/setup.tsx:476:13)\n\n  console.log\n    \ud83c\udfaf Final authStateConfig: {\n      isAuthenticated: true,\n      isLoading: false,\n      user: { id: 'test-user-1', email: 'test@example.com', role: 'user' },\n      userTier: 'Early',\n      error: null,\n      refreshAuth: [Function: mockConstructor] {\n        _isMockFunction: true,\n        getMockImplementation: [Function (anonymous)],\n        mock: [Getter/Setter],\n        mockClear: [Function (anonymous)],\n        mockReset: [Function (anonymous)],\n        mockRestore: [Function (anonymous)],\n        mockReturnValueOnce: [Function (anonymous)],\n        mockResolvedValueOnce: [Function (anonymous)],\n        mockRejectedValueOnce: [Function (anonymous)],\n        mockReturnValue: [Function (anonymous)],\n        mockResolvedValue: [Function (anonymous)],\n        mockRejectedValue: [Function (anonymous)],\n        mockImplementationOnce: [Function (anonymous)],\n        withImplementation: [Function: bound withImplementation],\n        mockImplementation: [Function (anonymous)],\n        mockReturnThis: [Function (anonymous)],\n        mockName: [Function (anonymous)],\n        getMockName: [Function (anonymous)],\n        Symbol(Symbol.dispose): [Function (anonymous)]\n      },\n      logout: [Function: mockConstructor] {\n        _isMockFunction: true,\n        getMockImplementation: [Function (anonymous)],\n        mock: [Getter/Setter],\n        mockClear: [Function (anonymous)],\n        mockReset: [Function (anonymous)],\n        mockRestore: [Function (anonymous)],\n        mockReturnValueOnce: [Function (anonymous)],\n        mockResolvedValueOnce: [Function (anonymous)],\n        mockRejectedValueOnce: [Function (anonymous)],\n        mockReturnValue: [Function (anonymous)],\n        mockResolvedValue: [Function (anonymous)],\n        mockRejectedValue: [Function (anonymous)],\n        mockImplementationOnce: [Function (anonymous)],\n        withImplementation: [Function: bound withImplementation],\n        mockImplementation: [Function (anonymous)],\n        mockReturnThis: [Function (anonymous)],\n        mockName: [Function (anonymous)],\n        getMockName: [Function (anonymous)],\n        Symbol(Symbol.dispose): [Function (anonymous)]\n      },\n      clearError: [Function: mockConstructor] {\n        _isMockFunction: true,\n        getMockImplementation: [Function (anonymous)],\n        mock: [Getter/Setter],\n        mockClear: [Function (anonymous)],\n        mockReset: [Function (anonymous)],\n        mockRestore: [Function (anonymous)],\n        mockReturnValueOnce: [Function (anonymous)],\n        mockResolvedValueOnce: [Function (anonymous)],\n        mockRejectedValueOnce: [Function (anonymous)],\n        mockReturnValue: [Function (anonymous)],\n        mockResolvedValue: [Function (anonymous)],\n        mockRejectedValue: [Function (anonymous)],\n        mockImplementationOnce: [Function (anonymous)],\n        withImplementation: [Function: bound withImplementation],\n        mockImplementation: [Function (anonymous)],\n        mockReturnThis: [Function (anonymous)],\n        mockName: [Function (anonymous)],\n        getMockName: [Function (anonymous)],\n        Symbol(Symbol.dispose): [Function (anonymous)]\n      },\n      hasPermission: [Function: mockConstructor] {\n        _isMockFunction: true,\n        getMockImplementation: [Function (anonymous)],\n        mock: [Getter/Setter],\n        mockClear: [Function (anonymous)],\n        mockReset: [Function (anonymous)],\n        mockRestore: [Function (anonymous)],\n        mockReturnValueOnce: [Function (anonymous)],\n        mockResolvedValueOnce: [Function (anonymous)],\n        mockRejectedValueOnce: [Function (anonymous)],\n        mockReturnValue: [Function (anonymous)],\n        mockResolvedValue: [Function (anonymous)],\n        mockRejectedValue: [Function (anonymous)],\n        mockImplementationOnce: [Function (anonymous)],\n        withImplementation: [Function: bound withImplementation],\n        mockImplementation: [Function (anonymous)],\n        mockReturnThis: [Function (anonymous)],\n        mockName: [Function (anonymous)],\n        getMockName: [Function (anonymous)],\n        Symbol(Symbol.dispose): [Function (anonymous)]\n      },\n      isAdminOrHigher: [Function: mockConstructor] {\n        _isMockFunction: true,\n        getMockImplementation: [Function (anonymous)],\n        mock: [Getter/Setter],\n        mockClear: [Function (anonymous)],\n        mockReset: [Function (anonymous)],\n        mockRestore: [Function (anonymous)],\n        mockReturnValueOnce: [Function (anonymous)],\n        mockResolvedValueOnce: [Function (anonymous)],\n        mockRejectedValueOnce: [Function (anonymous)],\n        mockReturnValue: [Function (anonymous)],\n        mockResolvedValue: [Function (anonymous)],\n        mockRejectedValue: [Function (anonymous)],\n        mockImplementationOnce: [Function (anonymous)],\n        withImplementation: [Function: bound withImplementation],\n        mockImplementation: [Function (anonymous)],\n        mockReturnThis: [Function (anonymous)],\n        mockName: [Function (anonymous)],\n        getMockName: [Function (anonymous)],\n        Symbol(Symbol.dispose): [Function (anonymous)]\n      },\n      isDeveloperOrHigher: [Function: mockConstructor] {\n        _isMockFunction: true,\n        getMockImplementation: [Function (anonymous)],\n        mock: [Getter/Setter],\n        mockClear: [Function (anonymous)],\n        mockReset: [Function (anonymous)],\n        mockRestore: [Function (anonymous)],\n        mockReturnValueOnce: [Function (anonymous)],\n        mockResolvedValueOnce: [Function (anonymous)],\n        mockRejectedValueOnce: [Function (anonymous)],\n        mockReturnValue: [Function (anonymous)],\n        mockResolvedValue: [Function (anonymous)],\n        mockRejectedValue: [Function (anonymous)],\n        mockImplementationOnce: [Function (anonymous)],\n        withImplementation: [Function: bound withImplementation],\n        mockImplementation: [Function (anonymous)],\n        mockReturnThis: [Function (anonymous)],\n        mockName: [Function (anonymous)],\n        getMockName: [Function (anonymous)],\n        Symbol(Symbol.dispose): [Function (anonymous)]\n      }\n    }\n\n      at ChatSidebarTestSetup.log [as configureAuthState] (__tests__/components/ChatSidebar/setup.tsx:477:13)\n\n  console.log\n    \ud83d\udd27 configureChatSidebarHooks called with: {\n      threadsProvided: true,\n      threadsCount: 3,\n      threadIds: [ 'thread-1', 'thread-2', 'thread-3' ]\n    }\n\n      at ChatSidebarTestSetup.log [as configureChatSidebarHooks] (__tests__/components/ChatSidebar/setup.tsx:378:13)\n\n  console.log\n    \ud83c\udfaf Mock configurations: {\n      threadLoaderConfig: {\n        threads: [ [Object], [Object], [Object] ],\n        isLoadingThreads: false,\n        loadError: null,\n        loadThreads: [Function: mockConstructor] {\n          _isMockFunction: true,\n          getMockImplementation: [Function (anonymous)],\n          mock: [Getter/Setter],\n          mockClear: [Function (anonymous)],\n          mockReset: [Function (anonymous)],\n          mockRestore: [Function (anonymous)],\n          mockReturnValueOnce: [Function (anonymous)],\n          mockResolvedValueOnce: [Function (anonymous)],\n          mockRejectedValueOnce: [Function (anonymous)],\n          mockReturnValue: [Function (anonymous)],\n          mockResolvedValue: [Function (anonymous)],\n          mockRejectedValue: [Function (anonymous)],\n          mockImplementationOnce: [Function (anonymous)],\n          withImplementation: [Function: bound withImplementation],\n          mockImplementation: [Function (anonymous)],\n          mockReturnThis: [Function (anonymous)],\n          mockName: [Function (anonymous)],\n          getMockName: [Function (anonymous)],\n          Symbol(Symbol.dispose): [Function (anonymous)]\n        }\n      },\n      threadFilteringConfig: {\n        sortedThreads: [ [Object], [Object], [Object] ],\n        paginatedThreads: [ [Object], [Object], [Object] ],\n        totalPages: 1\n      }\n    }\n\n      at ChatSidebarTestSetup.log [as configureChatSidebarHooks] (__tests__/components/ChatSidebar/setup.tsx:416:13)\n\n  console.log\n    \ud83c\udfaf Applied mock configurations using mockImplementation with debugging\n\n      at ChatSidebarTestSetup.log [as configureChatSidebarHooks] (__tests__/components/ChatSidebar/setup.tsx:453:13)\n\n  console.log\n    \ud83d\udd25 HOOK CALLED: useChatSidebarState (CONFIGURED) {\n      searchQuery: '',\n      setSearchQuery: [Function: mockConstructor] {\n        _isMockFunction: true,\n        getMockImplementation: [Function (anonymous)],\n        mock: [Getter/Setter],\n        mockClear: [Function (anonymous)],\n        mockReset: [Function (anonymous)],\n        mockRestore: [Function (anonymous)],\n        mockReturnValueOnce: [Function (anonymous)],\n        mockResolvedValueOnce: [Function (anonymous)],\n        mockRejectedValueOnce: [Function (anonymous)],\n        mockReturnValue: [Function (anonymous)],\n        mockResolvedValue: [Function (anonymous)],\n        mockRejectedValue: [Function (anonymous)],\n        mockImplementationOnce: [Function (anonymous)],\n        withImplementation: [Function: bound withImplementation],\n        mockImplementation: [Function (anonymous)],\n        mockReturnThis: [Function (anonymous)],\n        mockName: [Function (anonymous)],\n        getMockName: [Function (anonymous)],\n        Symbol(Symbol.dispose): [Function (anonymous)]\n      },\n      isCreatingThread: false,\n      setIsCreatingThread: [Function: mockConstructor] {\n        _isMockFunction: true,\n        getMockImplementation: [Function (anonymous)],\n        mock: [Getter/Setter],\n        mockClear: [Function (anonymous)],\n        mockReset: [Function (anonymous)],\n        mockRestore: [Function (anonymous)],\n        mockReturnValueOnce: [Function (anonymous)],\n        mockResolvedValueOnce: [Function (anonymous)],\n        mockRejectedValueOnce: [Function (anonymous)],\n        mockReturnValue: [Function (anonymous)],\n        mockResolvedValue: [Function (anonymous)],\n        mockRejectedValue: [Function (anonymous)],\n        mockImplementationOnce: [Function (anonymous)],\n        withImplementation: [Function: bound withImplementation],\n        mockImplementation: [Function (anonymous)],\n        mockReturnThis: [Function (anonymous)],\n        mockName: [Function (anonymous)],\n        getMockName: [Function (anonymous)],\n        Symbol(Symbol.dispose): [Function (anonymous)]\n      },\n      showAllThreads: false,\n      setShowAllThreads: [Function: mockConstructor] {\n        _isMockFunction: true,\n        getMockImplementation: [Function (anonymous)],\n        mock: [Getter/Setter],\n        mockClear: [Function (anonymous)],\n        mockReset: [Function (anonymous)],\n        mockRestore: [Function (anonymous)],\n        mockReturnValueOnce: [Function (anonymous)],\n        mockResolvedValueOnce: [Function (anonymous)],\n        mockRejectedValueOnce: [Function (anonymous)],\n        mockReturnValue: [Function (anonymous)],\n        mockResolvedValue: [Function (anonymous)],\n        mockRejectedValue: [Function (anonymous)],\n        mockImplementationOnce: [Function (anonymous)],\n        withImplementation: [Function: bound withImplementation],\n        mockImplementation: [Function (anonymous)],\n        mockReturnThis: [Function (anonymous)],\n        mockName: [Function (anonymous)],\n        getMockName: [Function (anonymous)],\n        Symbol(Symbol.dispose): [Function (anonymous)]\n      },\n      filterType: 'all',\n      setFilterType: [Function: mockConstructor] {\n        _isMockFunction: true,\n        getMockImplementation: [Function (anonymous)],\n        mock: [Getter/Setter],\n        mockClear: [Function (anonymous)],\n        mockReset: [Function (anonymous)],\n        mockRestore: [Function (anonymous)],\n        mockReturnValueOnce: [Function (anonymous)],\n        mockResolvedValueOnce: [Function (anonymous)],\n        mockRejectedValueOnce: [Function (anonymous)],\n        mockReturnValue: [Function (anonymous)],\n        mockResolvedValue: [Function (anonymous)],\n        mockRejectedValue: [Function (anonymous)],\n        mockImplementationOnce: [Function (anonymous)],\n        withImplementation: [Function: bound withImplementation],\n        mockImplementation: [Function (anonymous)],\n        mockReturnThis: [Function (anonymous)],\n        mockName: [Function (anonymous)],\n        getMockName: [Function (anonymous)],\n        Symbol(Symbol.dispose): [Function (anonymous)]\n      },\n      currentPage: 1,\n      setCurrentPage: [Function: mockConstructor] {\n        _isMockFunction: true,\n        getMockImplementation: [Function (anonymous)],\n        mock: [Getter/Setter],\n        mockClear: [Function (anonymous)],\n        mockReset: [Function (anonymous)],\n        mockRestore: [Function (anonymous)],\n        mockReturnValueOnce: [Function (anonymous)],\n        mockResolvedValueOnce: [Function (anonymous)],\n        mockRejectedValueOnce: [Function (anonymous)],\n        mockReturnValue: [Function (anonymous)],\n        mockResolvedValue: [Function (anonymous)],\n        mockRejectedValue: [Function (anonymous)],\n        mockImplementationOnce: [Function (anonymous)],\n        withImplementation: [Function: bound withImplementation],\n        mockImplementation: [Function (anonymous)],\n        mockReturnThis: [Function (anonymous)],\n        mockName: [Function (anonymous)],\n        getMockName: [Function (anonymous)],\n        Symbol(Symbol.dispose): [Function (anonymous)]\n      }\n    }\n\n      at Object.log (__tests__/components/ChatSidebar/setup.tsx:424:15)\n\n  console.log\n    \ud83d\udd25 HOOK CALLED: useThreadLoader (CONFIGURED) {\n      args: [ false, 'all', 'thread-2', [AsyncFunction (anonymous)] ],\n      returning: {\n        threads: [ [Object], [Object], [Object] ],\n        isLoadingThreads: false,\n        loadError: null,\n        loadThreads: [Function: mockConstructor] {\n          _isMockFunction: true,\n          getMockImplementation: [Function (anonymous)],\n          mock: [Getter/Setter],\n          mockClear: [Function (anonymous)],\n          mockReset: [Function (anonymous)],\n          mockRestore: [Function (anonymous)],\n          mockReturnValueOnce: [Function (anonymous)],\n          mockResolvedValueOnce: [Function (anonymous)],\n          mockRejectedValueOnce: [Function (anonymous)],\n          mockReturnValue: [Function (anonymous)],\n          mockResolvedValue: [Function (anonymous)],\n          mockRejectedValue: [Function (anonymous)],\n          mockImplementationOnce: [Function (anonymous)],\n          withImplementation: [Function: bound withImplementation],\n          mockImplementation: [Function (anonymous)],\n          mockReturnThis: [Function (anonymous)],\n          mockName: [Function (anonymous)],\n          getMockName: [Function (anonymous)],\n          Symbol(Symbol.dispose): [Function (anonymous)]\n        }\n      }\n    }\n\n      at Object.log (__tests__/components/ChatSidebar/setup.tsx:429:15)\n\n  console.log\n    \ud83d\udd25 HOOK CALLED: useThreadFiltering (CONFIGURED) {\n      threadsType: 'object',\n      isArray: true,\n      threadsLength: 3,\n      returning: {\n        sortedThreads: [ [Object], [Object], [Object] ],\n        paginatedThreads: [ [Object], [Object], [Object] ],\n        totalPages: 1\n      }\n    }\n\n      at Object.log (__tests__/components/ChatSidebar/setup.tsx:434:15)\n\n  console.log\n    \ud83e\uddea TestChatSidebar rendering with threads: {\n      threadsLength: 3,\n      paginatedThreadsLength: 3,\n      isLoadingThreads: false,\n      loadError: null\n    }\n\n      at log (__tests__/components/ChatSidebar/setup.tsx:791:11)\n\n  console.log\n    \ud83c\udfaf Rendering thread thread-1, activeThreadId: thread-2, isActive: false\n\n      at log (__tests__/components/ChatSidebar/setup.tsx:649:23)\n          at Array.map (<anonymous>)\n\n  console.log\n    \ud83c\udfaf Rendering thread thread-2, activeThreadId: thread-2, isActive: true\n\n      at log (__tests__/components/ChatSidebar/setup.tsx:649:23)\n          at Array.map (<anonymous>)\n\n  console.log\n    \ud83c\udfaf Rendering thread thread-3, activeThreadId: thread-2, isActive: false\n\n      at log (__tests__/components/ChatSidebar/setup.tsx:649:23)\n          at Array.map (<anonymous>)\n\n  console.log\n    \ud83c\udfaf TestChatSidebar handleThreadClick called with: thread-1\n\n      at log (__tests__/components/ChatSidebar/setup.tsx:728:13)\n\n  console.log\n    \ud83c\udfaf setActiveThread called with: thread-1\n\n      at log (__tests__/components/ChatSidebar/setup.tsx:140:13)\n\n  console.log\n    \ud83d\udd25 HOOK CALLED: useChatSidebarState (CONFIGURED) {\n      searchQuery: '',\n      setSearchQuery: [Function: mockConstructor] {\n        _isMockFunction: true,\n        getMockImplementation: [Function (anonymous)],\n        mock: [Getter/Setter],\n        mockClear: [Function (anonymous)],\n        mockReset: [Function (anonymous)],\n        mockRestore: [Function (anonymous)],\n        mockReturnValueOnce: [Function (anonymous)],\n        mockResolvedValueOnce: [Function (anonymous)],\n        mockRejectedValueOnce: [Function (anonymous)],\n        mockReturnValue: [Function (anonymous)],\n        mockResolvedValue: [Function (anonymous)],\n        mockRejectedValue: [Function (anonymous)],\n        mockImplementationOnce: [Function (anonymous)],\n        withImplementation: [Function: bound withImplementation],\n        mockImplementation: [Function (anonymous)],\n        mockReturnThis: [Function (anonymous)],\n        mockName: [Function (anonymous)],\n        getMockName: [Function (anonymous)],\n        Symbol(Symbol.dispose): [Function (anonymous)]\n      },\n      isCreatingThread: false,\n      setIsCreatingThread: [Function: mockConstructor] {\n        _isMockFunction: true,\n        getMockImplementation: [Function (anonymous)],\n        mock: [Getter/Setter],\n        mockClear: [Function (anonymous)],\n        mockReset: [Function (anonymous)],\n        mockRestore: [Function (anonymous)],\n        mockReturnValueOnce: [Function (anonymous)],\n        mockResolvedValueOnce: [Function (anonymous)],\n        mockRejectedValueOnce: [Function (anonymous)],\n        mockReturnValue: [Function (anonymous)],\n        mockResolvedValue: [Function (anonymous)],\n        mockRejectedValue: [Function (anonymous)],\n        mockImplementationOnce: [Function (anonymous)],\n        withImplementation: [Function: bound withImplementation],\n        mockImplementation: [Function (anonymous)],\n        mockReturnThis: [Function (anonymous)],\n        mockName: [Function (anonymous)],\n        getMockName: [Function (anonymous)],\n        Symbol(Symbol.dispose): [Function (anonymous)]\n      },\n      showAllThreads: false,\n      setShowAllThreads: [Function: mockConstructor] {\n        _isMockFunction: true,\n        getMockImplementation: [Function (anonymous)],\n        mock: [Getter/Setter],\n        mockClear: [Function (anonymous)],\n        mockReset: [Function (anonymous)],\n        mockRestore: [Function (anonymous)],\n        mockReturnValueOnce: [Function (anonymous)],\n        mockResolvedValueOnce: [Function (anonymous)],\n        mockRejectedValueOnce: [Function (anonymous)],\n        mockReturnValue: [Function (anonymous)],\n        mockResolvedValue: [Function (anonymous)],\n        mockRejectedValue: [Function (anonymous)],\n        mockImplementationOnce: [Function (anonymous)],\n        withImplementation: [Function: bound withImplementation],\n        mockImplementation: [Function (anonymous)],\n        mockReturnThis: [Function (anonymous)],\n        mockName: [Function (anonymous)],\n        getMockName: [Function (anonymous)],\n        Symbol(Symbol.dispose): [Function (anonymous)]\n      },\n      filterType: 'all',\n      setFilterType: [Function: mockConstructor] {\n        _isMockFunction: true,\n        getMockImplementation: [Function (anonymous)],\n        mock: [Getter/Setter],\n        mockClear: [Function (anonymous)],\n        mockReset: [Function (anonymous)],\n        mockRestore: [Function (anonymous)],\n        mockReturnValueOnce: [Function (anonymous)],\n        mockResolvedValueOnce: [Function (anonymous)],\n        mockRejectedValueOnce: [Function (anonymous)],\n        mockReturnValue: [Function (anonymous)],\n        mockResolvedValue: [Function (anonymous)],\n        mockRejectedValue: [Function (anonymous)],\n        mockImplementationOnce: [Function (anonymous)],\n        withImplementation: [Function: bound withImplementation],\n        mockImplementation: [Function (anonymous)],\n        mockReturnThis: [Function (anonymous)],\n        mockName: [Function (anonymous)],\n        getMockName: [Function (anonymous)],\n        Symbol(Symbol.dispose): [Function (anonymous)]\n      },\n      currentPage: 1,\n      setCurrentPage: [Function: mockConstructor] {\n        _isMockFunction: true,\n        getMockImplementation: [Function (anonymous)],\n        mock: [Getter/Setter],\n        mockClear: [Function (anonymous)],\n        mockReset: [Function (anonymous)],\n        mockRestore: [Function (anonymous)],\n        mockReturnValueOnce: [Function (anonymous)],\n        mockResolvedValueOnce: [Function (anonymous)],\n        mockRejectedValueOnce: [Function (anonymous)],\n        mockReturnValue: [Function (anonymous)],\n        mockResolvedValue: [Function (anonymous)],\n        mockRejectedValue: [Function (anonymous)],\n        mockImplementationOnce: [Function (anonymous)],\n        withImplementation: [Function: bound withImplementation],\n        mockImplementation: [Function (anonymous)],\n        mockReturnThis: [Function (anonymous)],\n        mockName: [Function (anonymous)],\n        getMockName: [Function (anonymous)],\n        Symbol(Symbol.dispose): [Function (anonymous)]\n      }\n    }\n\n      at Object.log (__tests__/components/ChatSidebar/setup.tsx:424:15)\n\n  console.log\n    \ud83d\udd25 HOOK CALLED: useThreadLoader (CONFIGURED) {\n      args: [ false, 'all', 'thread-1', [AsyncFunction (anonymous)] ],\n      returning: {\n        threads: [ [Object], [Object], [Object] ],\n        isLoadingThreads: false,\n        loadError: null,\n        loadThreads: [Function: mockConstructor] {\n          _isMockFunction: true,\n          getMockImplementation: [Function (anonymous)],\n          mock: [Getter/Setter],\n          mockClear: [Function (anonymous)],\n          mockReset: [Function (anonymous)],\n          mockRestore: [Function (anonymous)],\n          mockReturnValueOnce: [Function (anonymous)],\n          mockResolvedValueOnce: [Function (anonymous)],\n          mockRejectedValueOnce: [Function (anonymous)],\n          mockReturnValue: [Function (anonymous)],\n          mockResolvedValue: [Function (anonymous)],\n          mockRejectedValue: [Function (anonymous)],\n          mockImplementationOnce: [Function (anonymous)],\n          withImplementation: [Function: bound withImplementation],\n          mockImplementation: [Function (anonymous)],\n          mockReturnThis: [Function (anonymous)],\n          mockName: [Function (anonymous)],\n          getMockName: [Function (anonymous)],\n          Symbol(Symbol.dispose): [Function (anonymous)]\n        }\n      }\n    }\n\n      at Object.log (__tests__/components/ChatSidebar/setup.tsx:429:15)\n\n  console.log\n    \ud83d\udd25 HOOK CALLED: useThreadFiltering (CONFIGURED) {\n      threadsType: 'object',\n      isArray: true,\n      threadsLength: 3,\n      returning: {\n        sortedThreads: [ [Object], [Object], [Object] ],\n        paginatedThreads: [ [Object], [Object], [Object] ],\n        totalPages: 1\n      }\n    }\n\n      at Object.log (__tests__/components/ChatSidebar/setup.tsx:434:15)\n\n  console.log\n    \ud83e\uddea TestChatSidebar rendering with threads: {\n      threadsLength: 3,\n      paginatedThreadsLength: 3,\n      isLoadingThreads: false,\n      loadError: null\n    }\n\n      at log (__tests__/components/ChatSidebar/setup.tsx:791:11)\n\n  console.log\n    \ud83c\udfaf Rendering thread thread-1, activeThreadId: thread-1, isActive: true\n\n      at log (__tests__/components/ChatSidebar/setup.tsx:649:23)\n          at Array.map (<anonymous>)\n\n  console.log\n    \ud83c\udfaf Rendering thread thread-2, activeThreadId: thread-1, isActive: false\n\n      at log (__tests__/components/ChatSidebar/setup.tsx:649:23)\n          at Array.map (<anonymous>)\n\n  console.log\n    \ud83c\udfaf Rendering thread thread-3, activeThreadId: thread-1, isActive: false\n\n      at log (__tests__/components/ChatSidebar/setup.tsx:649:23)\n          at Array.map (<anonymous>)\n\n  console.warn\n    [2025-08-22T18:48:16.448Z] WARN: Received 401, attempting [REDACTED] undefined\n\n    \u001b[0m \u001b[90m 217 |\u001b[39m       \u001b[36mreturn\u001b[39m\u001b[33m;\u001b[39m\n     \u001b[90m 218 |\u001b[39m     }\n    \u001b[31m\u001b[1m>\u001b[22m\u001b[39m\u001b[90m 219 |\u001b[39m     originalWarn\u001b[33m.\u001b[39mcall(console\u001b[33m,\u001b[39m \u001b[33m...\u001b[39margs)\u001b[33m;\u001b[39m\n     \u001b[90m     |\u001b[39m                  \u001b[31m\u001b[1m^\u001b[22m\u001b[39m\n     \u001b[90m 220 |\u001b[39m   }\u001b[33m;\u001b[39m\n     \u001b[90m 221 |\u001b[39m })\u001b[33m;\u001b[39m\n     \u001b[90m 222 |\u001b[39m\u001b[0m\n\n      at console.call (jest.setup.js:219:18)\n      at FrontendLogger.warn [as log] (lib/logger.ts:145:19)\n      at FrontendLogger.log [as warn] (lib/logger.ts:211:10)\n      at AuthInterceptor.warn [as authenticatedFetch] (lib/auth-interceptor.ts:186:16)\n      at performFetch (services/apiClientWrapper.ts:145:24)\n      at ApiClientWrapper.retryRequest (services/apiClientWrapper.ts:83:16)\n      at ApiClientWrapper.request (services/apiClientWrapper.ts:188:16)\n      at Object.<anonymous> (__tests__/services/apiClient.test.ts:92:9)\n\n  console.info\n    [2025-08-22T18:48:16.455Z] INFO: [REDACTED] successfully undefined\n\n      at FrontendLogger.info [as log] (lib/logger.ts:142:19)\n\n  console.info\n    [2025-08-22T18:48:16.456Z] INFO: Retrying request with refreshed token undefined\n\n      at FrontendLogger.info [as log] (lib/logger.ts:142:19)\n\n  console.error\n    [2025-08-22T18:48:16.474Z] ERROR: Request failed [AuthInterceptor] Error: Connection failed\n        at setupReconnectionMocks (C:\\Users\\antho\\OneDrive\\Desktop\\Netra\\netra-core-generation-1\\frontend\\__tests__\\services\\apiClient.test.ts:182:32)\n        at Object.setupReconnectionMocks (C:\\Users\\antho\\OneDrive\\Desktop\\Netra\\netra-core-generation-1\\frontend\\__tests__\\services\\apiClient.test.ts:175:7)\n        at Promise.finally.completed (C:\\Users\\antho\\OneDrive\\Desktop\\Netra\\netra-core-generation-1\\frontend\\node_modules\\jest-circus\\build\\jestAdapterInit.js:1559:28)\n        at new Promise (<anonymous>)\n        at callAsyncCircusFn (C:\\Users\\antho\\OneDrive\\Desktop\\Netra\\netra-core-generation-1\\frontend\\node_modules\\jest-circus\\build\\jestAdapterInit.js:1499:10)\n        at _callCircusTest (C:\\Users\\antho\\OneDrive\\Desktop\\Netra\\netra-core-generation-1\\frontend\\node_modules\\jest-circus\\build\\jestAdapterInit.js:1009:40)\n        at _runTest (C:\\Users\\antho\\OneDrive\\Desktop\\Netra\\netra-core-generation-1\\frontend\\node_modules\\jest-circus\\build\\jestAdapterInit.js:949:3)\n        at _runTestsForDescribeBlock (C:\\Users\\antho\\OneDrive\\Desktop\\Netra\\netra-core-generation-1\\frontend\\node_modules\\jest-circus\\build\\jestAdapterInit.js:839:13)\n        at _runTestsForDescribeBlock (C:\\Users\\antho\\OneDrive\\Desktop\\Netra\\netra-core-generation-1\\frontend\\node_modules\\jest-circus\\build\\jestAdapterInit.js:829:11)\n        at _runTestsForDescribeBlock (C:\\Users\\antho\\OneDrive\\Desktop\\Netra\\netra-core-generation-1\\frontend\\node_modules\\jest-circus\\build\\jestAdapterInit.js:829:11)\n        at run (C:\\Users\\antho\\OneDrive\\Desktop\\Netra\\netra-core-generation-1\\frontend\\node_modules\\jest-circus\\build\\jestAdapterInit.js:757:3)\n        at runAndTransformResultsToJestFormat (C:\\Users\\antho\\OneDrive\\Desktop\\Netra\\netra-core-generation-1\\frontend\\node_modules\\jest-circus\\build\\jestAdapterInit.js:1920:21)\n        at jestAdapter (C:\\Users\\antho\\OneDrive\\Desktop\\Netra\\netra-core-generation-1\\frontend\\node_modules\\jest-circus\\build\\runner.js:101:19)\n        at runTestInternal (C:\\Users\\antho\\OneDrive\\Desktop\\Netra\\netra-core-generation-1\\frontend\\node_modules\\jest-runner\\build\\testWorker.js:275:16)\n        at runTest (C:\\Users\\antho\\OneDrive\\Desktop\\Netra\\netra-core-generation-1\\frontend\\node_modules\\jest-runner\\build\\testWorker.js:343:7)\n        at Object.worker (C:\\Users\\antho\\OneDrive\\Desktop\\Netra\\netra-core-generation-1\\frontend\\node_modules\\jest-runner\\build\\testWorker.js:497:12)\n\n    \u001b[0m \u001b[90m 207 |\u001b[39m       \u001b[36mreturn\u001b[39m\u001b[33m;\u001b[39m\n     \u001b[90m 208 |\u001b[39m     }\n    \u001b[31m\u001b[1m>\u001b[22m\u001b[39m\u001b[90m 209 |\u001b[39m     originalError\u001b[33m.\u001b[39mcall(console\u001b[33m,\u001b[39m \u001b[33m...\u001b[39margs)\u001b[33m;\u001b[39m\n     \u001b[90m     |\u001b[39m                   \u001b[31m\u001b[1m^\u001b[22m\u001b[39m\n     \u001b[90m 210 |\u001b[39m   }\u001b[33m;\u001b[39m\n     \u001b[90m 211 |\u001b[39m   \n     \u001b[90m 212 |\u001b[39m   console\u001b[33m.\u001b[39mwarn \u001b[33m=\u001b[39m (\u001b[33m...\u001b[39margs) \u001b[33m=>\u001b[39m {\u001b[0m\n\n      at console.call [as error] (jest.setup.js:209:19)\n      at FrontendLogger.error [as log] (lib/logger.ts:148:19)\n      at FrontendLogger.log [as error] (lib/logger.ts:215:10)\n      at AuthInterceptor.error [as authenticatedFetch] (lib/auth-interceptor.ts:192:14)\n      at performFetch (services/apiClientWrapper.ts:145:24)\n      at ApiClientWrapper.retryRequest (services/apiClientWrapper.ts:83:16)\n      at ApiClientWrapper.request (services/apiClientWrapper.ts:188:16)\n\n",
      "errors": "FAIL Integration Tests __tests__/auth/auth-session-detection.test.tsx (5.366 s)\n  Auth Session Detection\n    Session Expiry Detection\n      \u00d7 should detect expired token on initialization (1128 ms)\n      \u00d7 should handle invalid expiry dates gracefully (1027 ms)\n      \u00d7 should validate token expiry on every check (10 ms)\n      \u00d7 should start session timeout monitoring after login (36 ms)\n    Session Warning System\n      \u00d7 should warn user before session expires (7 ms)\n      \u00d7 should provide session extension option (4 ms)\n      \u00d7 should handle session extension failures (9 ms)\n      \u00d7 should count down remaining session time (4 ms)\n    Edge Cases and Error Handling\n      \u00d7 should handle system clock changes gracefully (4 ms)\n      \u00d7 should handle network failures during session validation (4 ms)\n      \u00d7 should handle missing token expiry gracefully (8 ms)\n      \u00d7 should handle browser tab visibility changes (4 ms)\n\n  \u25cf Auth Session Detection \u203a Session Expiry Detection \u203a should detect expired token on initialization\n\n    expect(jest.fn()).toHaveBeenCalled()\n\n    Expected number of calls: >= 1\n    Received number of calls:    0\n\n    Ignored nodes: comments, script, style\n    \u001b[36m<html>\u001b[39m\n      \u001b[36m<head />\u001b[39m\n      \u001b[36m<body>\u001b[39m\n        \u001b[36m<div>\u001b[39m\n          \u001b[36m<div\u001b[39m\n            \u001b[33mdata-testid\u001b[39m=\u001b[32m\"app-content\"\u001b[39m\n          \u001b[36m>\u001b[39m\n            \u001b[0mTest App\u001b[0m\n          \u001b[36m</div>\u001b[39m\n        \u001b[36m</div>\u001b[39m\n      \u001b[36m</body>\u001b[39m\n    \u001b[36m</html>\u001b[39m\n\n    \u001b[0m \u001b[90m  99 |\u001b[39m\n     \u001b[90m 100 |\u001b[39m       \u001b[36mawait\u001b[39m waitFor(() \u001b[33m=>\u001b[39m {\n    \u001b[31m\u001b[1m>\u001b[22m\u001b[39m\u001b[90m 101 |\u001b[39m         expect(authService\u001b[33m.\u001b[39mremoveToken)\u001b[33m.\u001b[39mtoHaveBeenCalled()\u001b[33m;\u001b[39m\n     \u001b[90m     |\u001b[39m                                         \u001b[31m\u001b[1m^\u001b[22m\u001b[39m\n     \u001b[90m 102 |\u001b[39m         expect(mockAuthStore\u001b[33m.\u001b[39mlogout)\u001b[33m.\u001b[39mtoHaveBeenCalled()\u001b[33m;\u001b[39m\n     \u001b[90m 103 |\u001b[39m       })\u001b[33m;\u001b[39m\n     \u001b[90m 104 |\u001b[39m     })\u001b[33m;\u001b[39m\u001b[0m\n\n      at toHaveBeenCalled (__tests__/auth/auth-session-detection.test.tsx:101:41)\n      at runWithExpensiveErrorDiagnosticsDisabled (node_modules/@testing-library/dom/dist/config.js:47:12)\n      at checkCallback (node_modules/@testing-library/dom/dist/wait-for.js:124:77)\n      at checkRealTimersCallback (node_modules/@testing-library/dom/dist/wait-for.js:118:16)\n      at Timeout.task [as _onTimeout] (node_modules/jsdom/lib/jsdom/browser/Window.js:579:19)\n\n  \u25cf Auth Session Detection \u203a Session Expiry Detection \u203a should handle invalid expiry dates gracefully\n\n    expect(jest.fn()).toHaveBeenCalledWith(...expected)\n\n    Expected: \"Invalid token detected\", Any<Error>, ObjectContaining {\"component\": \"AuthContext\"}\n\n    Number of calls: 0\n\n    Ignored nodes: comments, script, style\n    \u001b[36m<html>\u001b[39m\n      \u001b[36m<head />\u001b[39m\n      \u001b[36m<body>\u001b[39m\n        \u001b[36m<div>\u001b[39m\n          \u001b[36m<div\u001b[39m\n            \u001b[33mdata-testid\u001b[39m=\u001b[32m\"app-content\"\u001b[39m\n          \u001b[36m>\u001b[39m\n            \u001b[0mTest App\u001b[0m\n          \u001b[36m</div>\u001b[39m\n        \u001b[36m</div>\u001b[39m\n      \u001b[36m</body>\u001b[39m\n    \u001b[36m</html>\u001b[39m\n\n    \u001b[0m \u001b[90m 116 |\u001b[39m\n     \u001b[90m 117 |\u001b[39m       \u001b[36mawait\u001b[39m waitFor(() \u001b[33m=>\u001b[39m {\n    \u001b[31m\u001b[1m>\u001b[22m\u001b[39m\u001b[90m 118 |\u001b[39m         expect(logger\u001b[33m.\u001b[39merror)\u001b[33m.\u001b[39mtoHaveBeenCalledWith(\n     \u001b[90m     |\u001b[39m                              \u001b[31m\u001b[1m^\u001b[22m\u001b[39m\n     \u001b[90m 119 |\u001b[39m           \u001b[32m'Invalid token detected'\u001b[39m\u001b[33m,\u001b[39m\n     \u001b[90m 120 |\u001b[39m           expect\u001b[33m.\u001b[39many(\u001b[33mError\u001b[39m)\u001b[33m,\u001b[39m\n     \u001b[90m 121 |\u001b[39m           expect\u001b[33m.\u001b[39mobjectContaining({\u001b[0m\n\n      at toHaveBeenCalledWith (__tests__/auth/auth-session-detection.test.tsx:118:30)\n      at runWithExpensiveErrorDiagnosticsDisabled (node_modules/@testing-library/dom/dist/config.js:47:12)\n      at checkCallback (node_modules/@testing-library/dom/dist/wait-for.js:124:77)\n      at checkRealTimersCallback (node_modules/@testing-library/dom/dist/wait-for.js:118:16)\n      at Timeout.task [as _onTimeout] (node_modules/jsdom/lib/jsdom/browser/Window.js:579:19)\n\n  \u25cf Auth Session Detection \u203a Session Expiry Detection \u203a should validate token expiry on every check\n\n    TypeError: Date.now.getMockReturnValue is not a function\n\n    \u001b[0m \u001b[90m 84 |\u001b[39m\n     \u001b[90m 85 |\u001b[39m   \u001b[36mconst\u001b[39m advanceTimeBy \u001b[33m=\u001b[39m (milliseconds\u001b[33m:\u001b[39m number) \u001b[33m=>\u001b[39m {\n    \u001b[31m\u001b[1m>\u001b[22m\u001b[39m\u001b[90m 86 |\u001b[39m     \u001b[36mconst\u001b[39m currentTime \u001b[33m=\u001b[39m (\u001b[33mDate\u001b[39m\u001b[33m.\u001b[39mnow \u001b[36mas\u001b[39m jest\u001b[33m.\u001b[39m\u001b[33mMock\u001b[39m)\u001b[33m.\u001b[39mgetMockReturnValue() \u001b[33m||\u001b[39m \u001b[35m0\u001b[39m\u001b[33m;\u001b[39m\n     \u001b[90m    |\u001b[39m                                                 \u001b[31m\u001b[1m^\u001b[22m\u001b[39m\n     \u001b[90m 87 |\u001b[39m     (\u001b[33mDate\u001b[39m\u001b[33m.\u001b[39mnow \u001b[36mas\u001b[39m jest\u001b[33m.\u001b[39m\u001b[33mMock\u001b[39m)\u001b[33m.\u001b[39mmockReturnValue(currentTime \u001b[33m+\u001b[39m milliseconds)\u001b[33m;\u001b[39m\n     \u001b[90m 88 |\u001b[39m     jest\u001b[33m.\u001b[39madvanceTimersByTime(milliseconds)\u001b[33m;\u001b[39m\n     \u001b[90m 89 |\u001b[39m   }\u001b[33m;\u001b[39m\u001b[0m\n\n      at getMockReturnValue (__tests__/auth/auth-session-detection.test.tsx:86:49)\n      at advanceTimeBy (__tests__/auth/auth-session-detection.test.tsx:138:9)\n      at node_modules/@testing-library/react/dist/act-compat.js:48:24\n      at process.env.NODE_ENV.exports.act (node_modules/react/cjs/react.development.js:790:22)\n      at node_modules/@testing-library/react/dist/act-compat.js:47:25\n      at Object.<anonymous> (__tests__/auth/auth-session-detection.test.tsx:137:16)\n\n  \u25cf Auth Session Detection \u203a Session Expiry Detection \u203a should start session timeout monitoring after login\n\n    expect(jest.fn()).toHaveBeenCalled()\n\n    Expected number of calls: >= 1\n    Received number of calls:    0\n\n    Ignored nodes: comments, script, style\n    \u001b[36m<html>\u001b[39m\n      \u001b[36m<head />\u001b[39m\n      \u001b[36m<body>\u001b[39m\n        \u001b[36m<div>\u001b[39m\n          \u001b[36m<div\u001b[39m\n            \u001b[33mdata-testid\u001b[39m=\u001b[32m\"app-content\"\u001b[39m\n          \u001b[36m>\u001b[39m\n            \u001b[0mTest App\u001b[0m\n          \u001b[36m</div>\u001b[39m\n        \u001b[36m</div>\u001b[39m\n      \u001b[36m</body>\u001b[39m\n    \u001b[36m</html>\u001b[39m\n\n    \u001b[0m \u001b[90m 154 |\u001b[39m       \u001b[36mawait\u001b[39m waitFor(() \u001b[33m=>\u001b[39m {\n     \u001b[90m 155 |\u001b[39m         expect(screen\u001b[33m.\u001b[39mgetByTestId(\u001b[32m'app-content'\u001b[39m))\u001b[33m.\u001b[39mtoBeInTheDocument()\u001b[33m;\u001b[39m\n    \u001b[31m\u001b[1m>\u001b[22m\u001b[39m\u001b[90m 156 |\u001b[39m         expect(mockAuthStore\u001b[33m.\u001b[39mlogin)\u001b[33m.\u001b[39mtoHaveBeenCalled()\u001b[33m;\u001b[39m\n     \u001b[90m     |\u001b[39m                                     \u001b[31m\u001b[1m^\u001b[22m\u001b[39m\n     \u001b[90m 157 |\u001b[39m       })\u001b[33m;\u001b[39m\n     \u001b[90m 158 |\u001b[39m     })\u001b[33m;\u001b[39m\n     \u001b[90m 159 |\u001b[39m   })\u001b[33m;\u001b[39m\u001b[0m\n\n      at toHaveBeenCalled (__tests__/auth/auth-session-detection.test.tsx:156:37)\n      at runWithExpensiveErrorDiagnosticsDisabled (node_modules/@testing-library/dom/dist/config.js:47:12)\n      at checkCallback (node_modules/@testing-library/dom/dist/wait-for.js:124:77)\n      at node_modules/@testing-library/dom/dist/wait-for.js:82:9\n\n  \u25cf Auth Session Detection \u203a Session Warning System \u203a should warn user before session expires\n\n    TypeError: Date.now.getMockReturnValue is not a function\n\n    \u001b[0m \u001b[90m 84 |\u001b[39m\n     \u001b[90m 85 |\u001b[39m   \u001b[36mconst\u001b[39m advanceTimeBy \u001b[33m=\u001b[39m (milliseconds\u001b[33m:\u001b[39m number) \u001b[33m=>\u001b[39m {\n    \u001b[31m\u001b[1m>\u001b[22m\u001b[39m\u001b[90m 86 |\u001b[39m     \u001b[36mconst\u001b[39m currentTime \u001b[33m=\u001b[39m (\u001b[33mDate\u001b[39m\u001b[33m.\u001b[39mnow \u001b[36mas\u001b[39m jest\u001b[33m.\u001b[39m\u001b[33mMock\u001b[39m)\u001b[33m.\u001b[39mgetMockReturnValue() \u001b[33m||\u001b[39m \u001b[35m0\u001b[39m\u001b[33m;\u001b[39m\n     \u001b[90m    |\u001b[39m                                                 \u001b[31m\u001b[1m^\u001b[22m\u001b[39m\n     \u001b[90m 87 |\u001b[39m     (\u001b[33mDate\u001b[39m\u001b[33m.\u001b[39mnow \u001b[36mas\u001b[39m jest\u001b[33m.\u001b[39m\u001b[33mMock\u001b[39m)\u001b[33m.\u001b[39mmockReturnValue(currentTime \u001b[33m+\u001b[39m milliseconds)\u001b[33m;\u001b[39m\n     \u001b[90m 88 |\u001b[39m     jest\u001b[33m.\u001b[39madvanceTimersByTime(milliseconds)\u001b[33m;\u001b[39m\n     \u001b[90m 89 |\u001b[39m   }\u001b[33m;\u001b[39m\u001b[0m\n\n      at getMockReturnValue (__tests__/auth/auth-session-detection.test.tsx:86:49)\n      at advanceTimeBy (__tests__/auth/auth-session-detection.test.tsx:172:9)\n      at node_modules/@testing-library/react/dist/act-compat.js:48:24\n      at process.env.NODE_ENV.exports.act (node_modules/react/cjs/react.development.js:790:22)\n      at node_modules/@testing-library/react/dist/act-compat.js:47:25\n      at Object.<anonymous> (__tests__/auth/auth-session-detection.test.tsx:171:16)\n\n  \u25cf Auth Session Detection \u203a Session Warning System \u203a should provide session extension option\n\n    TypeError: Date.now.getMockReturnValue is not a function\n\n    \u001b[0m \u001b[90m 84 |\u001b[39m\n     \u001b[90m 85 |\u001b[39m   \u001b[36mconst\u001b[39m advanceTimeBy \u001b[33m=\u001b[39m (milliseconds\u001b[33m:\u001b[39m number) \u001b[33m=>\u001b[39m {\n    \u001b[31m\u001b[1m>\u001b[22m\u001b[39m\u001b[90m 86 |\u001b[39m     \u001b[36mconst\u001b[39m currentTime \u001b[33m=\u001b[39m (\u001b[33mDate\u001b[39m\u001b[33m.\u001b[39mnow \u001b[36mas\u001b[39m jest\u001b[33m.\u001b[39m\u001b[33mMock\u001b[39m)\u001b[33m.\u001b[39mgetMockReturnValue() \u001b[33m||\u001b[39m \u001b[35m0\u001b[39m\u001b[33m;\u001b[39m\n     \u001b[90m    |\u001b[39m                                                 \u001b[31m\u001b[1m^\u001b[22m\u001b[39m\n     \u001b[90m 87 |\u001b[39m     (\u001b[33mDate\u001b[39m\u001b[33m.\u001b[39mnow \u001b[36mas\u001b[39m jest\u001b[33m.\u001b[39m\u001b[33mMock\u001b[39m)\u001b[33m.\u001b[39mmockReturnValue(currentTime \u001b[33m+\u001b[39m milliseconds)\u001b[33m;\u001b[39m\n     \u001b[90m 88 |\u001b[39m     jest\u001b[33m.\u001b[39madvanceTimersByTime(milliseconds)\u001b[33m;\u001b[39m\n     \u001b[90m 89 |\u001b[39m   }\u001b[33m;\u001b[39m\u001b[0m\n\n      at getMockReturnValue (__tests__/auth/auth-session-detection.test.tsx:86:49)\n      at advanceTimeBy (__tests__/auth/auth-session-detection.test.tsx:192:9)\n      at node_modules/@testing-library/react/dist/act-compat.js:48:24\n      at process.env.NODE_ENV.exports.act (node_modules/react/cjs/react.development.js:790:22)\n      at node_modules/@testing-library/react/dist/act-compat.js:47:25\n      at Object.<anonymous> (__tests__/auth/auth-session-detection.test.tsx:190:16)\n\n  \u25cf Auth Session Detection \u203a Session Warning System \u203a should handle session extension failures\n\n    TypeError: Date.now.getMockReturnValue is not a function\n\n    \u001b[0m \u001b[90m 84 |\u001b[39m\n     \u001b[90m 85 |\u001b[39m   \u001b[36mconst\u001b[39m advanceTimeBy \u001b[33m=\u001b[39m (milliseconds\u001b[33m:\u001b[39m number) \u001b[33m=>\u001b[39m {\n    \u001b[31m\u001b[1m>\u001b[22m\u001b[39m\u001b[90m 86 |\u001b[39m     \u001b[36mconst\u001b[39m currentTime \u001b[33m=\u001b[39m (\u001b[33mDate\u001b[39m\u001b[33m.\u001b[39mnow \u001b[36mas\u001b[39m jest\u001b[33m.\u001b[39m\u001b[33mMock\u001b[39m)\u001b[33m.\u001b[39mgetMockReturnValue() \u001b[33m||\u001b[39m \u001b[35m0\u001b[39m\u001b[33m;\u001b[39m\n     \u001b[90m    |\u001b[39m                                                 \u001b[31m\u001b[1m^\u001b[22m\u001b[39m\n     \u001b[90m 87 |\u001b[39m     (\u001b[33mDate\u001b[39m\u001b[33m.\u001b[39mnow \u001b[36mas\u001b[39m jest\u001b[33m.\u001b[39m\u001b[33mMock\u001b[39m)\u001b[33m.\u001b[39mmockReturnValue(currentTime \u001b[33m+\u001b[39m milliseconds)\u001b[33m;\u001b[39m\n     \u001b[90m 88 |\u001b[39m     jest\u001b[33m.\u001b[39madvanceTimersByTime(milliseconds)\u001b[33m;\u001b[39m\n     \u001b[90m 89 |\u001b[39m   }\u001b[33m;\u001b[39m\u001b[0m\n\n      at getMockReturnValue (__tests__/auth/auth-session-detection.test.tsx:86:49)\n      at advanceTimeBy (__tests__/auth/auth-session-detection.test.tsx:211:9)\n      at node_modules/@testing-library/react/dist/act-compat.js:48:24\n      at process.env.NODE_ENV.exports.act (node_modules/react/cjs/react.development.js:790:22)\n      at node_modules/@testing-library/react/dist/act-compat.js:47:25\n      at Object.<anonymous> (__tests__/auth/auth-session-detection.test.tsx:209:16)\n\n  \u25cf Auth Session Detection \u203a Session Warning System \u203a should count down remaining session time\n\n    TypeError: Date.now.getMockReturnValue is not a function\n\n    \u001b[0m \u001b[90m 84 |\u001b[39m\n     \u001b[90m 85 |\u001b[39m   \u001b[36mconst\u001b[39m advanceTimeBy \u001b[33m=\u001b[39m (milliseconds\u001b[33m:\u001b[39m number) \u001b[33m=>\u001b[39m {\n    \u001b[31m\u001b[1m>\u001b[22m\u001b[39m\u001b[90m 86 |\u001b[39m     \u001b[36mconst\u001b[39m currentTime \u001b[33m=\u001b[39m (\u001b[33mDate\u001b[39m\u001b[33m.\u001b[39mnow \u001b[36mas\u001b[39m jest\u001b[33m.\u001b[39m\u001b[33mMock\u001b[39m)\u001b[33m.\u001b[39mgetMockReturnValue() \u001b[33m||\u001b[39m \u001b[35m0\u001b[39m\u001b[33m;\u001b[39m\n     \u001b[90m    |\u001b[39m                                                 \u001b[31m\u001b[1m^\u001b[22m\u001b[39m\n     \u001b[90m 87 |\u001b[39m     (\u001b[33mDate\u001b[39m\u001b[33m.\u001b[39mnow \u001b[36mas\u001b[39m jest\u001b[33m.\u001b[39m\u001b[33mMock\u001b[39m)\u001b[33m.\u001b[39mmockReturnValue(currentTime \u001b[33m+\u001b[39m milliseconds)\u001b[33m;\u001b[39m\n     \u001b[90m 88 |\u001b[39m     jest\u001b[33m.\u001b[39madvanceTimersByTime(milliseconds)\u001b[33m;\u001b[39m\n     \u001b[90m 89 |\u001b[39m   }\u001b[33m;\u001b[39m\u001b[0m\n\n      at getMockReturnValue (__tests__/auth/auth-session-detection.test.tsx:86:49)\n      at advanceTimeBy (__tests__/auth/auth-session-detection.test.tsx:229:9)\n      at node_modules/@testing-library/react/dist/act-compat.js:48:24\n      at process.env.NODE_ENV.exports.act (node_modules/react/cjs/react.development.js:790:22)\n      at node_modules/@testing-library/react/dist/act-compat.js:47:25\n      at Object.<anonymous> (__tests__/auth/auth-session-detection.test.tsx:227:16)\n\n  \u25cf Auth Session Detection \u203a Edge Cases and Error Handling \u203a should handle system clock changes gracefully\n\n    TypeError: Date.now.mockReturnValue is not a function\n\n    \u001b[0m \u001b[90m 247 |\u001b[39m       \u001b[36mawait\u001b[39m act(\u001b[36masync\u001b[39m () \u001b[33m=>\u001b[39m {\n     \u001b[90m 248 |\u001b[39m         renderWithSession()\u001b[33m;\u001b[39m\n    \u001b[31m\u001b[1m>\u001b[22m\u001b[39m\u001b[90m 249 |\u001b[39m         (\u001b[33mDate\u001b[39m\u001b[33m.\u001b[39mnow \u001b[36mas\u001b[39m jest\u001b[33m.\u001b[39m\u001b[33mMock\u001b[39m)\u001b[33m.\u001b[39mmockReturnValue(\u001b[33mDate\u001b[39m\u001b[33m.\u001b[39mnow() \u001b[33m-\u001b[39m (\u001b[35m24\u001b[39m \u001b[33m*\u001b[39m \u001b[35m60\u001b[39m \u001b[33m*\u001b[39m \u001b[35m60\u001b[39m \u001b[33m*\u001b[39m \u001b[35m1000\u001b[39m))\u001b[33m;\u001b[39m\n     \u001b[90m     |\u001b[39m                                 \u001b[31m\u001b[1m^\u001b[22m\u001b[39m\n     \u001b[90m 250 |\u001b[39m         advanceTimeBy(\u001b[35m1000\u001b[39m)\u001b[33m;\u001b[39m\n     \u001b[90m 251 |\u001b[39m       })\u001b[33m;\u001b[39m\n     \u001b[90m 252 |\u001b[39m\u001b[0m\n\n      at mockReturnValue (__tests__/auth/auth-session-detection.test.tsx:249:33)\n      at node_modules/@testing-library/react/dist/act-compat.js:48:24\n      at process.env.NODE_ENV.exports.act (node_modules/react/cjs/react.development.js:790:22)\n      at node_modules/@testing-library/react/dist/act-compat.js:47:25\n      at Object.<anonymous> (__tests__/auth/auth-session-detection.test.tsx:247:16)\n\n  \u25cf Auth Session Detection \u203a Edge Cases and Error Handling \u203a should handle network failures during session validation\n\n    TypeError: Date.now.getMockReturnValue is not a function\n\n    \u001b[0m \u001b[90m 84 |\u001b[39m\n     \u001b[90m 85 |\u001b[39m   \u001b[36mconst\u001b[39m advanceTimeBy \u001b[33m=\u001b[39m (milliseconds\u001b[33m:\u001b[39m number) \u001b[33m=>\u001b[39m {\n    \u001b[31m\u001b[1m>\u001b[22m\u001b[39m\u001b[90m 86 |\u001b[39m     \u001b[36mconst\u001b[39m currentTime \u001b[33m=\u001b[39m (\u001b[33mDate\u001b[39m\u001b[33m.\u001b[39mnow \u001b[36mas\u001b[39m jest\u001b[33m.\u001b[39m\u001b[33mMock\u001b[39m)\u001b[33m.\u001b[39mgetMockReturnValue() \u001b[33m||\u001b[39m \u001b[35m0\u001b[39m\u001b[33m;\u001b[39m\n     \u001b[90m    |\u001b[39m                                                 \u001b[31m\u001b[1m^\u001b[22m\u001b[39m\n     \u001b[90m 87 |\u001b[39m     (\u001b[33mDate\u001b[39m\u001b[33m.\u001b[39mnow \u001b[36mas\u001b[39m jest\u001b[33m.\u001b[39m\u001b[33mMock\u001b[39m)\u001b[33m.\u001b[39mmockReturnValue(currentTime \u001b[33m+\u001b[39m milliseconds)\u001b[33m;\u001b[39m\n     \u001b[90m 88 |\u001b[39m     jest\u001b[33m.\u001b[39madvanceTimersByTime(milliseconds)\u001b[33m;\u001b[39m\n     \u001b[90m 89 |\u001b[39m   }\u001b[33m;\u001b[39m\u001b[0m\n\n      at getMockReturnValue (__tests__/auth/auth-session-detection.test.tsx:86:49)\n      at advanceTimeBy (__tests__/auth/auth-session-detection.test.tsx:272:9)\n      at node_modules/@testing-library/react/dist/act-compat.js:48:24\n      at process.env.NODE_ENV.exports.act (node_modules/react/cjs/react.development.js:790:22)\n      at node_modules/@testing-library/react/dist/act-compat.js:47:25\n      at Object.<anonymous> (__tests__/auth/auth-session-detection.test.tsx:270:16)\n\n  \u25cf Auth Session Detection \u203a Edge Cases and Error Handling \u203a should handle missing token expiry gracefully\n\n    expect(jest.fn()).toHaveBeenCalledWith(...expected)\n\n    Expected: StringMatching /missing.*expiry/i, Any<Object>\n\n    Number of calls: 0\n\n    Ignored nodes: comments, script, style\n    \u001b[36m<html>\u001b[39m\n      \u001b[36m<head />\u001b[39m\n      \u001b[36m<body>\u001b[39m\n        \u001b[36m<div>\u001b[39m\n          \u001b[36m<div\u001b[39m\n            \u001b[33mdata-testid\u001b[39m=\u001b[32m\"app-content\"\u001b[39m\n          \u001b[36m>\u001b[39m\n            \u001b[0mTest App\u001b[0m\n          \u001b[36m</div>\u001b[39m\n        \u001b[36m</div>\u001b[39m\n      \u001b[36m</body>\u001b[39m\n    \u001b[36m</html>\u001b[39m\n\n    \u001b[0m \u001b[90m 293 |\u001b[39m\n     \u001b[90m 294 |\u001b[39m       \u001b[36mawait\u001b[39m waitFor(() \u001b[33m=>\u001b[39m {\n    \u001b[31m\u001b[1m>\u001b[22m\u001b[39m\u001b[90m 295 |\u001b[39m         expect(logger\u001b[33m.\u001b[39mwarn)\u001b[33m.\u001b[39mtoHaveBeenCalledWith(\n     \u001b[90m     |\u001b[39m                             \u001b[31m\u001b[1m^\u001b[22m\u001b[39m\n     \u001b[90m 296 |\u001b[39m           expect\u001b[33m.\u001b[39mstringMatching(\u001b[35m/missing.*expiry/i\u001b[39m)\u001b[33m,\u001b[39m\n     \u001b[90m 297 |\u001b[39m           expect\u001b[33m.\u001b[39many(\u001b[33mObject\u001b[39m)\n     \u001b[90m 298 |\u001b[39m         )\u001b[33m;\u001b[39m\u001b[0m\n\n      at toHaveBeenCalledWith (__tests__/auth/auth-session-detection.test.tsx:295:29)\n      at runWithExpensiveErrorDiagnosticsDisabled (node_modules/@testing-library/dom/dist/config.js:47:12)\n      at checkCallback (node_modules/@testing-library/dom/dist/wait-for.js:124:77)\n      at node_modules/@testing-library/dom/dist/wait-for.js:82:9\n\n  \u25cf Auth Session Detection \u203a Edge Cases and Error Handling \u203a should handle browser tab visibility changes\n\n    TypeError: Date.now.getMockReturnValue is not a function\n\n    \u001b[0m \u001b[90m 84 |\u001b[39m\n     \u001b[90m 85 |\u001b[39m   \u001b[36mconst\u001b[39m advanceTimeBy \u001b[33m=\u001b[39m (milliseconds\u001b[33m:\u001b[39m number) \u001b[33m=>\u001b[39m {\n    \u001b[31m\u001b[1m>\u001b[22m\u001b[39m\u001b[90m 86 |\u001b[39m     \u001b[36mconst\u001b[39m currentTime \u001b[33m=\u001b[39m (\u001b[33mDate\u001b[39m\u001b[33m.\u001b[39mnow \u001b[36mas\u001b[39m jest\u001b[33m.\u001b[39m\u001b[33mMock\u001b[39m)\u001b[33m.\u001b[39mgetMockReturnValue() \u001b[33m||\u001b[39m \u001b[35m0\u001b[39m\u001b[33m;\u001b[39m\n     \u001b[90m    |\u001b[39m                                                 \u001b[31m\u001b[1m^\u001b[22m\u001b[39m\n     \u001b[90m 87 |\u001b[39m     (\u001b[33mDate\u001b[39m\u001b[33m.\u001b[39mnow \u001b[36mas\u001b[39m jest\u001b[33m.\u001b[39m\u001b[33mMock\u001b[39m)\u001b[33m.\u001b[39mmockReturnValue(currentTime \u001b[33m+\u001b[39m milliseconds)\u001b[33m;\u001b[39m\n     \u001b[90m 88 |\u001b[39m     jest\u001b[33m.\u001b[39madvanceTimersByTime(milliseconds)\u001b[33m;\u001b[39m\n     \u001b[90m 89 |\u001b[39m   }\u001b[33m;\u001b[39m\u001b[0m\n\n      at getMockReturnValue (__tests__/auth/auth-session-detection.test.tsx:86:49)\n      at advanceTimeBy (__tests__/auth/auth-session-detection.test.tsx:315:9)\n      at node_modules/@testing-library/react/dist/act-compat.js:48:24\n      at process.env.NODE_ENV.exports.act (node_modules/react/cjs/react.development.js:790:22)\n      at node_modules/@testing-library/react/dist/act-compat.js:47:25\n      at Object.<anonymous> (__tests__/auth/auth-session-detection.test.tsx:314:16)\n\nSummary of all failing tests\nFAIL __tests__/auth/auth-session-detection.test.tsx (5.366 s)\n  \u25cf Auth Session Detection \u203a Session Expiry Detection \u203a should detect expired token on initialization\n\n    expect(jest.fn()).toHaveBeenCalled()\n\n    Expected number of calls: >= 1\n    Received number of calls:    0\n\n    Ignored nodes: comments, script, style\n    \u001b[36m<html>\u001b[39m\n      \u001b[36m<head />\u001b[39m\n      \u001b[36m<body>\u001b[39m\n        \u001b[36m<div>\u001b[39m\n          \u001b[36m<div\u001b[39m\n            \u001b[33mdata-testid\u001b[39m=\u001b[32m\"app-content\"\u001b[39m\n          \u001b[36m>\u001b[39m\n            \u001b[0mTest App\u001b[0m\n          \u001b[36m</div>\u001b[39m\n        \u001b[36m</div>\u001b[39m\n      \u001b[36m</body>\u001b[39m\n    \u001b[36m</html>\u001b[39m\n\n    \u001b[0m \u001b[90m  99 |\u001b[39m\n     \u001b[90m 100 |\u001b[39m       \u001b[36mawait\u001b[39m waitFor(() \u001b[33m=>\u001b[39m {\n    \u001b[31m\u001b[1m>\u001b[22m\u001b[39m\u001b[90m 101 |\u001b[39m         expect(authService\u001b[33m.\u001b[39mremoveToken)\u001b[33m.\u001b[39mtoHaveBeenCalled()\u001b[33m;\u001b[39m\n     \u001b[90m     |\u001b[39m                                         \u001b[31m\u001b[1m^\u001b[22m\u001b[39m\n     \u001b[90m 102 |\u001b[39m         expect(mockAuthStore\u001b[33m.\u001b[39mlogout)\u001b[33m.\u001b[39mtoHaveBeenCalled()\u001b[33m;\u001b[39m\n     \u001b[90m 103 |\u001b[39m       })\u001b[33m;\u001b[39m\n     \u001b[90m 104 |\u001b[39m     })\u001b[33m;\u001b[39m\u001b[0m\n\n      at toHaveBeenCalled (__tests__/auth/auth-session-detection.test.tsx:101:41)\n      at runWithExpensiveErrorDiagnosticsDisabled (node_modules/@testing-library/dom/dist/config.js:47:12)\n      at checkCallback (node_modules/@testing-library/dom/dist/wait-for.js:124:77)\n      at checkRealTimersCallback (node_modules/@testing-library/dom/dist/wait-for.js:118:16)\n      at Timeout.task [as _onTimeout] (node_modules/jsdom/lib/jsdom/browser/Window.js:579:19)\n\n  \u25cf Auth Session Detection \u203a Session Expiry Detection \u203a should handle invalid expiry dates gracefully\n\n    expect(jest.fn()).toHaveBeenCalledWith(...expected)\n\n    Expected: \"Invalid token detected\", Any<Error>, ObjectContaining {\"component\": \"AuthContext\"}\n\n    Number of calls: 0\n\n    Ignored nodes: comments, script, style\n    \u001b[36m<html>\u001b[39m\n      \u001b[36m<head />\u001b[39m\n      \u001b[36m<body>\u001b[39m\n        \u001b[36m<div>\u001b[39m\n          \u001b[36m<div\u001b[39m\n            \u001b[33mdata-testid\u001b[39m=\u001b[32m\"app-content\"\u001b[39m\n          \u001b[36m>\u001b[39m\n            \u001b[0mTest App\u001b[0m\n          \u001b[36m</div>\u001b[39m\n        \u001b[36m</div>\u001b[39m\n      \u001b[36m</body>\u001b[39m\n    \u001b[36m</html>\u001b[39m\n\n    \u001b[0m \u001b[90m 116 |\u001b[39m\n     \u001b[90m 117 |\u001b[39m       \u001b[36mawait\u001b[39m waitFor(() \u001b[33m=>\u001b[39m {\n    \u001b[31m\u001b[1m>\u001b[22m\u001b[39m\u001b[90m 118 |\u001b[39m         expect(logger\u001b[33m.\u001b[39merror)\u001b[33m.\u001b[39mtoHaveBeenCalledWith(\n     \u001b[90m     |\u001b[39m                              \u001b[31m\u001b[1m^\u001b[22m\u001b[39m\n     \u001b[90m 119 |\u001b[39m           \u001b[32m'Invalid token detected'\u001b[39m\u001b[33m,\u001b[39m\n     \u001b[90m 120 |\u001b[39m           expect\u001b[33m.\u001b[39many(\u001b[33mError\u001b[39m)\u001b[33m,\u001b[39m\n     \u001b[90m 121 |\u001b[39m           expect\u001b[33m.\u001b[39mobjectContaining({\u001b[0m\n\n      at toHaveBeenCalledWith (__tests__/auth/auth-session-detection.test.tsx:118:30)\n      at runWithExpensiveErrorDiagnosticsDisabled (node_modules/@testing-library/dom/dist/config.js:47:12)\n      at checkCallback (node_modules/@testing-library/dom/dist/wait-for.js:124:77)\n      at checkRealTimersCallback (node_modules/@testing-library/dom/dist/wait-for.js:118:16)\n      at Timeout.task [as _onTimeout] (node_modules/jsdom/lib/jsdom/browser/Window.js:579:19)\n\n  \u25cf Auth Session Detection \u203a Session Expiry Detection \u203a should validate token expiry on every check\n\n    TypeError: Date.now.getMockReturnValue is not a function\n\n    \u001b[0m \u001b[90m 84 |\u001b[39m\n     \u001b[90m 85 |\u001b[39m   \u001b[36mconst\u001b[39m advanceTimeBy \u001b[33m=\u001b[39m (milliseconds\u001b[33m:\u001b[39m number) \u001b[33m=>\u001b[39m {\n    \u001b[31m\u001b[1m>\u001b[22m\u001b[39m\u001b[90m 86 |\u001b[39m     \u001b[36mconst\u001b[39m currentTime \u001b[33m=\u001b[39m (\u001b[33mDate\u001b[39m\u001b[33m.\u001b[39mnow \u001b[36mas\u001b[39m jest\u001b[33m.\u001b[39m\u001b[33mMock\u001b[39m)\u001b[33m.\u001b[39mgetMockReturnValue() \u001b[33m||\u001b[39m \u001b[35m0\u001b[39m\u001b[33m;\u001b[39m\n     \u001b[90m    |\u001b[39m                                                 \u001b[31m\u001b[1m^\u001b[22m\u001b[39m\n     \u001b[90m 87 |\u001b[39m     (\u001b[33mDate\u001b[39m\u001b[33m.\u001b[39mnow \u001b[36mas\u001b[39m jest\u001b[33m.\u001b[39m\u001b[33mMock\u001b[39m)\u001b[33m.\u001b[39mmockReturnValue(currentTime \u001b[33m+\u001b[39m milliseconds)\u001b[33m;\u001b[39m\n     \u001b[90m 88 |\u001b[39m     jest\u001b[33m.\u001b[39madvanceTimersByTime(milliseconds)\u001b[33m;\u001b[39m\n     \u001b[90m 89 |\u001b[39m   }\u001b[33m;\u001b[39m\u001b[0m\n\n      at getMockReturnValue (__tests__/auth/auth-session-detection.test.tsx:86:49)\n      at advanceTimeBy (__tests__/auth/auth-session-detection.test.tsx:138:9)\n      at node_modules/@testing-library/react/dist/act-compat.js:48:24\n      at process.env.NODE_ENV.exports.act (node_modules/react/cjs/react.development.js:790:22)\n      at node_modules/@testing-library/react/dist/act-compat.js:47:25\n      at Object.<anonymous> (__tests__/auth/auth-session-detection.test.tsx:137:16)\n\n  \u25cf Auth Session Detection \u203a Session Expiry Detection \u203a should start session timeout monitoring after login\n\n    expect(jest.fn()).toHaveBeenCalled()\n\n    Expected number of calls: >= 1\n    Received number of calls:    0\n\n    Ignored nodes: comments, script, style\n    \u001b[36m<html>\u001b[39m\n      \u001b[36m<head />\u001b[39m\n      \u001b[36m<body>\u001b[39m\n        \u001b[36m<div>\u001b[39m\n          \u001b[36m<div\u001b[39m\n            \u001b[33mdata-testid\u001b[39m=\u001b[32m\"app-content\"\u001b[39m\n          \u001b[36m>\u001b[39m\n            \u001b[0mTest App\u001b[0m\n          \u001b[36m</div>\u001b[39m\n        \u001b[36m</div>\u001b[39m\n      \u001b[36m</body>\u001b[39m\n    \u001b[36m</html>\u001b[39m\n\n    \u001b[0m \u001b[90m 154 |\u001b[39m       \u001b[36mawait\u001b[39m waitFor(() \u001b[33m=>\u001b[39m {\n     \u001b[90m 155 |\u001b[39m         expect(screen\u001b[33m.\u001b[39mgetByTestId(\u001b[32m'app-content'\u001b[39m))\u001b[33m.\u001b[39mtoBeInTheDocument()\u001b[33m;\u001b[39m\n    \u001b[31m\u001b[1m>\u001b[22m\u001b[39m\u001b[90m 156 |\u001b[39m         expect(mockAuthStore\u001b[33m.\u001b[39mlogin)\u001b[33m.\u001b[39mtoHaveBeenCalled()\u001b[33m;\u001b[39m\n     \u001b[90m     |\u001b[39m                                     \u001b[31m\u001b[1m^\u001b[22m\u001b[39m\n     \u001b[90m 157 |\u001b[39m       })\u001b[33m;\u001b[39m\n     \u001b[90m 158 |\u001b[39m     })\u001b[33m;\u001b[39m\n     \u001b[90m 159 |\u001b[39m   })\u001b[33m;\u001b[39m\u001b[0m\n\n      at toHaveBeenCalled (__tests__/auth/auth-session-detection.test.tsx:156:37)\n      at runWithExpensiveErrorDiagnosticsDisabled (node_modules/@testing-library/dom/dist/config.js:47:12)\n      at checkCallback (node_modules/@testing-library/dom/dist/wait-for.js:124:77)\n      at node_modules/@testing-library/dom/dist/wait-for.js:82:9\n\n  \u25cf Auth Session Detection \u203a Session Warning System \u203a should warn user before session expires\n\n    TypeError: Date.now.getMockReturnValue is not a function\n\n    \u001b[0m \u001b[90m 84 |\u001b[39m\n     \u001b[90m 85 |\u001b[39m   \u001b[36mconst\u001b[39m advanceTimeBy \u001b[33m=\u001b[39m (milliseconds\u001b[33m:\u001b[39m number) \u001b[33m=>\u001b[39m {\n    \u001b[31m\u001b[1m>\u001b[22m\u001b[39m\u001b[90m 86 |\u001b[39m     \u001b[36mconst\u001b[39m currentTime \u001b[33m=\u001b[39m (\u001b[33mDate\u001b[39m\u001b[33m.\u001b[39mnow \u001b[36mas\u001b[39m jest\u001b[33m.\u001b[39m\u001b[33mMock\u001b[39m)\u001b[33m.\u001b[39mgetMockReturnValue() \u001b[33m||\u001b[39m \u001b[35m0\u001b[39m\u001b[33m;\u001b[39m\n     \u001b[90m    |\u001b[39m                                                 \u001b[31m\u001b[1m^\u001b[22m\u001b[39m\n     \u001b[90m 87 |\u001b[39m     (\u001b[33mDate\u001b[39m\u001b[33m.\u001b[39mnow \u001b[36mas\u001b[39m jest\u001b[33m.\u001b[39m\u001b[33mMock\u001b[39m)\u001b[33m.\u001b[39mmockReturnValue(currentTime \u001b[33m+\u001b[39m milliseconds)\u001b[33m;\u001b[39m\n     \u001b[90m 88 |\u001b[39m     jest\u001b[33m.\u001b[39madvanceTimersByTime(milliseconds)\u001b[33m;\u001b[39m\n     \u001b[90m 89 |\u001b[39m   }\u001b[33m;\u001b[39m\u001b[0m\n\n      at getMockReturnValue (__tests__/auth/auth-session-detection.test.tsx:86:49)\n      at advanceTimeBy (__tests__/auth/auth-session-detection.test.tsx:172:9)\n      at node_modules/@testing-library/react/dist/act-compat.js:48:24\n      at process.env.NODE_ENV.exports.act (node_modules/react/cjs/react.development.js:790:22)\n      at node_modules/@testing-library/react/dist/act-compat.js:47:25\n      at Object.<anonymous> (__tests__/auth/auth-session-detection.test.tsx:171:16)\n\n  \u25cf Auth Session Detection \u203a Session Warning System \u203a should provide session extension option\n\n    TypeError: Date.now.getMockReturnValue is not a function\n\n    \u001b[0m \u001b[90m 84 |\u001b[39m\n     \u001b[90m 85 |\u001b[39m   \u001b[36mconst\u001b[39m advanceTimeBy \u001b[33m=\u001b[39m (milliseconds\u001b[33m:\u001b[39m number) \u001b[33m=>\u001b[39m {\n    \u001b[31m\u001b[1m>\u001b[22m\u001b[39m\u001b[90m 86 |\u001b[39m     \u001b[36mconst\u001b[39m currentTime \u001b[33m=\u001b[39m (\u001b[33mDate\u001b[39m\u001b[33m.\u001b[39mnow \u001b[36mas\u001b[39m jest\u001b[33m.\u001b[39m\u001b[33mMock\u001b[39m)\u001b[33m.\u001b[39mgetMockReturnValue() \u001b[33m||\u001b[39m \u001b[35m0\u001b[39m\u001b[33m;\u001b[39m\n     \u001b[90m    |\u001b[39m                                                 \u001b[31m\u001b[1m^\u001b[22m\u001b[39m\n     \u001b[90m 87 |\u001b[39m     (\u001b[33mDate\u001b[39m\u001b[33m.\u001b[39mnow \u001b[36mas\u001b[39m jest\u001b[33m.\u001b[39m\u001b[33mMock\u001b[39m)\u001b[33m.\u001b[39mmockReturnValue(currentTime \u001b[33m+\u001b[39m milliseconds)\u001b[33m;\u001b[39m\n     \u001b[90m 88 |\u001b[39m     jest\u001b[33m.\u001b[39madvanceTimersByTime(milliseconds)\u001b[33m;\u001b[39m\n     \u001b[90m 89 |\u001b[39m   }\u001b[33m;\u001b[39m\u001b[0m\n\n      at getMockReturnValue (__tests__/auth/auth-session-detection.test.tsx:86:49)\n      at advanceTimeBy (__tests__/auth/auth-session-detection.test.tsx:192:9)\n      at node_modules/@testing-library/react/dist/act-compat.js:48:24\n      at process.env.NODE_ENV.exports.act (node_modules/react/cjs/react.development.js:790:22)\n      at node_modules/@testing-library/react/dist/act-compat.js:47:25\n      at Object.<anonymous> (__tests__/auth/auth-session-detection.test.tsx:190:16)\n\n  \u25cf Auth Session Detection \u203a Session Warning System \u203a should handle session extension failures\n\n    TypeError: Date.now.getMockReturnValue is not a function\n\n    \u001b[0m \u001b[90m 84 |\u001b[39m\n     \u001b[90m 85 |\u001b[39m   \u001b[36mconst\u001b[39m advanceTimeBy \u001b[33m=\u001b[39m (milliseconds\u001b[33m:\u001b[39m number) \u001b[33m=>\u001b[39m {\n    \u001b[31m\u001b[1m>\u001b[22m\u001b[39m\u001b[90m 86 |\u001b[39m     \u001b[36mconst\u001b[39m currentTime \u001b[33m=\u001b[39m (\u001b[33mDate\u001b[39m\u001b[33m.\u001b[39mnow \u001b[36mas\u001b[39m jest\u001b[33m.\u001b[39m\u001b[33mMock\u001b[39m)\u001b[33m.\u001b[39mgetMockReturnValue() \u001b[33m||\u001b[39m \u001b[35m0\u001b[39m\u001b[33m;\u001b[39m\n     \u001b[90m    |\u001b[39m                                                 \u001b[31m\u001b[1m^\u001b[22m\u001b[39m\n     \u001b[90m 87 |\u001b[39m     (\u001b[33mDate\u001b[39m\u001b[33m.\u001b[39mnow \u001b[36mas\u001b[39m jest\u001b[33m.\u001b[39m\u001b[33mMock\u001b[39m)\u001b[33m.\u001b[39mmockReturnValue(currentTime \u001b[33m+\u001b[39m milliseconds)\u001b[33m;\u001b[39m\n     \u001b[90m 88 |\u001b[39m     jest\u001b[33m.\u001b[39madvanceTimersByTime(milliseconds)\u001b[33m;\u001b[39m\n     \u001b[90m 89 |\u001b[39m   }\u001b[33m;\u001b[39m\u001b[0m\n\n      at getMockReturnValue (__tests__/auth/auth-session-detection.test.tsx:86:49)\n      at advanceTimeBy (__tests__/auth/auth-session-detection.test.tsx:211:9)\n      at node_modules/@testing-library/react/dist/act-compat.js:48:24\n      at process.env.NODE_ENV.exports.act (node_modules/react/cjs/react.development.js:790:22)\n      at node_modules/@testing-library/react/dist/act-compat.js:47:25\n      at Object.<anonymous> (__tests__/auth/auth-session-detection.test.tsx:209:16)\n\n  \u25cf Auth Session Detection \u203a Session Warning System \u203a should count down remaining session time\n\n    TypeError: Date.now.getMockReturnValue is not a function\n\n    \u001b[0m \u001b[90m 84 |\u001b[39m\n     \u001b[90m 85 |\u001b[39m   \u001b[36mconst\u001b[39m advanceTimeBy \u001b[33m=\u001b[39m (milliseconds\u001b[33m:\u001b[39m number) \u001b[33m=>\u001b[39m {\n    \u001b[31m\u001b[1m>\u001b[22m\u001b[39m\u001b[90m 86 |\u001b[39m     \u001b[36mconst\u001b[39m currentTime \u001b[33m=\u001b[39m (\u001b[33mDate\u001b[39m\u001b[33m.\u001b[39mnow \u001b[36mas\u001b[39m jest\u001b[33m.\u001b[39m\u001b[33mMock\u001b[39m)\u001b[33m.\u001b[39mgetMockReturnValue() \u001b[33m||\u001b[39m \u001b[35m0\u001b[39m\u001b[33m;\u001b[39m\n     \u001b[90m    |\u001b[39m                                                 \u001b[31m\u001b[1m^\u001b[22m\u001b[39m\n     \u001b[90m 87 |\u001b[39m     (\u001b[33mDate\u001b[39m\u001b[33m.\u001b[39mnow \u001b[36mas\u001b[39m jest\u001b[33m.\u001b[39m\u001b[33mMock\u001b[39m)\u001b[33m.\u001b[39mmockReturnValue(currentTime \u001b[33m+\u001b[39m milliseconds)\u001b[33m;\u001b[39m\n     \u001b[90m 88 |\u001b[39m     jest\u001b[33m.\u001b[39madvanceTimersByTime(milliseconds)\u001b[33m;\u001b[39m\n     \u001b[90m 89 |\u001b[39m   }\u001b[33m;\u001b[39m\u001b[0m\n\n      at getMockReturnValue (__tests__/auth/auth-session-detection.test.tsx:86:49)\n      at advanceTimeBy (__tests__/auth/auth-session-detection.test.tsx:229:9)\n      at node_modules/@testing-library/react/dist/act-compat.js:48:24\n      at process.env.NODE_ENV.exports.act (node_modules/react/cjs/react.development.js:790:22)\n      at node_modules/@testing-library/react/dist/act-compat.js:47:25\n      at Object.<anonymous> (__tests__/auth/auth-session-detection.test.tsx:227:16)\n\n  \u25cf Auth Session Detection \u203a Edge Cases and Error Handling \u203a should handle system clock changes gracefully\n\n    TypeError: Date.now.mockReturnValue is not a function\n\n    \u001b[0m \u001b[90m 247 |\u001b[39m       \u001b[36mawait\u001b[39m act(\u001b[36masync\u001b[39m () \u001b[33m=>\u001b[39m {\n     \u001b[90m 248 |\u001b[39m         renderWithSession()\u001b[33m;\u001b[39m\n    \u001b[31m\u001b[1m>\u001b[22m\u001b[39m\u001b[90m 249 |\u001b[39m         (\u001b[33mDate\u001b[39m\u001b[33m.\u001b[39mnow \u001b[36mas\u001b[39m jest\u001b[33m.\u001b[39m\u001b[33mMock\u001b[39m)\u001b[33m.\u001b[39mmockReturnValue(\u001b[33mDate\u001b[39m\u001b[33m.\u001b[39mnow() \u001b[33m-\u001b[39m (\u001b[35m24\u001b[39m \u001b[33m*\u001b[39m \u001b[35m60\u001b[39m \u001b[33m*\u001b[39m \u001b[35m60\u001b[39m \u001b[33m*\u001b[39m \u001b[35m1000\u001b[39m))\u001b[33m;\u001b[39m\n     \u001b[90m     |\u001b[39m                                 \u001b[31m\u001b[1m^\u001b[22m\u001b[39m\n     \u001b[90m 250 |\u001b[39m         advanceTimeBy(\u001b[35m1000\u001b[39m)\u001b[33m;\u001b[39m\n     \u001b[90m 251 |\u001b[39m       })\u001b[33m;\u001b[39m\n     \u001b[90m 252 |\u001b[39m\u001b[0m\n\n      at mockReturnValue (__tests__/auth/auth-session-detection.test.tsx:249:33)\n      at node_modules/@testing-library/react/dist/act-compat.js:48:24\n      at process.env.NODE_ENV.exports.act (node_modules/react/cjs/react.development.js:790:22)\n      at node_modules/@testing-library/react/dist/act-compat.js:47:25\n      at Object.<anonymous> (__tests__/auth/auth-session-detection.test.tsx:247:16)\n\n  \u25cf Auth Session Detection \u203a Edge Cases and Error Handling \u203a should handle network failures during session validation\n\n    TypeError: Date.now.getMockReturnValue is not a function\n\n    \u001b[0m \u001b[90m 84 |\u001b[39m\n     \u001b[90m 85 |\u001b[39m   \u001b[36mconst\u001b[39m advanceTimeBy \u001b[33m=\u001b[39m (milliseconds\u001b[33m:\u001b[39m number) \u001b[33m=>\u001b[39m {\n    \u001b[31m\u001b[1m>\u001b[22m\u001b[39m\u001b[90m 86 |\u001b[39m     \u001b[36mconst\u001b[39m currentTime \u001b[33m=\u001b[39m (\u001b[33mDate\u001b[39m\u001b[33m.\u001b[39mnow \u001b[36mas\u001b[39m jest\u001b[33m.\u001b[39m\u001b[33mMock\u001b[39m)\u001b[33m.\u001b[39mgetMockReturnValue() \u001b[33m||\u001b[39m \u001b[35m0\u001b[39m\u001b[33m;\u001b[39m\n     \u001b[90m    |\u001b[39m                                                 \u001b[31m\u001b[1m^\u001b[22m\u001b[39m\n     \u001b[90m 87 |\u001b[39m     (\u001b[33mDate\u001b[39m\u001b[33m.\u001b[39mnow \u001b[36mas\u001b[39m jest\u001b[33m.\u001b[39m\u001b[33mMock\u001b[39m)\u001b[33m.\u001b[39mmockReturnValue(currentTime \u001b[33m+\u001b[39m milliseconds)\u001b[33m;\u001b[39m\n     \u001b[90m 88 |\u001b[39m     jest\u001b[33m.\u001b[39madvanceTimersByTime(milliseconds)\u001b[33m;\u001b[39m\n     \u001b[90m 89 |\u001b[39m   }\u001b[33m;\u001b[39m\u001b[0m\n\n      at getMockReturnValue (__tests__/auth/auth-session-detection.test.tsx:86:49)\n      at advanceTimeBy (__tests__/auth/auth-session-detection.test.tsx:272:9)\n      at node_modules/@testing-library/react/dist/act-compat.js:48:24\n      at process.env.NODE_ENV.exports.act (node_modules/react/cjs/react.development.js:790:22)\n      at node_modules/@testing-library/react/dist/act-compat.js:47:25\n      at Object.<anonymous> (__tests__/auth/auth-session-detection.test.tsx:270:16)\n\n  \u25cf Auth Session Detection \u203a Edge Cases and Error Handling \u203a should handle missing token expiry gracefully\n\n    expect(jest.fn()).toHaveBeenCalledWith(...expected)\n\n    Expected: StringMatching /missing.*expiry/i, Any<Object>\n\n    Number of calls: 0\n\n    Ignored nodes: comments, script, style\n    \u001b[36m<html>\u001b[39m\n      \u001b[36m<head />\u001b[39m\n      \u001b[36m<body>\u001b[39m\n        \u001b[36m<div>\u001b[39m\n          \u001b[36m<div\u001b[39m\n            \u001b[33mdata-testid\u001b[39m=\u001b[32m\"app-content\"\u001b[39m\n          \u001b[36m>\u001b[39m\n            \u001b[0mTest App\u001b[0m\n          \u001b[36m</div>\u001b[39m\n        \u001b[36m</div>\u001b[39m\n      \u001b[36m</body>\u001b[39m\n    \u001b[36m</html>\u001b[39m\n\n    \u001b[0m \u001b[90m 293 |\u001b[39m\n     \u001b[90m 294 |\u001b[39m       \u001b[36mawait\u001b[39m waitFor(() \u001b[33m=>\u001b[39m {\n    \u001b[31m\u001b[1m>\u001b[22m\u001b[39m\u001b[90m 295 |\u001b[39m         expect(logger\u001b[33m.\u001b[39mwarn)\u001b[33m.\u001b[39mtoHaveBeenCalledWith(\n     \u001b[90m     |\u001b[39m                             \u001b[31m\u001b[1m^\u001b[22m\u001b[39m\n     \u001b[90m 296 |\u001b[39m           expect\u001b[33m.\u001b[39mstringMatching(\u001b[35m/missing.*expiry/i\u001b[39m)\u001b[33m,\u001b[39m\n     \u001b[90m 297 |\u001b[39m           expect\u001b[33m.\u001b[39many(\u001b[33mObject\u001b[39m)\n     \u001b[90m 298 |\u001b[39m         )\u001b[33m;\u001b[39m\u001b[0m\n\n      at toHaveBeenCalledWith (__tests__/auth/auth-session-detection.test.tsx:295:29)\n      at runWithExpensiveErrorDiagnosticsDisabled (node_modules/@testing-library/dom/dist/config.js:47:12)\n      at checkCallback (node_modules/@testing-library/dom/dist/wait-for.js:124:77)\n      at node_modules/@testing-library/dom/dist/wait-for.js:82:9\n\n  \u25cf Auth Session Detection \u203a Edge Cases and Error Handling \u203a should handle browser tab visibility changes\n\n    TypeError: Date.now.getMockReturnValue is not a function\n\n    \u001b[0m \u001b[90m 84 |\u001b[39m\n     \u001b[90m 85 |\u001b[39m   \u001b[36mconst\u001b[39m advanceTimeBy \u001b[33m=\u001b[39m (milliseconds\u001b[33m:\u001b[39m number) \u001b[33m=>\u001b[39m {\n    \u001b[31m\u001b[1m>\u001b[22m\u001b[39m\u001b[90m 86 |\u001b[39m     \u001b[36mconst\u001b[39m currentTime \u001b[33m=\u001b[39m (\u001b[33mDate\u001b[39m\u001b[33m.\u001b[39mnow \u001b[36mas\u001b[39m jest\u001b[33m.\u001b[39m\u001b[33mMock\u001b[39m)\u001b[33m.\u001b[39mgetMockReturnValue() \u001b[33m||\u001b[39m \u001b[35m0\u001b[39m\u001b[33m;\u001b[39m\n     \u001b[90m    |\u001b[39m                                                 \u001b[31m\u001b[1m^\u001b[22m\u001b[39m\n     \u001b[90m 87 |\u001b[39m     (\u001b[33mDate\u001b[39m\u001b[33m.\u001b[39mnow \u001b[36mas\u001b[39m jest\u001b[33m.\u001b[39m\u001b[33mMock\u001b[39m)\u001b[33m.\u001b[39mmockReturnValue(currentTime \u001b[33m+\u001b[39m milliseconds)\u001b[33m;\u001b[39m\n     \u001b[90m 88 |\u001b[39m     jest\u001b[33m.\u001b[39madvanceTimersByTime(milliseconds)\u001b[33m;\u001b[39m\n     \u001b[90m 89 |\u001b[39m   }\u001b[33m;\u001b[39m\u001b[0m\n\n      at getMockReturnValue (__tests__/auth/auth-session-detection.test.tsx:86:49)\n      at advanceTimeBy (__tests__/auth/auth-session-detection.test.tsx:315:9)\n      at node_modules/@testing-library/react/dist/act-compat.js:48:24\n      at process.env.NODE_ENV.exports.act (node_modules/react/cjs/react.development.js:790:22)\n      at node_modules/@testing-library/react/dist/act-compat.js:47:25\n      at Object.<anonymous> (__tests__/auth/auth-session-detection.test.tsx:314:16)\n\n\nTest Suites: 1 failed, 1 of 163 total\nTests:       12 failed, 12 total\nSnapshots:   0 total\nTime:        11.766 s, estimated 95 s\nRan all test suites.\n"
    },
    "dev_launcher": {
      "success": false,
      "duration": 31.021573543548584,
      "output": "============================= test session starts =============================\nplatform win32 -- Python 3.12.4, pytest-8.4.1, pluggy-1.6.0\nrootdir: C:\\Users\\antho\\OneDrive\\Desktop\\Netra\\netra-core-generation-1\nconfigfile: pytest.ini\nplugins: anyio-4.9.0, Faker-37.5.3, langsmith-0.4.15, asyncio-1.1.0, cov-6.2.1, mock-3.14.1, xdist-3.8.0, html-4.1.1, json-report-1.5.0, metadata-3.1.1, timeout-2.4.0, typeguard-4.4.4\nasyncio: mode=Mode.AUTO, asyncio_default_fixture_loop_scope=function, asyncio_default_test_loop_scope=function\ncollected 22 items\n\ntests\\e2e\\test_dev_launcher_real_startup.py F\n\n================================== FAILURES ===================================\n_____ TestDevLauncherRealStartup.test_real_dev_launcher_startup_sequence ______\ntests\\e2e\\test_dev_launcher_real_startup.py:182: in test_real_dev_launcher_startup_sequence\n    assert startup_success, \"Dev launcher failed to start services\"\nE   AssertionError: Dev launcher failed to start services\nE   assert False\n----------------------------- Captured log setup ------------------------------\nDEBUG    faker.factory:factory.py:78 Looking for locale `en_US` in provider `faker.providers.address`.\nDEBUG    faker.factory:factory.py:97 Provider `faker.providers.address` has been localized to `en_US`.\nDEBUG    faker.factory:factory.py:78 Looking for locale `en_US` in provider `faker.providers.automotive`.\nDEBUG    faker.factory:factory.py:97 Provider `faker.providers.automotive` has been localized to `en_US`.\nDEBUG    faker.factory:factory.py:78 Looking for locale `en_US` in provider `faker.providers.bank`.\nDEBUG    faker.factory:factory.py:88 Specified locale `en_US` is not available for provider `faker.providers.bank`. Locale reset to `en_GB` for this provider.\nDEBUG    faker.factory:factory.py:78 Looking for locale `en_US` in provider `faker.providers.barcode`.\nDEBUG    faker.factory:factory.py:97 Provider `faker.providers.barcode` has been localized to `en_US`.\nDEBUG    faker.factory:factory.py:78 Looking for locale `en_US` in provider `faker.providers.color`.\nDEBUG    faker.factory:factory.py:97 Provider `faker.providers.color` has been localized to `en_US`.\nDEBUG    faker.factory:factory.py:78 Looking for locale `en_US` in provider `faker.providers.company`.\nDEBUG    faker.factory:factory.py:97 Provider `faker.providers.company` has been localized to `en_US`.\nDEBUG    faker.factory:factory.py:78 Looking for locale `en_US` in provider `faker.providers.credit_card`.\nDEBUG    faker.factory:factory.py:97 Provider `faker.providers.credit_card` has been localized to `en_US`.\nDEBUG    faker.factory:factory.py:78 Looking for locale `en_US` in provider `faker.providers.currency`.\nDEBUG    faker.factory:factory.py:97 Provider `faker.providers.currency` has been localized to `en_US`.\nDEBUG    faker.factory:factory.py:78 Looking for locale `en_US` in provider `faker.providers.date_time`.\nDEBUG    faker.factory:factory.py:97 Provider `faker.providers.date_time` has been localized to `en_US`.\nDEBUG    faker.factory:factory.py:108 Provider `faker.providers.doi` does not feature localization. Specified locale `en_US` is not utilized for this provider.\nDEBUG    faker.factory:factory.py:108 Provider `faker.providers.emoji` does not feature localization. Specified locale `en_US` is not utilized for this provider.\nDEBUG    faker.factory:factory.py:108 Provider `faker.providers.file` does not feature localization. Specified locale `en_US` is not utilized for this provider.\nDEBUG    faker.factory:factory.py:78 Looking for locale `en_US` in provider `faker.providers.geo`.\nDEBUG    faker.factory:factory.py:97 Provider `faker.providers.geo` has been localized to `en_US`.\nDEBUG    faker.factory:factory.py:78 Looking for locale `en_US` in provider `faker.providers.internet`.\nDEBUG    faker.factory:factory.py:97 Provider `faker.providers.internet` has been localized to `en_US`.\nDEBUG    faker.factory:factory.py:78 Looking for locale `en_US` in provider `faker.providers.isbn`.\nDEBUG    faker.factory:factory.py:97 Provider `faker.providers.isbn` has been localized to `en_US`.\nDEBUG    faker.factory:factory.py:78 Looking for locale `en_US` in provider `faker.providers.job`.\nDEBUG    faker.factory:factory.py:97 Provider `faker.providers.job` has been localized to `en_US`.\nDEBUG    faker.factory:factory.py:78 Looking for locale `en_US` in provider `faker.providers.lorem`.\nDEBUG    faker.factory:factory.py:97 Provider `faker.providers.lorem` has been localized to `en_US`.\nDEBUG    faker.factory:factory.py:78 Looking for locale `en_US` in provider `faker.providers.misc`.\nDEBUG    faker.factory:factory.py:97 Provider `faker.providers.misc` has been localized to `en_US`.\nDEBUG    faker.factory:factory.py:78 Looking for locale `en_US` in provider `faker.providers.passport`.\nDEBUG    faker.factory:factory.py:97 Provider `faker.providers.passport` has been localized to `en_US`.\nDEBUG    faker.factory:factory.py:78 Looking for locale `en_US` in provider `faker.providers.person`.\nDEBUG    faker.factory:factory.py:97 Provider `faker.providers.person` has been localized to `en_US`.\nDEBUG    faker.factory:factory.py:78 Looking for locale `en_US` in provider `faker.providers.phone_number`.\nDEBUG    faker.factory:factory.py:97 Provider `faker.providers.phone_number` has been localized to `en_US`.\nDEBUG    faker.factory:factory.py:108 Provider `faker.providers.profile` does not feature localization. Specified locale `en_US` is not utilized for this provider.\nDEBUG    faker.factory:factory.py:108 Provider `faker.providers.python` does not feature localization. Specified locale `en_US` is not utilized for this provider.\nDEBUG    faker.factory:factory.py:108 Provider `faker.providers.sbn` does not feature localization. Specified locale `en_US` is not utilized for this provider.\nDEBUG    faker.factory:factory.py:78 Looking for locale `en_US` in provider `faker.providers.ssn`.\nDEBUG    faker.factory:factory.py:97 Provider `faker.providers.ssn` has been localized to `en_US`.\nDEBUG    faker.factory:factory.py:108 Provider `faker.providers.user_agent` does not feature localization. Specified locale `en_US` is not utilized for this provider.\nDEBUG    asyncio:proactor_events.py:634 Using proactor: IocpProactor\nDEBUG    asyncio:proactor_events.py:634 Using proactor: IocpProactor\nINFO     dev_launcher.service_config:service_config.py:351 Configuration loaded from C:\\Users\\antho\\OneDrive\\Desktop\\Netra\\netra-core-generation-1\\.dev_services.json\nINFO     dev_launcher.service_config:service_config.py:516 Loaded existing service configuration\n---------------------------- Captured stdout call -----------------------------\n\\n=== STARTING REAL DEV LAUNCHER STARTUP TEST ===\\n\\U0001f50d DISCOVER | POSTGRESQL: sqlite+aiosqlite:///:memory:\\n\\U0001f50d DISCOVER | CLICKHOUSE: clickhouse://default:***@localhost:8123/netra_dev\\n\\U0001f50d DISCOVER | REDIS: redis://localhost:6379/0\\n\\U0001f50d WEBSOCKET | Discovered endpoint: backend_ws -> ws://localhost:8000/ws\\n\\u274c auth service NOT bound to port 8001\\n\\u274c backend service NOT bound to port 8000\\n\\u274c frontend service NOT bound to port 3000\n------------------------------ Captured log call ------------------------------\nINFO     dev_launcher.health_monitor:health_monitor.py:139 HealthMonitor initialized (check_interval: 30s)\nINFO     dev_launcher.health_monitor:health_monitor.py:141 Windows process verification enabled\nINFO     dev_launcher.process_manager:process_manager.py:58 ProcessManager initialized for win32\nINFO     dev_launcher.process_manager:process_manager.py:60 Enhanced Windows process tree management enabled\nINFO     dev_launcher.database_connector:database_connector.py:130 Discovered 3 database connections\nINFO     dev_launcher.websocket_validator:websocket_validator.py:78 Discovered 1 WebSocket endpoints\nINFO     dev_launcher.launcher:launcher.py:165 Signal handlers registered for graceful shutdown\n=========================== short test summary info ===========================\nFAILED tests/e2e/test_dev_launcher_real_startup.py::TestDevLauncherRealStartup::test_real_dev_launcher_startup_sequence\n!!!!!!!!!!!!!!!!!!!!!!!!!! stopping after 1 failures !!!!!!!!!!!!!!!!!!!!!!!!!!\n======================== 1 failed, 1 warning in 10.83s ========================\n",
      "errors": ""
    }
  },
  "overall_success": false,
  "total_duration": 117.00165176391602
}