{
  "timestamp": "20250822_102040",
  "level": "integration",
  "environment": "local",
  "services": {
    "backend": {
      "success": false,
      "duration": 9.61252212524414,
      "output": "============================= test session starts =============================\nplatform win32 -- Python 3.12.4, pytest-8.4.1, pluggy-1.6.0\nrootdir: C:\\Users\\antho\\OneDrive\\Desktop\\Netra\\netra-core-generation-1\\netra_backend\nconfigfile: pytest.ini\nplugins: anyio-4.9.0, Faker-37.5.3, langsmith-0.4.15, asyncio-1.1.0, cov-6.2.1, mock-3.14.1, xdist-3.8.0, html-4.1.1, json-report-1.5.0, metadata-3.1.1, timeout-2.4.0, typeguard-4.4.4\nasyncio: mode=Mode.AUTO, asyncio_default_fixture_loop_scope=session, asyncio_default_test_loop_scope=function\ncollected 910 items / 1 error\n\n=================================== ERRORS ====================================\n______ ERROR collecting tests/clickhouse/test_realistic_log_ingestion.py ______\nImportError while importing test module 'C:\\Users\\antho\\OneDrive\\Desktop\\Netra\\netra-core-generation-1\\netra_backend\\tests\\clickhouse\\test_realistic_log_ingestion.py'.\nHint: make sure your test modules/packages have valid Python names.\nTraceback:\nC:\\Users\\antho\\miniconda3\\Lib\\importlib\\__init__.py:90: in import_module\n    return _bootstrap._gcd_import(name[level:], package, level)\n           ^^^^^^^^^^^^^^^^^^^^^^^^^^^^^^^^^^^^^^^^^^^^^^^^^^^^\ntests\\clickhouse\\test_realistic_log_ingestion.py:16: in <module>\n    from netra_backend.tests.fixtures.realistic_test_fixtures import (\nE   ImportError: cannot import name 'generate_realistic_logs_fixture' from 'netra_backend.tests.fixtures.realistic_test_fixtures' (C:\\Users\\antho\\OneDrive\\Desktop\\Netra\\netra-core-generation-1\\netra_backend\\tests\\fixtures\\realistic_test_fixtures.py)\n============================== warnings summary ===============================\n..\\..\\..\\..\\..\\AppData\\Roaming\\Python\\Python312\\site-packages\\pydantic\\_internal\\_fields.py:198\n  C:\\Users\\antho\\AppData\\Roaming\\Python\\Python312\\site-packages\\pydantic\\_internal\\_fields.py:198: UserWarning: Field name \"schema\" in \"DataSample\" shadows an attribute in parent \"BaseModel\"\n    warnings.warn(\n\n..\\..\\..\\..\\..\\AppData\\Roaming\\Python\\Python312\\site-packages\\pydantic\\_internal\\_fields.py:198\n  C:\\Users\\antho\\AppData\\Roaming\\Python\\Python312\\site-packages\\pydantic\\_internal\\_fields.py:198: UserWarning: Field name \"schema\" in \"DataCatalog\" shadows an attribute in parent \"BaseModel\"\n    warnings.warn(\n\ntests\\agents\\test_error_handler_enums.py:48\n  C:\\Users\\antho\\OneDrive\\Desktop\\Netra\\netra-core-generation-1\\netra_backend\\tests\\agents\\test_error_handler_enums.py:48: PytestCollectionWarning: cannot collect test class 'TestErrorContext' because it has a __init__ constructor (from: tests/agents/test_error_handler_enums.py)\n    class TestErrorContext(SharedTestErrorContext):\n\n..\\..\\..\\..\\..\\AppData\\Roaming\\Python\\Python312\\site-packages\\pydantic\\_internal\\_config.py:323\n..\\..\\..\\..\\..\\AppData\\Roaming\\Python\\Python312\\site-packages\\pydantic\\_internal\\_config.py:323\n..\\..\\..\\..\\..\\AppData\\Roaming\\Python\\Python312\\site-packages\\pydantic\\_internal\\_config.py:323\n..\\..\\..\\..\\..\\AppData\\Roaming\\Python\\Python312\\site-packages\\pydantic\\_internal\\_config.py:323\n..\\..\\..\\..\\..\\AppData\\Roaming\\Python\\Python312\\site-packages\\pydantic\\_internal\\_config.py:323\n..\\..\\..\\..\\..\\AppData\\Roaming\\Python\\Python312\\site-packages\\pydantic\\_internal\\_config.py:323\n  C:\\Users\\antho\\AppData\\Roaming\\Python\\Python312\\site-packages\\pydantic\\_internal\\_config.py:323: PydanticDeprecatedSince20: Support for class-based `config` is deprecated, use ConfigDict instead. Deprecated in Pydantic V2.0 to be removed in V3.0. See Pydantic V2 Migration Guide at https://errors.pydantic.dev/2.11/migration/\n    warnings.warn(DEPRECATION_MESSAGE, DeprecationWarning)\n\n..\\..\\..\\..\\..\\AppData\\Roaming\\Python\\Python312\\site-packages\\pydantic\\_internal\\_generate_schema.py:298\n..\\..\\..\\..\\..\\AppData\\Roaming\\Python\\Python312\\site-packages\\pydantic\\_internal\\_generate_schema.py:298\n..\\..\\..\\..\\..\\AppData\\Roaming\\Python\\Python312\\site-packages\\pydantic\\_internal\\_generate_schema.py:298\n..\\..\\..\\..\\..\\AppData\\Roaming\\Python\\Python312\\site-packages\\pydantic\\_internal\\_generate_schema.py:298\n..\\..\\..\\..\\..\\AppData\\Roaming\\Python\\Python312\\site-packages\\pydantic\\_internal\\_generate_schema.py:298\n..\\..\\..\\..\\..\\AppData\\Roaming\\Python\\Python312\\site-packages\\pydantic\\_internal\\_generate_schema.py:298\n..\\..\\..\\..\\..\\AppData\\Roaming\\Python\\Python312\\site-packages\\pydantic\\_internal\\_generate_schema.py:298\n  C:\\Users\\antho\\AppData\\Roaming\\Python\\Python312\\site-packages\\pydantic\\_internal\\_generate_schema.py:298: PydanticDeprecatedSince20: `json_encoders` is deprecated. See https://docs.pydantic.dev/2.11/concepts/serialization/#custom-serializers for alternatives. Deprecated in Pydantic V2.0 to be removed in V3.0. See Pydantic V2 Migration Guide at https://errors.pydantic.dev/2.11/migration/\n    warnings.warn(\n\ntests\\unified_system\\fixtures.py:111\n  C:\\Users\\antho\\OneDrive\\Desktop\\Netra\\netra-core-generation-1\\netra_backend\\tests\\unified_system\\fixtures.py:111: DeprecationWarning: websockets.WebSocketServerProtocol is deprecated\n    connection: websockets.WebSocketServerProtocol\n\n..\\..\\..\\..\\..\\AppData\\Roaming\\Python\\Python312\\site-packages\\websockets\\legacy\\__init__.py:6\n  C:\\Users\\antho\\AppData\\Roaming\\Python\\Python312\\site-packages\\websockets\\legacy\\__init__.py:6: DeprecationWarning: websockets.legacy is deprecated; see https://websockets.readthedocs.io/en/stable/howto/upgrade.html for upgrade instructions\n    warnings.warn(  # deprecated in 14.0 - 2024-11-09\n\n-- Docs: https://docs.pytest.org/en/stable/how-to/capture-warnings.html\n=========================== short test summary info ===========================\nERROR tests/clickhouse/test_realistic_log_ingestion.py\n!!!!!!!!!!!!!!!!!!!!!!!!!! stopping after 1 failures !!!!!!!!!!!!!!!!!!!!!!!!!!\n======================== 18 warnings, 1 error in 1.39s ========================\n",
      "errors": "--- Logging error in Loguru Handler #2 ---\nRecord was: {'elapsed': datetime.timedelta(seconds=6, microseconds=775813), 'exception': None, 'extra': {}, 'file': (name='__init__.py', path='C:\\\\Users\\\\antho\\\\miniconda3\\\\Lib\\\\logging\\\\__init__.py'), 'function': 'handle', 'level': (name='INFO', no=20, icon='\\u2139\\ufe0f'), 'line': 1028, 'message': 'Multiprocessing resources cleaned up', 'module': '__init__', 'name': 'logging', 'process': (id=36484, name='MainProcess'), 'thread': (id=60736, name='MainThread'), 'time': datetime(2025, 8, 22, 10, 20, 7, 526682, tzinfo=datetime.timezone(datetime.timedelta(days=-1, seconds=61200), 'Pacific Daylight Time'))}\nTraceback (most recent call last):\n  File \"C:\\Users\\antho\\AppData\\Roaming\\Python\\Python312\\site-packages\\loguru\\_handler.py\", line 315, in _queued_writer\n    self._sink.write(message)\n  File \"C:\\Users\\antho\\AppData\\Roaming\\Python\\Python312\\site-packages\\loguru\\_simple_sinks.py\", line 16, in write\n    self._stream.write(message)\nValueError: I/O operation on closed file.\n--- End of logging error ---\n"
    },
    "auth": {
      "success": false,
      "duration": 3.4604711532592773,
      "output": "============================= test session starts =============================\nplatform win32 -- Python 3.12.4, pytest-8.4.1, pluggy-1.6.0\nrootdir: C:\\Users\\antho\\OneDrive\\Desktop\\Netra\\netra-core-generation-1\\auth_service\nconfigfile: pytest.ini\nplugins: anyio-4.9.0, Faker-37.5.3, langsmith-0.4.15, asyncio-1.1.0, cov-6.2.1, mock-3.14.1, xdist-3.8.0, html-4.1.1, json-report-1.5.0, metadata-3.1.1, timeout-2.4.0, typeguard-4.4.4\nasyncio: mode=Mode.STRICT, asyncio_default_fixture_loop_scope=None, asyncio_default_test_loop_scope=function\ncollected 0 items / 1 error\n\n=================================== ERRORS ====================================\n_______________ ERROR collecting tests/database/test_config.py ________________\ntests\\database\\test_config.py:157: in <module>\n    def get_test_db_config(use_postgres: bool = False) -> AuthTestDatabaseConfig:\n                                                          ^^^^^^^^^^^^^^^^^^^^^^\nE   NameError: name 'AuthTestDatabaseConfig' is not defined\n=========================== short test summary info ===========================\nERROR tests/database/test_config.py - NameError: name 'AuthTestDatabaseConfig...\n!!!!!!!!!!!!!!!!!!!!!!!!!! stopping after 1 failures !!!!!!!!!!!!!!!!!!!!!!!!!!\n============================== 1 error in 0.93s ===============================\n",
      "errors": ""
    },
    "frontend": {
      "success": false,
      "duration": 5.28746771812439,
      "output": "  console.error\n    An update to WebSocketSetupTestComponent inside a test was not wrapped in act(...).\n    \n    When testing, code that causes React state updates should be wrapped into act(...):\n    \n    act(() => {\n      /* fire events that update state */\n    });\n    /* assert on the output */\n    \n    This ensures that you're testing the behavior the user would see in the browser. Learn more at https://react.dev/link/wrap-tests-with-act\n\n    \u001b[0m \u001b[90m 207 |\u001b[39m       \u001b[36mreturn\u001b[39m\u001b[33m;\u001b[39m\n     \u001b[90m 208 |\u001b[39m     }\n    \u001b[31m\u001b[1m>\u001b[22m\u001b[39m\u001b[90m 209 |\u001b[39m     originalError\u001b[33m.\u001b[39mcall(console\u001b[33m,\u001b[39m \u001b[33m...\u001b[39margs)\u001b[33m;\u001b[39m\n     \u001b[90m     |\u001b[39m                   \u001b[31m\u001b[1m^\u001b[22m\u001b[39m\n     \u001b[90m 210 |\u001b[39m   }\u001b[33m;\u001b[39m\n     \u001b[90m 211 |\u001b[39m   \n     \u001b[90m 212 |\u001b[39m   console\u001b[33m.\u001b[39mwarn \u001b[33m=\u001b[39m (\u001b[33m...\u001b[39margs) \u001b[33m=>\u001b[39m {\u001b[0m\n\n      at console.call [as error] (jest.setup.js:209:19)\n      at node_modules/react-dom/cjs/react-dom-client.development.js:16023:19\n      at runWithFiberInDEV (node_modules/react-dom/cjs/react-dom-client.development.js:1522:13)\n      at warnIfUpdatesNotWrappedWithActDEV (node_modules/react-dom/cjs/react-dom-client.development.js:16022:9)\n      at scheduleUpdateOnFiber (node_modules/react-dom/cjs/react-dom-client.development.js:14396:11)\n      at dispatchSetStateInternal (node_modules/react-dom/cjs/react-dom-client.development.js:6969:13)\n      at dispatchSetState (node_modules/react-dom/cjs/react-dom-client.development.js:6927:7)\n      at setConnectionState (__tests__/integration/login-websocket-setup.test.tsx:155:7)\n      at checkAuthAndConnect (__tests__/integration/login-websocket-setup.test.tsx:137:9)\n\n  console.log\n    \ud83d\udce6 ChatSidebarHooks module mock created\n\n      at log (__tests__/components/ChatSidebar/setup.tsx:43:11)\n\n  console.error\n    An update to WebSocketSetupTestComponent inside a test was not wrapped in act(...).\n    \n    When testing, code that causes React state updates should be wrapped into act(...):\n    \n    act(() => {\n      /* fire events that update state */\n    });\n    /* assert on the output */\n    \n    This ensures that you're testing the behavior the user would see in the browser. Learn more at https://react.dev/link/wrap-tests-with-act\n\n    \u001b[0m \u001b[90m 207 |\u001b[39m       \u001b[36mreturn\u001b[39m\u001b[33m;\u001b[39m\n     \u001b[90m 208 |\u001b[39m     }\n    \u001b[31m\u001b[1m>\u001b[22m\u001b[39m\u001b[90m 209 |\u001b[39m     originalError\u001b[33m.\u001b[39mcall(console\u001b[33m,\u001b[39m \u001b[33m...\u001b[39margs)\u001b[33m;\u001b[39m\n     \u001b[90m     |\u001b[39m                   \u001b[31m\u001b[1m^\u001b[22m\u001b[39m\n     \u001b[90m 210 |\u001b[39m   }\u001b[33m;\u001b[39m\n     \u001b[90m 211 |\u001b[39m   \n     \u001b[90m 212 |\u001b[39m   console\u001b[33m.\u001b[39mwarn \u001b[33m=\u001b[39m (\u001b[33m...\u001b[39margs) \u001b[33m=>\u001b[39m {\u001b[0m\n\n      at console.call [as error] (jest.setup.js:209:19)\n      at node_modules/react-dom/cjs/react-dom-client.development.js:16023:19\n      at runWithFiberInDEV (node_modules/react-dom/cjs/react-dom-client.development.js:1522:13)\n      at warnIfUpdatesNotWrappedWithActDEV (node_modules/react-dom/cjs/react-dom-client.development.js:16022:9)\n      at scheduleUpdateOnFiber (node_modules/react-dom/cjs/react-dom-client.development.js:14396:11)\n      at dispatchSetStateInternal (node_modules/react-dom/cjs/react-dom-client.development.js:6969:13)\n      at dispatchSetState (node_modules/react-dom/cjs/react-dom-client.development.js:6927:7)\n      at setAuthState (__tests__/integration/login-websocket-setup.test.tsx:166:9)\n\n  console.error\n    An update to WebSocketSetupTestComponent inside a test was not wrapped in act(...).\n    \n    When testing, code that causes React state updates should be wrapped into act(...):\n    \n    act(() => {\n      /* fire events that update state */\n    });\n    /* assert on the output */\n    \n    This ensures that you're testing the behavior the user would see in the browser. Learn more at https://react.dev/link/wrap-tests-with-act\n\n    \u001b[0m \u001b[90m 207 |\u001b[39m       \u001b[36mreturn\u001b[39m\u001b[33m;\u001b[39m\n     \u001b[90m 208 |\u001b[39m     }\n    \u001b[31m\u001b[1m>\u001b[22m\u001b[39m\u001b[90m 209 |\u001b[39m     originalError\u001b[33m.\u001b[39mcall(console\u001b[33m,\u001b[39m \u001b[33m...\u001b[39margs)\u001b[33m;\u001b[39m\n     \u001b[90m     |\u001b[39m                   \u001b[31m\u001b[1m^\u001b[22m\u001b[39m\n     \u001b[90m 210 |\u001b[39m   }\u001b[33m;\u001b[39m\n     \u001b[90m 211 |\u001b[39m   \n     \u001b[90m 212 |\u001b[39m   console\u001b[33m.\u001b[39mwarn \u001b[33m=\u001b[39m (\u001b[33m...\u001b[39margs) \u001b[33m=>\u001b[39m {\u001b[0m\n\n      at console.call [as error] (jest.setup.js:209:19)\n      at node_modules/react-dom/cjs/react-dom-client.development.js:16023:19\n      at runWithFiberInDEV (node_modules/react-dom/cjs/react-dom-client.development.js:1522:13)\n      at warnIfUpdatesNotWrappedWithActDEV (node_modules/react-dom/cjs/react-dom-client.development.js:16022:9)\n      at scheduleUpdateOnFiber (node_modules/react-dom/cjs/react-dom-client.development.js:14396:11)\n      at dispatchSetStateInternal (node_modules/react-dom/cjs/react-dom-client.development.js:6969:13)\n      at dispatchSetState (node_modules/react-dom/cjs/react-dom-client.development.js:6927:7)\n      at setConnectionState (__tests__/integration/login-websocket-setup.test.tsx:147:7)\n      at initiateWebSocketConnection (__tests__/integration/login-websocket-setup.test.tsx:167:15)\n\n  console.error\n    An update to WebSocketSetupTestComponent inside a test was not wrapped in act(...).\n    \n    When testing, code that causes React state updates should be wrapped into act(...):\n    \n    act(() => {\n      /* fire events that update state */\n    });\n    /* assert on the output */\n    \n    This ensures that you're testing the behavior the user would see in the browser. Learn more at https://react.dev/link/wrap-tests-with-act\n\n    \u001b[0m \u001b[90m 207 |\u001b[39m       \u001b[36mreturn\u001b[39m\u001b[33m;\u001b[39m\n     \u001b[90m 208 |\u001b[39m     }\n    \u001b[31m\u001b[1m>\u001b[22m\u001b[39m\u001b[90m 209 |\u001b[39m     originalError\u001b[33m.\u001b[39mcall(console\u001b[33m,\u001b[39m \u001b[33m...\u001b[39margs)\u001b[33m;\u001b[39m\n     \u001b[90m     |\u001b[39m                   \u001b[31m\u001b[1m^\u001b[22m\u001b[39m\n     \u001b[90m 210 |\u001b[39m   }\u001b[33m;\u001b[39m\n     \u001b[90m 211 |\u001b[39m   \n     \u001b[90m 212 |\u001b[39m   console\u001b[33m.\u001b[39mwarn \u001b[33m=\u001b[39m (\u001b[33m...\u001b[39margs) \u001b[33m=>\u001b[39m {\u001b[0m\n\n      at console.call [as error] (jest.setup.js:209:19)\n      at node_modules/react-dom/cjs/react-dom-client.development.js:16023:19\n      at runWithFiberInDEV (node_modules/react-dom/cjs/react-dom-client.development.js:1522:13)\n      at warnIfUpdatesNotWrappedWithActDEV (node_modules/react-dom/cjs/react-dom-client.development.js:16022:9)\n      at scheduleUpdateOnFiber (node_modules/react-dom/cjs/react-dom-client.development.js:14396:11)\n      at dispatchSetStateInternal (node_modules/react-dom/cjs/react-dom-client.development.js:6969:13)\n      at dispatchSetState (node_modules/react-dom/cjs/react-dom-client.development.js:6927:7)\n      at setConnectionState (__tests__/integration/login-websocket-setup.test.tsx:155:7)\n      at handleLogin (__tests__/integration/login-websocket-setup.test.tsx:167:9)\n\n  console.log\n    \ud83d\udd27 Configuring authentication mocks with: { isAuthenticated: true, userTier: 'Early' }\n\n      at ChatSidebarTestSetup.log [as beforeEach] (__tests__/components/ChatSidebar/setup.tsx:300:13)\n\n  console.log\n    \ud83d\udd27 configureAuthState called with overrides: { isAuthenticated: true, userTier: 'Early' }\n\n      at ChatSidebarTestSetup.log [as configureAuthState] (__tests__/components/ChatSidebar/setup.tsx:476:13)\n\n  console.log\n    \ud83c\udfaf Final authStateConfig: {\n      isAuthenticated: true,\n      isLoading: false,\n      user: { id: 'test-user-1', email: 'test@example.com', role: 'user' },\n      userTier: 'Early',\n      error: null,\n      refreshAuth: [Function: mockConstructor] {\n        _isMockFunction: true,\n        getMockImplementation: [Function (anonymous)],\n        mock: [Getter/Setter],\n        mockClear: [Function (anonymous)],\n        mockReset: [Function (anonymous)],\n        mockRestore: [Function (anonymous)],\n        mockReturnValueOnce: [Function (anonymous)],\n        mockResolvedValueOnce: [Function (anonymous)],\n        mockRejectedValueOnce: [Function (anonymous)],\n        mockReturnValue: [Function (anonymous)],\n        mockResolvedValue: [Function (anonymous)],\n        mockRejectedValue: [Function (anonymous)],\n        mockImplementationOnce: [Function (anonymous)],\n        withImplementation: [Function: bound withImplementation],\n        mockImplementation: [Function (anonymous)],\n        mockReturnThis: [Function (anonymous)],\n        mockName: [Function (anonymous)],\n        getMockName: [Function (anonymous)],\n        Symbol(Symbol.dispose): [Function (anonymous)]\n      },\n      logout: [Function: mockConstructor] {\n        _isMockFunction: true,\n        getMockImplementation: [Function (anonymous)],\n        mock: [Getter/Setter],\n        mockClear: [Function (anonymous)],\n        mockReset: [Function (anonymous)],\n        mockRestore: [Function (anonymous)],\n        mockReturnValueOnce: [Function (anonymous)],\n        mockResolvedValueOnce: [Function (anonymous)],\n        mockRejectedValueOnce: [Function (anonymous)],\n        mockReturnValue: [Function (anonymous)],\n        mockResolvedValue: [Function (anonymous)],\n        mockRejectedValue: [Function (anonymous)],\n        mockImplementationOnce: [Function (anonymous)],\n        withImplementation: [Function: bound withImplementation],\n        mockImplementation: [Function (anonymous)],\n        mockReturnThis: [Function (anonymous)],\n        mockName: [Function (anonymous)],\n        getMockName: [Function (anonymous)],\n        Symbol(Symbol.dispose): [Function (anonymous)]\n      },\n      clearError: [Function: mockConstructor] {\n        _isMockFunction: true,\n        getMockImplementation: [Function (anonymous)],\n        mock: [Getter/Setter],\n        mockClear: [Function (anonymous)],\n        mockReset: [Function (anonymous)],\n        mockRestore: [Function (anonymous)],\n        mockReturnValueOnce: [Function (anonymous)],\n        mockResolvedValueOnce: [Function (anonymous)],\n        mockRejectedValueOnce: [Function (anonymous)],\n        mockReturnValue: [Function (anonymous)],\n        mockResolvedValue: [Function (anonymous)],\n        mockRejectedValue: [Function (anonymous)],\n        mockImplementationOnce: [Function (anonymous)],\n        withImplementation: [Function: bound withImplementation],\n        mockImplementation: [Function (anonymous)],\n        mockReturnThis: [Function (anonymous)],\n        mockName: [Function (anonymous)],\n        getMockName: [Function (anonymous)],\n        Symbol(Symbol.dispose): [Function (anonymous)]\n      },\n      hasPermission: [Function: mockConstructor] {\n        _isMockFunction: true,\n        getMockImplementation: [Function (anonymous)],\n        mock: [Getter/Setter],\n        mockClear: [Function (anonymous)],\n        mockReset: [Function (anonymous)],\n        mockRestore: [Function (anonymous)],\n        mockReturnValueOnce: [Function (anonymous)],\n        mockResolvedValueOnce: [Function (anonymous)],\n        mockRejectedValueOnce: [Function (anonymous)],\n        mockReturnValue: [Function (anonymous)],\n        mockResolvedValue: [Function (anonymous)],\n        mockRejectedValue: [Function (anonymous)],\n        mockImplementationOnce: [Function (anonymous)],\n        withImplementation: [Function: bound withImplementation],\n        mockImplementation: [Function (anonymous)],\n        mockReturnThis: [Function (anonymous)],\n        mockName: [Function (anonymous)],\n        getMockName: [Function (anonymous)],\n        Symbol(Symbol.dispose): [Function (anonymous)]\n      },\n      isAdminOrHigher: [Function: mockConstructor] {\n        _isMockFunction: true,\n        getMockImplementation: [Function (anonymous)],\n        mock: [Getter/Setter],\n        mockClear: [Function (anonymous)],\n        mockReset: [Function (anonymous)],\n        mockRestore: [Function (anonymous)],\n        mockReturnValueOnce: [Function (anonymous)],\n        mockResolvedValueOnce: [Function (anonymous)],\n        mockRejectedValueOnce: [Function (anonymous)],\n        mockReturnValue: [Function (anonymous)],\n        mockResolvedValue: [Function (anonymous)],\n        mockRejectedValue: [Function (anonymous)],\n        mockImplementationOnce: [Function (anonymous)],\n        withImplementation: [Function: bound withImplementation],\n        mockImplementation: [Function (anonymous)],\n        mockReturnThis: [Function (anonymous)],\n        mockName: [Function (anonymous)],\n        getMockName: [Function (anonymous)],\n        Symbol(Symbol.dispose): [Function (anonymous)]\n      },\n      isDeveloperOrHigher: [Function: mockConstructor] {\n        _isMockFunction: true,\n        getMockImplementation: [Function (anonymous)],\n        mock: [Getter/Setter],\n        mockClear: [Function (anonymous)],\n        mockReset: [Function (anonymous)],\n        mockRestore: [Function (anonymous)],\n        mockReturnValueOnce: [Function (anonymous)],\n        mockResolvedValueOnce: [Function (anonymous)],\n        mockRejectedValueOnce: [Function (anonymous)],\n        mockReturnValue: [Function (anonymous)],\n        mockResolvedValue: [Function (anonymous)],\n        mockRejectedValue: [Function (anonymous)],\n        mockImplementationOnce: [Function (anonymous)],\n        withImplementation: [Function: bound withImplementation],\n        mockImplementation: [Function (anonymous)],\n        mockReturnThis: [Function (anonymous)],\n        mockName: [Function (anonymous)],\n        getMockName: [Function (anonymous)],\n        Symbol(Symbol.dispose): [Function (anonymous)]\n      }\n    }\n\n      at ChatSidebarTestSetup.log [as configureAuthState] (__tests__/components/ChatSidebar/setup.tsx:477:13)\n\n  console.log\n    \ud83d\udd27 configureChatSidebarHooks called with: {\n      threadsProvided: true,\n      threadsCount: 3,\n      threadIds: [ 'thread-1', 'thread-2', 'thread-3' ]\n    }\n\n      at ChatSidebarTestSetup.log [as configureChatSidebarHooks] (__tests__/components/ChatSidebar/setup.tsx:378:13)\n\n  console.log\n    \ud83c\udfaf Mock configurations: {\n      threadLoaderConfig: {\n        threads: [ [Object], [Object], [Object] ],\n        isLoadingThreads: false,\n        loadError: null,\n        loadThreads: [Function: mockConstructor] {\n          _isMockFunction: true,\n          getMockImplementation: [Function (anonymous)],\n          mock: [Getter/Setter],\n          mockClear: [Function (anonymous)],\n          mockReset: [Function (anonymous)],\n          mockRestore: [Function (anonymous)],\n          mockReturnValueOnce: [Function (anonymous)],\n          mockResolvedValueOnce: [Function (anonymous)],\n          mockRejectedValueOnce: [Function (anonymous)],\n          mockReturnValue: [Function (anonymous)],\n          mockResolvedValue: [Function (anonymous)],\n          mockRejectedValue: [Function (anonymous)],\n          mockImplementationOnce: [Function (anonymous)],\n          withImplementation: [Function: bound withImplementation],\n          mockImplementation: [Function (anonymous)],\n          mockReturnThis: [Function (anonymous)],\n          mockName: [Function (anonymous)],\n          getMockName: [Function (anonymous)],\n          Symbol(Symbol.dispose): [Function (anonymous)]\n        }\n      },\n      threadFilteringConfig: {\n        sortedThreads: [ [Object], [Object], [Object] ],\n        paginatedThreads: [ [Object], [Object], [Object] ],\n        totalPages: 1\n      }\n    }\n\n      at ChatSidebarTestSetup.log [as configureChatSidebarHooks] (__tests__/components/ChatSidebar/setup.tsx:416:13)\n\n  console.log\n    \ud83c\udfaf Applied mock configurations using mockImplementation with debugging\n\n      at ChatSidebarTestSetup.log [as configureChatSidebarHooks] (__tests__/components/ChatSidebar/setup.tsx:453:13)\n\n  console.error\n    An update to WebSocketSetupTestComponent inside a test was not wrapped in act(...).\n    \n    When testing, code that causes React state updates should be wrapped into act(...):\n    \n    act(() => {\n      /* fire events that update state */\n    });\n    /* assert on the output */\n    \n    This ensures that you're testing the behavior the user would see in the browser. Learn more at https://react.dev/link/wrap-tests-with-act\n\n    \u001b[0m \u001b[90m 207 |\u001b[39m       \u001b[36mreturn\u001b[39m\u001b[33m;\u001b[39m\n     \u001b[90m 208 |\u001b[39m     }\n    \u001b[31m\u001b[1m>\u001b[22m\u001b[39m\u001b[90m 209 |\u001b[39m     originalError\u001b[33m.\u001b[39mcall(console\u001b[33m,\u001b[39m \u001b[33m...\u001b[39margs)\u001b[33m;\u001b[39m\n     \u001b[90m     |\u001b[39m                   \u001b[31m\u001b[1m^\u001b[22m\u001b[39m\n     \u001b[90m 210 |\u001b[39m   }\u001b[33m;\u001b[39m\n     \u001b[90m 211 |\u001b[39m   \n     \u001b[90m 212 |\u001b[39m   console\u001b[33m.\u001b[39mwarn \u001b[33m=\u001b[39m (\u001b[33m...\u001b[39margs) \u001b[33m=>\u001b[39m {\u001b[0m\n\n      at console.call [as error] (jest.setup.js:209:19)\n      at node_modules/react-dom/cjs/react-dom-client.development.js:16023:19\n      at runWithFiberInDEV (node_modules/react-dom/cjs/react-dom-client.development.js:1522:13)\n      at warnIfUpdatesNotWrappedWithActDEV (node_modules/react-dom/cjs/react-dom-client.development.js:16022:9)\n      at scheduleUpdateOnFiber (node_modules/react-dom/cjs/react-dom-client.development.js:14396:11)\n      at dispatchSetStateInternal (node_modules/react-dom/cjs/react-dom-client.development.js:6969:13)\n      at dispatchSetState (node_modules/react-dom/cjs/react-dom-client.development.js:6927:7)\n      at setConnectionState (__tests__/integration/login-websocket-setup.test.tsx:155:7)\n      at checkAuthAndConnect (__tests__/integration/login-websocket-setup.test.tsx:137:9)\n\n  console.error\n    An update to WebSocketSetupTestComponent inside a test was not wrapped in act(...).\n    \n    When testing, code that causes React state updates should be wrapped into act(...):\n    \n    act(() => {\n      /* fire events that update state */\n    });\n    /* assert on the output */\n    \n    This ensures that you're testing the behavior the user would see in the browser. Learn more at https://react.dev/link/wrap-tests-with-act\n\n    \u001b[0m \u001b[90m 207 |\u001b[39m       \u001b[36mreturn\u001b[39m\u001b[33m;\u001b[39m\n     \u001b[90m 208 |\u001b[39m     }\n    \u001b[31m\u001b[1m>\u001b[22m\u001b[39m\u001b[90m 209 |\u001b[39m     originalError\u001b[33m.\u001b[39mcall(console\u001b[33m,\u001b[39m \u001b[33m...\u001b[39margs)\u001b[33m;\u001b[39m\n     \u001b[90m     |\u001b[39m                   \u001b[31m\u001b[1m^\u001b[22m\u001b[39m\n     \u001b[90m 210 |\u001b[39m   }\u001b[33m;\u001b[39m\n     \u001b[90m 211 |\u001b[39m   \n     \u001b[90m 212 |\u001b[39m   console\u001b[33m.\u001b[39mwarn \u001b[33m=\u001b[39m (\u001b[33m...\u001b[39margs) \u001b[33m=>\u001b[39m {\u001b[0m\n\n      at console.call [as error] (jest.setup.js:209:19)\n      at node_modules/react-dom/cjs/react-dom-client.development.js:16023:19\n      at runWithFiberInDEV (node_modules/react-dom/cjs/react-dom-client.development.js:1522:13)\n      at warnIfUpdatesNotWrappedWithActDEV (node_modules/react-dom/cjs/react-dom-client.development.js:16022:9)\n      at scheduleUpdateOnFiber (node_modules/react-dom/cjs/react-dom-client.development.js:14396:11)\n      at dispatchSetStateInternal (node_modules/react-dom/cjs/react-dom-client.development.js:6969:13)\n      at dispatchSetState (node_modules/react-dom/cjs/react-dom-client.development.js:6927:7)\n      at setAuthState (__tests__/integration/login-websocket-setup.test.tsx:166:9)\n\n  console.error\n    An update to WebSocketSetupTestComponent inside a test was not wrapped in act(...).\n    \n    When testing, code that causes React state updates should be wrapped into act(...):\n    \n    act(() => {\n      /* fire events that update state */\n    });\n    /* assert on the output */\n    \n    This ensures that you're testing the behavior the user would see in the browser. Learn more at https://react.dev/link/wrap-tests-with-act\n\n    \u001b[0m \u001b[90m 207 |\u001b[39m       \u001b[36mreturn\u001b[39m\u001b[33m;\u001b[39m\n     \u001b[90m 208 |\u001b[39m     }\n    \u001b[31m\u001b[1m>\u001b[22m\u001b[39m\u001b[90m 209 |\u001b[39m     originalError\u001b[33m.\u001b[39mcall(console\u001b[33m,\u001b[39m \u001b[33m...\u001b[39margs)\u001b[33m;\u001b[39m\n     \u001b[90m     |\u001b[39m                   \u001b[31m\u001b[1m^\u001b[22m\u001b[39m\n     \u001b[90m 210 |\u001b[39m   }\u001b[33m;\u001b[39m\n     \u001b[90m 211 |\u001b[39m   \n     \u001b[90m 212 |\u001b[39m   console\u001b[33m.\u001b[39mwarn \u001b[33m=\u001b[39m (\u001b[33m...\u001b[39margs) \u001b[33m=>\u001b[39m {\u001b[0m\n\n      at console.call [as error] (jest.setup.js:209:19)\n      at node_modules/react-dom/cjs/react-dom-client.development.js:16023:19\n      at runWithFiberInDEV (node_modules/react-dom/cjs/react-dom-client.development.js:1522:13)\n      at warnIfUpdatesNotWrappedWithActDEV (node_modules/react-dom/cjs/react-dom-client.development.js:16022:9)\n      at scheduleUpdateOnFiber (node_modules/react-dom/cjs/react-dom-client.development.js:14396:11)\n      at dispatchSetStateInternal (node_modules/react-dom/cjs/react-dom-client.development.js:6969:13)\n      at dispatchSetState (node_modules/react-dom/cjs/react-dom-client.development.js:6927:7)\n      at setConnectionState (__tests__/integration/login-websocket-setup.test.tsx:147:7)\n      at initiateWebSocketConnection (__tests__/integration/login-websocket-setup.test.tsx:167:15)\n\n  console.error\n    An update to WebSocketSetupTestComponent inside a test was not wrapped in act(...).\n    \n    When testing, code that causes React state updates should be wrapped into act(...):\n    \n    act(() => {\n      /* fire events that update state */\n    });\n    /* assert on the output */\n    \n    This ensures that you're testing the behavior the user would see in the browser. Learn more at https://react.dev/link/wrap-tests-with-act\n\n    \u001b[0m \u001b[90m 207 |\u001b[39m       \u001b[36mreturn\u001b[39m\u001b[33m;\u001b[39m\n     \u001b[90m 208 |\u001b[39m     }\n    \u001b[31m\u001b[1m>\u001b[22m\u001b[39m\u001b[90m 209 |\u001b[39m     originalError\u001b[33m.\u001b[39mcall(console\u001b[33m,\u001b[39m \u001b[33m...\u001b[39margs)\u001b[33m;\u001b[39m\n     \u001b[90m     |\u001b[39m                   \u001b[31m\u001b[1m^\u001b[22m\u001b[39m\n     \u001b[90m 210 |\u001b[39m   }\u001b[33m;\u001b[39m\n     \u001b[90m 211 |\u001b[39m   \n     \u001b[90m 212 |\u001b[39m   console\u001b[33m.\u001b[39mwarn \u001b[33m=\u001b[39m (\u001b[33m...\u001b[39margs) \u001b[33m=>\u001b[39m {\u001b[0m\n\n      at console.call [as error] (jest.setup.js:209:19)\n      at node_modules/react-dom/cjs/react-dom-client.development.js:16023:19\n      at runWithFiberInDEV (node_modules/react-dom/cjs/react-dom-client.development.js:1522:13)\n      at warnIfUpdatesNotWrappedWithActDEV (node_modules/react-dom/cjs/react-dom-client.development.js:16022:9)\n      at scheduleUpdateOnFiber (node_modules/react-dom/cjs/react-dom-client.development.js:14396:11)\n      at dispatchSetStateInternal (node_modules/react-dom/cjs/react-dom-client.development.js:6969:13)\n      at dispatchSetState (node_modules/react-dom/cjs/react-dom-client.development.js:6927:7)\n      at setConnectionState (__tests__/integration/login-websocket-setup.test.tsx:155:7)\n      at handleLogin (__tests__/integration/login-websocket-setup.test.tsx:167:9)\n\n  console.log\n    \ud83d\udd25 HOOK CALLED: useChatSidebarState (CONFIGURED) {\n      searchQuery: '',\n      setSearchQuery: [Function: mockConstructor] {\n        _isMockFunction: true,\n        getMockImplementation: [Function (anonymous)],\n        mock: [Getter/Setter],\n        mockClear: [Function (anonymous)],\n        mockReset: [Function (anonymous)],\n        mockRestore: [Function (anonymous)],\n        mockReturnValueOnce: [Function (anonymous)],\n        mockResolvedValueOnce: [Function (anonymous)],\n        mockRejectedValueOnce: [Function (anonymous)],\n        mockReturnValue: [Function (anonymous)],\n        mockResolvedValue: [Function (anonymous)],\n        mockRejectedValue: [Function (anonymous)],\n        mockImplementationOnce: [Function (anonymous)],\n        withImplementation: [Function: bound withImplementation],\n        mockImplementation: [Function (anonymous)],\n        mockReturnThis: [Function (anonymous)],\n        mockName: [Function (anonymous)],\n        getMockName: [Function (anonymous)],\n        Symbol(Symbol.dispose): [Function (anonymous)]\n      },\n      isCreatingThread: false,\n      setIsCreatingThread: [Function: mockConstructor] {\n        _isMockFunction: true,\n        getMockImplementation: [Function (anonymous)],\n        mock: [Getter/Setter],\n        mockClear: [Function (anonymous)],\n        mockReset: [Function (anonymous)],\n        mockRestore: [Function (anonymous)],\n        mockReturnValueOnce: [Function (anonymous)],\n        mockResolvedValueOnce: [Function (anonymous)],\n        mockRejectedValueOnce: [Function (anonymous)],\n        mockReturnValue: [Function (anonymous)],\n        mockResolvedValue: [Function (anonymous)],\n        mockRejectedValue: [Function (anonymous)],\n        mockImplementationOnce: [Function (anonymous)],\n        withImplementation: [Function: bound withImplementation],\n        mockImplementation: [Function (anonymous)],\n        mockReturnThis: [Function (anonymous)],\n        mockName: [Function (anonymous)],\n        getMockName: [Function (anonymous)],\n        Symbol(Symbol.dispose): [Function (anonymous)]\n      },\n      showAllThreads: false,\n      setShowAllThreads: [Function: mockConstructor] {\n        _isMockFunction: true,\n        getMockImplementation: [Function (anonymous)],\n        mock: [Getter/Setter],\n        mockClear: [Function (anonymous)],\n        mockReset: [Function (anonymous)],\n        mockRestore: [Function (anonymous)],\n        mockReturnValueOnce: [Function (anonymous)],\n        mockResolvedValueOnce: [Function (anonymous)],\n        mockRejectedValueOnce: [Function (anonymous)],\n        mockReturnValue: [Function (anonymous)],\n        mockResolvedValue: [Function (anonymous)],\n        mockRejectedValue: [Function (anonymous)],\n        mockImplementationOnce: [Function (anonymous)],\n        withImplementation: [Function: bound withImplementation],\n        mockImplementation: [Function (anonymous)],\n        mockReturnThis: [Function (anonymous)],\n        mockName: [Function (anonymous)],\n        getMockName: [Function (anonymous)],\n        Symbol(Symbol.dispose): [Function (anonymous)]\n      },\n      filterType: 'all',\n      setFilterType: [Function: mockConstructor] {\n        _isMockFunction: true,\n        getMockImplementation: [Function (anonymous)],\n        mock: [Getter/Setter],\n        mockClear: [Function (anonymous)],\n        mockReset: [Function (anonymous)],\n        mockRestore: [Function (anonymous)],\n        mockReturnValueOnce: [Function (anonymous)],\n        mockResolvedValueOnce: [Function (anonymous)],\n        mockRejectedValueOnce: [Function (anonymous)],\n        mockReturnValue: [Function (anonymous)],\n        mockResolvedValue: [Function (anonymous)],\n        mockRejectedValue: [Function (anonymous)],\n        mockImplementationOnce: [Function (anonymous)],\n        withImplementation: [Function: bound withImplementation],\n        mockImplementation: [Function (anonymous)],\n        mockReturnThis: [Function (anonymous)],\n        mockName: [Function (anonymous)],\n        getMockName: [Function (anonymous)],\n        Symbol(Symbol.dispose): [Function (anonymous)]\n      },\n      currentPage: 1,\n      setCurrentPage: [Function: mockConstructor] {\n        _isMockFunction: true,\n        getMockImplementation: [Function (anonymous)],\n        mock: [Getter/Setter],\n        mockClear: [Function (anonymous)],\n        mockReset: [Function (anonymous)],\n        mockRestore: [Function (anonymous)],\n        mockReturnValueOnce: [Function (anonymous)],\n        mockResolvedValueOnce: [Function (anonymous)],\n        mockRejectedValueOnce: [Function (anonymous)],\n        mockReturnValue: [Function (anonymous)],\n        mockResolvedValue: [Function (anonymous)],\n        mockRejectedValue: [Function (anonymous)],\n        mockImplementationOnce: [Function (anonymous)],\n        withImplementation: [Function: bound withImplementation],\n        mockImplementation: [Function (anonymous)],\n        mockReturnThis: [Function (anonymous)],\n        mockName: [Function (anonymous)],\n        getMockName: [Function (anonymous)],\n        Symbol(Symbol.dispose): [Function (anonymous)]\n      }\n    }\n\n      at Object.log (__tests__/components/ChatSidebar/setup.tsx:424:15)\n\n  console.error\n    An update to WebSocketSetupTestComponent inside a test was not wrapped in act(...).\n    \n    When testing, code that causes React state updates should be wrapped into act(...):\n    \n    act(() => {\n      /* fire events that update state */\n    });\n    /* assert on the output */\n    \n    This ensures that you're testing the behavior the user would see in the browser. Learn more at https://react.dev/link/wrap-tests-with-act\n\n    \u001b[0m \u001b[90m 207 |\u001b[39m       \u001b[36mreturn\u001b[39m\u001b[33m;\u001b[39m\n     \u001b[90m 208 |\u001b[39m     }\n    \u001b[31m\u001b[1m>\u001b[22m\u001b[39m\u001b[90m 209 |\u001b[39m     originalError\u001b[33m.\u001b[39mcall(console\u001b[33m,\u001b[39m \u001b[33m...\u001b[39margs)\u001b[33m;\u001b[39m\n     \u001b[90m     |\u001b[39m                   \u001b[31m\u001b[1m^\u001b[22m\u001b[39m\n     \u001b[90m 210 |\u001b[39m   }\u001b[33m;\u001b[39m\n     \u001b[90m 211 |\u001b[39m   \n     \u001b[90m 212 |\u001b[39m   console\u001b[33m.\u001b[39mwarn \u001b[33m=\u001b[39m (\u001b[33m...\u001b[39margs) \u001b[33m=>\u001b[39m {\u001b[0m\n\n      at console.call [as error] (jest.setup.js:209:19)\n      at node_modules/react-dom/cjs/react-dom-client.development.js:16023:19\n      at runWithFiberInDEV (node_modules/react-dom/cjs/react-dom-client.development.js:1522:13)\n      at warnIfUpdatesNotWrappedWithActDEV (node_modules/react-dom/cjs/react-dom-client.development.js:16022:9)\n      at scheduleUpdateOnFiber (node_modules/react-dom/cjs/react-dom-client.development.js:14396:11)\n      at dispatchSetStateInternal (node_modules/react-dom/cjs/react-dom-client.development.js:6969:13)\n      at dispatchSetState (node_modules/react-dom/cjs/react-dom-client.development.js:6927:7)\n      at setAuthState (__tests__/integration/login-websocket-setup.test.tsx:166:9)\n\n  console.error\n    An update to WebSocketSetupTestComponent inside a test was not wrapped in act(...).\n    \n    When testing, code that causes React state updates should be wrapped into act(...):\n    \n    act(() => {\n      /* fire events that update state */\n    });\n    /* assert on the output */\n    \n    This ensures that you're testing the behavior the user would see in the browser. Learn more at https://react.dev/link/wrap-tests-with-act\n\n    \u001b[0m \u001b[90m 207 |\u001b[39m       \u001b[36mreturn\u001b[39m\u001b[33m;\u001b[39m\n     \u001b[90m 208 |\u001b[39m     }\n    \u001b[31m\u001b[1m>\u001b[22m\u001b[39m\u001b[90m 209 |\u001b[39m     originalError\u001b[33m.\u001b[39mcall(console\u001b[33m,\u001b[39m \u001b[33m...\u001b[39margs)\u001b[33m;\u001b[39m\n     \u001b[90m     |\u001b[39m                   \u001b[31m\u001b[1m^\u001b[22m\u001b[39m\n     \u001b[90m 210 |\u001b[39m   }\u001b[33m;\u001b[39m\n     \u001b[90m 211 |\u001b[39m   \n     \u001b[90m 212 |\u001b[39m   console\u001b[33m.\u001b[39mwarn \u001b[33m=\u001b[39m (\u001b[33m...\u001b[39margs) \u001b[33m=>\u001b[39m {\u001b[0m\n\n      at console.call [as error] (jest.setup.js:209:19)\n      at node_modules/react-dom/cjs/react-dom-client.development.js:16023:19\n      at runWithFiberInDEV (node_modules/react-dom/cjs/react-dom-client.development.js:1522:13)\n      at warnIfUpdatesNotWrappedWithActDEV (node_modules/react-dom/cjs/react-dom-client.development.js:16022:9)\n      at scheduleUpdateOnFiber (node_modules/react-dom/cjs/react-dom-client.development.js:14396:11)\n      at dispatchSetStateInternal (node_modules/react-dom/cjs/react-dom-client.development.js:6969:13)\n      at dispatchSetState (node_modules/react-dom/cjs/react-dom-client.development.js:6927:7)\n      at setConnectionState (__tests__/integration/login-websocket-setup.test.tsx:147:7)\n      at initiateWebSocketConnection (__tests__/integration/login-websocket-setup.test.tsx:167:15)\n\n  console.error\n    An update to WebSocketSetupTestComponent inside a test was not wrapped in act(...).\n    \n    When testing, code that causes React state updates should be wrapped into act(...):\n    \n    act(() => {\n      /* fire events that update state */\n    });\n    /* assert on the output */\n    \n    This ensures that you're testing the behavior the user would see in the browser. Learn more at https://react.dev/link/wrap-tests-with-act\n\n    \u001b[0m \u001b[90m 207 |\u001b[39m       \u001b[36mreturn\u001b[39m\u001b[33m;\u001b[39m\n     \u001b[90m 208 |\u001b[39m     }\n    \u001b[31m\u001b[1m>\u001b[22m\u001b[39m\u001b[90m 209 |\u001b[39m     originalError\u001b[33m.\u001b[39mcall(console\u001b[33m,\u001b[39m \u001b[33m...\u001b[39margs)\u001b[33m;\u001b[39m\n     \u001b[90m     |\u001b[39m                   \u001b[31m\u001b[1m^\u001b[22m\u001b[39m\n     \u001b[90m 210 |\u001b[39m   }\u001b[33m;\u001b[39m\n     \u001b[90m 211 |\u001b[39m   \n     \u001b[90m 212 |\u001b[39m   console\u001b[33m.\u001b[39mwarn \u001b[33m=\u001b[39m (\u001b[33m...\u001b[39margs) \u001b[33m=>\u001b[39m {\u001b[0m\n\n      at console.call [as error] (jest.setup.js:209:19)\n      at node_modules/react-dom/cjs/react-dom-client.development.js:16023:19\n      at runWithFiberInDEV (node_modules/react-dom/cjs/react-dom-client.development.js:1522:13)\n      at warnIfUpdatesNotWrappedWithActDEV (node_modules/react-dom/cjs/react-dom-client.development.js:16022:9)\n      at scheduleUpdateOnFiber (node_modules/react-dom/cjs/react-dom-client.development.js:14396:11)\n      at dispatchSetStateInternal (node_modules/react-dom/cjs/react-dom-client.development.js:6969:13)\n      at dispatchSetState (node_modules/react-dom/cjs/react-dom-client.development.js:6927:7)\n      at setConnectionState (__tests__/integration/login-websocket-setup.test.tsx:157:7)\n      at handleLogin (__tests__/integration/login-websocket-setup.test.tsx:167:9)\n\n  console.error\n    An update to WebSocketSetupTestComponent inside a test was not wrapped in act(...).\n    \n    When testing, code that causes React state updates should be wrapped into act(...):\n    \n    act(() => {\n      /* fire events that update state */\n    });\n    /* assert on the output */\n    \n    This ensures that you're testing the behavior the user would see in the browser. Learn more at https://react.dev/link/wrap-tests-with-act\n\n    \u001b[0m \u001b[90m 207 |\u001b[39m       \u001b[36mreturn\u001b[39m\u001b[33m;\u001b[39m\n     \u001b[90m 208 |\u001b[39m     }\n    \u001b[31m\u001b[1m>\u001b[22m\u001b[39m\u001b[90m 209 |\u001b[39m     originalError\u001b[33m.\u001b[39mcall(console\u001b[33m,\u001b[39m \u001b[33m...\u001b[39margs)\u001b[33m;\u001b[39m\n     \u001b[90m     |\u001b[39m                   \u001b[31m\u001b[1m^\u001b[22m\u001b[39m\n     \u001b[90m 210 |\u001b[39m   }\u001b[33m;\u001b[39m\n     \u001b[90m 211 |\u001b[39m   \n     \u001b[90m 212 |\u001b[39m   console\u001b[33m.\u001b[39mwarn \u001b[33m=\u001b[39m (\u001b[33m...\u001b[39margs) \u001b[33m=>\u001b[39m {\u001b[0m\n\n      at console.call [as error] (jest.setup.js:209:19)\n      at node_modules/react-dom/cjs/react-dom-client.development.js:16023:19\n      at runWithFiberInDEV (node_modules/react-dom/cjs/react-dom-client.development.js:1522:13)\n      at warnIfUpdatesNotWrappedWithActDEV (node_modules/react-dom/cjs/react-dom-client.development.js:16022:9)\n      at scheduleUpdateOnFiber (node_modules/react-dom/cjs/react-dom-client.development.js:14396:11)\n      at dispatchSetStateInternal (node_modules/react-dom/cjs/react-dom-client.development.js:6969:13)\n      at dispatchSetState (node_modules/react-dom/cjs/react-dom-client.development.js:6927:7)\n      at setConnectionState (__tests__/integration/login-websocket-setup.test.tsx:155:7)\n      at checkAuthAndConnect (__tests__/integration/login-websocket-setup.test.tsx:137:9)\n\n  console.error\n    An update to WebSocketSetupTestComponent inside a test was not wrapped in act(...).\n    \n    When testing, code that causes React state updates should be wrapped into act(...):\n    \n    act(() => {\n      /* fire events that update state */\n    });\n    /* assert on the output */\n    \n    This ensures that you're testing the behavior the user would see in the browser. Learn more at https://react.dev/link/wrap-tests-with-act\n\n    \u001b[0m \u001b[90m 207 |\u001b[39m       \u001b[36mreturn\u001b[39m\u001b[33m;\u001b[39m\n     \u001b[90m 208 |\u001b[39m     }\n    \u001b[31m\u001b[1m>\u001b[22m\u001b[39m\u001b[90m 209 |\u001b[39m     originalError\u001b[33m.\u001b[39mcall(console\u001b[33m,\u001b[39m \u001b[33m...\u001b[39margs)\u001b[33m;\u001b[39m\n     \u001b[90m     |\u001b[39m                   \u001b[31m\u001b[1m^\u001b[22m\u001b[39m\n     \u001b[90m 210 |\u001b[39m   }\u001b[33m;\u001b[39m\n     \u001b[90m 211 |\u001b[39m   \n     \u001b[90m 212 |\u001b[39m   console\u001b[33m.\u001b[39mwarn \u001b[33m=\u001b[39m (\u001b[33m...\u001b[39margs) \u001b[33m=>\u001b[39m {\u001b[0m\n\n      at console.call [as error] (jest.setup.js:209:19)\n      at node_modules/react-dom/cjs/react-dom-client.development.js:16023:19\n      at runWithFiberInDEV (node_modules/react-dom/cjs/react-dom-client.development.js:1522:13)\n      at warnIfUpdatesNotWrappedWithActDEV (node_modules/react-dom/cjs/react-dom-client.development.js:16022:9)\n      at scheduleUpdateOnFiber (node_modules/react-dom/cjs/react-dom-client.development.js:14396:11)\n      at dispatchSetStateInternal (node_modules/react-dom/cjs/react-dom-client.development.js:6969:13)\n      at dispatchSetState (node_modules/react-dom/cjs/react-dom-client.development.js:6927:7)\n      at setAuthState (__tests__/integration/login-websocket-setup.test.tsx:166:9)\n\n  console.error\n    An update to WebSocketSetupTestComponent inside a test was not wrapped in act(...).\n    \n    When testing, code that causes React state updates should be wrapped into act(...):\n    \n    act(() => {\n      /* fire events that update state */\n    });\n    /* assert on the output */\n    \n    This ensures that you're testing the behavior the user would see in the browser. Learn more at https://react.dev/link/wrap-tests-with-act\n\n    \u001b[0m \u001b[90m 207 |\u001b[39m       \u001b[36mreturn\u001b[39m\u001b[33m;\u001b[39m\n     \u001b[90m 208 |\u001b[39m     }\n    \u001b[31m\u001b[1m>\u001b[22m\u001b[39m\u001b[90m 209 |\u001b[39m     originalError\u001b[33m.\u001b[39mcall(console\u001b[33m,\u001b[39m \u001b[33m...\u001b[39margs)\u001b[33m;\u001b[39m\n     \u001b[90m     |\u001b[39m                   \u001b[31m\u001b[1m^\u001b[22m\u001b[39m\n     \u001b[90m 210 |\u001b[39m   }\u001b[33m;\u001b[39m\n     \u001b[90m 211 |\u001b[39m   \n     \u001b[90m 212 |\u001b[39m   console\u001b[33m.\u001b[39mwarn \u001b[33m=\u001b[39m (\u001b[33m...\u001b[39margs) \u001b[33m=>\u001b[39m {\u001b[0m\n\n      at console.call [as error] (jest.setup.js:209:19)\n      at node_modules/react-dom/cjs/react-dom-client.development.js:16023:19\n      at runWithFiberInDEV (node_modules/react-dom/cjs/react-dom-client.development.js:1522:13)\n      at warnIfUpdatesNotWrappedWithActDEV (node_modules/react-dom/cjs/react-dom-client.development.js:16022:9)\n      at scheduleUpdateOnFiber (node_modules/react-dom/cjs/react-dom-client.development.js:14396:11)\n      at dispatchSetStateInternal (node_modules/react-dom/cjs/react-dom-client.development.js:6969:13)\n      at dispatchSetState (node_modules/react-dom/cjs/react-dom-client.development.js:6927:7)\n      at setConnectionState (__tests__/integration/login-websocket-setup.test.tsx:147:7)\n      at initiateWebSocketConnection (__tests__/integration/login-websocket-setup.test.tsx:167:15)\n\n  console.error\n    An update to WebSocketSetupTestComponent inside a test was not wrapped in act(...).\n    \n    When testing, code that causes React state updates should be wrapped into act(...):\n    \n    act(() => {\n      /* fire events that update state */\n    });\n    /* assert on the output */\n    \n    This ensures that you're testing the behavior the user would see in the browser. Learn more at https://react.dev/link/wrap-tests-with-act\n\n    \u001b[0m \u001b[90m 207 |\u001b[39m       \u001b[36mreturn\u001b[39m\u001b[33m;\u001b[39m\n     \u001b[90m 208 |\u001b[39m     }\n    \u001b[31m\u001b[1m>\u001b[22m\u001b[39m\u001b[90m 209 |\u001b[39m     originalError\u001b[33m.\u001b[39mcall(console\u001b[33m,\u001b[39m \u001b[33m...\u001b[39margs)\u001b[33m;\u001b[39m\n     \u001b[90m     |\u001b[39m                   \u001b[31m\u001b[1m^\u001b[22m\u001b[39m\n     \u001b[90m 210 |\u001b[39m   }\u001b[33m;\u001b[39m\n     \u001b[90m 211 |\u001b[39m   \n     \u001b[90m 212 |\u001b[39m   console\u001b[33m.\u001b[39mwarn \u001b[33m=\u001b[39m (\u001b[33m...\u001b[39margs) \u001b[33m=>\u001b[39m {\u001b[0m\n\n      at console.call [as error] (jest.setup.js:209:19)\n      at node_modules/react-dom/cjs/react-dom-client.development.js:16023:19\n      at runWithFiberInDEV (node_modules/react-dom/cjs/react-dom-client.development.js:1522:13)\n      at warnIfUpdatesNotWrappedWithActDEV (node_modules/react-dom/cjs/react-dom-client.development.js:16022:9)\n      at scheduleUpdateOnFiber (node_modules/react-dom/cjs/react-dom-client.development.js:14396:11)\n      at dispatchSetStateInternal (node_modules/react-dom/cjs/react-dom-client.development.js:6969:13)\n      at dispatchSetState (node_modules/react-dom/cjs/react-dom-client.development.js:6927:7)\n      at setConnectionState (__tests__/integration/login-websocket-setup.test.tsx:155:7)\n      at handleLogin (__tests__/integration/login-websocket-setup.test.tsx:167:9)\n\n  console.error\n    An update to WebSocketSetupTestComponent inside a test was not wrapped in act(...).\n    \n    When testing, code that causes React state updates should be wrapped into act(...):\n    \n    act(() => {\n      /* fire events that update state */\n    });\n    /* assert on the output */\n    \n    This ensures that you're testing the behavior the user would see in the browser. Learn more at https://react.dev/link/wrap-tests-with-act\n\n    \u001b[0m \u001b[90m 207 |\u001b[39m       \u001b[36mreturn\u001b[39m\u001b[33m;\u001b[39m\n     \u001b[90m 208 |\u001b[39m     }\n    \u001b[31m\u001b[1m>\u001b[22m\u001b[39m\u001b[90m 209 |\u001b[39m     originalError\u001b[33m.\u001b[39mcall(console\u001b[33m,\u001b[39m \u001b[33m...\u001b[39margs)\u001b[33m;\u001b[39m\n     \u001b[90m     |\u001b[39m                   \u001b[31m\u001b[1m^\u001b[22m\u001b[39m\n     \u001b[90m 210 |\u001b[39m   }\u001b[33m;\u001b[39m\n     \u001b[90m 211 |\u001b[39m   \n     \u001b[90m 212 |\u001b[39m   console\u001b[33m.\u001b[39mwarn \u001b[33m=\u001b[39m (\u001b[33m...\u001b[39margs) \u001b[33m=>\u001b[39m {\u001b[0m\n\n      at console.call [as error] (jest.setup.js:209:19)\n      at node_modules/react-dom/cjs/react-dom-client.development.js:16023:19\n      at runWithFiberInDEV (node_modules/react-dom/cjs/react-dom-client.development.js:1522:13)\n      at warnIfUpdatesNotWrappedWithActDEV (node_modules/react-dom/cjs/react-dom-client.development.js:16022:9)\n      at scheduleUpdateOnFiber (node_modules/react-dom/cjs/react-dom-client.development.js:14396:11)\n      at dispatchSetStateInternal (node_modules/react-dom/cjs/react-dom-client.development.js:6969:13)\n      at dispatchSetState (node_modules/react-dom/cjs/react-dom-client.development.js:6927:7)\n      at setAuthState (__tests__/integration/login-websocket-setup.test.tsx:166:9)\n\n  console.error\n    An update to WebSocketSetupTestComponent inside a test was not wrapped in act(...).\n    \n    When testing, code that causes React state updates should be wrapped into act(...):\n    \n    act(() => {\n      /* fire events that update state */\n    });\n    /* assert on the output */\n    \n    This ensures that you're testing the behavior the user would see in the browser. Learn more at https://react.dev/link/wrap-tests-with-act\n\n    \u001b[0m \u001b[90m 207 |\u001b[39m       \u001b[36mreturn\u001b[39m\u001b[33m;\u001b[39m\n     \u001b[90m 208 |\u001b[39m     }\n    \u001b[31m\u001b[1m>\u001b[22m\u001b[39m\u001b[90m 209 |\u001b[39m     originalError\u001b[33m.\u001b[39mcall(console\u001b[33m,\u001b[39m \u001b[33m...\u001b[39margs)\u001b[33m;\u001b[39m\n     \u001b[90m     |\u001b[39m                   \u001b[31m\u001b[1m^\u001b[22m\u001b[39m\n     \u001b[90m 210 |\u001b[39m   }\u001b[33m;\u001b[39m\n     \u001b[90m 211 |\u001b[39m   \n     \u001b[90m 212 |\u001b[39m   console\u001b[33m.\u001b[39mwarn \u001b[33m=\u001b[39m (\u001b[33m...\u001b[39margs) \u001b[33m=>\u001b[39m {\u001b[0m\n\n      at console.call [as error] (jest.setup.js:209:19)\n      at node_modules/react-dom/cjs/react-dom-client.development.js:16023:19\n      at runWithFiberInDEV (node_modules/react-dom/cjs/react-dom-client.development.js:1522:13)\n      at warnIfUpdatesNotWrappedWithActDEV (node_modules/react-dom/cjs/react-dom-client.development.js:16022:9)\n      at scheduleUpdateOnFiber (node_modules/react-dom/cjs/react-dom-client.development.js:14396:11)\n      at dispatchSetStateInternal (node_modules/react-dom/cjs/react-dom-client.development.js:6969:13)\n      at dispatchSetState (node_modules/react-dom/cjs/react-dom-client.development.js:6927:7)\n      at setConnectionState (__tests__/integration/login-websocket-setup.test.tsx:147:7)\n      at initiateWebSocketConnection (__tests__/integration/login-websocket-setup.test.tsx:167:15)\n\n  console.error\n    An update to WebSocketSetupTestComponent inside a test was not wrapped in act(...).\n    \n    When testing, code that causes React state updates should be wrapped into act(...):\n    \n    act(() => {\n      /* fire events that update state */\n    });\n    /* assert on the output */\n    \n    This ensures that you're testing the behavior the user would see in the browser. Learn more at https://react.dev/link/wrap-tests-with-act\n\n    \u001b[0m \u001b[90m 207 |\u001b[39m       \u001b[36mreturn\u001b[39m\u001b[33m;\u001b[39m\n     \u001b[90m 208 |\u001b[39m     }\n    \u001b[31m\u001b[1m>\u001b[22m\u001b[39m\u001b[90m 209 |\u001b[39m     originalError\u001b[33m.\u001b[39mcall(console\u001b[33m,\u001b[39m \u001b[33m...\u001b[39margs)\u001b[33m;\u001b[39m\n     \u001b[90m     |\u001b[39m                   \u001b[31m\u001b[1m^\u001b[22m\u001b[39m\n     \u001b[90m 210 |\u001b[39m   }\u001b[33m;\u001b[39m\n     \u001b[90m 211 |\u001b[39m   \n     \u001b[90m 212 |\u001b[39m   console\u001b[33m.\u001b[39mwarn \u001b[33m=\u001b[39m (\u001b[33m...\u001b[39margs) \u001b[33m=>\u001b[39m {\u001b[0m\n\n      at console.call [as error] (jest.setup.js:209:19)\n      at node_modules/react-dom/cjs/react-dom-client.development.js:16023:19\n      at runWithFiberInDEV (node_modules/react-dom/cjs/react-dom-client.development.js:1522:13)\n      at warnIfUpdatesNotWrappedWithActDEV (node_modules/react-dom/cjs/react-dom-client.development.js:16022:9)\n      at scheduleUpdateOnFiber (node_modules/react-dom/cjs/react-dom-client.development.js:14396:11)\n      at dispatchSetStateInternal (node_modules/react-dom/cjs/react-dom-client.development.js:6969:13)\n      at dispatchSetState (node_modules/react-dom/cjs/react-dom-client.development.js:6927:7)\n      at setConnectionState (__tests__/integration/login-websocket-setup.test.tsx:157:7)\n      at handleLogin (__tests__/integration/login-websocket-setup.test.tsx:167:9)\n\n  console.error\n    An update to WebSocketSetupTestComponent inside a test was not wrapped in act(...).\n    \n    When testing, code that causes React state updates should be wrapped into act(...):\n    \n    act(() => {\n      /* fire events that update state */\n    });\n    /* assert on the output */\n    \n    This ensures that you're testing the behavior the user would see in the browser. Learn more at https://react.dev/link/wrap-tests-with-act\n\n    \u001b[0m \u001b[90m 207 |\u001b[39m       \u001b[36mreturn\u001b[39m\u001b[33m;\u001b[39m\n     \u001b[90m 208 |\u001b[39m     }\n    \u001b[31m\u001b[1m>\u001b[22m\u001b[39m\u001b[90m 209 |\u001b[39m     originalError\u001b[33m.\u001b[39mcall(console\u001b[33m,\u001b[39m \u001b[33m...\u001b[39margs)\u001b[33m;\u001b[39m\n     \u001b[90m     |\u001b[39m                   \u001b[31m\u001b[1m^\u001b[22m\u001b[39m\n     \u001b[90m 210 |\u001b[39m   }\u001b[33m;\u001b[39m\n     \u001b[90m 211 |\u001b[39m   \n     \u001b[90m 212 |\u001b[39m   console\u001b[33m.\u001b[39mwarn \u001b[33m=\u001b[39m (\u001b[33m...\u001b[39margs) \u001b[33m=>\u001b[39m {\u001b[0m\n\n      at console.call [as error] (jest.setup.js:209:19)\n      at node_modules/react-dom/cjs/react-dom-client.development.js:16023:19\n      at runWithFiberInDEV (node_modules/react-dom/cjs/react-dom-client.development.js:1522:13)\n      at warnIfUpdatesNotWrappedWithActDEV (node_modules/react-dom/cjs/react-dom-client.development.js:16022:9)\n      at scheduleUpdateOnFiber (node_modules/react-dom/cjs/react-dom-client.development.js:14396:11)\n      at dispatchSetStateInternal (node_modules/react-dom/cjs/react-dom-client.development.js:6969:13)\n      at dispatchSetState (node_modules/react-dom/cjs/react-dom-client.development.js:6927:7)\n      at setAuthState (__tests__/integration/login-websocket-setup.test.tsx:166:9)\n\n  console.error\n    An update to WebSocketSetupTestComponent inside a test was not wrapped in act(...).\n    \n    When testing, code that causes React state updates should be wrapped into act(...):\n    \n    act(() => {\n      /* fire events that update state */\n    });\n    /* assert on the output */\n    \n    This ensures that you're testing the behavior the user would see in the browser. Learn more at https://react.dev/link/wrap-tests-with-act\n\n    \u001b[0m \u001b[90m 207 |\u001b[39m       \u001b[36mreturn\u001b[39m\u001b[33m;\u001b[39m\n     \u001b[90m 208 |\u001b[39m     }\n    \u001b[31m\u001b[1m>\u001b[22m\u001b[39m\u001b[90m 209 |\u001b[39m     originalError\u001b[33m.\u001b[39mcall(console\u001b[33m,\u001b[39m \u001b[33m...\u001b[39margs)\u001b[33m;\u001b[39m\n     \u001b[90m     |\u001b[39m                   \u001b[31m\u001b[1m^\u001b[22m\u001b[39m\n     \u001b[90m 210 |\u001b[39m   }\u001b[33m;\u001b[39m\n     \u001b[90m 211 |\u001b[39m   \n     \u001b[90m 212 |\u001b[39m   console\u001b[33m.\u001b[39mwarn \u001b[33m=\u001b[39m (\u001b[33m...\u001b[39margs) \u001b[33m=>\u001b[39m {\u001b[0m\n\n      at console.call [as error] (jest.setup.js:209:19)\n      at node_modules/react-dom/cjs/react-dom-client.development.js:16023:19\n      at runWithFiberInDEV (node_modules/react-dom/cjs/react-dom-client.development.js:1522:13)\n      at warnIfUpdatesNotWrappedWithActDEV (node_modules/react-dom/cjs/react-dom-client.development.js:16022:9)\n      at scheduleUpdateOnFiber (node_modules/react-dom/cjs/react-dom-client.development.js:14396:11)\n      at dispatchSetStateInternal (node_modules/react-dom/cjs/react-dom-client.development.js:6969:13)\n      at dispatchSetState (node_modules/react-dom/cjs/react-dom-client.development.js:6927:7)\n      at setConnectionState (__tests__/integration/login-websocket-setup.test.tsx:147:7)\n      at initiateWebSocketConnection (__tests__/integration/login-websocket-setup.test.tsx:167:15)\n\n  console.error\n    An update to WebSocketSetupTestComponent inside a test was not wrapped in act(...).\n    \n    When testing, code that causes React state updates should be wrapped into act(...):\n    \n    act(() => {\n      /* fire events that update state */\n    });\n    /* assert on the output */\n    \n    This ensures that you're testing the behavior the user would see in the browser. Learn more at https://react.dev/link/wrap-tests-with-act\n\n    \u001b[0m \u001b[90m 207 |\u001b[39m       \u001b[36mreturn\u001b[39m\u001b[33m;\u001b[39m\n     \u001b[90m 208 |\u001b[39m     }\n    \u001b[31m\u001b[1m>\u001b[22m\u001b[39m\u001b[90m 209 |\u001b[39m     originalError\u001b[33m.\u001b[39mcall(console\u001b[33m,\u001b[39m \u001b[33m...\u001b[39margs)\u001b[33m;\u001b[39m\n     \u001b[90m     |\u001b[39m                   \u001b[31m\u001b[1m^\u001b[22m\u001b[39m\n     \u001b[90m 210 |\u001b[39m   }\u001b[33m;\u001b[39m\n     \u001b[90m 211 |\u001b[39m   \n     \u001b[90m 212 |\u001b[39m   console\u001b[33m.\u001b[39mwarn \u001b[33m=\u001b[39m (\u001b[33m...\u001b[39margs) \u001b[33m=>\u001b[39m {\u001b[0m\n\n      at console.call [as error] (jest.setup.js:209:19)\n      at node_modules/react-dom/cjs/react-dom-client.development.js:16023:19\n      at runWithFiberInDEV (node_modules/react-dom/cjs/react-dom-client.development.js:1522:13)\n      at warnIfUpdatesNotWrappedWithActDEV (node_modules/react-dom/cjs/react-dom-client.development.js:16022:9)\n      at scheduleUpdateOnFiber (node_modules/react-dom/cjs/react-dom-client.development.js:14396:11)\n      at dispatchSetStateInternal (node_modules/react-dom/cjs/react-dom-client.development.js:6969:13)\n      at dispatchSetState (node_modules/react-dom/cjs/react-dom-client.development.js:6927:7)\n      at setConnectionState (__tests__/integration/login-websocket-setup.test.tsx:157:7)\n      at handleLogin (__tests__/integration/login-websocket-setup.test.tsx:167:9)\n\n  console.error\n    An update to WebSocketSetupTestComponent inside a test was not wrapped in act(...).\n    \n    When testing, code that causes React state updates should be wrapped into act(...):\n    \n    act(() => {\n      /* fire events that update state */\n    });\n    /* assert on the output */\n    \n    This ensures that you're testing the behavior the user would see in the browser. Learn more at https://react.dev/link/wrap-tests-with-act\n\n    \u001b[0m \u001b[90m 207 |\u001b[39m       \u001b[36mreturn\u001b[39m\u001b[33m;\u001b[39m\n     \u001b[90m 208 |\u001b[39m     }\n    \u001b[31m\u001b[1m>\u001b[22m\u001b[39m\u001b[90m 209 |\u001b[39m     originalError\u001b[33m.\u001b[39mcall(console\u001b[33m,\u001b[39m \u001b[33m...\u001b[39margs)\u001b[33m;\u001b[39m\n     \u001b[90m     |\u001b[39m                   \u001b[31m\u001b[1m^\u001b[22m\u001b[39m\n     \u001b[90m 210 |\u001b[39m   }\u001b[33m;\u001b[39m\n     \u001b[90m 211 |\u001b[39m   \n     \u001b[90m 212 |\u001b[39m   console\u001b[33m.\u001b[39mwarn \u001b[33m=\u001b[39m (\u001b[33m...\u001b[39margs) \u001b[33m=>\u001b[39m {\u001b[0m\n\n      at console.call [as error] (jest.setup.js:209:19)\n      at node_modules/react-dom/cjs/react-dom-client.development.js:16023:19\n      at runWithFiberInDEV (node_modules/react-dom/cjs/react-dom-client.development.js:1522:13)\n      at warnIfUpdatesNotWrappedWithActDEV (node_modules/react-dom/cjs/react-dom-client.development.js:16022:9)\n      at scheduleUpdateOnFiber (node_modules/react-dom/cjs/react-dom-client.development.js:14396:11)\n      at dispatchSetStateInternal (node_modules/react-dom/cjs/react-dom-client.development.js:6969:13)\n      at dispatchSetState (node_modules/react-dom/cjs/react-dom-client.development.js:6927:7)\n      at setConnectionState (__tests__/integration/login-websocket-setup.test.tsx:155:7)\n      at checkAuthAndConnect (__tests__/integration/login-websocket-setup.test.tsx:137:9)\n\n  console.error\n    An update to WebSocketSetupTestComponent inside a test was not wrapped in act(...).\n    \n    When testing, code that causes React state updates should be wrapped into act(...):\n    \n    act(() => {\n      /* fire events that update state */\n    });\n    /* assert on the output */\n    \n    This ensures that you're testing the behavior the user would see in the browser. Learn more at https://react.dev/link/wrap-tests-with-act\n\n    \u001b[0m \u001b[90m 207 |\u001b[39m       \u001b[36mreturn\u001b[39m\u001b[33m;\u001b[39m\n     \u001b[90m 208 |\u001b[39m     }\n    \u001b[31m\u001b[1m>\u001b[22m\u001b[39m\u001b[90m 209 |\u001b[39m     originalError\u001b[33m.\u001b[39mcall(console\u001b[33m,\u001b[39m \u001b[33m...\u001b[39margs)\u001b[33m;\u001b[39m\n     \u001b[90m     |\u001b[39m                   \u001b[31m\u001b[1m^\u001b[22m\u001b[39m\n     \u001b[90m 210 |\u001b[39m   }\u001b[33m;\u001b[39m\n     \u001b[90m 211 |\u001b[39m   \n     \u001b[90m 212 |\u001b[39m   console\u001b[33m.\u001b[39mwarn \u001b[33m=\u001b[39m (\u001b[33m...\u001b[39margs) \u001b[33m=>\u001b[39m {\u001b[0m\n\n      at console.call [as error] (jest.setup.js:209:19)\n      at node_modules/react-dom/cjs/react-dom-client.development.js:16023:19\n      at runWithFiberInDEV (node_modules/react-dom/cjs/react-dom-client.development.js:1522:13)\n      at warnIfUpdatesNotWrappedWithActDEV (node_modules/react-dom/cjs/react-dom-client.development.js:16022:9)\n      at scheduleUpdateOnFiber (node_modules/react-dom/cjs/react-dom-client.development.js:14396:11)\n      at dispatchSetStateInternal (node_modules/react-dom/cjs/react-dom-client.development.js:6969:13)\n      at dispatchSetState (node_modules/react-dom/cjs/react-dom-client.development.js:6927:7)\n      at setConnectionState (__tests__/integration/login-websocket-setup.test.tsx:155:7)\n      at checkAuthAndConnect (__tests__/integration/login-websocket-setup.test.tsx:137:9)\n\n  console.error\n    An update to WebSocketSetupTestComponent inside a test was not wrapped in act(...).\n    \n    When testing, code that causes React state updates should be wrapped into act(...):\n    \n    act(() => {\n      /* fire events that update state */\n    });\n    /* assert on the output */\n    \n    This ensures that you're testing the behavior the user would see in the browser. Learn more at https://react.dev/link/wrap-tests-with-act\n\n    \u001b[0m \u001b[90m 207 |\u001b[39m       \u001b[36mreturn\u001b[39m\u001b[33m;\u001b[39m\n     \u001b[90m 208 |\u001b[39m     }\n    \u001b[31m\u001b[1m>\u001b[22m\u001b[39m\u001b[90m 209 |\u001b[39m     originalError\u001b[33m.\u001b[39mcall(console\u001b[33m,\u001b[39m \u001b[33m...\u001b[39margs)\u001b[33m;\u001b[39m\n     \u001b[90m     |\u001b[39m                   \u001b[31m\u001b[1m^\u001b[22m\u001b[39m\n     \u001b[90m 210 |\u001b[39m   }\u001b[33m;\u001b[39m\n     \u001b[90m 211 |\u001b[39m   \n     \u001b[90m 212 |\u001b[39m   console\u001b[33m.\u001b[39mwarn \u001b[33m=\u001b[39m (\u001b[33m...\u001b[39margs) \u001b[33m=>\u001b[39m {\u001b[0m\n\n      at console.call [as error] (jest.setup.js:209:19)\n      at node_modules/react-dom/cjs/react-dom-client.development.js:16023:19\n      at runWithFiberInDEV (node_modules/react-dom/cjs/react-dom-client.development.js:1522:13)\n      at warnIfUpdatesNotWrappedWithActDEV (node_modules/react-dom/cjs/react-dom-client.development.js:16022:9)\n      at scheduleUpdateOnFiber (node_modules/react-dom/cjs/react-dom-client.development.js:14396:11)\n      at dispatchSetStateInternal (node_modules/react-dom/cjs/react-dom-client.development.js:6969:13)\n      at dispatchSetState (node_modules/react-dom/cjs/react-dom-client.development.js:6927:7)\n      at setAuthState (__tests__/integration/login-websocket-setup.test.tsx:166:9)\n\n  console.error\n    An update to WebSocketSetupTestComponent inside a test was not wrapped in act(...).\n    \n    When testing, code that causes React state updates should be wrapped into act(...):\n    \n    act(() => {\n      /* fire events that update state */\n    });\n    /* assert on the output */\n    \n    This ensures that you're testing the behavior the user would see in the browser. Learn more at https://react.dev/link/wrap-tests-with-act\n\n    \u001b[0m \u001b[90m 207 |\u001b[39m       \u001b[36mreturn\u001b[39m\u001b[33m;\u001b[39m\n     \u001b[90m 208 |\u001b[39m     }\n    \u001b[31m\u001b[1m>\u001b[22m\u001b[39m\u001b[90m 209 |\u001b[39m     originalError\u001b[33m.\u001b[39mcall(console\u001b[33m,\u001b[39m \u001b[33m...\u001b[39margs)\u001b[33m;\u001b[39m\n     \u001b[90m     |\u001b[39m                   \u001b[31m\u001b[1m^\u001b[22m\u001b[39m\n     \u001b[90m 210 |\u001b[39m   }\u001b[33m;\u001b[39m\n     \u001b[90m 211 |\u001b[39m   \n     \u001b[90m 212 |\u001b[39m   console\u001b[33m.\u001b[39mwarn \u001b[33m=\u001b[39m (\u001b[33m...\u001b[39margs) \u001b[33m=>\u001b[39m {\u001b[0m\n\n      at console.call [as error] (jest.setup.js:209:19)\n      at node_modules/react-dom/cjs/react-dom-client.development.js:16023:19\n      at runWithFiberInDEV (node_modules/react-dom/cjs/react-dom-client.development.js:1522:13)\n      at warnIfUpdatesNotWrappedWithActDEV (node_modules/react-dom/cjs/react-dom-client.development.js:16022:9)\n      at scheduleUpdateOnFiber (node_modules/react-dom/cjs/react-dom-client.development.js:14396:11)\n      at dispatchSetStateInternal (node_modules/react-dom/cjs/react-dom-client.development.js:6969:13)\n      at dispatchSetState (node_modules/react-dom/cjs/react-dom-client.development.js:6927:7)\n      at setConnectionState (__tests__/integration/login-websocket-setup.test.tsx:147:7)\n      at initiateWebSocketConnection (__tests__/integration/login-websocket-setup.test.tsx:167:15)\n\n",
      "errors": "FAIL Integration Tests __tests__/integration/first-load-performance.test.tsx\n  First Load Performance Testing - Agent 1\n    Core Performance Benchmarks\n      \u00d7 achieves First Contentful Paint under 1.5 seconds (6 ms)\n      \u00d7 achieves Time to Interactive under 3 seconds (1 ms)\n      \u00d7 maintains bundle size under 1MB gzipped (1 ms)\n      \u00d7 achieves layout stability with CLS < 0.1\n    Resource Loading Performance\n      \u00d7 inlines critical CSS for above-fold content (1 ms)\n      \u00d7 preloads critical fonts effectively (1 ms)\n      \u00d7 optimizes image loading with lazy loading\n      \u00d7 implements effective code splitting\n    Memory and CPU Performance\n      \u00d7 maintains memory usage under 100MB after load (1 ms)\n      \u00d7 keeps main thread blocking time under 50ms (1 ms)\n      \u00d7 achieves smooth frame rate during initial render (1 ms)\n    Network Performance Optimization\n      \u00d7 implements effective HTTP/2 resource prioritization\n      \u00d7 uses service worker for effective caching\n\n  \u25cf First Load Performance Testing - Agent 1 \u203a Core Performance Benchmarks \u203a achieves First Contentful Paint under 1.5 seconds\n\n    ReferenceError: setupAuthServiceMocks is not defined\n\n    \u001b[0m \u001b[90m 124 |\u001b[39m   startMockServer()\u001b[33m;\u001b[39m\n     \u001b[90m 125 |\u001b[39m   installWebSocketMock()\u001b[33m;\u001b[39m\n    \u001b[31m\u001b[1m>\u001b[22m\u001b[39m\u001b[90m 126 |\u001b[39m   setupAuthServiceMocks()\u001b[33m;\u001b[39m\n     \u001b[90m     |\u001b[39m   \u001b[31m\u001b[1m^\u001b[22m\u001b[39m\n     \u001b[90m 127 |\u001b[39m }\n     \u001b[90m 128 |\u001b[39m\n     \u001b[90m 129 |\u001b[39m \u001b[90m/**\u001b[39m\u001b[0m\n\n      at setupAuthServiceMocks (__tests__/mocks/index.ts:126:3)\n      at initializeAllMocks (__tests__/mocks/index.ts:266:3)\n      at Object.<anonymous> (__tests__/integration/first-load-performance.test.tsx:62:46)\n\n  \u25cf First Load Performance Testing - Agent 1 \u203a Core Performance Benchmarks \u203a achieves First Contentful Paint under 1.5 seconds\n\n    TypeError: Cannot read properties of undefined (reading 'cleanup')\n\n    \u001b[0m \u001b[90m 66 |\u001b[39m\n     \u001b[90m 67 |\u001b[39m   afterEach(() \u001b[33m=>\u001b[39m {\n    \u001b[31m\u001b[1m>\u001b[22m\u001b[39m\u001b[90m 68 |\u001b[39m     testEnv\u001b[33m.\u001b[39mcleanup()\u001b[33m;\u001b[39m\n     \u001b[90m    |\u001b[39m             \u001b[31m\u001b[1m^\u001b[22m\u001b[39m\n     \u001b[90m 69 |\u001b[39m     performanceObserver\u001b[33m.\u001b[39mcleanup()\u001b[33m;\u001b[39m\n     \u001b[90m 70 |\u001b[39m     cleanupTest()\u001b[33m;\u001b[39m\n     \u001b[90m 71 |\u001b[39m   })\u001b[33m;\u001b[39m\u001b[0m\n\n      at Object.cleanup (__tests__/integration/first-load-performance.test.tsx:68:13)\n\n  \u25cf First Load Performance Testing - Agent 1 \u203a Core Performance Benchmarks \u203a achieves Time to Interactive under 3 seconds\n\n    ReferenceError: setupAuthServiceMocks is not defined\n\n    \u001b[0m \u001b[90m 124 |\u001b[39m   startMockServer()\u001b[33m;\u001b[39m\n     \u001b[90m 125 |\u001b[39m   installWebSocketMock()\u001b[33m;\u001b[39m\n    \u001b[31m\u001b[1m>\u001b[22m\u001b[39m\u001b[90m 126 |\u001b[39m   setupAuthServiceMocks()\u001b[33m;\u001b[39m\n     \u001b[90m     |\u001b[39m   \u001b[31m\u001b[1m^\u001b[22m\u001b[39m\n     \u001b[90m 127 |\u001b[39m }\n     \u001b[90m 128 |\u001b[39m\n     \u001b[90m 129 |\u001b[39m \u001b[90m/**\u001b[39m\u001b[0m\n\n      at setupAuthServiceMocks (__tests__/mocks/index.ts:126:3)\n      at initializeAllMocks (__tests__/mocks/index.ts:266:3)\n      at Object.<anonymous> (__tests__/integration/first-load-performance.test.tsx:62:46)\n\n  \u25cf First Load Performance Testing - Agent 1 \u203a Core Performance Benchmarks \u203a achieves Time to Interactive under 3 seconds\n\n    TypeError: Cannot read properties of undefined (reading 'cleanup')\n\n    \u001b[0m \u001b[90m 66 |\u001b[39m\n     \u001b[90m 67 |\u001b[39m   afterEach(() \u001b[33m=>\u001b[39m {\n    \u001b[31m\u001b[1m>\u001b[22m\u001b[39m\u001b[90m 68 |\u001b[39m     testEnv\u001b[33m.\u001b[39mcleanup()\u001b[33m;\u001b[39m\n     \u001b[90m    |\u001b[39m             \u001b[31m\u001b[1m^\u001b[22m\u001b[39m\n     \u001b[90m 69 |\u001b[39m     performanceObserver\u001b[33m.\u001b[39mcleanup()\u001b[33m;\u001b[39m\n     \u001b[90m 70 |\u001b[39m     cleanupTest()\u001b[33m;\u001b[39m\n     \u001b[90m 71 |\u001b[39m   })\u001b[33m;\u001b[39m\u001b[0m\n\n      at Object.cleanup (__tests__/integration/first-load-performance.test.tsx:68:13)\n\n  \u25cf First Load Performance Testing - Agent 1 \u203a Core Performance Benchmarks \u203a maintains bundle size under 1MB gzipped\n\n    ReferenceError: setupAuthServiceMocks is not defined\n\n    \u001b[0m \u001b[90m 124 |\u001b[39m   startMockServer()\u001b[33m;\u001b[39m\n     \u001b[90m 125 |\u001b[39m   installWebSocketMock()\u001b[33m;\u001b[39m\n    \u001b[31m\u001b[1m>\u001b[22m\u001b[39m\u001b[90m 126 |\u001b[39m   setupAuthServiceMocks()\u001b[33m;\u001b[39m\n     \u001b[90m     |\u001b[39m   \u001b[31m\u001b[1m^\u001b[22m\u001b[39m\n     \u001b[90m 127 |\u001b[39m }\n     \u001b[90m 128 |\u001b[39m\n     \u001b[90m 129 |\u001b[39m \u001b[90m/**\u001b[39m\u001b[0m\n\n      at setupAuthServiceMocks (__tests__/mocks/index.ts:126:3)\n      at initializeAllMocks (__tests__/mocks/index.ts:266:3)\n      at Object.<anonymous> (__tests__/integration/first-load-performance.test.tsx:62:46)\n\n  \u25cf First Load Performance Testing - Agent 1 \u203a Core Performance Benchmarks \u203a maintains bundle size under 1MB gzipped\n\n    TypeError: Cannot read properties of undefined (reading 'cleanup')\n\n    \u001b[0m \u001b[90m 66 |\u001b[39m\n     \u001b[90m 67 |\u001b[39m   afterEach(() \u001b[33m=>\u001b[39m {\n    \u001b[31m\u001b[1m>\u001b[22m\u001b[39m\u001b[90m 68 |\u001b[39m     testEnv\u001b[33m.\u001b[39mcleanup()\u001b[33m;\u001b[39m\n     \u001b[90m    |\u001b[39m             \u001b[31m\u001b[1m^\u001b[22m\u001b[39m\n     \u001b[90m 69 |\u001b[39m     performanceObserver\u001b[33m.\u001b[39mcleanup()\u001b[33m;\u001b[39m\n     \u001b[90m 70 |\u001b[39m     cleanupTest()\u001b[33m;\u001b[39m\n     \u001b[90m 71 |\u001b[39m   })\u001b[33m;\u001b[39m\u001b[0m\n\n      at Object.cleanup (__tests__/integration/first-load-performance.test.tsx:68:13)\n\n  \u25cf First Load Performance Testing - Agent 1 \u203a Core Performance Benchmarks \u203a achieves layout stability with CLS < 0.1\n\n    ReferenceError: setupAuthServiceMocks is not defined\n\n    \u001b[0m \u001b[90m 124 |\u001b[39m   startMockServer()\u001b[33m;\u001b[39m\n     \u001b[90m 125 |\u001b[39m   installWebSocketMock()\u001b[33m;\u001b[39m\n    \u001b[31m\u001b[1m>\u001b[22m\u001b[39m\u001b[90m 126 |\u001b[39m   setupAuthServiceMocks()\u001b[33m;\u001b[39m\n     \u001b[90m     |\u001b[39m   \u001b[31m\u001b[1m^\u001b[22m\u001b[39m\n     \u001b[90m 127 |\u001b[39m }\n     \u001b[90m 128 |\u001b[39m\n     \u001b[90m 129 |\u001b[39m \u001b[90m/**\u001b[39m\u001b[0m\n\n      at setupAuthServiceMocks (__tests__/mocks/index.ts:126:3)\n      at initializeAllMocks (__tests__/mocks/index.ts:266:3)\n      at Object.<anonymous> (__tests__/integration/first-load-performance.test.tsx:62:46)\n\n  \u25cf First Load Performance Testing - Agent 1 \u203a Core Performance Benchmarks \u203a achieves layout stability with CLS < 0.1\n\n    TypeError: Cannot read properties of undefined (reading 'cleanup')\n\n    \u001b[0m \u001b[90m 66 |\u001b[39m\n     \u001b[90m 67 |\u001b[39m   afterEach(() \u001b[33m=>\u001b[39m {\n    \u001b[31m\u001b[1m>\u001b[22m\u001b[39m\u001b[90m 68 |\u001b[39m     testEnv\u001b[33m.\u001b[39mcleanup()\u001b[33m;\u001b[39m\n     \u001b[90m    |\u001b[39m             \u001b[31m\u001b[1m^\u001b[22m\u001b[39m\n     \u001b[90m 69 |\u001b[39m     performanceObserver\u001b[33m.\u001b[39mcleanup()\u001b[33m;\u001b[39m\n     \u001b[90m 70 |\u001b[39m     cleanupTest()\u001b[33m;\u001b[39m\n     \u001b[90m 71 |\u001b[39m   })\u001b[33m;\u001b[39m\u001b[0m\n\n      at Object.cleanup (__tests__/integration/first-load-performance.test.tsx:68:13)\n\n  \u25cf First Load Performance Testing - Agent 1 \u203a Resource Loading Performance \u203a inlines critical CSS for above-fold content\n\n    ReferenceError: setupAuthServiceMocks is not defined\n\n    \u001b[0m \u001b[90m 124 |\u001b[39m   startMockServer()\u001b[33m;\u001b[39m\n     \u001b[90m 125 |\u001b[39m   installWebSocketMock()\u001b[33m;\u001b[39m\n    \u001b[31m\u001b[1m>\u001b[22m\u001b[39m\u001b[90m 126 |\u001b[39m   setupAuthServiceMocks()\u001b[33m;\u001b[39m\n     \u001b[90m     |\u001b[39m   \u001b[31m\u001b[1m^\u001b[22m\u001b[39m\n     \u001b[90m 127 |\u001b[39m }\n     \u001b[90m 128 |\u001b[39m\n     \u001b[90m 129 |\u001b[39m \u001b[90m/**\u001b[39m\u001b[0m\n\n      at setupAuthServiceMocks (__tests__/mocks/index.ts:126:3)\n      at initializeAllMocks (__tests__/mocks/index.ts:266:3)\n      at Object.<anonymous> (__tests__/integration/first-load-performance.test.tsx:62:46)\n\n  \u25cf First Load Performance Testing - Agent 1 \u203a Resource Loading Performance \u203a inlines critical CSS for above-fold content\n\n    TypeError: Cannot read properties of undefined (reading 'cleanup')\n\n    \u001b[0m \u001b[90m 66 |\u001b[39m\n     \u001b[90m 67 |\u001b[39m   afterEach(() \u001b[33m=>\u001b[39m {\n    \u001b[31m\u001b[1m>\u001b[22m\u001b[39m\u001b[90m 68 |\u001b[39m     testEnv\u001b[33m.\u001b[39mcleanup()\u001b[33m;\u001b[39m\n     \u001b[90m    |\u001b[39m             \u001b[31m\u001b[1m^\u001b[22m\u001b[39m\n     \u001b[90m 69 |\u001b[39m     performanceObserver\u001b[33m.\u001b[39mcleanup()\u001b[33m;\u001b[39m\n     \u001b[90m 70 |\u001b[39m     cleanupTest()\u001b[33m;\u001b[39m\n     \u001b[90m 71 |\u001b[39m   })\u001b[33m;\u001b[39m\u001b[0m\n\n      at Object.cleanup (__tests__/integration/first-load-performance.test.tsx:68:13)\n\n  \u25cf First Load Performance Testing - Agent 1 \u203a Resource Loading Performance \u203a preloads critical fonts effectively\n\n    ReferenceError: setupAuthServiceMocks is not defined\n\n    \u001b[0m \u001b[90m 124 |\u001b[39m   startMockServer()\u001b[33m;\u001b[39m\n     \u001b[90m 125 |\u001b[39m   installWebSocketMock()\u001b[33m;\u001b[39m\n    \u001b[31m\u001b[1m>\u001b[22m\u001b[39m\u001b[90m 126 |\u001b[39m   setupAuthServiceMocks()\u001b[33m;\u001b[39m\n     \u001b[90m     |\u001b[39m   \u001b[31m\u001b[1m^\u001b[22m\u001b[39m\n     \u001b[90m 127 |\u001b[39m }\n     \u001b[90m 128 |\u001b[39m\n     \u001b[90m 129 |\u001b[39m \u001b[90m/**\u001b[39m\u001b[0m\n\n      at setupAuthServiceMocks (__tests__/mocks/index.ts:126:3)\n      at initializeAllMocks (__tests__/mocks/index.ts:266:3)\n      at Object.<anonymous> (__tests__/integration/first-load-performance.test.tsx:62:46)\n\n  \u25cf First Load Performance Testing - Agent 1 \u203a Resource Loading Performance \u203a preloads critical fonts effectively\n\n    TypeError: Cannot read properties of undefined (reading 'cleanup')\n\n    \u001b[0m \u001b[90m 66 |\u001b[39m\n     \u001b[90m 67 |\u001b[39m   afterEach(() \u001b[33m=>\u001b[39m {\n    \u001b[31m\u001b[1m>\u001b[22m\u001b[39m\u001b[90m 68 |\u001b[39m     testEnv\u001b[33m.\u001b[39mcleanup()\u001b[33m;\u001b[39m\n     \u001b[90m    |\u001b[39m             \u001b[31m\u001b[1m^\u001b[22m\u001b[39m\n     \u001b[90m 69 |\u001b[39m     performanceObserver\u001b[33m.\u001b[39mcleanup()\u001b[33m;\u001b[39m\n     \u001b[90m 70 |\u001b[39m     cleanupTest()\u001b[33m;\u001b[39m\n     \u001b[90m 71 |\u001b[39m   })\u001b[33m;\u001b[39m\u001b[0m\n\n      at Object.cleanup (__tests__/integration/first-load-performance.test.tsx:68:13)\n\n  \u25cf First Load Performance Testing - Agent 1 \u203a Resource Loading Performance \u203a optimizes image loading with lazy loading\n\n    ReferenceError: setupAuthServiceMocks is not defined\n\n    \u001b[0m \u001b[90m 124 |\u001b[39m   startMockServer()\u001b[33m;\u001b[39m\n     \u001b[90m 125 |\u001b[39m   installWebSocketMock()\u001b[33m;\u001b[39m\n    \u001b[31m\u001b[1m>\u001b[22m\u001b[39m\u001b[90m 126 |\u001b[39m   setupAuthServiceMocks()\u001b[33m;\u001b[39m\n     \u001b[90m     |\u001b[39m   \u001b[31m\u001b[1m^\u001b[22m\u001b[39m\n     \u001b[90m 127 |\u001b[39m }\n     \u001b[90m 128 |\u001b[39m\n     \u001b[90m 129 |\u001b[39m \u001b[90m/**\u001b[39m\u001b[0m\n\n      at setupAuthServiceMocks (__tests__/mocks/index.ts:126:3)\n      at initializeAllMocks (__tests__/mocks/index.ts:266:3)\n      at Object.<anonymous> (__tests__/integration/first-load-performance.test.tsx:62:46)\n\n  \u25cf First Load Performance Testing - Agent 1 \u203a Resource Loading Performance \u203a optimizes image loading with lazy loading\n\n    TypeError: Cannot read properties of undefined (reading 'cleanup')\n\n    \u001b[0m \u001b[90m 66 |\u001b[39m\n     \u001b[90m 67 |\u001b[39m   afterEach(() \u001b[33m=>\u001b[39m {\n    \u001b[31m\u001b[1m>\u001b[22m\u001b[39m\u001b[90m 68 |\u001b[39m     testEnv\u001b[33m.\u001b[39mcleanup()\u001b[33m;\u001b[39m\n     \u001b[90m    |\u001b[39m             \u001b[31m\u001b[1m^\u001b[22m\u001b[39m\n     \u001b[90m 69 |\u001b[39m     performanceObserver\u001b[33m.\u001b[39mcleanup()\u001b[33m;\u001b[39m\n     \u001b[90m 70 |\u001b[39m     cleanupTest()\u001b[33m;\u001b[39m\n     \u001b[90m 71 |\u001b[39m   })\u001b[33m;\u001b[39m\u001b[0m\n\n      at Object.cleanup (__tests__/integration/first-load-performance.test.tsx:68:13)\n\n  \u25cf First Load Performance Testing - Agent 1 \u203a Resource Loading Performance \u203a implements effective code splitting\n\n    ReferenceError: setupAuthServiceMocks is not defined\n\n    \u001b[0m \u001b[90m 124 |\u001b[39m   startMockServer()\u001b[33m;\u001b[39m\n     \u001b[90m 125 |\u001b[39m   installWebSocketMock()\u001b[33m;\u001b[39m\n    \u001b[31m\u001b[1m>\u001b[22m\u001b[39m\u001b[90m 126 |\u001b[39m   setupAuthServiceMocks()\u001b[33m;\u001b[39m\n     \u001b[90m     |\u001b[39m   \u001b[31m\u001b[1m^\u001b[22m\u001b[39m\n     \u001b[90m 127 |\u001b[39m }\n     \u001b[90m 128 |\u001b[39m\n     \u001b[90m 129 |\u001b[39m \u001b[90m/**\u001b[39m\u001b[0m\n\n      at setupAuthServiceMocks (__tests__/mocks/index.ts:126:3)\n      at initializeAllMocks (__tests__/mocks/index.ts:266:3)\n      at Object.<anonymous> (__tests__/integration/first-load-performance.test.tsx:62:46)\n\n  \u25cf First Load Performance Testing - Agent 1 \u203a Resource Loading Performance \u203a implements effective code splitting\n\n    TypeError: Cannot read properties of undefined (reading 'cleanup')\n\n    \u001b[0m \u001b[90m 66 |\u001b[39m\n     \u001b[90m 67 |\u001b[39m   afterEach(() \u001b[33m=>\u001b[39m {\n    \u001b[31m\u001b[1m>\u001b[22m\u001b[39m\u001b[90m 68 |\u001b[39m     testEnv\u001b[33m.\u001b[39mcleanup()\u001b[33m;\u001b[39m\n     \u001b[90m    |\u001b[39m             \u001b[31m\u001b[1m^\u001b[22m\u001b[39m\n     \u001b[90m 69 |\u001b[39m     performanceObserver\u001b[33m.\u001b[39mcleanup()\u001b[33m;\u001b[39m\n     \u001b[90m 70 |\u001b[39m     cleanupTest()\u001b[33m;\u001b[39m\n     \u001b[90m 71 |\u001b[39m   })\u001b[33m;\u001b[39m\u001b[0m\n\n      at Object.cleanup (__tests__/integration/first-load-performance.test.tsx:68:13)\n\n  \u25cf First Load Performance Testing - Agent 1 \u203a Memory and CPU Performance \u203a maintains memory usage under 100MB after load\n\n    ReferenceError: setupAuthServiceMocks is not defined\n\n    \u001b[0m \u001b[90m 124 |\u001b[39m   startMockServer()\u001b[33m;\u001b[39m\n     \u001b[90m 125 |\u001b[39m   installWebSocketMock()\u001b[33m;\u001b[39m\n    \u001b[31m\u001b[1m>\u001b[22m\u001b[39m\u001b[90m 126 |\u001b[39m   setupAuthServiceMocks()\u001b[33m;\u001b[39m\n     \u001b[90m     |\u001b[39m   \u001b[31m\u001b[1m^\u001b[22m\u001b[39m\n     \u001b[90m 127 |\u001b[39m }\n     \u001b[90m 128 |\u001b[39m\n     \u001b[90m 129 |\u001b[39m \u001b[90m/**\u001b[39m\u001b[0m\n\n      at setupAuthServiceMocks (__tests__/mocks/index.ts:126:3)\n      at initializeAllMocks (__tests__/mocks/index.ts:266:3)\n      at Object.<anonymous> (__tests__/integration/first-load-performance.test.tsx:62:46)\n\n  \u25cf First Load Performance Testing - Agent 1 \u203a Memory and CPU Performance \u203a maintains memory usage under 100MB after load\n\n    TypeError: Cannot read properties of undefined (reading 'cleanup')\n\n    \u001b[0m \u001b[90m 66 |\u001b[39m\n     \u001b[90m 67 |\u001b[39m   afterEach(() \u001b[33m=>\u001b[39m {\n    \u001b[31m\u001b[1m>\u001b[22m\u001b[39m\u001b[90m 68 |\u001b[39m     testEnv\u001b[33m.\u001b[39mcleanup()\u001b[33m;\u001b[39m\n     \u001b[90m    |\u001b[39m             \u001b[31m\u001b[1m^\u001b[22m\u001b[39m\n     \u001b[90m 69 |\u001b[39m     performanceObserver\u001b[33m.\u001b[39mcleanup()\u001b[33m;\u001b[39m\n     \u001b[90m 70 |\u001b[39m     cleanupTest()\u001b[33m;\u001b[39m\n     \u001b[90m 71 |\u001b[39m   })\u001b[33m;\u001b[39m\u001b[0m\n\n      at Object.cleanup (__tests__/integration/first-load-performance.test.tsx:68:13)\n\n  \u25cf First Load Performance Testing - Agent 1 \u203a Memory and CPU Performance \u203a keeps main thread blocking time under 50ms\n\n    ReferenceError: setupAuthServiceMocks is not defined\n\n    \u001b[0m \u001b[90m 124 |\u001b[39m   startMockServer()\u001b[33m;\u001b[39m\n     \u001b[90m 125 |\u001b[39m   installWebSocketMock()\u001b[33m;\u001b[39m\n    \u001b[31m\u001b[1m>\u001b[22m\u001b[39m\u001b[90m 126 |\u001b[39m   setupAuthServiceMocks()\u001b[33m;\u001b[39m\n     \u001b[90m     |\u001b[39m   \u001b[31m\u001b[1m^\u001b[22m\u001b[39m\n     \u001b[90m 127 |\u001b[39m }\n     \u001b[90m 128 |\u001b[39m\n     \u001b[90m 129 |\u001b[39m \u001b[90m/**\u001b[39m\u001b[0m\n\n      at setupAuthServiceMocks (__tests__/mocks/index.ts:126:3)\n      at initializeAllMocks (__tests__/mocks/index.ts:266:3)\n      at Object.<anonymous> (__tests__/integration/first-load-performance.test.tsx:62:46)\n\n  \u25cf First Load Performance Testing - Agent 1 \u203a Memory and CPU Performance \u203a keeps main thread blocking time under 50ms\n\n    TypeError: Cannot read properties of undefined (reading 'cleanup')\n\n    \u001b[0m \u001b[90m 66 |\u001b[39m\n     \u001b[90m 67 |\u001b[39m   afterEach(() \u001b[33m=>\u001b[39m {\n    \u001b[31m\u001b[1m>\u001b[22m\u001b[39m\u001b[90m 68 |\u001b[39m     testEnv\u001b[33m.\u001b[39mcleanup()\u001b[33m;\u001b[39m\n     \u001b[90m    |\u001b[39m             \u001b[31m\u001b[1m^\u001b[22m\u001b[39m\n     \u001b[90m 69 |\u001b[39m     performanceObserver\u001b[33m.\u001b[39mcleanup()\u001b[33m;\u001b[39m\n     \u001b[90m 70 |\u001b[39m     cleanupTest()\u001b[33m;\u001b[39m\n     \u001b[90m 71 |\u001b[39m   })\u001b[33m;\u001b[39m\u001b[0m\n\n      at Object.cleanup (__tests__/integration/first-load-performance.test.tsx:68:13)\n\n  \u25cf First Load Performance Testing - Agent 1 \u203a Memory and CPU Performance \u203a achieves smooth frame rate during initial render\n\n    ReferenceError: setupAuthServiceMocks is not defined\n\n    \u001b[0m \u001b[90m 124 |\u001b[39m   startMockServer()\u001b[33m;\u001b[39m\n     \u001b[90m 125 |\u001b[39m   installWebSocketMock()\u001b[33m;\u001b[39m\n    \u001b[31m\u001b[1m>\u001b[22m\u001b[39m\u001b[90m 126 |\u001b[39m   setupAuthServiceMocks()\u001b[33m;\u001b[39m\n     \u001b[90m     |\u001b[39m   \u001b[31m\u001b[1m^\u001b[22m\u001b[39m\n     \u001b[90m 127 |\u001b[39m }\n     \u001b[90m 128 |\u001b[39m\n     \u001b[90m 129 |\u001b[39m \u001b[90m/**\u001b[39m\u001b[0m\n\n      at setupAuthServiceMocks (__tests__/mocks/index.ts:126:3)\n      at initializeAllMocks (__tests__/mocks/index.ts:266:3)\n      at Object.<anonymous> (__tests__/integration/first-load-performance.test.tsx:62:46)\n\n  \u25cf First Load Performance Testing - Agent 1 \u203a Memory and CPU Performance \u203a achieves smooth frame rate during initial render\n\n    TypeError: Cannot read properties of undefined (reading 'cleanup')\n\n    \u001b[0m \u001b[90m 66 |\u001b[39m\n     \u001b[90m 67 |\u001b[39m   afterEach(() \u001b[33m=>\u001b[39m {\n    \u001b[31m\u001b[1m>\u001b[22m\u001b[39m\u001b[90m 68 |\u001b[39m     testEnv\u001b[33m.\u001b[39mcleanup()\u001b[33m;\u001b[39m\n     \u001b[90m    |\u001b[39m             \u001b[31m\u001b[1m^\u001b[22m\u001b[39m\n     \u001b[90m 69 |\u001b[39m     performanceObserver\u001b[33m.\u001b[39mcleanup()\u001b[33m;\u001b[39m\n     \u001b[90m 70 |\u001b[39m     cleanupTest()\u001b[33m;\u001b[39m\n     \u001b[90m 71 |\u001b[39m   })\u001b[33m;\u001b[39m\u001b[0m\n\n      at Object.cleanup (__tests__/integration/first-load-performance.test.tsx:68:13)\n\n  \u25cf First Load Performance Testing - Agent 1 \u203a Network Performance Optimization \u203a implements effective HTTP/2 resource prioritization\n\n    ReferenceError: setupAuthServiceMocks is not defined\n\n    \u001b[0m \u001b[90m 124 |\u001b[39m   startMockServer()\u001b[33m;\u001b[39m\n     \u001b[90m 125 |\u001b[39m   installWebSocketMock()\u001b[33m;\u001b[39m\n    \u001b[31m\u001b[1m>\u001b[22m\u001b[39m\u001b[90m 126 |\u001b[39m   setupAuthServiceMocks()\u001b[33m;\u001b[39m\n     \u001b[90m     |\u001b[39m   \u001b[31m\u001b[1m^\u001b[22m\u001b[39m\n     \u001b[90m 127 |\u001b[39m }\n     \u001b[90m 128 |\u001b[39m\n     \u001b[90m 129 |\u001b[39m \u001b[90m/**\u001b[39m\u001b[0m\n\n      at setupAuthServiceMocks (__tests__/mocks/index.ts:126:3)\n      at initializeAllMocks (__tests__/mocks/index.ts:266:3)\n      at Object.<anonymous> (__tests__/integration/first-load-performance.test.tsx:62:46)\n\n  \u25cf First Load Performance Testing - Agent 1 \u203a Network Performance Optimization \u203a implements effective HTTP/2 resource prioritization\n\n    TypeError: Cannot read properties of undefined (reading 'cleanup')\n\n    \u001b[0m \u001b[90m 66 |\u001b[39m\n     \u001b[90m 67 |\u001b[39m   afterEach(() \u001b[33m=>\u001b[39m {\n    \u001b[31m\u001b[1m>\u001b[22m\u001b[39m\u001b[90m 68 |\u001b[39m     testEnv\u001b[33m.\u001b[39mcleanup()\u001b[33m;\u001b[39m\n     \u001b[90m    |\u001b[39m             \u001b[31m\u001b[1m^\u001b[22m\u001b[39m\n     \u001b[90m 69 |\u001b[39m     performanceObserver\u001b[33m.\u001b[39mcleanup()\u001b[33m;\u001b[39m\n     \u001b[90m 70 |\u001b[39m     cleanupTest()\u001b[33m;\u001b[39m\n     \u001b[90m 71 |\u001b[39m   })\u001b[33m;\u001b[39m\u001b[0m\n\n      at Object.cleanup (__tests__/integration/first-load-performance.test.tsx:68:13)\n\n  \u25cf First Load Performance Testing - Agent 1 \u203a Network Performance Optimization \u203a uses service worker for effective caching\n\n    ReferenceError: setupAuthServiceMocks is not defined\n\n    \u001b[0m \u001b[90m 124 |\u001b[39m   startMockServer()\u001b[33m;\u001b[39m\n     \u001b[90m 125 |\u001b[39m   installWebSocketMock()\u001b[33m;\u001b[39m\n    \u001b[31m\u001b[1m>\u001b[22m\u001b[39m\u001b[90m 126 |\u001b[39m   setupAuthServiceMocks()\u001b[33m;\u001b[39m\n     \u001b[90m     |\u001b[39m   \u001b[31m\u001b[1m^\u001b[22m\u001b[39m\n     \u001b[90m 127 |\u001b[39m }\n     \u001b[90m 128 |\u001b[39m\n     \u001b[90m 129 |\u001b[39m \u001b[90m/**\u001b[39m\u001b[0m\n\n      at setupAuthServiceMocks (__tests__/mocks/index.ts:126:3)\n      at initializeAllMocks (__tests__/mocks/index.ts:266:3)\n      at Object.<anonymous> (__tests__/integration/first-load-performance.test.tsx:62:46)\n\n  \u25cf First Load Performance Testing - Agent 1 \u203a Network Performance Optimization \u203a uses service worker for effective caching\n\n    TypeError: Cannot read properties of undefined (reading 'cleanup')\n\n    \u001b[0m \u001b[90m 66 |\u001b[39m\n     \u001b[90m 67 |\u001b[39m   afterEach(() \u001b[33m=>\u001b[39m {\n    \u001b[31m\u001b[1m>\u001b[22m\u001b[39m\u001b[90m 68 |\u001b[39m     testEnv\u001b[33m.\u001b[39mcleanup()\u001b[33m;\u001b[39m\n     \u001b[90m    |\u001b[39m             \u001b[31m\u001b[1m^\u001b[22m\u001b[39m\n     \u001b[90m 69 |\u001b[39m     performanceObserver\u001b[33m.\u001b[39mcleanup()\u001b[33m;\u001b[39m\n     \u001b[90m 70 |\u001b[39m     cleanupTest()\u001b[33m;\u001b[39m\n     \u001b[90m 71 |\u001b[39m   })\u001b[33m;\u001b[39m\u001b[0m\n\n      at Object.cleanup (__tests__/integration/first-load-performance.test.tsx:68:13)\n\nSummary of all failing tests\nFAIL __tests__/integration/first-load-performance.test.tsx\n  \u25cf First Load Performance Testing - Agent 1 \u203a Core Performance Benchmarks \u203a achieves First Contentful Paint under 1.5 seconds\n\n    ReferenceError: setupAuthServiceMocks is not defined\n\n    \u001b[0m \u001b[90m 124 |\u001b[39m   startMockServer()\u001b[33m;\u001b[39m\n     \u001b[90m 125 |\u001b[39m   installWebSocketMock()\u001b[33m;\u001b[39m\n    \u001b[31m\u001b[1m>\u001b[22m\u001b[39m\u001b[90m 126 |\u001b[39m   setupAuthServiceMocks()\u001b[33m;\u001b[39m\n     \u001b[90m     |\u001b[39m   \u001b[31m\u001b[1m^\u001b[22m\u001b[39m\n     \u001b[90m 127 |\u001b[39m }\n     \u001b[90m 128 |\u001b[39m\n     \u001b[90m 129 |\u001b[39m \u001b[90m/**\u001b[39m\u001b[0m\n\n      at setupAuthServiceMocks (__tests__/mocks/index.ts:126:3)\n      at initializeAllMocks (__tests__/mocks/index.ts:266:3)\n      at Object.<anonymous> (__tests__/integration/first-load-performance.test.tsx:62:46)\n\n  \u25cf First Load Performance Testing - Agent 1 \u203a Core Performance Benchmarks \u203a achieves First Contentful Paint under 1.5 seconds\n\n    TypeError: Cannot read properties of undefined (reading 'cleanup')\n\n    \u001b[0m \u001b[90m 66 |\u001b[39m\n     \u001b[90m 67 |\u001b[39m   afterEach(() \u001b[33m=>\u001b[39m {\n    \u001b[31m\u001b[1m>\u001b[22m\u001b[39m\u001b[90m 68 |\u001b[39m     testEnv\u001b[33m.\u001b[39mcleanup()\u001b[33m;\u001b[39m\n     \u001b[90m    |\u001b[39m             \u001b[31m\u001b[1m^\u001b[22m\u001b[39m\n     \u001b[90m 69 |\u001b[39m     performanceObserver\u001b[33m.\u001b[39mcleanup()\u001b[33m;\u001b[39m\n     \u001b[90m 70 |\u001b[39m     cleanupTest()\u001b[33m;\u001b[39m\n     \u001b[90m 71 |\u001b[39m   })\u001b[33m;\u001b[39m\u001b[0m\n\n      at Object.cleanup (__tests__/integration/first-load-performance.test.tsx:68:13)\n\n  \u25cf First Load Performance Testing - Agent 1 \u203a Core Performance Benchmarks \u203a achieves Time to Interactive under 3 seconds\n\n    ReferenceError: setupAuthServiceMocks is not defined\n\n    \u001b[0m \u001b[90m 124 |\u001b[39m   startMockServer()\u001b[33m;\u001b[39m\n     \u001b[90m 125 |\u001b[39m   installWebSocketMock()\u001b[33m;\u001b[39m\n    \u001b[31m\u001b[1m>\u001b[22m\u001b[39m\u001b[90m 126 |\u001b[39m   setupAuthServiceMocks()\u001b[33m;\u001b[39m\n     \u001b[90m     |\u001b[39m   \u001b[31m\u001b[1m^\u001b[22m\u001b[39m\n     \u001b[90m 127 |\u001b[39m }\n     \u001b[90m 128 |\u001b[39m\n     \u001b[90m 129 |\u001b[39m \u001b[90m/**\u001b[39m\u001b[0m\n\n      at setupAuthServiceMocks (__tests__/mocks/index.ts:126:3)\n      at initializeAllMocks (__tests__/mocks/index.ts:266:3)\n      at Object.<anonymous> (__tests__/integration/first-load-performance.test.tsx:62:46)\n\n  \u25cf First Load Performance Testing - Agent 1 \u203a Core Performance Benchmarks \u203a achieves Time to Interactive under 3 seconds\n\n    TypeError: Cannot read properties of undefined (reading 'cleanup')\n\n    \u001b[0m \u001b[90m 66 |\u001b[39m\n     \u001b[90m 67 |\u001b[39m   afterEach(() \u001b[33m=>\u001b[39m {\n    \u001b[31m\u001b[1m>\u001b[22m\u001b[39m\u001b[90m 68 |\u001b[39m     testEnv\u001b[33m.\u001b[39mcleanup()\u001b[33m;\u001b[39m\n     \u001b[90m    |\u001b[39m             \u001b[31m\u001b[1m^\u001b[22m\u001b[39m\n     \u001b[90m 69 |\u001b[39m     performanceObserver\u001b[33m.\u001b[39mcleanup()\u001b[33m;\u001b[39m\n     \u001b[90m 70 |\u001b[39m     cleanupTest()\u001b[33m;\u001b[39m\n     \u001b[90m 71 |\u001b[39m   })\u001b[33m;\u001b[39m\u001b[0m\n\n      at Object.cleanup (__tests__/integration/first-load-performance.test.tsx:68:13)\n\n  \u25cf First Load Performance Testing - Agent 1 \u203a Core Performance Benchmarks \u203a maintains bundle size under 1MB gzipped\n\n    ReferenceError: setupAuthServiceMocks is not defined\n\n    \u001b[0m \u001b[90m 124 |\u001b[39m   startMockServer()\u001b[33m;\u001b[39m\n     \u001b[90m 125 |\u001b[39m   installWebSocketMock()\u001b[33m;\u001b[39m\n    \u001b[31m\u001b[1m>\u001b[22m\u001b[39m\u001b[90m 126 |\u001b[39m   setupAuthServiceMocks()\u001b[33m;\u001b[39m\n     \u001b[90m     |\u001b[39m   \u001b[31m\u001b[1m^\u001b[22m\u001b[39m\n     \u001b[90m 127 |\u001b[39m }\n     \u001b[90m 128 |\u001b[39m\n     \u001b[90m 129 |\u001b[39m \u001b[90m/**\u001b[39m\u001b[0m\n\n      at setupAuthServiceMocks (__tests__/mocks/index.ts:126:3)\n      at initializeAllMocks (__tests__/mocks/index.ts:266:3)\n      at Object.<anonymous> (__tests__/integration/first-load-performance.test.tsx:62:46)\n\n  \u25cf First Load Performance Testing - Agent 1 \u203a Core Performance Benchmarks \u203a maintains bundle size under 1MB gzipped\n\n    TypeError: Cannot read properties of undefined (reading 'cleanup')\n\n    \u001b[0m \u001b[90m 66 |\u001b[39m\n     \u001b[90m 67 |\u001b[39m   afterEach(() \u001b[33m=>\u001b[39m {\n    \u001b[31m\u001b[1m>\u001b[22m\u001b[39m\u001b[90m 68 |\u001b[39m     testEnv\u001b[33m.\u001b[39mcleanup()\u001b[33m;\u001b[39m\n     \u001b[90m    |\u001b[39m             \u001b[31m\u001b[1m^\u001b[22m\u001b[39m\n     \u001b[90m 69 |\u001b[39m     performanceObserver\u001b[33m.\u001b[39mcleanup()\u001b[33m;\u001b[39m\n     \u001b[90m 70 |\u001b[39m     cleanupTest()\u001b[33m;\u001b[39m\n     \u001b[90m 71 |\u001b[39m   })\u001b[33m;\u001b[39m\u001b[0m\n\n      at Object.cleanup (__tests__/integration/first-load-performance.test.tsx:68:13)\n\n  \u25cf First Load Performance Testing - Agent 1 \u203a Core Performance Benchmarks \u203a achieves layout stability with CLS < 0.1\n\n    ReferenceError: setupAuthServiceMocks is not defined\n\n    \u001b[0m \u001b[90m 124 |\u001b[39m   startMockServer()\u001b[33m;\u001b[39m\n     \u001b[90m 125 |\u001b[39m   installWebSocketMock()\u001b[33m;\u001b[39m\n    \u001b[31m\u001b[1m>\u001b[22m\u001b[39m\u001b[90m 126 |\u001b[39m   setupAuthServiceMocks()\u001b[33m;\u001b[39m\n     \u001b[90m     |\u001b[39m   \u001b[31m\u001b[1m^\u001b[22m\u001b[39m\n     \u001b[90m 127 |\u001b[39m }\n     \u001b[90m 128 |\u001b[39m\n     \u001b[90m 129 |\u001b[39m \u001b[90m/**\u001b[39m\u001b[0m\n\n      at setupAuthServiceMocks (__tests__/mocks/index.ts:126:3)\n      at initializeAllMocks (__tests__/mocks/index.ts:266:3)\n      at Object.<anonymous> (__tests__/integration/first-load-performance.test.tsx:62:46)\n\n  \u25cf First Load Performance Testing - Agent 1 \u203a Core Performance Benchmarks \u203a achieves layout stability with CLS < 0.1\n\n    TypeError: Cannot read properties of undefined (reading 'cleanup')\n\n    \u001b[0m \u001b[90m 66 |\u001b[39m\n     \u001b[90m 67 |\u001b[39m   afterEach(() \u001b[33m=>\u001b[39m {\n    \u001b[31m\u001b[1m>\u001b[22m\u001b[39m\u001b[90m 68 |\u001b[39m     testEnv\u001b[33m.\u001b[39mcleanup()\u001b[33m;\u001b[39m\n     \u001b[90m    |\u001b[39m             \u001b[31m\u001b[1m^\u001b[22m\u001b[39m\n     \u001b[90m 69 |\u001b[39m     performanceObserver\u001b[33m.\u001b[39mcleanup()\u001b[33m;\u001b[39m\n     \u001b[90m 70 |\u001b[39m     cleanupTest()\u001b[33m;\u001b[39m\n     \u001b[90m 71 |\u001b[39m   })\u001b[33m;\u001b[39m\u001b[0m\n\n      at Object.cleanup (__tests__/integration/first-load-performance.test.tsx:68:13)\n\n  \u25cf First Load Performance Testing - Agent 1 \u203a Resource Loading Performance \u203a inlines critical CSS for above-fold content\n\n    ReferenceError: setupAuthServiceMocks is not defined\n\n    \u001b[0m \u001b[90m 124 |\u001b[39m   startMockServer()\u001b[33m;\u001b[39m\n     \u001b[90m 125 |\u001b[39m   installWebSocketMock()\u001b[33m;\u001b[39m\n    \u001b[31m\u001b[1m>\u001b[22m\u001b[39m\u001b[90m 126 |\u001b[39m   setupAuthServiceMocks()\u001b[33m;\u001b[39m\n     \u001b[90m     |\u001b[39m   \u001b[31m\u001b[1m^\u001b[22m\u001b[39m\n     \u001b[90m 127 |\u001b[39m }\n     \u001b[90m 128 |\u001b[39m\n     \u001b[90m 129 |\u001b[39m \u001b[90m/**\u001b[39m\u001b[0m\n\n      at setupAuthServiceMocks (__tests__/mocks/index.ts:126:3)\n      at initializeAllMocks (__tests__/mocks/index.ts:266:3)\n      at Object.<anonymous> (__tests__/integration/first-load-performance.test.tsx:62:46)\n\n  \u25cf First Load Performance Testing - Agent 1 \u203a Resource Loading Performance \u203a inlines critical CSS for above-fold content\n\n    TypeError: Cannot read properties of undefined (reading 'cleanup')\n\n    \u001b[0m \u001b[90m 66 |\u001b[39m\n     \u001b[90m 67 |\u001b[39m   afterEach(() \u001b[33m=>\u001b[39m {\n    \u001b[31m\u001b[1m>\u001b[22m\u001b[39m\u001b[90m 68 |\u001b[39m     testEnv\u001b[33m.\u001b[39mcleanup()\u001b[33m;\u001b[39m\n     \u001b[90m    |\u001b[39m             \u001b[31m\u001b[1m^\u001b[22m\u001b[39m\n     \u001b[90m 69 |\u001b[39m     performanceObserver\u001b[33m.\u001b[39mcleanup()\u001b[33m;\u001b[39m\n     \u001b[90m 70 |\u001b[39m     cleanupTest()\u001b[33m;\u001b[39m\n     \u001b[90m 71 |\u001b[39m   })\u001b[33m;\u001b[39m\u001b[0m\n\n      at Object.cleanup (__tests__/integration/first-load-performance.test.tsx:68:13)\n\n  \u25cf First Load Performance Testing - Agent 1 \u203a Resource Loading Performance \u203a preloads critical fonts effectively\n\n    ReferenceError: setupAuthServiceMocks is not defined\n\n    \u001b[0m \u001b[90m 124 |\u001b[39m   startMockServer()\u001b[33m;\u001b[39m\n     \u001b[90m 125 |\u001b[39m   installWebSocketMock()\u001b[33m;\u001b[39m\n    \u001b[31m\u001b[1m>\u001b[22m\u001b[39m\u001b[90m 126 |\u001b[39m   setupAuthServiceMocks()\u001b[33m;\u001b[39m\n     \u001b[90m     |\u001b[39m   \u001b[31m\u001b[1m^\u001b[22m\u001b[39m\n     \u001b[90m 127 |\u001b[39m }\n     \u001b[90m 128 |\u001b[39m\n     \u001b[90m 129 |\u001b[39m \u001b[90m/**\u001b[39m\u001b[0m\n\n      at setupAuthServiceMocks (__tests__/mocks/index.ts:126:3)\n      at initializeAllMocks (__tests__/mocks/index.ts:266:3)\n      at Object.<anonymous> (__tests__/integration/first-load-performance.test.tsx:62:46)\n\n  \u25cf First Load Performance Testing - Agent 1 \u203a Resource Loading Performance \u203a preloads critical fonts effectively\n\n    TypeError: Cannot read properties of undefined (reading 'cleanup')\n\n    \u001b[0m \u001b[90m 66 |\u001b[39m\n     \u001b[90m 67 |\u001b[39m   afterEach(() \u001b[33m=>\u001b[39m {\n    \u001b[31m\u001b[1m>\u001b[22m\u001b[39m\u001b[90m 68 |\u001b[39m     testEnv\u001b[33m.\u001b[39mcleanup()\u001b[33m;\u001b[39m\n     \u001b[90m    |\u001b[39m             \u001b[31m\u001b[1m^\u001b[22m\u001b[39m\n     \u001b[90m 69 |\u001b[39m     performanceObserver\u001b[33m.\u001b[39mcleanup()\u001b[33m;\u001b[39m\n     \u001b[90m 70 |\u001b[39m     cleanupTest()\u001b[33m;\u001b[39m\n     \u001b[90m 71 |\u001b[39m   })\u001b[33m;\u001b[39m\u001b[0m\n\n      at Object.cleanup (__tests__/integration/first-load-performance.test.tsx:68:13)\n\n  \u25cf First Load Performance Testing - Agent 1 \u203a Resource Loading Performance \u203a optimizes image loading with lazy loading\n\n    ReferenceError: setupAuthServiceMocks is not defined\n\n    \u001b[0m \u001b[90m 124 |\u001b[39m   startMockServer()\u001b[33m;\u001b[39m\n     \u001b[90m 125 |\u001b[39m   installWebSocketMock()\u001b[33m;\u001b[39m\n    \u001b[31m\u001b[1m>\u001b[22m\u001b[39m\u001b[90m 126 |\u001b[39m   setupAuthServiceMocks()\u001b[33m;\u001b[39m\n     \u001b[90m     |\u001b[39m   \u001b[31m\u001b[1m^\u001b[22m\u001b[39m\n     \u001b[90m 127 |\u001b[39m }\n     \u001b[90m 128 |\u001b[39m\n     \u001b[90m 129 |\u001b[39m \u001b[90m/**\u001b[39m\u001b[0m\n\n      at setupAuthServiceMocks (__tests__/mocks/index.ts:126:3)\n      at initializeAllMocks (__tests__/mocks/index.ts:266:3)\n      at Object.<anonymous> (__tests__/integration/first-load-performance.test.tsx:62:46)\n\n  \u25cf First Load Performance Testing - Agent 1 \u203a Resource Loading Performance \u203a optimizes image loading with lazy loading\n\n    TypeError: Cannot read properties of undefined (reading 'cleanup')\n\n    \u001b[0m \u001b[90m 66 |\u001b[39m\n     \u001b[90m 67 |\u001b[39m   afterEach(() \u001b[33m=>\u001b[39m {\n    \u001b[31m\u001b[1m>\u001b[22m\u001b[39m\u001b[90m 68 |\u001b[39m     testEnv\u001b[33m.\u001b[39mcleanup()\u001b[33m;\u001b[39m\n     \u001b[90m    |\u001b[39m             \u001b[31m\u001b[1m^\u001b[22m\u001b[39m\n     \u001b[90m 69 |\u001b[39m     performanceObserver\u001b[33m.\u001b[39mcleanup()\u001b[33m;\u001b[39m\n     \u001b[90m 70 |\u001b[39m     cleanupTest()\u001b[33m;\u001b[39m\n     \u001b[90m 71 |\u001b[39m   })\u001b[33m;\u001b[39m\u001b[0m\n\n      at Object.cleanup (__tests__/integration/first-load-performance.test.tsx:68:13)\n\n  \u25cf First Load Performance Testing - Agent 1 \u203a Resource Loading Performance \u203a implements effective code splitting\n\n    ReferenceError: setupAuthServiceMocks is not defined\n\n    \u001b[0m \u001b[90m 124 |\u001b[39m   startMockServer()\u001b[33m;\u001b[39m\n     \u001b[90m 125 |\u001b[39m   installWebSocketMock()\u001b[33m;\u001b[39m\n    \u001b[31m\u001b[1m>\u001b[22m\u001b[39m\u001b[90m 126 |\u001b[39m   setupAuthServiceMocks()\u001b[33m;\u001b[39m\n     \u001b[90m     |\u001b[39m   \u001b[31m\u001b[1m^\u001b[22m\u001b[39m\n     \u001b[90m 127 |\u001b[39m }\n     \u001b[90m 128 |\u001b[39m\n     \u001b[90m 129 |\u001b[39m \u001b[90m/**\u001b[39m\u001b[0m\n\n      at setupAuthServiceMocks (__tests__/mocks/index.ts:126:3)\n      at initializeAllMocks (__tests__/mocks/index.ts:266:3)\n      at Object.<anonymous> (__tests__/integration/first-load-performance.test.tsx:62:46)\n\n  \u25cf First Load Performance Testing - Agent 1 \u203a Resource Loading Performance \u203a implements effective code splitting\n\n    TypeError: Cannot read properties of undefined (reading 'cleanup')\n\n    \u001b[0m \u001b[90m 66 |\u001b[39m\n     \u001b[90m 67 |\u001b[39m   afterEach(() \u001b[33m=>\u001b[39m {\n    \u001b[31m\u001b[1m>\u001b[22m\u001b[39m\u001b[90m 68 |\u001b[39m     testEnv\u001b[33m.\u001b[39mcleanup()\u001b[33m;\u001b[39m\n     \u001b[90m    |\u001b[39m             \u001b[31m\u001b[1m^\u001b[22m\u001b[39m\n     \u001b[90m 69 |\u001b[39m     performanceObserver\u001b[33m.\u001b[39mcleanup()\u001b[33m;\u001b[39m\n     \u001b[90m 70 |\u001b[39m     cleanupTest()\u001b[33m;\u001b[39m\n     \u001b[90m 71 |\u001b[39m   })\u001b[33m;\u001b[39m\u001b[0m\n\n      at Object.cleanup (__tests__/integration/first-load-performance.test.tsx:68:13)\n\n  \u25cf First Load Performance Testing - Agent 1 \u203a Memory and CPU Performance \u203a maintains memory usage under 100MB after load\n\n    ReferenceError: setupAuthServiceMocks is not defined\n\n    \u001b[0m \u001b[90m 124 |\u001b[39m   startMockServer()\u001b[33m;\u001b[39m\n     \u001b[90m 125 |\u001b[39m   installWebSocketMock()\u001b[33m;\u001b[39m\n    \u001b[31m\u001b[1m>\u001b[22m\u001b[39m\u001b[90m 126 |\u001b[39m   setupAuthServiceMocks()\u001b[33m;\u001b[39m\n     \u001b[90m     |\u001b[39m   \u001b[31m\u001b[1m^\u001b[22m\u001b[39m\n     \u001b[90m 127 |\u001b[39m }\n     \u001b[90m 128 |\u001b[39m\n     \u001b[90m 129 |\u001b[39m \u001b[90m/**\u001b[39m\u001b[0m\n\n      at setupAuthServiceMocks (__tests__/mocks/index.ts:126:3)\n      at initializeAllMocks (__tests__/mocks/index.ts:266:3)\n      at Object.<anonymous> (__tests__/integration/first-load-performance.test.tsx:62:46)\n\n  \u25cf First Load Performance Testing - Agent 1 \u203a Memory and CPU Performance \u203a maintains memory usage under 100MB after load\n\n    TypeError: Cannot read properties of undefined (reading 'cleanup')\n\n    \u001b[0m \u001b[90m 66 |\u001b[39m\n     \u001b[90m 67 |\u001b[39m   afterEach(() \u001b[33m=>\u001b[39m {\n    \u001b[31m\u001b[1m>\u001b[22m\u001b[39m\u001b[90m 68 |\u001b[39m     testEnv\u001b[33m.\u001b[39mcleanup()\u001b[33m;\u001b[39m\n     \u001b[90m    |\u001b[39m             \u001b[31m\u001b[1m^\u001b[22m\u001b[39m\n     \u001b[90m 69 |\u001b[39m     performanceObserver\u001b[33m.\u001b[39mcleanup()\u001b[33m;\u001b[39m\n     \u001b[90m 70 |\u001b[39m     cleanupTest()\u001b[33m;\u001b[39m\n     \u001b[90m 71 |\u001b[39m   })\u001b[33m;\u001b[39m\u001b[0m\n\n      at Object.cleanup (__tests__/integration/first-load-performance.test.tsx:68:13)\n\n  \u25cf First Load Performance Testing - Agent 1 \u203a Memory and CPU Performance \u203a keeps main thread blocking time under 50ms\n\n    ReferenceError: setupAuthServiceMocks is not defined\n\n    \u001b[0m \u001b[90m 124 |\u001b[39m   startMockServer()\u001b[33m;\u001b[39m\n     \u001b[90m 125 |\u001b[39m   installWebSocketMock()\u001b[33m;\u001b[39m\n    \u001b[31m\u001b[1m>\u001b[22m\u001b[39m\u001b[90m 126 |\u001b[39m   setupAuthServiceMocks()\u001b[33m;\u001b[39m\n     \u001b[90m     |\u001b[39m   \u001b[31m\u001b[1m^\u001b[22m\u001b[39m\n     \u001b[90m 127 |\u001b[39m }\n     \u001b[90m 128 |\u001b[39m\n     \u001b[90m 129 |\u001b[39m \u001b[90m/**\u001b[39m\u001b[0m\n\n      at setupAuthServiceMocks (__tests__/mocks/index.ts:126:3)\n      at initializeAllMocks (__tests__/mocks/index.ts:266:3)\n      at Object.<anonymous> (__tests__/integration/first-load-performance.test.tsx:62:46)\n\n  \u25cf First Load Performance Testing - Agent 1 \u203a Memory and CPU Performance \u203a keeps main thread blocking time under 50ms\n\n    TypeError: Cannot read properties of undefined (reading 'cleanup')\n\n    \u001b[0m \u001b[90m 66 |\u001b[39m\n     \u001b[90m 67 |\u001b[39m   afterEach(() \u001b[33m=>\u001b[39m {\n    \u001b[31m\u001b[1m>\u001b[22m\u001b[39m\u001b[90m 68 |\u001b[39m     testEnv\u001b[33m.\u001b[39mcleanup()\u001b[33m;\u001b[39m\n     \u001b[90m    |\u001b[39m             \u001b[31m\u001b[1m^\u001b[22m\u001b[39m\n     \u001b[90m 69 |\u001b[39m     performanceObserver\u001b[33m.\u001b[39mcleanup()\u001b[33m;\u001b[39m\n     \u001b[90m 70 |\u001b[39m     cleanupTest()\u001b[33m;\u001b[39m\n     \u001b[90m 71 |\u001b[39m   })\u001b[33m;\u001b[39m\u001b[0m\n\n      at Object.cleanup (__tests__/integration/first-load-performance.test.tsx:68:13)\n\n  \u25cf First Load Performance Testing - Agent 1 \u203a Memory and CPU Performance \u203a achieves smooth frame rate during initial render\n\n    ReferenceError: setupAuthServiceMocks is not defined\n\n    \u001b[0m \u001b[90m 124 |\u001b[39m   startMockServer()\u001b[33m;\u001b[39m\n     \u001b[90m 125 |\u001b[39m   installWebSocketMock()\u001b[33m;\u001b[39m\n    \u001b[31m\u001b[1m>\u001b[22m\u001b[39m\u001b[90m 126 |\u001b[39m   setupAuthServiceMocks()\u001b[33m;\u001b[39m\n     \u001b[90m     |\u001b[39m   \u001b[31m\u001b[1m^\u001b[22m\u001b[39m\n     \u001b[90m 127 |\u001b[39m }\n     \u001b[90m 128 |\u001b[39m\n     \u001b[90m 129 |\u001b[39m \u001b[90m/**\u001b[39m\u001b[0m\n\n      at setupAuthServiceMocks (__tests__/mocks/index.ts:126:3)\n      at initializeAllMocks (__tests__/mocks/index.ts:266:3)\n      at Object.<anonymous> (__tests__/integration/first-load-performance.test.tsx:62:46)\n\n  \u25cf First Load Performance Testing - Agent 1 \u203a Memory and CPU Performance \u203a achieves smooth frame rate during initial render\n\n    TypeError: Cannot read properties of undefined (reading 'cleanup')\n\n    \u001b[0m \u001b[90m 66 |\u001b[39m\n     \u001b[90m 67 |\u001b[39m   afterEach(() \u001b[33m=>\u001b[39m {\n    \u001b[31m\u001b[1m>\u001b[22m\u001b[39m\u001b[90m 68 |\u001b[39m     testEnv\u001b[33m.\u001b[39mcleanup()\u001b[33m;\u001b[39m\n     \u001b[90m    |\u001b[39m             \u001b[31m\u001b[1m^\u001b[22m\u001b[39m\n     \u001b[90m 69 |\u001b[39m     performanceObserver\u001b[33m.\u001b[39mcleanup()\u001b[33m;\u001b[39m\n     \u001b[90m 70 |\u001b[39m     cleanupTest()\u001b[33m;\u001b[39m\n     \u001b[90m 71 |\u001b[39m   })\u001b[33m;\u001b[39m\u001b[0m\n\n      at Object.cleanup (__tests__/integration/first-load-performance.test.tsx:68:13)\n\n  \u25cf First Load Performance Testing - Agent 1 \u203a Network Performance Optimization \u203a implements effective HTTP/2 resource prioritization\n\n    ReferenceError: setupAuthServiceMocks is not defined\n\n    \u001b[0m \u001b[90m 124 |\u001b[39m   startMockServer()\u001b[33m;\u001b[39m\n     \u001b[90m 125 |\u001b[39m   installWebSocketMock()\u001b[33m;\u001b[39m\n    \u001b[31m\u001b[1m>\u001b[22m\u001b[39m\u001b[90m 126 |\u001b[39m   setupAuthServiceMocks()\u001b[33m;\u001b[39m\n     \u001b[90m     |\u001b[39m   \u001b[31m\u001b[1m^\u001b[22m\u001b[39m\n     \u001b[90m 127 |\u001b[39m }\n     \u001b[90m 128 |\u001b[39m\n     \u001b[90m 129 |\u001b[39m \u001b[90m/**\u001b[39m\u001b[0m\n\n      at setupAuthServiceMocks (__tests__/mocks/index.ts:126:3)\n      at initializeAllMocks (__tests__/mocks/index.ts:266:3)\n      at Object.<anonymous> (__tests__/integration/first-load-performance.test.tsx:62:46)\n\n  \u25cf First Load Performance Testing - Agent 1 \u203a Network Performance Optimization \u203a implements effective HTTP/2 resource prioritization\n\n    TypeError: Cannot read properties of undefined (reading 'cleanup')\n\n    \u001b[0m \u001b[90m 66 |\u001b[39m\n     \u001b[90m 67 |\u001b[39m   afterEach(() \u001b[33m=>\u001b[39m {\n    \u001b[31m\u001b[1m>\u001b[22m\u001b[39m\u001b[90m 68 |\u001b[39m     testEnv\u001b[33m.\u001b[39mcleanup()\u001b[33m;\u001b[39m\n     \u001b[90m    |\u001b[39m             \u001b[31m\u001b[1m^\u001b[22m\u001b[39m\n     \u001b[90m 69 |\u001b[39m     performanceObserver\u001b[33m.\u001b[39mcleanup()\u001b[33m;\u001b[39m\n     \u001b[90m 70 |\u001b[39m     cleanupTest()\u001b[33m;\u001b[39m\n     \u001b[90m 71 |\u001b[39m   })\u001b[33m;\u001b[39m\u001b[0m\n\n      at Object.cleanup (__tests__/integration/first-load-performance.test.tsx:68:13)\n\n  \u25cf First Load Performance Testing - Agent 1 \u203a Network Performance Optimization \u203a uses service worker for effective caching\n\n    ReferenceError: setupAuthServiceMocks is not defined\n\n    \u001b[0m \u001b[90m 124 |\u001b[39m   startMockServer()\u001b[33m;\u001b[39m\n     \u001b[90m 125 |\u001b[39m   installWebSocketMock()\u001b[33m;\u001b[39m\n    \u001b[31m\u001b[1m>\u001b[22m\u001b[39m\u001b[90m 126 |\u001b[39m   setupAuthServiceMocks()\u001b[33m;\u001b[39m\n     \u001b[90m     |\u001b[39m   \u001b[31m\u001b[1m^\u001b[22m\u001b[39m\n     \u001b[90m 127 |\u001b[39m }\n     \u001b[90m 128 |\u001b[39m\n     \u001b[90m 129 |\u001b[39m \u001b[90m/**\u001b[39m\u001b[0m\n\n      at setupAuthServiceMocks (__tests__/mocks/index.ts:126:3)\n      at initializeAllMocks (__tests__/mocks/index.ts:266:3)\n      at Object.<anonymous> (__tests__/integration/first-load-performance.test.tsx:62:46)\n\n  \u25cf First Load Performance Testing - Agent 1 \u203a Network Performance Optimization \u203a uses service worker for effective caching\n\n    TypeError: Cannot read properties of undefined (reading 'cleanup')\n\n    \u001b[0m \u001b[90m 66 |\u001b[39m\n     \u001b[90m 67 |\u001b[39m   afterEach(() \u001b[33m=>\u001b[39m {\n    \u001b[31m\u001b[1m>\u001b[22m\u001b[39m\u001b[90m 68 |\u001b[39m     testEnv\u001b[33m.\u001b[39mcleanup()\u001b[33m;\u001b[39m\n     \u001b[90m    |\u001b[39m             \u001b[31m\u001b[1m^\u001b[22m\u001b[39m\n     \u001b[90m 69 |\u001b[39m     performanceObserver\u001b[33m.\u001b[39mcleanup()\u001b[33m;\u001b[39m\n     \u001b[90m 70 |\u001b[39m     cleanupTest()\u001b[33m;\u001b[39m\n     \u001b[90m 71 |\u001b[39m   })\u001b[33m;\u001b[39m\u001b[0m\n\n      at Object.cleanup (__tests__/integration/first-load-performance.test.tsx:68:13)\n\n\nTest Suites: 1 failed, 1 of 163 total\nTests:       13 failed, 13 total\nSnapshots:   0 total\nTime:        3.625 s, estimated 64 s\nRan all test suites.\n"
    },
    "dev_launcher": {
      "success": false,
      "duration": 18.921462297439575,
      "output": "============================= test session starts =============================\nplatform win32 -- Python 3.12.4, pytest-8.4.1, pluggy-1.6.0\nrootdir: C:\\Users\\antho\\OneDrive\\Desktop\\Netra\\netra-core-generation-1\nconfigfile: pytest.ini\nplugins: anyio-4.9.0, Faker-37.5.3, langsmith-0.4.15, asyncio-1.1.0, cov-6.2.1, mock-3.14.1, xdist-3.8.0, html-4.1.1, json-report-1.5.0, metadata-3.1.1, timeout-2.4.0, typeguard-4.4.4\nasyncio: mode=Mode.AUTO, asyncio_default_fixture_loop_scope=function, asyncio_default_test_loop_scope=function\ntimeout: 300.0s\ntimeout method: thread\ntimeout func_only: False\ncollected 22 items\n\ntests\\e2e\\test_dev_launcher_real_startup.py F\n\n================================== FAILURES ===================================\n_____ TestDevLauncherRealStartup.test_real_dev_launcher_startup_sequence ______\ntests\\e2e\\test_dev_launcher_real_startup.py:182: in test_real_dev_launcher_startup_sequence\n    assert startup_success, \"Dev launcher failed to start services\"\nE   AssertionError: Dev launcher failed to start services\nE   assert False\n----------------------------- Captured log setup ------------------------------\nDEBUG    faker.factory:factory.py:78 Looking for locale `en_US` in provider `faker.providers.address`.\nDEBUG    faker.factory:factory.py:97 Provider `faker.providers.address` has been localized to `en_US`.\nDEBUG    faker.factory:factory.py:78 Looking for locale `en_US` in provider `faker.providers.automotive`.\nDEBUG    faker.factory:factory.py:97 Provider `faker.providers.automotive` has been localized to `en_US`.\nDEBUG    faker.factory:factory.py:78 Looking for locale `en_US` in provider `faker.providers.bank`.\nDEBUG    faker.factory:factory.py:88 Specified locale `en_US` is not available for provider `faker.providers.bank`. Locale reset to `en_GB` for this provider.\nDEBUG    faker.factory:factory.py:78 Looking for locale `en_US` in provider `faker.providers.barcode`.\nDEBUG    faker.factory:factory.py:97 Provider `faker.providers.barcode` has been localized to `en_US`.\nDEBUG    faker.factory:factory.py:78 Looking for locale `en_US` in provider `faker.providers.color`.\nDEBUG    faker.factory:factory.py:97 Provider `faker.providers.color` has been localized to `en_US`.\nDEBUG    faker.factory:factory.py:78 Looking for locale `en_US` in provider `faker.providers.company`.\nDEBUG    faker.factory:factory.py:97 Provider `faker.providers.company` has been localized to `en_US`.\nDEBUG    faker.factory:factory.py:78 Looking for locale `en_US` in provider `faker.providers.credit_card`.\nDEBUG    faker.factory:factory.py:97 Provider `faker.providers.credit_card` has been localized to `en_US`.\nDEBUG    faker.factory:factory.py:78 Looking for locale `en_US` in provider `faker.providers.currency`.\nDEBUG    faker.factory:factory.py:97 Provider `faker.providers.currency` has been localized to `en_US`.\nDEBUG    faker.factory:factory.py:78 Looking for locale `en_US` in provider `faker.providers.date_time`.\nDEBUG    faker.factory:factory.py:97 Provider `faker.providers.date_time` has been localized to `en_US`.\nDEBUG    faker.factory:factory.py:108 Provider `faker.providers.doi` does not feature localization. Specified locale `en_US` is not utilized for this provider.\nDEBUG    faker.factory:factory.py:108 Provider `faker.providers.emoji` does not feature localization. Specified locale `en_US` is not utilized for this provider.\nDEBUG    faker.factory:factory.py:108 Provider `faker.providers.file` does not feature localization. Specified locale `en_US` is not utilized for this provider.\nDEBUG    faker.factory:factory.py:78 Looking for locale `en_US` in provider `faker.providers.geo`.\nDEBUG    faker.factory:factory.py:97 Provider `faker.providers.geo` has been localized to `en_US`.\nDEBUG    faker.factory:factory.py:78 Looking for locale `en_US` in provider `faker.providers.internet`.\nDEBUG    faker.factory:factory.py:97 Provider `faker.providers.internet` has been localized to `en_US`.\nDEBUG    faker.factory:factory.py:78 Looking for locale `en_US` in provider `faker.providers.isbn`.\nDEBUG    faker.factory:factory.py:97 Provider `faker.providers.isbn` has been localized to `en_US`.\nDEBUG    faker.factory:factory.py:78 Looking for locale `en_US` in provider `faker.providers.job`.\nDEBUG    faker.factory:factory.py:97 Provider `faker.providers.job` has been localized to `en_US`.\nDEBUG    faker.factory:factory.py:78 Looking for locale `en_US` in provider `faker.providers.lorem`.\nDEBUG    faker.factory:factory.py:97 Provider `faker.providers.lorem` has been localized to `en_US`.\nDEBUG    faker.factory:factory.py:78 Looking for locale `en_US` in provider `faker.providers.misc`.\nDEBUG    faker.factory:factory.py:97 Provider `faker.providers.misc` has been localized to `en_US`.\nDEBUG    faker.factory:factory.py:78 Looking for locale `en_US` in provider `faker.providers.passport`.\nDEBUG    faker.factory:factory.py:97 Provider `faker.providers.passport` has been localized to `en_US`.\nDEBUG    faker.factory:factory.py:78 Looking for locale `en_US` in provider `faker.providers.person`.\nDEBUG    faker.factory:factory.py:97 Provider `faker.providers.person` has been localized to `en_US`.\nDEBUG    faker.factory:factory.py:78 Looking for locale `en_US` in provider `faker.providers.phone_number`.\nDEBUG    faker.factory:factory.py:97 Provider `faker.providers.phone_number` has been localized to `en_US`.\nDEBUG    faker.factory:factory.py:108 Provider `faker.providers.profile` does not feature localization. Specified locale `en_US` is not utilized for this provider.\nDEBUG    faker.factory:factory.py:108 Provider `faker.providers.python` does not feature localization. Specified locale `en_US` is not utilized for this provider.\nDEBUG    faker.factory:factory.py:108 Provider `faker.providers.sbn` does not feature localization. Specified locale `en_US` is not utilized for this provider.\nDEBUG    faker.factory:factory.py:78 Looking for locale `en_US` in provider `faker.providers.ssn`.\nDEBUG    faker.factory:factory.py:97 Provider `faker.providers.ssn` has been localized to `en_US`.\nDEBUG    faker.factory:factory.py:108 Provider `faker.providers.user_agent` does not feature localization. Specified locale `en_US` is not utilized for this provider.\nDEBUG    asyncio:proactor_events.py:634 Using proactor: IocpProactor\nDEBUG    asyncio:proactor_events.py:634 Using proactor: IocpProactor\nINFO     dev_launcher.service_config:service_config.py:351 Configuration loaded from C:\\Users\\antho\\OneDrive\\Desktop\\Netra\\netra-core-generation-1\\.dev_services.json\nINFO     dev_launcher.service_config:service_config.py:516 Loaded existing service configuration\n---------------------------- Captured stdout call -----------------------------\n\\n=== STARTING REAL DEV LAUNCHER STARTUP TEST ===\\nSUCCESS: The process with PID 20988 has been terminated.\\r\\nSUCCESS: The process with PID 51408 has been terminated.\\r\\n\\U0001f50d DISCOVER | POSTGRESQL: sqlite+aiosqlite:///:memory:\\n\\U0001f50d DISCOVER | CLICKHOUSE: clickhouse://default:***@localhost:8123/netra_dev\\n\\U0001f50d DISCOVER | REDIS: redis://localhost:6379/0\\n\\U0001f50d WEBSOCKET | Discovered endpoint: backend_ws -> ws://localhost:8000/ws\\n\\u274c auth service NOT bound to port 8001\\n\\u274c backend service NOT bound to port 8000\\n\\u274c frontend service NOT bound to port 3000\n------------------------------ Captured log call ------------------------------\nINFO     dev_launcher.health_monitor:health_monitor.py:139 HealthMonitor initialized (check_interval: 30s)\nINFO     dev_launcher.health_monitor:health_monitor.py:141 Windows process verification enabled\nINFO     dev_launcher.process_manager:process_manager.py:58 ProcessManager initialized for win32\nINFO     dev_launcher.process_manager:process_manager.py:60 Enhanced Windows process tree management enabled\nINFO     dev_launcher.database_connector:database_connector.py:130 Discovered 3 database connections\nINFO     dev_launcher.websocket_validator:websocket_validator.py:78 Discovered 1 WebSocket endpoints\nINFO     dev_launcher.launcher:launcher.py:165 Signal handlers registered for graceful shutdown\n=========================== short test summary info ===========================\nFAILED tests/e2e/test_dev_launcher_real_startup.py::TestDevLauncherRealStartup::test_real_dev_launcher_startup_sequence\n!!!!!!!!!!!!!!!!!!!!!!!!!! stopping after 1 failures !!!!!!!!!!!!!!!!!!!!!!!!!!\n======================== 1 failed, 1 warning in 14.79s ========================\n",
      "errors": ""
    }
  },
  "overall_success": false,
  "total_duration": 37.28192329406738
}