{
  "timestamp": "20250823_040508",
  "level": "e2e",
  "environment": "local",
  "services": {
    "backend": {
      "success": false,
      "duration": 46.52130889892578,
      "output": "============================= test session starts =============================\nplatform win32 -- Python 3.12.3, pytest-8.4.1, pluggy-1.6.0\nrootdir: C:\\Users\\antho\\OneDrive\\Desktop\\Netra\\netra-core-generation-1\\netra_backend\nconfigfile: pytest.ini\nplugins: anyio-4.9.0, Faker-37.5.3, langsmith-0.4.15, asyncio-1.1.0, cov-6.2.1, mock-3.14.1, xdist-3.8.0\nasyncio: mode=Mode.AUTO, asyncio_default_fixture_loop_scope=session, asyncio_default_test_loop_scope=function\n\n----------------------------- live log collection -----------------------------\nservice_secret not configured, using jwt_secret_key fallback\ncollected 3982 items / 1 error\n\n=================================== ERRORS ====================================\n_ ERROR collecting tests/integration/critical_paths/test_multi_tenant_isolation.py _\nImportError while importing test module 'C:\\Users\\antho\\OneDrive\\Desktop\\Netra\\netra-core-generation-1\\netra_backend\\tests\\integration\\critical_paths\\test_multi_tenant_isolation.py'.\nHint: make sure your test modules/packages have valid Python names.\nTraceback:\nC:\\Program Files\\Python312\\Lib\\importlib\\__init__.py:90: in import_module\n    return _bootstrap._gcd_import(name[level:], package, level)\n           ^^^^^^^^^^^^^^^^^^^^^^^^^^^^^^^^^^^^^^^^^^^^^^^^^^^^\ntests\\integration\\critical_paths\\test_multi_tenant_isolation.py:37: in <module>\n    from netra_backend.app.services.audit.audit_logger import AuditLogger\nE   ModuleNotFoundError: No module named 'netra_backend.app.services.audit.audit_logger'\n============================== warnings summary ===============================\n..\\..\\..\\..\\..\\AppData\\Roaming\\Python\\Python312\\site-packages\\pydantic\\_internal\\_fields.py:198\n  C:\\Users\\antho\\AppData\\Roaming\\Python\\Python312\\site-packages\\pydantic\\_internal\\_fields.py:198: UserWarning: Field name \"schema\" in \"DataSample\" shadows an attribute in parent \"BaseModel\"\n    warnings.warn(\n\n..\\..\\..\\..\\..\\AppData\\Roaming\\Python\\Python312\\site-packages\\pydantic\\_internal\\_fields.py:198\n  C:\\Users\\antho\\AppData\\Roaming\\Python\\Python312\\site-packages\\pydantic\\_internal\\_fields.py:198: UserWarning: Field name \"schema\" in \"DataCatalog\" shadows an attribute in parent \"BaseModel\"\n    warnings.warn(\n\n..\\..\\..\\..\\..\\AppData\\Roaming\\Python\\Python312\\site-packages\\pydantic\\_internal\\_config.py:323\n..\\..\\..\\..\\..\\AppData\\Roaming\\Python\\Python312\\site-packages\\pydantic\\_internal\\_config.py:323\n..\\..\\..\\..\\..\\AppData\\Roaming\\Python\\Python312\\site-packages\\pydantic\\_internal\\_config.py:323\n..\\..\\..\\..\\..\\AppData\\Roaming\\Python\\Python312\\site-packages\\pydantic\\_internal\\_config.py:323\n..\\..\\..\\..\\..\\AppData\\Roaming\\Python\\Python312\\site-packages\\pydantic\\_internal\\_config.py:323\n..\\..\\..\\..\\..\\AppData\\Roaming\\Python\\Python312\\site-packages\\pydantic\\_internal\\_config.py:323\n..\\..\\..\\..\\..\\AppData\\Roaming\\Python\\Python312\\site-packages\\pydantic\\_internal\\_config.py:323\n  C:\\Users\\antho\\AppData\\Roaming\\Python\\Python312\\site-packages\\pydantic\\_internal\\_config.py:323: PydanticDeprecatedSince20: Support for class-based `config` is deprecated, use ConfigDict instead. Deprecated in Pydantic V2.0 to be removed in V3.0. See Pydantic V2 Migration Guide at https://errors.pydantic.dev/2.11/migration/\n    warnings.warn(DEPRECATION_MESSAGE, DeprecationWarning)\n\n..\\..\\..\\..\\..\\AppData\\Roaming\\Python\\Python312\\site-packages\\pydantic\\_internal\\_generate_schema.py:298\n..\\..\\..\\..\\..\\AppData\\Roaming\\Python\\Python312\\site-packages\\pydantic\\_internal\\_generate_schema.py:298\n..\\..\\..\\..\\..\\AppData\\Roaming\\Python\\Python312\\site-packages\\pydantic\\_internal\\_generate_schema.py:298\n..\\..\\..\\..\\..\\AppData\\Roaming\\Python\\Python312\\site-packages\\pydantic\\_internal\\_generate_schema.py:298\n..\\..\\..\\..\\..\\AppData\\Roaming\\Python\\Python312\\site-packages\\pydantic\\_internal\\_generate_schema.py:298\n..\\..\\..\\..\\..\\AppData\\Roaming\\Python\\Python312\\site-packages\\pydantic\\_internal\\_generate_schema.py:298\n..\\..\\..\\..\\..\\AppData\\Roaming\\Python\\Python312\\site-packages\\pydantic\\_internal\\_generate_schema.py:298\n..\\..\\..\\..\\..\\AppData\\Roaming\\Python\\Python312\\site-packages\\pydantic\\_internal\\_generate_schema.py:298\n  C:\\Users\\antho\\AppData\\Roaming\\Python\\Python312\\site-packages\\pydantic\\_internal\\_generate_schema.py:298: PydanticDeprecatedSince20: `json_encoders` is deprecated. See https://docs.pydantic.dev/2.11/concepts/serialization/#custom-serializers for alternatives. Deprecated in Pydantic V2.0 to be removed in V3.0. See Pydantic V2 Migration Guide at https://errors.pydantic.dev/2.11/migration/\n    warnings.warn(\n\ntests\\unified_system\\fixtures.py:111\n  C:\\Users\\antho\\OneDrive\\Desktop\\Netra\\netra-core-generation-1\\netra_backend\\tests\\unified_system\\fixtures.py:111: DeprecationWarning: websockets.WebSocketServerProtocol is deprecated\n    connection: websockets.WebSocketServerProtocol\n\n..\\..\\..\\..\\..\\AppData\\Roaming\\Python\\Python312\\site-packages\\websockets\\legacy\\__init__.py:6\n  C:\\Users\\antho\\AppData\\Roaming\\Python\\Python312\\site-packages\\websockets\\legacy\\__init__.py:6: DeprecationWarning: websockets.legacy is deprecated; see https://websockets.readthedocs.io/en/stable/howto/upgrade.html for upgrade instructions\n    warnings.warn(  # deprecated in 14.0 - 2024-11-09\n\ntests\\integration\\critical_paths\\test_alert_routing_escalation.py:40\n  C:\\Users\\antho\\OneDrive\\Desktop\\Netra\\netra-core-generation-1\\netra_backend\\tests\\integration\\critical_paths\\test_alert_routing_escalation.py:40: PytestUnknownMarkWarning: Unknown pytest.mark.observability - is this a typo?  You can register custom marks to avoid this warning - for details, see https://docs.pytest.org/en/stable/how-to/mark.html\n    pytest.mark.observability,\n\ntests\\integration\\critical_paths\\test_alert_routing_escalation.py:41\n  C:\\Users\\antho\\OneDrive\\Desktop\\Netra\\netra-core-generation-1\\netra_backend\\tests\\integration\\critical_paths\\test_alert_routing_escalation.py:41: PytestUnknownMarkWarning: Unknown pytest.mark.alerting - is this a typo?  You can register custom marks to avoid this warning - for details, see https://docs.pytest.org/en/stable/how-to/mark.html\n    pytest.mark.alerting\n\ntests\\integration\\critical_paths\\test_api_request_lifecycle_complete_l4.py:49\n  C:\\Users\\antho\\OneDrive\\Desktop\\Netra\\netra-core-generation-1\\netra_backend\\tests\\integration\\critical_paths\\test_api_request_lifecycle_complete_l4.py:49: PytestUnknownMarkWarning: Unknown pytest.mark.timeout - is this a typo?  You can register custom marks to avoid this warning - for details, see https://docs.pytest.org/en/stable/how-to/mark.html\n    @pytest.mark.timeout(30)\n\ntests\\integration\\critical_paths\\test_api_request_lifecycle_complete_l4.py:116\n  C:\\Users\\antho\\OneDrive\\Desktop\\Netra\\netra-core-generation-1\\netra_backend\\tests\\integration\\critical_paths\\test_api_request_lifecycle_complete_l4.py:116: PytestUnknownMarkWarning: Unknown pytest.mark.timeout - is this a typo?  You can register custom marks to avoid this warning - for details, see https://docs.pytest.org/en/stable/how-to/mark.html\n    @pytest.mark.timeout(30)\n\ntests\\integration\\critical_paths\\test_api_request_lifecycle_complete_l4.py:178\n  C:\\Users\\antho\\OneDrive\\Desktop\\Netra\\netra-core-generation-1\\netra_backend\\tests\\integration\\critical_paths\\test_api_request_lifecycle_complete_l4.py:178: PytestUnknownMarkWarning: Unknown pytest.mark.timeout - is this a typo?  You can register custom marks to avoid this warning - for details, see https://docs.pytest.org/en/stable/how-to/mark.html\n    @pytest.mark.timeout(30)\n\ntests\\integration\\critical_paths\\test_api_request_lifecycle_complete_l4.py:221\n  C:\\Users\\antho\\OneDrive\\Desktop\\Netra\\netra-core-generation-1\\netra_backend\\tests\\integration\\critical_paths\\test_api_request_lifecycle_complete_l4.py:221: PytestUnknownMarkWarning: Unknown pytest.mark.timeout - is this a typo?  You can register custom marks to avoid this warning - for details, see https://docs.pytest.org/en/stable/how-to/mark.html\n    @pytest.mark.timeout(30)\n\ntests\\integration\\critical_paths\\test_api_request_lifecycle_complete_l4.py:265\n  C:\\Users\\antho\\OneDrive\\Desktop\\Netra\\netra-core-generation-1\\netra_backend\\tests\\integration\\critical_paths\\test_api_request_lifecycle_complete_l4.py:265: PytestUnknownMarkWarning: Unknown pytest.mark.timeout - is this a typo?  You can register custom marks to avoid this warning - for details, see https://docs.pytest.org/en/stable/how-to/mark.html\n    @pytest.mark.timeout(30)\n\ntests\\integration\\critical_paths\\test_api_request_lifecycle_complete_l4.py:304\n  C:\\Users\\antho\\OneDrive\\Desktop\\Netra\\netra-core-generation-1\\netra_backend\\tests\\integration\\critical_paths\\test_api_request_lifecycle_complete_l4.py:304: PytestUnknownMarkWarning: Unknown pytest.mark.timeout - is this a typo?  You can register custom marks to avoid this warning - for details, see https://docs.pytest.org/en/stable/how-to/mark.html\n    @pytest.mark.timeout(30)\n\ntests\\integration\\critical_paths\\test_api_request_lifecycle_complete_l4.py:347\n  C:\\Users\\antho\\OneDrive\\Desktop\\Netra\\netra-core-generation-1\\netra_backend\\tests\\integration\\critical_paths\\test_api_request_lifecycle_complete_l4.py:347: PytestUnknownMarkWarning: Unknown pytest.mark.timeout - is this a typo?  You can register custom marks to avoid this warning - for details, see https://docs.pytest.org/en/stable/how-to/mark.html\n    @pytest.mark.timeout(30)\n\ntests\\integration\\critical_paths\\test_api_request_lifecycle_complete_l4.py:387\n  C:\\Users\\antho\\OneDrive\\Desktop\\Netra\\netra-core-generation-1\\netra_backend\\tests\\integration\\critical_paths\\test_api_request_lifecycle_complete_l4.py:387: PytestUnknownMarkWarning: Unknown pytest.mark.timeout - is this a typo?  You can register custom marks to avoid this warning - for details, see https://docs.pytest.org/en/stable/how-to/mark.html\n    @pytest.mark.timeout(30)\n\ntests\\integration\\critical_paths\\test_api_request_lifecycle_complete_l4.py:422\n  C:\\Users\\antho\\OneDrive\\Desktop\\Netra\\netra-core-generation-1\\netra_backend\\tests\\integration\\critical_paths\\test_api_request_lifecycle_complete_l4.py:422: PytestUnknownMarkWarning: Unknown pytest.mark.timeout - is this a typo?  You can register custom marks to avoid this warning - for details, see https://docs.pytest.org/en/stable/how-to/mark.html\n    @pytest.mark.timeout(30)\n\ntests\\integration\\critical_paths\\test_api_request_lifecycle_complete_l4.py:468\n  C:\\Users\\antho\\OneDrive\\Desktop\\Netra\\netra-core-generation-1\\netra_backend\\tests\\integration\\critical_paths\\test_api_request_lifecycle_complete_l4.py:468: PytestUnknownMarkWarning: Unknown pytest.mark.timeout - is this a typo?  You can register custom marks to avoid this warning - for details, see https://docs.pytest.org/en/stable/how-to/mark.html\n    @pytest.mark.timeout(30)\n\ntests\\integration\\critical_paths\\test_auth_audit_trail_integrity_l4.py:170\n  C:\\Users\\antho\\OneDrive\\Desktop\\Netra\\netra-core-generation-1\\netra_backend\\tests\\integration\\critical_paths\\test_auth_audit_trail_integrity_l4.py:170: PytestUnknownMarkWarning: Unknown pytest.mark.timeout - is this a typo?  You can register custom marks to avoid this warning - for details, see https://docs.pytest.org/en/stable/how-to/mark.html\n    @pytest.mark.timeout(120)\n\ntests\\integration\\critical_paths\\test_auth_audit_trail_integrity_l4.py:232\n  C:\\Users\\antho\\OneDrive\\Desktop\\Netra\\netra-core-generation-1\\netra_backend\\tests\\integration\\critical_paths\\test_auth_audit_trail_integrity_l4.py:232: PytestUnknownMarkWarning: Unknown pytest.mark.timeout - is this a typo?  You can register custom marks to avoid this warning - for details, see https://docs.pytest.org/en/stable/how-to/mark.html\n    @pytest.mark.timeout(90)\n\ntests\\integration\\critical_paths\\test_auth_audit_trail_integrity_l4.py:292\n  C:\\Users\\antho\\OneDrive\\Desktop\\Netra\\netra-core-generation-1\\netra_backend\\tests\\integration\\critical_paths\\test_auth_audit_trail_integrity_l4.py:292: PytestUnknownMarkWarning: Unknown pytest.mark.timeout - is this a typo?  You can register custom marks to avoid this warning - for details, see https://docs.pytest.org/en/stable/how-to/mark.html\n    @pytest.mark.timeout(120)\n\ntests\\integration\\critical_paths\\test_auth_audit_trail_integrity_l4.py:346\n  C:\\Users\\antho\\OneDrive\\Desktop\\Netra\\netra-core-generation-1\\netra_backend\\tests\\integration\\critical_paths\\test_auth_audit_trail_integrity_l4.py:346: PytestUnknownMarkWarning: Unknown pytest.mark.timeout - is this a typo?  You can register custom marks to avoid this warning - for details, see https://docs.pytest.org/en/stable/how-to/mark.html\n    @pytest.mark.timeout(90)\n\ntests\\integration\\critical_paths\\test_auth_audit_trail_integrity_l4.py:438\n  C:\\Users\\antho\\OneDrive\\Desktop\\Netra\\netra-core-generation-1\\netra_backend\\tests\\integration\\critical_paths\\test_auth_audit_trail_integrity_l4.py:438: PytestUnknownMarkWarning: Unknown pytest.mark.timeout - is this a typo?  You can register custom marks to avoid this warning - for details, see https://docs.pytest.org/en/stable/how-to/mark.html\n    @pytest.mark.timeout(120)\n\ntests\\integration\\critical_paths\\test_auth_audit_trail_integrity_l4.py:525\n  C:\\Users\\antho\\OneDrive\\Desktop\\Netra\\netra-core-generation-1\\netra_backend\\tests\\integration\\critical_paths\\test_auth_audit_trail_integrity_l4.py:525: PytestUnknownMarkWarning: Unknown pytest.mark.timeout - is this a typo?  You can register custom marks to avoid this warning - for details, see https://docs.pytest.org/en/stable/how-to/mark.html\n    @pytest.mark.timeout(90)\n\ntests\\integration\\critical_paths\\test_auth_audit_trail_integrity_l4.py:609\n  C:\\Users\\antho\\OneDrive\\Desktop\\Netra\\netra-core-generation-1\\netra_backend\\tests\\integration\\critical_paths\\test_auth_audit_trail_integrity_l4.py:609: PytestUnknownMarkWarning: Unknown pytest.mark.timeout - is this a typo?  You can register custom marks to avoid this warning - for details, see https://docs.pytest.org/en/stable/how-to/mark.html\n    @pytest.mark.timeout(120)\n\ntests\\integration\\critical_paths\\test_auth_failover_scenarios_l4.py:167\n  C:\\Users\\antho\\OneDrive\\Desktop\\Netra\\netra-core-generation-1\\netra_backend\\tests\\integration\\critical_paths\\test_auth_failover_scenarios_l4.py:167: PytestUnknownMarkWarning: Unknown pytest.mark.timeout - is this a typo?  You can register custom marks to avoid this warning - for details, see https://docs.pytest.org/en/stable/how-to/mark.html\n    @pytest.mark.timeout(180)\n\ntests\\integration\\critical_paths\\test_auth_failover_scenarios_l4.py:232\n  C:\\Users\\antho\\OneDrive\\Desktop\\Netra\\netra-core-generation-1\\netra_backend\\tests\\integration\\critical_paths\\test_auth_failover_scenarios_l4.py:232: PytestUnknownMarkWarning: Unknown pytest.mark.timeout - is this a typo?  You can register custom marks to avoid this warning - for details, see https://docs.pytest.org/en/stable/how-to/mark.html\n    @pytest.mark.timeout(120)\n\ntests\\integration\\critical_paths\\test_auth_failover_scenarios_l4.py:296\n  C:\\Users\\antho\\OneDrive\\Desktop\\Netra\\netra-core-generation-1\\netra_backend\\tests\\integration\\critical_paths\\test_auth_failover_scenarios_l4.py:296: PytestUnknownMarkWarning: Unknown pytest.mark.timeout - is this a typo?  You can register custom marks to avoid this warning - for details, see https://docs.pytest.org/en/stable/how-to/mark.html\n    @pytest.mark.timeout(120)\n\ntests\\integration\\critical_paths\\test_auth_failover_scenarios_l4.py:348\n  C:\\Users\\antho\\OneDrive\\Desktop\\Netra\\netra-core-generation-1\\netra_backend\\tests\\integration\\critical_paths\\test_auth_failover_scenarios_l4.py:348: PytestUnknownMarkWarning: Unknown pytest.mark.timeout - is this a typo?  You can register custom marks to avoid this warning - for details, see https://docs.pytest.org/en/stable/how-to/mark.html\n    @pytest.mark.timeout(120)\n\ntests\\integration\\critical_paths\\test_auth_failover_scenarios_l4.py:390\n  C:\\Users\\antho\\OneDrive\\Desktop\\Netra\\netra-core-generation-1\\netra_backend\\tests\\integration\\critical_paths\\test_auth_failover_scenarios_l4.py:390: PytestUnknownMarkWarning: Unknown pytest.mark.timeout - is this a typo?  You can register custom marks to avoid this warning - for details, see https://docs.pytest.org/en/stable/how-to/mark.html\n    @pytest.mark.timeout(120)\n\ntests\\integration\\critical_paths\\test_auth_failover_scenarios_l4.py:436\n  C:\\Users\\antho\\OneDrive\\Desktop\\Netra\\netra-core-generation-1\\netra_backend\\tests\\integration\\critical_paths\\test_auth_failover_scenarios_l4.py:436: PytestUnknownMarkWarning: Unknown pytest.mark.timeout - is this a typo?  You can register custom marks to avoid this warning - for details, see https://docs.pytest.org/en/stable/how-to/mark.html\n    @pytest.mark.timeout(120)\n\ntests\\integration\\critical_paths\\test_auth_failover_scenarios_l4.py:495\n  C:\\Users\\antho\\OneDrive\\Desktop\\Netra\\netra-core-generation-1\\netra_backend\\tests\\integration\\critical_paths\\test_auth_failover_scenarios_l4.py:495: PytestUnknownMarkWarning: Unknown pytest.mark.timeout - is this a typo?  You can register custom marks to avoid this warning - for details, see https://docs.pytest.org/en/stable/how-to/mark.html\n    @pytest.mark.timeout(180)\n\ntests\\integration\\critical_paths\\test_auth_failover_scenarios_l4.py:543\n  C:\\Users\\antho\\OneDrive\\Desktop\\Netra\\netra-core-generation-1\\netra_backend\\tests\\integration\\critical_paths\\test_auth_failover_scenarios_l4.py:543: PytestUnknownMarkWarning: Unknown pytest.mark.timeout - is this a typo?  You can register custom marks to avoid this warning - for details, see https://docs.pytest.org/en/stable/how-to/mark.html\n    @pytest.mark.timeout(120)\n\ntests\\integration\\critical_paths\\test_auth_middleware_chain_validation.py:159\n  C:\\Users\\antho\\OneDrive\\Desktop\\Netra\\netra-core-generation-1\\netra_backend\\tests\\integration\\critical_paths\\test_auth_middleware_chain_validation.py:159: PytestUnknownMarkWarning: Unknown pytest.mark.timeout - is this a typo?  You can register custom marks to avoid this warning - for details, see https://docs.pytest.org/en/stable/how-to/mark.html\n    @pytest.mark.timeout(60)\n\ntests\\integration\\critical_paths\\test_auth_middleware_chain_validation.py:230\n  C:\\Users\\antho\\OneDrive\\Desktop\\Netra\\netra-core-generation-1\\netra_backend\\tests\\integration\\critical_paths\\test_auth_middleware_chain_validation.py:230: PytestUnknownMarkWarning: Unknown pytest.mark.timeout - is this a typo?  You can register custom marks to avoid this warning - for details, see https://docs.pytest.org/en/stable/how-to/mark.html\n    @pytest.mark.timeout(60)\n\ntests\\integration\\critical_paths\\test_auth_middleware_chain_validation.py:324\n  C:\\Users\\antho\\OneDrive\\Desktop\\Netra\\netra-core-generation-1\\netra_backend\\tests\\integration\\critical_paths\\test_auth_middleware_chain_validation.py:324: PytestUnknownMarkWarning: Unknown pytest.mark.timeout - is this a typo?  You can register custom marks to avoid this warning - for details, see https://docs.pytest.org/en/stable/how-to/mark.html\n    @pytest.mark.timeout(60)\n\ntests\\integration\\critical_paths\\test_auth_middleware_chain_validation.py:388\n  C:\\Users\\antho\\OneDrive\\Desktop\\Netra\\netra-core-generation-1\\netra_backend\\tests\\integration\\critical_paths\\test_auth_middleware_chain_validation.py:388: PytestUnknownMarkWarning: Unknown pytest.mark.timeout - is this a typo?  You can register custom marks to avoid this warning - for details, see https://docs.pytest.org/en/stable/how-to/mark.html\n    @pytest.mark.timeout(60)\n\ntests\\integration\\critical_paths\\test_auth_middleware_chain_validation.py:435\n  C:\\Users\\antho\\OneDrive\\Desktop\\Netra\\netra-core-generation-1\\netra_backend\\tests\\integration\\critical_paths\\test_auth_middleware_chain_validation.py:435: PytestUnknownMarkWarning: Unknown pytest.mark.timeout - is this a typo?  You can register custom marks to avoid this warning - for details, see https://docs.pytest.org/en/stable/how-to/mark.html\n    @pytest.mark.timeout(60)\n\ntests\\integration\\critical_paths\\test_auth_middleware_chain_validation.py:503\n  C:\\Users\\antho\\OneDrive\\Desktop\\Netra\\netra-core-generation-1\\netra_backend\\tests\\integration\\critical_paths\\test_auth_middleware_chain_validation.py:503: PytestUnknownMarkWarning: Unknown pytest.mark.timeout - is this a typo?  You can register custom marks to avoid this warning - for details, see https://docs.pytest.org/en/stable/how-to/mark.html\n    @pytest.mark.timeout(60)\n\ntests\\integration\\critical_paths\\test_auth_middleware_chain_validation.py:545\n  C:\\Users\\antho\\OneDrive\\Desktop\\Netra\\netra-core-generation-1\\netra_backend\\tests\\integration\\critical_paths\\test_auth_middleware_chain_validation.py:545: PytestUnknownMarkWarning: Unknown pytest.mark.timeout - is this a typo?  You can register custom marks to avoid this warning - for details, see https://docs.pytest.org/en/stable/how-to/mark.html\n    @pytest.mark.timeout(60)\n\ntests\\integration\\critical_paths\\test_auth_role_based_access_flow_l4.py:271\n  C:\\Users\\antho\\OneDrive\\Desktop\\Netra\\netra-core-generation-1\\netra_backend\\tests\\integration\\critical_paths\\test_auth_role_based_access_flow_l4.py:271: PytestUnknownMarkWarning: Unknown pytest.mark.timeout - is this a typo?  You can register custom marks to avoid this warning - for details, see https://docs.pytest.org/en/stable/how-to/mark.html\n    @pytest.mark.timeout(120)\n\ntests\\integration\\critical_paths\\test_auth_role_based_access_flow_l4.py:344\n  C:\\Users\\antho\\OneDrive\\Desktop\\Netra\\netra-core-generation-1\\netra_backend\\tests\\integration\\critical_paths\\test_auth_role_based_access_flow_l4.py:344: PytestUnknownMarkWarning: Unknown pytest.mark.timeout - is this a typo?  You can register custom marks to avoid this warning - for details, see https://docs.pytest.org/en/stable/how-to/mark.html\n    @pytest.mark.timeout(90)\n\ntests\\integration\\critical_paths\\test_auth_role_based_access_flow_l4.py:376\n  C:\\Users\\antho\\OneDrive\\Desktop\\Netra\\netra-core-generation-1\\netra_backend\\tests\\integration\\critical_paths\\test_auth_role_based_access_flow_l4.py:376: PytestUnknownMarkWarning: Unknown pytest.mark.timeout - is this a typo?  You can register custom marks to avoid this warning - for details, see https://docs.pytest.org/en/stable/how-to/mark.html\n    @pytest.mark.timeout(90)\n\ntests\\integration\\critical_paths\\test_auth_role_based_access_flow_l4.py:434\n  C:\\Users\\antho\\OneDrive\\Desktop\\Netra\\netra-core-generation-1\\netra_backend\\tests\\integration\\critical_paths\\test_auth_role_based_access_flow_l4.py:434: PytestUnknownMarkWarning: Unknown pytest.mark.timeout - is this a typo?  You can register custom marks to avoid this warning - for details, see https://docs.pytest.org/en/stable/how-to/mark.html\n    @pytest.mark.timeout(120)\n\ntests\\integration\\critical_paths\\test_auth_role_based_access_flow_l4.py:470\n  C:\\Users\\antho\\OneDrive\\Desktop\\Netra\\netra-core-generation-1\\netra_backend\\tests\\integration\\critical_paths\\test_auth_role_based_access_flow_l4.py:470: PytestUnknownMarkWarning: Unknown pytest.mark.timeout - is this a typo?  You can register custom marks to avoid this warning - for details, see https://docs.pytest.org/en/stable/how-to/mark.html\n    @pytest.mark.timeout(90)\n\ntests\\integration\\critical_paths\\test_auth_role_based_access_flow_l4.py:500\n  C:\\Users\\antho\\OneDrive\\Desktop\\Netra\\netra-core-generation-1\\netra_backend\\tests\\integration\\critical_paths\\test_auth_role_based_access_flow_l4.py:500: PytestUnknownMarkWarning: Unknown pytest.mark.timeout - is this a typo?  You can register custom marks to avoid this warning - for details, see https://docs.pytest.org/en/stable/how-to/mark.html\n    @pytest.mark.timeout(90)\n\ntests\\integration\\critical_paths\\test_auth_role_based_access_flow_l4.py:556\n  C:\\Users\\antho\\OneDrive\\Desktop\\Netra\\netra-core-generation-1\\netra_backend\\tests\\integration\\critical_paths\\test_auth_role_based_access_flow_l4.py:556: PytestUnknownMarkWarning: Unknown pytest.mark.timeout - is this a typo?  You can register custom marks to avoid this warning - for details, see https://docs.pytest.org/en/stable/how-to/mark.html\n    @pytest.mark.timeout(120)\n\ntests\\integration\\critical_paths\\test_auth_service_failover_complete_l4.py:57\n  C:\\Users\\antho\\OneDrive\\Desktop\\Netra\\netra-core-generation-1\\netra_backend\\tests\\integration\\critical_paths\\test_auth_service_failover_complete_l4.py:57: PytestUnknownMarkWarning: Unknown pytest.mark.timeout - is this a typo?  You can register custom marks to avoid this warning - for details, see https://docs.pytest.org/en/stable/how-to/mark.html\n    @pytest.mark.timeout(30)\n\ntests\\integration\\critical_paths\\test_auth_service_failover_complete_l4.py:100\n  C:\\Users\\antho\\OneDrive\\Desktop\\Netra\\netra-core-generation-1\\netra_backend\\tests\\integration\\critical_paths\\test_auth_service_failover_complete_l4.py:100: PytestUnknownMarkWarning: Unknown pytest.mark.timeout - is this a typo?  You can register custom marks to avoid this warning - for details, see https://docs.pytest.org/en/stable/how-to/mark.html\n    @pytest.mark.timeout(30)\n\ntests\\integration\\critical_paths\\test_auth_service_failover_complete_l4.py:175\n  C:\\Users\\antho\\OneDrive\\Desktop\\Netra\\netra-core-generation-1\\netra_backend\\tests\\integration\\critical_paths\\test_auth_service_failover_complete_l4.py:175: PytestUnknownMarkWarning: Unknown pytest.mark.timeout - is this a typo?  You can register custom marks to avoid this warning - for details, see https://docs.pytest.org/en/stable/how-to/mark.html\n    @pytest.mark.timeout(30)\n\ntests\\integration\\critical_paths\\test_auth_service_failover_complete_l4.py:218\n  C:\\Users\\antho\\OneDrive\\Desktop\\Netra\\netra-core-generation-1\\netra_backend\\tests\\integration\\critical_paths\\test_auth_service_failover_complete_l4.py:218: PytestUnknownMarkWarning: Unknown pytest.mark.timeout - is this a typo?  You can register custom marks to avoid this warning - for details, see https://docs.pytest.org/en/stable/how-to/mark.html\n    @pytest.mark.timeout(30)\n\ntests\\integration\\critical_paths\\test_auth_service_failover_complete_l4.py:256\n  C:\\Users\\antho\\OneDrive\\Desktop\\Netra\\netra-core-generation-1\\netra_backend\\tests\\integration\\critical_paths\\test_auth_service_failover_complete_l4.py:256: PytestUnknownMarkWarning: Unknown pytest.mark.timeout - is this a typo?  You can register custom marks to avoid this warning - for details, see https://docs.pytest.org/en/stable/how-to/mark.html\n    @pytest.mark.timeout(30)\n\ntests\\integration\\critical_paths\\test_auth_service_failover_complete_l4.py:309\n  C:\\Users\\antho\\OneDrive\\Desktop\\Netra\\netra-core-generation-1\\netra_backend\\tests\\integration\\critical_paths\\test_auth_service_failover_complete_l4.py:309: PytestUnknownMarkWarning: Unknown pytest.mark.timeout - is this a typo?  You can register custom marks to avoid this warning - for details, see https://docs.pytest.org/en/stable/how-to/mark.html\n    @pytest.mark.timeout(30)\n\ntests\\integration\\critical_paths\\test_auth_service_failover_complete_l4.py:376\n  C:\\Users\\antho\\OneDrive\\Desktop\\Netra\\netra-core-generation-1\\netra_backend\\tests\\integration\\critical_paths\\test_auth_service_failover_complete_l4.py:376: PytestUnknownMarkWarning: Unknown pytest.mark.timeout - is this a typo?  You can register custom marks to avoid this warning - for details, see https://docs.pytest.org/en/stable/how-to/mark.html\n    @pytest.mark.timeout(30)\n\ntests\\integration\\critical_paths\\test_auth_service_failover_complete_l4.py:454\n  C:\\Users\\antho\\OneDrive\\Desktop\\Netra\\netra-core-generation-1\\netra_backend\\tests\\integration\\critical_paths\\test_auth_service_failover_complete_l4.py:454: PytestUnknownMarkWarning: Unknown pytest.mark.timeout - is this a typo?  You can register custom marks to avoid this warning - for details, see https://docs.pytest.org/en/stable/how-to/mark.html\n    @pytest.mark.timeout(30)\n\ntests\\integration\\critical_paths\\test_auth_service_failover_complete_l4.py:500\n  C:\\Users\\antho\\OneDrive\\Desktop\\Netra\\netra-core-generation-1\\netra_backend\\tests\\integration\\critical_paths\\test_auth_service_failover_complete_l4.py:500: PytestUnknownMarkWarning: Unknown pytest.mark.timeout - is this a typo?  You can register custom marks to avoid this warning - for details, see https://docs.pytest.org/en/stable/how-to/mark.html\n    @pytest.mark.timeout(30)\n\ntests\\integration\\critical_paths\\test_auth_service_recovery_crash.py:176\n  C:\\Users\\antho\\OneDrive\\Desktop\\Netra\\netra-core-generation-1\\netra_backend\\tests\\integration\\critical_paths\\test_auth_service_recovery_crash.py:176: PytestUnknownMarkWarning: Unknown pytest.mark.timeout - is this a typo?  You can register custom marks to avoid this warning - for details, see https://docs.pytest.org/en/stable/how-to/mark.html\n    @pytest.mark.timeout(120)\n\ntests\\integration\\critical_paths\\test_auth_service_recovery_crash.py:244\n  C:\\Users\\antho\\OneDrive\\Desktop\\Netra\\netra-core-generation-1\\netra_backend\\tests\\integration\\critical_paths\\test_auth_service_recovery_crash.py:244: PytestUnknownMarkWarning: Unknown pytest.mark.timeout - is this a typo?  You can register custom marks to avoid this warning - for details, see https://docs.pytest.org/en/stable/how-to/mark.html\n    @pytest.mark.timeout(90)\n\ntests\\integration\\critical_paths\\test_auth_service_recovery_crash.py:310\n  C:\\Users\\antho\\OneDrive\\Desktop\\Netra\\netra-core-generation-1\\netra_backend\\tests\\integration\\critical_paths\\test_auth_service_recovery_crash.py:310: PytestUnknownMarkWarning: Unknown pytest.mark.timeout - is this a typo?  You can register custom marks to avoid this warning - for details, see https://docs.pytest.org/en/stable/how-to/mark.html\n    @pytest.mark.timeout(120)\n\ntests\\integration\\critical_paths\\test_auth_service_recovery_crash.py:384\n  C:\\Users\\antho\\OneDrive\\Desktop\\Netra\\netra-core-generation-1\\netra_backend\\tests\\integration\\critical_paths\\test_auth_service_recovery_crash.py:384: PytestUnknownMarkWarning: Unknown pytest.mark.timeout - is this a typo?  You can register custom marks to avoid this warning - for details, see https://docs.pytest.org/en/stable/how-to/mark.html\n    @pytest.mark.timeout(90)\n\ntests\\integration\\critical_paths\\test_auth_service_recovery_crash.py:456\n  C:\\Users\\antho\\OneDrive\\Desktop\\Netra\\netra-core-generation-1\\netra_backend\\tests\\integration\\critical_paths\\test_auth_service_recovery_crash.py:456: PytestUnknownMarkWarning: Unknown pytest.mark.timeout - is this a typo?  You can register custom marks to avoid this warning - for details, see https://docs.pytest.org/en/stable/how-to/mark.html\n    @pytest.mark.timeout(120)\n\ntests\\integration\\critical_paths\\test_auth_session_lifecycle_complete_l4.py:71\n  C:\\Users\\antho\\OneDrive\\Desktop\\Netra\\netra-core-generation-1\\netra_backend\\tests\\integration\\critical_paths\\test_auth_session_lifecycle_complete_l4.py:71: PytestUnknownMarkWarning: Unknown pytest.mark.timeout - is this a typo?  You can register custom marks to avoid this warning - for details, see https://docs.pytest.org/en/stable/how-to/mark.html\n    @pytest.mark.timeout(30)\n\ntests\\integration\\critical_paths\\test_auth_session_lifecycle_complete_l4.py:102\n  C:\\Users\\antho\\OneDrive\\Desktop\\Netra\\netra-core-generation-1\\netra_backend\\tests\\integration\\critical_paths\\test_auth_session_lifecycle_complete_l4.py:102: PytestUnknownMarkWarning: Unknown pytest.mark.timeout - is this a typo?  You can register custom marks to avoid this warning - for details, see https://docs.pytest.org/en/stable/how-to/mark.html\n    @pytest.mark.timeout(30)\n\ntests\\integration\\critical_paths\\test_auth_session_lifecycle_complete_l4.py:151\n  C:\\Users\\antho\\OneDrive\\Desktop\\Netra\\netra-core-generation-1\\netra_backend\\tests\\integration\\critical_paths\\test_auth_session_lifecycle_complete_l4.py:151: PytestUnknownMarkWarning: Unknown pytest.mark.timeout - is this a typo?  You can register custom marks to avoid this warning - for details, see https://docs.pytest.org/en/stable/how-to/mark.html\n    @pytest.mark.timeout(30)\n\ntests\\integration\\critical_paths\\test_auth_session_lifecycle_complete_l4.py:203\n  C:\\Users\\antho\\OneDrive\\Desktop\\Netra\\netra-core-generation-1\\netra_backend\\tests\\integration\\critical_paths\\test_auth_session_lifecycle_complete_l4.py:203: PytestUnknownMarkWarning: Unknown pytest.mark.timeout - is this a typo?  You can register custom marks to avoid this warning - for details, see https://docs.pytest.org/en/stable/how-to/mark.html\n    @pytest.mark.timeout(30)\n\ntests\\integration\\critical_paths\\test_auth_session_lifecycle_complete_l4.py:239\n  C:\\Users\\antho\\OneDrive\\Desktop\\Netra\\netra-core-generation-1\\netra_backend\\tests\\integration\\critical_paths\\test_auth_session_lifecycle_complete_l4.py:239: PytestUnknownMarkWarning: Unknown pytest.mark.timeout - is this a typo?  You can register custom marks to avoid this warning - for details, see https://docs.pytest.org/en/stable/how-to/mark.html\n    @pytest.mark.timeout(30)\n\ntests\\integration\\critical_paths\\test_auth_session_lifecycle_complete_l4.py:270\n  C:\\Users\\antho\\OneDrive\\Desktop\\Netra\\netra-core-generation-1\\netra_backend\\tests\\integration\\critical_paths\\test_auth_session_lifecycle_complete_l4.py:270: PytestUnknownMarkWarning: Unknown pytest.mark.timeout - is this a typo?  You can register custom marks to avoid this warning - for details, see https://docs.pytest.org/en/stable/how-to/mark.html\n    @pytest.mark.timeout(30)\n\ntests\\integration\\critical_paths\\test_auth_session_lifecycle_complete_l4.py:294\n  C:\\Users\\antho\\OneDrive\\Desktop\\Netra\\netra-core-generation-1\\netra_backend\\tests\\integration\\critical_paths\\test_auth_session_lifecycle_complete_l4.py:294: PytestUnknownMarkWarning: Unknown pytest.mark.timeout - is this a typo?  You can register custom marks to avoid this warning - for details, see https://docs.pytest.org/en/stable/how-to/mark.html\n    @pytest.mark.timeout(30)\n\ntests\\integration\\critical_paths\\test_auth_session_lifecycle_complete_l4.py:334\n  C:\\Users\\antho\\OneDrive\\Desktop\\Netra\\netra-core-generation-1\\netra_backend\\tests\\integration\\critical_paths\\test_auth_session_lifecycle_complete_l4.py:334: PytestUnknownMarkWarning: Unknown pytest.mark.timeout - is this a typo?  You can register custom marks to avoid this warning - for details, see https://docs.pytest.org/en/stable/how-to/mark.html\n    @pytest.mark.timeout(30)\n\ntests\\integration\\critical_paths\\test_auth_session_lifecycle_complete_l4.py:380\n  C:\\Users\\antho\\OneDrive\\Desktop\\Netra\\netra-core-generation-1\\netra_backend\\tests\\integration\\critical_paths\\test_auth_session_lifecycle_complete_l4.py:380: PytestUnknownMarkWarning: Unknown pytest.mark.timeout - is this a typo?  You can register custom marks to avoid this warning - for details, see https://docs.pytest.org/en/stable/how-to/mark.html\n    @pytest.mark.timeout(30)\n\ntests\\integration\\critical_paths\\test_auth_session_lifecycle_complete_l4.py:411\n  C:\\Users\\antho\\OneDrive\\Desktop\\Netra\\netra-core-generation-1\\netra_backend\\tests\\integration\\critical_paths\\test_auth_session_lifecycle_complete_l4.py:411: PytestUnknownMarkWarning: Unknown pytest.mark.timeout - is this a typo?  You can register custom marks to avoid this warning - for details, see https://docs.pytest.org/en/stable/how-to/mark.html\n    @pytest.mark.timeout(30)\n\ntests\\integration\\critical_paths\\test_auth_token_refresh_high_load.py:147\n  C:\\Users\\antho\\OneDrive\\Desktop\\Netra\\netra-core-generation-1\\netra_backend\\tests\\integration\\critical_paths\\test_auth_token_refresh_high_load.py:147: PytestUnknownMarkWarning: Unknown pytest.mark.timeout - is this a typo?  You can register custom marks to avoid this warning - for details, see https://docs.pytest.org/en/stable/how-to/mark.html\n    @pytest.mark.timeout(120)\n\ntests\\integration\\critical_paths\\test_auth_token_refresh_high_load.py:208\n  C:\\Users\\antho\\OneDrive\\Desktop\\Netra\\netra-core-generation-1\\netra_backend\\tests\\integration\\critical_paths\\test_auth_token_refresh_high_load.py:208: PytestUnknownMarkWarning: Unknown pytest.mark.timeout - is this a typo?  You can register custom marks to avoid this warning - for details, see https://docs.pytest.org/en/stable/how-to/mark.html\n    @pytest.mark.timeout(180)\n\ntests\\integration\\critical_paths\\test_auth_token_refresh_high_load.py:260\n  C:\\Users\\antho\\OneDrive\\Desktop\\Netra\\netra-core-generation-1\\netra_backend\\tests\\integration\\critical_paths\\test_auth_token_refresh_high_load.py:260: PytestUnknownMarkWarning: Unknown pytest.mark.timeout - is this a typo?  You can register custom marks to avoid this warning - for details, see https://docs.pytest.org/en/stable/how-to/mark.html\n    @pytest.mark.timeout(60)\n\ntests\\integration\\critical_paths\\test_auth_token_refresh_high_load.py:312\n  C:\\Users\\antho\\OneDrive\\Desktop\\Netra\\netra-core-generation-1\\netra_backend\\tests\\integration\\critical_paths\\test_auth_token_refresh_high_load.py:312: PytestUnknownMarkWarning: Unknown pytest.mark.timeout - is this a typo?  You can register custom marks to avoid this warning - for details, see https://docs.pytest.org/en/stable/how-to/mark.html\n    @pytest.mark.timeout(90)\n\ntests\\integration\\critical_paths\\test_business_critical_flows_l2.py:1062\n  C:\\Users\\antho\\OneDrive\\Desktop\\Netra\\netra-core-generation-1\\netra_backend\\tests\\integration\\critical_paths\\test_business_critical_flows_l2.py:1062: PytestUnknownMarkWarning: Unknown pytest.mark.l2 - is this a typo?  You can register custom marks to avoid this warning - for details, see https://docs.pytest.org/en/stable/how-to/mark.html\n    @pytest.mark.l2\n\napp\\core\\resource_manager.py:146\n  C:\\Users\\antho\\OneDrive\\Desktop\\Netra\\netra-core-generation-1\\netra_backend\\app\\core\\resource_manager.py:146: DeprecationWarning: datetime.datetime.utcnow() is deprecated and scheduled for removal in a future version. Use timezone-aware objects to represent datetimes in UTC: datetime.datetime.now(datetime.UTC).\n    self.process_start_time = datetime.utcnow()\n\n<string>:3\n  <string>:3: DeprecationWarning: datetime.datetime.utcnow() is deprecated and scheduled for removal in a future version. Use timezone-aware objects to represent datetimes in UTC: datetime.datetime.now(datetime.UTC).\n\ntests\\integration\\critical_paths\\test_concurrent_session_management_l4.py:50\n  C:\\Users\\antho\\OneDrive\\Desktop\\Netra\\netra-core-generation-1\\netra_backend\\tests\\integration\\critical_paths\\test_concurrent_session_management_l4.py:50: PytestUnknownMarkWarning: Unknown pytest.mark.timeout - is this a typo?  You can register custom marks to avoid this warning - for details, see https://docs.pytest.org/en/stable/how-to/mark.html\n    @pytest.mark.timeout(30)\n\ntests\\integration\\critical_paths\\test_concurrent_session_management_l4.py:88\n  C:\\Users\\antho\\OneDrive\\Desktop\\Netra\\netra-core-generation-1\\netra_backend\\tests\\integration\\critical_paths\\test_concurrent_session_management_l4.py:88: PytestUnknownMarkWarning: Unknown pytest.mark.timeout - is this a typo?  You can register custom marks to avoid this warning - for details, see https://docs.pytest.org/en/stable/how-to/mark.html\n    @pytest.mark.timeout(30)\n\ntests\\integration\\critical_paths\\test_concurrent_session_management_l4.py:156\n  C:\\Users\\antho\\OneDrive\\Desktop\\Netra\\netra-core-generation-1\\netra_backend\\tests\\integration\\critical_paths\\test_concurrent_session_management_l4.py:156: PytestUnknownMarkWarning: Unknown pytest.mark.timeout - is this a typo?  You can register custom marks to avoid this warning - for details, see https://docs.pytest.org/en/stable/how-to/mark.html\n    @pytest.mark.timeout(30)\n\ntests\\integration\\critical_paths\\test_concurrent_session_management_l4.py:214\n  C:\\Users\\antho\\OneDrive\\Desktop\\Netra\\netra-core-generation-1\\netra_backend\\tests\\integration\\critical_paths\\test_concurrent_session_management_l4.py:214: PytestUnknownMarkWarning: Unknown pytest.mark.timeout - is this a typo?  You can register custom marks to avoid this warning - for details, see https://docs.pytest.org/en/stable/how-to/mark.html\n    @pytest.mark.timeout(30)\n\ntests\\integration\\critical_paths\\test_concurrent_session_management_l4.py:272\n  C:\\Users\\antho\\OneDrive\\Desktop\\Netra\\netra-core-generation-1\\netra_backend\\tests\\integration\\critical_paths\\test_concurrent_session_management_l4.py:272: PytestUnknownMarkWarning: Unknown pytest.mark.timeout - is this a typo?  You can register custom marks to avoid this warning - for details, see https://docs.pytest.org/en/stable/how-to/mark.html\n    @pytest.mark.timeout(30)\n\ntests\\integration\\critical_paths\\test_concurrent_session_management_l4.py:353\n  C:\\Users\\antho\\OneDrive\\Desktop\\Netra\\netra-core-generation-1\\netra_backend\\tests\\integration\\critical_paths\\test_concurrent_session_management_l4.py:353: PytestUnknownMarkWarning: Unknown pytest.mark.timeout - is this a typo?  You can register custom marks to avoid this warning - for details, see https://docs.pytest.org/en/stable/how-to/mark.html\n    @pytest.mark.timeout(30)\n\ntests\\integration\\critical_paths\\test_concurrent_session_management_l4.py:415\n  C:\\Users\\antho\\OneDrive\\Desktop\\Netra\\netra-core-generation-1\\netra_backend\\tests\\integration\\critical_paths\\test_concurrent_session_management_l4.py:415: PytestUnknownMarkWarning: Unknown pytest.mark.timeout - is this a typo?  You can register custom marks to avoid this warning - for details, see https://docs.pytest.org/en/stable/how-to/mark.html\n    @pytest.mark.timeout(30)\n\ntests\\integration\\critical_paths\\test_concurrent_session_management_l4.py:480\n  C:\\Users\\antho\\OneDrive\\Desktop\\Netra\\netra-core-generation-1\\netra_backend\\tests\\integration\\critical_paths\\test_concurrent_session_management_l4.py:480: PytestUnknownMarkWarning: Unknown pytest.mark.timeout - is this a typo?  You can register custom marks to avoid this warning - for details, see https://docs.pytest.org/en/stable/how-to/mark.html\n    @pytest.mark.timeout(30)\n\ntests\\integration\\critical_paths\\test_concurrent_user_login_sessions.py:123\n  C:\\Users\\antho\\OneDrive\\Desktop\\Netra\\netra-core-generation-1\\netra_backend\\tests\\integration\\critical_paths\\test_concurrent_user_login_sessions.py:123: PytestUnknownMarkWarning: Unknown pytest.mark.timeout - is this a typo?  You can register custom marks to avoid this warning - for details, see https://docs.pytest.org/en/stable/how-to/mark.html\n    @pytest.mark.timeout(90)\n\ntests\\integration\\critical_paths\\test_concurrent_user_login_sessions.py:201\n  C:\\Users\\antho\\OneDrive\\Desktop\\Netra\\netra-core-generation-1\\netra_backend\\tests\\integration\\critical_paths\\test_concurrent_user_login_sessions.py:201: PytestUnknownMarkWarning: Unknown pytest.mark.timeout - is this a typo?  You can register custom marks to avoid this warning - for details, see https://docs.pytest.org/en/stable/how-to/mark.html\n    @pytest.mark.timeout(120)\n\ntests\\integration\\critical_paths\\test_concurrent_user_login_sessions.py:259\n  C:\\Users\\antho\\OneDrive\\Desktop\\Netra\\netra-core-generation-1\\netra_backend\\tests\\integration\\critical_paths\\test_concurrent_user_login_sessions.py:259: PytestUnknownMarkWarning: Unknown pytest.mark.timeout - is this a typo?  You can register custom marks to avoid this warning - for details, see https://docs.pytest.org/en/stable/how-to/mark.html\n    @pytest.mark.timeout(90)\n\ntests\\integration\\critical_paths\\test_concurrent_user_login_sessions.py:304\n  C:\\Users\\antho\\OneDrive\\Desktop\\Netra\\netra-core-generation-1\\netra_backend\\tests\\integration\\critical_paths\\test_concurrent_user_login_sessions.py:304: PytestUnknownMarkWarning: Unknown pytest.mark.timeout - is this a typo?  You can register custom marks to avoid this warning - for details, see https://docs.pytest.org/en/stable/how-to/mark.html\n    @pytest.mark.timeout(60)\n\ntests\\integration\\critical_paths\\test_concurrent_user_login_sessions.py:351\n  C:\\Users\\antho\\OneDrive\\Desktop\\Netra\\netra-core-generation-1\\netra_backend\\tests\\integration\\critical_paths\\test_concurrent_user_login_sessions.py:351: PytestUnknownMarkWarning: Unknown pytest.mark.timeout - is this a typo?  You can register custom marks to avoid this warning - for details, see https://docs.pytest.org/en/stable/how-to/mark.html\n    @pytest.mark.timeout(90)\n\ntests\\integration\\critical_paths\\test_cross_service_auth_propagation_complete_l4.py:54\n  C:\\Users\\antho\\OneDrive\\Desktop\\Netra\\netra-core-generation-1\\netra_backend\\tests\\integration\\critical_paths\\test_cross_service_auth_propagation_complete_l4.py:54: PytestUnknownMarkWarning: Unknown pytest.mark.timeout - is this a typo?  You can register custom marks to avoid this warning - for details, see https://docs.pytest.org/en/stable/how-to/mark.html\n    @pytest.mark.timeout(30)\n\ntests\\integration\\critical_paths\\test_cross_service_auth_propagation_complete_l4.py:92\n  C:\\Users\\antho\\OneDrive\\Desktop\\Netra\\netra-core-generation-1\\netra_backend\\tests\\integration\\critical_paths\\test_cross_service_auth_propagation_complete_l4.py:92: PytestUnknownMarkWarning: Unknown pytest.mark.timeout - is this a typo?  You can register custom marks to avoid this warning - for details, see https://docs.pytest.org/en/stable/how-to/mark.html\n    @pytest.mark.timeout(30)\n\ntests\\integration\\critical_paths\\test_cross_service_auth_propagation_complete_l4.py:129\n  C:\\Users\\antho\\OneDrive\\Desktop\\Netra\\netra-core-generation-1\\netra_backend\\tests\\integration\\critical_paths\\test_cross_service_auth_propagation_complete_l4.py:129: PytestUnknownMarkWarning: Unknown pytest.mark.timeout - is this a typo?  You can register custom marks to avoid this warning - for details, see https://docs.pytest.org/en/stable/how-to/mark.html\n    @pytest.mark.timeout(30)\n\ntests\\integration\\critical_paths\\test_cross_service_auth_propagation_complete_l4.py:173\n  C:\\Users\\antho\\OneDrive\\Desktop\\Netra\\netra-core-generation-1\\netra_backend\\tests\\integration\\critical_paths\\test_cross_service_auth_propagation_complete_l4.py:173: PytestUnknownMarkWarning: Unknown pytest.mark.timeout - is this a typo?  You can register custom marks to avoid this warning - for details, see https://docs.pytest.org/en/stable/how-to/mark.html\n    @pytest.mark.timeout(30)\n\ntests\\integration\\critical_paths\\test_cross_service_auth_propagation_complete_l4.py:228\n  C:\\Users\\antho\\OneDrive\\Desktop\\Netra\\netra-core-generation-1\\netra_backend\\tests\\integration\\critical_paths\\test_cross_service_auth_propagation_complete_l4.py:228: PytestUnknownMarkWarning: Unknown pytest.mark.timeout - is this a typo?  You can register custom marks to avoid this warning - for details, see https://docs.pytest.org/en/stable/how-to/mark.html\n    @pytest.mark.timeout(30)\n\ntests\\integration\\critical_paths\\test_cross_service_auth_propagation_complete_l4.py:264\n  C:\\Users\\antho\\OneDrive\\Desktop\\Netra\\netra-core-generation-1\\netra_backend\\tests\\integration\\critical_paths\\test_cross_service_auth_propagation_complete_l4.py:264: PytestUnknownMarkWarning: Unknown pytest.mark.timeout - is this a typo?  You can register custom marks to avoid this warning - for details, see https://docs.pytest.org/en/stable/how-to/mark.html\n    @pytest.mark.timeout(30)\n\ntests\\integration\\critical_paths\\test_cross_service_auth_propagation_complete_l4.py:303\n  C:\\Users\\antho\\OneDrive\\Desktop\\Netra\\netra-core-generation-1\\netra_backend\\tests\\integration\\critical_paths\\test_cross_service_auth_propagation_complete_l4.py:303: PytestUnknownMarkWarning: Unknown pytest.mark.timeout - is this a typo?  You can register custom marks to avoid this warning - for details, see https://docs.pytest.org/en/stable/how-to/mark.html\n    @pytest.mark.timeout(30)\n\ntests\\integration\\critical_paths\\test_cross_service_auth_propagation_complete_l4.py:364\n  C:\\Users\\antho\\OneDrive\\Desktop\\Netra\\netra-core-generation-1\\netra_backend\\tests\\integration\\critical_paths\\test_cross_service_auth_propagation_complete_l4.py:364: PytestUnknownMarkWarning: Unknown pytest.mark.timeout - is this a typo?  You can register custom marks to avoid this warning - for details, see https://docs.pytest.org/en/stable/how-to/mark.html\n    @pytest.mark.timeout(30)\n\ntests\\integration\\critical_paths\\test_cross_service_auth_propagation_complete_l4.py:408\n  C:\\Users\\antho\\OneDrive\\Desktop\\Netra\\netra-core-generation-1\\netra_backend\\tests\\integration\\critical_paths\\test_cross_service_auth_propagation_complete_l4.py:408: PytestUnknownMarkWarning: Unknown pytest.mark.timeout - is this a typo?  You can register custom marks to avoid this warning - for details, see https://docs.pytest.org/en/stable/how-to/mark.html\n    @pytest.mark.timeout(30)\n\ntests\\integration\\critical_paths\\test_cross_service_auth_propagation_complete_l4.py:454\n  C:\\Users\\antho\\OneDrive\\Desktop\\Netra\\netra-core-generation-1\\netra_backend\\tests\\integration\\critical_paths\\test_cross_service_auth_propagation_complete_l4.py:454: PytestUnknownMarkWarning: Unknown pytest.mark.timeout - is this a typo?  You can register custom marks to avoid this warning - for details, see https://docs.pytest.org/en/stable/how-to/mark.html\n    @pytest.mark.timeout(30)\n\ntests\\integration\\critical_paths\\test_custom_metrics_registration.py:41\n  C:\\Users\\antho\\OneDrive\\Desktop\\Netra\\netra-core-generation-1\\netra_backend\\tests\\integration\\critical_paths\\test_custom_metrics_registration.py:41: PytestUnknownMarkWarning: Unknown pytest.mark.observability - is this a typo?  You can register custom marks to avoid this warning - for details, see https://docs.pytest.org/en/stable/how-to/mark.html\n    pytest.mark.observability,\n\ntests\\integration\\critical_paths\\test_custom_metrics_registration.py:42\n  C:\\Users\\antho\\OneDrive\\Desktop\\Netra\\netra-core-generation-1\\netra_backend\\tests\\integration\\critical_paths\\test_custom_metrics_registration.py:42: PytestUnknownMarkWarning: Unknown pytest.mark.custom_metrics - is this a typo?  You can register custom marks to avoid this warning - for details, see https://docs.pytest.org/en/stable/how-to/mark.html\n    pytest.mark.custom_metrics\n\ntests\\integration\\critical_paths\\test_dashboard_query_performance.py:43\n  C:\\Users\\antho\\OneDrive\\Desktop\\Netra\\netra-core-generation-1\\netra_backend\\tests\\integration\\critical_paths\\test_dashboard_query_performance.py:43: PytestUnknownMarkWarning: Unknown pytest.mark.observability - is this a typo?  You can register custom marks to avoid this warning - for details, see https://docs.pytest.org/en/stable/how-to/mark.html\n    pytest.mark.observability,\n\ntests\\integration\\critical_paths\\test_dashboard_query_performance.py:45\n  C:\\Users\\antho\\OneDrive\\Desktop\\Netra\\netra-core-generation-1\\netra_backend\\tests\\integration\\critical_paths\\test_dashboard_query_performance.py:45: PytestUnknownMarkWarning: Unknown pytest.mark.dashboard - is this a typo?  You can register custom marks to avoid this warning - for details, see https://docs.pytest.org/en/stable/how-to/mark.html\n    pytest.mark.dashboard\n\ntests\\integration\\critical_paths\\test_data_migration_integrity_l4.py:1340\n  C:\\Users\\antho\\OneDrive\\Desktop\\Netra\\netra-core-generation-1\\netra_backend\\tests\\integration\\critical_paths\\test_data_migration_integrity_l4.py:1340: PytestUnknownMarkWarning: Unknown pytest.mark.critical_path - is this a typo?  You can register custom marks to avoid this warning - for details, see https://docs.pytest.org/en/stable/how-to/mark.html\n    @pytest.mark.critical_path\n\ntests\\integration\\critical_paths\\test_database_transaction_integrity_l4.py:43\n  C:\\Users\\antho\\OneDrive\\Desktop\\Netra\\netra-core-generation-1\\netra_backend\\tests\\integration\\critical_paths\\test_database_transaction_integrity_l4.py:43: PytestUnknownMarkWarning: Unknown pytest.mark.timeout - is this a typo?  You can register custom marks to avoid this warning - for details, see https://docs.pytest.org/en/stable/how-to/mark.html\n    @pytest.mark.timeout(30)\n\ntests\\integration\\critical_paths\\test_database_transaction_integrity_l4.py:114\n  C:\\Users\\antho\\OneDrive\\Desktop\\Netra\\netra-core-generation-1\\netra_backend\\tests\\integration\\critical_paths\\test_database_transaction_integrity_l4.py:114: PytestUnknownMarkWarning: Unknown pytest.mark.timeout - is this a typo?  You can register custom marks to avoid this warning - for details, see https://docs.pytest.org/en/stable/how-to/mark.html\n    @pytest.mark.timeout(30)\n\ntests\\integration\\critical_paths\\test_database_transaction_integrity_l4.py:177\n  C:\\Users\\antho\\OneDrive\\Desktop\\Netra\\netra-core-generation-1\\netra_backend\\tests\\integration\\critical_paths\\test_database_transaction_integrity_l4.py:177: PytestUnknownMarkWarning: Unknown pytest.mark.timeout - is this a typo?  You can register custom marks to avoid this warning - for details, see https://docs.pytest.org/en/stable/how-to/mark.html\n    @pytest.mark.timeout(30)\n\ntests\\integration\\critical_paths\\test_database_transaction_integrity_l4.py:229\n  C:\\Users\\antho\\OneDrive\\Desktop\\Netra\\netra-core-generation-1\\netra_backend\\tests\\integration\\critical_paths\\test_database_transaction_integrity_l4.py:229: PytestUnknownMarkWarning: Unknown pytest.mark.timeout - is this a typo?  You can register custom marks to avoid this warning - for details, see https://docs.pytest.org/en/stable/how-to/mark.html\n    @pytest.mark.timeout(30)\n\ntests\\integration\\critical_paths\\test_database_transaction_integrity_l4.py:274\n  C:\\Users\\antho\\OneDrive\\Desktop\\Netra\\netra-core-generation-1\\netra_backend\\tests\\integration\\critical_paths\\test_database_transaction_integrity_l4.py:274: PytestUnknownMarkWarning: Unknown pytest.mark.timeout - is this a typo?  You can register custom marks to avoid this warning - for details, see https://docs.pytest.org/en/stable/how-to/mark.html\n    @pytest.mark.timeout(30)\n\ntests\\integration\\critical_paths\\test_database_transaction_integrity_l4.py:319\n  C:\\Users\\antho\\OneDrive\\Desktop\\Netra\\netra-core-generation-1\\netra_backend\\tests\\integration\\critical_paths\\test_database_transaction_integrity_l4.py:319: PytestUnknownMarkWarning: Unknown pytest.mark.timeout - is this a typo?  You can register custom marks to avoid this warning - for details, see https://docs.pytest.org/en/stable/how-to/mark.html\n    @pytest.mark.timeout(30)\n\ntests\\integration\\critical_paths\\test_database_transaction_integrity_l4.py:367\n  C:\\Users\\antho\\OneDrive\\Desktop\\Netra\\netra-core-generation-1\\netra_backend\\tests\\integration\\critical_paths\\test_database_transaction_integrity_l4.py:367: PytestUnknownMarkWarning: Unknown pytest.mark.timeout - is this a typo?  You can register custom marks to avoid this warning - for details, see https://docs.pytest.org/en/stable/how-to/mark.html\n    @pytest.mark.timeout(30)\n\ntests\\integration\\critical_paths\\test_database_transaction_integrity_l4.py:405\n  C:\\Users\\antho\\OneDrive\\Desktop\\Netra\\netra-core-generation-1\\netra_backend\\tests\\integration\\critical_paths\\test_database_transaction_integrity_l4.py:405: PytestUnknownMarkWarning: Unknown pytest.mark.timeout - is this a typo?  You can register custom marks to avoid this warning - for details, see https://docs.pytest.org/en/stable/how-to/mark.html\n    @pytest.mark.timeout(30)\n\ntests\\integration\\critical_paths\\test_database_transaction_integrity_l4.py:454\n  C:\\Users\\antho\\OneDrive\\Desktop\\Netra\\netra-core-generation-1\\netra_backend\\tests\\integration\\critical_paths\\test_database_transaction_integrity_l4.py:454: PytestUnknownMarkWarning: Unknown pytest.mark.timeout - is this a typo?  You can register custom marks to avoid this warning - for details, see https://docs.pytest.org/en/stable/how-to/mark.html\n    @pytest.mark.timeout(30)\n\ntests\\integration\\critical_paths\\test_database_transaction_integrity_l4.py:494\n  C:\\Users\\antho\\OneDrive\\Desktop\\Netra\\netra-core-generation-1\\netra_backend\\tests\\integration\\critical_paths\\test_database_transaction_integrity_l4.py:494: PytestUnknownMarkWarning: Unknown pytest.mark.timeout - is this a typo?  You can register custom marks to avoid this warning - for details, see https://docs.pytest.org/en/stable/how-to/mark.html\n    @pytest.mark.timeout(30)\n\ntests\\integration\\critical_paths\\test_dev_environment_agent_response_flow_l4.py:894\n  C:\\Users\\antho\\OneDrive\\Desktop\\Netra\\netra-core-generation-1\\netra_backend\\tests\\integration\\critical_paths\\test_dev_environment_agent_response_flow_l4.py:894: PytestUnknownMarkWarning: Unknown pytest.mark.level_4 - is this a typo?  You can register custom marks to avoid this warning - for details, see https://docs.pytest.org/en/stable/how-to/mark.html\n    @pytest.mark.level_4\n\ntests\\integration\\critical_paths\\test_dev_environment_auth_login_complete_l4.py:607\n  C:\\Users\\antho\\OneDrive\\Desktop\\Netra\\netra-core-generation-1\\netra_backend\\tests\\integration\\critical_paths\\test_dev_environment_auth_login_complete_l4.py:607: PytestUnknownMarkWarning: Unknown pytest.mark.level_4 - is this a typo?  You can register custom marks to avoid this warning - for details, see https://docs.pytest.org/en/stable/how-to/mark.html\n    @pytest.mark.level_4\n\ntests\\integration\\critical_paths\\test_dev_environment_chat_initialization_l4.py:756\n  C:\\Users\\antho\\OneDrive\\Desktop\\Netra\\netra-core-generation-1\\netra_backend\\tests\\integration\\critical_paths\\test_dev_environment_chat_initialization_l4.py:756: PytestUnknownMarkWarning: Unknown pytest.mark.level_4 - is this a typo?  You can register custom marks to avoid this warning - for details, see https://docs.pytest.org/en/stable/how-to/mark.html\n    @pytest.mark.level_4\n\ntests\\integration\\critical_paths\\test_dev_environment_concurrent_users_l4.py:829\n  C:\\Users\\antho\\OneDrive\\Desktop\\Netra\\netra-core-generation-1\\netra_backend\\tests\\integration\\critical_paths\\test_dev_environment_concurrent_users_l4.py:829: PytestUnknownMarkWarning: Unknown pytest.mark.level_4 - is this a typo?  You can register custom marks to avoid this warning - for details, see https://docs.pytest.org/en/stable/how-to/mark.html\n    @pytest.mark.level_4\n\ntests\\integration\\critical_paths\\test_dev_environment_websocket_connection_l4.py:440\n  C:\\Users\\antho\\OneDrive\\Desktop\\Netra\\netra-core-generation-1\\netra_backend\\tests\\integration\\critical_paths\\test_dev_environment_websocket_connection_l4.py:440: PytestUnknownMarkWarning: Unknown pytest.mark.level_4 - is this a typo?  You can register custom marks to avoid this warning - for details, see https://docs.pytest.org/en/stable/how-to/mark.html\n    @pytest.mark.level_4\n\ntests\\integration\\critical_paths\\test_disaster_recovery_failover_l4.py:1146\n  C:\\Users\\antho\\OneDrive\\Desktop\\Netra\\netra-core-generation-1\\netra_backend\\tests\\integration\\critical_paths\\test_disaster_recovery_failover_l4.py:1146: PytestUnknownMarkWarning: Unknown pytest.mark.critical_path - is this a typo?  You can register custom marks to avoid this warning - for details, see https://docs.pytest.org/en/stable/how-to/mark.html\n    @pytest.mark.critical_path\n\ntests\\integration\\critical_paths\\test_disaster_recovery_failover_l4.py:1147\n  C:\\Users\\antho\\OneDrive\\Desktop\\Netra\\netra-core-generation-1\\netra_backend\\tests\\integration\\critical_paths\\test_disaster_recovery_failover_l4.py:1147: PytestUnknownMarkWarning: Unknown pytest.mark.disaster_recovery - is this a typo?  You can register custom marks to avoid this warning - for details, see https://docs.pytest.org/en/stable/how-to/mark.html\n    @pytest.mark.disaster_recovery\n\ntests\\integration\\critical_paths\\test_distributed_auth_state_sync_l4.py:166\n  C:\\Users\\antho\\OneDrive\\Desktop\\Netra\\netra-core-generation-1\\netra_backend\\tests\\integration\\critical_paths\\test_distributed_auth_state_sync_l4.py:166: PytestUnknownMarkWarning: Unknown pytest.mark.timeout - is this a typo?  You can register custom marks to avoid this warning - for details, see https://docs.pytest.org/en/stable/how-to/mark.html\n    @pytest.mark.timeout(120)\n\ntests\\integration\\critical_paths\\test_distributed_auth_state_sync_l4.py:258\n  C:\\Users\\antho\\OneDrive\\Desktop\\Netra\\netra-core-generation-1\\netra_backend\\tests\\integration\\critical_paths\\test_distributed_auth_state_sync_l4.py:258: PytestUnknownMarkWarning: Unknown pytest.mark.timeout - is this a typo?  You can register custom marks to avoid this warning - for details, see https://docs.pytest.org/en/stable/how-to/mark.html\n    @pytest.mark.timeout(120)\n\ntests\\integration\\critical_paths\\test_distributed_auth_state_sync_l4.py:307\n  C:\\Users\\antho\\OneDrive\\Desktop\\Netra\\netra-core-generation-1\\netra_backend\\tests\\integration\\critical_paths\\test_distributed_auth_state_sync_l4.py:307: PytestUnknownMarkWarning: Unknown pytest.mark.timeout - is this a typo?  You can register custom marks to avoid this warning - for details, see https://docs.pytest.org/en/stable/how-to/mark.html\n    @pytest.mark.timeout(120)\n\ntests\\integration\\critical_paths\\test_distributed_auth_state_sync_l4.py:352\n  C:\\Users\\antho\\OneDrive\\Desktop\\Netra\\netra-core-generation-1\\netra_backend\\tests\\integration\\critical_paths\\test_distributed_auth_state_sync_l4.py:352: PytestUnknownMarkWarning: Unknown pytest.mark.timeout - is this a typo?  You can register custom marks to avoid this warning - for details, see https://docs.pytest.org/en/stable/how-to/mark.html\n    @pytest.mark.timeout(120)\n\ntests\\integration\\critical_paths\\test_distributed_auth_state_sync_l4.py:423\n  C:\\Users\\antho\\OneDrive\\Desktop\\Netra\\netra-core-generation-1\\netra_backend\\tests\\integration\\critical_paths\\test_distributed_auth_state_sync_l4.py:423: PytestUnknownMarkWarning: Unknown pytest.mark.timeout - is this a typo?  You can register custom marks to avoid this warning - for details, see https://docs.pytest.org/en/stable/how-to/mark.html\n    @pytest.mark.timeout(90)\n\ntests\\integration\\critical_paths\\test_distributed_auth_state_sync_l4.py:456\n  C:\\Users\\antho\\OneDrive\\Desktop\\Netra\\netra-core-generation-1\\netra_backend\\tests\\integration\\critical_paths\\test_distributed_auth_state_sync_l4.py:456: PytestUnknownMarkWarning: Unknown pytest.mark.timeout - is this a typo?  You can register custom marks to avoid this warning - for details, see https://docs.pytest.org/en/stable/how-to/mark.html\n    @pytest.mark.timeout(120)\n\ntests\\integration\\critical_paths\\test_distributed_auth_state_sync_l4.py:511\n  C:\\Users\\antho\\OneDrive\\Desktop\\Netra\\netra-core-generation-1\\netra_backend\\tests\\integration\\critical_paths\\test_distributed_auth_state_sync_l4.py:511: PytestUnknownMarkWarning: Unknown pytest.mark.timeout - is this a typo?  You can register custom marks to avoid this warning - for details, see https://docs.pytest.org/en/stable/how-to/mark.html\n    @pytest.mark.timeout(120)\n\ntests\\integration\\critical_paths\\test_distributed_tracing_propagation.py:40\n  C:\\Users\\antho\\OneDrive\\Desktop\\Netra\\netra-core-generation-1\\netra_backend\\tests\\integration\\critical_paths\\test_distributed_tracing_propagation.py:40: PytestUnknownMarkWarning: Unknown pytest.mark.observability - is this a typo?  You can register custom marks to avoid this warning - for details, see https://docs.pytest.org/en/stable/how-to/mark.html\n    pytest.mark.observability,\n\ntests\\integration\\critical_paths\\test_distributed_tracing_propagation.py:41\n  C:\\Users\\antho\\OneDrive\\Desktop\\Netra\\netra-core-generation-1\\netra_backend\\tests\\integration\\critical_paths\\test_distributed_tracing_propagation.py:41: PytestUnknownMarkWarning: Unknown pytest.mark.tracing - is this a typo?  You can register custom marks to avoid this warning - for details, see https://docs.pytest.org/en/stable/how-to/mark.html\n    pytest.mark.tracing\n\ntests\\integration\\critical_paths\\test_enterprise_resource_isolation_l4.py:1398\n  C:\\Users\\antho\\OneDrive\\Desktop\\Netra\\netra-core-generation-1\\netra_backend\\tests\\integration\\critical_paths\\test_enterprise_resource_isolation_l4.py:1398: PytestUnknownMarkWarning: Unknown pytest.mark.enterprise - is this a typo?  You can register custom marks to avoid this warning - for details, see https://docs.pytest.org/en/stable/how-to/mark.html\n    @pytest.mark.enterprise\n\ntests\\integration\\critical_paths\\test_enterprise_resource_isolation_l4.py:1425\n  C:\\Users\\antho\\OneDrive\\Desktop\\Netra\\netra-core-generation-1\\netra_backend\\tests\\integration\\critical_paths\\test_enterprise_resource_isolation_l4.py:1425: PytestUnknownMarkWarning: Unknown pytest.mark.enterprise - is this a typo?  You can register custom marks to avoid this warning - for details, see https://docs.pytest.org/en/stable/how-to/mark.html\n    @pytest.mark.enterprise\n\ntests\\integration\\critical_paths\\test_enterprise_resource_isolation_l4.py:1448\n  C:\\Users\\antho\\OneDrive\\Desktop\\Netra\\netra-core-generation-1\\netra_backend\\tests\\integration\\critical_paths\\test_enterprise_resource_isolation_l4.py:1448: PytestUnknownMarkWarning: Unknown pytest.mark.enterprise - is this a typo?  You can register custom marks to avoid this warning - for details, see https://docs.pytest.org/en/stable/how-to/mark.html\n    @pytest.mark.enterprise\n\ntests\\integration\\critical_paths\\test_health_check_cascade_initialization.py:49\n  C:\\Users\\antho\\OneDrive\\Desktop\\Netra\\netra-core-generation-1\\netra_backend\\tests\\integration\\critical_paths\\test_health_check_cascade_initialization.py:49: PytestUnknownMarkWarning: Unknown pytest.mark.health_monitoring - is this a typo?  You can register custom marks to avoid this warning - for details, see https://docs.pytest.org/en/stable/how-to/mark.html\n    pytest.mark.health_monitoring,\n\ntests\\integration\\critical_paths\\test_health_check_cascade_initialization.py:50\n  C:\\Users\\antho\\OneDrive\\Desktop\\Netra\\netra-core-generation-1\\netra_backend\\tests\\integration\\critical_paths\\test_health_check_cascade_initialization.py:50: PytestUnknownMarkWarning: Unknown pytest.mark.initialization - is this a typo?  You can register custom marks to avoid this warning - for details, see https://docs.pytest.org/en/stable/how-to/mark.html\n    pytest.mark.initialization\n\ntests\\integration\\critical_paths\\test_jwt_token_expiry_handling.py:123\n  C:\\Users\\antho\\OneDrive\\Desktop\\Netra\\netra-core-generation-1\\netra_backend\\tests\\integration\\critical_paths\\test_jwt_token_expiry_handling.py:123: PytestUnknownMarkWarning: Unknown pytest.mark.timeout - is this a typo?  You can register custom marks to avoid this warning - for details, see https://docs.pytest.org/en/stable/how-to/mark.html\n    @pytest.mark.timeout(60)\n\ntests\\integration\\critical_paths\\test_jwt_token_expiry_handling.py:181\n  C:\\Users\\antho\\OneDrive\\Desktop\\Netra\\netra-core-generation-1\\netra_backend\\tests\\integration\\critical_paths\\test_jwt_token_expiry_handling.py:181: PytestUnknownMarkWarning: Unknown pytest.mark.timeout - is this a typo?  You can register custom marks to avoid this warning - for details, see https://docs.pytest.org/en/stable/how-to/mark.html\n    @pytest.mark.timeout(60)\n\ntests\\integration\\critical_paths\\test_jwt_token_expiry_handling.py:220\n  C:\\Users\\antho\\OneDrive\\Desktop\\Netra\\netra-core-generation-1\\netra_backend\\tests\\integration\\critical_paths\\test_jwt_token_expiry_handling.py:220: PytestUnknownMarkWarning: Unknown pytest.mark.timeout - is this a typo?  You can register custom marks to avoid this warning - for details, see https://docs.pytest.org/en/stable/how-to/mark.html\n    @pytest.mark.timeout(60)\n\ntests\\integration\\critical_paths\\test_jwt_token_expiry_handling.py:265\n  C:\\Users\\antho\\OneDrive\\Desktop\\Netra\\netra-core-generation-1\\netra_backend\\tests\\integration\\critical_paths\\test_jwt_token_expiry_handling.py:265: PytestUnknownMarkWarning: Unknown pytest.mark.timeout - is this a typo?  You can register custom marks to avoid this warning - for details, see https://docs.pytest.org/en/stable/how-to/mark.html\n    @pytest.mark.timeout(60)\n\ntests\\integration\\critical_paths\\test_jwt_token_expiry_handling.py:300\n  C:\\Users\\antho\\OneDrive\\Desktop\\Netra\\netra-core-generation-1\\netra_backend\\tests\\integration\\critical_paths\\test_jwt_token_expiry_handling.py:300: PytestUnknownMarkWarning: Unknown pytest.mark.timeout - is this a typo?  You can register custom marks to avoid this warning - for details, see https://docs.pytest.org/en/stable/how-to/mark.html\n    @pytest.mark.timeout(90)\n\ntests\\integration\\critical_paths\\test_jwt_token_expiry_handling.py:347\n  C:\\Users\\antho\\OneDrive\\Desktop\\Netra\\netra-core-generation-1\\netra_backend\\tests\\integration\\critical_paths\\test_jwt_token_expiry_handling.py:347: PytestUnknownMarkWarning: Unknown pytest.mark.timeout - is this a typo?  You can register custom marks to avoid this warning - for details, see https://docs.pytest.org/en/stable/how-to/mark.html\n    @pytest.mark.timeout(60)\n\ntests\\integration\\critical_paths\\test_jwt_token_expiry_handling.py:393\n  C:\\Users\\antho\\OneDrive\\Desktop\\Netra\\netra-core-generation-1\\netra_backend\\tests\\integration\\critical_paths\\test_jwt_token_expiry_handling.py:393: PytestUnknownMarkWarning: Unknown pytest.mark.timeout - is this a typo?  You can register custom marks to avoid this warning - for details, see https://docs.pytest.org/en/stable/how-to/mark.html\n    @pytest.mark.timeout(60)\n\ntests\\integration\\critical_paths\\test_jwt_token_expiry_handling.py:445\n  C:\\Users\\antho\\OneDrive\\Desktop\\Netra\\netra-core-generation-1\\netra_backend\\tests\\integration\\critical_paths\\test_jwt_token_expiry_handling.py:445: PytestUnknownMarkWarning: Unknown pytest.mark.timeout - is this a typo?  You can register custom marks to avoid this warning - for details, see https://docs.pytest.org/en/stable/how-to/mark.html\n    @pytest.mark.timeout(60)\n\ntests\\integration\\critical_paths\\test_jwt_token_expiry_handling.py:478\n  C:\\Users\\antho\\OneDrive\\Desktop\\Netra\\netra-core-generation-1\\netra_backend\\tests\\integration\\critical_paths\\test_jwt_token_expiry_handling.py:478: PytestUnknownMarkWarning: Unknown pytest.mark.timeout - is this a typo?  You can register custom marks to avoid this warning - for details, see https://docs.pytest.org/en/stable/how-to/mark.html\n    @pytest.mark.timeout(60)\n\ntests\\integration\\critical_paths\\test_jwt_token_propagation_l4.py:981\n  C:\\Users\\antho\\OneDrive\\Desktop\\Netra\\netra-core-generation-1\\netra_backend\\tests\\integration\\critical_paths\\test_jwt_token_propagation_l4.py:981: PytestUnknownMarkWarning: Unknown pytest.mark.critical_path - is this a typo?  You can register custom marks to avoid this warning - for details, see https://docs.pytest.org/en/stable/how-to/mark.html\n    @pytest.mark.critical_path\n\ntests\\integration\\critical_paths\\test_llm_agent_orchestration_l4.py:753\n  C:\\Users\\antho\\OneDrive\\Desktop\\Netra\\netra-core-generation-1\\netra_backend\\tests\\integration\\critical_paths\\test_llm_agent_orchestration_l4.py:753: PytestUnknownMarkWarning: Unknown pytest.mark.llm_integration - is this a typo?  You can register custom marks to avoid this warning - for details, see https://docs.pytest.org/en/stable/how-to/mark.html\n    @pytest.mark.llm_integration\n\ntests\\integration\\critical_paths\\test_llm_agent_orchestration_l4.py:778\n  C:\\Users\\antho\\OneDrive\\Desktop\\Netra\\netra-core-generation-1\\netra_backend\\tests\\integration\\critical_paths\\test_llm_agent_orchestration_l4.py:778: PytestUnknownMarkWarning: Unknown pytest.mark.cost_validation - is this a typo?  You can register custom marks to avoid this warning - for details, see https://docs.pytest.org/en/stable/how-to/mark.html\n    @pytest.mark.cost_validation\n\ntests\\integration\\critical_paths\\test_log_aggregation_pipeline.py:38\n  C:\\Users\\antho\\OneDrive\\Desktop\\Netra\\netra-core-generation-1\\netra_backend\\tests\\integration\\critical_paths\\test_log_aggregation_pipeline.py:38: PytestUnknownMarkWarning: Unknown pytest.mark.observability - is this a typo?  You can register custom marks to avoid this warning - for details, see https://docs.pytest.org/en/stable/how-to/mark.html\n    pytest.mark.observability,\n\ntests\\integration\\critical_paths\\test_log_aggregation_pipeline.py:39\n  C:\\Users\\antho\\OneDrive\\Desktop\\Netra\\netra-core-generation-1\\netra_backend\\tests\\integration\\critical_paths\\test_log_aggregation_pipeline.py:39: PytestUnknownMarkWarning: Unknown pytest.mark.logging - is this a typo?  You can register custom marks to avoid this warning - for details, see https://docs.pytest.org/en/stable/how-to/mark.html\n    pytest.mark.logging\n\ntests\\integration\\critical_paths\\test_message_queue_websocket_broadcast.py:631\n  C:\\Users\\antho\\OneDrive\\Desktop\\Netra\\netra-core-generation-1\\netra_backend\\tests\\integration\\critical_paths\\test_message_queue_websocket_broadcast.py:631: PytestUnknownMarkWarning: Unknown pytest.mark.l2_realism - is this a typo?  You can register custom marks to avoid this warning - for details, see https://docs.pytest.org/en/stable/how-to/mark.html\n    @pytest.mark.l2_realism\n\ntests\\integration\\critical_paths\\test_message_queue_websocket_broadcast.py:678\n  C:\\Users\\antho\\OneDrive\\Desktop\\Netra\\netra-core-generation-1\\netra_backend\\tests\\integration\\critical_paths\\test_message_queue_websocket_broadcast.py:678: PytestUnknownMarkWarning: Unknown pytest.mark.l2_realism - is this a typo?  You can register custom marks to avoid this warning - for details, see https://docs.pytest.org/en/stable/how-to/mark.html\n    @pytest.mark.l2_realism\n\ntests\\integration\\critical_paths\\test_message_queue_websocket_broadcast.py:723\n  C:\\Users\\antho\\OneDrive\\Desktop\\Netra\\netra-core-generation-1\\netra_backend\\tests\\integration\\critical_paths\\test_message_queue_websocket_broadcast.py:723: PytestUnknownMarkWarning: Unknown pytest.mark.l2_realism - is this a typo?  You can register custom marks to avoid this warning - for details, see https://docs.pytest.org/en/stable/how-to/mark.html\n    @pytest.mark.l2_realism\n\ntests\\integration\\critical_paths\\test_message_queue_websocket_broadcast.py:788\n  C:\\Users\\antho\\OneDrive\\Desktop\\Netra\\netra-core-generation-1\\netra_backend\\tests\\integration\\critical_paths\\test_message_queue_websocket_broadcast.py:788: PytestUnknownMarkWarning: Unknown pytest.mark.l2_realism - is this a typo?  You can register custom marks to avoid this warning - for details, see https://docs.pytest.org/en/stable/how-to/mark.html\n    @pytest.mark.l2_realism\n\ntests\\integration\\critical_paths\\test_message_queue_websocket_broadcast.py:831\n  C:\\Users\\antho\\OneDrive\\Desktop\\Netra\\netra-core-generation-1\\netra_backend\\tests\\integration\\critical_paths\\test_message_queue_websocket_broadcast.py:831: PytestUnknownMarkWarning: Unknown pytest.mark.l2_realism - is this a typo?  You can register custom marks to avoid this warning - for details, see https://docs.pytest.org/en/stable/how-to/mark.html\n    @pytest.mark.l2_realism\n\ntests\\integration\\critical_paths\\test_message_queue_websocket_broadcast.py:868\n  C:\\Users\\antho\\OneDrive\\Desktop\\Netra\\netra-core-generation-1\\netra_backend\\tests\\integration\\critical_paths\\test_message_queue_websocket_broadcast.py:868: PytestUnknownMarkWarning: Unknown pytest.mark.l2_realism - is this a typo?  You can register custom marks to avoid this warning - for details, see https://docs.pytest.org/en/stable/how-to/mark.html\n    @pytest.mark.l2_realism\n\ntests\\integration\\critical_paths\\test_message_queue_websocket_broadcast.py:917\n  C:\\Users\\antho\\OneDrive\\Desktop\\Netra\\netra-core-generation-1\\netra_backend\\tests\\integration\\critical_paths\\test_message_queue_websocket_broadcast.py:917: PytestUnknownMarkWarning: Unknown pytest.mark.l2_realism - is this a typo?  You can register custom marks to avoid this warning - for details, see https://docs.pytest.org/en/stable/how-to/mark.html\n    @pytest.mark.l2_realism\n\ntests\\integration\\critical_paths\\test_message_queue_websocket_broadcast.py:953\n  C:\\Users\\antho\\OneDrive\\Desktop\\Netra\\netra-core-generation-1\\netra_backend\\tests\\integration\\critical_paths\\test_message_queue_websocket_broadcast.py:953: PytestUnknownMarkWarning: Unknown pytest.mark.l2_realism - is this a typo?  You can register custom marks to avoid this warning - for details, see https://docs.pytest.org/en/stable/how-to/mark.html\n    @pytest.mark.l2_realism\n\ntests\\integration\\critical_paths\\test_message_queue_websocket_broadcast.py:987\n  C:\\Users\\antho\\OneDrive\\Desktop\\Netra\\netra-core-generation-1\\netra_backend\\tests\\integration\\critical_paths\\test_message_queue_websocket_broadcast.py:987: PytestUnknownMarkWarning: Unknown pytest.mark.l2_realism - is this a typo?  You can register custom marks to avoid this warning - for details, see https://docs.pytest.org/en/stable/how-to/mark.html\n    @pytest.mark.l2_realism\n\ntests\\integration\\critical_paths\\test_message_queue_websocket_broadcast.py:1023\n  C:\\Users\\antho\\OneDrive\\Desktop\\Netra\\netra-core-generation-1\\netra_backend\\tests\\integration\\critical_paths\\test_message_queue_websocket_broadcast.py:1023: PytestUnknownMarkWarning: Unknown pytest.mark.l2_realism - is this a typo?  You can register custom marks to avoid this warning - for details, see https://docs.pytest.org/en/stable/how-to/mark.html\n    @pytest.mark.l2_realism\n\ntests\\integration\\critical_paths\\test_metrics_cardinality_explosion.py:44\n  C:\\Users\\antho\\OneDrive\\Desktop\\Netra\\netra-core-generation-1\\netra_backend\\tests\\integration\\critical_paths\\test_metrics_cardinality_explosion.py:44: PytestUnknownMarkWarning: Unknown pytest.mark.observability - is this a typo?  You can register custom marks to avoid this warning - for details, see https://docs.pytest.org/en/stable/how-to/mark.html\n    pytest.mark.observability,\n\ntests\\integration\\critical_paths\\test_metrics_cardinality_explosion.py:45\n  C:\\Users\\antho\\OneDrive\\Desktop\\Netra\\netra-core-generation-1\\netra_backend\\tests\\integration\\critical_paths\\test_metrics_cardinality_explosion.py:45: PytestUnknownMarkWarning: Unknown pytest.mark.cardinality - is this a typo?  You can register custom marks to avoid this warning - for details, see https://docs.pytest.org/en/stable/how-to/mark.html\n    pytest.mark.cardinality\n\ntests\\integration\\critical_paths\\test_metrics_pipeline_l4.py:46\n  C:\\Users\\antho\\OneDrive\\Desktop\\Netra\\netra-core-generation-1\\netra_backend\\tests\\integration\\critical_paths\\test_metrics_pipeline_l4.py:46: PytestUnknownMarkWarning: Unknown pytest.mark.observability - is this a typo?  You can register custom marks to avoid this warning - for details, see https://docs.pytest.org/en/stable/how-to/mark.html\n    pytest.mark.observability,\n\ntests\\integration\\critical_paths\\test_metrics_retention_policy.py:37\n  C:\\Users\\antho\\OneDrive\\Desktop\\Netra\\netra-core-generation-1\\netra_backend\\tests\\integration\\critical_paths\\test_metrics_retention_policy.py:37: PytestUnknownMarkWarning: Unknown pytest.mark.observability - is this a typo?  You can register custom marks to avoid this warning - for details, see https://docs.pytest.org/en/stable/how-to/mark.html\n    pytest.mark.observability,\n\ntests\\integration\\critical_paths\\test_metrics_retention_policy.py:38\n  C:\\Users\\antho\\OneDrive\\Desktop\\Netra\\netra-core-generation-1\\netra_backend\\tests\\integration\\critical_paths\\test_metrics_retention_policy.py:38: PytestUnknownMarkWarning: Unknown pytest.mark.retention - is this a typo?  You can register custom marks to avoid this warning - for details, see https://docs.pytest.org/en/stable/how-to/mark.html\n    pytest.mark.retention\n\n..\\test_framework\\unified\\__init__.py:66\n  C:\\Users\\antho\\OneDrive\\Desktop\\Netra\\netra-core-generation-1\\test_framework\\unified\\__init__.py:66: DeprecationWarning: datetime.datetime.utcnow() is deprecated and scheduled for removal in a future version. Use timezone-aware objects to represent datetimes in UTC: datetime.datetime.now(datetime.UTC).\n    timestamp: datetime = datetime.utcnow()\n\napp\\core\\cache\\__init__.py:26\n  C:\\Users\\antho\\OneDrive\\Desktop\\Netra\\netra-core-generation-1\\netra_backend\\app\\core\\cache\\__init__.py:26: DeprecationWarning: datetime.datetime.utcnow() is deprecated and scheduled for removal in a future version. Use timezone-aware objects to represent datetimes in UTC: datetime.datetime.now(datetime.UTC).\n    created_at: datetime = datetime.utcnow()\n\napp\\schemas\\tenant.py:70\n  C:\\Users\\antho\\OneDrive\\Desktop\\Netra\\netra-core-generation-1\\netra_backend\\app\\schemas\\tenant.py:70: PydanticDeprecatedSince20: Pydantic V1 style `@validator` validators are deprecated. You should migrate to Pydantic V2 style `@field_validator` validators, see the migration guide for more details. Deprecated in Pydantic V2.0 to be removed in V3.0. See Pydantic V2 Migration Guide at https://errors.pydantic.dev/2.11/migration/\n    @validator('used')\n\napp\\schemas\\tenant.py:113\n  C:\\Users\\antho\\OneDrive\\Desktop\\Netra\\netra-core-generation-1\\netra_backend\\app\\schemas\\tenant.py:113: PydanticDeprecatedSince20: Pydantic V1 style `@validator` validators are deprecated. You should migrate to Pydantic V2 style `@field_validator` validators, see the migration guide for more details. Deprecated in Pydantic V2.0 to be removed in V3.0. See Pydantic V2 Migration Guide at https://errors.pydantic.dev/2.11/migration/\n    @validator('log_retention_days', 'metrics_retention_days', 'audit_retention_days')\n\napp\\schemas\\tenant.py:119\n  C:\\Users\\antho\\OneDrive\\Desktop\\Netra\\netra-core-generation-1\\netra_backend\\app\\schemas\\tenant.py:119: PydanticDeprecatedSince20: Pydantic V1 style `@validator` validators are deprecated. You should migrate to Pydantic V2 style `@field_validator` validators, see the migration guide for more details. Deprecated in Pydantic V2.0 to be removed in V3.0. See Pydantic V2 Migration Guide at https://errors.pydantic.dev/2.11/migration/\n    @validator('max_concurrent_agents', 'max_agent_memory_mb')\n\napp\\schemas\\tenant.py:140\n  C:\\Users\\antho\\OneDrive\\Desktop\\Netra\\netra-core-generation-1\\netra_backend\\app\\schemas\\tenant.py:140: PydanticDeprecatedSince20: Pydantic V1 style `@validator` validators are deprecated. You should migrate to Pydantic V2 style `@field_validator` validators, see the migration guide for more details. Deprecated in Pydantic V2.0 to be removed in V3.0. See Pydantic V2 Migration Guide at https://errors.pydantic.dev/2.11/migration/\n    @validator('database_schema', 'storage_prefix')\n\napp\\schemas\\tenant.py:180\n  C:\\Users\\antho\\OneDrive\\Desktop\\Netra\\netra-core-generation-1\\netra_backend\\app\\schemas\\tenant.py:180: PydanticDeprecatedSince20: Pydantic V1 style `@validator` validators are deprecated. You should migrate to Pydantic V2 style `@field_validator` validators, see the migration guide for more details. Deprecated in Pydantic V2.0 to be removed in V3.0. See Pydantic V2 Migration Guide at https://errors.pydantic.dev/2.11/migration/\n    @validator('slug')\n\napp\\schemas\\tenant.py:186\n  C:\\Users\\antho\\OneDrive\\Desktop\\Netra\\netra-core-generation-1\\netra_backend\\app\\schemas\\tenant.py:186: PydanticDeprecatedSince20: Pydantic V1 style `@validator` validators are deprecated. You should migrate to Pydantic V2 style `@field_validator` validators, see the migration guide for more details. Deprecated in Pydantic V2.0 to be removed in V3.0. See Pydantic V2 Migration Guide at https://errors.pydantic.dev/2.11/migration/\n    @validator('contact_email', 'billing_email')\n\napp\\schemas\\tenant.py:192\n  C:\\Users\\antho\\OneDrive\\Desktop\\Netra\\netra-core-generation-1\\netra_backend\\app\\schemas\\tenant.py:192: PydanticDeprecatedSince20: Pydantic V1 style `@validator` validators are deprecated. You should migrate to Pydantic V2 style `@field_validator` validators, see the migration guide for more details. Deprecated in Pydantic V2.0 to be removed in V3.0. See Pydantic V2 Migration Guide at https://errors.pydantic.dev/2.11/migration/\n    @validator('subscription_tier', pre=True)\n\n-- Docs: https://docs.pytest.org/en/stable/how-to/capture-warnings.html\n=========================== short test summary info ===========================\nERROR tests/integration/critical_paths/test_multi_tenant_isolation.py\n!!!!!!!!!!!!!!!!!!!!!!!!!! stopping after 1 failures !!!!!!!!!!!!!!!!!!!!!!!!!!\n======================= 188 warnings, 1 error in 39.43s =======================\n",
      "errors": ""
    },
    "auth": {
      "success": true,
      "duration": 54.35103917121887,
      "output": "============================= test session starts =============================\nplatform win32 -- Python 3.12.3, pytest-8.4.1, pluggy-1.6.0\nrootdir: C:\\Users\\antho\\OneDrive\\Desktop\\Netra\\netra-core-generation-1\\auth_service\nconfigfile: pytest.ini\nplugins: anyio-4.9.0, Faker-37.5.3, langsmith-0.4.15, asyncio-1.1.0, cov-6.2.1, mock-3.14.1, xdist-3.8.0\nasyncio: mode=Mode.STRICT, asyncio_default_fixture_loop_scope=None, asyncio_default_test_loop_scope=function\ncollected 204 items\n\ntests\\integration\\test_auth_oauth_errors.py ........                     [  3%]\ntests\\integration\\test_auth_oauth_google.py ........                     [  7%]\ntests\\integration\\test_oauth_comprehensive_failures.py ................. [ 16%]\n............sss                                                          [ 23%]\ntests\\integration\\test_oauth_flows_auth.py ..                            [ 24%]\ntests\\integration\\test_oauth_flows_core.py ...                           [ 25%]\ntests\\integration\\test_oauth_flows_sync.py ............                  [ 31%]\ntests\\test_auth_token_generation.py ..........                           [ 36%]\ntests\\test_auth_token_security.py ..................                     [ 45%]\ntests\\test_auth_token_validation.py ..............                       [ 52%]\ntests\\test_cloud_sql_url.py ....                                         [ 54%]\ntests\\test_postgres_compliance.py ...........                            [ 59%]\ntests\\test_security.py ....................                              [ 69%]\ntests\\test_session_cleanup.py ..........                                 [ 74%]\ntests\\test_session_management.py .................                       [ 82%]\ntests\\test_setup.py ....                                                 [ 84%]\ntests\\test_single_database.py ....                                       [ 86%]\ntests\\unified\\test_jwt_validation.py ............                        [ 92%]\ntests\\unit\\test_oauth_models.py ...............                          [100%]\n\n============================== warnings summary ===============================\n..\\..\\..\\..\\..\\AppData\\Roaming\\Python\\Python312\\site-packages\\pydantic\\_internal\\_fields.py:198\n  C:\\Users\\antho\\AppData\\Roaming\\Python\\Python312\\site-packages\\pydantic\\_internal\\_fields.py:198: UserWarning: Field name \"schema\" in \"DataSample\" shadows an attribute in parent \"BaseModel\"\n    warnings.warn(\n\n..\\..\\..\\..\\..\\AppData\\Roaming\\Python\\Python312\\site-packages\\pydantic\\_internal\\_fields.py:198\n  C:\\Users\\antho\\AppData\\Roaming\\Python\\Python312\\site-packages\\pydantic\\_internal\\_fields.py:198: UserWarning: Field name \"schema\" in \"DataCatalog\" shadows an attribute in parent \"BaseModel\"\n    warnings.warn(\n\ntests\\integration\\test_oauth_comprehensive_failures.py:1245\n  C:\\Users\\antho\\OneDrive\\Desktop\\Netra\\netra-core-generation-1\\auth_service\\tests\\integration\\test_oauth_comprehensive_failures.py:1245: PytestUnknownMarkWarning: Unknown pytest.mark.staging - is this a typo?  You can register custom marks to avoid this warning - for details, see https://docs.pytest.org/en/stable/how-to/mark.html\n    @pytest.mark.staging\n\ntests\\integration\\test_oauth_comprehensive_failures.py:1288\n  C:\\Users\\antho\\OneDrive\\Desktop\\Netra\\netra-core-generation-1\\auth_service\\tests\\integration\\test_oauth_comprehensive_failures.py:1288: PytestUnknownMarkWarning: Unknown pytest.mark.staging - is this a typo?  You can register custom marks to avoid this warning - for details, see https://docs.pytest.org/en/stable/how-to/mark.html\n    @pytest.mark.staging\n\ntests/integration/test_auth_oauth_errors.py::TestOAuthErrorHandling::test_oauth_invalid_state_parameter\n  C:\\Users\\antho\\OneDrive\\Desktop\\Netra\\netra-core-generation-1\\auth_service\\tests\\conftest.py:59: DeprecationWarning: There is no current event loop\n    loop = asyncio.get_event_loop()\n\ntests/integration/test_auth_oauth_errors.py::TestOAuthErrorHandling::test_oauth_rate_limiting_behavior\n  C:\\Users\\antho\\AppData\\Roaming\\Python\\Python312\\site-packages\\_pytest\\threadexception.py:58: PytestUnhandledThreadExceptionWarning: Exception in thread Thread-152\n  \n  Traceback (most recent call last):\n    File \"C:\\Users\\antho\\AppData\\Roaming\\Python\\Python312\\site-packages\\aiosqlite\\core.py\", line 113, in run\n      get_loop(future).call_soon_threadsafe(set_result, future, result)\n    File \"C:\\Program Files\\Python312\\Lib\\asyncio\\base_events.py\", line 840, in call_soon_threadsafe\n      self._check_closed()\n    File \"C:\\Program Files\\Python312\\Lib\\asyncio\\base_events.py\", line 541, in _check_closed\n      raise RuntimeError('Event loop is closed')\n  RuntimeError: Event loop is closed\n  \n  During handling of the above exception, another exception occurred:\n  \n  Traceback (most recent call last):\n    File \"C:\\Program Files\\Python312\\Lib\\threading.py\", line 1073, in _bootstrap_inner\n      self.run()\n    File \"C:\\Users\\antho\\AppData\\Roaming\\Python\\Python312\\site-packages\\aiosqlite\\core.py\", line 121, in run\n      get_loop(future).call_soon_threadsafe(set_exception, future, e)\n    File \"C:\\Program Files\\Python312\\Lib\\asyncio\\base_events.py\", line 840, in call_soon_threadsafe\n      self._check_closed()\n    File \"C:\\Program Files\\Python312\\Lib\\asyncio\\base_events.py\", line 541, in _check_closed\n      raise RuntimeError('Event loop is closed')\n  RuntimeError: Event loop is closed\n  \n  Enable tracemalloc to get traceback where the object was allocated.\n  See https://docs.pytest.org/en/stable/how-to/capture-warnings.html#resource-warnings for more info.\n    warnings.warn(pytest.PytestUnhandledThreadExceptionWarning(msg))\n\ntests/integration/test_auth_oauth_errors.py::TestOAuthErrorHandling::test_oauth_rate_limiting_behavior\n  C:\\Users\\antho\\AppData\\Roaming\\Python\\Python312\\site-packages\\_pytest\\threadexception.py:58: PytestUnhandledThreadExceptionWarning: Exception in thread Thread-147\n  \n  Traceback (most recent call last):\n    File \"C:\\Users\\antho\\AppData\\Roaming\\Python\\Python312\\site-packages\\aiosqlite\\core.py\", line 113, in run\n      get_loop(future).call_soon_threadsafe(set_result, future, result)\n    File \"C:\\Program Files\\Python312\\Lib\\asyncio\\base_events.py\", line 840, in call_soon_threadsafe\n      self._check_closed()\n    File \"C:\\Program Files\\Python312\\Lib\\asyncio\\base_events.py\", line 541, in _check_closed\n      raise RuntimeError('Event loop is closed')\n  RuntimeError: Event loop is closed\n  \n  During handling of the above exception, another exception occurred:\n  \n  Traceback (most recent call last):\n    File \"C:\\Program Files\\Python312\\Lib\\threading.py\", line 1073, in _bootstrap_inner\n      self.run()\n    File \"C:\\Users\\antho\\AppData\\Roaming\\Python\\Python312\\site-packages\\aiosqlite\\core.py\", line 121, in run\n      get_loop(future).call_soon_threadsafe(set_exception, future, e)\n    File \"C:\\Program Files\\Python312\\Lib\\asyncio\\base_events.py\", line 840, in call_soon_threadsafe\n      self._check_closed()\n    File \"C:\\Program Files\\Python312\\Lib\\asyncio\\base_events.py\", line 541, in _check_closed\n      raise RuntimeError('Event loop is closed')\n  RuntimeError: Event loop is closed\n  \n  Enable tracemalloc to get traceback where the object was allocated.\n  See https://docs.pytest.org/en/stable/how-to/capture-warnings.html#resource-warnings for more info.\n    warnings.warn(pytest.PytestUnhandledThreadExceptionWarning(msg))\n\ntests/integration/test_auth_oauth_errors.py::TestOAuthErrorHandling::test_oauth_rate_limiting_behavior\n  C:\\Users\\antho\\AppData\\Roaming\\Python\\Python312\\site-packages\\_pytest\\threadexception.py:58: PytestUnhandledThreadExceptionWarning: Exception in thread Thread-142\n  \n  Traceback (most recent call last):\n    File \"C:\\Users\\antho\\AppData\\Roaming\\Python\\Python312\\site-packages\\aiosqlite\\core.py\", line 113, in run\n      get_loop(future).call_soon_threadsafe(set_result, future, result)\n    File \"C:\\Program Files\\Python312\\Lib\\asyncio\\base_events.py\", line 840, in call_soon_threadsafe\n      self._check_closed()\n    File \"C:\\Program Files\\Python312\\Lib\\asyncio\\base_events.py\", line 541, in _check_closed\n      raise RuntimeError('Event loop is closed')\n  RuntimeError: Event loop is closed\n  \n  During handling of the above exception, another exception occurred:\n  \n  Traceback (most recent call last):\n    File \"C:\\Program Files\\Python312\\Lib\\threading.py\", line 1073, in _bootstrap_inner\n      self.run()\n    File \"C:\\Users\\antho\\AppData\\Roaming\\Python\\Python312\\site-packages\\aiosqlite\\core.py\", line 121, in run\n      get_loop(future).call_soon_threadsafe(set_exception, future, e)\n    File \"C:\\Program Files\\Python312\\Lib\\asyncio\\base_events.py\", line 840, in call_soon_threadsafe\n      self._check_closed()\n    File \"C:\\Program Files\\Python312\\Lib\\asyncio\\base_events.py\", line 541, in _check_closed\n      raise RuntimeError('Event loop is closed')\n  RuntimeError: Event loop is closed\n  \n  Enable tracemalloc to get traceback where the object was allocated.\n  See https://docs.pytest.org/en/stable/how-to/capture-warnings.html#resource-warnings for more info.\n    warnings.warn(pytest.PytestUnhandledThreadExceptionWarning(msg))\n\ntests/integration/test_auth_oauth_errors.py::TestOAuthErrorHandling::test_oauth_rate_limiting_behavior\n  C:\\Users\\antho\\AppData\\Roaming\\Python\\Python312\\site-packages\\_pytest\\threadexception.py:58: PytestUnhandledThreadExceptionWarning: Exception in thread Thread-137\n  \n  Traceback (most recent call last):\n    File \"C:\\Users\\antho\\AppData\\Roaming\\Python\\Python312\\site-packages\\aiosqlite\\core.py\", line 113, in run\n      get_loop(future).call_soon_threadsafe(set_result, future, result)\n    File \"C:\\Program Files\\Python312\\Lib\\asyncio\\base_events.py\", line 840, in call_soon_threadsafe\n      self._check_closed()\n    File \"C:\\Program Files\\Python312\\Lib\\asyncio\\base_events.py\", line 541, in _check_closed\n      raise RuntimeError('Event loop is closed')\n  RuntimeError: Event loop is closed\n  \n  During handling of the above exception, another exception occurred:\n  \n  Traceback (most recent call last):\n    File \"C:\\Program Files\\Python312\\Lib\\threading.py\", line 1073, in _bootstrap_inner\n      self.run()\n    File \"C:\\Users\\antho\\AppData\\Roaming\\Python\\Python312\\site-packages\\aiosqlite\\core.py\", line 121, in run\n      get_loop(future).call_soon_threadsafe(set_exception, future, e)\n    File \"C:\\Program Files\\Python312\\Lib\\asyncio\\base_events.py\", line 840, in call_soon_threadsafe\n      self._check_closed()\n    File \"C:\\Program Files\\Python312\\Lib\\asyncio\\base_events.py\", line 541, in _check_closed\n      raise RuntimeError('Event loop is closed')\n  RuntimeError: Event loop is closed\n  \n  Enable tracemalloc to get traceback where the object was allocated.\n  See https://docs.pytest.org/en/stable/how-to/capture-warnings.html#resource-warnings for more info.\n    warnings.warn(pytest.PytestUnhandledThreadExceptionWarning(msg))\n\ntests/integration/test_auth_oauth_errors.py::TestOAuthErrorHandling::test_oauth_rate_limiting_behavior\n  C:\\Users\\antho\\AppData\\Roaming\\Python\\Python312\\site-packages\\_pytest\\threadexception.py:58: PytestUnhandledThreadExceptionWarning: Exception in thread Thread-127\n  \n  Traceback (most recent call last):\n    File \"C:\\Users\\antho\\AppData\\Roaming\\Python\\Python312\\site-packages\\aiosqlite\\core.py\", line 113, in run\n      get_loop(future).call_soon_threadsafe(set_result, future, result)\n    File \"C:\\Program Files\\Python312\\Lib\\asyncio\\base_events.py\", line 840, in call_soon_threadsafe\n      self._check_closed()\n    File \"C:\\Program Files\\Python312\\Lib\\asyncio\\base_events.py\", line 541, in _check_closed\n      raise RuntimeError('Event loop is closed')\n  RuntimeError: Event loop is closed\n  \n  During handling of the above exception, another exception occurred:\n  \n  Traceback (most recent call last):\n    File \"C:\\Program Files\\Python312\\Lib\\threading.py\", line 1073, in _bootstrap_inner\n      self.run()\n    File \"C:\\Users\\antho\\AppData\\Roaming\\Python\\Python312\\site-packages\\aiosqlite\\core.py\", line 121, in run\n      get_loop(future).call_soon_threadsafe(set_exception, future, e)\n    File \"C:\\Program Files\\Python312\\Lib\\asyncio\\base_events.py\", line 840, in call_soon_threadsafe\n      self._check_closed()\n    File \"C:\\Program Files\\Python312\\Lib\\asyncio\\base_events.py\", line 541, in _check_closed\n      raise RuntimeError('Event loop is closed')\n  RuntimeError: Event loop is closed\n  \n  Enable tracemalloc to get traceback where the object was allocated.\n  See https://docs.pytest.org/en/stable/how-to/capture-warnings.html#resource-warnings for more info.\n    warnings.warn(pytest.PytestUnhandledThreadExceptionWarning(msg))\n\ntests/integration/test_auth_oauth_errors.py::TestOAuthErrorHandling::test_oauth_rate_limiting_behavior\n  C:\\Users\\antho\\AppData\\Roaming\\Python\\Python312\\site-packages\\_pytest\\threadexception.py:58: PytestUnhandledThreadExceptionWarning: Exception in thread Thread-122\n  \n  Traceback (most recent call last):\n    File \"C:\\Users\\antho\\AppData\\Roaming\\Python\\Python312\\site-packages\\aiosqlite\\core.py\", line 113, in run\n      get_loop(future).call_soon_threadsafe(set_result, future, result)\n    File \"C:\\Program Files\\Python312\\Lib\\asyncio\\base_events.py\", line 840, in call_soon_threadsafe\n      self._check_closed()\n    File \"C:\\Program Files\\Python312\\Lib\\asyncio\\base_events.py\", line 541, in _check_closed\n      raise RuntimeError('Event loop is closed')\n  RuntimeError: Event loop is closed\n  \n  During handling of the above exception, another exception occurred:\n  \n  Traceback (most recent call last):\n    File \"C:\\Program Files\\Python312\\Lib\\threading.py\", line 1073, in _bootstrap_inner\n      self.run()\n    File \"C:\\Users\\antho\\AppData\\Roaming\\Python\\Python312\\site-packages\\aiosqlite\\core.py\", line 121, in run\n      get_loop(future).call_soon_threadsafe(set_exception, future, e)\n    File \"C:\\Program Files\\Python312\\Lib\\asyncio\\base_events.py\", line 840, in call_soon_threadsafe\n      self._check_closed()\n    File \"C:\\Program Files\\Python312\\Lib\\asyncio\\base_events.py\", line 541, in _check_closed\n      raise RuntimeError('Event loop is closed')\n  RuntimeError: Event loop is closed\n  \n  Enable tracemalloc to get traceback where the object was allocated.\n  See https://docs.pytest.org/en/stable/how-to/capture-warnings.html#resource-warnings for more info.\n    warnings.warn(pytest.PytestUnhandledThreadExceptionWarning(msg))\n\ntests/integration/test_auth_oauth_errors.py::TestOAuthErrorHandling::test_oauth_rate_limiting_behavior\n  C:\\Users\\antho\\AppData\\Roaming\\Python\\Python312\\site-packages\\_pytest\\threadexception.py:58: PytestUnhandledThreadExceptionWarning: Exception in thread Thread-117\n  \n  Traceback (most recent call last):\n    File \"C:\\Users\\antho\\AppData\\Roaming\\Python\\Python312\\site-packages\\aiosqlite\\core.py\", line 113, in run\n      get_loop(future).call_soon_threadsafe(set_result, future, result)\n    File \"C:\\Program Files\\Python312\\Lib\\asyncio\\base_events.py\", line 840, in call_soon_threadsafe\n      self._check_closed()\n    File \"C:\\Program Files\\Python312\\Lib\\asyncio\\base_events.py\", line 541, in _check_closed\n      raise RuntimeError('Event loop is closed')\n  RuntimeError: Event loop is closed\n  \n  During handling of the above exception, another exception occurred:\n  \n  Traceback (most recent call last):\n    File \"C:\\Program Files\\Python312\\Lib\\threading.py\", line 1073, in _bootstrap_inner\n      self.run()\n    File \"C:\\Users\\antho\\AppData\\Roaming\\Python\\Python312\\site-packages\\aiosqlite\\core.py\", line 121, in run\n      get_loop(future).call_soon_threadsafe(set_exception, future, e)\n    File \"C:\\Program Files\\Python312\\Lib\\asyncio\\base_events.py\", line 840, in call_soon_threadsafe\n      self._check_closed()\n    File \"C:\\Program Files\\Python312\\Lib\\asyncio\\base_events.py\", line 541, in _check_closed\n      raise RuntimeError('Event loop is closed')\n  RuntimeError: Event loop is closed\n  \n  Enable tracemalloc to get traceback where the object was allocated.\n  See https://docs.pytest.org/en/stable/how-to/capture-warnings.html#resource-warnings for more info.\n    warnings.warn(pytest.PytestUnhandledThreadExceptionWarning(msg))\n\ntests/integration/test_auth_oauth_errors.py::TestOAuthErrorHandling::test_oauth_rate_limiting_behavior\n  C:\\Users\\antho\\AppData\\Roaming\\Python\\Python312\\site-packages\\_pytest\\threadexception.py:58: PytestUnhandledThreadExceptionWarning: Exception in thread Thread-112\n  \n  Traceback (most recent call last):\n    File \"C:\\Users\\antho\\AppData\\Roaming\\Python\\Python312\\site-packages\\aiosqlite\\core.py\", line 113, in run\n      get_loop(future).call_soon_threadsafe(set_result, future, result)\n    File \"C:\\Program Files\\Python312\\Lib\\asyncio\\base_events.py\", line 840, in call_soon_threadsafe\n      self._check_closed()\n    File \"C:\\Program Files\\Python312\\Lib\\asyncio\\base_events.py\", line 541, in _check_closed\n      raise RuntimeError('Event loop is closed')\n  RuntimeError: Event loop is closed\n  \n  During handling of the above exception, another exception occurred:\n  \n  Traceback (most recent call last):\n    File \"C:\\Program Files\\Python312\\Lib\\threading.py\", line 1073, in _bootstrap_inner\n      self.run()\n    File \"C:\\Users\\antho\\AppData\\Roaming\\Python\\Python312\\site-packages\\aiosqlite\\core.py\", line 121, in run\n      get_loop(future).call_soon_threadsafe(set_exception, future, e)\n    File \"C:\\Program Files\\Python312\\Lib\\asyncio\\base_events.py\", line 840, in call_soon_threadsafe\n      self._check_closed()\n    File \"C:\\Program Files\\Python312\\Lib\\asyncio\\base_events.py\", line 541, in _check_closed\n      raise RuntimeError('Event loop is closed')\n  RuntimeError: Event loop is closed\n  \n  Enable tracemalloc to get traceback where the object was allocated.\n  See https://docs.pytest.org/en/stable/how-to/capture-warnings.html#resource-warnings for more info.\n    warnings.warn(pytest.PytestUnhandledThreadExceptionWarning(msg))\n\ntests/integration/test_auth_oauth_errors.py::TestOAuthErrorHandling::test_oauth_rate_limiting_behavior\n  C:\\Users\\antho\\AppData\\Roaming\\Python\\Python312\\site-packages\\_pytest\\threadexception.py:58: PytestUnhandledThreadExceptionWarning: Exception in thread Thread-107\n  \n  Traceback (most recent call last):\n    File \"C:\\Users\\antho\\AppData\\Roaming\\Python\\Python312\\site-packages\\aiosqlite\\core.py\", line 113, in run\n      get_loop(future).call_soon_threadsafe(set_result, future, result)\n    File \"C:\\Program Files\\Python312\\Lib\\asyncio\\base_events.py\", line 840, in call_soon_threadsafe\n      self._check_closed()\n    File \"C:\\Program Files\\Python312\\Lib\\asyncio\\base_events.py\", line 541, in _check_closed\n      raise RuntimeError('Event loop is closed')\n  RuntimeError: Event loop is closed\n  \n  During handling of the above exception, another exception occurred:\n  \n  Traceback (most recent call last):\n    File \"C:\\Program Files\\Python312\\Lib\\threading.py\", line 1073, in _bootstrap_inner\n      self.run()\n    File \"C:\\Users\\antho\\AppData\\Roaming\\Python\\Python312\\site-packages\\aiosqlite\\core.py\", line 121, in run\n      get_loop(future).call_soon_threadsafe(set_exception, future, e)\n    File \"C:\\Program Files\\Python312\\Lib\\asyncio\\base_events.py\", line 840, in call_soon_threadsafe\n      self._check_closed()\n    File \"C:\\Program Files\\Python312\\Lib\\asyncio\\base_events.py\", line 541, in _check_closed\n      raise RuntimeError('Event loop is closed')\n  RuntimeError: Event loop is closed\n  \n  Enable tracemalloc to get traceback where the object was allocated.\n  See https://docs.pytest.org/en/stable/how-to/capture-warnings.html#resource-warnings for more info.\n    warnings.warn(pytest.PytestUnhandledThreadExceptionWarning(msg))\n\ntests/integration/test_auth_oauth_errors.py::TestOAuthErrorHandling::test_oauth_rate_limiting_behavior\n  C:\\Users\\antho\\AppData\\Roaming\\Python\\Python312\\site-packages\\_pytest\\threadexception.py:58: PytestUnhandledThreadExceptionWarning: Exception in thread Thread-102\n  \n  Traceback (most recent call last):\n    File \"C:\\Users\\antho\\AppData\\Roaming\\Python\\Python312\\site-packages\\aiosqlite\\core.py\", line 113, in run\n      get_loop(future).call_soon_threadsafe(set_result, future, result)\n    File \"C:\\Program Files\\Python312\\Lib\\asyncio\\base_events.py\", line 840, in call_soon_threadsafe\n      self._check_closed()\n    File \"C:\\Program Files\\Python312\\Lib\\asyncio\\base_events.py\", line 541, in _check_closed\n      raise RuntimeError('Event loop is closed')\n  RuntimeError: Event loop is closed\n  \n  During handling of the above exception, another exception occurred:\n  \n  Traceback (most recent call last):\n    File \"C:\\Program Files\\Python312\\Lib\\threading.py\", line 1073, in _bootstrap_inner\n      self.run()\n    File \"C:\\Users\\antho\\AppData\\Roaming\\Python\\Python312\\site-packages\\aiosqlite\\core.py\", line 121, in run\n      get_loop(future).call_soon_threadsafe(set_exception, future, e)\n    File \"C:\\Program Files\\Python312\\Lib\\asyncio\\base_events.py\", line 840, in call_soon_threadsafe\n      self._check_closed()\n    File \"C:\\Program Files\\Python312\\Lib\\asyncio\\base_events.py\", line 541, in _check_closed\n      raise RuntimeError('Event loop is closed')\n  RuntimeError: Event loop is closed\n  \n  Enable tracemalloc to get traceback where the object was allocated.\n  See https://docs.pytest.org/en/stable/how-to/capture-warnings.html#resource-warnings for more info.\n    warnings.warn(pytest.PytestUnhandledThreadExceptionWarning(msg))\n\ntests/integration/test_auth_oauth_errors.py::TestOAuthErrorHandling::test_oauth_rate_limiting_behavior\n  C:\\Users\\antho\\AppData\\Roaming\\Python\\Python312\\site-packages\\_pytest\\threadexception.py:58: PytestUnhandledThreadExceptionWarning: Exception in thread Thread-97\n  \n  Traceback (most recent call last):\n    File \"C:\\Users\\antho\\AppData\\Roaming\\Python\\Python312\\site-packages\\aiosqlite\\core.py\", line 113, in run\n      get_loop(future).call_soon_threadsafe(set_result, future, result)\n    File \"C:\\Program Files\\Python312\\Lib\\asyncio\\base_events.py\", line 840, in call_soon_threadsafe\n      self._check_closed()\n    File \"C:\\Program Files\\Python312\\Lib\\asyncio\\base_events.py\", line 541, in _check_closed\n      raise RuntimeError('Event loop is closed')\n  RuntimeError: Event loop is closed\n  \n  During handling of the above exception, another exception occurred:\n  \n  Traceback (most recent call last):\n    File \"C:\\Program Files\\Python312\\Lib\\threading.py\", line 1073, in _bootstrap_inner\n      self.run()\n    File \"C:\\Users\\antho\\AppData\\Roaming\\Python\\Python312\\site-packages\\aiosqlite\\core.py\", line 121, in run\n      get_loop(future).call_soon_threadsafe(set_exception, future, e)\n    File \"C:\\Program Files\\Python312\\Lib\\asyncio\\base_events.py\", line 840, in call_soon_threadsafe\n      self._check_closed()\n    File \"C:\\Program Files\\Python312\\Lib\\asyncio\\base_events.py\", line 541, in _check_closed\n      raise RuntimeError('Event loop is closed')\n  RuntimeError: Event loop is closed\n  \n  Enable tracemalloc to get traceback where the object was allocated.\n  See https://docs.pytest.org/en/stable/how-to/capture-warnings.html#resource-warnings for more info.\n    warnings.warn(pytest.PytestUnhandledThreadExceptionWarning(msg))\n\ntests/integration/test_auth_oauth_errors.py::TestOAuthErrorHandling::test_oauth_rate_limiting_behavior\n  C:\\Users\\antho\\AppData\\Roaming\\Python\\Python312\\site-packages\\_pytest\\threadexception.py:58: PytestUnhandledThreadExceptionWarning: Exception in thread Thread-92\n  \n  Traceback (most recent call last):\n    File \"C:\\Users\\antho\\AppData\\Roaming\\Python\\Python312\\site-packages\\aiosqlite\\core.py\", line 113, in run\n      get_loop(future).call_soon_threadsafe(set_result, future, result)\n    File \"C:\\Program Files\\Python312\\Lib\\asyncio\\base_events.py\", line 840, in call_soon_threadsafe\n      self._check_closed()\n    File \"C:\\Program Files\\Python312\\Lib\\asyncio\\base_events.py\", line 541, in _check_closed\n      raise RuntimeError('Event loop is closed')\n  RuntimeError: Event loop is closed\n  \n  During handling of the above exception, another exception occurred:\n  \n  Traceback (most recent call last):\n    File \"C:\\Program Files\\Python312\\Lib\\threading.py\", line 1073, in _bootstrap_inner\n      self.run()\n    File \"C:\\Users\\antho\\AppData\\Roaming\\Python\\Python312\\site-packages\\aiosqlite\\core.py\", line 121, in run\n      get_loop(future).call_soon_threadsafe(set_exception, future, e)\n    File \"C:\\Program Files\\Python312\\Lib\\asyncio\\base_events.py\", line 840, in call_soon_threadsafe\n      self._check_closed()\n    File \"C:\\Program Files\\Python312\\Lib\\asyncio\\base_events.py\", line 541, in _check_closed\n      raise RuntimeError('Event loop is closed')\n  RuntimeError: Event loop is closed\n  \n  Enable tracemalloc to get traceback where the object was allocated.\n  See https://docs.pytest.org/en/stable/how-to/capture-warnings.html#resource-warnings for more info.\n    warnings.warn(pytest.PytestUnhandledThreadExceptionWarning(msg))\n\ntests/integration/test_auth_oauth_errors.py::TestOAuthErrorHandling::test_oauth_rate_limiting_behavior\n  C:\\Users\\antho\\AppData\\Roaming\\Python\\Python312\\site-packages\\_pytest\\threadexception.py:58: PytestUnhandledThreadExceptionWarning: Exception in thread Thread-87\n  \n  Traceback (most recent call last):\n    File \"C:\\Users\\antho\\AppData\\Roaming\\Python\\Python312\\site-packages\\aiosqlite\\core.py\", line 113, in run\n      get_loop(future).call_soon_threadsafe(set_result, future, result)\n    File \"C:\\Program Files\\Python312\\Lib\\asyncio\\base_events.py\", line 840, in call_soon_threadsafe\n      self._check_closed()\n    File \"C:\\Program Files\\Python312\\Lib\\asyncio\\base_events.py\", line 541, in _check_closed\n      raise RuntimeError('Event loop is closed')\n  RuntimeError: Event loop is closed\n  \n  During handling of the above exception, another exception occurred:\n  \n  Traceback (most recent call last):\n    File \"C:\\Program Files\\Python312\\Lib\\threading.py\", line 1073, in _bootstrap_inner\n      self.run()\n    File \"C:\\Users\\antho\\AppData\\Roaming\\Python\\Python312\\site-packages\\aiosqlite\\core.py\", line 121, in run\n      get_loop(future).call_soon_threadsafe(set_exception, future, e)\n    File \"C:\\Program Files\\Python312\\Lib\\asyncio\\base_events.py\", line 840, in call_soon_threadsafe\n      self._check_closed()\n    File \"C:\\Program Files\\Python312\\Lib\\asyncio\\base_events.py\", line 541, in _check_closed\n      raise RuntimeError('Event loop is closed')\n  RuntimeError: Event loop is closed\n  \n  Enable tracemalloc to get traceback where the object was allocated.\n  See https://docs.pytest.org/en/stable/how-to/capture-warnings.html#resource-warnings for more info.\n    warnings.warn(pytest.PytestUnhandledThreadExceptionWarning(msg))\n\ntests/integration/test_auth_oauth_errors.py::TestOAuthErrorHandling::test_oauth_rate_limiting_behavior\n  C:\\Users\\antho\\AppData\\Roaming\\Python\\Python312\\site-packages\\_pytest\\threadexception.py:58: PytestUnhandledThreadExceptionWarning: Exception in thread Thread-77\n  \n  Traceback (most recent call last):\n    File \"C:\\Users\\antho\\AppData\\Roaming\\Python\\Python312\\site-packages\\aiosqlite\\core.py\", line 113, in run\n      get_loop(future).call_soon_threadsafe(set_result, future, result)\n    File \"C:\\Program Files\\Python312\\Lib\\asyncio\\base_events.py\", line 840, in call_soon_threadsafe\n      self._check_closed()\n    File \"C:\\Program Files\\Python312\\Lib\\asyncio\\base_events.py\", line 541, in _check_closed\n      raise RuntimeError('Event loop is closed')\n  RuntimeError: Event loop is closed\n  \n  During handling of the above exception, another exception occurred:\n  \n  Traceback (most recent call last):\n    File \"C:\\Program Files\\Python312\\Lib\\threading.py\", line 1073, in _bootstrap_inner\n      self.run()\n    File \"C:\\Users\\antho\\AppData\\Roaming\\Python\\Python312\\site-packages\\aiosqlite\\core.py\", line 121, in run\n      get_loop(future).call_soon_threadsafe(set_exception, future, e)\n    File \"C:\\Program Files\\Python312\\Lib\\asyncio\\base_events.py\", line 840, in call_soon_threadsafe\n      self._check_closed()\n    File \"C:\\Program Files\\Python312\\Lib\\asyncio\\base_events.py\", line 541, in _check_closed\n      raise RuntimeError('Event loop is closed')\n  RuntimeError: Event loop is closed\n  \n  Enable tracemalloc to get traceback where the object was allocated.\n  See https://docs.pytest.org/en/stable/how-to/capture-warnings.html#resource-warnings for more info.\n    warnings.warn(pytest.PytestUnhandledThreadExceptionWarning(msg))\n\ntests/integration/test_auth_oauth_errors.py::TestOAuthErrorHandling::test_oauth_rate_limiting_behavior\n  C:\\Users\\antho\\AppData\\Roaming\\Python\\Python312\\site-packages\\_pytest\\threadexception.py:58: PytestUnhandledThreadExceptionWarning: Exception in thread Thread-72\n  \n  Traceback (most recent call last):\n    File \"C:\\Users\\antho\\AppData\\Roaming\\Python\\Python312\\site-packages\\aiosqlite\\core.py\", line 113, in run\n      get_loop(future).call_soon_threadsafe(set_result, future, result)\n    File \"C:\\Program Files\\Python312\\Lib\\asyncio\\base_events.py\", line 840, in call_soon_threadsafe\n      self._check_closed()\n    File \"C:\\Program Files\\Python312\\Lib\\asyncio\\base_events.py\", line 541, in _check_closed\n      raise RuntimeError('Event loop is closed')\n  RuntimeError: Event loop is closed\n  \n  During handling of the above exception, another exception occurred:\n  \n  Traceback (most recent call last):\n    File \"C:\\Program Files\\Python312\\Lib\\threading.py\", line 1073, in _bootstrap_inner\n      self.run()\n    File \"C:\\Users\\antho\\AppData\\Roaming\\Python\\Python312\\site-packages\\aiosqlite\\core.py\", line 121, in run\n      get_loop(future).call_soon_threadsafe(set_exception, future, e)\n    File \"C:\\Program Files\\Python312\\Lib\\asyncio\\base_events.py\", line 840, in call_soon_threadsafe\n      self._check_closed()\n    File \"C:\\Program Files\\Python312\\Lib\\asyncio\\base_events.py\", line 541, in _check_closed\n      raise RuntimeError('Event loop is closed')\n  RuntimeError: Event loop is closed\n  \n  Enable tracemalloc to get traceback where the object was allocated.\n  See https://docs.pytest.org/en/stable/how-to/capture-warnings.html#resource-warnings for more info.\n    warnings.warn(pytest.PytestUnhandledThreadExceptionWarning(msg))\n\ntests/integration/test_auth_oauth_errors.py::TestOAuthErrorHandling::test_oauth_rate_limiting_behavior\n  C:\\Users\\antho\\AppData\\Roaming\\Python\\Python312\\site-packages\\_pytest\\threadexception.py:58: PytestUnhandledThreadExceptionWarning: Exception in thread Thread-67\n  \n  Traceback (most recent call last):\n    File \"C:\\Users\\antho\\AppData\\Roaming\\Python\\Python312\\site-packages\\aiosqlite\\core.py\", line 113, in run\n      get_loop(future).call_soon_threadsafe(set_result, future, result)\n    File \"C:\\Program Files\\Python312\\Lib\\asyncio\\base_events.py\", line 840, in call_soon_threadsafe\n      self._check_closed()\n    File \"C:\\Program Files\\Python312\\Lib\\asyncio\\base_events.py\", line 541, in _check_closed\n      raise RuntimeError('Event loop is closed')\n  RuntimeError: Event loop is closed\n  \n  During handling of the above exception, another exception occurred:\n  \n  Traceback (most recent call last):\n    File \"C:\\Program Files\\Python312\\Lib\\threading.py\", line 1073, in _bootstrap_inner\n      self.run()\n    File \"C:\\Users\\antho\\AppData\\Roaming\\Python\\Python312\\site-packages\\aiosqlite\\core.py\", line 121, in run\n      get_loop(future).call_soon_threadsafe(set_exception, future, e)\n    File \"C:\\Program Files\\Python312\\Lib\\asyncio\\base_events.py\", line 840, in call_soon_threadsafe\n      self._check_closed()\n    File \"C:\\Program Files\\Python312\\Lib\\asyncio\\base_events.py\", line 541, in _check_closed\n      raise RuntimeError('Event loop is closed')\n  RuntimeError: Event loop is closed\n  \n  Enable tracemalloc to get traceback where the object was allocated.\n  See https://docs.pytest.org/en/stable/how-to/capture-warnings.html#resource-warnings for more info.\n    warnings.warn(pytest.PytestUnhandledThreadExceptionWarning(msg))\n\ntests/integration/test_auth_oauth_errors.py::TestOAuthErrorHandling::test_oauth_rate_limiting_behavior\n  C:\\Users\\antho\\AppData\\Roaming\\Python\\Python312\\site-packages\\_pytest\\threadexception.py:58: PytestUnhandledThreadExceptionWarning: Exception in thread Thread-57\n  \n  Traceback (most recent call last):\n    File \"C:\\Users\\antho\\AppData\\Roaming\\Python\\Python312\\site-packages\\aiosqlite\\core.py\", line 113, in run\n      get_loop(future).call_soon_threadsafe(set_result, future, result)\n    File \"C:\\Program Files\\Python312\\Lib\\asyncio\\base_events.py\", line 840, in call_soon_threadsafe\n      self._check_closed()\n    File \"C:\\Program Files\\Python312\\Lib\\asyncio\\base_events.py\", line 541, in _check_closed\n      raise RuntimeError('Event loop is closed')\n  RuntimeError: Event loop is closed\n  \n  During handling of the above exception, another exception occurred:\n  \n  Traceback (most recent call last):\n    File \"C:\\Program Files\\Python312\\Lib\\threading.py\", line 1073, in _bootstrap_inner\n      self.run()\n    File \"C:\\Users\\antho\\AppData\\Roaming\\Python\\Python312\\site-packages\\aiosqlite\\core.py\", line 121, in run\n      get_loop(future).call_soon_threadsafe(set_exception, future, e)\n    File \"C:\\Program Files\\Python312\\Lib\\asyncio\\base_events.py\", line 840, in call_soon_threadsafe\n      self._check_closed()\n    File \"C:\\Program Files\\Python312\\Lib\\asyncio\\base_events.py\", line 541, in _check_closed\n      raise RuntimeError('Event loop is closed')\n  RuntimeError: Event loop is closed\n  \n  Enable tracemalloc to get traceback where the object was allocated.\n  See https://docs.pytest.org/en/stable/how-to/capture-warnings.html#resource-warnings for more info.\n    warnings.warn(pytest.PytestUnhandledThreadExceptionWarning(msg))\n\ntests/integration/test_auth_oauth_google.py::TestGoogleOAuthFlow::test_google_oauth_token_validation\n  C:\\Users\\antho\\AppData\\Roaming\\Python\\Python312\\site-packages\\_pytest\\threadexception.py:58: PytestUnhandledThreadExceptionWarning: Exception in thread Thread-169\n  \n  Traceback (most recent call last):\n    File \"C:\\Users\\antho\\AppData\\Roaming\\Python\\Python312\\site-packages\\aiosqlite\\core.py\", line 113, in run\n      get_loop(future).call_soon_threadsafe(set_result, future, result)\n    File \"C:\\Program Files\\Python312\\Lib\\asyncio\\base_events.py\", line 840, in call_soon_threadsafe\n      self._check_closed()\n    File \"C:\\Program Files\\Python312\\Lib\\asyncio\\base_events.py\", line 541, in _check_closed\n      raise RuntimeError('Event loop is closed')\n  RuntimeError: Event loop is closed\n  \n  During handling of the above exception, another exception occurred:\n  \n  Traceback (most recent call last):\n    File \"C:\\Program Files\\Python312\\Lib\\threading.py\", line 1073, in _bootstrap_inner\n      self.run()\n    File \"C:\\Users\\antho\\AppData\\Roaming\\Python\\Python312\\site-packages\\aiosqlite\\core.py\", line 121, in run\n      get_loop(future).call_soon_threadsafe(set_exception, future, e)\n    File \"C:\\Program Files\\Python312\\Lib\\asyncio\\base_events.py\", line 840, in call_soon_threadsafe\n      self._check_closed()\n    File \"C:\\Program Files\\Python312\\Lib\\asyncio\\base_events.py\", line 541, in _check_closed\n      raise RuntimeError('Event loop is closed')\n  RuntimeError: Event loop is closed\n  \n  Enable tracemalloc to get traceback where the object was allocated.\n  See https://docs.pytest.org/en/stable/how-to/capture-warnings.html#resource-warnings for more info.\n    warnings.warn(pytest.PytestUnhandledThreadExceptionWarning(msg))\n\ntests/integration/test_auth_oauth_google.py::TestGoogleOAuthFlow::test_google_oauth_token_validation\n  C:\\Users\\antho\\AppData\\Roaming\\Python\\Python312\\site-packages\\_pytest\\threadexception.py:58: PytestUnhandledThreadExceptionWarning: Exception in thread Thread-173\n  \n  Traceback (most recent call last):\n    File \"C:\\Users\\antho\\AppData\\Roaming\\Python\\Python312\\site-packages\\aiosqlite\\core.py\", line 113, in run\n      get_loop(future).call_soon_threadsafe(set_result, future, result)\n    File \"C:\\Program Files\\Python312\\Lib\\asyncio\\base_events.py\", line 840, in call_soon_threadsafe\n      self._check_closed()\n    File \"C:\\Program Files\\Python312\\Lib\\asyncio\\base_events.py\", line 541, in _check_closed\n      raise RuntimeError('Event loop is closed')\n  RuntimeError: Event loop is closed\n  \n  During handling of the above exception, another exception occurred:\n  \n  Traceback (most recent call last):\n    File \"C:\\Program Files\\Python312\\Lib\\threading.py\", line 1073, in _bootstrap_inner\n      self.run()\n    File \"C:\\Users\\antho\\AppData\\Roaming\\Python\\Python312\\site-packages\\aiosqlite\\core.py\", line 121, in run\n      get_loop(future).call_soon_threadsafe(set_exception, future, e)\n    File \"C:\\Program Files\\Python312\\Lib\\asyncio\\base_events.py\", line 840, in call_soon_threadsafe\n      self._check_closed()\n    File \"C:\\Program Files\\Python312\\Lib\\asyncio\\base_events.py\", line 541, in _check_closed\n      raise RuntimeError('Event loop is closed')\n  RuntimeError: Event loop is closed\n  \n  Enable tracemalloc to get traceback where the object was allocated.\n  See https://docs.pytest.org/en/stable/how-to/capture-warnings.html#resource-warnings for more info.\n    warnings.warn(pytest.PytestUnhandledThreadExceptionWarning(msg))\n\ntests/integration/test_auth_oauth_google.py::TestGoogleOAuthFlow::test_google_user_profile_mapping\n  C:\\Users\\antho\\AppData\\Roaming\\Python\\Python312\\site-packages\\_pytest\\threadexception.py:58: PytestUnhandledThreadExceptionWarning: Exception in thread Thread-183\n  \n  Traceback (most recent call last):\n    File \"C:\\Users\\antho\\AppData\\Roaming\\Python\\Python312\\site-packages\\aiosqlite\\core.py\", line 113, in run\n      get_loop(future).call_soon_threadsafe(set_result, future, result)\n    File \"C:\\Program Files\\Python312\\Lib\\asyncio\\base_events.py\", line 840, in call_soon_threadsafe\n      self._check_closed()\n    File \"C:\\Program Files\\Python312\\Lib\\asyncio\\base_events.py\", line 541, in _check_closed\n      raise RuntimeError('Event loop is closed')\n  RuntimeError: Event loop is closed\n  \n  During handling of the above exception, another exception occurred:\n  \n  Traceback (most recent call last):\n    File \"C:\\Program Files\\Python312\\Lib\\threading.py\", line 1073, in _bootstrap_inner\n      self.run()\n    File \"C:\\Users\\antho\\AppData\\Roaming\\Python\\Python312\\site-packages\\aiosqlite\\core.py\", line 121, in run\n      get_loop(future).call_soon_threadsafe(set_exception, future, e)\n    File \"C:\\Program Files\\Python312\\Lib\\asyncio\\base_events.py\", line 840, in call_soon_threadsafe\n      self._check_closed()\n    File \"C:\\Program Files\\Python312\\Lib\\asyncio\\base_events.py\", line 541, in _check_closed\n      raise RuntimeError('Event loop is closed')\n  RuntimeError: Event loop is closed\n  \n  Enable tracemalloc to get traceback where the object was allocated.\n  See https://docs.pytest.org/en/stable/how-to/capture-warnings.html#resource-warnings for more info.\n    warnings.warn(pytest.PytestUnhandledThreadExceptionWarning(msg))\n\ntests/integration/test_auth_oauth_google.py::TestGoogleOAuthFlow::test_google_user_profile_mapping\n  C:\\Users\\antho\\AppData\\Roaming\\Python\\Python312\\site-packages\\_pytest\\threadexception.py:58: PytestUnhandledThreadExceptionWarning: Exception in thread Thread-179\n  \n  Traceback (most recent call last):\n    File \"C:\\Users\\antho\\AppData\\Roaming\\Python\\Python312\\site-packages\\aiosqlite\\core.py\", line 113, in run\n      get_loop(future).call_soon_threadsafe(set_result, future, result)\n    File \"C:\\Program Files\\Python312\\Lib\\asyncio\\base_events.py\", line 840, in call_soon_threadsafe\n      self._check_closed()\n    File \"C:\\Program Files\\Python312\\Lib\\asyncio\\base_events.py\", line 541, in _check_closed\n      raise RuntimeError('Event loop is closed')\n  RuntimeError: Event loop is closed\n  \n  During handling of the above exception, another exception occurred:\n  \n  Traceback (most recent call last):\n    File \"C:\\Program Files\\Python312\\Lib\\threading.py\", line 1073, in _bootstrap_inner\n      self.run()\n    File \"C:\\Users\\antho\\AppData\\Roaming\\Python\\Python312\\site-packages\\aiosqlite\\core.py\", line 121, in run\n      get_loop(future).call_soon_threadsafe(set_exception, future, e)\n    File \"C:\\Program Files\\Python312\\Lib\\asyncio\\base_events.py\", line 840, in call_soon_threadsafe\n      self._check_closed()\n    File \"C:\\Program Files\\Python312\\Lib\\asyncio\\base_events.py\", line 541, in _check_closed\n      raise RuntimeError('Event loop is closed')\n  RuntimeError: Event loop is closed\n  \n  Enable tracemalloc to get traceback where the object was allocated.\n  See https://docs.pytest.org/en/stable/how-to/capture-warnings.html#resource-warnings for more info.\n    warnings.warn(pytest.PytestUnhandledThreadExceptionWarning(msg))\n\ntests/integration/test_auth_oauth_google.py::TestGoogleOAuthFlow::test_google_oauth_scope_validation\n  C:\\Users\\antho\\AppData\\Roaming\\Python\\Python312\\site-packages\\_pytest\\threadexception.py:58: PytestUnhandledThreadExceptionWarning: Exception in thread Thread-187\n  \n  Traceback (most recent call last):\n    File \"C:\\Users\\antho\\AppData\\Roaming\\Python\\Python312\\site-packages\\aiosqlite\\core.py\", line 113, in run\n      get_loop(future).call_soon_threadsafe(set_result, future, result)\n    File \"C:\\Program Files\\Python312\\Lib\\asyncio\\base_events.py\", line 840, in call_soon_threadsafe\n      self._check_closed()\n    File \"C:\\Program Files\\Python312\\Lib\\asyncio\\base_events.py\", line 541, in _check_closed\n      raise RuntimeError('Event loop is closed')\n  RuntimeError: Event loop is closed\n  \n  During handling of the above exception, another exception occurred:\n  \n  Traceback (most recent call last):\n    File \"C:\\Program Files\\Python312\\Lib\\threading.py\", line 1073, in _bootstrap_inner\n      self.run()\n    File \"C:\\Users\\antho\\AppData\\Roaming\\Python\\Python312\\site-packages\\aiosqlite\\core.py\", line 121, in run\n      get_loop(future).call_soon_threadsafe(set_exception, future, e)\n    File \"C:\\Program Files\\Python312\\Lib\\asyncio\\base_events.py\", line 840, in call_soon_threadsafe\n      self._check_closed()\n    File \"C:\\Program Files\\Python312\\Lib\\asyncio\\base_events.py\", line 541, in _check_closed\n      raise RuntimeError('Event loop is closed')\n  RuntimeError: Event loop is closed\n  \n  Enable tracemalloc to get traceback where the object was allocated.\n  See https://docs.pytest.org/en/stable/how-to/capture-warnings.html#resource-warnings for more info.\n    warnings.warn(pytest.PytestUnhandledThreadExceptionWarning(msg))\n\ntests/integration/test_auth_oauth_google.py::TestGoogleOAuthFlow::test_google_oauth_state_security\n  C:\\Users\\antho\\AppData\\Roaming\\Python\\Python312\\site-packages\\_pytest\\threadexception.py:58: PytestUnhandledThreadExceptionWarning: Exception in thread Thread-201\n  \n  Traceback (most recent call last):\n    File \"C:\\Users\\antho\\AppData\\Roaming\\Python\\Python312\\site-packages\\aiosqlite\\core.py\", line 113, in run\n      get_loop(future).call_soon_threadsafe(set_result, future, result)\n    File \"C:\\Program Files\\Python312\\Lib\\asyncio\\base_events.py\", line 840, in call_soon_threadsafe\n      self._check_closed()\n    File \"C:\\Program Files\\Python312\\Lib\\asyncio\\base_events.py\", line 541, in _check_closed\n      raise RuntimeError('Event loop is closed')\n  RuntimeError: Event loop is closed\n  \n  During handling of the above exception, another exception occurred:\n  \n  Traceback (most recent call last):\n    File \"C:\\Program Files\\Python312\\Lib\\threading.py\", line 1073, in _bootstrap_inner\n      self.run()\n    File \"C:\\Users\\antho\\AppData\\Roaming\\Python\\Python312\\site-packages\\aiosqlite\\core.py\", line 121, in run\n      get_loop(future).call_soon_threadsafe(set_exception, future, e)\n    File \"C:\\Program Files\\Python312\\Lib\\asyncio\\base_events.py\", line 840, in call_soon_threadsafe\n      self._check_closed()\n    File \"C:\\Program Files\\Python312\\Lib\\asyncio\\base_events.py\", line 541, in _check_closed\n      raise RuntimeError('Event loop is closed')\n  RuntimeError: Event loop is closed\n  \n  Enable tracemalloc to get traceback where the object was allocated.\n  See https://docs.pytest.org/en/stable/how-to/capture-warnings.html#resource-warnings for more info.\n    warnings.warn(pytest.PytestUnhandledThreadExceptionWarning(msg))\n\ntests/integration/test_auth_oauth_google.py::TestGoogleOAuthFlow::test_google_oauth_state_security\n  C:\\Users\\antho\\AppData\\Roaming\\Python\\Python312\\site-packages\\_pytest\\threadexception.py:58: PytestUnhandledThreadExceptionWarning: Exception in thread Thread-197\n  \n  Traceback (most recent call last):\n    File \"C:\\Users\\antho\\AppData\\Roaming\\Python\\Python312\\site-packages\\aiosqlite\\core.py\", line 113, in run\n      get_loop(future).call_soon_threadsafe(set_result, future, result)\n    File \"C:\\Program Files\\Python312\\Lib\\asyncio\\base_events.py\", line 840, in call_soon_threadsafe\n      self._check_closed()\n    File \"C:\\Program Files\\Python312\\Lib\\asyncio\\base_events.py\", line 541, in _check_closed\n      raise RuntimeError('Event loop is closed')\n  RuntimeError: Event loop is closed\n  \n  During handling of the above exception, another exception occurred:\n  \n  Traceback (most recent call last):\n    File \"C:\\Program Files\\Python312\\Lib\\threading.py\", line 1073, in _bootstrap_inner\n      self.run()\n    File \"C:\\Users\\antho\\AppData\\Roaming\\Python\\Python312\\site-packages\\aiosqlite\\core.py\", line 121, in run\n      get_loop(future).call_soon_threadsafe(set_exception, future, e)\n    File \"C:\\Program Files\\Python312\\Lib\\asyncio\\base_events.py\", line 840, in call_soon_threadsafe\n      self._check_closed()\n    File \"C:\\Program Files\\Python312\\Lib\\asyncio\\base_events.py\", line 541, in _check_closed\n      raise RuntimeError('Event loop is closed')\n  RuntimeError: Event loop is closed\n  \n  Enable tracemalloc to get traceback where the object was allocated.\n  See https://docs.pytest.org/en/stable/how-to/capture-warnings.html#resource-warnings for more info.\n    warnings.warn(pytest.PytestUnhandledThreadExceptionWarning(msg))\n\ntests/integration/test_auth_oauth_google.py::TestGoogleOAuthFlow::test_google_oauth_concurrent_requests\n  C:\\Users\\antho\\AppData\\Roaming\\Python\\Python312\\site-packages\\_pytest\\threadexception.py:58: PytestUnhandledThreadExceptionWarning: Exception in thread Thread-226\n  \n  Traceback (most recent call last):\n    File \"C:\\Users\\antho\\AppData\\Roaming\\Python\\Python312\\site-packages\\aiosqlite\\core.py\", line 113, in run\n      get_loop(future).call_soon_threadsafe(set_result, future, result)\n    File \"C:\\Program Files\\Python312\\Lib\\asyncio\\base_events.py\", line 840, in call_soon_threadsafe\n      self._check_closed()\n    File \"C:\\Program Files\\Python312\\Lib\\asyncio\\base_events.py\", line 541, in _check_closed\n      raise RuntimeError('Event loop is closed')\n  RuntimeError: Event loop is closed\n  \n  During handling of the above exception, another exception occurred:\n  \n  Traceback (most recent call last):\n    File \"C:\\Program Files\\Python312\\Lib\\threading.py\", line 1073, in _bootstrap_inner\n      self.run()\n    File \"C:\\Users\\antho\\AppData\\Roaming\\Python\\Python312\\site-packages\\aiosqlite\\core.py\", line 121, in run\n      get_loop(future).call_soon_threadsafe(set_exception, future, e)\n    File \"C:\\Program Files\\Python312\\Lib\\asyncio\\base_events.py\", line 840, in call_soon_threadsafe\n      self._check_closed()\n    File \"C:\\Program Files\\Python312\\Lib\\asyncio\\base_events.py\", line 541, in _check_closed\n      raise RuntimeError('Event loop is closed')\n  RuntimeError: Event loop is closed\n  \n  Enable tracemalloc to get traceback where the object was allocated.\n  See https://docs.pytest.org/en/stable/how-to/capture-warnings.html#resource-warnings for more info.\n    warnings.warn(pytest.PytestUnhandledThreadExceptionWarning(msg))\n\ntests/integration/test_auth_oauth_google.py::TestGoogleOAuthFlow::test_google_oauth_concurrent_requests\n  C:\\Users\\antho\\AppData\\Roaming\\Python\\Python312\\site-packages\\_pytest\\threadexception.py:58: PytestUnhandledThreadExceptionWarning: Exception in thread Thread-225\n  \n  Traceback (most recent call last):\n    File \"C:\\Users\\antho\\AppData\\Roaming\\Python\\Python312\\site-packages\\aiosqlite\\core.py\", line 113, in run\n      get_loop(future).call_soon_threadsafe(set_result, future, result)\n    File \"C:\\Program Files\\Python312\\Lib\\asyncio\\base_events.py\", line 840, in call_soon_threadsafe\n      self._check_closed()\n    File \"C:\\Program Files\\Python312\\Lib\\asyncio\\base_events.py\", line 541, in _check_closed\n      raise RuntimeError('Event loop is closed')\n  RuntimeError: Event loop is closed\n  \n  During handling of the above exception, another exception occurred:\n  \n  Traceback (most recent call last):\n    File \"C:\\Program Files\\Python312\\Lib\\threading.py\", line 1073, in _bootstrap_inner\n      self.run()\n    File \"C:\\Users\\antho\\AppData\\Roaming\\Python\\Python312\\site-packages\\aiosqlite\\core.py\", line 121, in run\n      get_loop(future).call_soon_threadsafe(set_exception, future, e)\n    File \"C:\\Program Files\\Python312\\Lib\\asyncio\\base_events.py\", line 840, in call_soon_threadsafe\n      self._check_closed()\n    File \"C:\\Program Files\\Python312\\Lib\\asyncio\\base_events.py\", line 541, in _check_closed\n      raise RuntimeError('Event loop is closed')\n  RuntimeError: Event loop is closed\n  \n  Enable tracemalloc to get traceback where the object was allocated.\n  See https://docs.pytest.org/en/stable/how-to/capture-warnings.html#resource-warnings for more info.\n    warnings.warn(pytest.PytestUnhandledThreadExceptionWarning(msg))\n\ntests/integration/test_auth_oauth_google.py::TestGoogleOAuthFlow::test_google_oauth_concurrent_requests\n  C:\\Users\\antho\\AppData\\Roaming\\Python\\Python312\\site-packages\\_pytest\\threadexception.py:58: PytestUnhandledThreadExceptionWarning: Exception in thread Thread-224\n  \n  Traceback (most recent call last):\n    File \"C:\\Users\\antho\\AppData\\Roaming\\Python\\Python312\\site-packages\\aiosqlite\\core.py\", line 113, in run\n      get_loop(future).call_soon_threadsafe(set_result, future, result)\n    File \"C:\\Program Files\\Python312\\Lib\\asyncio\\base_events.py\", line 840, in call_soon_threadsafe\n      self._check_closed()\n    File \"C:\\Program Files\\Python312\\Lib\\asyncio\\base_events.py\", line 541, in _check_closed\n      raise RuntimeError('Event loop is closed')\n  RuntimeError: Event loop is closed\n  \n  During handling of the above exception, another exception occurred:\n  \n  Traceback (most recent call last):\n    File \"C:\\Program Files\\Python312\\Lib\\threading.py\", line 1073, in _bootstrap_inner\n      self.run()\n    File \"C:\\Users\\antho\\AppData\\Roaming\\Python\\Python312\\site-packages\\aiosqlite\\core.py\", line 121, in run\n      get_loop(future).call_soon_threadsafe(set_exception, future, e)\n    File \"C:\\Program Files\\Python312\\Lib\\asyncio\\base_events.py\", line 840, in call_soon_threadsafe\n      self._check_closed()\n    File \"C:\\Program Files\\Python312\\Lib\\asyncio\\base_events.py\", line 541, in _check_closed\n      raise RuntimeError('Event loop is closed')\n  RuntimeError: Event loop is closed\n  \n  Enable tracemalloc to get traceback where the object was allocated.\n  See https://docs.pytest.org/en/stable/how-to/capture-warnings.html#resource-warnings for more info.\n    warnings.warn(pytest.PytestUnhandledThreadExceptionWarning(msg))\n\ntests/integration/test_auth_oauth_google.py::TestGoogleOAuthFlow::test_google_oauth_concurrent_requests\n  C:\\Users\\antho\\AppData\\Roaming\\Python\\Python312\\site-packages\\_pytest\\threadexception.py:58: PytestUnhandledThreadExceptionWarning: Exception in thread Thread-222\n  \n  Traceback (most recent call last):\n    File \"C:\\Users\\antho\\AppData\\Roaming\\Python\\Python312\\site-packages\\aiosqlite\\core.py\", line 113, in run\n      get_loop(future).call_soon_threadsafe(set_result, future, result)\n    File \"C:\\Program Files\\Python312\\Lib\\asyncio\\base_events.py\", line 840, in call_soon_threadsafe\n      self._check_closed()\n    File \"C:\\Program Files\\Python312\\Lib\\asyncio\\base_events.py\", line 541, in _check_closed\n      raise RuntimeError('Event loop is closed')\n  RuntimeError: Event loop is closed\n  \n  During handling of the above exception, another exception occurred:\n  \n  Traceback (most recent call last):\n    File \"C:\\Program Files\\Python312\\Lib\\threading.py\", line 1073, in _bootstrap_inner\n      self.run()\n    File \"C:\\Users\\antho\\AppData\\Roaming\\Python\\Python312\\site-packages\\aiosqlite\\core.py\", line 121, in run\n      get_loop(future).call_soon_threadsafe(set_exception, future, e)\n    File \"C:\\Program Files\\Python312\\Lib\\asyncio\\base_events.py\", line 840, in call_soon_threadsafe\n      self._check_closed()\n    File \"C:\\Program Files\\Python312\\Lib\\asyncio\\base_events.py\", line 541, in _check_closed\n      raise RuntimeError('Event loop is closed')\n  RuntimeError: Event loop is closed\n  \n  Enable tracemalloc to get traceback where the object was allocated.\n  See https://docs.pytest.org/en/stable/how-to/capture-warnings.html#resource-warnings for more info.\n    warnings.warn(pytest.PytestUnhandledThreadExceptionWarning(msg))\n\ntests/integration/test_oauth_comprehensive_failures.py::TestOAuthComprehensiveFailures::test_01_successful_oauth_login_basic_flow\n  C:\\Users\\antho\\AppData\\Roaming\\Python\\Python312\\site-packages\\_pytest\\threadexception.py:58: PytestUnhandledThreadExceptionWarning: Exception in thread Thread-227\n  \n  Traceback (most recent call last):\n    File \"C:\\Users\\antho\\AppData\\Roaming\\Python\\Python312\\site-packages\\aiosqlite\\core.py\", line 113, in run\n      get_loop(future).call_soon_threadsafe(set_result, future, result)\n    File \"C:\\Program Files\\Python312\\Lib\\asyncio\\base_events.py\", line 840, in call_soon_threadsafe\n      self._check_closed()\n    File \"C:\\Program Files\\Python312\\Lib\\asyncio\\base_events.py\", line 541, in _check_closed\n      raise RuntimeError('Event loop is closed')\n  RuntimeError: Event loop is closed\n  \n  During handling of the above exception, another exception occurred:\n  \n  Traceback (most recent call last):\n    File \"C:\\Program Files\\Python312\\Lib\\threading.py\", line 1073, in _bootstrap_inner\n      self.run()\n    File \"C:\\Users\\antho\\AppData\\Roaming\\Python\\Python312\\site-packages\\aiosqlite\\core.py\", line 121, in run\n      get_loop(future).call_soon_threadsafe(set_exception, future, e)\n    File \"C:\\Program Files\\Python312\\Lib\\asyncio\\base_events.py\", line 840, in call_soon_threadsafe\n      self._check_closed()\n    File \"C:\\Program Files\\Python312\\Lib\\asyncio\\base_events.py\", line 541, in _check_closed\n      raise RuntimeError('Event loop is closed')\n  RuntimeError: Event loop is closed\n  \n  Enable tracemalloc to get traceback where the object was allocated.\n  See https://docs.pytest.org/en/stable/how-to/capture-warnings.html#resource-warnings for more info.\n    warnings.warn(pytest.PytestUnhandledThreadExceptionWarning(msg))\n\ntests/integration/test_oauth_comprehensive_failures.py: 21 warnings\n  C:\\Users\\antho\\OneDrive\\Desktop\\Netra\\netra-core-generation-1\\auth_service\\auth_core\\routes\\auth_routes.py:1009: PydanticDeprecatedSince20: The `dict` method is deprecated; use `model_dump` instead. Deprecated in Pydantic V2.0 to be removed in V3.0. See Pydantic V2 Migration Guide at https://errors.pydantic.dev/2.11/migration/\n    content=response.dict(),\n\ntests/integration/test_oauth_comprehensive_failures.py::TestOAuthComprehensiveFailures::test_01_successful_oauth_login_basic_flow\n  C:\\Users\\antho\\AppData\\Roaming\\Python\\Python312\\site-packages\\_pytest\\threadexception.py:58: PytestUnhandledThreadExceptionWarning: Exception in thread Thread-233\n  \n  Traceback (most recent call last):\n    File \"C:\\Users\\antho\\AppData\\Roaming\\Python\\Python312\\site-packages\\aiosqlite\\core.py\", line 113, in run\n      get_loop(future).call_soon_threadsafe(set_result, future, result)\n    File \"C:\\Program Files\\Python312\\Lib\\asyncio\\base_events.py\", line 840, in call_soon_threadsafe\n      self._check_closed()\n    File \"C:\\Program Files\\Python312\\Lib\\asyncio\\base_events.py\", line 541, in _check_closed\n      raise RuntimeError('Event loop is closed')\n  RuntimeError: Event loop is closed\n  \n  During handling of the above exception, another exception occurred:\n  \n  Traceback (most recent call last):\n    File \"C:\\Program Files\\Python312\\Lib\\threading.py\", line 1073, in _bootstrap_inner\n      self.run()\n    File \"C:\\Users\\antho\\AppData\\Roaming\\Python\\Python312\\site-packages\\aiosqlite\\core.py\", line 121, in run\n      get_loop(future).call_soon_threadsafe(set_exception, future, e)\n    File \"C:\\Program Files\\Python312\\Lib\\asyncio\\base_events.py\", line 840, in call_soon_threadsafe\n      self._check_closed()\n    File \"C:\\Program Files\\Python312\\Lib\\asyncio\\base_events.py\", line 541, in _check_closed\n      raise RuntimeError('Event loop is closed')\n  RuntimeError: Event loop is closed\n  \n  Enable tracemalloc to get traceback where the object was allocated.\n  See https://docs.pytest.org/en/stable/how-to/capture-warnings.html#resource-warnings for more info.\n    warnings.warn(pytest.PytestUnhandledThreadExceptionWarning(msg))\n\ntests/integration/test_oauth_comprehensive_failures.py::TestOAuthComprehensiveFailures::test_05_cross_site_request_forgery_token_binding\ntests/integration/test_oauth_comprehensive_failures.py::TestOAuthComprehensiveFailures::test_25_session_fixation_attack\n  C:\\Users\\antho\\AppData\\Roaming\\Python\\Python312\\site-packages\\starlette\\testclient.py:451: DeprecationWarning: Setting per-request cookies=<...> is being deprecated, because the expected behaviour on cookie persistence is ambiguous. Set cookies directly on the client instance instead.\n    return super().request(\n\ntests/integration/test_oauth_comprehensive_failures.py::TestOAuthComprehensiveFailures::test_19_duplicate_user_creation_race_condition\n  C:\\Users\\antho\\AppData\\Roaming\\Python\\Python312\\site-packages\\_pytest\\threadexception.py:58: PytestUnhandledThreadExceptionWarning: Exception in thread Thread-283\n  \n  Traceback (most recent call last):\n    File \"C:\\Users\\antho\\AppData\\Roaming\\Python\\Python312\\site-packages\\aiosqlite\\core.py\", line 113, in run\n      get_loop(future).call_soon_threadsafe(set_result, future, result)\n    File \"C:\\Program Files\\Python312\\Lib\\asyncio\\base_events.py\", line 840, in call_soon_threadsafe\n      self._check_closed()\n    File \"C:\\Program Files\\Python312\\Lib\\asyncio\\base_events.py\", line 541, in _check_closed\n      raise RuntimeError('Event loop is closed')\n  RuntimeError: Event loop is closed\n  \n  During handling of the above exception, another exception occurred:\n  \n  Traceback (most recent call last):\n    File \"C:\\Program Files\\Python312\\Lib\\threading.py\", line 1073, in _bootstrap_inner\n      self.run()\n    File \"C:\\Users\\antho\\AppData\\Roaming\\Python\\Python312\\site-packages\\aiosqlite\\core.py\", line 121, in run\n      get_loop(future).call_soon_threadsafe(set_exception, future, e)\n    File \"C:\\Program Files\\Python312\\Lib\\asyncio\\base_events.py\", line 840, in call_soon_threadsafe\n      self._check_closed()\n    File \"C:\\Program Files\\Python312\\Lib\\asyncio\\base_events.py\", line 541, in _check_closed\n      raise RuntimeError('Event loop is closed')\n  RuntimeError: Event loop is closed\n  \n  Enable tracemalloc to get traceback where the object was allocated.\n  See https://docs.pytest.org/en/stable/how-to/capture-warnings.html#resource-warnings for more info.\n    warnings.warn(pytest.PytestUnhandledThreadExceptionWarning(msg))\n\ntests/integration/test_oauth_comprehensive_failures.py::TestOAuthComprehensiveFailures::test_19_duplicate_user_creation_race_condition\n  C:\\Users\\antho\\AppData\\Roaming\\Python\\Python312\\site-packages\\_pytest\\threadexception.py:58: PytestUnhandledThreadExceptionWarning: Exception in thread Thread-279\n  \n  Traceback (most recent call last):\n    File \"C:\\Users\\antho\\AppData\\Roaming\\Python\\Python312\\site-packages\\aiosqlite\\core.py\", line 113, in run\n      get_loop(future).call_soon_threadsafe(set_result, future, result)\n    File \"C:\\Program Files\\Python312\\Lib\\asyncio\\base_events.py\", line 840, in call_soon_threadsafe\n      self._check_closed()\n    File \"C:\\Program Files\\Python312\\Lib\\asyncio\\base_events.py\", line 541, in _check_closed\n      raise RuntimeError('Event loop is closed')\n  RuntimeError: Event loop is closed\n  \n  During handling of the above exception, another exception occurred:\n  \n  Traceback (most recent call last):\n    File \"C:\\Program Files\\Python312\\Lib\\threading.py\", line 1073, in _bootstrap_inner\n      self.run()\n    File \"C:\\Users\\antho\\AppData\\Roaming\\Python\\Python312\\site-packages\\aiosqlite\\core.py\", line 121, in run\n      get_loop(future).call_soon_threadsafe(set_exception, future, e)\n    File \"C:\\Program Files\\Python312\\Lib\\asyncio\\base_events.py\", line 840, in call_soon_threadsafe\n      self._check_closed()\n    File \"C:\\Program Files\\Python312\\Lib\\asyncio\\base_events.py\", line 541, in _check_closed\n      raise RuntimeError('Event loop is closed')\n  RuntimeError: Event loop is closed\n  \n  Enable tracemalloc to get traceback where the object was allocated.\n  See https://docs.pytest.org/en/stable/how-to/capture-warnings.html#resource-warnings for more info.\n    warnings.warn(pytest.PytestUnhandledThreadExceptionWarning(msg))\n\ntests/integration/test_oauth_comprehensive_failures.py::TestOAuthComprehensiveFailures::test_19_duplicate_user_creation_race_condition\n  C:\\Users\\antho\\AppData\\Roaming\\Python\\Python312\\site-packages\\_pytest\\threadexception.py:58: PytestUnhandledThreadExceptionWarning: Exception in thread Thread-291\n  \n  Traceback (most recent call last):\n    File \"C:\\Users\\antho\\AppData\\Roaming\\Python\\Python312\\site-packages\\aiosqlite\\core.py\", line 113, in run\n      get_loop(future).call_soon_threadsafe(set_result, future, result)\n    File \"C:\\Program Files\\Python312\\Lib\\asyncio\\base_events.py\", line 840, in call_soon_threadsafe\n      self._check_closed()\n    File \"C:\\Program Files\\Python312\\Lib\\asyncio\\base_events.py\", line 541, in _check_closed\n      raise RuntimeError('Event loop is closed')\n  RuntimeError: Event loop is closed\n  \n  During handling of the above exception, another exception occurred:\n  \n  Traceback (most recent call last):\n    File \"C:\\Program Files\\Python312\\Lib\\threading.py\", line 1073, in _bootstrap_inner\n      self.run()\n    File \"C:\\Users\\antho\\AppData\\Roaming\\Python\\Python312\\site-packages\\aiosqlite\\core.py\", line 121, in run\n      get_loop(future).call_soon_threadsafe(set_exception, future, e)\n    File \"C:\\Program Files\\Python312\\Lib\\asyncio\\base_events.py\", line 840, in call_soon_threadsafe\n      self._check_closed()\n    File \"C:\\Program Files\\Python312\\Lib\\asyncio\\base_events.py\", line 541, in _check_closed\n      raise RuntimeError('Event loop is closed')\n  RuntimeError: Event loop is closed\n  \n  Enable tracemalloc to get traceback where the object was allocated.\n  See https://docs.pytest.org/en/stable/how-to/capture-warnings.html#resource-warnings for more info.\n    warnings.warn(pytest.PytestUnhandledThreadExceptionWarning(msg))\n\ntests/integration/test_oauth_comprehensive_failures.py::TestOAuthComprehensiveFailures::test_28_null_values_in_oauth_response\n  C:\\Users\\antho\\AppData\\Roaming\\Python\\Python312\\site-packages\\_pytest\\threadexception.py:58: PytestUnhandledThreadExceptionWarning: Exception in thread Thread-308\n  \n  Traceback (most recent call last):\n    File \"C:\\Users\\antho\\AppData\\Roaming\\Python\\Python312\\site-packages\\aiosqlite\\core.py\", line 113, in run\n      get_loop(future).call_soon_threadsafe(set_result, future, result)\n    File \"C:\\Program Files\\Python312\\Lib\\asyncio\\base_events.py\", line 840, in call_soon_threadsafe\n      self._check_closed()\n    File \"C:\\Program Files\\Python312\\Lib\\asyncio\\base_events.py\", line 541, in _check_closed\n      raise RuntimeError('Event loop is closed')\n  RuntimeError: Event loop is closed\n  \n  During handling of the above exception, another exception occurred:\n  \n  Traceback (most recent call last):\n    File \"C:\\Program Files\\Python312\\Lib\\threading.py\", line 1073, in _bootstrap_inner\n      self.run()\n    File \"C:\\Users\\antho\\AppData\\Roaming\\Python\\Python312\\site-packages\\aiosqlite\\core.py\", line 121, in run\n      get_loop(future).call_soon_threadsafe(set_exception, future, e)\n    File \"C:\\Program Files\\Python312\\Lib\\asyncio\\base_events.py\", line 840, in call_soon_threadsafe\n      self._check_closed()\n    File \"C:\\Program Files\\Python312\\Lib\\asyncio\\base_events.py\", line 541, in _check_closed\n      raise RuntimeError('Event loop is closed')\n  RuntimeError: Event loop is closed\n  \n  Enable tracemalloc to get traceback where the object was allocated.\n  See https://docs.pytest.org/en/stable/how-to/capture-warnings.html#resource-warnings for more info.\n    warnings.warn(pytest.PytestUnhandledThreadExceptionWarning(msg))\n\ntests/integration/test_oauth_comprehensive_failures.py::TestOAuthComprehensiveFailures::test_29_concurrent_login_attempts\n  C:\\Users\\antho\\AppData\\Roaming\\Python\\Python312\\site-packages\\_pytest\\threadexception.py:58: PytestUnhandledThreadExceptionWarning: Exception in thread Thread-340\n  \n  Traceback (most recent call last):\n    File \"C:\\Users\\antho\\AppData\\Roaming\\Python\\Python312\\site-packages\\aiosqlite\\core.py\", line 113, in run\n      get_loop(future).call_soon_threadsafe(set_result, future, result)\n    File \"C:\\Program Files\\Python312\\Lib\\asyncio\\base_events.py\", line 840, in call_soon_threadsafe\n      self._check_closed()\n    File \"C:\\Program Files\\Python312\\Lib\\asyncio\\base_events.py\", line 541, in _check_closed\n      raise RuntimeError('Event loop is closed')\n  RuntimeError: Event loop is closed\n  \n  During handling of the above exception, another exception occurred:\n  \n  Traceback (most recent call last):\n    File \"C:\\Program Files\\Python312\\Lib\\threading.py\", line 1073, in _bootstrap_inner\n      self.run()\n    File \"C:\\Users\\antho\\AppData\\Roaming\\Python\\Python312\\site-packages\\aiosqlite\\core.py\", line 121, in run\n      get_loop(future).call_soon_threadsafe(set_exception, future, e)\n    File \"C:\\Program Files\\Python312\\Lib\\asyncio\\base_events.py\", line 840, in call_soon_threadsafe\n      self._check_closed()\n    File \"C:\\Program Files\\Python312\\Lib\\asyncio\\base_events.py\", line 541, in _check_closed\n      raise RuntimeError('Event loop is closed')\n  RuntimeError: Event loop is closed\n  \n  Enable tracemalloc to get traceback where the object was allocated.\n  See https://docs.pytest.org/en/stable/how-to/capture-warnings.html#resource-warnings for more info.\n    warnings.warn(pytest.PytestUnhandledThreadExceptionWarning(msg))\n\ntests/integration/test_oauth_comprehensive_failures.py::TestOAuthComprehensiveFailures::test_29_concurrent_login_attempts\n  C:\\Users\\antho\\AppData\\Roaming\\Python\\Python312\\site-packages\\_pytest\\threadexception.py:58: PytestUnhandledThreadExceptionWarning: Exception in thread Thread-336\n  \n  Traceback (most recent call last):\n    File \"C:\\Users\\antho\\AppData\\Roaming\\Python\\Python312\\site-packages\\aiosqlite\\core.py\", line 113, in run\n      get_loop(future).call_soon_threadsafe(set_result, future, result)\n    File \"C:\\Program Files\\Python312\\Lib\\asyncio\\base_events.py\", line 840, in call_soon_threadsafe\n      self._check_closed()\n    File \"C:\\Program Files\\Python312\\Lib\\asyncio\\base_events.py\", line 541, in _check_closed\n      raise RuntimeError('Event loop is closed')\n  RuntimeError: Event loop is closed\n  \n  During handling of the above exception, another exception occurred:\n  \n  Traceback (most recent call last):\n    File \"C:\\Program Files\\Python312\\Lib\\threading.py\", line 1073, in _bootstrap_inner\n      self.run()\n    File \"C:\\Users\\antho\\AppData\\Roaming\\Python\\Python312\\site-packages\\aiosqlite\\core.py\", line 121, in run\n      get_loop(future).call_soon_threadsafe(set_exception, future, e)\n    File \"C:\\Program Files\\Python312\\Lib\\asyncio\\base_events.py\", line 840, in call_soon_threadsafe\n      self._check_closed()\n    File \"C:\\Program Files\\Python312\\Lib\\asyncio\\base_events.py\", line 541, in _check_closed\n      raise RuntimeError('Event loop is closed')\n  RuntimeError: Event loop is closed\n  \n  Enable tracemalloc to get traceback where the object was allocated.\n  See https://docs.pytest.org/en/stable/how-to/capture-warnings.html#resource-warnings for more info.\n    warnings.warn(pytest.PytestUnhandledThreadExceptionWarning(msg))\n\ntests/integration/test_oauth_comprehensive_failures.py::TestOAuthComprehensiveFailures::test_29_concurrent_login_attempts\n  C:\\Users\\antho\\AppData\\Roaming\\Python\\Python312\\site-packages\\_pytest\\threadexception.py:58: PytestUnhandledThreadExceptionWarning: Exception in thread Thread-328\n  \n  Traceback (most recent call last):\n    File \"C:\\Users\\antho\\AppData\\Roaming\\Python\\Python312\\site-packages\\aiosqlite\\core.py\", line 113, in run\n      get_loop(future).call_soon_threadsafe(set_result, future, result)\n    File \"C:\\Program Files\\Python312\\Lib\\asyncio\\base_events.py\", line 840, in call_soon_threadsafe\n      self._check_closed()\n    File \"C:\\Program Files\\Python312\\Lib\\asyncio\\base_events.py\", line 541, in _check_closed\n      raise RuntimeError('Event loop is closed')\n  RuntimeError: Event loop is closed\n  \n  During handling of the above exception, another exception occurred:\n  \n  Traceback (most recent call last):\n    File \"C:\\Program Files\\Python312\\Lib\\threading.py\", line 1073, in _bootstrap_inner\n      self.run()\n    File \"C:\\Users\\antho\\AppData\\Roaming\\Python\\Python312\\site-packages\\aiosqlite\\core.py\", line 121, in run\n      get_loop(future).call_soon_threadsafe(set_exception, future, e)\n    File \"C:\\Program Files\\Python312\\Lib\\asyncio\\base_events.py\", line 840, in call_soon_threadsafe\n      self._check_closed()\n    File \"C:\\Program Files\\Python312\\Lib\\asyncio\\base_events.py\", line 541, in _check_closed\n      raise RuntimeError('Event loop is closed')\n  RuntimeError: Event loop is closed\n  \n  Enable tracemalloc to get traceback where the object was allocated.\n  See https://docs.pytest.org/en/stable/how-to/capture-warnings.html#resource-warnings for more info.\n    warnings.warn(pytest.PytestUnhandledThreadExceptionWarning(msg))\n\ntests/integration/test_oauth_comprehensive_failures.py::TestOAuthComprehensiveFailures::test_29_concurrent_login_attempts\n  C:\\Users\\antho\\AppData\\Roaming\\Python\\Python312\\site-packages\\_pytest\\threadexception.py:58: PytestUnhandledThreadExceptionWarning: Exception in thread Thread-320\n  \n  Traceback (most recent call last):\n    File \"C:\\Users\\antho\\AppData\\Roaming\\Python\\Python312\\site-packages\\aiosqlite\\core.py\", line 113, in run\n      get_loop(future).call_soon_threadsafe(set_result, future, result)\n    File \"C:\\Program Files\\Python312\\Lib\\asyncio\\base_events.py\", line 840, in call_soon_threadsafe\n      self._check_closed()\n    File \"C:\\Program Files\\Python312\\Lib\\asyncio\\base_events.py\", line 541, in _check_closed\n      raise RuntimeError('Event loop is closed')\n  RuntimeError: Event loop is closed\n  \n  During handling of the above exception, another exception occurred:\n  \n  Traceback (most recent call last):\n    File \"C:\\Program Files\\Python312\\Lib\\threading.py\", line 1073, in _bootstrap_inner\n      self.run()\n    File \"C:\\Users\\antho\\AppData\\Roaming\\Python\\Python312\\site-packages\\aiosqlite\\core.py\", line 121, in run\n      get_loop(future).call_soon_threadsafe(set_exception, future, e)\n    File \"C:\\Program Files\\Python312\\Lib\\asyncio\\base_events.py\", line 840, in call_soon_threadsafe\n      self._check_closed()\n    File \"C:\\Program Files\\Python312\\Lib\\asyncio\\base_events.py\", line 541, in _check_closed\n      raise RuntimeError('Event loop is closed')\n  RuntimeError: Event loop is closed\n  \n  Enable tracemalloc to get traceback where the object was allocated.\n  See https://docs.pytest.org/en/stable/how-to/capture-warnings.html#resource-warnings for more info.\n    warnings.warn(pytest.PytestUnhandledThreadExceptionWarning(msg))\n\ntests/integration/test_oauth_comprehensive_failures.py::TestOAuthComprehensiveFailures::test_29_concurrent_login_attempts\n  C:\\Users\\antho\\AppData\\Roaming\\Python\\Python312\\site-packages\\_pytest\\threadexception.py:58: PytestUnhandledThreadExceptionWarning: Exception in thread Thread-316\n  \n  Traceback (most recent call last):\n    File \"C:\\Users\\antho\\AppData\\Roaming\\Python\\Python312\\site-packages\\aiosqlite\\core.py\", line 113, in run\n      get_loop(future).call_soon_threadsafe(set_result, future, result)\n    File \"C:\\Program Files\\Python312\\Lib\\asyncio\\base_events.py\", line 840, in call_soon_threadsafe\n      self._check_closed()\n    File \"C:\\Program Files\\Python312\\Lib\\asyncio\\base_events.py\", line 541, in _check_closed\n      raise RuntimeError('Event loop is closed')\n  RuntimeError: Event loop is closed\n  \n  During handling of the above exception, another exception occurred:\n  \n  Traceback (most recent call last):\n    File \"C:\\Program Files\\Python312\\Lib\\threading.py\", line 1073, in _bootstrap_inner\n      self.run()\n    File \"C:\\Users\\antho\\AppData\\Roaming\\Python\\Python312\\site-packages\\aiosqlite\\core.py\", line 121, in run\n      get_loop(future).call_soon_threadsafe(set_exception, future, e)\n    File \"C:\\Program Files\\Python312\\Lib\\asyncio\\base_events.py\", line 840, in call_soon_threadsafe\n      self._check_closed()\n    File \"C:\\Program Files\\Python312\\Lib\\asyncio\\base_events.py\", line 541, in _check_closed\n      raise RuntimeError('Event loop is closed')\n  RuntimeError: Event loop is closed\n  \n  Enable tracemalloc to get traceback where the object was allocated.\n  See https://docs.pytest.org/en/stable/how-to/capture-warnings.html#resource-warnings for more info.\n    warnings.warn(pytest.PytestUnhandledThreadExceptionWarning(msg))\n\ntests/integration/test_oauth_comprehensive_failures.py::TestOAuthComprehensiveFailures::test_29_concurrent_login_attempts\n  C:\\Users\\antho\\AppData\\Roaming\\Python\\Python312\\site-packages\\_pytest\\threadexception.py:58: PytestUnhandledThreadExceptionWarning: Exception in thread Thread-312\n  \n  Traceback (most recent call last):\n    File \"C:\\Users\\antho\\AppData\\Roaming\\Python\\Python312\\site-packages\\aiosqlite\\core.py\", line 113, in run\n      get_loop(future).call_soon_threadsafe(set_result, future, result)\n    File \"C:\\Program Files\\Python312\\Lib\\asyncio\\base_events.py\", line 840, in call_soon_threadsafe\n      self._check_closed()\n    File \"C:\\Program Files\\Python312\\Lib\\asyncio\\base_events.py\", line 541, in _check_closed\n      raise RuntimeError('Event loop is closed')\n  RuntimeError: Event loop is closed\n  \n  During handling of the above exception, another exception occurred:\n  \n  Traceback (most recent call last):\n    File \"C:\\Program Files\\Python312\\Lib\\threading.py\", line 1073, in _bootstrap_inner\n      self.run()\n    File \"C:\\Users\\antho\\AppData\\Roaming\\Python\\Python312\\site-packages\\aiosqlite\\core.py\", line 121, in run\n      get_loop(future).call_soon_threadsafe(set_exception, future, e)\n    File \"C:\\Program Files\\Python312\\Lib\\asyncio\\base_events.py\", line 840, in call_soon_threadsafe\n      self._check_closed()\n    File \"C:\\Program Files\\Python312\\Lib\\asyncio\\base_events.py\", line 541, in _check_closed\n      raise RuntimeError('Event loop is closed')\n  RuntimeError: Event loop is closed\n  \n  Enable tracemalloc to get traceback where the object was allocated.\n  See https://docs.pytest.org/en/stable/how-to/capture-warnings.html#resource-warnings for more info.\n    warnings.warn(pytest.PytestUnhandledThreadExceptionWarning(msg))\n\ntests/integration/test_oauth_comprehensive_failures.py::TestOAuthComprehensiveFailures::test_29_concurrent_login_attempts\n  C:\\Users\\antho\\AppData\\Roaming\\Python\\Python312\\site-packages\\_pytest\\threadexception.py:58: PytestUnhandledThreadExceptionWarning: Exception in thread Thread-348\n  \n  Traceback (most recent call last):\n    File \"C:\\Users\\antho\\AppData\\Roaming\\Python\\Python312\\site-packages\\aiosqlite\\core.py\", line 113, in run\n      get_loop(future).call_soon_threadsafe(set_result, future, result)\n    File \"C:\\Program Files\\Python312\\Lib\\asyncio\\base_events.py\", line 840, in call_soon_threadsafe\n      self._check_closed()\n    File \"C:\\Program Files\\Python312\\Lib\\asyncio\\base_events.py\", line 541, in _check_closed\n      raise RuntimeError('Event loop is closed')\n  RuntimeError: Event loop is closed\n  \n  During handling of the above exception, another exception occurred:\n  \n  Traceback (most recent call last):\n    File \"C:\\Program Files\\Python312\\Lib\\threading.py\", line 1073, in _bootstrap_inner\n      self.run()\n    File \"C:\\Users\\antho\\AppData\\Roaming\\Python\\Python312\\site-packages\\aiosqlite\\core.py\", line 121, in run\n      get_loop(future).call_soon_threadsafe(set_exception, future, e)\n    File \"C:\\Program Files\\Python312\\Lib\\asyncio\\base_events.py\", line 840, in call_soon_threadsafe\n      self._check_closed()\n    File \"C:\\Program Files\\Python312\\Lib\\asyncio\\base_events.py\", line 541, in _check_closed\n      raise RuntimeError('Event loop is closed')\n  RuntimeError: Event loop is closed\n  \n  Enable tracemalloc to get traceback where the object was allocated.\n  See https://docs.pytest.org/en/stable/how-to/capture-warnings.html#resource-warnings for more info.\n    warnings.warn(pytest.PytestUnhandledThreadExceptionWarning(msg))\n\ntests/integration/test_oauth_flows_sync.py::test_oauth_token_exchange_mocked\n  C:\\Users\\antho\\AppData\\Roaming\\Python\\Python312\\site-packages\\_pytest\\threadexception.py:58: PytestUnhandledThreadExceptionWarning: Exception in thread Thread-369\n  \n  Traceback (most recent call last):\n    File \"C:\\Users\\antho\\AppData\\Roaming\\Python\\Python312\\site-packages\\aiosqlite\\core.py\", line 113, in run\n      get_loop(future).call_soon_threadsafe(set_result, future, result)\n    File \"C:\\Program Files\\Python312\\Lib\\asyncio\\base_events.py\", line 840, in call_soon_threadsafe\n      self._check_closed()\n    File \"C:\\Program Files\\Python312\\Lib\\asyncio\\base_events.py\", line 541, in _check_closed\n      raise RuntimeError('Event loop is closed')\n  RuntimeError: Event loop is closed\n  \n  During handling of the above exception, another exception occurred:\n  \n  Traceback (most recent call last):\n    File \"C:\\Program Files\\Python312\\Lib\\threading.py\", line 1073, in _bootstrap_inner\n      self.run()\n    File \"C:\\Users\\antho\\AppData\\Roaming\\Python\\Python312\\site-packages\\aiosqlite\\core.py\", line 121, in run\n      get_loop(future).call_soon_threadsafe(set_exception, future, e)\n    File \"C:\\Program Files\\Python312\\Lib\\asyncio\\base_events.py\", line 840, in call_soon_threadsafe\n      self._check_closed()\n    File \"C:\\Program Files\\Python312\\Lib\\asyncio\\base_events.py\", line 541, in _check_closed\n      raise RuntimeError('Event loop is closed')\n  RuntimeError: Event loop is closed\n  \n  Enable tracemalloc to get traceback where the object was allocated.\n  See https://docs.pytest.org/en/stable/how-to/capture-warnings.html#resource-warnings for more info.\n    warnings.warn(pytest.PytestUnhandledThreadExceptionWarning(msg))\n\ntests/test_session_management.py::TestSessionCreation::test_create_session_success\ntests/test_session_management.py::TestSessionSecurityAndHijackingPrevention::test_session_ip_tracking\ntests/test_session_management.py::TestSessionSecurityAndHijackingPrevention::test_session_uuid_generation\n  C:\\Users\\antho\\OneDrive\\Desktop\\Netra\\netra-core-generation-1\\auth_service\\auth_core\\core\\session_manager.py:299: RuntimeWarning: coroutine 'SessionManager._backup_session_to_db' was never awaited\n    return True\n  Enable tracemalloc to get traceback where the object was allocated.\n  See https://docs.pytest.org/en/stable/how-to/capture-warnings.html#resource-warnings for more info.\n\n-- Docs: https://docs.pytest.org/en/stable/how-to/capture-warnings.html\n================ 201 passed, 3 skipped, 73 warnings in 51.15s =================\n",
      "errors": ""
    },
    "frontend": {
      "success": false,
      "duration": 9.098004579544067,
      "output": "  console.warn\n    [2025-08-23T11:04:11.351Z] WARN: Received 401, attempting [REDACTED] undefined\n\n    \u001b[0m \u001b[90m 217 |\u001b[39m       \u001b[36mreturn\u001b[39m\u001b[33m;\u001b[39m\n     \u001b[90m 218 |\u001b[39m     }\n    \u001b[31m\u001b[1m>\u001b[22m\u001b[39m\u001b[90m 219 |\u001b[39m     originalWarn\u001b[33m.\u001b[39mcall(console\u001b[33m,\u001b[39m \u001b[33m...\u001b[39margs)\u001b[33m;\u001b[39m\n     \u001b[90m     |\u001b[39m                  \u001b[31m\u001b[1m^\u001b[22m\u001b[39m\n     \u001b[90m 220 |\u001b[39m   }\u001b[33m;\u001b[39m\n     \u001b[90m 221 |\u001b[39m })\u001b[33m;\u001b[39m\n     \u001b[90m 222 |\u001b[39m\u001b[0m\n\n      at console.call (jest.setup.js:219:18)\n      at FrontendLogger.warn [as log] (lib/logger.ts:145:19)\n      at FrontendLogger.log [as warn] (lib/logger.ts:211:10)\n      at AuthInterceptor.warn [as authenticatedFetch] (lib/auth-interceptor.ts:186:16)\n      at performFetch (services/apiClientWrapper.ts:145:24)\n      at ApiClientWrapper.retryRequest (services/apiClientWrapper.ts:83:16)\n      at ApiClientWrapper.request (services/apiClientWrapper.ts:188:16)\n\n  console.info\n    [2025-08-23T11:04:11.418Z] INFO: [REDACTED] successfully undefined\n\n      at FrontendLogger.info [as log] (lib/logger.ts:142:19)\n\n  console.info\n    [2025-08-23T11:04:11.419Z] INFO: Retrying request with refreshed token undefined\n\n      at FrontendLogger.info [as log] (lib/logger.ts:142:19)\n\n  console.warn\n    [2025-08-23T11:04:12.434Z] WARN: Received 401, attempting [REDACTED] undefined\n\n    \u001b[0m \u001b[90m 217 |\u001b[39m       \u001b[36mreturn\u001b[39m\u001b[33m;\u001b[39m\n     \u001b[90m 218 |\u001b[39m     }\n    \u001b[31m\u001b[1m>\u001b[22m\u001b[39m\u001b[90m 219 |\u001b[39m     originalWarn\u001b[33m.\u001b[39mcall(console\u001b[33m,\u001b[39m \u001b[33m...\u001b[39margs)\u001b[33m;\u001b[39m\n     \u001b[90m     |\u001b[39m                  \u001b[31m\u001b[1m^\u001b[22m\u001b[39m\n     \u001b[90m 220 |\u001b[39m   }\u001b[33m;\u001b[39m\n     \u001b[90m 221 |\u001b[39m })\u001b[33m;\u001b[39m\n     \u001b[90m 222 |\u001b[39m\u001b[0m\n\n      at console.call (jest.setup.js:219:18)\n      at FrontendLogger.warn [as log] (lib/logger.ts:145:19)\n      at FrontendLogger.log [as warn] (lib/logger.ts:211:10)\n      at AuthInterceptor.warn [as authenticatedFetch] (lib/auth-interceptor.ts:186:16)\n      at performFetch (services/apiClientWrapper.ts:145:24)\n      at ApiClientWrapper.retryRequest (services/apiClientWrapper.ts:83:16)\n      at ApiClientWrapper.request (services/apiClientWrapper.ts:188:16)\n      at Object.<anonymous> (__tests__/services/apiClient.test.ts:92:9)\n\n  console.info\n    [2025-08-23T11:04:12.466Z] INFO: [REDACTED] successfully undefined\n\n      at FrontendLogger.info [as log] (lib/logger.ts:142:19)\n\n  console.info\n    [2025-08-23T11:04:12.477Z] INFO: Retrying request with refreshed token undefined\n\n      at FrontendLogger.info [as log] (lib/logger.ts:142:19)\n\n  console.log\n    \ud83d\udce6 ChatSidebarHooks module mock created\n\n      at log (__tests__/components/ChatSidebar/setup.tsx:43:11)\n\n  console.log\n    \ud83d\udd27 Configuring authentication mocks with: { isAuthenticated: true, userTier: 'Early' }\n\n      at ChatSidebarTestSetup.log [as beforeEach] (__tests__/components/ChatSidebar/setup.tsx:300:13)\n\n  console.log\n    \ud83d\udd27 configureAuthState called with overrides: { isAuthenticated: true, userTier: 'Early' }\n\n      at ChatSidebarTestSetup.log [as configureAuthState] (__tests__/components/ChatSidebar/setup.tsx:476:13)\n\n  console.log\n    \ud83c\udfaf Final authStateConfig: {\n      isAuthenticated: true,\n      isLoading: false,\n      user: { id: 'test-user-1', email: 'test@example.com', role: 'user' },\n      userTier: 'Early',\n      error: null,\n      refreshAuth: [Function: mockConstructor] {\n        _isMockFunction: true,\n        getMockImplementation: [Function (anonymous)],\n        mock: [Getter/Setter],\n        mockClear: [Function (anonymous)],\n        mockReset: [Function (anonymous)],\n        mockRestore: [Function (anonymous)],\n        mockReturnValueOnce: [Function (anonymous)],\n        mockResolvedValueOnce: [Function (anonymous)],\n        mockRejectedValueOnce: [Function (anonymous)],\n        mockReturnValue: [Function (anonymous)],\n        mockResolvedValue: [Function (anonymous)],\n        mockRejectedValue: [Function (anonymous)],\n        mockImplementationOnce: [Function (anonymous)],\n        withImplementation: [Function: bound withImplementation],\n        mockImplementation: [Function (anonymous)],\n        mockReturnThis: [Function (anonymous)],\n        mockName: [Function (anonymous)],\n        getMockName: [Function (anonymous)],\n        Symbol(Symbol.dispose): [Function (anonymous)]\n      },\n      logout: [Function: mockConstructor] {\n        _isMockFunction: true,\n        getMockImplementation: [Function (anonymous)],\n        mock: [Getter/Setter],\n        mockClear: [Function (anonymous)],\n        mockReset: [Function (anonymous)],\n        mockRestore: [Function (anonymous)],\n        mockReturnValueOnce: [Function (anonymous)],\n        mockResolvedValueOnce: [Function (anonymous)],\n        mockRejectedValueOnce: [Function (anonymous)],\n        mockReturnValue: [Function (anonymous)],\n        mockResolvedValue: [Function (anonymous)],\n        mockRejectedValue: [Function (anonymous)],\n        mockImplementationOnce: [Function (anonymous)],\n        withImplementation: [Function: bound withImplementation],\n        mockImplementation: [Function (anonymous)],\n        mockReturnThis: [Function (anonymous)],\n        mockName: [Function (anonymous)],\n        getMockName: [Function (anonymous)],\n        Symbol(Symbol.dispose): [Function (anonymous)]\n      },\n      clearError: [Function: mockConstructor] {\n        _isMockFunction: true,\n        getMockImplementation: [Function (anonymous)],\n        mock: [Getter/Setter],\n        mockClear: [Function (anonymous)],\n        mockReset: [Function (anonymous)],\n        mockRestore: [Function (anonymous)],\n        mockReturnValueOnce: [Function (anonymous)],\n        mockResolvedValueOnce: [Function (anonymous)],\n        mockRejectedValueOnce: [Function (anonymous)],\n        mockReturnValue: [Function (anonymous)],\n        mockResolvedValue: [Function (anonymous)],\n        mockRejectedValue: [Function (anonymous)],\n        mockImplementationOnce: [Function (anonymous)],\n        withImplementation: [Function: bound withImplementation],\n        mockImplementation: [Function (anonymous)],\n        mockReturnThis: [Function (anonymous)],\n        mockName: [Function (anonymous)],\n        getMockName: [Function (anonymous)],\n        Symbol(Symbol.dispose): [Function (anonymous)]\n      },\n      hasPermission: [Function: mockConstructor] {\n        _isMockFunction: true,\n        getMockImplementation: [Function (anonymous)],\n        mock: [Getter/Setter],\n        mockClear: [Function (anonymous)],\n        mockReset: [Function (anonymous)],\n        mockRestore: [Function (anonymous)],\n        mockReturnValueOnce: [Function (anonymous)],\n        mockResolvedValueOnce: [Function (anonymous)],\n        mockRejectedValueOnce: [Function (anonymous)],\n        mockReturnValue: [Function (anonymous)],\n        mockResolvedValue: [Function (anonymous)],\n        mockRejectedValue: [Function (anonymous)],\n        mockImplementationOnce: [Function (anonymous)],\n        withImplementation: [Function: bound withImplementation],\n        mockImplementation: [Function (anonymous)],\n        mockReturnThis: [Function (anonymous)],\n        mockName: [Function (anonymous)],\n        getMockName: [Function (anonymous)],\n        Symbol(Symbol.dispose): [Function (anonymous)]\n      },\n      isAdminOrHigher: [Function: mockConstructor] {\n        _isMockFunction: true,\n        getMockImplementation: [Function (anonymous)],\n        mock: [Getter/Setter],\n        mockClear: [Function (anonymous)],\n        mockReset: [Function (anonymous)],\n        mockRestore: [Function (anonymous)],\n        mockReturnValueOnce: [Function (anonymous)],\n        mockResolvedValueOnce: [Function (anonymous)],\n        mockRejectedValueOnce: [Function (anonymous)],\n        mockReturnValue: [Function (anonymous)],\n        mockResolvedValue: [Function (anonymous)],\n        mockRejectedValue: [Function (anonymous)],\n        mockImplementationOnce: [Function (anonymous)],\n        withImplementation: [Function: bound withImplementation],\n        mockImplementation: [Function (anonymous)],\n        mockReturnThis: [Function (anonymous)],\n        mockName: [Function (anonymous)],\n        getMockName: [Function (anonymous)],\n        Symbol(Symbol.dispose): [Function (anonymous)]\n      },\n      isDeveloperOrHigher: [Function: mockConstructor] {\n        _isMockFunction: true,\n        getMockImplementation: [Function (anonymous)],\n        mock: [Getter/Setter],\n        mockClear: [Function (anonymous)],\n        mockReset: [Function (anonymous)],\n        mockRestore: [Function (anonymous)],\n        mockReturnValueOnce: [Function (anonymous)],\n        mockResolvedValueOnce: [Function (anonymous)],\n        mockRejectedValueOnce: [Function (anonymous)],\n        mockReturnValue: [Function (anonymous)],\n        mockResolvedValue: [Function (anonymous)],\n        mockRejectedValue: [Function (anonymous)],\n        mockImplementationOnce: [Function (anonymous)],\n        withImplementation: [Function: bound withImplementation],\n        mockImplementation: [Function (anonymous)],\n        mockReturnThis: [Function (anonymous)],\n        mockName: [Function (anonymous)],\n        getMockName: [Function (anonymous)],\n        Symbol(Symbol.dispose): [Function (anonymous)]\n      }\n    }\n\n      at ChatSidebarTestSetup.log [as configureAuthState] (__tests__/components/ChatSidebar/setup.tsx:477:13)\n\n  console.log\n    \ud83d\udd27 configureChatSidebarHooks called with: {\n      threadsProvided: true,\n      threadsCount: 3,\n      threadIds: [ 'thread-1', 'thread-2', 'thread-3' ]\n    }\n\n      at ChatSidebarTestSetup.log [as configureChatSidebarHooks] (__tests__/components/ChatSidebar/setup.tsx:378:13)\n\n  console.log\n    \ud83c\udfaf Mock configurations: {\n      threadLoaderConfig: {\n        threads: [ [Object], [Object], [Object] ],\n        isLoadingThreads: false,\n        loadError: null,\n        loadThreads: [Function: mockConstructor] {\n          _isMockFunction: true,\n          getMockImplementation: [Function (anonymous)],\n          mock: [Getter/Setter],\n          mockClear: [Function (anonymous)],\n          mockReset: [Function (anonymous)],\n          mockRestore: [Function (anonymous)],\n          mockReturnValueOnce: [Function (anonymous)],\n          mockResolvedValueOnce: [Function (anonymous)],\n          mockRejectedValueOnce: [Function (anonymous)],\n          mockReturnValue: [Function (anonymous)],\n          mockResolvedValue: [Function (anonymous)],\n          mockRejectedValue: [Function (anonymous)],\n          mockImplementationOnce: [Function (anonymous)],\n          withImplementation: [Function: bound withImplementation],\n          mockImplementation: [Function (anonymous)],\n          mockReturnThis: [Function (anonymous)],\n          mockName: [Function (anonymous)],\n          getMockName: [Function (anonymous)],\n          Symbol(Symbol.dispose): [Function (anonymous)]\n        }\n      },\n      threadFilteringConfig: {\n        sortedThreads: [ [Object], [Object], [Object] ],\n        paginatedThreads: [ [Object], [Object], [Object] ],\n        totalPages: 1\n      }\n    }\n\n      at ChatSidebarTestSetup.log [as configureChatSidebarHooks] (__tests__/components/ChatSidebar/setup.tsx:416:13)\n\n  console.log\n    \ud83c\udfaf Applied mock configurations using mockImplementation with debugging\n\n      at ChatSidebarTestSetup.log [as configureChatSidebarHooks] (__tests__/components/ChatSidebar/setup.tsx:453:13)\n\n  console.log\n    \ud83d\udd25 HOOK CALLED: useChatSidebarState (CONFIGURED) {\n      searchQuery: '',\n      setSearchQuery: [Function: mockConstructor] {\n        _isMockFunction: true,\n        getMockImplementation: [Function (anonymous)],\n        mock: [Getter/Setter],\n        mockClear: [Function (anonymous)],\n        mockReset: [Function (anonymous)],\n        mockRestore: [Function (anonymous)],\n        mockReturnValueOnce: [Function (anonymous)],\n        mockResolvedValueOnce: [Function (anonymous)],\n        mockRejectedValueOnce: [Function (anonymous)],\n        mockReturnValue: [Function (anonymous)],\n        mockResolvedValue: [Function (anonymous)],\n        mockRejectedValue: [Function (anonymous)],\n        mockImplementationOnce: [Function (anonymous)],\n        withImplementation: [Function: bound withImplementation],\n        mockImplementation: [Function (anonymous)],\n        mockReturnThis: [Function (anonymous)],\n        mockName: [Function (anonymous)],\n        getMockName: [Function (anonymous)],\n        Symbol(Symbol.dispose): [Function (anonymous)]\n      },\n      isCreatingThread: false,\n      setIsCreatingThread: [Function: mockConstructor] {\n        _isMockFunction: true,\n        getMockImplementation: [Function (anonymous)],\n        mock: [Getter/Setter],\n        mockClear: [Function (anonymous)],\n        mockReset: [Function (anonymous)],\n        mockRestore: [Function (anonymous)],\n        mockReturnValueOnce: [Function (anonymous)],\n        mockResolvedValueOnce: [Function (anonymous)],\n        mockRejectedValueOnce: [Function (anonymous)],\n        mockReturnValue: [Function (anonymous)],\n        mockResolvedValue: [Function (anonymous)],\n        mockRejectedValue: [Function (anonymous)],\n        mockImplementationOnce: [Function (anonymous)],\n        withImplementation: [Function: bound withImplementation],\n        mockImplementation: [Function (anonymous)],\n        mockReturnThis: [Function (anonymous)],\n        mockName: [Function (anonymous)],\n        getMockName: [Function (anonymous)],\n        Symbol(Symbol.dispose): [Function (anonymous)]\n      },\n      showAllThreads: false,\n      setShowAllThreads: [Function: mockConstructor] {\n        _isMockFunction: true,\n        getMockImplementation: [Function (anonymous)],\n        mock: [Getter/Setter],\n        mockClear: [Function (anonymous)],\n        mockReset: [Function (anonymous)],\n        mockRestore: [Function (anonymous)],\n        mockReturnValueOnce: [Function (anonymous)],\n        mockResolvedValueOnce: [Function (anonymous)],\n        mockRejectedValueOnce: [Function (anonymous)],\n        mockReturnValue: [Function (anonymous)],\n        mockResolvedValue: [Function (anonymous)],\n        mockRejectedValue: [Function (anonymous)],\n        mockImplementationOnce: [Function (anonymous)],\n        withImplementation: [Function: bound withImplementation],\n        mockImplementation: [Function (anonymous)],\n        mockReturnThis: [Function (anonymous)],\n        mockName: [Function (anonymous)],\n        getMockName: [Function (anonymous)],\n        Symbol(Symbol.dispose): [Function (anonymous)]\n      },\n      filterType: 'all',\n      setFilterType: [Function: mockConstructor] {\n        _isMockFunction: true,\n        getMockImplementation: [Function (anonymous)],\n        mock: [Getter/Setter],\n        mockClear: [Function (anonymous)],\n        mockReset: [Function (anonymous)],\n        mockRestore: [Function (anonymous)],\n        mockReturnValueOnce: [Function (anonymous)],\n        mockResolvedValueOnce: [Function (anonymous)],\n        mockRejectedValueOnce: [Function (anonymous)],\n        mockReturnValue: [Function (anonymous)],\n        mockResolvedValue: [Function (anonymous)],\n        mockRejectedValue: [Function (anonymous)],\n        mockImplementationOnce: [Function (anonymous)],\n        withImplementation: [Function: bound withImplementation],\n        mockImplementation: [Function (anonymous)],\n        mockReturnThis: [Function (anonymous)],\n        mockName: [Function (anonymous)],\n        getMockName: [Function (anonymous)],\n        Symbol(Symbol.dispose): [Function (anonymous)]\n      },\n      currentPage: 1,\n      setCurrentPage: [Function: mockConstructor] {\n        _isMockFunction: true,\n        getMockImplementation: [Function (anonymous)],\n        mock: [Getter/Setter],\n        mockClear: [Function (anonymous)],\n        mockReset: [Function (anonymous)],\n        mockRestore: [Function (anonymous)],\n        mockReturnValueOnce: [Function (anonymous)],\n        mockResolvedValueOnce: [Function (anonymous)],\n        mockRejectedValueOnce: [Function (anonymous)],\n        mockReturnValue: [Function (anonymous)],\n        mockResolvedValue: [Function (anonymous)],\n        mockRejectedValue: [Function (anonymous)],\n        mockImplementationOnce: [Function (anonymous)],\n        withImplementation: [Function: bound withImplementation],\n        mockImplementation: [Function (anonymous)],\n        mockReturnThis: [Function (anonymous)],\n        mockName: [Function (anonymous)],\n        getMockName: [Function (anonymous)],\n        Symbol(Symbol.dispose): [Function (anonymous)]\n      }\n    }\n\n      at Object.log (__tests__/components/ChatSidebar/setup.tsx:424:15)\n\n  console.warn\n    [2025-08-23T11:04:14.495Z] WARN: Received 401, attempting [REDACTED] undefined\n\n    \u001b[0m \u001b[90m 217 |\u001b[39m       \u001b[36mreturn\u001b[39m\u001b[33m;\u001b[39m\n     \u001b[90m 218 |\u001b[39m     }\n    \u001b[31m\u001b[1m>\u001b[22m\u001b[39m\u001b[90m 219 |\u001b[39m     originalWarn\u001b[33m.\u001b[39mcall(console\u001b[33m,\u001b[39m \u001b[33m...\u001b[39margs)\u001b[33m;\u001b[39m\n     \u001b[90m     |\u001b[39m                  \u001b[31m\u001b[1m^\u001b[22m\u001b[39m\n     \u001b[90m 220 |\u001b[39m   }\u001b[33m;\u001b[39m\n     \u001b[90m 221 |\u001b[39m })\u001b[33m;\u001b[39m\n     \u001b[90m 222 |\u001b[39m\u001b[0m\n\n      at console.call (jest.setup.js:219:18)\n      at FrontendLogger.warn [as log] (lib/logger.ts:145:19)\n      at FrontendLogger.log [as warn] (lib/logger.ts:211:10)\n      at AuthInterceptor.warn [as authenticatedFetch] (lib/auth-interceptor.ts:186:16)\n      at performFetch (services/apiClientWrapper.ts:145:24)\n      at ApiClientWrapper.retryRequest (services/apiClientWrapper.ts:83:16)\n      at ApiClientWrapper.request (services/apiClientWrapper.ts:188:16)\n      at Object.<anonymous> (__tests__/services/apiClient.test.ts:92:9)\n\n  console.info\n    [2025-08-23T11:04:14.516Z] INFO: [REDACTED] successfully undefined\n\n      at FrontendLogger.info [as log] (lib/logger.ts:142:19)\n\n  console.info\n    [2025-08-23T11:04:14.523Z] INFO: Retrying request with refreshed token undefined\n\n      at FrontendLogger.info [as log] (lib/logger.ts:142:19)\n\n  console.error\n    [2025-08-23T11:04:14.601Z] ERROR: Request failed [AuthInterceptor] Error: Connection failed\n        at setupReconnectionMocks (C:\\Users\\antho\\OneDrive\\Desktop\\Netra\\netra-core-generation-1\\frontend\\__tests__\\services\\apiClient.test.ts:182:32)\n        at Object.setupReconnectionMocks (C:\\Users\\antho\\OneDrive\\Desktop\\Netra\\netra-core-generation-1\\frontend\\__tests__\\services\\apiClient.test.ts:175:7)\n        at Promise.finally.completed (C:\\Users\\antho\\OneDrive\\Desktop\\Netra\\netra-core-generation-1\\frontend\\node_modules\\jest-circus\\build\\jestAdapterInit.js:1559:28)\n        at new Promise (<anonymous>)\n        at callAsyncCircusFn (C:\\Users\\antho\\OneDrive\\Desktop\\Netra\\netra-core-generation-1\\frontend\\node_modules\\jest-circus\\build\\jestAdapterInit.js:1499:10)\n        at _callCircusTest (C:\\Users\\antho\\OneDrive\\Desktop\\Netra\\netra-core-generation-1\\frontend\\node_modules\\jest-circus\\build\\jestAdapterInit.js:1009:40)\n        at _runTest (C:\\Users\\antho\\OneDrive\\Desktop\\Netra\\netra-core-generation-1\\frontend\\node_modules\\jest-circus\\build\\jestAdapterInit.js:949:3)\n        at _runTestsForDescribeBlock (C:\\Users\\antho\\OneDrive\\Desktop\\Netra\\netra-core-generation-1\\frontend\\node_modules\\jest-circus\\build\\jestAdapterInit.js:839:13)\n        at _runTestsForDescribeBlock (C:\\Users\\antho\\OneDrive\\Desktop\\Netra\\netra-core-generation-1\\frontend\\node_modules\\jest-circus\\build\\jestAdapterInit.js:829:11)\n        at _runTestsForDescribeBlock (C:\\Users\\antho\\OneDrive\\Desktop\\Netra\\netra-core-generation-1\\frontend\\node_modules\\jest-circus\\build\\jestAdapterInit.js:829:11)\n        at run (C:\\Users\\antho\\OneDrive\\Desktop\\Netra\\netra-core-generation-1\\frontend\\node_modules\\jest-circus\\build\\jestAdapterInit.js:757:3)\n        at runAndTransformResultsToJestFormat (C:\\Users\\antho\\OneDrive\\Desktop\\Netra\\netra-core-generation-1\\frontend\\node_modules\\jest-circus\\build\\jestAdapterInit.js:1920:21)\n        at jestAdapter (C:\\Users\\antho\\OneDrive\\Desktop\\Netra\\netra-core-generation-1\\frontend\\node_modules\\jest-circus\\build\\runner.js:101:19)\n        at runTestInternal (C:\\Users\\antho\\OneDrive\\Desktop\\Netra\\netra-core-generation-1\\frontend\\node_modules\\jest-runner\\build\\testWorker.js:275:16)\n        at runTest (C:\\Users\\antho\\OneDrive\\Desktop\\Netra\\netra-core-generation-1\\frontend\\node_modules\\jest-runner\\build\\testWorker.js:343:7)\n        at Object.worker (C:\\Users\\antho\\OneDrive\\Desktop\\Netra\\netra-core-generation-1\\frontend\\node_modules\\jest-runner\\build\\testWorker.js:497:12)\n\n    \u001b[0m \u001b[90m 207 |\u001b[39m       \u001b[36mreturn\u001b[39m\u001b[33m;\u001b[39m\n     \u001b[90m 208 |\u001b[39m     }\n    \u001b[31m\u001b[1m>\u001b[22m\u001b[39m\u001b[90m 209 |\u001b[39m     originalError\u001b[33m.\u001b[39mcall(console\u001b[33m,\u001b[39m \u001b[33m...\u001b[39margs)\u001b[33m;\u001b[39m\n     \u001b[90m     |\u001b[39m                   \u001b[31m\u001b[1m^\u001b[22m\u001b[39m\n     \u001b[90m 210 |\u001b[39m   }\u001b[33m;\u001b[39m\n     \u001b[90m 211 |\u001b[39m   \n     \u001b[90m 212 |\u001b[39m   console\u001b[33m.\u001b[39mwarn \u001b[33m=\u001b[39m (\u001b[33m...\u001b[39margs) \u001b[33m=>\u001b[39m {\u001b[0m\n\n      at console.call [as error] (jest.setup.js:209:19)\n      at FrontendLogger.error [as log] (lib/logger.ts:148:19)\n      at FrontendLogger.log [as error] (lib/logger.ts:215:10)\n      at AuthInterceptor.error [as authenticatedFetch] (lib/auth-interceptor.ts:192:14)\n      at performFetch (services/apiClientWrapper.ts:145:24)\n      at ApiClientWrapper.retryRequest (services/apiClientWrapper.ts:83:16)\n      at ApiClientWrapper.request (services/apiClientWrapper.ts:188:16)\n\n  console.log\n    \ud83d\udd25 HOOK CALLED: useThreadLoader (CONFIGURED) {\n      args: [ false, 'all', 'thread-1', [AsyncFunction (anonymous)] ],\n      returning: {\n        threads: [ [Object], [Object], [Object] ],\n        isLoadingThreads: false,\n        loadError: null,\n        loadThreads: [Function: mockConstructor] {\n          _isMockFunction: true,\n          getMockImplementation: [Function (anonymous)],\n          mock: [Getter/Setter],\n          mockClear: [Function (anonymous)],\n          mockReset: [Function (anonymous)],\n          mockRestore: [Function (anonymous)],\n          mockReturnValueOnce: [Function (anonymous)],\n          mockResolvedValueOnce: [Function (anonymous)],\n          mockRejectedValueOnce: [Function (anonymous)],\n          mockReturnValue: [Function (anonymous)],\n          mockResolvedValue: [Function (anonymous)],\n          mockRejectedValue: [Function (anonymous)],\n          mockImplementationOnce: [Function (anonymous)],\n          withImplementation: [Function: bound withImplementation],\n          mockImplementation: [Function (anonymous)],\n          mockReturnThis: [Function (anonymous)],\n          mockName: [Function (anonymous)],\n          getMockName: [Function (anonymous)],\n          Symbol(Symbol.dispose): [Function (anonymous)]\n        }\n      }\n    }\n\n      at Object.log (__tests__/components/ChatSidebar/setup.tsx:429:15)\n\n  console.log\n    \ud83d\udd25 HOOK CALLED: useThreadFiltering (CONFIGURED) {\n      threadsType: 'object',\n      isArray: true,\n      threadsLength: 3,\n      returning: {\n        sortedThreads: [ [Object], [Object], [Object] ],\n        paginatedThreads: [ [Object], [Object], [Object] ],\n        totalPages: 1\n      }\n    }\n\n      at Object.log (__tests__/components/ChatSidebar/setup.tsx:434:15)\n\n  console.log\n    \ud83e\uddea TestChatSidebar rendering with threads: {\n      threadsLength: 3,\n      paginatedThreadsLength: 3,\n      isLoadingThreads: false,\n      loadError: null\n    }\n\n      at log (__tests__/components/ChatSidebar/setup.tsx:791:11)\n\n  console.log\n    \ud83c\udfaf Rendering thread thread-1, activeThreadId: thread-1, isActive: true\n\n      at log (__tests__/components/ChatSidebar/setup.tsx:649:23)\n          at Array.map (<anonymous>)\n\n  console.log\n    \ud83c\udfaf Rendering thread thread-2, activeThreadId: thread-1, isActive: false\n\n      at log (__tests__/components/ChatSidebar/setup.tsx:649:23)\n          at Array.map (<anonymous>)\n\n  console.log\n    \ud83c\udfaf Rendering thread thread-3, activeThreadId: thread-1, isActive: false\n\n      at log (__tests__/components/ChatSidebar/setup.tsx:649:23)\n          at Array.map (<anonymous>)\n\n  console.error\n    [2025-08-23T11:04:15.671Z] ERROR: Request failed [AuthInterceptor] Error: Network error\n        at setupRetryMocks (C:\\Users\\antho\\OneDrive\\Desktop\\Netra\\netra-core-generation-1\\frontend\\__tests__\\services\\apiClient.test.ts:217:32)\n        at Object.setupRetryMocks (C:\\Users\\antho\\OneDrive\\Desktop\\Netra\\netra-core-generation-1\\frontend\\__tests__\\services\\apiClient.test.ts:199:7)\n        at Promise.finally.completed (C:\\Users\\antho\\OneDrive\\Desktop\\Netra\\netra-core-generation-1\\frontend\\node_modules\\jest-circus\\build\\jestAdapterInit.js:1559:28)\n        at new Promise (<anonymous>)\n        at callAsyncCircusFn (C:\\Users\\antho\\OneDrive\\Desktop\\Netra\\netra-core-generation-1\\frontend\\node_modules\\jest-circus\\build\\jestAdapterInit.js:1499:10)\n        at _callCircusTest (C:\\Users\\antho\\OneDrive\\Desktop\\Netra\\netra-core-generation-1\\frontend\\node_modules\\jest-circus\\build\\jestAdapterInit.js:1009:40)\n        at _runTest (C:\\Users\\antho\\OneDrive\\Desktop\\Netra\\netra-core-generation-1\\frontend\\node_modules\\jest-circus\\build\\jestAdapterInit.js:949:3)\n        at _runTestsForDescribeBlock (C:\\Users\\antho\\OneDrive\\Desktop\\Netra\\netra-core-generation-1\\frontend\\node_modules\\jest-circus\\build\\jestAdapterInit.js:839:13)\n        at _runTestsForDescribeBlock (C:\\Users\\antho\\OneDrive\\Desktop\\Netra\\netra-core-generation-1\\frontend\\node_modules\\jest-circus\\build\\jestAdapterInit.js:829:11)\n        at _runTestsForDescribeBlock (C:\\Users\\antho\\OneDrive\\Desktop\\Netra\\netra-core-generation-1\\frontend\\node_modules\\jest-circus\\build\\jestAdapterInit.js:829:11)\n        at run (C:\\Users\\antho\\OneDrive\\Desktop\\Netra\\netra-core-generation-1\\frontend\\node_modules\\jest-circus\\build\\jestAdapterInit.js:757:3)\n        at runAndTransformResultsToJestFormat (C:\\Users\\antho\\OneDrive\\Desktop\\Netra\\netra-core-generation-1\\frontend\\node_modules\\jest-circus\\build\\jestAdapterInit.js:1920:21)\n        at jestAdapter (C:\\Users\\antho\\OneDrive\\Desktop\\Netra\\netra-core-generation-1\\frontend\\node_modules\\jest-circus\\build\\runner.js:101:19)\n        at runTestInternal (C:\\Users\\antho\\OneDrive\\Desktop\\Netra\\netra-core-generation-1\\frontend\\node_modules\\jest-runner\\build\\testWorker.js:275:16)\n        at runTest (C:\\Users\\antho\\OneDrive\\Desktop\\Netra\\netra-core-generation-1\\frontend\\node_modules\\jest-runner\\build\\testWorker.js:343:7)\n        at Object.worker (C:\\Users\\antho\\OneDrive\\Desktop\\Netra\\netra-core-generation-1\\frontend\\node_modules\\jest-runner\\build\\testWorker.js:497:12)\n\n    \u001b[0m \u001b[90m 207 |\u001b[39m       \u001b[36mreturn\u001b[39m\u001b[33m;\u001b[39m\n     \u001b[90m 208 |\u001b[39m     }\n    \u001b[31m\u001b[1m>\u001b[22m\u001b[39m\u001b[90m 209 |\u001b[39m     originalError\u001b[33m.\u001b[39mcall(console\u001b[33m,\u001b[39m \u001b[33m...\u001b[39margs)\u001b[33m;\u001b[39m\n     \u001b[90m     |\u001b[39m                   \u001b[31m\u001b[1m^\u001b[22m\u001b[39m\n     \u001b[90m 210 |\u001b[39m   }\u001b[33m;\u001b[39m\n     \u001b[90m 211 |\u001b[39m   \n     \u001b[90m 212 |\u001b[39m   console\u001b[33m.\u001b[39mwarn \u001b[33m=\u001b[39m (\u001b[33m...\u001b[39margs) \u001b[33m=>\u001b[39m {\u001b[0m\n\n      at console.call [as error] (jest.setup.js:209:19)\n      at FrontendLogger.error [as log] (lib/logger.ts:148:19)\n      at FrontendLogger.log [as error] (lib/logger.ts:215:10)\n      at AuthInterceptor.error [as authenticatedFetch] (lib/auth-interceptor.ts:192:14)\n      at performFetch (services/apiClientWrapper.ts:145:24)\n      at ApiClientWrapper.retryRequest (services/apiClientWrapper.ts:83:16)\n      at ApiClientWrapper.request (services/apiClientWrapper.ts:188:16)\n\n  console.error\n    [2025-08-23T11:04:15.703Z] ERROR: Request failed [AuthInterceptor] Error: Error 1\n        at setupCustomRetryMocks (C:\\Users\\antho\\OneDrive\\Desktop\\Netra\\netra-core-generation-1\\frontend\\__tests__\\services\\apiClient.test.ts:248:32)\n        at Object.setupCustomRetryMocks (C:\\Users\\antho\\OneDrive\\Desktop\\Netra\\netra-core-generation-1\\frontend\\__tests__\\services\\apiClient.test.ts:235:7)\n        at Promise.finally.completed (C:\\Users\\antho\\OneDrive\\Desktop\\Netra\\netra-core-generation-1\\frontend\\node_modules\\jest-circus\\build\\jestAdapterInit.js:1559:28)\n        at new Promise (<anonymous>)\n        at callAsyncCircusFn (C:\\Users\\antho\\OneDrive\\Desktop\\Netra\\netra-core-generation-1\\frontend\\node_modules\\jest-circus\\build\\jestAdapterInit.js:1499:10)\n        at _callCircusTest (C:\\Users\\antho\\OneDrive\\Desktop\\Netra\\netra-core-generation-1\\frontend\\node_modules\\jest-circus\\build\\jestAdapterInit.js:1009:40)\n        at _runTest (C:\\Users\\antho\\OneDrive\\Desktop\\Netra\\netra-core-generation-1\\frontend\\node_modules\\jest-circus\\build\\jestAdapterInit.js:949:3)\n        at _runTestsForDescribeBlock (C:\\Users\\antho\\OneDrive\\Desktop\\Netra\\netra-core-generation-1\\frontend\\node_modules\\jest-circus\\build\\jestAdapterInit.js:839:13)\n        at _runTestsForDescribeBlock (C:\\Users\\antho\\OneDrive\\Desktop\\Netra\\netra-core-generation-1\\frontend\\node_modules\\jest-circus\\build\\jestAdapterInit.js:829:11)\n        at _runTestsForDescribeBlock (C:\\Users\\antho\\OneDrive\\Desktop\\Netra\\netra-core-generation-1\\frontend\\node_modules\\jest-circus\\build\\jestAdapterInit.js:829:11)\n        at run (C:\\Users\\antho\\OneDrive\\Desktop\\Netra\\netra-core-generation-1\\frontend\\node_modules\\jest-circus\\build\\jestAdapterInit.js:757:3)\n        at runAndTransformResultsToJestFormat (C:\\Users\\antho\\OneDrive\\Desktop\\Netra\\netra-core-generation-1\\frontend\\node_modules\\jest-circus\\build\\jestAdapterInit.js:1920:21)\n        at jestAdapter (C:\\Users\\antho\\OneDrive\\Desktop\\Netra\\netra-core-generation-1\\frontend\\node_modules\\jest-circus\\build\\runner.js:101:19)\n        at runTestInternal (C:\\Users\\antho\\OneDrive\\Desktop\\Netra\\netra-core-generation-1\\frontend\\node_modules\\jest-runner\\build\\testWorker.js:275:16)\n        at runTest (C:\\Users\\antho\\OneDrive\\Desktop\\Netra\\netra-core-generation-1\\frontend\\node_modules\\jest-runner\\build\\testWorker.js:343:7)\n        at Object.worker (C:\\Users\\antho\\OneDrive\\Desktop\\Netra\\netra-core-generation-1\\frontend\\node_modules\\jest-runner\\build\\testWorker.js:497:12)\n\n    \u001b[0m \u001b[90m 207 |\u001b[39m       \u001b[36mreturn\u001b[39m\u001b[33m;\u001b[39m\n     \u001b[90m 208 |\u001b[39m     }\n    \u001b[31m\u001b[1m>\u001b[22m\u001b[39m\u001b[90m 209 |\u001b[39m     originalError\u001b[33m.\u001b[39mcall(console\u001b[33m,\u001b[39m \u001b[33m...\u001b[39margs)\u001b[33m;\u001b[39m\n     \u001b[90m     |\u001b[39m                   \u001b[31m\u001b[1m^\u001b[22m\u001b[39m\n     \u001b[90m 210 |\u001b[39m   }\u001b[33m;\u001b[39m\n     \u001b[90m 211 |\u001b[39m   \n     \u001b[90m 212 |\u001b[39m   console\u001b[33m.\u001b[39mwarn \u001b[33m=\u001b[39m (\u001b[33m...\u001b[39margs) \u001b[33m=>\u001b[39m {\u001b[0m\n\n      at console.call [as error] (jest.setup.js:209:19)\n      at FrontendLogger.error [as log] (lib/logger.ts:148:19)\n      at FrontendLogger.log [as error] (lib/logger.ts:215:10)\n      at AuthInterceptor.error [as authenticatedFetch] (lib/auth-interceptor.ts:192:14)\n      at performFetch (services/apiClientWrapper.ts:145:24)\n      at ApiClientWrapper.retryRequest (services/apiClientWrapper.ts:83:16)\n      at ApiClientWrapper.request (services/apiClientWrapper.ts:188:16)\n\n  console.error\n    [2025-08-23T11:04:15.731Z] ERROR: Request failed [AuthInterceptor] Error: Network error\n        at setupNoRetryMocks (C:\\Users\\antho\\OneDrive\\Desktop\\Netra\\netra-core-generation-1\\frontend\\__tests__\\services\\apiClient.test.ts:271:35)\n        at Object.setupNoRetryMocks (C:\\Users\\antho\\OneDrive\\Desktop\\Netra\\netra-core-generation-1\\frontend\\__tests__\\services\\apiClient.test.ts:265:7)\n        at Promise.finally.completed (C:\\Users\\antho\\OneDrive\\Desktop\\Netra\\netra-core-generation-1\\frontend\\node_modules\\jest-circus\\build\\jestAdapterInit.js:1559:28)\n        at new Promise (<anonymous>)\n        at callAsyncCircusFn (C:\\Users\\antho\\OneDrive\\Desktop\\Netra\\netra-core-generation-1\\frontend\\node_modules\\jest-circus\\build\\jestAdapterInit.js:1499:10)\n        at _callCircusTest (C:\\Users\\antho\\OneDrive\\Desktop\\Netra\\netra-core-generation-1\\frontend\\node_modules\\jest-circus\\build\\jestAdapterInit.js:1009:40)\n        at _runTest (C:\\Users\\antho\\OneDrive\\Desktop\\Netra\\netra-core-generation-1\\frontend\\node_modules\\jest-circus\\build\\jestAdapterInit.js:949:3)\n        at _runTestsForDescribeBlock (C:\\Users\\antho\\OneDrive\\Desktop\\Netra\\netra-core-generation-1\\frontend\\node_modules\\jest-circus\\build\\jestAdapterInit.js:839:13)\n        at _runTestsForDescribeBlock (C:\\Users\\antho\\OneDrive\\Desktop\\Netra\\netra-core-generation-1\\frontend\\node_modules\\jest-circus\\build\\jestAdapterInit.js:829:11)\n        at _runTestsForDescribeBlock (C:\\Users\\antho\\OneDrive\\Desktop\\Netra\\netra-core-generation-1\\frontend\\node_modules\\jest-circus\\build\\jestAdapterInit.js:829:11)\n        at run (C:\\Users\\antho\\OneDrive\\Desktop\\Netra\\netra-core-generation-1\\frontend\\node_modules\\jest-circus\\build\\jestAdapterInit.js:757:3)\n        at runAndTransformResultsToJestFormat (C:\\Users\\antho\\OneDrive\\Desktop\\Netra\\netra-core-generation-1\\frontend\\node_modules\\jest-circus\\build\\jestAdapterInit.js:1920:21)\n        at jestAdapter (C:\\Users\\antho\\OneDrive\\Desktop\\Netra\\netra-core-generation-1\\frontend\\node_modules\\jest-circus\\build\\runner.js:101:19)\n        at runTestInternal (C:\\Users\\antho\\OneDrive\\Desktop\\Netra\\netra-core-generation-1\\frontend\\node_modules\\jest-runner\\build\\testWorker.js:275:16)\n        at runTest (C:\\Users\\antho\\OneDrive\\Desktop\\Netra\\netra-core-generation-1\\frontend\\node_modules\\jest-runner\\build\\testWorker.js:343:7)\n        at Object.worker (C:\\Users\\antho\\OneDrive\\Desktop\\Netra\\netra-core-generation-1\\frontend\\node_modules\\jest-runner\\build\\testWorker.js:497:12)\n\n    \u001b[0m \u001b[90m 207 |\u001b[39m       \u001b[36mreturn\u001b[39m\u001b[33m;\u001b[39m\n     \u001b[90m 208 |\u001b[39m     }\n    \u001b[31m\u001b[1m>\u001b[22m\u001b[39m\u001b[90m 209 |\u001b[39m     originalError\u001b[33m.\u001b[39mcall(console\u001b[33m,\u001b[39m \u001b[33m...\u001b[39margs)\u001b[33m;\u001b[39m\n     \u001b[90m     |\u001b[39m                   \u001b[31m\u001b[1m^\u001b[22m\u001b[39m\n     \u001b[90m 210 |\u001b[39m   }\u001b[33m;\u001b[39m\n     \u001b[90m 211 |\u001b[39m   \n     \u001b[90m 212 |\u001b[39m   console\u001b[33m.\u001b[39mwarn \u001b[33m=\u001b[39m (\u001b[33m...\u001b[39margs) \u001b[33m=>\u001b[39m {\u001b[0m\n\n      at console.call [as error] (jest.setup.js:209:19)\n      at FrontendLogger.error [as log] (lib/logger.ts:148:19)\n      at FrontendLogger.log [as error] (lib/logger.ts:215:10)\n      at AuthInterceptor.error [as authenticatedFetch] (lib/auth-interceptor.ts:192:14)\n      at performFetch (services/apiClientWrapper.ts:145:24)\n      at ApiClientWrapper.request (services/apiClientWrapper.ts:194:16)\n\n  console.error\n    [2025-08-23T11:04:15.756Z] ERROR: Request failed [AuthInterceptor] Error: Final failure\n        at setupExhaustedRetryMocks (C:\\Users\\antho\\OneDrive\\Desktop\\Netra\\netra-core-generation-1\\frontend\\__tests__\\services\\apiClient.test.ts:294:35)\n        at Object.setupExhaustedRetryMocks (C:\\Users\\antho\\OneDrive\\Desktop\\Netra\\netra-core-generation-1\\frontend\\__tests__\\services\\apiClient.test.ts:283:7)\n        at Promise.finally.completed (C:\\Users\\antho\\OneDrive\\Desktop\\Netra\\netra-core-generation-1\\frontend\\node_modules\\jest-circus\\build\\jestAdapterInit.js:1559:28)\n        at new Promise (<anonymous>)\n        at callAsyncCircusFn (C:\\Users\\antho\\OneDrive\\Desktop\\Netra\\netra-core-generation-1\\frontend\\node_modules\\jest-circus\\build\\jestAdapterInit.js:1499:10)\n        at _callCircusTest (C:\\Users\\antho\\OneDrive\\Desktop\\Netra\\netra-core-generation-1\\frontend\\node_modules\\jest-circus\\build\\jestAdapterInit.js:1009:40)\n        at _runTest (C:\\Users\\antho\\OneDrive\\Desktop\\Netra\\netra-core-generation-1\\frontend\\node_modules\\jest-circus\\build\\jestAdapterInit.js:949:3)\n        at _runTestsForDescribeBlock (C:\\Users\\antho\\OneDrive\\Desktop\\Netra\\netra-core-generation-1\\frontend\\node_modules\\jest-circus\\build\\jestAdapterInit.js:839:13)\n        at _runTestsForDescribeBlock (C:\\Users\\antho\\OneDrive\\Desktop\\Netra\\netra-core-generation-1\\frontend\\node_modules\\jest-circus\\build\\jestAdapterInit.js:829:11)\n        at _runTestsForDescribeBlock (C:\\Users\\antho\\OneDrive\\Desktop\\Netra\\netra-core-generation-1\\frontend\\node_modules\\jest-circus\\build\\jestAdapterInit.js:829:11)\n        at run (C:\\Users\\antho\\OneDrive\\Desktop\\Netra\\netra-core-generation-1\\frontend\\node_modules\\jest-circus\\build\\jestAdapterInit.js:757:3)\n        at runAndTransformResultsToJestFormat (C:\\Users\\antho\\OneDrive\\Desktop\\Netra\\netra-core-generation-1\\frontend\\node_modules\\jest-circus\\build\\jestAdapterInit.js:1920:21)\n        at jestAdapter (C:\\Users\\antho\\OneDrive\\Desktop\\Netra\\netra-core-generation-1\\frontend\\node_modules\\jest-circus\\build\\runner.js:101:19)\n        at runTestInternal (C:\\Users\\antho\\OneDrive\\Desktop\\Netra\\netra-core-generation-1\\frontend\\node_modules\\jest-runner\\build\\testWorker.js:275:16)\n        at runTest (C:\\Users\\antho\\OneDrive\\Desktop\\Netra\\netra-core-generation-1\\frontend\\node_modules\\jest-runner\\build\\testWorker.js:343:7)\n        at Object.worker (C:\\Users\\antho\\OneDrive\\Desktop\\Netra\\netra-core-generation-1\\frontend\\node_modules\\jest-runner\\build\\testWorker.js:497:12)\n\n    \u001b[0m \u001b[90m 207 |\u001b[39m       \u001b[36mreturn\u001b[39m\u001b[33m;\u001b[39m\n     \u001b[90m 208 |\u001b[39m     }\n    \u001b[31m\u001b[1m>\u001b[22m\u001b[39m\u001b[90m 209 |\u001b[39m     originalError\u001b[33m.\u001b[39mcall(console\u001b[33m,\u001b[39m \u001b[33m...\u001b[39margs)\u001b[33m;\u001b[39m\n     \u001b[90m     |\u001b[39m                   \u001b[31m\u001b[1m^\u001b[22m\u001b[39m\n     \u001b[90m 210 |\u001b[39m   }\u001b[33m;\u001b[39m\n     \u001b[90m 211 |\u001b[39m   \n     \u001b[90m 212 |\u001b[39m   console\u001b[33m.\u001b[39mwarn \u001b[33m=\u001b[39m (\u001b[33m...\u001b[39margs) \u001b[33m=>\u001b[39m {\u001b[0m\n\n      at console.call [as error] (jest.setup.js:209:19)\n      at FrontendLogger.error [as log] (lib/logger.ts:148:19)\n      at FrontendLogger.log [as error] (lib/logger.ts:215:10)\n      at AuthInterceptor.error [as authenticatedFetch] (lib/auth-interceptor.ts:192:14)\n      at performFetch (services/apiClientWrapper.ts:145:24)\n      at ApiClientWrapper.retryRequest (services/apiClientWrapper.ts:83:16)\n      at ApiClientWrapper.request (services/apiClientWrapper.ts:188:16)\n\n  console.error\n    [2025-08-23T11:04:15.800Z] ERROR: Request failed [AuthInterceptor] Error: Temporary failure\n        at setupIntermittentFailureMocks (C:\\Users\\antho\\OneDrive\\Desktop\\Netra\\netra-core-generation-1\\frontend\\__tests__\\services\\apiClient.test.ts:314:32)\n        at Object.setupIntermittentFailureMocks (C:\\Users\\antho\\OneDrive\\Desktop\\Netra\\netra-core-generation-1\\frontend\\__tests__\\services\\apiClient.test.ts:302:7)\n        at Promise.finally.completed (C:\\Users\\antho\\OneDrive\\Desktop\\Netra\\netra-core-generation-1\\frontend\\node_modules\\jest-circus\\build\\jestAdapterInit.js:1559:28)\n        at new Promise (<anonymous>)\n        at callAsyncCircusFn (C:\\Users\\antho\\OneDrive\\Desktop\\Netra\\netra-core-generation-1\\frontend\\node_modules\\jest-circus\\build\\jestAdapterInit.js:1499:10)\n        at _callCircusTest (C:\\Users\\antho\\OneDrive\\Desktop\\Netra\\netra-core-generation-1\\frontend\\node_modules\\jest-circus\\build\\jestAdapterInit.js:1009:40)\n        at _runTest (C:\\Users\\antho\\OneDrive\\Desktop\\Netra\\netra-core-generation-1\\frontend\\node_modules\\jest-circus\\build\\jestAdapterInit.js:949:3)\n        at _runTestsForDescribeBlock (C:\\Users\\antho\\OneDrive\\Desktop\\Netra\\netra-core-generation-1\\frontend\\node_modules\\jest-circus\\build\\jestAdapterInit.js:839:13)\n        at _runTestsForDescribeBlock (C:\\Users\\antho\\OneDrive\\Desktop\\Netra\\netra-core-generation-1\\frontend\\node_modules\\jest-circus\\build\\jestAdapterInit.js:829:11)\n        at _runTestsForDescribeBlock (C:\\Users\\antho\\OneDrive\\Desktop\\Netra\\netra-core-generation-1\\frontend\\node_modules\\jest-circus\\build\\jestAdapterInit.js:829:11)\n        at run (C:\\Users\\antho\\OneDrive\\Desktop\\Netra\\netra-core-generation-1\\frontend\\node_modules\\jest-circus\\build\\jestAdapterInit.js:757:3)\n        at runAndTransformResultsToJestFormat (C:\\Users\\antho\\OneDrive\\Desktop\\Netra\\netra-core-generation-1\\frontend\\node_modules\\jest-circus\\build\\jestAdapterInit.js:1920:21)\n        at jestAdapter (C:\\Users\\antho\\OneDrive\\Desktop\\Netra\\netra-core-generation-1\\frontend\\node_modules\\jest-circus\\build\\runner.js:101:19)\n        at runTestInternal (C:\\Users\\antho\\OneDrive\\Desktop\\Netra\\netra-core-generation-1\\frontend\\node_modules\\jest-runner\\build\\testWorker.js:275:16)\n        at runTest (C:\\Users\\antho\\OneDrive\\Desktop\\Netra\\netra-core-generation-1\\frontend\\node_modules\\jest-runner\\build\\testWorker.js:343:7)\n        at Object.worker (C:\\Users\\antho\\OneDrive\\Desktop\\Netra\\netra-core-generation-1\\frontend\\node_modules\\jest-runner\\build\\testWorker.js:497:12)\n\n    \u001b[0m \u001b[90m 207 |\u001b[39m       \u001b[36mreturn\u001b[39m\u001b[33m;\u001b[39m\n     \u001b[90m 208 |\u001b[39m     }\n    \u001b[31m\u001b[1m>\u001b[22m\u001b[39m\u001b[90m 209 |\u001b[39m     originalError\u001b[33m.\u001b[39mcall(console\u001b[33m,\u001b[39m \u001b[33m...\u001b[39margs)\u001b[33m;\u001b[39m\n     \u001b[90m     |\u001b[39m                   \u001b[31m\u001b[1m^\u001b[22m\u001b[39m\n     \u001b[90m 210 |\u001b[39m   }\u001b[33m;\u001b[39m\n     \u001b[90m 211 |\u001b[39m   \n     \u001b[90m 212 |\u001b[39m   console\u001b[33m.\u001b[39mwarn \u001b[33m=\u001b[39m (\u001b[33m...\u001b[39margs) \u001b[33m=>\u001b[39m {\u001b[0m\n\n      at console.call [as error] (jest.setup.js:209:19)\n      at FrontendLogger.error [as log] (lib/logger.ts:148:19)\n      at FrontendLogger.log [as error] (lib/logger.ts:215:10)\n      at AuthInterceptor.error [as authenticatedFetch] (lib/auth-interceptor.ts:192:14)\n      at performFetch (services/apiClientWrapper.ts:145:24)\n      at ApiClientWrapper.retryRequest (services/apiClientWrapper.ts:83:16)\n      at ApiClientWrapper.request (services/apiClientWrapper.ts:188:16)\n\n  console.error\n    [2025-08-23T11:04:15.862Z] ERROR: Request failed [AuthInterceptor] Error: Request timeout\n        at Object.<anonymous> (C:\\Users\\antho\\OneDrive\\Desktop\\Netra\\netra-core-generation-1\\frontend\\__tests__\\services\\apiClient.test.ts:411:28)\n        at Promise.finally.completed (C:\\Users\\antho\\OneDrive\\Desktop\\Netra\\netra-core-generation-1\\frontend\\node_modules\\jest-circus\\build\\jestAdapterInit.js:1559:28)\n        at new Promise (<anonymous>)\n        at callAsyncCircusFn (C:\\Users\\antho\\OneDrive\\Desktop\\Netra\\netra-core-generation-1\\frontend\\node_modules\\jest-circus\\build\\jestAdapterInit.js:1499:10)\n        at _callCircusTest (C:\\Users\\antho\\OneDrive\\Desktop\\Netra\\netra-core-generation-1\\frontend\\node_modules\\jest-circus\\build\\jestAdapterInit.js:1009:40)\n        at _runTest (C:\\Users\\antho\\OneDrive\\Desktop\\Netra\\netra-core-generation-1\\frontend\\node_modules\\jest-circus\\build\\jestAdapterInit.js:949:3)\n        at _runTestsForDescribeBlock (C:\\Users\\antho\\OneDrive\\Desktop\\Netra\\netra-core-generation-1\\frontend\\node_modules\\jest-circus\\build\\jestAdapterInit.js:839:13)\n        at _runTestsForDescribeBlock (C:\\Users\\antho\\OneDrive\\Desktop\\Netra\\netra-core-generation-1\\frontend\\node_modules\\jest-circus\\build\\jestAdapterInit.js:829:11)\n        at _runTestsForDescribeBlock (C:\\Users\\antho\\OneDrive\\Desktop\\Netra\\netra-core-generation-1\\frontend\\node_modules\\jest-circus\\build\\jestAdapterInit.js:829:11)\n        at run (C:\\Users\\antho\\OneDrive\\Desktop\\Netra\\netra-core-generation-1\\frontend\\node_modules\\jest-circus\\build\\jestAdapterInit.js:757:3)\n        at runAndTransformResultsToJestFormat (C:\\Users\\antho\\OneDrive\\Desktop\\Netra\\netra-core-generation-1\\frontend\\node_modules\\jest-circus\\build\\jestAdapterInit.js:1920:21)\n        at jestAdapter (C:\\Users\\antho\\OneDrive\\Desktop\\Netra\\netra-core-generation-1\\frontend\\node_modules\\jest-circus\\build\\runner.js:101:19)\n        at runTestInternal (C:\\Users\\antho\\OneDrive\\Desktop\\Netra\\netra-core-generation-1\\frontend\\node_modules\\jest-runner\\build\\testWorker.js:275:16)\n        at runTest (C:\\Users\\antho\\OneDrive\\Desktop\\Netra\\netra-core-generation-1\\frontend\\node_modules\\jest-runner\\build\\testWorker.js:343:7)\n        at Object.worker (C:\\Users\\antho\\OneDrive\\Desktop\\Netra\\netra-core-generation-1\\frontend\\node_modules\\jest-runner\\build\\testWorker.js:497:12)\n\n    \u001b[0m \u001b[90m 207 |\u001b[39m       \u001b[36mreturn\u001b[39m\u001b[33m;\u001b[39m\n     \u001b[90m 208 |\u001b[39m     }\n    \u001b[31m\u001b[1m>\u001b[22m\u001b[39m\u001b[90m 209 |\u001b[39m     originalError\u001b[33m.\u001b[39mcall(console\u001b[33m,\u001b[39m \u001b[33m...\u001b[39margs)\u001b[33m;\u001b[39m\n     \u001b[90m     |\u001b[39m                   \u001b[31m\u001b[1m^\u001b[22m\u001b[39m\n     \u001b[90m 210 |\u001b[39m   }\u001b[33m;\u001b[39m\n     \u001b[90m 211 |\u001b[39m   \n     \u001b[90m 212 |\u001b[39m   console\u001b[33m.\u001b[39mwarn \u001b[33m=\u001b[39m (\u001b[33m...\u001b[39margs) \u001b[33m=>\u001b[39m {\u001b[0m\n\n      at console.call [as error] (jest.setup.js:209:19)\n      at FrontendLogger.error [as log] (lib/logger.ts:148:19)\n      at FrontendLogger.log [as error] (lib/logger.ts:215:10)\n      at AuthInterceptor.error [as authenticatedFetch] (lib/auth-interceptor.ts:192:14)\n      at performFetch (services/apiClientWrapper.ts:145:24)\n      at ApiClientWrapper.retryRequest (services/apiClientWrapper.ts:83:16)\n      at ApiClientWrapper.request (services/apiClientWrapper.ts:188:16)\n\n  console.error\n    [2025-08-23T11:04:15.891Z] ERROR: Request failed [AuthInterceptor] Error: Authentication failed\n        at Object.<anonymous> (C:\\Users\\antho\\OneDrive\\Desktop\\Netra\\netra-core-generation-1\\frontend\\__tests__\\services\\apiClient.test.ts:447:30)\n        at Promise.finally.completed (C:\\Users\\antho\\OneDrive\\Desktop\\Netra\\netra-core-generation-1\\frontend\\node_modules\\jest-circus\\build\\jestAdapterInit.js:1559:28)\n        at new Promise (<anonymous>)\n        at callAsyncCircusFn (C:\\Users\\antho\\OneDrive\\Desktop\\Netra\\netra-core-generation-1\\frontend\\node_modules\\jest-circus\\build\\jestAdapterInit.js:1499:10)\n        at _callCircusTest (C:\\Users\\antho\\OneDrive\\Desktop\\Netra\\netra-core-generation-1\\frontend\\node_modules\\jest-circus\\build\\jestAdapterInit.js:1009:40)\n        at _runTest (C:\\Users\\antho\\OneDrive\\Desktop\\Netra\\netra-core-generation-1\\frontend\\node_modules\\jest-circus\\build\\jestAdapterInit.js:949:3)\n        at _runTestsForDescribeBlock (C:\\Users\\antho\\OneDrive\\Desktop\\Netra\\netra-core-generation-1\\frontend\\node_modules\\jest-circus\\build\\jestAdapterInit.js:839:13)\n        at _runTestsForDescribeBlock (C:\\Users\\antho\\OneDrive\\Desktop\\Netra\\netra-core-generation-1\\frontend\\node_modules\\jest-circus\\build\\jestAdapterInit.js:829:11)\n        at _runTestsForDescribeBlock (C:\\Users\\antho\\OneDrive\\Desktop\\Netra\\netra-core-generation-1\\frontend\\node_modules\\jest-circus\\build\\jestAdapterInit.js:829:11)\n        at run (C:\\Users\\antho\\OneDrive\\Desktop\\Netra\\netra-core-generation-1\\frontend\\node_modules\\jest-circus\\build\\jestAdapterInit.js:757:3)\n        at runAndTransformResultsToJestFormat (C:\\Users\\antho\\OneDrive\\Desktop\\Netra\\netra-core-generation-1\\frontend\\node_modules\\jest-circus\\build\\jestAdapterInit.js:1920:21)\n        at jestAdapter (C:\\Users\\antho\\OneDrive\\Desktop\\Netra\\netra-core-generation-1\\frontend\\node_modules\\jest-circus\\build\\runner.js:101:19)\n        at runTestInternal (C:\\Users\\antho\\OneDrive\\Desktop\\Netra\\netra-core-generation-1\\frontend\\node_modules\\jest-runner\\build\\testWorker.js:275:16)\n        at runTest (C:\\Users\\antho\\OneDrive\\Desktop\\Netra\\netra-core-generation-1\\frontend\\node_modules\\jest-runner\\build\\testWorker.js:343:7)\n        at Object.worker (C:\\Users\\antho\\OneDrive\\Desktop\\Netra\\netra-core-generation-1\\frontend\\node_modules\\jest-runner\\build\\testWorker.js:497:12)\n\n    \u001b[0m \u001b[90m 207 |\u001b[39m       \u001b[36mreturn\u001b[39m\u001b[33m;\u001b[39m\n     \u001b[90m 208 |\u001b[39m     }\n    \u001b[31m\u001b[1m>\u001b[22m\u001b[39m\u001b[90m 209 |\u001b[39m     originalError\u001b[33m.\u001b[39mcall(console\u001b[33m,\u001b[39m \u001b[33m...\u001b[39margs)\u001b[33m;\u001b[39m\n     \u001b[90m     |\u001b[39m                   \u001b[31m\u001b[1m^\u001b[22m\u001b[39m\n     \u001b[90m 210 |\u001b[39m   }\u001b[33m;\u001b[39m\n     \u001b[90m 211 |\u001b[39m   \n     \u001b[90m 212 |\u001b[39m   console\u001b[33m.\u001b[39mwarn \u001b[33m=\u001b[39m (\u001b[33m...\u001b[39margs) \u001b[33m=>\u001b[39m {\u001b[0m\n\n      at console.call [as error] (jest.setup.js:209:19)\n      at FrontendLogger.error [as log] (lib/logger.ts:148:19)\n      at FrontendLogger.log [as error] (lib/logger.ts:215:10)\n      at AuthInterceptor.error [as authenticatedFetch] (lib/auth-interceptor.ts:192:14)\n      at performFetch (services/apiClientWrapper.ts:145:24)\n      at ApiClientWrapper.retryRequest (services/apiClientWrapper.ts:83:16)\n      at ApiClientWrapper.request (services/apiClientWrapper.ts:188:16)\n\n  console.log\n    \ud83c\udfaf TestChatSidebar handleThreadClick called with: thread-2\n\n      at log (__tests__/components/ChatSidebar/setup.tsx:728:13)\n\n  console.log\n    \ud83c\udfaf setActiveThread called with: thread-2\n\n      at log (__tests__/components/ChatSidebar/setup.tsx:140:13)\n\n",
      "errors": "FAIL All Tests __tests__/services/apiClient.test.ts (5.495 s)\n  ApiClient Infrastructure Tests\n    Authentication Management\n      \u00d7 includes auth token from localStorage (19 ms)\n      \u00d7 falls back to sessionStorage when localStorage empty (3 ms)\n      \u00d7 handles missing auth tokens gracefully (1 ms)\n      \u221a prevents token leakage in error responses (3186 ms)\n    HTTP Method Support\n      \u221a GET requests with query parameters (11 ms)\n      \u221a POST requests with JSON body (7 ms)\n      \u221a PUT requests update existing resources (7 ms)\n      \u221a DELETE requests remove resources (4 ms)\n    Connection Health Management\n      \u221a performs health check on initialization (22 ms)\n      \u221a handles 307 redirects as healthy connection (5 ms)\n      \u221a marks connection as unhealthy on network failures (1 ms)\n      \u221a reconnects before failed requests (1062 ms)\n    Retry Logic with Exponential Backoff\n      \u221a retries failed requests with exponential delay (36 ms)\n      \u221a respects custom retry configuration (27 ms)\n      \u221a disables retry when configured (23 ms)\n      \u221a throws last error after all retries exhausted (42 ms)\n      \u00d7 handles intermittent network failures gracefully (31 ms)\n    Error Response Handling\n      \u221a parses JSON error responses (8 ms)\n      \u221a handles text error responses (5 ms)\n      \u221a prioritizes error message hierarchy (5 ms)\n      \u221a handles malformed JSON responses gracefully (4 ms)\n    Concurrent Request Management\n      \u221a handles multiple simultaneous requests (8 ms)\n      \u221a isolates failures between concurrent requests (3 ms)\n    Timeout and Rate Limiting\n      \u221a handles request timeouts gracefully (20 ms)\n      \u221a respects rate limiting responses (3 ms)\n    Security and Data Protection\n      \u221a includes credentials for authentication (6 ms)\n      \u221a sanitizes sensitive data from error logs (27 ms)\n\n  \u25cf ApiClient Infrastructure Tests \u203a Authentication Management \u203a includes auth token from localStorage\n\n    expect(received).toBe(expected) // Object.is equality\n\n    Expected: \"Bearer test-token\"\n    Received: \"Bearer mock-token\"\n\n    \u001b[0m \u001b[90m 495 |\u001b[39m   \u001b[36mconst\u001b[39m lastCall \u001b[33m=\u001b[39m mockFetch\u001b[33m.\u001b[39mmock\u001b[33m.\u001b[39mcalls[mockFetch\u001b[33m.\u001b[39mmock\u001b[33m.\u001b[39mcalls\u001b[33m.\u001b[39mlength \u001b[33m-\u001b[39m \u001b[35m1\u001b[39m]\u001b[33m;\u001b[39m\n     \u001b[90m 496 |\u001b[39m   \u001b[36mconst\u001b[39m headers \u001b[33m=\u001b[39m lastCall[\u001b[35m1\u001b[39m]\u001b[33m.\u001b[39mheaders\u001b[33m;\u001b[39m\n    \u001b[31m\u001b[1m>\u001b[22m\u001b[39m\u001b[90m 497 |\u001b[39m   expect(headers\u001b[33m.\u001b[39m\u001b[33mAuthorization\u001b[39m)\u001b[33m.\u001b[39mtoBe(expectedAuth)\u001b[33m;\u001b[39m\n     \u001b[90m     |\u001b[39m                                 \u001b[31m\u001b[1m^\u001b[22m\u001b[39m\n     \u001b[90m 498 |\u001b[39m }\n     \u001b[90m 499 |\u001b[39m\n     \u001b[90m 500 |\u001b[39m \u001b[36mfunction\u001b[39m expectNoAuthHeaders() {\u001b[0m\n\n      at toBe (__tests__/services/apiClient.test.ts:497:33)\n      at Object.expectAuthHeaders (__tests__/services/apiClient.test.ts:68:7)\n\n  \u25cf ApiClient Infrastructure Tests \u203a Authentication Management \u203a falls back to sessionStorage when localStorage empty\n\n    expect(received).toBe(expected) // Object.is equality\n\n    Expected: \"Bearer session-token\"\n    Received: \"Bearer mock-token\"\n\n    \u001b[0m \u001b[90m 495 |\u001b[39m   \u001b[36mconst\u001b[39m lastCall \u001b[33m=\u001b[39m mockFetch\u001b[33m.\u001b[39mmock\u001b[33m.\u001b[39mcalls[mockFetch\u001b[33m.\u001b[39mmock\u001b[33m.\u001b[39mcalls\u001b[33m.\u001b[39mlength \u001b[33m-\u001b[39m \u001b[35m1\u001b[39m]\u001b[33m;\u001b[39m\n     \u001b[90m 496 |\u001b[39m   \u001b[36mconst\u001b[39m headers \u001b[33m=\u001b[39m lastCall[\u001b[35m1\u001b[39m]\u001b[33m.\u001b[39mheaders\u001b[33m;\u001b[39m\n    \u001b[31m\u001b[1m>\u001b[22m\u001b[39m\u001b[90m 497 |\u001b[39m   expect(headers\u001b[33m.\u001b[39m\u001b[33mAuthorization\u001b[39m)\u001b[33m.\u001b[39mtoBe(expectedAuth)\u001b[33m;\u001b[39m\n     \u001b[90m     |\u001b[39m                                 \u001b[31m\u001b[1m^\u001b[22m\u001b[39m\n     \u001b[90m 498 |\u001b[39m }\n     \u001b[90m 499 |\u001b[39m\n     \u001b[90m 500 |\u001b[39m \u001b[36mfunction\u001b[39m expectNoAuthHeaders() {\u001b[0m\n\n      at toBe (__tests__/services/apiClient.test.ts:497:33)\n      at Object.expectAuthHeaders (__tests__/services/apiClient.test.ts:76:7)\n\n  \u25cf ApiClient Infrastructure Tests \u203a Authentication Management \u203a handles missing auth tokens gracefully\n\n    expect(received).toBeUndefined()\n\n    Received: \"Bearer mock-token\"\n\n    \u001b[0m \u001b[90m 501 |\u001b[39m   \u001b[36mconst\u001b[39m lastCall \u001b[33m=\u001b[39m mockFetch\u001b[33m.\u001b[39mmock\u001b[33m.\u001b[39mcalls[mockFetch\u001b[33m.\u001b[39mmock\u001b[33m.\u001b[39mcalls\u001b[33m.\u001b[39mlength \u001b[33m-\u001b[39m \u001b[35m1\u001b[39m]\u001b[33m;\u001b[39m\n     \u001b[90m 502 |\u001b[39m   \u001b[36mconst\u001b[39m headers \u001b[33m=\u001b[39m lastCall[\u001b[35m1\u001b[39m]\u001b[33m.\u001b[39mheaders\u001b[33m;\u001b[39m\n    \u001b[31m\u001b[1m>\u001b[22m\u001b[39m\u001b[90m 503 |\u001b[39m   expect(headers\u001b[33m.\u001b[39m\u001b[33mAuthorization\u001b[39m)\u001b[33m.\u001b[39mtoBeUndefined()\u001b[33m;\u001b[39m\n     \u001b[90m     |\u001b[39m                                 \u001b[31m\u001b[1m^\u001b[22m\u001b[39m\n     \u001b[90m 504 |\u001b[39m }\n     \u001b[90m 505 |\u001b[39m\n     \u001b[90m 506 |\u001b[39m \u001b[36mfunction\u001b[39m expectMethodCall(method\u001b[33m:\u001b[39m string\u001b[33m,\u001b[39m expectedUrl\u001b[33m:\u001b[39m string\u001b[33m,\u001b[39m data\u001b[33m?\u001b[39m\u001b[33m:\u001b[39m any) {\u001b[0m\n\n      at toBeUndefined (__tests__/services/apiClient.test.ts:503:33)\n      at Object.expectNoAuthHeaders (__tests__/services/apiClient.test.ts:84:7)\n\n  \u25cf ApiClient Infrastructure Tests \u203a Retry Logic with Exponential Backoff \u203a handles intermittent network failures gracefully\n\n    expect(received).toBe(expected) // Object.is equality\n\n    Expected: true\n    Received: undefined\n\n    \u001b[0m \u001b[90m 321 |\u001b[39m\n     \u001b[90m 322 |\u001b[39m     \u001b[36mfunction\u001b[39m verifyIntermittentFailureRecovery(result\u001b[33m:\u001b[39m any) {\n    \u001b[31m\u001b[1m>\u001b[22m\u001b[39m\u001b[90m 323 |\u001b[39m       expect(result\u001b[33m.\u001b[39mdata\u001b[33m.\u001b[39mrecovered)\u001b[33m.\u001b[39mtoBe(\u001b[36mtrue\u001b[39m)\u001b[33m;\u001b[39m\n     \u001b[90m     |\u001b[39m                                     \u001b[31m\u001b[1m^\u001b[22m\u001b[39m\n     \u001b[90m 324 |\u001b[39m     }\n     \u001b[90m 325 |\u001b[39m   })\u001b[33m;\u001b[39m\n     \u001b[90m 326 |\u001b[39m\u001b[0m\n\n      at toBe (__tests__/services/apiClient.test.ts:323:37)\n      at Object.verifyIntermittentFailureRecovery (__tests__/services/apiClient.test.ts:304:7)\n\nSummary of all failing tests\nFAIL __tests__/services/apiClient.test.ts (5.495 s)\n  \u25cf ApiClient Infrastructure Tests \u203a Authentication Management \u203a includes auth token from localStorage\n\n    expect(received).toBe(expected) // Object.is equality\n\n    Expected: \"Bearer test-token\"\n    Received: \"Bearer mock-token\"\n\n    \u001b[0m \u001b[90m 495 |\u001b[39m   \u001b[36mconst\u001b[39m lastCall \u001b[33m=\u001b[39m mockFetch\u001b[33m.\u001b[39mmock\u001b[33m.\u001b[39mcalls[mockFetch\u001b[33m.\u001b[39mmock\u001b[33m.\u001b[39mcalls\u001b[33m.\u001b[39mlength \u001b[33m-\u001b[39m \u001b[35m1\u001b[39m]\u001b[33m;\u001b[39m\n     \u001b[90m 496 |\u001b[39m   \u001b[36mconst\u001b[39m headers \u001b[33m=\u001b[39m lastCall[\u001b[35m1\u001b[39m]\u001b[33m.\u001b[39mheaders\u001b[33m;\u001b[39m\n    \u001b[31m\u001b[1m>\u001b[22m\u001b[39m\u001b[90m 497 |\u001b[39m   expect(headers\u001b[33m.\u001b[39m\u001b[33mAuthorization\u001b[39m)\u001b[33m.\u001b[39mtoBe(expectedAuth)\u001b[33m;\u001b[39m\n     \u001b[90m     |\u001b[39m                                 \u001b[31m\u001b[1m^\u001b[22m\u001b[39m\n     \u001b[90m 498 |\u001b[39m }\n     \u001b[90m 499 |\u001b[39m\n     \u001b[90m 500 |\u001b[39m \u001b[36mfunction\u001b[39m expectNoAuthHeaders() {\u001b[0m\n\n      at toBe (__tests__/services/apiClient.test.ts:497:33)\n      at Object.expectAuthHeaders (__tests__/services/apiClient.test.ts:68:7)\n\n  \u25cf ApiClient Infrastructure Tests \u203a Authentication Management \u203a falls back to sessionStorage when localStorage empty\n\n    expect(received).toBe(expected) // Object.is equality\n\n    Expected: \"Bearer session-token\"\n    Received: \"Bearer mock-token\"\n\n    \u001b[0m \u001b[90m 495 |\u001b[39m   \u001b[36mconst\u001b[39m lastCall \u001b[33m=\u001b[39m mockFetch\u001b[33m.\u001b[39mmock\u001b[33m.\u001b[39mcalls[mockFetch\u001b[33m.\u001b[39mmock\u001b[33m.\u001b[39mcalls\u001b[33m.\u001b[39mlength \u001b[33m-\u001b[39m \u001b[35m1\u001b[39m]\u001b[33m;\u001b[39m\n     \u001b[90m 496 |\u001b[39m   \u001b[36mconst\u001b[39m headers \u001b[33m=\u001b[39m lastCall[\u001b[35m1\u001b[39m]\u001b[33m.\u001b[39mheaders\u001b[33m;\u001b[39m\n    \u001b[31m\u001b[1m>\u001b[22m\u001b[39m\u001b[90m 497 |\u001b[39m   expect(headers\u001b[33m.\u001b[39m\u001b[33mAuthorization\u001b[39m)\u001b[33m.\u001b[39mtoBe(expectedAuth)\u001b[33m;\u001b[39m\n     \u001b[90m     |\u001b[39m                                 \u001b[31m\u001b[1m^\u001b[22m\u001b[39m\n     \u001b[90m 498 |\u001b[39m }\n     \u001b[90m 499 |\u001b[39m\n     \u001b[90m 500 |\u001b[39m \u001b[36mfunction\u001b[39m expectNoAuthHeaders() {\u001b[0m\n\n      at toBe (__tests__/services/apiClient.test.ts:497:33)\n      at Object.expectAuthHeaders (__tests__/services/apiClient.test.ts:76:7)\n\n  \u25cf ApiClient Infrastructure Tests \u203a Authentication Management \u203a handles missing auth tokens gracefully\n\n    expect(received).toBeUndefined()\n\n    Received: \"Bearer mock-token\"\n\n    \u001b[0m \u001b[90m 501 |\u001b[39m   \u001b[36mconst\u001b[39m lastCall \u001b[33m=\u001b[39m mockFetch\u001b[33m.\u001b[39mmock\u001b[33m.\u001b[39mcalls[mockFetch\u001b[33m.\u001b[39mmock\u001b[33m.\u001b[39mcalls\u001b[33m.\u001b[39mlength \u001b[33m-\u001b[39m \u001b[35m1\u001b[39m]\u001b[33m;\u001b[39m\n     \u001b[90m 502 |\u001b[39m   \u001b[36mconst\u001b[39m headers \u001b[33m=\u001b[39m lastCall[\u001b[35m1\u001b[39m]\u001b[33m.\u001b[39mheaders\u001b[33m;\u001b[39m\n    \u001b[31m\u001b[1m>\u001b[22m\u001b[39m\u001b[90m 503 |\u001b[39m   expect(headers\u001b[33m.\u001b[39m\u001b[33mAuthorization\u001b[39m)\u001b[33m.\u001b[39mtoBeUndefined()\u001b[33m;\u001b[39m\n     \u001b[90m     |\u001b[39m                                 \u001b[31m\u001b[1m^\u001b[22m\u001b[39m\n     \u001b[90m 504 |\u001b[39m }\n     \u001b[90m 505 |\u001b[39m\n     \u001b[90m 506 |\u001b[39m \u001b[36mfunction\u001b[39m expectMethodCall(method\u001b[33m:\u001b[39m string\u001b[33m,\u001b[39m expectedUrl\u001b[33m:\u001b[39m string\u001b[33m,\u001b[39m data\u001b[33m?\u001b[39m\u001b[33m:\u001b[39m any) {\u001b[0m\n\n      at toBeUndefined (__tests__/services/apiClient.test.ts:503:33)\n      at Object.expectNoAuthHeaders (__tests__/services/apiClient.test.ts:84:7)\n\n  \u25cf ApiClient Infrastructure Tests \u203a Retry Logic with Exponential Backoff \u203a handles intermittent network failures gracefully\n\n    expect(received).toBe(expected) // Object.is equality\n\n    Expected: true\n    Received: undefined\n\n    \u001b[0m \u001b[90m 321 |\u001b[39m\n     \u001b[90m 322 |\u001b[39m     \u001b[36mfunction\u001b[39m verifyIntermittentFailureRecovery(result\u001b[33m:\u001b[39m any) {\n    \u001b[31m\u001b[1m>\u001b[22m\u001b[39m\u001b[90m 323 |\u001b[39m       expect(result\u001b[33m.\u001b[39mdata\u001b[33m.\u001b[39mrecovered)\u001b[33m.\u001b[39mtoBe(\u001b[36mtrue\u001b[39m)\u001b[33m;\u001b[39m\n     \u001b[90m     |\u001b[39m                                     \u001b[31m\u001b[1m^\u001b[22m\u001b[39m\n     \u001b[90m 324 |\u001b[39m     }\n     \u001b[90m 325 |\u001b[39m   })\u001b[33m;\u001b[39m\n     \u001b[90m 326 |\u001b[39m\u001b[0m\n\n      at toBe (__tests__/services/apiClient.test.ts:323:37)\n      at Object.verifyIntermittentFailureRecovery (__tests__/services/apiClient.test.ts:304:7)\n\n\nTest Suites: 1 failed, 1 of 376 total\nTests:       4 failed, 23 passed, 27 total\nSnapshots:   0 total\nTime:        7.748 s, estimated 317 s\nRan all test suites.\n"
    },
    "dev_launcher": {
      "success": false,
      "duration": 51.936338901519775,
      "output": "============================= test session starts =============================\nplatform win32 -- Python 3.12.3, pytest-8.4.1, pluggy-1.6.0\nrootdir: C:\\Users\\antho\\OneDrive\\Desktop\\Netra\\netra-core-generation-1\nconfigfile: pytest.ini\nplugins: anyio-4.9.0, Faker-37.5.3, langsmith-0.4.15, asyncio-1.1.0, cov-6.2.1, mock-3.14.1, xdist-3.8.0\nasyncio: mode=Mode.AUTO, asyncio_default_fixture_loop_scope=function, asyncio_default_test_loop_scope=function\ncollected 23 items / 4 deselected / 19 selected\n\ntests\\test_system_startup.py ...                                         [ 15%]\ntests\\e2e\\test_dev_launcher_real_startup.py F\n\n================================== FAILURES ===================================\n_____ TestDevLauncherRealStartup.test_real_dev_launcher_startup_sequence ______\ntests\\e2e\\test_dev_launcher_real_startup.py:285: in test_real_dev_launcher_startup_sequence\n    assert startup_success, \"Dev launcher failed to start services\"\nE   AssertionError: Dev launcher failed to start services\nE   assert False\n---------------------------- Captured stdout setup ----------------------------\nBacked up original config to C:\\Users\\antho\\OneDrive\\Desktop\\Netra\\netra-core-generation-1\\.dev_services.json.backup\nUsing test config with mock databases\nSet DATABASE_URL=postgresql://mock:mock@localhost:5432/mock\nSet REDIS_URL=redis://localhost:6379/0\nSet CLICKHOUSE_URL=clickhouse://default@localhost:8123/netra_dev\nSet DISABLE_DB_INIT=true\nSet TESTING=true\nSet JWT_SECRET_KEY=test-jwt-secret-key-for-dev-launcher-testing-eab8d556fd543c400332312fd602e484\nSet FERNET_KEY=R2WvYufaNePfJ93C92fl5ZW6uoOgJxU3efBQZJjG7Rk=\nSet SKIP_DATABASE_INIT=true\n----------------------------- Captured log setup ------------------------------\nDEBUG    asyncio:proactor_events.py:634 Using proactor: IocpProactor\nDEBUG    asyncio:proactor_events.py:634 Using proactor: IocpProactor\nINFO     dev_launcher.service_discovery_system:service_discovery_system.py:71 ServiceDiscoverySystem initialized with discovery file: .dev_services_discovery.json\nINFO     dev_launcher.service_discovery_system:service_discovery_system.py:352 No existing discovery file found\nINFO     dev_launcher.service_config:service_config.py:363 Configuration loaded from C:\\Users\\antho\\OneDrive\\Desktop\\Netra\\netra-core-generation-1\\.dev_services.json\nINFO     dev_launcher.service_config:service_config.py:549 Loaded existing service configuration\n---------------------------- Captured stdout call -----------------------------\n\n=== STARTING REAL DEV LAUNCHER STARTUP TEST ===\n DISCOVER | POSTGRESQL: postgresql://mock:***@localhost:5432/mock\n DISCOVER | CLICKHOUSE: clickhouse://default:***@localhost:8123/netra_dev\n DISCOVER | REDIS: redis://localhost:6379/0\n[DISCOVER] WEBSOCKET | Discovered endpoint: main_ws -> ws://localhost:8000/ws (required)\n[DISCOVER] WEBSOCKET | Discovered endpoint: mcp_ws -> ws://localhost:8000/api/mcp/ws (optional)\n============================================================\n[LAUNCH] Netra AI Development Environment\n============================================================\n[CONFIG] Configuration:\n[SERVICES] Service Modes:\n  \ufffd Redis       : Local  (localhost:6379)\n  \ufffd ClickHouse  : Local  (localhost:9000)\n  \ufffd PostgreSQL  : Local  (localhost:5433)\n  \ufffd LLM         : Cloud \n\n  \ufffd Dynamic ports: NO\n  \ufffd Backend hot reload: NO\n  \ufffd Frontend hot reload: YES (Next.js native)\n  \ufffd Real-time logging: YES\n  \ufffd Turbopack: NO\n  \ufffd Secret loading: NO\n  \ufffd Verbose output: NO\n\n[ENV] Checking environment...\n[CHECK] Checking environment...\n[OK] Environment check passed\n[DEFAULT] Set BACKEND_PORT=8000\n[DEFAULT] Set FRONTEND_PORT=3000\n[DEFAULT] Set AUTH_PORT=8081\n[DEFAULT] Set WEBSOCKET_PORT=8000\n[DEFAULT] Set CORS_ORIGINS=*\n[TOKEN] Using existing cross-service auth token\n[ENV] Environment check passed\n[SECRETS] Secret loading disabled (--no-secrets flag)\n[STEP 1-2] Checking cache and environment...\n[STEP 3] Loading secrets...\n[STEP 4] Validating database connections...\n DATABASE | Validating 3 database connections...\n CONNECT | main_postgres: Attempt 1/5\n CONNECT | main_clickhouse: Attempt 1/5\n CONNECT | main_redis: Attempt 1/5\n CONNECT | main_redis: Connected successfully\n CONNECT | main_clickhouse: Connected successfully\n CONNECT | main_postgres: Attempt 2/5\n CONNECT | main_postgres: Attempt 3/5\n CONNECT | main_postgres: Attempt 4/5\n CONNECT | main_postgres: Attempt 5/5\n CONNECT | main_postgres: Failed after 5 attempts - Connection test failed\n DATABASE | Database validation failed - check logs for details\n[ERROR] Database validation failed\n[ERROR] Failed to start services\nLauncher exited with code: 1\n------------------------------ Captured log call ------------------------------\nINFO     dev_launcher.health_monitor:health_monitor.py:139 HealthMonitor initialized (check_interval: 30s)\nINFO     dev_launcher.health_monitor:health_monitor.py:141 Windows process verification enabled\nINFO     dev_launcher.process_manager:process_manager.py:58 ProcessManager initialized for win32\nINFO     dev_launcher.process_manager:process_manager.py:60 Enhanced Windows process tree management enabled\nINFO     dev_launcher.database_connector:database_connector.py:130 Discovered 3 database connections\nINFO     dev_launcher.websocket_validator:websocket_validator.py:82 Discovered 2 WebSocket endpoints\nINFO     dev_launcher.launcher:launcher.py:165 Signal handlers registered for graceful shutdown\nDEBUG    dev_launcher.service_discovery:service_discovery.py:95 Cleared all service discovery information\n-------------------------- Captured stdout teardown ---------------------------\nCleaning up launcher instance...\nRestored environment variables\nRemoved test configuration\nRestored original configuration\n=========================== short test summary info ===========================\nFAILED tests/e2e/test_dev_launcher_real_startup.py::TestDevLauncherRealStartup::test_real_dev_launcher_startup_sequence\n!!!!!!!!!!!!!!!!!!!!!!!!!! stopping after 1 failures !!!!!!!!!!!!!!!!!!!!!!!!!!\n================= 1 failed, 3 passed, 4 deselected in 47.07s ==================\n",
      "errors": ""
    }
  },
  "overall_success": false,
  "total_duration": 161.9066915512085
}