{
  "timestamp": "20250822_094542",
  "level": "integration",
  "environment": "local",
  "services": {
    "backend": {
      "success": false,
      "duration": 24.522125482559204,
      "output": "============================= test session starts =============================\nplatform win32 -- Python 3.12.3, pytest-8.4.1, pluggy-1.6.0 -- C:\\Program Files\\Python312\\python.exe\ncachedir: .pytest_cache\nrootdir: C:\\Users\\antho\\OneDrive\\Desktop\\Netra\\netra-core-generation-1\\netra_backend\nconfigfile: pytest.ini\nplugins: anyio-4.9.0, Faker-37.5.3, langsmith-0.4.15, asyncio-1.1.0, cov-6.2.1, mock-3.14.1, xdist-3.8.0\nasyncio: mode=Mode.AUTO, asyncio_default_fixture_loop_scope=session, asyncio_default_test_loop_scope=function\ncollecting ... collected 755 items / 1 error\n\n=================================== ERRORS ====================================\n____ ERROR collecting tests/clickhouse/test_clickhouse_array_operations.py ____\nImportError while importing test module 'C:\\Users\\antho\\OneDrive\\Desktop\\Netra\\netra-core-generation-1\\netra_backend\\tests\\clickhouse\\test_clickhouse_array_operations.py'.\nHint: make sure your test modules/packages have valid Python names.\nTraceback:\nC:\\Users\\antho\\AppData\\Roaming\\Python\\Python312\\site-packages\\_pytest\\python.py:498: in importtestmodule\n    mod = import_path(\nC:\\Users\\antho\\AppData\\Roaming\\Python\\Python312\\site-packages\\_pytest\\pathlib.py:587: in import_path\n    importlib.import_module(module_name)\nC:\\Program Files\\Python312\\Lib\\importlib\\__init__.py:90: in import_module\n    return _bootstrap._gcd_import(name[level:], package, level)\n           ^^^^^^^^^^^^^^^^^^^^^^^^^^^^^^^^^^^^^^^^^^^^^^^^^^^^\n<frozen importlib._bootstrap>:1387: in _gcd_import\n    ???\n<frozen importlib._bootstrap>:1360: in _find_and_load\n    ???\n<frozen importlib._bootstrap>:1331: in _find_and_load_unlocked\n    ???\n<frozen importlib._bootstrap>:935: in _load_unlocked\n    ???\nC:\\Users\\antho\\AppData\\Roaming\\Python\\Python312\\site-packages\\_pytest\\assertion\\rewrite.py:186: in exec_module\n    exec(co, module.__dict__)\ntests\\clickhouse\\test_clickhouse_array_operations.py:18: in <module>\n    from netra_backend.tests.fixtures.realistic_test_fixtures import (\ntests\\fixtures\\__init__.py:21: in <module>\n    from netra_backend.tests.fixtures.test_fixtures import mock_cache, mock_database\nC:\\Users\\antho\\AppData\\Roaming\\Python\\Python312\\site-packages\\_pytest\\assertion\\rewrite.py:186: in exec_module\n    exec(co, module.__dict__)\ntests\\fixtures\\test_fixtures.py:6: in <module>\n    from netra_backend.tests.helpers.test_utils import setup_test_path\nE   ModuleNotFoundError: No module named 'netra_backend.tests.helpers.test_utils'\n============================== warnings summary ===============================\n..\\..\\..\\..\\..\\AppData\\Roaming\\Python\\Python312\\site-packages\\pydantic\\_internal\\_fields.py:198\n  C:\\Users\\antho\\AppData\\Roaming\\Python\\Python312\\site-packages\\pydantic\\_internal\\_fields.py:198: UserWarning: Field name \"schema\" in \"DataSample\" shadows an attribute in parent \"BaseModel\"\n    warnings.warn(\n\n..\\..\\..\\..\\..\\AppData\\Roaming\\Python\\Python312\\site-packages\\pydantic\\_internal\\_fields.py:198\n  C:\\Users\\antho\\AppData\\Roaming\\Python\\Python312\\site-packages\\pydantic\\_internal\\_fields.py:198: UserWarning: Field name \"schema\" in \"DataCatalog\" shadows an attribute in parent \"BaseModel\"\n    warnings.warn(\n\napp\\agents\\base\\monitoring.py:68\napp\\agents\\base\\monitoring.py:68\napp\\agents\\base\\monitoring.py:68\n  C:\\Users\\antho\\OneDrive\\Desktop\\Netra\\netra-core-generation-1\\netra_backend\\app\\agents\\base\\monitoring.py:68: DeprecationWarning: datetime.datetime.utcnow() is deprecated and scheduled for removal in a future version. Use timezone-aware objects to represent datetimes in UTC: datetime.datetime.now(datetime.UTC).\n    \"system_start_time\": datetime.utcnow(),\n\ntests\\agents\\test_error_handler_enums.py:48\n  C:\\Users\\antho\\OneDrive\\Desktop\\Netra\\netra-core-generation-1\\netra_backend\\tests\\agents\\test_error_handler_enums.py:48: PytestCollectionWarning: cannot collect test class 'TestErrorContext' because it has a __init__ constructor (from: tests/agents/test_error_handler_enums.py)\n    class TestErrorContext(SharedTestErrorContext):\n\n..\\..\\..\\..\\..\\AppData\\Roaming\\Python\\Python312\\site-packages\\pydantic\\_internal\\_config.py:323\n..\\..\\..\\..\\..\\AppData\\Roaming\\Python\\Python312\\site-packages\\pydantic\\_internal\\_config.py:323\n..\\..\\..\\..\\..\\AppData\\Roaming\\Python\\Python312\\site-packages\\pydantic\\_internal\\_config.py:323\n..\\..\\..\\..\\..\\AppData\\Roaming\\Python\\Python312\\site-packages\\pydantic\\_internal\\_config.py:323\n..\\..\\..\\..\\..\\AppData\\Roaming\\Python\\Python312\\site-packages\\pydantic\\_internal\\_config.py:323\n..\\..\\..\\..\\..\\AppData\\Roaming\\Python\\Python312\\site-packages\\pydantic\\_internal\\_config.py:323\n  C:\\Users\\antho\\AppData\\Roaming\\Python\\Python312\\site-packages\\pydantic\\_internal\\_config.py:323: PydanticDeprecatedSince20: Support for class-based `config` is deprecated, use ConfigDict instead. Deprecated in Pydantic V2.0 to be removed in V3.0. See Pydantic V2 Migration Guide at https://errors.pydantic.dev/2.11/migration/\n    warnings.warn(DEPRECATION_MESSAGE, DeprecationWarning)\n\n..\\..\\..\\..\\..\\AppData\\Roaming\\Python\\Python312\\site-packages\\pydantic\\_internal\\_generate_schema.py:298\n..\\..\\..\\..\\..\\AppData\\Roaming\\Python\\Python312\\site-packages\\pydantic\\_internal\\_generate_schema.py:298\n..\\..\\..\\..\\..\\AppData\\Roaming\\Python\\Python312\\site-packages\\pydantic\\_internal\\_generate_schema.py:298\n..\\..\\..\\..\\..\\AppData\\Roaming\\Python\\Python312\\site-packages\\pydantic\\_internal\\_generate_schema.py:298\n..\\..\\..\\..\\..\\AppData\\Roaming\\Python\\Python312\\site-packages\\pydantic\\_internal\\_generate_schema.py:298\n..\\..\\..\\..\\..\\AppData\\Roaming\\Python\\Python312\\site-packages\\pydantic\\_internal\\_generate_schema.py:298\n..\\..\\..\\..\\..\\AppData\\Roaming\\Python\\Python312\\site-packages\\pydantic\\_internal\\_generate_schema.py:298\n  C:\\Users\\antho\\AppData\\Roaming\\Python\\Python312\\site-packages\\pydantic\\_internal\\_generate_schema.py:298: PydanticDeprecatedSince20: `json_encoders` is deprecated. See https://docs.pydantic.dev/2.11/concepts/serialization/#custom-serializers for alternatives. Deprecated in Pydantic V2.0 to be removed in V3.0. See Pydantic V2 Migration Guide at https://errors.pydantic.dev/2.11/migration/\n    warnings.warn(\n\ntests\\unified_system\\fixtures.py:111\n  C:\\Users\\antho\\OneDrive\\Desktop\\Netra\\netra-core-generation-1\\netra_backend\\tests\\unified_system\\fixtures.py:111: DeprecationWarning: websockets.WebSocketServerProtocol is deprecated\n    connection: websockets.WebSocketServerProtocol\n\n..\\..\\..\\..\\..\\AppData\\Roaming\\Python\\Python312\\site-packages\\websockets\\legacy\\__init__.py:6\n  C:\\Users\\antho\\AppData\\Roaming\\Python\\Python312\\site-packages\\websockets\\legacy\\__init__.py:6: DeprecationWarning: websockets.legacy is deprecated; see https://websockets.readthedocs.io/en/stable/howto/upgrade.html for upgrade instructions\n    warnings.warn(  # deprecated in 14.0 - 2024-11-09\n\n-- Docs: https://docs.pytest.org/en/stable/how-to/capture-warnings.html\n=========================== short test summary info ===========================\nERROR tests/clickhouse/test_clickhouse_array_operations.py\n!!!!!!!!!!!!!!!!!!!!!!!!!! stopping after 1 failures !!!!!!!!!!!!!!!!!!!!!!!!!!\n======================== 21 warnings, 1 error in 7.05s ========================\n",
      "errors": "--- Logging error in Loguru Handler #2 ---\nRecord was: {'elapsed': datetime.timedelta(seconds=21, microseconds=117614), 'exception': None, 'extra': {}, 'file': (name='__init__.py', path='C:\\\\Program Files\\\\Python312\\\\Lib\\\\logging\\\\__init__.py'), 'function': 'handle', 'level': (name='INFO', no=20, icon='\\u2139\\ufe0f'), 'line': 1028, 'message': 'Multiprocessing resources cleaned up', 'module': '__init__', 'name': 'logging', 'process': (id=1376, name='MainProcess'), 'thread': (id=43488, name='MainThread'), 'time': datetime(2025, 8, 22, 9, 44, 32, 547476, tzinfo=datetime.timezone(datetime.timedelta(days=-1, seconds=61200), 'Pacific Daylight Time'))}\nTraceback (most recent call last):\n  File \"C:\\Users\\antho\\AppData\\Roaming\\Python\\Python312\\site-packages\\loguru\\_handler.py\", line 315, in _queued_writer\n    self._sink.write(message)\n  File \"C:\\Users\\antho\\AppData\\Roaming\\Python\\Python312\\site-packages\\loguru\\_simple_sinks.py\", line 16, in write\n    self._stream.write(message)\nValueError: I/O operation on closed file.\n--- End of logging error ---\n"
    },
    "auth": {
      "success": false,
      "duration": 39.54065465927124,
      "output": "============================= test session starts =============================\nplatform win32 -- Python 3.12.3, pytest-8.4.1, pluggy-1.6.0 -- C:\\Program Files\\Python312\\python.exe\ncachedir: .pytest_cache\nrootdir: C:\\Users\\antho\\OneDrive\\Desktop\\Netra\\netra-core-generation-1\\auth_service\nconfigfile: pytest.ini\nplugins: anyio-4.9.0, Faker-37.5.3, langsmith-0.4.15, asyncio-1.1.0, cov-6.2.1, mock-3.14.1, xdist-3.8.0\nasyncio: mode=Mode.STRICT, asyncio_default_fixture_loop_scope=None, asyncio_default_test_loop_scope=function\ncollecting ... collected 193 items\n\ntests/integration/test_auth_oauth_errors.py::TestOAuthErrorHandling::test_oauth_invalid_state_parameter PASSED [  0%]\ntests/integration/test_auth_oauth_errors.py::TestOAuthErrorHandling::test_oauth_denied_access PASSED [  1%]\ntests/integration/test_auth_oauth_errors.py::TestOAuthErrorHandling::test_oauth_token_exchange_failure PASSED [  1%]\ntests/integration/test_auth_oauth_errors.py::TestOAuthErrorHandling::test_oauth_user_info_failure PASSED [  2%]\ntests/integration/test_auth_oauth_errors.py::TestOAuthErrorHandling::test_oauth_network_timeout_handling PASSED [  2%]\ntests/integration/test_auth_oauth_errors.py::TestOAuthErrorHandling::test_oauth_malformed_request_handling PASSED [  3%]\ntests/integration/test_auth_oauth_errors.py::TestOAuthErrorHandling::test_oauth_rate_limiting_behavior PASSED [  3%]\ntests/integration/test_auth_oauth_errors.py::TestOAuthErrorHandling::test_oauth_csrf_protection_validation PASSED [  4%]\ntests/integration/test_auth_oauth_google.py::TestGoogleOAuthFlow::test_google_oauth_initiate PASSED [  4%]\ntests/integration/test_auth_oauth_google.py::TestGoogleOAuthFlow::test_google_oauth_callback_success PASSED [  5%]\ntests/integration/test_auth_oauth_google.py::TestGoogleOAuthFlow::test_google_oauth_token_validation PASSED [  5%]\ntests/integration/test_auth_oauth_google.py::TestGoogleOAuthFlow::test_google_user_profile_mapping PASSED [  6%]\ntests/integration/test_auth_oauth_google.py::TestGoogleOAuthFlow::test_google_oauth_scope_validation PASSED [  6%]\ntests/integration/test_auth_oauth_google.py::TestGoogleOAuthFlow::test_google_oauth_state_security PASSED [  7%]\ntests/integration/test_auth_oauth_google.py::TestGoogleOAuthFlow::test_google_oauth_provider_enum PASSED [  7%]\ntests/integration/test_auth_oauth_google.py::TestGoogleOAuthFlow::test_google_oauth_concurrent_requests PASSED [  8%]\ntests/integration/test_oauth_comprehensive_failures.py::TestOAuthComprehensiveFailures::test_01_successful_oauth_login_basic_flow FAILED [  8%]\n\n================================== FAILURES ===================================\n__ TestOAuthComprehensiveFailures.test_01_successful_oauth_login_basic_flow ___\n\nself = <test_oauth_comprehensive_failures.TestOAuthComprehensiveFailures object at 0x00000249EFA8CF20>\nreal_db_session = <sqlalchemy.orm.session.Session object at 0x00000249F105E510>\n\n    @pytest.mark.asyncio\n    async def test_01_successful_oauth_login_basic_flow(self, real_db_session):\n        \"\"\"\n        Test 1: Basic successful OAuth login flow - THE DEFAULT CASE\n        This MUST work in production but is designed to initially fail.\n        \"\"\"\n        # Simulate Google OAuth callback with valid token\n        state = secrets.token_urlsafe(32)\n        mock_google_user = {\n            \"id\": \"google_123456\",\n            \"email\": \"testuser@example.com\",\n            \"name\": \"Test User\",\n            \"picture\": \"https://example.com/photo.jpg\",\n            \"verified_email\": True,\n        }\n    \n        with patch(\"httpx.AsyncClient.post\") as mock_post:\n            mock_post.return_value.json.return_value = {\n                \"access_token\": \"valid_google_token\",\n                \"token_type\": \"Bearer\",\n                \"expires_in\": 3600,\n            }\n    \n            with patch(\"httpx.AsyncClient.get\") as mock_get:\n                mock_get.return_value.json.return_value = mock_google_user\n    \n                # Use unique code to avoid reuse detection across test runs\n                unique_code = f\"test_auth_code_{secrets.token_urlsafe(8)}\"\n                response = client.post(\n                    \"/auth/callback/google\",\n                    json={\n                        \"code\": unique_code,\n                        \"state\": state,\n                    }\n                )\n    \n        # This SHOULD succeed but will initially fail\n>       assert response.status_code == 200\nE       assert 503 == 200\nE        +  where 503 = <Response [503 Service Unavailable]>.status_code\n\ntests\\integration\\test_oauth_comprehensive_failures.py:134: AssertionError\n------------------------------ Captured log call ------------------------------\nWARNING  auth_service.auth_core.routes.auth_routes:auth_routes.py:629 Using simple string state (test mode)\nERROR    auth_service.auth_core.database.connection:connection.py:216 Auth database transaction rolled back: (sqlite3.OperationalError) no such table: auth_users\n[SQL: SELECT auth_users.id, auth_users.email, auth_users.full_name, auth_users.hashed_password, auth_users.auth_provider, auth_users.provider_user_id, auth_users.provider_data, auth_users.is_active, auth_users.is_verified, auth_users.created_at, auth_users.updated_at, auth_users.last_login_at, auth_users.failed_login_attempts, auth_users.locked_until \nFROM auth_users \nWHERE auth_users.email = ?]\n[parameters: ('testuser@example.com',)]\n(Background on this error at: https://sqlalche.me/e/20/e3q8)\nERROR    auth_service.auth_core.routes.auth_routes:auth_routes.py:795 Database connection failed: (sqlite3.OperationalError) no such table: auth_users\n[SQL: SELECT auth_users.id, auth_users.email, auth_users.full_name, auth_users.hashed_password, auth_users.auth_provider, auth_users.provider_user_id, auth_users.provider_data, auth_users.is_active, auth_users.is_verified, auth_users.created_at, auth_users.updated_at, auth_users.last_login_at, auth_users.failed_login_attempts, auth_users.locked_until \nFROM auth_users \nWHERE auth_users.email = ?]\n[parameters: ('testuser@example.com',)]\n(Background on this error at: https://sqlalche.me/e/20/e3q8)\n============================== warnings summary ===============================\nauth_core\\database\\models.py:11\n  C:\\Users\\antho\\OneDrive\\Desktop\\Netra\\netra-core-generation-1\\auth_service\\auth_core\\database\\models.py:11: MovedIn20Warning: The ``declarative_base()`` function is now available as sqlalchemy.orm.declarative_base(). (deprecated since: 2.0) (Background on SQLAlchemy 2.0 at: https://sqlalche.me/e/b8d9)\n    Base = declarative_base()\n\ntests\\config\\test_env.py:16\n  C:\\Users\\antho\\OneDrive\\Desktop\\Netra\\netra-core-generation-1\\auth_service\\tests\\config\\test_env.py:16: PytestCollectionWarning: cannot collect test class 'TestEnvironment' because it has a __init__ constructor (from: tests/base/test_base.py)\n    class TestEnvironment:\n\ntests\\config\\test_settings.py:85\n  C:\\Users\\antho\\OneDrive\\Desktop\\Netra\\netra-core-generation-1\\auth_service\\tests\\config\\test_settings.py:85: PytestCollectionWarning: cannot collect test class 'TestSettings' because it has a __init__ constructor (from: tests/base/test_base.py)\n    @dataclass\n\ntests\\config\\test_env.py:16\n  C:\\Users\\antho\\OneDrive\\Desktop\\Netra\\netra-core-generation-1\\auth_service\\tests\\config\\test_env.py:16: PytestCollectionWarning: cannot collect test class 'TestEnvironment' because it has a __init__ constructor (from: tests/config/test_env.py)\n    class TestEnvironment:\n\ntests\\config\\test_settings.py:85\n  C:\\Users\\antho\\OneDrive\\Desktop\\Netra\\netra-core-generation-1\\auth_service\\tests\\config\\test_settings.py:85: PytestCollectionWarning: cannot collect test class 'TestSettings' because it has a __init__ constructor (from: tests/config/test_settings.py)\n    @dataclass\n\ntests\\database\\test_config.py:20\n  C:\\Users\\antho\\OneDrive\\Desktop\\Netra\\netra-core-generation-1\\auth_service\\tests\\database\\test_config.py:20: PytestCollectionWarning: cannot collect test class 'TestDatabaseConfig' because it has a __init__ constructor (from: tests/database/test_config.py)\n    class TestDatabaseConfig:\n\ntests\\integration\\test_oauth_comprehensive_failures.py:861\n  C:\\Users\\antho\\OneDrive\\Desktop\\Netra\\netra-core-generation-1\\auth_service\\tests\\integration\\test_oauth_comprehensive_failures.py:861: PytestUnknownMarkWarning: Unknown pytest.mark.staging - is this a typo?  You can register custom marks to avoid this warning - for details, see https://docs.pytest.org/en/stable/how-to/mark.html\n    @pytest.mark.staging\n\ntests\\integration\\test_oauth_comprehensive_failures.py:895\n  C:\\Users\\antho\\OneDrive\\Desktop\\Netra\\netra-core-generation-1\\auth_service\\tests\\integration\\test_oauth_comprehensive_failures.py:895: PytestUnknownMarkWarning: Unknown pytest.mark.staging - is this a typo?  You can register custom marks to avoid this warning - for details, see https://docs.pytest.org/en/stable/how-to/mark.html\n    @pytest.mark.staging\n\n-- Docs: https://docs.pytest.org/en/stable/how-to/capture-warnings.html\n=========================== short test summary info ===========================\nFAILED tests/integration/test_oauth_comprehensive_failures.py::TestOAuthComprehensiveFailures::test_01_successful_oauth_login_basic_flow - assert 503 == 200\n +  where 503 = <Response [503 Service Unavailable]>.status_code\n!!!!!!!!!!!!!!!!!!!!!!!!!! stopping after 1 failures !!!!!!!!!!!!!!!!!!!!!!!!!!\n================== 1 failed, 16 passed, 8 warnings in 36.24s ==================\n",
      "errors": ""
    },
    "frontend": {
      "success": false,
      "duration": 16.621930599212646,
      "output": "  console.warn\n    [2025-08-22T16:45:27.890Z] WARN: Received 401, attempting [REDACTED] undefined\n\n    \u001b[0m \u001b[90m 217 |\u001b[39m       \u001b[36mreturn\u001b[39m\u001b[33m;\u001b[39m\n     \u001b[90m 218 |\u001b[39m     }\n    \u001b[31m\u001b[1m>\u001b[22m\u001b[39m\u001b[90m 219 |\u001b[39m     originalWarn\u001b[33m.\u001b[39mcall(console\u001b[33m,\u001b[39m \u001b[33m...\u001b[39margs)\u001b[33m;\u001b[39m\n     \u001b[90m     |\u001b[39m                  \u001b[31m\u001b[1m^\u001b[22m\u001b[39m\n     \u001b[90m 220 |\u001b[39m   }\u001b[33m;\u001b[39m\n     \u001b[90m 221 |\u001b[39m })\u001b[33m;\u001b[39m\n     \u001b[90m 222 |\u001b[39m\u001b[0m\n\n      at console.call (jest.setup.js:219:18)\n      at FrontendLogger.warn [as log] (lib/logger.ts:145:19)\n      at FrontendLogger.log [as warn] (lib/logger.ts:211:10)\n      at AuthInterceptor.warn [as authenticatedFetch] (lib/auth-interceptor.ts:186:16)\n      at performFetch (services/apiClientWrapper.ts:145:24)\n      at ApiClientWrapper.retryRequest (services/apiClientWrapper.ts:83:16)\n      at ApiClientWrapper.request (services/apiClientWrapper.ts:188:16)\n\n  console.info\n    [2025-08-22T16:45:28.285Z] INFO: [REDACTED] successfully undefined\n\n      at FrontendLogger.info [as log] (lib/logger.ts:142:19)\n\n  console.info\n    [2025-08-22T16:45:28.290Z] INFO: Retrying request with refreshed token undefined\n\n      at FrontendLogger.info [as log] (lib/logger.ts:142:19)\n\n  console.log\n    \ud83d\udce6 ChatSidebarHooks module mock created\n\n      at log (__tests__/components/ChatSidebar/setup.tsx:43:11)\n\n  console.log\n    \ud83d\udd27 Configuring authentication mocks with: { isAuthenticated: true, userTier: 'Early' }\n\n      at ChatSidebarTestSetup.log [as beforeEach] (__tests__/components/ChatSidebar/setup.tsx:300:13)\n\n  console.log\n    \ud83d\udd27 configureAuthState called with overrides: { isAuthenticated: true, userTier: 'Early' }\n\n      at ChatSidebarTestSetup.log [as configureAuthState] (__tests__/components/ChatSidebar/setup.tsx:476:13)\n\n  console.log\n    \ud83c\udfaf Final authStateConfig: {\n      isAuthenticated: true,\n      isLoading: false,\n      user: { id: 'test-user-1', email: 'test@example.com', role: 'user' },\n      userTier: 'Early',\n      error: null,\n      refreshAuth: [Function: mockConstructor] {\n        _isMockFunction: true,\n        getMockImplementation: [Function (anonymous)],\n        mock: [Getter/Setter],\n        mockClear: [Function (anonymous)],\n        mockReset: [Function (anonymous)],\n        mockRestore: [Function (anonymous)],\n        mockReturnValueOnce: [Function (anonymous)],\n        mockResolvedValueOnce: [Function (anonymous)],\n        mockRejectedValueOnce: [Function (anonymous)],\n        mockReturnValue: [Function (anonymous)],\n        mockResolvedValue: [Function (anonymous)],\n        mockRejectedValue: [Function (anonymous)],\n        mockImplementationOnce: [Function (anonymous)],\n        withImplementation: [Function: bound withImplementation],\n        mockImplementation: [Function (anonymous)],\n        mockReturnThis: [Function (anonymous)],\n        mockName: [Function (anonymous)],\n        getMockName: [Function (anonymous)],\n        Symbol(Symbol.dispose): [Function (anonymous)]\n      },\n      logout: [Function: mockConstructor] {\n        _isMockFunction: true,\n        getMockImplementation: [Function (anonymous)],\n        mock: [Getter/Setter],\n        mockClear: [Function (anonymous)],\n        mockReset: [Function (anonymous)],\n        mockRestore: [Function (anonymous)],\n        mockReturnValueOnce: [Function (anonymous)],\n        mockResolvedValueOnce: [Function (anonymous)],\n        mockRejectedValueOnce: [Function (anonymous)],\n        mockReturnValue: [Function (anonymous)],\n        mockResolvedValue: [Function (anonymous)],\n        mockRejectedValue: [Function (anonymous)],\n        mockImplementationOnce: [Function (anonymous)],\n        withImplementation: [Function: bound withImplementation],\n        mockImplementation: [Function (anonymous)],\n        mockReturnThis: [Function (anonymous)],\n        mockName: [Function (anonymous)],\n        getMockName: [Function (anonymous)],\n        Symbol(Symbol.dispose): [Function (anonymous)]\n      },\n      clearError: [Function: mockConstructor] {\n        _isMockFunction: true,\n        getMockImplementation: [Function (anonymous)],\n        mock: [Getter/Setter],\n        mockClear: [Function (anonymous)],\n        mockReset: [Function (anonymous)],\n        mockRestore: [Function (anonymous)],\n        mockReturnValueOnce: [Function (anonymous)],\n        mockResolvedValueOnce: [Function (anonymous)],\n        mockRejectedValueOnce: [Function (anonymous)],\n        mockReturnValue: [Function (anonymous)],\n        mockResolvedValue: [Function (anonymous)],\n        mockRejectedValue: [Function (anonymous)],\n        mockImplementationOnce: [Function (anonymous)],\n        withImplementation: [Function: bound withImplementation],\n        mockImplementation: [Function (anonymous)],\n        mockReturnThis: [Function (anonymous)],\n        mockName: [Function (anonymous)],\n        getMockName: [Function (anonymous)],\n        Symbol(Symbol.dispose): [Function (anonymous)]\n      },\n      hasPermission: [Function: mockConstructor] {\n        _isMockFunction: true,\n        getMockImplementation: [Function (anonymous)],\n        mock: [Getter/Setter],\n        mockClear: [Function (anonymous)],\n        mockReset: [Function (anonymous)],\n        mockRestore: [Function (anonymous)],\n        mockReturnValueOnce: [Function (anonymous)],\n        mockResolvedValueOnce: [Function (anonymous)],\n        mockRejectedValueOnce: [Function (anonymous)],\n        mockReturnValue: [Function (anonymous)],\n        mockResolvedValue: [Function (anonymous)],\n        mockRejectedValue: [Function (anonymous)],\n        mockImplementationOnce: [Function (anonymous)],\n        withImplementation: [Function: bound withImplementation],\n        mockImplementation: [Function (anonymous)],\n        mockReturnThis: [Function (anonymous)],\n        mockName: [Function (anonymous)],\n        getMockName: [Function (anonymous)],\n        Symbol(Symbol.dispose): [Function (anonymous)]\n      },\n      isAdminOrHigher: [Function: mockConstructor] {\n        _isMockFunction: true,\n        getMockImplementation: [Function (anonymous)],\n        mock: [Getter/Setter],\n        mockClear: [Function (anonymous)],\n        mockReset: [Function (anonymous)],\n        mockRestore: [Function (anonymous)],\n        mockReturnValueOnce: [Function (anonymous)],\n        mockResolvedValueOnce: [Function (anonymous)],\n        mockRejectedValueOnce: [Function (anonymous)],\n        mockReturnValue: [Function (anonymous)],\n        mockResolvedValue: [Function (anonymous)],\n        mockRejectedValue: [Function (anonymous)],\n        mockImplementationOnce: [Function (anonymous)],\n        withImplementation: [Function: bound withImplementation],\n        mockImplementation: [Function (anonymous)],\n        mockReturnThis: [Function (anonymous)],\n        mockName: [Function (anonymous)],\n        getMockName: [Function (anonymous)],\n        Symbol(Symbol.dispose): [Function (anonymous)]\n      },\n      isDeveloperOrHigher: [Function: mockConstructor] {\n        _isMockFunction: true,\n        getMockImplementation: [Function (anonymous)],\n        mock: [Getter/Setter],\n        mockClear: [Function (anonymous)],\n        mockReset: [Function (anonymous)],\n        mockRestore: [Function (anonymous)],\n        mockReturnValueOnce: [Function (anonymous)],\n        mockResolvedValueOnce: [Function (anonymous)],\n        mockRejectedValueOnce: [Function (anonymous)],\n        mockReturnValue: [Function (anonymous)],\n        mockResolvedValue: [Function (anonymous)],\n        mockRejectedValue: [Function (anonymous)],\n        mockImplementationOnce: [Function (anonymous)],\n        withImplementation: [Function: bound withImplementation],\n        mockImplementation: [Function (anonymous)],\n        mockReturnThis: [Function (anonymous)],\n        mockName: [Function (anonymous)],\n        getMockName: [Function (anonymous)],\n        Symbol(Symbol.dispose): [Function (anonymous)]\n      }\n    }\n\n      at ChatSidebarTestSetup.log [as configureAuthState] (__tests__/components/ChatSidebar/setup.tsx:477:13)\n\n  console.log\n    \ud83d\udd27 configureChatSidebarHooks called with: {\n      threadsProvided: true,\n      threadsCount: 3,\n      threadIds: [ 'thread-1', 'thread-2', 'thread-3' ]\n    }\n\n      at ChatSidebarTestSetup.log [as configureChatSidebarHooks] (__tests__/components/ChatSidebar/setup.tsx:378:13)\n\n  console.log\n    \ud83c\udfaf Mock configurations: {\n      threadLoaderConfig: {\n        threads: [ [Object], [Object], [Object] ],\n        isLoadingThreads: false,\n        loadError: null,\n        loadThreads: [Function: mockConstructor] {\n          _isMockFunction: true,\n          getMockImplementation: [Function (anonymous)],\n          mock: [Getter/Setter],\n          mockClear: [Function (anonymous)],\n          mockReset: [Function (anonymous)],\n          mockRestore: [Function (anonymous)],\n          mockReturnValueOnce: [Function (anonymous)],\n          mockResolvedValueOnce: [Function (anonymous)],\n          mockRejectedValueOnce: [Function (anonymous)],\n          mockReturnValue: [Function (anonymous)],\n          mockResolvedValue: [Function (anonymous)],\n          mockRejectedValue: [Function (anonymous)],\n          mockImplementationOnce: [Function (anonymous)],\n          withImplementation: [Function: bound withImplementation],\n          mockImplementation: [Function (anonymous)],\n          mockReturnThis: [Function (anonymous)],\n          mockName: [Function (anonymous)],\n          getMockName: [Function (anonymous)],\n          Symbol(Symbol.dispose): [Function (anonymous)]\n        }\n      },\n      threadFilteringConfig: {\n        sortedThreads: [ [Object], [Object], [Object] ],\n        paginatedThreads: [ [Object], [Object], [Object] ],\n        totalPages: 1\n      }\n    }\n\n      at ChatSidebarTestSetup.log [as configureChatSidebarHooks] (__tests__/components/ChatSidebar/setup.tsx:416:13)\n\n  console.log\n    \ud83c\udfaf Applied mock configurations using mockImplementation with debugging\n\n      at ChatSidebarTestSetup.log [as configureChatSidebarHooks] (__tests__/components/ChatSidebar/setup.tsx:453:13)\n\n  console.log\n    \ud83d\udd25 HOOK CALLED: useChatSidebarState (CONFIGURED) {\n      searchQuery: '',\n      setSearchQuery: [Function: mockConstructor] {\n        _isMockFunction: true,\n        getMockImplementation: [Function (anonymous)],\n        mock: [Getter/Setter],\n        mockClear: [Function (anonymous)],\n        mockReset: [Function (anonymous)],\n        mockRestore: [Function (anonymous)],\n        mockReturnValueOnce: [Function (anonymous)],\n        mockResolvedValueOnce: [Function (anonymous)],\n        mockRejectedValueOnce: [Function (anonymous)],\n        mockReturnValue: [Function (anonymous)],\n        mockResolvedValue: [Function (anonymous)],\n        mockRejectedValue: [Function (anonymous)],\n        mockImplementationOnce: [Function (anonymous)],\n        withImplementation: [Function: bound withImplementation],\n        mockImplementation: [Function (anonymous)],\n        mockReturnThis: [Function (anonymous)],\n        mockName: [Function (anonymous)],\n        getMockName: [Function (anonymous)],\n        Symbol(Symbol.dispose): [Function (anonymous)]\n      },\n      isCreatingThread: false,\n      setIsCreatingThread: [Function: mockConstructor] {\n        _isMockFunction: true,\n        getMockImplementation: [Function (anonymous)],\n        mock: [Getter/Setter],\n        mockClear: [Function (anonymous)],\n        mockReset: [Function (anonymous)],\n        mockRestore: [Function (anonymous)],\n        mockReturnValueOnce: [Function (anonymous)],\n        mockResolvedValueOnce: [Function (anonymous)],\n        mockRejectedValueOnce: [Function (anonymous)],\n        mockReturnValue: [Function (anonymous)],\n        mockResolvedValue: [Function (anonymous)],\n        mockRejectedValue: [Function (anonymous)],\n        mockImplementationOnce: [Function (anonymous)],\n        withImplementation: [Function: bound withImplementation],\n        mockImplementation: [Function (anonymous)],\n        mockReturnThis: [Function (anonymous)],\n        mockName: [Function (anonymous)],\n        getMockName: [Function (anonymous)],\n        Symbol(Symbol.dispose): [Function (anonymous)]\n      },\n      showAllThreads: false,\n      setShowAllThreads: [Function: mockConstructor] {\n        _isMockFunction: true,\n        getMockImplementation: [Function (anonymous)],\n        mock: [Getter/Setter],\n        mockClear: [Function (anonymous)],\n        mockReset: [Function (anonymous)],\n        mockRestore: [Function (anonymous)],\n        mockReturnValueOnce: [Function (anonymous)],\n        mockResolvedValueOnce: [Function (anonymous)],\n        mockRejectedValueOnce: [Function (anonymous)],\n        mockReturnValue: [Function (anonymous)],\n        mockResolvedValue: [Function (anonymous)],\n        mockRejectedValue: [Function (anonymous)],\n        mockImplementationOnce: [Function (anonymous)],\n        withImplementation: [Function: bound withImplementation],\n        mockImplementation: [Function (anonymous)],\n        mockReturnThis: [Function (anonymous)],\n        mockName: [Function (anonymous)],\n        getMockName: [Function (anonymous)],\n        Symbol(Symbol.dispose): [Function (anonymous)]\n      },\n      filterType: 'all',\n      setFilterType: [Function: mockConstructor] {\n        _isMockFunction: true,\n        getMockImplementation: [Function (anonymous)],\n        mock: [Getter/Setter],\n        mockClear: [Function (anonymous)],\n        mockReset: [Function (anonymous)],\n        mockRestore: [Function (anonymous)],\n        mockReturnValueOnce: [Function (anonymous)],\n        mockResolvedValueOnce: [Function (anonymous)],\n        mockRejectedValueOnce: [Function (anonymous)],\n        mockReturnValue: [Function (anonymous)],\n        mockResolvedValue: [Function (anonymous)],\n        mockRejectedValue: [Function (anonymous)],\n        mockImplementationOnce: [Function (anonymous)],\n        withImplementation: [Function: bound withImplementation],\n        mockImplementation: [Function (anonymous)],\n        mockReturnThis: [Function (anonymous)],\n        mockName: [Function (anonymous)],\n        getMockName: [Function (anonymous)],\n        Symbol(Symbol.dispose): [Function (anonymous)]\n      },\n      currentPage: 1,\n      setCurrentPage: [Function: mockConstructor] {\n        _isMockFunction: true,\n        getMockImplementation: [Function (anonymous)],\n        mock: [Getter/Setter],\n        mockClear: [Function (anonymous)],\n        mockReset: [Function (anonymous)],\n        mockRestore: [Function (anonymous)],\n        mockReturnValueOnce: [Function (anonymous)],\n        mockResolvedValueOnce: [Function (anonymous)],\n        mockRejectedValueOnce: [Function (anonymous)],\n        mockReturnValue: [Function (anonymous)],\n        mockResolvedValue: [Function (anonymous)],\n        mockRejectedValue: [Function (anonymous)],\n        mockImplementationOnce: [Function (anonymous)],\n        withImplementation: [Function: bound withImplementation],\n        mockImplementation: [Function (anonymous)],\n        mockReturnThis: [Function (anonymous)],\n        mockName: [Function (anonymous)],\n        getMockName: [Function (anonymous)],\n        Symbol(Symbol.dispose): [Function (anonymous)]\n      }\n    }\n\n      at Object.log (__tests__/components/ChatSidebar/setup.tsx:424:15)\n\n  console.warn\n    [2025-08-22T16:45:29.322Z] WARN: Received 401, attempting [REDACTED] undefined\n\n    \u001b[0m \u001b[90m 217 |\u001b[39m       \u001b[36mreturn\u001b[39m\u001b[33m;\u001b[39m\n     \u001b[90m 218 |\u001b[39m     }\n    \u001b[31m\u001b[1m>\u001b[22m\u001b[39m\u001b[90m 219 |\u001b[39m     originalWarn\u001b[33m.\u001b[39mcall(console\u001b[33m,\u001b[39m \u001b[33m...\u001b[39margs)\u001b[33m;\u001b[39m\n     \u001b[90m     |\u001b[39m                  \u001b[31m\u001b[1m^\u001b[22m\u001b[39m\n     \u001b[90m 220 |\u001b[39m   }\u001b[33m;\u001b[39m\n     \u001b[90m 221 |\u001b[39m })\u001b[33m;\u001b[39m\n     \u001b[90m 222 |\u001b[39m\u001b[0m\n\n      at console.call (jest.setup.js:219:18)\n      at FrontendLogger.warn [as log] (lib/logger.ts:145:19)\n      at FrontendLogger.log [as warn] (lib/logger.ts:211:10)\n      at AuthInterceptor.warn [as authenticatedFetch] (lib/auth-interceptor.ts:186:16)\n      at performFetch (services/apiClientWrapper.ts:145:24)\n      at ApiClientWrapper.retryRequest (services/apiClientWrapper.ts:83:16)\n      at ApiClientWrapper.request (services/apiClientWrapper.ts:188:16)\n      at Object.<anonymous> (__tests__/services/apiClient.test.ts:92:9)\n\n  console.info\n    [2025-08-22T16:45:29.350Z] INFO: [REDACTED] successfully undefined\n\n      at FrontendLogger.info [as log] (lib/logger.ts:142:19)\n\n  console.info\n    [2025-08-22T16:45:29.356Z] INFO: Retrying request with refreshed token undefined\n\n      at FrontendLogger.info [as log] (lib/logger.ts:142:19)\n\n  console.error\n    An update to WebSocketSetupTestComponent inside a test was not wrapped in act(...).\n    \n    When testing, code that causes React state updates should be wrapped into act(...):\n    \n    act(() => {\n      /* fire events that update state */\n    });\n    /* assert on the output */\n    \n    This ensures that you're testing the behavior the user would see in the browser. Learn more at https://react.dev/link/wrap-tests-with-act\n\n    \u001b[0m \u001b[90m 207 |\u001b[39m       \u001b[36mreturn\u001b[39m\u001b[33m;\u001b[39m\n     \u001b[90m 208 |\u001b[39m     }\n    \u001b[31m\u001b[1m>\u001b[22m\u001b[39m\u001b[90m 209 |\u001b[39m     originalError\u001b[33m.\u001b[39mcall(console\u001b[33m,\u001b[39m \u001b[33m...\u001b[39margs)\u001b[33m;\u001b[39m\n     \u001b[90m     |\u001b[39m                   \u001b[31m\u001b[1m^\u001b[22m\u001b[39m\n     \u001b[90m 210 |\u001b[39m   }\u001b[33m;\u001b[39m\n     \u001b[90m 211 |\u001b[39m   \n     \u001b[90m 212 |\u001b[39m   console\u001b[33m.\u001b[39mwarn \u001b[33m=\u001b[39m (\u001b[33m...\u001b[39margs) \u001b[33m=>\u001b[39m {\u001b[0m\n\n      at console.call [as error] (jest.setup.js:209:19)\n      at node_modules/react-dom/cjs/react-dom-client.development.js:16023:19\n      at runWithFiberInDEV (node_modules/react-dom/cjs/react-dom-client.development.js:1522:13)\n      at warnIfUpdatesNotWrappedWithActDEV (node_modules/react-dom/cjs/react-dom-client.development.js:16022:9)\n      at scheduleUpdateOnFiber (node_modules/react-dom/cjs/react-dom-client.development.js:14396:11)\n      at dispatchSetStateInternal (node_modules/react-dom/cjs/react-dom-client.development.js:6969:13)\n      at dispatchSetState (node_modules/react-dom/cjs/react-dom-client.development.js:6927:7)\n      at setConnectionState (__tests__/integration/login-websocket-setup.test.tsx:155:7)\n      at checkAuthAndConnect (__tests__/integration/login-websocket-setup.test.tsx:137:9)\n\n  console.error\n    An update to WebSocketSetupTestComponent inside a test was not wrapped in act(...).\n    \n    When testing, code that causes React state updates should be wrapped into act(...):\n    \n    act(() => {\n      /* fire events that update state */\n    });\n    /* assert on the output */\n    \n    This ensures that you're testing the behavior the user would see in the browser. Learn more at https://react.dev/link/wrap-tests-with-act\n\n    \u001b[0m \u001b[90m 207 |\u001b[39m       \u001b[36mreturn\u001b[39m\u001b[33m;\u001b[39m\n     \u001b[90m 208 |\u001b[39m     }\n    \u001b[31m\u001b[1m>\u001b[22m\u001b[39m\u001b[90m 209 |\u001b[39m     originalError\u001b[33m.\u001b[39mcall(console\u001b[33m,\u001b[39m \u001b[33m...\u001b[39margs)\u001b[33m;\u001b[39m\n     \u001b[90m     |\u001b[39m                   \u001b[31m\u001b[1m^\u001b[22m\u001b[39m\n     \u001b[90m 210 |\u001b[39m   }\u001b[33m;\u001b[39m\n     \u001b[90m 211 |\u001b[39m   \n     \u001b[90m 212 |\u001b[39m   console\u001b[33m.\u001b[39mwarn \u001b[33m=\u001b[39m (\u001b[33m...\u001b[39margs) \u001b[33m=>\u001b[39m {\u001b[0m\n\n      at console.call [as error] (jest.setup.js:209:19)\n      at node_modules/react-dom/cjs/react-dom-client.development.js:16023:19\n      at runWithFiberInDEV (node_modules/react-dom/cjs/react-dom-client.development.js:1522:13)\n      at warnIfUpdatesNotWrappedWithActDEV (node_modules/react-dom/cjs/react-dom-client.development.js:16022:9)\n      at scheduleUpdateOnFiber (node_modules/react-dom/cjs/react-dom-client.development.js:14396:11)\n      at dispatchSetStateInternal (node_modules/react-dom/cjs/react-dom-client.development.js:6969:13)\n      at dispatchSetState (node_modules/react-dom/cjs/react-dom-client.development.js:6927:7)\n      at setAuthState (__tests__/integration/login-websocket-setup.test.tsx:166:9)\n\n  console.error\n    An update to WebSocketSetupTestComponent inside a test was not wrapped in act(...).\n    \n    When testing, code that causes React state updates should be wrapped into act(...):\n    \n    act(() => {\n      /* fire events that update state */\n    });\n    /* assert on the output */\n    \n    This ensures that you're testing the behavior the user would see in the browser. Learn more at https://react.dev/link/wrap-tests-with-act\n\n    \u001b[0m \u001b[90m 207 |\u001b[39m       \u001b[36mreturn\u001b[39m\u001b[33m;\u001b[39m\n     \u001b[90m 208 |\u001b[39m     }\n    \u001b[31m\u001b[1m>\u001b[22m\u001b[39m\u001b[90m 209 |\u001b[39m     originalError\u001b[33m.\u001b[39mcall(console\u001b[33m,\u001b[39m \u001b[33m...\u001b[39margs)\u001b[33m;\u001b[39m\n     \u001b[90m     |\u001b[39m                   \u001b[31m\u001b[1m^\u001b[22m\u001b[39m\n     \u001b[90m 210 |\u001b[39m   }\u001b[33m;\u001b[39m\n     \u001b[90m 211 |\u001b[39m   \n     \u001b[90m 212 |\u001b[39m   console\u001b[33m.\u001b[39mwarn \u001b[33m=\u001b[39m (\u001b[33m...\u001b[39margs) \u001b[33m=>\u001b[39m {\u001b[0m\n\n      at console.call [as error] (jest.setup.js:209:19)\n      at node_modules/react-dom/cjs/react-dom-client.development.js:16023:19\n      at runWithFiberInDEV (node_modules/react-dom/cjs/react-dom-client.development.js:1522:13)\n      at warnIfUpdatesNotWrappedWithActDEV (node_modules/react-dom/cjs/react-dom-client.development.js:16022:9)\n      at scheduleUpdateOnFiber (node_modules/react-dom/cjs/react-dom-client.development.js:14396:11)\n      at dispatchSetStateInternal (node_modules/react-dom/cjs/react-dom-client.development.js:6969:13)\n      at dispatchSetState (node_modules/react-dom/cjs/react-dom-client.development.js:6927:7)\n      at setConnectionState (__tests__/integration/login-websocket-setup.test.tsx:147:7)\n      at initiateWebSocketConnection (__tests__/integration/login-websocket-setup.test.tsx:167:15)\n\n  console.error\n    An update to WebSocketSetupTestComponent inside a test was not wrapped in act(...).\n    \n    When testing, code that causes React state updates should be wrapped into act(...):\n    \n    act(() => {\n      /* fire events that update state */\n    });\n    /* assert on the output */\n    \n    This ensures that you're testing the behavior the user would see in the browser. Learn more at https://react.dev/link/wrap-tests-with-act\n\n    \u001b[0m \u001b[90m 207 |\u001b[39m       \u001b[36mreturn\u001b[39m\u001b[33m;\u001b[39m\n     \u001b[90m 208 |\u001b[39m     }\n    \u001b[31m\u001b[1m>\u001b[22m\u001b[39m\u001b[90m 209 |\u001b[39m     originalError\u001b[33m.\u001b[39mcall(console\u001b[33m,\u001b[39m \u001b[33m...\u001b[39margs)\u001b[33m;\u001b[39m\n     \u001b[90m     |\u001b[39m                   \u001b[31m\u001b[1m^\u001b[22m\u001b[39m\n     \u001b[90m 210 |\u001b[39m   }\u001b[33m;\u001b[39m\n     \u001b[90m 211 |\u001b[39m   \n     \u001b[90m 212 |\u001b[39m   console\u001b[33m.\u001b[39mwarn \u001b[33m=\u001b[39m (\u001b[33m...\u001b[39margs) \u001b[33m=>\u001b[39m {\u001b[0m\n\n      at console.call [as error] (jest.setup.js:209:19)\n      at node_modules/react-dom/cjs/react-dom-client.development.js:16023:19\n      at runWithFiberInDEV (node_modules/react-dom/cjs/react-dom-client.development.js:1522:13)\n      at warnIfUpdatesNotWrappedWithActDEV (node_modules/react-dom/cjs/react-dom-client.development.js:16022:9)\n      at scheduleUpdateOnFiber (node_modules/react-dom/cjs/react-dom-client.development.js:14396:11)\n      at dispatchSetStateInternal (node_modules/react-dom/cjs/react-dom-client.development.js:6969:13)\n      at dispatchSetState (node_modules/react-dom/cjs/react-dom-client.development.js:6927:7)\n      at setConnectionState (__tests__/integration/login-websocket-setup.test.tsx:155:7)\n      at handleLogin (__tests__/integration/login-websocket-setup.test.tsx:167:9)\n\n  console.error\n    An update to WebSocketSetupTestComponent inside a test was not wrapped in act(...).\n    \n    When testing, code that causes React state updates should be wrapped into act(...):\n    \n    act(() => {\n      /* fire events that update state */\n    });\n    /* assert on the output */\n    \n    This ensures that you're testing the behavior the user would see in the browser. Learn more at https://react.dev/link/wrap-tests-with-act\n\n    \u001b[0m \u001b[90m 207 |\u001b[39m       \u001b[36mreturn\u001b[39m\u001b[33m;\u001b[39m\n     \u001b[90m 208 |\u001b[39m     }\n    \u001b[31m\u001b[1m>\u001b[22m\u001b[39m\u001b[90m 209 |\u001b[39m     originalError\u001b[33m.\u001b[39mcall(console\u001b[33m,\u001b[39m \u001b[33m...\u001b[39margs)\u001b[33m;\u001b[39m\n     \u001b[90m     |\u001b[39m                   \u001b[31m\u001b[1m^\u001b[22m\u001b[39m\n     \u001b[90m 210 |\u001b[39m   }\u001b[33m;\u001b[39m\n     \u001b[90m 211 |\u001b[39m   \n     \u001b[90m 212 |\u001b[39m   console\u001b[33m.\u001b[39mwarn \u001b[33m=\u001b[39m (\u001b[33m...\u001b[39margs) \u001b[33m=>\u001b[39m {\u001b[0m\n\n      at console.call [as error] (jest.setup.js:209:19)\n      at node_modules/react-dom/cjs/react-dom-client.development.js:16023:19\n      at runWithFiberInDEV (node_modules/react-dom/cjs/react-dom-client.development.js:1522:13)\n      at warnIfUpdatesNotWrappedWithActDEV (node_modules/react-dom/cjs/react-dom-client.development.js:16022:9)\n      at scheduleUpdateOnFiber (node_modules/react-dom/cjs/react-dom-client.development.js:14396:11)\n      at dispatchSetStateInternal (node_modules/react-dom/cjs/react-dom-client.development.js:6969:13)\n      at dispatchSetState (node_modules/react-dom/cjs/react-dom-client.development.js:6927:7)\n      at setConnectionState (__tests__/integration/login-websocket-setup.test.tsx:155:7)\n      at checkAuthAndConnect (__tests__/integration/login-websocket-setup.test.tsx:137:9)\n\n  console.error\n    An update to WebSocketSetupTestComponent inside a test was not wrapped in act(...).\n    \n    When testing, code that causes React state updates should be wrapped into act(...):\n    \n    act(() => {\n      /* fire events that update state */\n    });\n    /* assert on the output */\n    \n    This ensures that you're testing the behavior the user would see in the browser. Learn more at https://react.dev/link/wrap-tests-with-act\n\n    \u001b[0m \u001b[90m 207 |\u001b[39m       \u001b[36mreturn\u001b[39m\u001b[33m;\u001b[39m\n     \u001b[90m 208 |\u001b[39m     }\n    \u001b[31m\u001b[1m>\u001b[22m\u001b[39m\u001b[90m 209 |\u001b[39m     originalError\u001b[33m.\u001b[39mcall(console\u001b[33m,\u001b[39m \u001b[33m...\u001b[39margs)\u001b[33m;\u001b[39m\n     \u001b[90m     |\u001b[39m                   \u001b[31m\u001b[1m^\u001b[22m\u001b[39m\n     \u001b[90m 210 |\u001b[39m   }\u001b[33m;\u001b[39m\n     \u001b[90m 211 |\u001b[39m   \n     \u001b[90m 212 |\u001b[39m   console\u001b[33m.\u001b[39mwarn \u001b[33m=\u001b[39m (\u001b[33m...\u001b[39margs) \u001b[33m=>\u001b[39m {\u001b[0m\n\n      at console.call [as error] (jest.setup.js:209:19)\n      at node_modules/react-dom/cjs/react-dom-client.development.js:16023:19\n      at runWithFiberInDEV (node_modules/react-dom/cjs/react-dom-client.development.js:1522:13)\n      at warnIfUpdatesNotWrappedWithActDEV (node_modules/react-dom/cjs/react-dom-client.development.js:16022:9)\n      at scheduleUpdateOnFiber (node_modules/react-dom/cjs/react-dom-client.development.js:14396:11)\n      at dispatchSetStateInternal (node_modules/react-dom/cjs/react-dom-client.development.js:6969:13)\n      at dispatchSetState (node_modules/react-dom/cjs/react-dom-client.development.js:6927:7)\n      at setAuthState (__tests__/integration/login-websocket-setup.test.tsx:166:9)\n\n  console.error\n    An update to WebSocketSetupTestComponent inside a test was not wrapped in act(...).\n    \n    When testing, code that causes React state updates should be wrapped into act(...):\n    \n    act(() => {\n      /* fire events that update state */\n    });\n    /* assert on the output */\n    \n    This ensures that you're testing the behavior the user would see in the browser. Learn more at https://react.dev/link/wrap-tests-with-act\n\n    \u001b[0m \u001b[90m 207 |\u001b[39m       \u001b[36mreturn\u001b[39m\u001b[33m;\u001b[39m\n     \u001b[90m 208 |\u001b[39m     }\n    \u001b[31m\u001b[1m>\u001b[22m\u001b[39m\u001b[90m 209 |\u001b[39m     originalError\u001b[33m.\u001b[39mcall(console\u001b[33m,\u001b[39m \u001b[33m...\u001b[39margs)\u001b[33m;\u001b[39m\n     \u001b[90m     |\u001b[39m                   \u001b[31m\u001b[1m^\u001b[22m\u001b[39m\n     \u001b[90m 210 |\u001b[39m   }\u001b[33m;\u001b[39m\n     \u001b[90m 211 |\u001b[39m   \n     \u001b[90m 212 |\u001b[39m   console\u001b[33m.\u001b[39mwarn \u001b[33m=\u001b[39m (\u001b[33m...\u001b[39margs) \u001b[33m=>\u001b[39m {\u001b[0m\n\n      at console.call [as error] (jest.setup.js:209:19)\n      at node_modules/react-dom/cjs/react-dom-client.development.js:16023:19\n      at runWithFiberInDEV (node_modules/react-dom/cjs/react-dom-client.development.js:1522:13)\n      at warnIfUpdatesNotWrappedWithActDEV (node_modules/react-dom/cjs/react-dom-client.development.js:16022:9)\n      at scheduleUpdateOnFiber (node_modules/react-dom/cjs/react-dom-client.development.js:14396:11)\n      at dispatchSetStateInternal (node_modules/react-dom/cjs/react-dom-client.development.js:6969:13)\n      at dispatchSetState (node_modules/react-dom/cjs/react-dom-client.development.js:6927:7)\n      at setConnectionState (__tests__/integration/login-websocket-setup.test.tsx:147:7)\n      at initiateWebSocketConnection (__tests__/integration/login-websocket-setup.test.tsx:167:15)\n\n  console.error\n    An update to WebSocketSetupTestComponent inside a test was not wrapped in act(...).\n    \n    When testing, code that causes React state updates should be wrapped into act(...):\n    \n    act(() => {\n      /* fire events that update state */\n    });\n    /* assert on the output */\n    \n    This ensures that you're testing the behavior the user would see in the browser. Learn more at https://react.dev/link/wrap-tests-with-act\n\n    \u001b[0m \u001b[90m 207 |\u001b[39m       \u001b[36mreturn\u001b[39m\u001b[33m;\u001b[39m\n     \u001b[90m 208 |\u001b[39m     }\n    \u001b[31m\u001b[1m>\u001b[22m\u001b[39m\u001b[90m 209 |\u001b[39m     originalError\u001b[33m.\u001b[39mcall(console\u001b[33m,\u001b[39m \u001b[33m...\u001b[39margs)\u001b[33m;\u001b[39m\n     \u001b[90m     |\u001b[39m                   \u001b[31m\u001b[1m^\u001b[22m\u001b[39m\n     \u001b[90m 210 |\u001b[39m   }\u001b[33m;\u001b[39m\n     \u001b[90m 211 |\u001b[39m   \n     \u001b[90m 212 |\u001b[39m   console\u001b[33m.\u001b[39mwarn \u001b[33m=\u001b[39m (\u001b[33m...\u001b[39margs) \u001b[33m=>\u001b[39m {\u001b[0m\n\n      at console.call [as error] (jest.setup.js:209:19)\n      at node_modules/react-dom/cjs/react-dom-client.development.js:16023:19\n      at runWithFiberInDEV (node_modules/react-dom/cjs/react-dom-client.development.js:1522:13)\n      at warnIfUpdatesNotWrappedWithActDEV (node_modules/react-dom/cjs/react-dom-client.development.js:16022:9)\n      at scheduleUpdateOnFiber (node_modules/react-dom/cjs/react-dom-client.development.js:14396:11)\n      at dispatchSetStateInternal (node_modules/react-dom/cjs/react-dom-client.development.js:6969:13)\n      at dispatchSetState (node_modules/react-dom/cjs/react-dom-client.development.js:6927:7)\n      at setConnectionState (__tests__/integration/login-websocket-setup.test.tsx:155:7)\n      at handleLogin (__tests__/integration/login-websocket-setup.test.tsx:167:9)\n\n  console.error\n    An update to WebSocketSetupTestComponent inside a test was not wrapped in act(...).\n    \n    When testing, code that causes React state updates should be wrapped into act(...):\n    \n    act(() => {\n      /* fire events that update state */\n    });\n    /* assert on the output */\n    \n    This ensures that you're testing the behavior the user would see in the browser. Learn more at https://react.dev/link/wrap-tests-with-act\n\n    \u001b[0m \u001b[90m 207 |\u001b[39m       \u001b[36mreturn\u001b[39m\u001b[33m;\u001b[39m\n     \u001b[90m 208 |\u001b[39m     }\n    \u001b[31m\u001b[1m>\u001b[22m\u001b[39m\u001b[90m 209 |\u001b[39m     originalError\u001b[33m.\u001b[39mcall(console\u001b[33m,\u001b[39m \u001b[33m...\u001b[39margs)\u001b[33m;\u001b[39m\n     \u001b[90m     |\u001b[39m                   \u001b[31m\u001b[1m^\u001b[22m\u001b[39m\n     \u001b[90m 210 |\u001b[39m   }\u001b[33m;\u001b[39m\n     \u001b[90m 211 |\u001b[39m   \n     \u001b[90m 212 |\u001b[39m   console\u001b[33m.\u001b[39mwarn \u001b[33m=\u001b[39m (\u001b[33m...\u001b[39margs) \u001b[33m=>\u001b[39m {\u001b[0m\n\n      at console.call [as error] (jest.setup.js:209:19)\n      at node_modules/react-dom/cjs/react-dom-client.development.js:16023:19\n      at runWithFiberInDEV (node_modules/react-dom/cjs/react-dom-client.development.js:1522:13)\n      at warnIfUpdatesNotWrappedWithActDEV (node_modules/react-dom/cjs/react-dom-client.development.js:16022:9)\n      at scheduleUpdateOnFiber (node_modules/react-dom/cjs/react-dom-client.development.js:14396:11)\n      at dispatchSetStateInternal (node_modules/react-dom/cjs/react-dom-client.development.js:6969:13)\n      at dispatchSetState (node_modules/react-dom/cjs/react-dom-client.development.js:6927:7)\n      at setAuthState (__tests__/integration/login-websocket-setup.test.tsx:166:9)\n\n  console.error\n    An update to WebSocketSetupTestComponent inside a test was not wrapped in act(...).\n    \n    When testing, code that causes React state updates should be wrapped into act(...):\n    \n    act(() => {\n      /* fire events that update state */\n    });\n    /* assert on the output */\n    \n    This ensures that you're testing the behavior the user would see in the browser. Learn more at https://react.dev/link/wrap-tests-with-act\n\n    \u001b[0m \u001b[90m 207 |\u001b[39m       \u001b[36mreturn\u001b[39m\u001b[33m;\u001b[39m\n     \u001b[90m 208 |\u001b[39m     }\n    \u001b[31m\u001b[1m>\u001b[22m\u001b[39m\u001b[90m 209 |\u001b[39m     originalError\u001b[33m.\u001b[39mcall(console\u001b[33m,\u001b[39m \u001b[33m...\u001b[39margs)\u001b[33m;\u001b[39m\n     \u001b[90m     |\u001b[39m                   \u001b[31m\u001b[1m^\u001b[22m\u001b[39m\n     \u001b[90m 210 |\u001b[39m   }\u001b[33m;\u001b[39m\n     \u001b[90m 211 |\u001b[39m   \n     \u001b[90m 212 |\u001b[39m   console\u001b[33m.\u001b[39mwarn \u001b[33m=\u001b[39m (\u001b[33m...\u001b[39margs) \u001b[33m=>\u001b[39m {\u001b[0m\n\n      at console.call [as error] (jest.setup.js:209:19)\n      at node_modules/react-dom/cjs/react-dom-client.development.js:16023:19\n      at runWithFiberInDEV (node_modules/react-dom/cjs/react-dom-client.development.js:1522:13)\n      at warnIfUpdatesNotWrappedWithActDEV (node_modules/react-dom/cjs/react-dom-client.development.js:16022:9)\n      at scheduleUpdateOnFiber (node_modules/react-dom/cjs/react-dom-client.development.js:14396:11)\n      at dispatchSetStateInternal (node_modules/react-dom/cjs/react-dom-client.development.js:6969:13)\n      at dispatchSetState (node_modules/react-dom/cjs/react-dom-client.development.js:6927:7)\n      at setConnectionState (__tests__/integration/login-websocket-setup.test.tsx:147:7)\n      at initiateWebSocketConnection (__tests__/integration/login-websocket-setup.test.tsx:167:15)\n\n  console.error\n    An update to WebSocketSetupTestComponent inside a test was not wrapped in act(...).\n    \n    When testing, code that causes React state updates should be wrapped into act(...):\n    \n    act(() => {\n      /* fire events that update state */\n    });\n    /* assert on the output */\n    \n    This ensures that you're testing the behavior the user would see in the browser. Learn more at https://react.dev/link/wrap-tests-with-act\n\n    \u001b[0m \u001b[90m 207 |\u001b[39m       \u001b[36mreturn\u001b[39m\u001b[33m;\u001b[39m\n     \u001b[90m 208 |\u001b[39m     }\n    \u001b[31m\u001b[1m>\u001b[22m\u001b[39m\u001b[90m 209 |\u001b[39m     originalError\u001b[33m.\u001b[39mcall(console\u001b[33m,\u001b[39m \u001b[33m...\u001b[39margs)\u001b[33m;\u001b[39m\n     \u001b[90m     |\u001b[39m                   \u001b[31m\u001b[1m^\u001b[22m\u001b[39m\n     \u001b[90m 210 |\u001b[39m   }\u001b[33m;\u001b[39m\n     \u001b[90m 211 |\u001b[39m   \n     \u001b[90m 212 |\u001b[39m   console\u001b[33m.\u001b[39mwarn \u001b[33m=\u001b[39m (\u001b[33m...\u001b[39margs) \u001b[33m=>\u001b[39m {\u001b[0m\n\n      at console.call [as error] (jest.setup.js:209:19)\n      at node_modules/react-dom/cjs/react-dom-client.development.js:16023:19\n      at runWithFiberInDEV (node_modules/react-dom/cjs/react-dom-client.development.js:1522:13)\n      at warnIfUpdatesNotWrappedWithActDEV (node_modules/react-dom/cjs/react-dom-client.development.js:16022:9)\n      at scheduleUpdateOnFiber (node_modules/react-dom/cjs/react-dom-client.development.js:14396:11)\n      at dispatchSetStateInternal (node_modules/react-dom/cjs/react-dom-client.development.js:6969:13)\n      at dispatchSetState (node_modules/react-dom/cjs/react-dom-client.development.js:6927:7)\n      at setConnectionState (__tests__/integration/login-websocket-setup.test.tsx:157:7)\n      at handleLogin (__tests__/integration/login-websocket-setup.test.tsx:167:9)\n\n  console.error\n    An update to WebSocketSetupTestComponent inside a test was not wrapped in act(...).\n    \n    When testing, code that causes React state updates should be wrapped into act(...):\n    \n    act(() => {\n      /* fire events that update state */\n    });\n    /* assert on the output */\n    \n    This ensures that you're testing the behavior the user would see in the browser. Learn more at https://react.dev/link/wrap-tests-with-act\n\n    \u001b[0m \u001b[90m 207 |\u001b[39m       \u001b[36mreturn\u001b[39m\u001b[33m;\u001b[39m\n     \u001b[90m 208 |\u001b[39m     }\n    \u001b[31m\u001b[1m>\u001b[22m\u001b[39m\u001b[90m 209 |\u001b[39m     originalError\u001b[33m.\u001b[39mcall(console\u001b[33m,\u001b[39m \u001b[33m...\u001b[39margs)\u001b[33m;\u001b[39m\n     \u001b[90m     |\u001b[39m                   \u001b[31m\u001b[1m^\u001b[22m\u001b[39m\n     \u001b[90m 210 |\u001b[39m   }\u001b[33m;\u001b[39m\n     \u001b[90m 211 |\u001b[39m   \n     \u001b[90m 212 |\u001b[39m   console\u001b[33m.\u001b[39mwarn \u001b[33m=\u001b[39m (\u001b[33m...\u001b[39margs) \u001b[33m=>\u001b[39m {\u001b[0m\n\n      at console.call [as error] (jest.setup.js:209:19)\n      at node_modules/react-dom/cjs/react-dom-client.development.js:16023:19\n      at runWithFiberInDEV (node_modules/react-dom/cjs/react-dom-client.development.js:1522:13)\n      at warnIfUpdatesNotWrappedWithActDEV (node_modules/react-dom/cjs/react-dom-client.development.js:16022:9)\n      at scheduleUpdateOnFiber (node_modules/react-dom/cjs/react-dom-client.development.js:14396:11)\n      at dispatchSetStateInternal (node_modules/react-dom/cjs/react-dom-client.development.js:6969:13)\n      at dispatchSetState (node_modules/react-dom/cjs/react-dom-client.development.js:6927:7)\n      at setConnectionState (__tests__/integration/login-websocket-setup.test.tsx:155:7)\n      at checkAuthAndConnect (__tests__/integration/login-websocket-setup.test.tsx:137:9)\n\n  console.error\n    An update to WebSocketSetupTestComponent inside a test was not wrapped in act(...).\n    \n    When testing, code that causes React state updates should be wrapped into act(...):\n    \n    act(() => {\n      /* fire events that update state */\n    });\n    /* assert on the output */\n    \n    This ensures that you're testing the behavior the user would see in the browser. Learn more at https://react.dev/link/wrap-tests-with-act\n\n    \u001b[0m \u001b[90m 207 |\u001b[39m       \u001b[36mreturn\u001b[39m\u001b[33m;\u001b[39m\n     \u001b[90m 208 |\u001b[39m     }\n    \u001b[31m\u001b[1m>\u001b[22m\u001b[39m\u001b[90m 209 |\u001b[39m     originalError\u001b[33m.\u001b[39mcall(console\u001b[33m,\u001b[39m \u001b[33m...\u001b[39margs)\u001b[33m;\u001b[39m\n     \u001b[90m     |\u001b[39m                   \u001b[31m\u001b[1m^\u001b[22m\u001b[39m\n     \u001b[90m 210 |\u001b[39m   }\u001b[33m;\u001b[39m\n     \u001b[90m 211 |\u001b[39m   \n     \u001b[90m 212 |\u001b[39m   console\u001b[33m.\u001b[39mwarn \u001b[33m=\u001b[39m (\u001b[33m...\u001b[39margs) \u001b[33m=>\u001b[39m {\u001b[0m\n\n      at console.call [as error] (jest.setup.js:209:19)\n      at node_modules/react-dom/cjs/react-dom-client.development.js:16023:19\n      at runWithFiberInDEV (node_modules/react-dom/cjs/react-dom-client.development.js:1522:13)\n      at warnIfUpdatesNotWrappedWithActDEV (node_modules/react-dom/cjs/react-dom-client.development.js:16022:9)\n      at scheduleUpdateOnFiber (node_modules/react-dom/cjs/react-dom-client.development.js:14396:11)\n      at dispatchSetStateInternal (node_modules/react-dom/cjs/react-dom-client.development.js:6969:13)\n      at dispatchSetState (node_modules/react-dom/cjs/react-dom-client.development.js:6927:7)\n      at setAuthState (__tests__/integration/login-websocket-setup.test.tsx:166:9)\n\n  console.error\n    An update to WebSocketSetupTestComponent inside a test was not wrapped in act(...).\n    \n    When testing, code that causes React state updates should be wrapped into act(...):\n    \n    act(() => {\n      /* fire events that update state */\n    });\n    /* assert on the output */\n    \n    This ensures that you're testing the behavior the user would see in the browser. Learn more at https://react.dev/link/wrap-tests-with-act\n\n    \u001b[0m \u001b[90m 207 |\u001b[39m       \u001b[36mreturn\u001b[39m\u001b[33m;\u001b[39m\n     \u001b[90m 208 |\u001b[39m     }\n    \u001b[31m\u001b[1m>\u001b[22m\u001b[39m\u001b[90m 209 |\u001b[39m     originalError\u001b[33m.\u001b[39mcall(console\u001b[33m,\u001b[39m \u001b[33m...\u001b[39margs)\u001b[33m;\u001b[39m\n     \u001b[90m     |\u001b[39m                   \u001b[31m\u001b[1m^\u001b[22m\u001b[39m\n     \u001b[90m 210 |\u001b[39m   }\u001b[33m;\u001b[39m\n     \u001b[90m 211 |\u001b[39m   \n     \u001b[90m 212 |\u001b[39m   console\u001b[33m.\u001b[39mwarn \u001b[33m=\u001b[39m (\u001b[33m...\u001b[39margs) \u001b[33m=>\u001b[39m {\u001b[0m\n\n      at console.call [as error] (jest.setup.js:209:19)\n      at node_modules/react-dom/cjs/react-dom-client.development.js:16023:19\n      at runWithFiberInDEV (node_modules/react-dom/cjs/react-dom-client.development.js:1522:13)\n      at warnIfUpdatesNotWrappedWithActDEV (node_modules/react-dom/cjs/react-dom-client.development.js:16022:9)\n      at scheduleUpdateOnFiber (node_modules/react-dom/cjs/react-dom-client.development.js:14396:11)\n      at dispatchSetStateInternal (node_modules/react-dom/cjs/react-dom-client.development.js:6969:13)\n      at dispatchSetState (node_modules/react-dom/cjs/react-dom-client.development.js:6927:7)\n      at setConnectionState (__tests__/integration/login-websocket-setup.test.tsx:147:7)\n      at initiateWebSocketConnection (__tests__/integration/login-websocket-setup.test.tsx:167:15)\n\n  console.error\n    An update to WebSocketSetupTestComponent inside a test was not wrapped in act(...).\n    \n    When testing, code that causes React state updates should be wrapped into act(...):\n    \n    act(() => {\n      /* fire events that update state */\n    });\n    /* assert on the output */\n    \n    This ensures that you're testing the behavior the user would see in the browser. Learn more at https://react.dev/link/wrap-tests-with-act\n\n    \u001b[0m \u001b[90m 207 |\u001b[39m       \u001b[36mreturn\u001b[39m\u001b[33m;\u001b[39m\n     \u001b[90m 208 |\u001b[39m     }\n    \u001b[31m\u001b[1m>\u001b[22m\u001b[39m\u001b[90m 209 |\u001b[39m     originalError\u001b[33m.\u001b[39mcall(console\u001b[33m,\u001b[39m \u001b[33m...\u001b[39margs)\u001b[33m;\u001b[39m\n     \u001b[90m     |\u001b[39m                   \u001b[31m\u001b[1m^\u001b[22m\u001b[39m\n     \u001b[90m 210 |\u001b[39m   }\u001b[33m;\u001b[39m\n     \u001b[90m 211 |\u001b[39m   \n     \u001b[90m 212 |\u001b[39m   console\u001b[33m.\u001b[39mwarn \u001b[33m=\u001b[39m (\u001b[33m...\u001b[39margs) \u001b[33m=>\u001b[39m {\u001b[0m\n\n      at console.call [as error] (jest.setup.js:209:19)\n      at node_modules/react-dom/cjs/react-dom-client.development.js:16023:19\n      at runWithFiberInDEV (node_modules/react-dom/cjs/react-dom-client.development.js:1522:13)\n      at warnIfUpdatesNotWrappedWithActDEV (node_modules/react-dom/cjs/react-dom-client.development.js:16022:9)\n      at scheduleUpdateOnFiber (node_modules/react-dom/cjs/react-dom-client.development.js:14396:11)\n      at dispatchSetStateInternal (node_modules/react-dom/cjs/react-dom-client.development.js:6969:13)\n      at dispatchSetState (node_modules/react-dom/cjs/react-dom-client.development.js:6927:7)\n      at setConnectionState (__tests__/integration/login-websocket-setup.test.tsx:155:7)\n      at handleLogin (__tests__/integration/login-websocket-setup.test.tsx:167:9)\n\n  console.error\n    An update to WebSocketSetupTestComponent inside a test was not wrapped in act(...).\n    \n    When testing, code that causes React state updates should be wrapped into act(...):\n    \n    act(() => {\n      /* fire events that update state */\n    });\n    /* assert on the output */\n    \n    This ensures that you're testing the behavior the user would see in the browser. Learn more at https://react.dev/link/wrap-tests-with-act\n\n    \u001b[0m \u001b[90m 207 |\u001b[39m       \u001b[36mreturn\u001b[39m\u001b[33m;\u001b[39m\n     \u001b[90m 208 |\u001b[39m     }\n    \u001b[31m\u001b[1m>\u001b[22m\u001b[39m\u001b[90m 209 |\u001b[39m     originalError\u001b[33m.\u001b[39mcall(console\u001b[33m,\u001b[39m \u001b[33m...\u001b[39margs)\u001b[33m;\u001b[39m\n     \u001b[90m     |\u001b[39m                   \u001b[31m\u001b[1m^\u001b[22m\u001b[39m\n     \u001b[90m 210 |\u001b[39m   }\u001b[33m;\u001b[39m\n     \u001b[90m 211 |\u001b[39m   \n     \u001b[90m 212 |\u001b[39m   console\u001b[33m.\u001b[39mwarn \u001b[33m=\u001b[39m (\u001b[33m...\u001b[39margs) \u001b[33m=>\u001b[39m {\u001b[0m\n\n      at console.call [as error] (jest.setup.js:209:19)\n      at node_modules/react-dom/cjs/react-dom-client.development.js:16023:19\n      at runWithFiberInDEV (node_modules/react-dom/cjs/react-dom-client.development.js:1522:13)\n      at warnIfUpdatesNotWrappedWithActDEV (node_modules/react-dom/cjs/react-dom-client.development.js:16022:9)\n      at scheduleUpdateOnFiber (node_modules/react-dom/cjs/react-dom-client.development.js:14396:11)\n      at dispatchSetStateInternal (node_modules/react-dom/cjs/react-dom-client.development.js:6969:13)\n      at dispatchSetState (node_modules/react-dom/cjs/react-dom-client.development.js:6927:7)\n      at setAuthState (__tests__/integration/login-websocket-setup.test.tsx:166:9)\n\n  console.error\n    An update to WebSocketSetupTestComponent inside a test was not wrapped in act(...).\n    \n    When testing, code that causes React state updates should be wrapped into act(...):\n    \n    act(() => {\n      /* fire events that update state */\n    });\n    /* assert on the output */\n    \n    This ensures that you're testing the behavior the user would see in the browser. Learn more at https://react.dev/link/wrap-tests-with-act\n\n    \u001b[0m \u001b[90m 207 |\u001b[39m       \u001b[36mreturn\u001b[39m\u001b[33m;\u001b[39m\n     \u001b[90m 208 |\u001b[39m     }\n    \u001b[31m\u001b[1m>\u001b[22m\u001b[39m\u001b[90m 209 |\u001b[39m     originalError\u001b[33m.\u001b[39mcall(console\u001b[33m,\u001b[39m \u001b[33m...\u001b[39margs)\u001b[33m;\u001b[39m\n     \u001b[90m     |\u001b[39m                   \u001b[31m\u001b[1m^\u001b[22m\u001b[39m\n     \u001b[90m 210 |\u001b[39m   }\u001b[33m;\u001b[39m\n     \u001b[90m 211 |\u001b[39m   \n     \u001b[90m 212 |\u001b[39m   console\u001b[33m.\u001b[39mwarn \u001b[33m=\u001b[39m (\u001b[33m...\u001b[39margs) \u001b[33m=>\u001b[39m {\u001b[0m\n\n      at console.call [as error] (jest.setup.js:209:19)\n      at node_modules/react-dom/cjs/react-dom-client.development.js:16023:19\n      at runWithFiberInDEV (node_modules/react-dom/cjs/react-dom-client.development.js:1522:13)\n      at warnIfUpdatesNotWrappedWithActDEV (node_modules/react-dom/cjs/react-dom-client.development.js:16022:9)\n      at scheduleUpdateOnFiber (node_modules/react-dom/cjs/react-dom-client.development.js:14396:11)\n      at dispatchSetStateInternal (node_modules/react-dom/cjs/react-dom-client.development.js:6969:13)\n      at dispatchSetState (node_modules/react-dom/cjs/react-dom-client.development.js:6927:7)\n      at setConnectionState (__tests__/integration/login-websocket-setup.test.tsx:147:7)\n      at initiateWebSocketConnection (__tests__/integration/login-websocket-setup.test.tsx:167:15)\n\n",
      "errors": "FAIL Integration Tests __tests__/integration/first-load-bundle.test.tsx (9.717 s)\n  First Load Bundle Testing - Agent 1\n    Bundle Loading Performance\n      \u00d7 loads bundle under 3G conditions within 5 seconds (43 ms)\n      \u00d7 loads bundle under WiFi conditions within 2 seconds (7 ms)\n      \u00d7 shows loading state during bundle fetch (5 ms)\n      \u00d7 validates bundle size is under 1MB gzipped (6 ms)\n    Hydration Verification\n      \u00d7 completes hydration without mismatches (6 ms)\n      \u00d7 renders consistent markup server/client (1 ms)\n      \u00d7 preserves state during hydration (6 ms)\n    Authentication State Initialization\n      \u00d7 initializes with no authenticated content flash (7 ms)\n      \u00d7 shows appropriate unauthenticated state (1 ms)\n      \u00d7 handles authentication check gracefully (2 ms)\n    Storage Initialization\n      \u00d7 initializes localStorage without errors (6 ms)\n      \u00d7 handles cookies initialization (1 ms)\n      \u00d7 recovers from storage quota exceeded (1 ms)\n\n  \u25cf First Load Bundle Testing - Agent 1 \u203a Bundle Loading Performance \u203a loads bundle under 3G conditions within 5 seconds\n\n    ReferenceError: setupAuthServiceMocks is not defined\n\n    \u001b[0m \u001b[90m 124 |\u001b[39m   startMockServer()\u001b[33m;\u001b[39m\n     \u001b[90m 125 |\u001b[39m   installWebSocketMock()\u001b[33m;\u001b[39m\n    \u001b[31m\u001b[1m>\u001b[22m\u001b[39m\u001b[90m 126 |\u001b[39m   setupAuthServiceMocks()\u001b[33m;\u001b[39m\n     \u001b[90m     |\u001b[39m   \u001b[31m\u001b[1m^\u001b[22m\u001b[39m\n     \u001b[90m 127 |\u001b[39m }\n     \u001b[90m 128 |\u001b[39m\n     \u001b[90m 129 |\u001b[39m \u001b[90m/**\u001b[39m\u001b[0m\n\n      at setupAuthServiceMocks (__tests__/mocks/index.ts:126:3)\n      at initializeAllMocks (__tests__/mocks/index.ts:266:3)\n      at Object.<anonymous> (__tests__/integration/first-load-bundle.test.tsx:59:46)\n\n  \u25cf First Load Bundle Testing - Agent 1 \u203a Bundle Loading Performance \u203a loads bundle under 3G conditions within 5 seconds\n\n    TypeError: Cannot read properties of undefined (reading 'cleanup')\n\n    \u001b[0m \u001b[90m 62 |\u001b[39m\n     \u001b[90m 63 |\u001b[39m   afterEach(() \u001b[33m=>\u001b[39m {\n    \u001b[31m\u001b[1m>\u001b[22m\u001b[39m\u001b[90m 64 |\u001b[39m     testEnv\u001b[33m.\u001b[39mcleanup()\u001b[33m;\u001b[39m\n     \u001b[90m    |\u001b[39m             \u001b[31m\u001b[1m^\u001b[22m\u001b[39m\n     \u001b[90m 65 |\u001b[39m     cleanupTest()\u001b[33m;\u001b[39m\n     \u001b[90m 66 |\u001b[39m   })\u001b[33m;\u001b[39m\n     \u001b[90m 67 |\u001b[39m\u001b[0m\n\n      at Object.cleanup (__tests__/integration/first-load-bundle.test.tsx:64:13)\n\n  \u25cf First Load Bundle Testing - Agent 1 \u203a Bundle Loading Performance \u203a loads bundle under WiFi conditions within 2 seconds\n\n    ReferenceError: setupAuthServiceMocks is not defined\n\n    \u001b[0m \u001b[90m 124 |\u001b[39m   startMockServer()\u001b[33m;\u001b[39m\n     \u001b[90m 125 |\u001b[39m   installWebSocketMock()\u001b[33m;\u001b[39m\n    \u001b[31m\u001b[1m>\u001b[22m\u001b[39m\u001b[90m 126 |\u001b[39m   setupAuthServiceMocks()\u001b[33m;\u001b[39m\n     \u001b[90m     |\u001b[39m   \u001b[31m\u001b[1m^\u001b[22m\u001b[39m\n     \u001b[90m 127 |\u001b[39m }\n     \u001b[90m 128 |\u001b[39m\n     \u001b[90m 129 |\u001b[39m \u001b[90m/**\u001b[39m\u001b[0m\n\n      at setupAuthServiceMocks (__tests__/mocks/index.ts:126:3)\n      at initializeAllMocks (__tests__/mocks/index.ts:266:3)\n      at Object.<anonymous> (__tests__/integration/first-load-bundle.test.tsx:59:46)\n\n  \u25cf First Load Bundle Testing - Agent 1 \u203a Bundle Loading Performance \u203a loads bundle under WiFi conditions within 2 seconds\n\n    TypeError: Cannot read properties of undefined (reading 'cleanup')\n\n    \u001b[0m \u001b[90m 62 |\u001b[39m\n     \u001b[90m 63 |\u001b[39m   afterEach(() \u001b[33m=>\u001b[39m {\n    \u001b[31m\u001b[1m>\u001b[22m\u001b[39m\u001b[90m 64 |\u001b[39m     testEnv\u001b[33m.\u001b[39mcleanup()\u001b[33m;\u001b[39m\n     \u001b[90m    |\u001b[39m             \u001b[31m\u001b[1m^\u001b[22m\u001b[39m\n     \u001b[90m 65 |\u001b[39m     cleanupTest()\u001b[33m;\u001b[39m\n     \u001b[90m 66 |\u001b[39m   })\u001b[33m;\u001b[39m\n     \u001b[90m 67 |\u001b[39m\u001b[0m\n\n      at Object.cleanup (__tests__/integration/first-load-bundle.test.tsx:64:13)\n\n  \u25cf First Load Bundle Testing - Agent 1 \u203a Bundle Loading Performance \u203a shows loading state during bundle fetch\n\n    ReferenceError: setupAuthServiceMocks is not defined\n\n    \u001b[0m \u001b[90m 124 |\u001b[39m   startMockServer()\u001b[33m;\u001b[39m\n     \u001b[90m 125 |\u001b[39m   installWebSocketMock()\u001b[33m;\u001b[39m\n    \u001b[31m\u001b[1m>\u001b[22m\u001b[39m\u001b[90m 126 |\u001b[39m   setupAuthServiceMocks()\u001b[33m;\u001b[39m\n     \u001b[90m     |\u001b[39m   \u001b[31m\u001b[1m^\u001b[22m\u001b[39m\n     \u001b[90m 127 |\u001b[39m }\n     \u001b[90m 128 |\u001b[39m\n     \u001b[90m 129 |\u001b[39m \u001b[90m/**\u001b[39m\u001b[0m\n\n      at setupAuthServiceMocks (__tests__/mocks/index.ts:126:3)\n      at initializeAllMocks (__tests__/mocks/index.ts:266:3)\n      at Object.<anonymous> (__tests__/integration/first-load-bundle.test.tsx:59:46)\n\n  \u25cf First Load Bundle Testing - Agent 1 \u203a Bundle Loading Performance \u203a shows loading state during bundle fetch\n\n    TypeError: Cannot read properties of undefined (reading 'cleanup')\n\n    \u001b[0m \u001b[90m 62 |\u001b[39m\n     \u001b[90m 63 |\u001b[39m   afterEach(() \u001b[33m=>\u001b[39m {\n    \u001b[31m\u001b[1m>\u001b[22m\u001b[39m\u001b[90m 64 |\u001b[39m     testEnv\u001b[33m.\u001b[39mcleanup()\u001b[33m;\u001b[39m\n     \u001b[90m    |\u001b[39m             \u001b[31m\u001b[1m^\u001b[22m\u001b[39m\n     \u001b[90m 65 |\u001b[39m     cleanupTest()\u001b[33m;\u001b[39m\n     \u001b[90m 66 |\u001b[39m   })\u001b[33m;\u001b[39m\n     \u001b[90m 67 |\u001b[39m\u001b[0m\n\n      at Object.cleanup (__tests__/integration/first-load-bundle.test.tsx:64:13)\n\n  \u25cf First Load Bundle Testing - Agent 1 \u203a Bundle Loading Performance \u203a validates bundle size is under 1MB gzipped\n\n    ReferenceError: setupAuthServiceMocks is not defined\n\n    \u001b[0m \u001b[90m 124 |\u001b[39m   startMockServer()\u001b[33m;\u001b[39m\n     \u001b[90m 125 |\u001b[39m   installWebSocketMock()\u001b[33m;\u001b[39m\n    \u001b[31m\u001b[1m>\u001b[22m\u001b[39m\u001b[90m 126 |\u001b[39m   setupAuthServiceMocks()\u001b[33m;\u001b[39m\n     \u001b[90m     |\u001b[39m   \u001b[31m\u001b[1m^\u001b[22m\u001b[39m\n     \u001b[90m 127 |\u001b[39m }\n     \u001b[90m 128 |\u001b[39m\n     \u001b[90m 129 |\u001b[39m \u001b[90m/**\u001b[39m\u001b[0m\n\n      at setupAuthServiceMocks (__tests__/mocks/index.ts:126:3)\n      at initializeAllMocks (__tests__/mocks/index.ts:266:3)\n      at Object.<anonymous> (__tests__/integration/first-load-bundle.test.tsx:59:46)\n\n  \u25cf First Load Bundle Testing - Agent 1 \u203a Bundle Loading Performance \u203a validates bundle size is under 1MB gzipped\n\n    TypeError: Cannot read properties of undefined (reading 'cleanup')\n\n    \u001b[0m \u001b[90m 62 |\u001b[39m\n     \u001b[90m 63 |\u001b[39m   afterEach(() \u001b[33m=>\u001b[39m {\n    \u001b[31m\u001b[1m>\u001b[22m\u001b[39m\u001b[90m 64 |\u001b[39m     testEnv\u001b[33m.\u001b[39mcleanup()\u001b[33m;\u001b[39m\n     \u001b[90m    |\u001b[39m             \u001b[31m\u001b[1m^\u001b[22m\u001b[39m\n     \u001b[90m 65 |\u001b[39m     cleanupTest()\u001b[33m;\u001b[39m\n     \u001b[90m 66 |\u001b[39m   })\u001b[33m;\u001b[39m\n     \u001b[90m 67 |\u001b[39m\u001b[0m\n\n      at Object.cleanup (__tests__/integration/first-load-bundle.test.tsx:64:13)\n\n  \u25cf First Load Bundle Testing - Agent 1 \u203a Hydration Verification \u203a completes hydration without mismatches\n\n    ReferenceError: setupAuthServiceMocks is not defined\n\n    \u001b[0m \u001b[90m 124 |\u001b[39m   startMockServer()\u001b[33m;\u001b[39m\n     \u001b[90m 125 |\u001b[39m   installWebSocketMock()\u001b[33m;\u001b[39m\n    \u001b[31m\u001b[1m>\u001b[22m\u001b[39m\u001b[90m 126 |\u001b[39m   setupAuthServiceMocks()\u001b[33m;\u001b[39m\n     \u001b[90m     |\u001b[39m   \u001b[31m\u001b[1m^\u001b[22m\u001b[39m\n     \u001b[90m 127 |\u001b[39m }\n     \u001b[90m 128 |\u001b[39m\n     \u001b[90m 129 |\u001b[39m \u001b[90m/**\u001b[39m\u001b[0m\n\n      at setupAuthServiceMocks (__tests__/mocks/index.ts:126:3)\n      at initializeAllMocks (__tests__/mocks/index.ts:266:3)\n      at Object.<anonymous> (__tests__/integration/first-load-bundle.test.tsx:59:46)\n\n  \u25cf First Load Bundle Testing - Agent 1 \u203a Hydration Verification \u203a completes hydration without mismatches\n\n    TypeError: Cannot read properties of undefined (reading 'cleanup')\n\n    \u001b[0m \u001b[90m 62 |\u001b[39m\n     \u001b[90m 63 |\u001b[39m   afterEach(() \u001b[33m=>\u001b[39m {\n    \u001b[31m\u001b[1m>\u001b[22m\u001b[39m\u001b[90m 64 |\u001b[39m     testEnv\u001b[33m.\u001b[39mcleanup()\u001b[33m;\u001b[39m\n     \u001b[90m    |\u001b[39m             \u001b[31m\u001b[1m^\u001b[22m\u001b[39m\n     \u001b[90m 65 |\u001b[39m     cleanupTest()\u001b[33m;\u001b[39m\n     \u001b[90m 66 |\u001b[39m   })\u001b[33m;\u001b[39m\n     \u001b[90m 67 |\u001b[39m\u001b[0m\n\n      at Object.cleanup (__tests__/integration/first-load-bundle.test.tsx:64:13)\n\n  \u25cf First Load Bundle Testing - Agent 1 \u203a Hydration Verification \u203a renders consistent markup server/client\n\n    ReferenceError: setupAuthServiceMocks is not defined\n\n    \u001b[0m \u001b[90m 124 |\u001b[39m   startMockServer()\u001b[33m;\u001b[39m\n     \u001b[90m 125 |\u001b[39m   installWebSocketMock()\u001b[33m;\u001b[39m\n    \u001b[31m\u001b[1m>\u001b[22m\u001b[39m\u001b[90m 126 |\u001b[39m   setupAuthServiceMocks()\u001b[33m;\u001b[39m\n     \u001b[90m     |\u001b[39m   \u001b[31m\u001b[1m^\u001b[22m\u001b[39m\n     \u001b[90m 127 |\u001b[39m }\n     \u001b[90m 128 |\u001b[39m\n     \u001b[90m 129 |\u001b[39m \u001b[90m/**\u001b[39m\u001b[0m\n\n      at setupAuthServiceMocks (__tests__/mocks/index.ts:126:3)\n      at initializeAllMocks (__tests__/mocks/index.ts:266:3)\n      at Object.<anonymous> (__tests__/integration/first-load-bundle.test.tsx:59:46)\n\n  \u25cf First Load Bundle Testing - Agent 1 \u203a Hydration Verification \u203a renders consistent markup server/client\n\n    TypeError: Cannot read properties of undefined (reading 'cleanup')\n\n    \u001b[0m \u001b[90m 62 |\u001b[39m\n     \u001b[90m 63 |\u001b[39m   afterEach(() \u001b[33m=>\u001b[39m {\n    \u001b[31m\u001b[1m>\u001b[22m\u001b[39m\u001b[90m 64 |\u001b[39m     testEnv\u001b[33m.\u001b[39mcleanup()\u001b[33m;\u001b[39m\n     \u001b[90m    |\u001b[39m             \u001b[31m\u001b[1m^\u001b[22m\u001b[39m\n     \u001b[90m 65 |\u001b[39m     cleanupTest()\u001b[33m;\u001b[39m\n     \u001b[90m 66 |\u001b[39m   })\u001b[33m;\u001b[39m\n     \u001b[90m 67 |\u001b[39m\u001b[0m\n\n      at Object.cleanup (__tests__/integration/first-load-bundle.test.tsx:64:13)\n\n  \u25cf First Load Bundle Testing - Agent 1 \u203a Hydration Verification \u203a preserves state during hydration\n\n    ReferenceError: setupAuthServiceMocks is not defined\n\n    \u001b[0m \u001b[90m 124 |\u001b[39m   startMockServer()\u001b[33m;\u001b[39m\n     \u001b[90m 125 |\u001b[39m   installWebSocketMock()\u001b[33m;\u001b[39m\n    \u001b[31m\u001b[1m>\u001b[22m\u001b[39m\u001b[90m 126 |\u001b[39m   setupAuthServiceMocks()\u001b[33m;\u001b[39m\n     \u001b[90m     |\u001b[39m   \u001b[31m\u001b[1m^\u001b[22m\u001b[39m\n     \u001b[90m 127 |\u001b[39m }\n     \u001b[90m 128 |\u001b[39m\n     \u001b[90m 129 |\u001b[39m \u001b[90m/**\u001b[39m\u001b[0m\n\n      at setupAuthServiceMocks (__tests__/mocks/index.ts:126:3)\n      at initializeAllMocks (__tests__/mocks/index.ts:266:3)\n      at Object.<anonymous> (__tests__/integration/first-load-bundle.test.tsx:59:46)\n\n  \u25cf First Load Bundle Testing - Agent 1 \u203a Hydration Verification \u203a preserves state during hydration\n\n    TypeError: Cannot read properties of undefined (reading 'cleanup')\n\n    \u001b[0m \u001b[90m 62 |\u001b[39m\n     \u001b[90m 63 |\u001b[39m   afterEach(() \u001b[33m=>\u001b[39m {\n    \u001b[31m\u001b[1m>\u001b[22m\u001b[39m\u001b[90m 64 |\u001b[39m     testEnv\u001b[33m.\u001b[39mcleanup()\u001b[33m;\u001b[39m\n     \u001b[90m    |\u001b[39m             \u001b[31m\u001b[1m^\u001b[22m\u001b[39m\n     \u001b[90m 65 |\u001b[39m     cleanupTest()\u001b[33m;\u001b[39m\n     \u001b[90m 66 |\u001b[39m   })\u001b[33m;\u001b[39m\n     \u001b[90m 67 |\u001b[39m\u001b[0m\n\n      at Object.cleanup (__tests__/integration/first-load-bundle.test.tsx:64:13)\n\n  \u25cf First Load Bundle Testing - Agent 1 \u203a Authentication State Initialization \u203a initializes with no authenticated content flash\n\n    ReferenceError: setupAuthServiceMocks is not defined\n\n    \u001b[0m \u001b[90m 124 |\u001b[39m   startMockServer()\u001b[33m;\u001b[39m\n     \u001b[90m 125 |\u001b[39m   installWebSocketMock()\u001b[33m;\u001b[39m\n    \u001b[31m\u001b[1m>\u001b[22m\u001b[39m\u001b[90m 126 |\u001b[39m   setupAuthServiceMocks()\u001b[33m;\u001b[39m\n     \u001b[90m     |\u001b[39m   \u001b[31m\u001b[1m^\u001b[22m\u001b[39m\n     \u001b[90m 127 |\u001b[39m }\n     \u001b[90m 128 |\u001b[39m\n     \u001b[90m 129 |\u001b[39m \u001b[90m/**\u001b[39m\u001b[0m\n\n      at setupAuthServiceMocks (__tests__/mocks/index.ts:126:3)\n      at initializeAllMocks (__tests__/mocks/index.ts:266:3)\n      at Object.<anonymous> (__tests__/integration/first-load-bundle.test.tsx:59:46)\n\n  \u25cf First Load Bundle Testing - Agent 1 \u203a Authentication State Initialization \u203a initializes with no authenticated content flash\n\n    TypeError: Cannot read properties of undefined (reading 'cleanup')\n\n    \u001b[0m \u001b[90m 62 |\u001b[39m\n     \u001b[90m 63 |\u001b[39m   afterEach(() \u001b[33m=>\u001b[39m {\n    \u001b[31m\u001b[1m>\u001b[22m\u001b[39m\u001b[90m 64 |\u001b[39m     testEnv\u001b[33m.\u001b[39mcleanup()\u001b[33m;\u001b[39m\n     \u001b[90m    |\u001b[39m             \u001b[31m\u001b[1m^\u001b[22m\u001b[39m\n     \u001b[90m 65 |\u001b[39m     cleanupTest()\u001b[33m;\u001b[39m\n     \u001b[90m 66 |\u001b[39m   })\u001b[33m;\u001b[39m\n     \u001b[90m 67 |\u001b[39m\u001b[0m\n\n      at Object.cleanup (__tests__/integration/first-load-bundle.test.tsx:64:13)\n\n  \u25cf First Load Bundle Testing - Agent 1 \u203a Authentication State Initialization \u203a shows appropriate unauthenticated state\n\n    ReferenceError: setupAuthServiceMocks is not defined\n\n    \u001b[0m \u001b[90m 124 |\u001b[39m   startMockServer()\u001b[33m;\u001b[39m\n     \u001b[90m 125 |\u001b[39m   installWebSocketMock()\u001b[33m;\u001b[39m\n    \u001b[31m\u001b[1m>\u001b[22m\u001b[39m\u001b[90m 126 |\u001b[39m   setupAuthServiceMocks()\u001b[33m;\u001b[39m\n     \u001b[90m     |\u001b[39m   \u001b[31m\u001b[1m^\u001b[22m\u001b[39m\n     \u001b[90m 127 |\u001b[39m }\n     \u001b[90m 128 |\u001b[39m\n     \u001b[90m 129 |\u001b[39m \u001b[90m/**\u001b[39m\u001b[0m\n\n      at setupAuthServiceMocks (__tests__/mocks/index.ts:126:3)\n      at initializeAllMocks (__tests__/mocks/index.ts:266:3)\n      at Object.<anonymous> (__tests__/integration/first-load-bundle.test.tsx:59:46)\n\n  \u25cf First Load Bundle Testing - Agent 1 \u203a Authentication State Initialization \u203a shows appropriate unauthenticated state\n\n    TypeError: Cannot read properties of undefined (reading 'cleanup')\n\n    \u001b[0m \u001b[90m 62 |\u001b[39m\n     \u001b[90m 63 |\u001b[39m   afterEach(() \u001b[33m=>\u001b[39m {\n    \u001b[31m\u001b[1m>\u001b[22m\u001b[39m\u001b[90m 64 |\u001b[39m     testEnv\u001b[33m.\u001b[39mcleanup()\u001b[33m;\u001b[39m\n     \u001b[90m    |\u001b[39m             \u001b[31m\u001b[1m^\u001b[22m\u001b[39m\n     \u001b[90m 65 |\u001b[39m     cleanupTest()\u001b[33m;\u001b[39m\n     \u001b[90m 66 |\u001b[39m   })\u001b[33m;\u001b[39m\n     \u001b[90m 67 |\u001b[39m\u001b[0m\n\n      at Object.cleanup (__tests__/integration/first-load-bundle.test.tsx:64:13)\n\n  \u25cf First Load Bundle Testing - Agent 1 \u203a Authentication State Initialization \u203a handles authentication check gracefully\n\n    ReferenceError: setupAuthServiceMocks is not defined\n\n    \u001b[0m \u001b[90m 124 |\u001b[39m   startMockServer()\u001b[33m;\u001b[39m\n     \u001b[90m 125 |\u001b[39m   installWebSocketMock()\u001b[33m;\u001b[39m\n    \u001b[31m\u001b[1m>\u001b[22m\u001b[39m\u001b[90m 126 |\u001b[39m   setupAuthServiceMocks()\u001b[33m;\u001b[39m\n     \u001b[90m     |\u001b[39m   \u001b[31m\u001b[1m^\u001b[22m\u001b[39m\n     \u001b[90m 127 |\u001b[39m }\n     \u001b[90m 128 |\u001b[39m\n     \u001b[90m 129 |\u001b[39m \u001b[90m/**\u001b[39m\u001b[0m\n\n      at setupAuthServiceMocks (__tests__/mocks/index.ts:126:3)\n      at initializeAllMocks (__tests__/mocks/index.ts:266:3)\n      at Object.<anonymous> (__tests__/integration/first-load-bundle.test.tsx:59:46)\n\n  \u25cf First Load Bundle Testing - Agent 1 \u203a Authentication State Initialization \u203a handles authentication check gracefully\n\n    TypeError: Cannot read properties of undefined (reading 'cleanup')\n\n    \u001b[0m \u001b[90m 62 |\u001b[39m\n     \u001b[90m 63 |\u001b[39m   afterEach(() \u001b[33m=>\u001b[39m {\n    \u001b[31m\u001b[1m>\u001b[22m\u001b[39m\u001b[90m 64 |\u001b[39m     testEnv\u001b[33m.\u001b[39mcleanup()\u001b[33m;\u001b[39m\n     \u001b[90m    |\u001b[39m             \u001b[31m\u001b[1m^\u001b[22m\u001b[39m\n     \u001b[90m 65 |\u001b[39m     cleanupTest()\u001b[33m;\u001b[39m\n     \u001b[90m 66 |\u001b[39m   })\u001b[33m;\u001b[39m\n     \u001b[90m 67 |\u001b[39m\u001b[0m\n\n      at Object.cleanup (__tests__/integration/first-load-bundle.test.tsx:64:13)\n\n  \u25cf First Load Bundle Testing - Agent 1 \u203a Storage Initialization \u203a initializes localStorage without errors\n\n    ReferenceError: setupAuthServiceMocks is not defined\n\n    \u001b[0m \u001b[90m 124 |\u001b[39m   startMockServer()\u001b[33m;\u001b[39m\n     \u001b[90m 125 |\u001b[39m   installWebSocketMock()\u001b[33m;\u001b[39m\n    \u001b[31m\u001b[1m>\u001b[22m\u001b[39m\u001b[90m 126 |\u001b[39m   setupAuthServiceMocks()\u001b[33m;\u001b[39m\n     \u001b[90m     |\u001b[39m   \u001b[31m\u001b[1m^\u001b[22m\u001b[39m\n     \u001b[90m 127 |\u001b[39m }\n     \u001b[90m 128 |\u001b[39m\n     \u001b[90m 129 |\u001b[39m \u001b[90m/**\u001b[39m\u001b[0m\n\n      at setupAuthServiceMocks (__tests__/mocks/index.ts:126:3)\n      at initializeAllMocks (__tests__/mocks/index.ts:266:3)\n      at Object.<anonymous> (__tests__/integration/first-load-bundle.test.tsx:59:46)\n\n  \u25cf First Load Bundle Testing - Agent 1 \u203a Storage Initialization \u203a initializes localStorage without errors\n\n    TypeError: Cannot read properties of undefined (reading 'cleanup')\n\n    \u001b[0m \u001b[90m 62 |\u001b[39m\n     \u001b[90m 63 |\u001b[39m   afterEach(() \u001b[33m=>\u001b[39m {\n    \u001b[31m\u001b[1m>\u001b[22m\u001b[39m\u001b[90m 64 |\u001b[39m     testEnv\u001b[33m.\u001b[39mcleanup()\u001b[33m;\u001b[39m\n     \u001b[90m    |\u001b[39m             \u001b[31m\u001b[1m^\u001b[22m\u001b[39m\n     \u001b[90m 65 |\u001b[39m     cleanupTest()\u001b[33m;\u001b[39m\n     \u001b[90m 66 |\u001b[39m   })\u001b[33m;\u001b[39m\n     \u001b[90m 67 |\u001b[39m\u001b[0m\n\n      at Object.cleanup (__tests__/integration/first-load-bundle.test.tsx:64:13)\n\n  \u25cf First Load Bundle Testing - Agent 1 \u203a Storage Initialization \u203a handles cookies initialization\n\n    ReferenceError: setupAuthServiceMocks is not defined\n\n    \u001b[0m \u001b[90m 124 |\u001b[39m   startMockServer()\u001b[33m;\u001b[39m\n     \u001b[90m 125 |\u001b[39m   installWebSocketMock()\u001b[33m;\u001b[39m\n    \u001b[31m\u001b[1m>\u001b[22m\u001b[39m\u001b[90m 126 |\u001b[39m   setupAuthServiceMocks()\u001b[33m;\u001b[39m\n     \u001b[90m     |\u001b[39m   \u001b[31m\u001b[1m^\u001b[22m\u001b[39m\n     \u001b[90m 127 |\u001b[39m }\n     \u001b[90m 128 |\u001b[39m\n     \u001b[90m 129 |\u001b[39m \u001b[90m/**\u001b[39m\u001b[0m\n\n      at setupAuthServiceMocks (__tests__/mocks/index.ts:126:3)\n      at initializeAllMocks (__tests__/mocks/index.ts:266:3)\n      at Object.<anonymous> (__tests__/integration/first-load-bundle.test.tsx:59:46)\n\n  \u25cf First Load Bundle Testing - Agent 1 \u203a Storage Initialization \u203a handles cookies initialization\n\n    TypeError: Cannot read properties of undefined (reading 'cleanup')\n\n    \u001b[0m \u001b[90m 62 |\u001b[39m\n     \u001b[90m 63 |\u001b[39m   afterEach(() \u001b[33m=>\u001b[39m {\n    \u001b[31m\u001b[1m>\u001b[22m\u001b[39m\u001b[90m 64 |\u001b[39m     testEnv\u001b[33m.\u001b[39mcleanup()\u001b[33m;\u001b[39m\n     \u001b[90m    |\u001b[39m             \u001b[31m\u001b[1m^\u001b[22m\u001b[39m\n     \u001b[90m 65 |\u001b[39m     cleanupTest()\u001b[33m;\u001b[39m\n     \u001b[90m 66 |\u001b[39m   })\u001b[33m;\u001b[39m\n     \u001b[90m 67 |\u001b[39m\u001b[0m\n\n      at Object.cleanup (__tests__/integration/first-load-bundle.test.tsx:64:13)\n\n  \u25cf First Load Bundle Testing - Agent 1 \u203a Storage Initialization \u203a recovers from storage quota exceeded\n\n    ReferenceError: setupAuthServiceMocks is not defined\n\n    \u001b[0m \u001b[90m 124 |\u001b[39m   startMockServer()\u001b[33m;\u001b[39m\n     \u001b[90m 125 |\u001b[39m   installWebSocketMock()\u001b[33m;\u001b[39m\n    \u001b[31m\u001b[1m>\u001b[22m\u001b[39m\u001b[90m 126 |\u001b[39m   setupAuthServiceMocks()\u001b[33m;\u001b[39m\n     \u001b[90m     |\u001b[39m   \u001b[31m\u001b[1m^\u001b[22m\u001b[39m\n     \u001b[90m 127 |\u001b[39m }\n     \u001b[90m 128 |\u001b[39m\n     \u001b[90m 129 |\u001b[39m \u001b[90m/**\u001b[39m\u001b[0m\n\n      at setupAuthServiceMocks (__tests__/mocks/index.ts:126:3)\n      at initializeAllMocks (__tests__/mocks/index.ts:266:3)\n      at Object.<anonymous> (__tests__/integration/first-load-bundle.test.tsx:59:46)\n\n  \u25cf First Load Bundle Testing - Agent 1 \u203a Storage Initialization \u203a recovers from storage quota exceeded\n\n    TypeError: Cannot read properties of undefined (reading 'cleanup')\n\n    \u001b[0m \u001b[90m 62 |\u001b[39m\n     \u001b[90m 63 |\u001b[39m   afterEach(() \u001b[33m=>\u001b[39m {\n    \u001b[31m\u001b[1m>\u001b[22m\u001b[39m\u001b[90m 64 |\u001b[39m     testEnv\u001b[33m.\u001b[39mcleanup()\u001b[33m;\u001b[39m\n     \u001b[90m    |\u001b[39m             \u001b[31m\u001b[1m^\u001b[22m\u001b[39m\n     \u001b[90m 65 |\u001b[39m     cleanupTest()\u001b[33m;\u001b[39m\n     \u001b[90m 66 |\u001b[39m   })\u001b[33m;\u001b[39m\n     \u001b[90m 67 |\u001b[39m\u001b[0m\n\n      at Object.cleanup (__tests__/integration/first-load-bundle.test.tsx:64:13)\n\nSummary of all failing tests\nFAIL __tests__/integration/first-load-bundle.test.tsx (9.717 s)\n  \u25cf First Load Bundle Testing - Agent 1 \u203a Bundle Loading Performance \u203a loads bundle under 3G conditions within 5 seconds\n\n    ReferenceError: setupAuthServiceMocks is not defined\n\n    \u001b[0m \u001b[90m 124 |\u001b[39m   startMockServer()\u001b[33m;\u001b[39m\n     \u001b[90m 125 |\u001b[39m   installWebSocketMock()\u001b[33m;\u001b[39m\n    \u001b[31m\u001b[1m>\u001b[22m\u001b[39m\u001b[90m 126 |\u001b[39m   setupAuthServiceMocks()\u001b[33m;\u001b[39m\n     \u001b[90m     |\u001b[39m   \u001b[31m\u001b[1m^\u001b[22m\u001b[39m\n     \u001b[90m 127 |\u001b[39m }\n     \u001b[90m 128 |\u001b[39m\n     \u001b[90m 129 |\u001b[39m \u001b[90m/**\u001b[39m\u001b[0m\n\n      at setupAuthServiceMocks (__tests__/mocks/index.ts:126:3)\n      at initializeAllMocks (__tests__/mocks/index.ts:266:3)\n      at Object.<anonymous> (__tests__/integration/first-load-bundle.test.tsx:59:46)\n\n  \u25cf First Load Bundle Testing - Agent 1 \u203a Bundle Loading Performance \u203a loads bundle under 3G conditions within 5 seconds\n\n    TypeError: Cannot read properties of undefined (reading 'cleanup')\n\n    \u001b[0m \u001b[90m 62 |\u001b[39m\n     \u001b[90m 63 |\u001b[39m   afterEach(() \u001b[33m=>\u001b[39m {\n    \u001b[31m\u001b[1m>\u001b[22m\u001b[39m\u001b[90m 64 |\u001b[39m     testEnv\u001b[33m.\u001b[39mcleanup()\u001b[33m;\u001b[39m\n     \u001b[90m    |\u001b[39m             \u001b[31m\u001b[1m^\u001b[22m\u001b[39m\n     \u001b[90m 65 |\u001b[39m     cleanupTest()\u001b[33m;\u001b[39m\n     \u001b[90m 66 |\u001b[39m   })\u001b[33m;\u001b[39m\n     \u001b[90m 67 |\u001b[39m\u001b[0m\n\n      at Object.cleanup (__tests__/integration/first-load-bundle.test.tsx:64:13)\n\n  \u25cf First Load Bundle Testing - Agent 1 \u203a Bundle Loading Performance \u203a loads bundle under WiFi conditions within 2 seconds\n\n    ReferenceError: setupAuthServiceMocks is not defined\n\n    \u001b[0m \u001b[90m 124 |\u001b[39m   startMockServer()\u001b[33m;\u001b[39m\n     \u001b[90m 125 |\u001b[39m   installWebSocketMock()\u001b[33m;\u001b[39m\n    \u001b[31m\u001b[1m>\u001b[22m\u001b[39m\u001b[90m 126 |\u001b[39m   setupAuthServiceMocks()\u001b[33m;\u001b[39m\n     \u001b[90m     |\u001b[39m   \u001b[31m\u001b[1m^\u001b[22m\u001b[39m\n     \u001b[90m 127 |\u001b[39m }\n     \u001b[90m 128 |\u001b[39m\n     \u001b[90m 129 |\u001b[39m \u001b[90m/**\u001b[39m\u001b[0m\n\n      at setupAuthServiceMocks (__tests__/mocks/index.ts:126:3)\n      at initializeAllMocks (__tests__/mocks/index.ts:266:3)\n      at Object.<anonymous> (__tests__/integration/first-load-bundle.test.tsx:59:46)\n\n  \u25cf First Load Bundle Testing - Agent 1 \u203a Bundle Loading Performance \u203a loads bundle under WiFi conditions within 2 seconds\n\n    TypeError: Cannot read properties of undefined (reading 'cleanup')\n\n    \u001b[0m \u001b[90m 62 |\u001b[39m\n     \u001b[90m 63 |\u001b[39m   afterEach(() \u001b[33m=>\u001b[39m {\n    \u001b[31m\u001b[1m>\u001b[22m\u001b[39m\u001b[90m 64 |\u001b[39m     testEnv\u001b[33m.\u001b[39mcleanup()\u001b[33m;\u001b[39m\n     \u001b[90m    |\u001b[39m             \u001b[31m\u001b[1m^\u001b[22m\u001b[39m\n     \u001b[90m 65 |\u001b[39m     cleanupTest()\u001b[33m;\u001b[39m\n     \u001b[90m 66 |\u001b[39m   })\u001b[33m;\u001b[39m\n     \u001b[90m 67 |\u001b[39m\u001b[0m\n\n      at Object.cleanup (__tests__/integration/first-load-bundle.test.tsx:64:13)\n\n  \u25cf First Load Bundle Testing - Agent 1 \u203a Bundle Loading Performance \u203a shows loading state during bundle fetch\n\n    ReferenceError: setupAuthServiceMocks is not defined\n\n    \u001b[0m \u001b[90m 124 |\u001b[39m   startMockServer()\u001b[33m;\u001b[39m\n     \u001b[90m 125 |\u001b[39m   installWebSocketMock()\u001b[33m;\u001b[39m\n    \u001b[31m\u001b[1m>\u001b[22m\u001b[39m\u001b[90m 126 |\u001b[39m   setupAuthServiceMocks()\u001b[33m;\u001b[39m\n     \u001b[90m     |\u001b[39m   \u001b[31m\u001b[1m^\u001b[22m\u001b[39m\n     \u001b[90m 127 |\u001b[39m }\n     \u001b[90m 128 |\u001b[39m\n     \u001b[90m 129 |\u001b[39m \u001b[90m/**\u001b[39m\u001b[0m\n\n      at setupAuthServiceMocks (__tests__/mocks/index.ts:126:3)\n      at initializeAllMocks (__tests__/mocks/index.ts:266:3)\n      at Object.<anonymous> (__tests__/integration/first-load-bundle.test.tsx:59:46)\n\n  \u25cf First Load Bundle Testing - Agent 1 \u203a Bundle Loading Performance \u203a shows loading state during bundle fetch\n\n    TypeError: Cannot read properties of undefined (reading 'cleanup')\n\n    \u001b[0m \u001b[90m 62 |\u001b[39m\n     \u001b[90m 63 |\u001b[39m   afterEach(() \u001b[33m=>\u001b[39m {\n    \u001b[31m\u001b[1m>\u001b[22m\u001b[39m\u001b[90m 64 |\u001b[39m     testEnv\u001b[33m.\u001b[39mcleanup()\u001b[33m;\u001b[39m\n     \u001b[90m    |\u001b[39m             \u001b[31m\u001b[1m^\u001b[22m\u001b[39m\n     \u001b[90m 65 |\u001b[39m     cleanupTest()\u001b[33m;\u001b[39m\n     \u001b[90m 66 |\u001b[39m   })\u001b[33m;\u001b[39m\n     \u001b[90m 67 |\u001b[39m\u001b[0m\n\n      at Object.cleanup (__tests__/integration/first-load-bundle.test.tsx:64:13)\n\n  \u25cf First Load Bundle Testing - Agent 1 \u203a Bundle Loading Performance \u203a validates bundle size is under 1MB gzipped\n\n    ReferenceError: setupAuthServiceMocks is not defined\n\n    \u001b[0m \u001b[90m 124 |\u001b[39m   startMockServer()\u001b[33m;\u001b[39m\n     \u001b[90m 125 |\u001b[39m   installWebSocketMock()\u001b[33m;\u001b[39m\n    \u001b[31m\u001b[1m>\u001b[22m\u001b[39m\u001b[90m 126 |\u001b[39m   setupAuthServiceMocks()\u001b[33m;\u001b[39m\n     \u001b[90m     |\u001b[39m   \u001b[31m\u001b[1m^\u001b[22m\u001b[39m\n     \u001b[90m 127 |\u001b[39m }\n     \u001b[90m 128 |\u001b[39m\n     \u001b[90m 129 |\u001b[39m \u001b[90m/**\u001b[39m\u001b[0m\n\n      at setupAuthServiceMocks (__tests__/mocks/index.ts:126:3)\n      at initializeAllMocks (__tests__/mocks/index.ts:266:3)\n      at Object.<anonymous> (__tests__/integration/first-load-bundle.test.tsx:59:46)\n\n  \u25cf First Load Bundle Testing - Agent 1 \u203a Bundle Loading Performance \u203a validates bundle size is under 1MB gzipped\n\n    TypeError: Cannot read properties of undefined (reading 'cleanup')\n\n    \u001b[0m \u001b[90m 62 |\u001b[39m\n     \u001b[90m 63 |\u001b[39m   afterEach(() \u001b[33m=>\u001b[39m {\n    \u001b[31m\u001b[1m>\u001b[22m\u001b[39m\u001b[90m 64 |\u001b[39m     testEnv\u001b[33m.\u001b[39mcleanup()\u001b[33m;\u001b[39m\n     \u001b[90m    |\u001b[39m             \u001b[31m\u001b[1m^\u001b[22m\u001b[39m\n     \u001b[90m 65 |\u001b[39m     cleanupTest()\u001b[33m;\u001b[39m\n     \u001b[90m 66 |\u001b[39m   })\u001b[33m;\u001b[39m\n     \u001b[90m 67 |\u001b[39m\u001b[0m\n\n      at Object.cleanup (__tests__/integration/first-load-bundle.test.tsx:64:13)\n\n  \u25cf First Load Bundle Testing - Agent 1 \u203a Hydration Verification \u203a completes hydration without mismatches\n\n    ReferenceError: setupAuthServiceMocks is not defined\n\n    \u001b[0m \u001b[90m 124 |\u001b[39m   startMockServer()\u001b[33m;\u001b[39m\n     \u001b[90m 125 |\u001b[39m   installWebSocketMock()\u001b[33m;\u001b[39m\n    \u001b[31m\u001b[1m>\u001b[22m\u001b[39m\u001b[90m 126 |\u001b[39m   setupAuthServiceMocks()\u001b[33m;\u001b[39m\n     \u001b[90m     |\u001b[39m   \u001b[31m\u001b[1m^\u001b[22m\u001b[39m\n     \u001b[90m 127 |\u001b[39m }\n     \u001b[90m 128 |\u001b[39m\n     \u001b[90m 129 |\u001b[39m \u001b[90m/**\u001b[39m\u001b[0m\n\n      at setupAuthServiceMocks (__tests__/mocks/index.ts:126:3)\n      at initializeAllMocks (__tests__/mocks/index.ts:266:3)\n      at Object.<anonymous> (__tests__/integration/first-load-bundle.test.tsx:59:46)\n\n  \u25cf First Load Bundle Testing - Agent 1 \u203a Hydration Verification \u203a completes hydration without mismatches\n\n    TypeError: Cannot read properties of undefined (reading 'cleanup')\n\n    \u001b[0m \u001b[90m 62 |\u001b[39m\n     \u001b[90m 63 |\u001b[39m   afterEach(() \u001b[33m=>\u001b[39m {\n    \u001b[31m\u001b[1m>\u001b[22m\u001b[39m\u001b[90m 64 |\u001b[39m     testEnv\u001b[33m.\u001b[39mcleanup()\u001b[33m;\u001b[39m\n     \u001b[90m    |\u001b[39m             \u001b[31m\u001b[1m^\u001b[22m\u001b[39m\n     \u001b[90m 65 |\u001b[39m     cleanupTest()\u001b[33m;\u001b[39m\n     \u001b[90m 66 |\u001b[39m   })\u001b[33m;\u001b[39m\n     \u001b[90m 67 |\u001b[39m\u001b[0m\n\n      at Object.cleanup (__tests__/integration/first-load-bundle.test.tsx:64:13)\n\n  \u25cf First Load Bundle Testing - Agent 1 \u203a Hydration Verification \u203a renders consistent markup server/client\n\n    ReferenceError: setupAuthServiceMocks is not defined\n\n    \u001b[0m \u001b[90m 124 |\u001b[39m   startMockServer()\u001b[33m;\u001b[39m\n     \u001b[90m 125 |\u001b[39m   installWebSocketMock()\u001b[33m;\u001b[39m\n    \u001b[31m\u001b[1m>\u001b[22m\u001b[39m\u001b[90m 126 |\u001b[39m   setupAuthServiceMocks()\u001b[33m;\u001b[39m\n     \u001b[90m     |\u001b[39m   \u001b[31m\u001b[1m^\u001b[22m\u001b[39m\n     \u001b[90m 127 |\u001b[39m }\n     \u001b[90m 128 |\u001b[39m\n     \u001b[90m 129 |\u001b[39m \u001b[90m/**\u001b[39m\u001b[0m\n\n      at setupAuthServiceMocks (__tests__/mocks/index.ts:126:3)\n      at initializeAllMocks (__tests__/mocks/index.ts:266:3)\n      at Object.<anonymous> (__tests__/integration/first-load-bundle.test.tsx:59:46)\n\n  \u25cf First Load Bundle Testing - Agent 1 \u203a Hydration Verification \u203a renders consistent markup server/client\n\n    TypeError: Cannot read properties of undefined (reading 'cleanup')\n\n    \u001b[0m \u001b[90m 62 |\u001b[39m\n     \u001b[90m 63 |\u001b[39m   afterEach(() \u001b[33m=>\u001b[39m {\n    \u001b[31m\u001b[1m>\u001b[22m\u001b[39m\u001b[90m 64 |\u001b[39m     testEnv\u001b[33m.\u001b[39mcleanup()\u001b[33m;\u001b[39m\n     \u001b[90m    |\u001b[39m             \u001b[31m\u001b[1m^\u001b[22m\u001b[39m\n     \u001b[90m 65 |\u001b[39m     cleanupTest()\u001b[33m;\u001b[39m\n     \u001b[90m 66 |\u001b[39m   })\u001b[33m;\u001b[39m\n     \u001b[90m 67 |\u001b[39m\u001b[0m\n\n      at Object.cleanup (__tests__/integration/first-load-bundle.test.tsx:64:13)\n\n  \u25cf First Load Bundle Testing - Agent 1 \u203a Hydration Verification \u203a preserves state during hydration\n\n    ReferenceError: setupAuthServiceMocks is not defined\n\n    \u001b[0m \u001b[90m 124 |\u001b[39m   startMockServer()\u001b[33m;\u001b[39m\n     \u001b[90m 125 |\u001b[39m   installWebSocketMock()\u001b[33m;\u001b[39m\n    \u001b[31m\u001b[1m>\u001b[22m\u001b[39m\u001b[90m 126 |\u001b[39m   setupAuthServiceMocks()\u001b[33m;\u001b[39m\n     \u001b[90m     |\u001b[39m   \u001b[31m\u001b[1m^\u001b[22m\u001b[39m\n     \u001b[90m 127 |\u001b[39m }\n     \u001b[90m 128 |\u001b[39m\n     \u001b[90m 129 |\u001b[39m \u001b[90m/**\u001b[39m\u001b[0m\n\n      at setupAuthServiceMocks (__tests__/mocks/index.ts:126:3)\n      at initializeAllMocks (__tests__/mocks/index.ts:266:3)\n      at Object.<anonymous> (__tests__/integration/first-load-bundle.test.tsx:59:46)\n\n  \u25cf First Load Bundle Testing - Agent 1 \u203a Hydration Verification \u203a preserves state during hydration\n\n    TypeError: Cannot read properties of undefined (reading 'cleanup')\n\n    \u001b[0m \u001b[90m 62 |\u001b[39m\n     \u001b[90m 63 |\u001b[39m   afterEach(() \u001b[33m=>\u001b[39m {\n    \u001b[31m\u001b[1m>\u001b[22m\u001b[39m\u001b[90m 64 |\u001b[39m     testEnv\u001b[33m.\u001b[39mcleanup()\u001b[33m;\u001b[39m\n     \u001b[90m    |\u001b[39m             \u001b[31m\u001b[1m^\u001b[22m\u001b[39m\n     \u001b[90m 65 |\u001b[39m     cleanupTest()\u001b[33m;\u001b[39m\n     \u001b[90m 66 |\u001b[39m   })\u001b[33m;\u001b[39m\n     \u001b[90m 67 |\u001b[39m\u001b[0m\n\n      at Object.cleanup (__tests__/integration/first-load-bundle.test.tsx:64:13)\n\n  \u25cf First Load Bundle Testing - Agent 1 \u203a Authentication State Initialization \u203a initializes with no authenticated content flash\n\n    ReferenceError: setupAuthServiceMocks is not defined\n\n    \u001b[0m \u001b[90m 124 |\u001b[39m   startMockServer()\u001b[33m;\u001b[39m\n     \u001b[90m 125 |\u001b[39m   installWebSocketMock()\u001b[33m;\u001b[39m\n    \u001b[31m\u001b[1m>\u001b[22m\u001b[39m\u001b[90m 126 |\u001b[39m   setupAuthServiceMocks()\u001b[33m;\u001b[39m\n     \u001b[90m     |\u001b[39m   \u001b[31m\u001b[1m^\u001b[22m\u001b[39m\n     \u001b[90m 127 |\u001b[39m }\n     \u001b[90m 128 |\u001b[39m\n     \u001b[90m 129 |\u001b[39m \u001b[90m/**\u001b[39m\u001b[0m\n\n      at setupAuthServiceMocks (__tests__/mocks/index.ts:126:3)\n      at initializeAllMocks (__tests__/mocks/index.ts:266:3)\n      at Object.<anonymous> (__tests__/integration/first-load-bundle.test.tsx:59:46)\n\n  \u25cf First Load Bundle Testing - Agent 1 \u203a Authentication State Initialization \u203a initializes with no authenticated content flash\n\n    TypeError: Cannot read properties of undefined (reading 'cleanup')\n\n    \u001b[0m \u001b[90m 62 |\u001b[39m\n     \u001b[90m 63 |\u001b[39m   afterEach(() \u001b[33m=>\u001b[39m {\n    \u001b[31m\u001b[1m>\u001b[22m\u001b[39m\u001b[90m 64 |\u001b[39m     testEnv\u001b[33m.\u001b[39mcleanup()\u001b[33m;\u001b[39m\n     \u001b[90m    |\u001b[39m             \u001b[31m\u001b[1m^\u001b[22m\u001b[39m\n     \u001b[90m 65 |\u001b[39m     cleanupTest()\u001b[33m;\u001b[39m\n     \u001b[90m 66 |\u001b[39m   })\u001b[33m;\u001b[39m\n     \u001b[90m 67 |\u001b[39m\u001b[0m\n\n      at Object.cleanup (__tests__/integration/first-load-bundle.test.tsx:64:13)\n\n  \u25cf First Load Bundle Testing - Agent 1 \u203a Authentication State Initialization \u203a shows appropriate unauthenticated state\n\n    ReferenceError: setupAuthServiceMocks is not defined\n\n    \u001b[0m \u001b[90m 124 |\u001b[39m   startMockServer()\u001b[33m;\u001b[39m\n     \u001b[90m 125 |\u001b[39m   installWebSocketMock()\u001b[33m;\u001b[39m\n    \u001b[31m\u001b[1m>\u001b[22m\u001b[39m\u001b[90m 126 |\u001b[39m   setupAuthServiceMocks()\u001b[33m;\u001b[39m\n     \u001b[90m     |\u001b[39m   \u001b[31m\u001b[1m^\u001b[22m\u001b[39m\n     \u001b[90m 127 |\u001b[39m }\n     \u001b[90m 128 |\u001b[39m\n     \u001b[90m 129 |\u001b[39m \u001b[90m/**\u001b[39m\u001b[0m\n\n      at setupAuthServiceMocks (__tests__/mocks/index.ts:126:3)\n      at initializeAllMocks (__tests__/mocks/index.ts:266:3)\n      at Object.<anonymous> (__tests__/integration/first-load-bundle.test.tsx:59:46)\n\n  \u25cf First Load Bundle Testing - Agent 1 \u203a Authentication State Initialization \u203a shows appropriate unauthenticated state\n\n    TypeError: Cannot read properties of undefined (reading 'cleanup')\n\n    \u001b[0m \u001b[90m 62 |\u001b[39m\n     \u001b[90m 63 |\u001b[39m   afterEach(() \u001b[33m=>\u001b[39m {\n    \u001b[31m\u001b[1m>\u001b[22m\u001b[39m\u001b[90m 64 |\u001b[39m     testEnv\u001b[33m.\u001b[39mcleanup()\u001b[33m;\u001b[39m\n     \u001b[90m    |\u001b[39m             \u001b[31m\u001b[1m^\u001b[22m\u001b[39m\n     \u001b[90m 65 |\u001b[39m     cleanupTest()\u001b[33m;\u001b[39m\n     \u001b[90m 66 |\u001b[39m   })\u001b[33m;\u001b[39m\n     \u001b[90m 67 |\u001b[39m\u001b[0m\n\n      at Object.cleanup (__tests__/integration/first-load-bundle.test.tsx:64:13)\n\n  \u25cf First Load Bundle Testing - Agent 1 \u203a Authentication State Initialization \u203a handles authentication check gracefully\n\n    ReferenceError: setupAuthServiceMocks is not defined\n\n    \u001b[0m \u001b[90m 124 |\u001b[39m   startMockServer()\u001b[33m;\u001b[39m\n     \u001b[90m 125 |\u001b[39m   installWebSocketMock()\u001b[33m;\u001b[39m\n    \u001b[31m\u001b[1m>\u001b[22m\u001b[39m\u001b[90m 126 |\u001b[39m   setupAuthServiceMocks()\u001b[33m;\u001b[39m\n     \u001b[90m     |\u001b[39m   \u001b[31m\u001b[1m^\u001b[22m\u001b[39m\n     \u001b[90m 127 |\u001b[39m }\n     \u001b[90m 128 |\u001b[39m\n     \u001b[90m 129 |\u001b[39m \u001b[90m/**\u001b[39m\u001b[0m\n\n      at setupAuthServiceMocks (__tests__/mocks/index.ts:126:3)\n      at initializeAllMocks (__tests__/mocks/index.ts:266:3)\n      at Object.<anonymous> (__tests__/integration/first-load-bundle.test.tsx:59:46)\n\n  \u25cf First Load Bundle Testing - Agent 1 \u203a Authentication State Initialization \u203a handles authentication check gracefully\n\n    TypeError: Cannot read properties of undefined (reading 'cleanup')\n\n    \u001b[0m \u001b[90m 62 |\u001b[39m\n     \u001b[90m 63 |\u001b[39m   afterEach(() \u001b[33m=>\u001b[39m {\n    \u001b[31m\u001b[1m>\u001b[22m\u001b[39m\u001b[90m 64 |\u001b[39m     testEnv\u001b[33m.\u001b[39mcleanup()\u001b[33m;\u001b[39m\n     \u001b[90m    |\u001b[39m             \u001b[31m\u001b[1m^\u001b[22m\u001b[39m\n     \u001b[90m 65 |\u001b[39m     cleanupTest()\u001b[33m;\u001b[39m\n     \u001b[90m 66 |\u001b[39m   })\u001b[33m;\u001b[39m\n     \u001b[90m 67 |\u001b[39m\u001b[0m\n\n      at Object.cleanup (__tests__/integration/first-load-bundle.test.tsx:64:13)\n\n  \u25cf First Load Bundle Testing - Agent 1 \u203a Storage Initialization \u203a initializes localStorage without errors\n\n    ReferenceError: setupAuthServiceMocks is not defined\n\n    \u001b[0m \u001b[90m 124 |\u001b[39m   startMockServer()\u001b[33m;\u001b[39m\n     \u001b[90m 125 |\u001b[39m   installWebSocketMock()\u001b[33m;\u001b[39m\n    \u001b[31m\u001b[1m>\u001b[22m\u001b[39m\u001b[90m 126 |\u001b[39m   setupAuthServiceMocks()\u001b[33m;\u001b[39m\n     \u001b[90m     |\u001b[39m   \u001b[31m\u001b[1m^\u001b[22m\u001b[39m\n     \u001b[90m 127 |\u001b[39m }\n     \u001b[90m 128 |\u001b[39m\n     \u001b[90m 129 |\u001b[39m \u001b[90m/**\u001b[39m\u001b[0m\n\n      at setupAuthServiceMocks (__tests__/mocks/index.ts:126:3)\n      at initializeAllMocks (__tests__/mocks/index.ts:266:3)\n      at Object.<anonymous> (__tests__/integration/first-load-bundle.test.tsx:59:46)\n\n  \u25cf First Load Bundle Testing - Agent 1 \u203a Storage Initialization \u203a initializes localStorage without errors\n\n    TypeError: Cannot read properties of undefined (reading 'cleanup')\n\n    \u001b[0m \u001b[90m 62 |\u001b[39m\n     \u001b[90m 63 |\u001b[39m   afterEach(() \u001b[33m=>\u001b[39m {\n    \u001b[31m\u001b[1m>\u001b[22m\u001b[39m\u001b[90m 64 |\u001b[39m     testEnv\u001b[33m.\u001b[39mcleanup()\u001b[33m;\u001b[39m\n     \u001b[90m    |\u001b[39m             \u001b[31m\u001b[1m^\u001b[22m\u001b[39m\n     \u001b[90m 65 |\u001b[39m     cleanupTest()\u001b[33m;\u001b[39m\n     \u001b[90m 66 |\u001b[39m   })\u001b[33m;\u001b[39m\n     \u001b[90m 67 |\u001b[39m\u001b[0m\n\n      at Object.cleanup (__tests__/integration/first-load-bundle.test.tsx:64:13)\n\n  \u25cf First Load Bundle Testing - Agent 1 \u203a Storage Initialization \u203a handles cookies initialization\n\n    ReferenceError: setupAuthServiceMocks is not defined\n\n    \u001b[0m \u001b[90m 124 |\u001b[39m   startMockServer()\u001b[33m;\u001b[39m\n     \u001b[90m 125 |\u001b[39m   installWebSocketMock()\u001b[33m;\u001b[39m\n    \u001b[31m\u001b[1m>\u001b[22m\u001b[39m\u001b[90m 126 |\u001b[39m   setupAuthServiceMocks()\u001b[33m;\u001b[39m\n     \u001b[90m     |\u001b[39m   \u001b[31m\u001b[1m^\u001b[22m\u001b[39m\n     \u001b[90m 127 |\u001b[39m }\n     \u001b[90m 128 |\u001b[39m\n     \u001b[90m 129 |\u001b[39m \u001b[90m/**\u001b[39m\u001b[0m\n\n      at setupAuthServiceMocks (__tests__/mocks/index.ts:126:3)\n      at initializeAllMocks (__tests__/mocks/index.ts:266:3)\n      at Object.<anonymous> (__tests__/integration/first-load-bundle.test.tsx:59:46)\n\n  \u25cf First Load Bundle Testing - Agent 1 \u203a Storage Initialization \u203a handles cookies initialization\n\n    TypeError: Cannot read properties of undefined (reading 'cleanup')\n\n    \u001b[0m \u001b[90m 62 |\u001b[39m\n     \u001b[90m 63 |\u001b[39m   afterEach(() \u001b[33m=>\u001b[39m {\n    \u001b[31m\u001b[1m>\u001b[22m\u001b[39m\u001b[90m 64 |\u001b[39m     testEnv\u001b[33m.\u001b[39mcleanup()\u001b[33m;\u001b[39m\n     \u001b[90m    |\u001b[39m             \u001b[31m\u001b[1m^\u001b[22m\u001b[39m\n     \u001b[90m 65 |\u001b[39m     cleanupTest()\u001b[33m;\u001b[39m\n     \u001b[90m 66 |\u001b[39m   })\u001b[33m;\u001b[39m\n     \u001b[90m 67 |\u001b[39m\u001b[0m\n\n      at Object.cleanup (__tests__/integration/first-load-bundle.test.tsx:64:13)\n\n  \u25cf First Load Bundle Testing - Agent 1 \u203a Storage Initialization \u203a recovers from storage quota exceeded\n\n    ReferenceError: setupAuthServiceMocks is not defined\n\n    \u001b[0m \u001b[90m 124 |\u001b[39m   startMockServer()\u001b[33m;\u001b[39m\n     \u001b[90m 125 |\u001b[39m   installWebSocketMock()\u001b[33m;\u001b[39m\n    \u001b[31m\u001b[1m>\u001b[22m\u001b[39m\u001b[90m 126 |\u001b[39m   setupAuthServiceMocks()\u001b[33m;\u001b[39m\n     \u001b[90m     |\u001b[39m   \u001b[31m\u001b[1m^\u001b[22m\u001b[39m\n     \u001b[90m 127 |\u001b[39m }\n     \u001b[90m 128 |\u001b[39m\n     \u001b[90m 129 |\u001b[39m \u001b[90m/**\u001b[39m\u001b[0m\n\n      at setupAuthServiceMocks (__tests__/mocks/index.ts:126:3)\n      at initializeAllMocks (__tests__/mocks/index.ts:266:3)\n      at Object.<anonymous> (__tests__/integration/first-load-bundle.test.tsx:59:46)\n\n  \u25cf First Load Bundle Testing - Agent 1 \u203a Storage Initialization \u203a recovers from storage quota exceeded\n\n    TypeError: Cannot read properties of undefined (reading 'cleanup')\n\n    \u001b[0m \u001b[90m 62 |\u001b[39m\n     \u001b[90m 63 |\u001b[39m   afterEach(() \u001b[33m=>\u001b[39m {\n    \u001b[31m\u001b[1m>\u001b[22m\u001b[39m\u001b[90m 64 |\u001b[39m     testEnv\u001b[33m.\u001b[39mcleanup()\u001b[33m;\u001b[39m\n     \u001b[90m    |\u001b[39m             \u001b[31m\u001b[1m^\u001b[22m\u001b[39m\n     \u001b[90m 65 |\u001b[39m     cleanupTest()\u001b[33m;\u001b[39m\n     \u001b[90m 66 |\u001b[39m   })\u001b[33m;\u001b[39m\n     \u001b[90m 67 |\u001b[39m\u001b[0m\n\n      at Object.cleanup (__tests__/integration/first-load-bundle.test.tsx:64:13)\n\n\nTest Suites: 1 failed, 1 of 163 total\nTests:       13 failed, 13 total\nSnapshots:   0 total\nTime:        14.385 s, estimated 47 s\nRan all test suites.\n"
    },
    "dev_launcher": {
      "success": false,
      "duration": 11.786929607391357,
      "output": "",
      "errors": "ERROR: usage: pytest [options] [file_or_dir] [file_or_dir] [...]\npytest: error: unrecognized arguments: --timeout=300\n  inifile: C:\\Users\\antho\\OneDrive\\Desktop\\Netra\\netra-core-generation-1\\pytest.ini\n  rootdir: C:\\Users\\antho\\OneDrive\\Desktop\\Netra\\netra-core-generation-1\n\n"
    }
  },
  "overall_success": false,
  "total_duration": 92.47164034843445
}