{
  "timestamp": "20250822_143342",
  "level": "e2e",
  "environment": "local",
  "services": {
    "backend": {
      "success": false,
      "duration": 25.257678270339966,
      "output": "============================= test session starts =============================\nplatform win32 -- Python 3.12.3, pytest-8.4.1, pluggy-1.6.0\nrootdir: C:\\Users\\antho\\OneDrive\\Desktop\\Netra\\netra-core-generation-1\\netra_backend\nconfigfile: pytest.ini\nplugins: anyio-4.9.0, Faker-37.5.3, langsmith-0.4.15, asyncio-1.1.0, cov-6.2.1, mock-3.14.1, xdist-3.8.0\nasyncio: mode=Mode.AUTO, asyncio_default_fixture_loop_scope=session, asyncio_default_test_loop_scope=function\ncollected 3304 items / 1 error\n\n=================================== ERRORS ====================================\n_ ERROR collecting tests/integration/critical_paths/test_business_critical_flows_l2.py _\nImportError while importing test module 'C:\\Users\\antho\\OneDrive\\Desktop\\Netra\\netra-core-generation-1\\netra_backend\\tests\\integration\\critical_paths\\test_business_critical_flows_l2.py'.\nHint: make sure your test modules/packages have valid Python names.\nTraceback:\nC:\\Program Files\\Python312\\Lib\\importlib\\__init__.py:90: in import_module\n    return _bootstrap._gcd_import(name[level:], package, level)\n           ^^^^^^^^^^^^^^^^^^^^^^^^^^^^^^^^^^^^^^^^^^^^^^^^^^^^\ntests\\integration\\critical_paths\\test_business_critical_flows_l2.py:40: in <module>\n    from netra_backend.app.services.billing.usage_metering import UsageMeteringService\nE   ModuleNotFoundError: No module named 'netra_backend.app.services.billing.usage_metering'\n============================== warnings summary ===============================\n..\\..\\..\\..\\..\\AppData\\Roaming\\Python\\Python312\\site-packages\\pydantic\\_internal\\_fields.py:198\n  C:\\Users\\antho\\AppData\\Roaming\\Python\\Python312\\site-packages\\pydantic\\_internal\\_fields.py:198: UserWarning: Field name \"schema\" in \"DataSample\" shadows an attribute in parent \"BaseModel\"\n    warnings.warn(\n\n..\\..\\..\\..\\..\\AppData\\Roaming\\Python\\Python312\\site-packages\\pydantic\\_internal\\_fields.py:198\n  C:\\Users\\antho\\AppData\\Roaming\\Python\\Python312\\site-packages\\pydantic\\_internal\\_fields.py:198: UserWarning: Field name \"schema\" in \"DataCatalog\" shadows an attribute in parent \"BaseModel\"\n    warnings.warn(\n\n..\\..\\..\\..\\..\\AppData\\Roaming\\Python\\Python312\\site-packages\\pydantic\\_internal\\_config.py:323\n..\\..\\..\\..\\..\\AppData\\Roaming\\Python\\Python312\\site-packages\\pydantic\\_internal\\_config.py:323\n..\\..\\..\\..\\..\\AppData\\Roaming\\Python\\Python312\\site-packages\\pydantic\\_internal\\_config.py:323\n..\\..\\..\\..\\..\\AppData\\Roaming\\Python\\Python312\\site-packages\\pydantic\\_internal\\_config.py:323\n..\\..\\..\\..\\..\\AppData\\Roaming\\Python\\Python312\\site-packages\\pydantic\\_internal\\_config.py:323\n..\\..\\..\\..\\..\\AppData\\Roaming\\Python\\Python312\\site-packages\\pydantic\\_internal\\_config.py:323\n..\\..\\..\\..\\..\\AppData\\Roaming\\Python\\Python312\\site-packages\\pydantic\\_internal\\_config.py:323\n  C:\\Users\\antho\\AppData\\Roaming\\Python\\Python312\\site-packages\\pydantic\\_internal\\_config.py:323: PydanticDeprecatedSince20: Support for class-based `config` is deprecated, use ConfigDict instead. Deprecated in Pydantic V2.0 to be removed in V3.0. See Pydantic V2 Migration Guide at https://errors.pydantic.dev/2.11/migration/\n    warnings.warn(DEPRECATION_MESSAGE, DeprecationWarning)\n\n..\\..\\..\\..\\..\\AppData\\Roaming\\Python\\Python312\\site-packages\\pydantic\\_internal\\_generate_schema.py:298\n..\\..\\..\\..\\..\\AppData\\Roaming\\Python\\Python312\\site-packages\\pydantic\\_internal\\_generate_schema.py:298\n..\\..\\..\\..\\..\\AppData\\Roaming\\Python\\Python312\\site-packages\\pydantic\\_internal\\_generate_schema.py:298\n..\\..\\..\\..\\..\\AppData\\Roaming\\Python\\Python312\\site-packages\\pydantic\\_internal\\_generate_schema.py:298\n..\\..\\..\\..\\..\\AppData\\Roaming\\Python\\Python312\\site-packages\\pydantic\\_internal\\_generate_schema.py:298\n..\\..\\..\\..\\..\\AppData\\Roaming\\Python\\Python312\\site-packages\\pydantic\\_internal\\_generate_schema.py:298\n..\\..\\..\\..\\..\\AppData\\Roaming\\Python\\Python312\\site-packages\\pydantic\\_internal\\_generate_schema.py:298\n  C:\\Users\\antho\\AppData\\Roaming\\Python\\Python312\\site-packages\\pydantic\\_internal\\_generate_schema.py:298: PydanticDeprecatedSince20: `json_encoders` is deprecated. See https://docs.pydantic.dev/2.11/concepts/serialization/#custom-serializers for alternatives. Deprecated in Pydantic V2.0 to be removed in V3.0. See Pydantic V2 Migration Guide at https://errors.pydantic.dev/2.11/migration/\n    warnings.warn(\n\ntests\\unified_system\\fixtures.py:111\n  C:\\Users\\antho\\OneDrive\\Desktop\\Netra\\netra-core-generation-1\\netra_backend\\tests\\unified_system\\fixtures.py:111: DeprecationWarning: websockets.WebSocketServerProtocol is deprecated\n    connection: websockets.WebSocketServerProtocol\n\n..\\..\\..\\..\\..\\AppData\\Roaming\\Python\\Python312\\site-packages\\websockets\\legacy\\__init__.py:6\n  C:\\Users\\antho\\AppData\\Roaming\\Python\\Python312\\site-packages\\websockets\\legacy\\__init__.py:6: DeprecationWarning: websockets.legacy is deprecated; see https://websockets.readthedocs.io/en/stable/howto/upgrade.html for upgrade instructions\n    warnings.warn(  # deprecated in 14.0 - 2024-11-09\n\ntests\\e2e\\test_websocket_integration_helpers.py:36\n  C:\\Users\\antho\\OneDrive\\Desktop\\Netra\\netra-core-generation-1\\netra_backend\\tests\\e2e\\test_websocket_integration_helpers.py:36: PytestCollectionWarning: cannot collect test class 'TestSyntaxFix' because it has a __init__ constructor (from: tests/e2e/test_websocket_integration_helpers.py)\n    class TestSyntaxFix:\n\n..\\test_framework\\testcontainers_utils.py:7\n  C:\\Users\\antho\\OneDrive\\Desktop\\Netra\\netra-core-generation-1\\test_framework\\testcontainers_utils.py:7: PytestCollectionWarning: cannot collect test class 'TestcontainerHelper' because it has a __init__ constructor (from: tests/integration/critical_paths/test_agent_context_isolation_boundaries.py)\n    class TestcontainerHelper:\n\n..\\test_framework\\testcontainers_utils.py:7\n  C:\\Users\\antho\\OneDrive\\Desktop\\Netra\\netra-core-generation-1\\test_framework\\testcontainers_utils.py:7: PytestCollectionWarning: cannot collect test class 'TestcontainerHelper' because it has a __init__ constructor (from: tests/integration/critical_paths/test_agent_failure_recovery_cascade.py)\n    class TestcontainerHelper:\n\n..\\test_framework\\testcontainers_utils.py:7\n  C:\\Users\\antho\\OneDrive\\Desktop\\Netra\\netra-core-generation-1\\test_framework\\testcontainers_utils.py:7: PytestCollectionWarning: cannot collect test class 'TestcontainerHelper' because it has a __init__ constructor (from: tests/integration/critical_paths/test_agent_resource_pool_management.py)\n    class TestcontainerHelper:\n\ntests\\integration\\critical_paths\\test_alert_routing_escalation.py:40\n  C:\\Users\\antho\\OneDrive\\Desktop\\Netra\\netra-core-generation-1\\netra_backend\\tests\\integration\\critical_paths\\test_alert_routing_escalation.py:40: PytestUnknownMarkWarning: Unknown pytest.mark.observability - is this a typo?  You can register custom marks to avoid this warning - for details, see https://docs.pytest.org/en/stable/how-to/mark.html\n    pytest.mark.observability,\n\ntests\\integration\\critical_paths\\test_alert_routing_escalation.py:41\n  C:\\Users\\antho\\OneDrive\\Desktop\\Netra\\netra-core-generation-1\\netra_backend\\tests\\integration\\critical_paths\\test_alert_routing_escalation.py:41: PytestUnknownMarkWarning: Unknown pytest.mark.alerting - is this a typo?  You can register custom marks to avoid this warning - for details, see https://docs.pytest.org/en/stable/how-to/mark.html\n    pytest.mark.alerting\n\ntests\\integration\\config.py:5\n  C:\\Users\\antho\\OneDrive\\Desktop\\Netra\\netra-core-generation-1\\netra_backend\\tests\\integration\\config.py:5: PytestCollectionWarning: cannot collect test class 'TestTier' because it has a __init__ constructor (from: tests/integration/critical_paths/test_api_rate_limiting_first_requests.py)\n    class TestTier(str, Enum):\n\ntests\\integration\\critical_paths\\test_api_request_lifecycle_complete_l4.py:49\n  C:\\Users\\antho\\OneDrive\\Desktop\\Netra\\netra-core-generation-1\\netra_backend\\tests\\integration\\critical_paths\\test_api_request_lifecycle_complete_l4.py:49: PytestUnknownMarkWarning: Unknown pytest.mark.timeout - is this a typo?  You can register custom marks to avoid this warning - for details, see https://docs.pytest.org/en/stable/how-to/mark.html\n    @pytest.mark.timeout(30)\n\ntests\\integration\\critical_paths\\test_api_request_lifecycle_complete_l4.py:116\n  C:\\Users\\antho\\OneDrive\\Desktop\\Netra\\netra-core-generation-1\\netra_backend\\tests\\integration\\critical_paths\\test_api_request_lifecycle_complete_l4.py:116: PytestUnknownMarkWarning: Unknown pytest.mark.timeout - is this a typo?  You can register custom marks to avoid this warning - for details, see https://docs.pytest.org/en/stable/how-to/mark.html\n    @pytest.mark.timeout(30)\n\ntests\\integration\\critical_paths\\test_api_request_lifecycle_complete_l4.py:178\n  C:\\Users\\antho\\OneDrive\\Desktop\\Netra\\netra-core-generation-1\\netra_backend\\tests\\integration\\critical_paths\\test_api_request_lifecycle_complete_l4.py:178: PytestUnknownMarkWarning: Unknown pytest.mark.timeout - is this a typo?  You can register custom marks to avoid this warning - for details, see https://docs.pytest.org/en/stable/how-to/mark.html\n    @pytest.mark.timeout(30)\n\ntests\\integration\\critical_paths\\test_api_request_lifecycle_complete_l4.py:221\n  C:\\Users\\antho\\OneDrive\\Desktop\\Netra\\netra-core-generation-1\\netra_backend\\tests\\integration\\critical_paths\\test_api_request_lifecycle_complete_l4.py:221: PytestUnknownMarkWarning: Unknown pytest.mark.timeout - is this a typo?  You can register custom marks to avoid this warning - for details, see https://docs.pytest.org/en/stable/how-to/mark.html\n    @pytest.mark.timeout(30)\n\ntests\\integration\\critical_paths\\test_api_request_lifecycle_complete_l4.py:265\n  C:\\Users\\antho\\OneDrive\\Desktop\\Netra\\netra-core-generation-1\\netra_backend\\tests\\integration\\critical_paths\\test_api_request_lifecycle_complete_l4.py:265: PytestUnknownMarkWarning: Unknown pytest.mark.timeout - is this a typo?  You can register custom marks to avoid this warning - for details, see https://docs.pytest.org/en/stable/how-to/mark.html\n    @pytest.mark.timeout(30)\n\ntests\\integration\\critical_paths\\test_api_request_lifecycle_complete_l4.py:304\n  C:\\Users\\antho\\OneDrive\\Desktop\\Netra\\netra-core-generation-1\\netra_backend\\tests\\integration\\critical_paths\\test_api_request_lifecycle_complete_l4.py:304: PytestUnknownMarkWarning: Unknown pytest.mark.timeout - is this a typo?  You can register custom marks to avoid this warning - for details, see https://docs.pytest.org/en/stable/how-to/mark.html\n    @pytest.mark.timeout(30)\n\ntests\\integration\\critical_paths\\test_api_request_lifecycle_complete_l4.py:347\n  C:\\Users\\antho\\OneDrive\\Desktop\\Netra\\netra-core-generation-1\\netra_backend\\tests\\integration\\critical_paths\\test_api_request_lifecycle_complete_l4.py:347: PytestUnknownMarkWarning: Unknown pytest.mark.timeout - is this a typo?  You can register custom marks to avoid this warning - for details, see https://docs.pytest.org/en/stable/how-to/mark.html\n    @pytest.mark.timeout(30)\n\ntests\\integration\\critical_paths\\test_api_request_lifecycle_complete_l4.py:387\n  C:\\Users\\antho\\OneDrive\\Desktop\\Netra\\netra-core-generation-1\\netra_backend\\tests\\integration\\critical_paths\\test_api_request_lifecycle_complete_l4.py:387: PytestUnknownMarkWarning: Unknown pytest.mark.timeout - is this a typo?  You can register custom marks to avoid this warning - for details, see https://docs.pytest.org/en/stable/how-to/mark.html\n    @pytest.mark.timeout(30)\n\ntests\\integration\\critical_paths\\test_api_request_lifecycle_complete_l4.py:422\n  C:\\Users\\antho\\OneDrive\\Desktop\\Netra\\netra-core-generation-1\\netra_backend\\tests\\integration\\critical_paths\\test_api_request_lifecycle_complete_l4.py:422: PytestUnknownMarkWarning: Unknown pytest.mark.timeout - is this a typo?  You can register custom marks to avoid this warning - for details, see https://docs.pytest.org/en/stable/how-to/mark.html\n    @pytest.mark.timeout(30)\n\ntests\\integration\\critical_paths\\test_api_request_lifecycle_complete_l4.py:468\n  C:\\Users\\antho\\OneDrive\\Desktop\\Netra\\netra-core-generation-1\\netra_backend\\tests\\integration\\critical_paths\\test_api_request_lifecycle_complete_l4.py:468: PytestUnknownMarkWarning: Unknown pytest.mark.timeout - is this a typo?  You can register custom marks to avoid this warning - for details, see https://docs.pytest.org/en/stable/how-to/mark.html\n    @pytest.mark.timeout(30)\n\ntests\\integration\\critical_paths\\test_auth_audit_trail_integrity_l4.py:170\n  C:\\Users\\antho\\OneDrive\\Desktop\\Netra\\netra-core-generation-1\\netra_backend\\tests\\integration\\critical_paths\\test_auth_audit_trail_integrity_l4.py:170: PytestUnknownMarkWarning: Unknown pytest.mark.timeout - is this a typo?  You can register custom marks to avoid this warning - for details, see https://docs.pytest.org/en/stable/how-to/mark.html\n    @pytest.mark.timeout(120)\n\ntests\\integration\\critical_paths\\test_auth_audit_trail_integrity_l4.py:232\n  C:\\Users\\antho\\OneDrive\\Desktop\\Netra\\netra-core-generation-1\\netra_backend\\tests\\integration\\critical_paths\\test_auth_audit_trail_integrity_l4.py:232: PytestUnknownMarkWarning: Unknown pytest.mark.timeout - is this a typo?  You can register custom marks to avoid this warning - for details, see https://docs.pytest.org/en/stable/how-to/mark.html\n    @pytest.mark.timeout(90)\n\ntests\\integration\\critical_paths\\test_auth_audit_trail_integrity_l4.py:292\n  C:\\Users\\antho\\OneDrive\\Desktop\\Netra\\netra-core-generation-1\\netra_backend\\tests\\integration\\critical_paths\\test_auth_audit_trail_integrity_l4.py:292: PytestUnknownMarkWarning: Unknown pytest.mark.timeout - is this a typo?  You can register custom marks to avoid this warning - for details, see https://docs.pytest.org/en/stable/how-to/mark.html\n    @pytest.mark.timeout(120)\n\ntests\\integration\\critical_paths\\test_auth_audit_trail_integrity_l4.py:346\n  C:\\Users\\antho\\OneDrive\\Desktop\\Netra\\netra-core-generation-1\\netra_backend\\tests\\integration\\critical_paths\\test_auth_audit_trail_integrity_l4.py:346: PytestUnknownMarkWarning: Unknown pytest.mark.timeout - is this a typo?  You can register custom marks to avoid this warning - for details, see https://docs.pytest.org/en/stable/how-to/mark.html\n    @pytest.mark.timeout(90)\n\ntests\\integration\\critical_paths\\test_auth_audit_trail_integrity_l4.py:438\n  C:\\Users\\antho\\OneDrive\\Desktop\\Netra\\netra-core-generation-1\\netra_backend\\tests\\integration\\critical_paths\\test_auth_audit_trail_integrity_l4.py:438: PytestUnknownMarkWarning: Unknown pytest.mark.timeout - is this a typo?  You can register custom marks to avoid this warning - for details, see https://docs.pytest.org/en/stable/how-to/mark.html\n    @pytest.mark.timeout(120)\n\ntests\\integration\\critical_paths\\test_auth_audit_trail_integrity_l4.py:525\n  C:\\Users\\antho\\OneDrive\\Desktop\\Netra\\netra-core-generation-1\\netra_backend\\tests\\integration\\critical_paths\\test_auth_audit_trail_integrity_l4.py:525: PytestUnknownMarkWarning: Unknown pytest.mark.timeout - is this a typo?  You can register custom marks to avoid this warning - for details, see https://docs.pytest.org/en/stable/how-to/mark.html\n    @pytest.mark.timeout(90)\n\ntests\\integration\\critical_paths\\test_auth_audit_trail_integrity_l4.py:609\n  C:\\Users\\antho\\OneDrive\\Desktop\\Netra\\netra-core-generation-1\\netra_backend\\tests\\integration\\critical_paths\\test_auth_audit_trail_integrity_l4.py:609: PytestUnknownMarkWarning: Unknown pytest.mark.timeout - is this a typo?  You can register custom marks to avoid this warning - for details, see https://docs.pytest.org/en/stable/how-to/mark.html\n    @pytest.mark.timeout(120)\n\ntests\\integration\\critical_paths\\test_auth_failover_scenarios_l4.py:167\n  C:\\Users\\antho\\OneDrive\\Desktop\\Netra\\netra-core-generation-1\\netra_backend\\tests\\integration\\critical_paths\\test_auth_failover_scenarios_l4.py:167: PytestUnknownMarkWarning: Unknown pytest.mark.timeout - is this a typo?  You can register custom marks to avoid this warning - for details, see https://docs.pytest.org/en/stable/how-to/mark.html\n    @pytest.mark.timeout(180)\n\ntests\\integration\\critical_paths\\test_auth_failover_scenarios_l4.py:232\n  C:\\Users\\antho\\OneDrive\\Desktop\\Netra\\netra-core-generation-1\\netra_backend\\tests\\integration\\critical_paths\\test_auth_failover_scenarios_l4.py:232: PytestUnknownMarkWarning: Unknown pytest.mark.timeout - is this a typo?  You can register custom marks to avoid this warning - for details, see https://docs.pytest.org/en/stable/how-to/mark.html\n    @pytest.mark.timeout(120)\n\ntests\\integration\\critical_paths\\test_auth_failover_scenarios_l4.py:296\n  C:\\Users\\antho\\OneDrive\\Desktop\\Netra\\netra-core-generation-1\\netra_backend\\tests\\integration\\critical_paths\\test_auth_failover_scenarios_l4.py:296: PytestUnknownMarkWarning: Unknown pytest.mark.timeout - is this a typo?  You can register custom marks to avoid this warning - for details, see https://docs.pytest.org/en/stable/how-to/mark.html\n    @pytest.mark.timeout(120)\n\ntests\\integration\\critical_paths\\test_auth_failover_scenarios_l4.py:348\n  C:\\Users\\antho\\OneDrive\\Desktop\\Netra\\netra-core-generation-1\\netra_backend\\tests\\integration\\critical_paths\\test_auth_failover_scenarios_l4.py:348: PytestUnknownMarkWarning: Unknown pytest.mark.timeout - is this a typo?  You can register custom marks to avoid this warning - for details, see https://docs.pytest.org/en/stable/how-to/mark.html\n    @pytest.mark.timeout(120)\n\ntests\\integration\\critical_paths\\test_auth_failover_scenarios_l4.py:390\n  C:\\Users\\antho\\OneDrive\\Desktop\\Netra\\netra-core-generation-1\\netra_backend\\tests\\integration\\critical_paths\\test_auth_failover_scenarios_l4.py:390: PytestUnknownMarkWarning: Unknown pytest.mark.timeout - is this a typo?  You can register custom marks to avoid this warning - for details, see https://docs.pytest.org/en/stable/how-to/mark.html\n    @pytest.mark.timeout(120)\n\ntests\\integration\\critical_paths\\test_auth_failover_scenarios_l4.py:436\n  C:\\Users\\antho\\OneDrive\\Desktop\\Netra\\netra-core-generation-1\\netra_backend\\tests\\integration\\critical_paths\\test_auth_failover_scenarios_l4.py:436: PytestUnknownMarkWarning: Unknown pytest.mark.timeout - is this a typo?  You can register custom marks to avoid this warning - for details, see https://docs.pytest.org/en/stable/how-to/mark.html\n    @pytest.mark.timeout(120)\n\ntests\\integration\\critical_paths\\test_auth_failover_scenarios_l4.py:495\n  C:\\Users\\antho\\OneDrive\\Desktop\\Netra\\netra-core-generation-1\\netra_backend\\tests\\integration\\critical_paths\\test_auth_failover_scenarios_l4.py:495: PytestUnknownMarkWarning: Unknown pytest.mark.timeout - is this a typo?  You can register custom marks to avoid this warning - for details, see https://docs.pytest.org/en/stable/how-to/mark.html\n    @pytest.mark.timeout(180)\n\ntests\\integration\\critical_paths\\test_auth_failover_scenarios_l4.py:543\n  C:\\Users\\antho\\OneDrive\\Desktop\\Netra\\netra-core-generation-1\\netra_backend\\tests\\integration\\critical_paths\\test_auth_failover_scenarios_l4.py:543: PytestUnknownMarkWarning: Unknown pytest.mark.timeout - is this a typo?  You can register custom marks to avoid this warning - for details, see https://docs.pytest.org/en/stable/how-to/mark.html\n    @pytest.mark.timeout(120)\n\ntests\\integration\\critical_paths\\test_auth_middleware_chain_validation.py:159\n  C:\\Users\\antho\\OneDrive\\Desktop\\Netra\\netra-core-generation-1\\netra_backend\\tests\\integration\\critical_paths\\test_auth_middleware_chain_validation.py:159: PytestUnknownMarkWarning: Unknown pytest.mark.timeout - is this a typo?  You can register custom marks to avoid this warning - for details, see https://docs.pytest.org/en/stable/how-to/mark.html\n    @pytest.mark.timeout(60)\n\ntests\\integration\\critical_paths\\test_auth_middleware_chain_validation.py:230\n  C:\\Users\\antho\\OneDrive\\Desktop\\Netra\\netra-core-generation-1\\netra_backend\\tests\\integration\\critical_paths\\test_auth_middleware_chain_validation.py:230: PytestUnknownMarkWarning: Unknown pytest.mark.timeout - is this a typo?  You can register custom marks to avoid this warning - for details, see https://docs.pytest.org/en/stable/how-to/mark.html\n    @pytest.mark.timeout(60)\n\ntests\\integration\\critical_paths\\test_auth_middleware_chain_validation.py:324\n  C:\\Users\\antho\\OneDrive\\Desktop\\Netra\\netra-core-generation-1\\netra_backend\\tests\\integration\\critical_paths\\test_auth_middleware_chain_validation.py:324: PytestUnknownMarkWarning: Unknown pytest.mark.timeout - is this a typo?  You can register custom marks to avoid this warning - for details, see https://docs.pytest.org/en/stable/how-to/mark.html\n    @pytest.mark.timeout(60)\n\ntests\\integration\\critical_paths\\test_auth_middleware_chain_validation.py:388\n  C:\\Users\\antho\\OneDrive\\Desktop\\Netra\\netra-core-generation-1\\netra_backend\\tests\\integration\\critical_paths\\test_auth_middleware_chain_validation.py:388: PytestUnknownMarkWarning: Unknown pytest.mark.timeout - is this a typo?  You can register custom marks to avoid this warning - for details, see https://docs.pytest.org/en/stable/how-to/mark.html\n    @pytest.mark.timeout(60)\n\ntests\\integration\\critical_paths\\test_auth_middleware_chain_validation.py:435\n  C:\\Users\\antho\\OneDrive\\Desktop\\Netra\\netra-core-generation-1\\netra_backend\\tests\\integration\\critical_paths\\test_auth_middleware_chain_validation.py:435: PytestUnknownMarkWarning: Unknown pytest.mark.timeout - is this a typo?  You can register custom marks to avoid this warning - for details, see https://docs.pytest.org/en/stable/how-to/mark.html\n    @pytest.mark.timeout(60)\n\ntests\\integration\\critical_paths\\test_auth_middleware_chain_validation.py:503\n  C:\\Users\\antho\\OneDrive\\Desktop\\Netra\\netra-core-generation-1\\netra_backend\\tests\\integration\\critical_paths\\test_auth_middleware_chain_validation.py:503: PytestUnknownMarkWarning: Unknown pytest.mark.timeout - is this a typo?  You can register custom marks to avoid this warning - for details, see https://docs.pytest.org/en/stable/how-to/mark.html\n    @pytest.mark.timeout(60)\n\ntests\\integration\\critical_paths\\test_auth_middleware_chain_validation.py:545\n  C:\\Users\\antho\\OneDrive\\Desktop\\Netra\\netra-core-generation-1\\netra_backend\\tests\\integration\\critical_paths\\test_auth_middleware_chain_validation.py:545: PytestUnknownMarkWarning: Unknown pytest.mark.timeout - is this a typo?  You can register custom marks to avoid this warning - for details, see https://docs.pytest.org/en/stable/how-to/mark.html\n    @pytest.mark.timeout(60)\n\ntests\\integration\\critical_paths\\test_auth_role_based_access_flow_l4.py:271\n  C:\\Users\\antho\\OneDrive\\Desktop\\Netra\\netra-core-generation-1\\netra_backend\\tests\\integration\\critical_paths\\test_auth_role_based_access_flow_l4.py:271: PytestUnknownMarkWarning: Unknown pytest.mark.timeout - is this a typo?  You can register custom marks to avoid this warning - for details, see https://docs.pytest.org/en/stable/how-to/mark.html\n    @pytest.mark.timeout(120)\n\ntests\\integration\\critical_paths\\test_auth_role_based_access_flow_l4.py:344\n  C:\\Users\\antho\\OneDrive\\Desktop\\Netra\\netra-core-generation-1\\netra_backend\\tests\\integration\\critical_paths\\test_auth_role_based_access_flow_l4.py:344: PytestUnknownMarkWarning: Unknown pytest.mark.timeout - is this a typo?  You can register custom marks to avoid this warning - for details, see https://docs.pytest.org/en/stable/how-to/mark.html\n    @pytest.mark.timeout(90)\n\ntests\\integration\\critical_paths\\test_auth_role_based_access_flow_l4.py:376\n  C:\\Users\\antho\\OneDrive\\Desktop\\Netra\\netra-core-generation-1\\netra_backend\\tests\\integration\\critical_paths\\test_auth_role_based_access_flow_l4.py:376: PytestUnknownMarkWarning: Unknown pytest.mark.timeout - is this a typo?  You can register custom marks to avoid this warning - for details, see https://docs.pytest.org/en/stable/how-to/mark.html\n    @pytest.mark.timeout(90)\n\ntests\\integration\\critical_paths\\test_auth_role_based_access_flow_l4.py:434\n  C:\\Users\\antho\\OneDrive\\Desktop\\Netra\\netra-core-generation-1\\netra_backend\\tests\\integration\\critical_paths\\test_auth_role_based_access_flow_l4.py:434: PytestUnknownMarkWarning: Unknown pytest.mark.timeout - is this a typo?  You can register custom marks to avoid this warning - for details, see https://docs.pytest.org/en/stable/how-to/mark.html\n    @pytest.mark.timeout(120)\n\ntests\\integration\\critical_paths\\test_auth_role_based_access_flow_l4.py:470\n  C:\\Users\\antho\\OneDrive\\Desktop\\Netra\\netra-core-generation-1\\netra_backend\\tests\\integration\\critical_paths\\test_auth_role_based_access_flow_l4.py:470: PytestUnknownMarkWarning: Unknown pytest.mark.timeout - is this a typo?  You can register custom marks to avoid this warning - for details, see https://docs.pytest.org/en/stable/how-to/mark.html\n    @pytest.mark.timeout(90)\n\ntests\\integration\\critical_paths\\test_auth_role_based_access_flow_l4.py:500\n  C:\\Users\\antho\\OneDrive\\Desktop\\Netra\\netra-core-generation-1\\netra_backend\\tests\\integration\\critical_paths\\test_auth_role_based_access_flow_l4.py:500: PytestUnknownMarkWarning: Unknown pytest.mark.timeout - is this a typo?  You can register custom marks to avoid this warning - for details, see https://docs.pytest.org/en/stable/how-to/mark.html\n    @pytest.mark.timeout(90)\n\ntests\\integration\\critical_paths\\test_auth_role_based_access_flow_l4.py:556\n  C:\\Users\\antho\\OneDrive\\Desktop\\Netra\\netra-core-generation-1\\netra_backend\\tests\\integration\\critical_paths\\test_auth_role_based_access_flow_l4.py:556: PytestUnknownMarkWarning: Unknown pytest.mark.timeout - is this a typo?  You can register custom marks to avoid this warning - for details, see https://docs.pytest.org/en/stable/how-to/mark.html\n    @pytest.mark.timeout(120)\n\ntests\\integration\\critical_paths\\test_auth_service_failover_complete_l4.py:57\n  C:\\Users\\antho\\OneDrive\\Desktop\\Netra\\netra-core-generation-1\\netra_backend\\tests\\integration\\critical_paths\\test_auth_service_failover_complete_l4.py:57: PytestUnknownMarkWarning: Unknown pytest.mark.timeout - is this a typo?  You can register custom marks to avoid this warning - for details, see https://docs.pytest.org/en/stable/how-to/mark.html\n    @pytest.mark.timeout(30)\n\ntests\\integration\\critical_paths\\test_auth_service_failover_complete_l4.py:100\n  C:\\Users\\antho\\OneDrive\\Desktop\\Netra\\netra-core-generation-1\\netra_backend\\tests\\integration\\critical_paths\\test_auth_service_failover_complete_l4.py:100: PytestUnknownMarkWarning: Unknown pytest.mark.timeout - is this a typo?  You can register custom marks to avoid this warning - for details, see https://docs.pytest.org/en/stable/how-to/mark.html\n    @pytest.mark.timeout(30)\n\ntests\\integration\\critical_paths\\test_auth_service_failover_complete_l4.py:175\n  C:\\Users\\antho\\OneDrive\\Desktop\\Netra\\netra-core-generation-1\\netra_backend\\tests\\integration\\critical_paths\\test_auth_service_failover_complete_l4.py:175: PytestUnknownMarkWarning: Unknown pytest.mark.timeout - is this a typo?  You can register custom marks to avoid this warning - for details, see https://docs.pytest.org/en/stable/how-to/mark.html\n    @pytest.mark.timeout(30)\n\ntests\\integration\\critical_paths\\test_auth_service_failover_complete_l4.py:218\n  C:\\Users\\antho\\OneDrive\\Desktop\\Netra\\netra-core-generation-1\\netra_backend\\tests\\integration\\critical_paths\\test_auth_service_failover_complete_l4.py:218: PytestUnknownMarkWarning: Unknown pytest.mark.timeout - is this a typo?  You can register custom marks to avoid this warning - for details, see https://docs.pytest.org/en/stable/how-to/mark.html\n    @pytest.mark.timeout(30)\n\ntests\\integration\\critical_paths\\test_auth_service_failover_complete_l4.py:256\n  C:\\Users\\antho\\OneDrive\\Desktop\\Netra\\netra-core-generation-1\\netra_backend\\tests\\integration\\critical_paths\\test_auth_service_failover_complete_l4.py:256: PytestUnknownMarkWarning: Unknown pytest.mark.timeout - is this a typo?  You can register custom marks to avoid this warning - for details, see https://docs.pytest.org/en/stable/how-to/mark.html\n    @pytest.mark.timeout(30)\n\ntests\\integration\\critical_paths\\test_auth_service_failover_complete_l4.py:309\n  C:\\Users\\antho\\OneDrive\\Desktop\\Netra\\netra-core-generation-1\\netra_backend\\tests\\integration\\critical_paths\\test_auth_service_failover_complete_l4.py:309: PytestUnknownMarkWarning: Unknown pytest.mark.timeout - is this a typo?  You can register custom marks to avoid this warning - for details, see https://docs.pytest.org/en/stable/how-to/mark.html\n    @pytest.mark.timeout(30)\n\ntests\\integration\\critical_paths\\test_auth_service_failover_complete_l4.py:376\n  C:\\Users\\antho\\OneDrive\\Desktop\\Netra\\netra-core-generation-1\\netra_backend\\tests\\integration\\critical_paths\\test_auth_service_failover_complete_l4.py:376: PytestUnknownMarkWarning: Unknown pytest.mark.timeout - is this a typo?  You can register custom marks to avoid this warning - for details, see https://docs.pytest.org/en/stable/how-to/mark.html\n    @pytest.mark.timeout(30)\n\ntests\\integration\\critical_paths\\test_auth_service_failover_complete_l4.py:454\n  C:\\Users\\antho\\OneDrive\\Desktop\\Netra\\netra-core-generation-1\\netra_backend\\tests\\integration\\critical_paths\\test_auth_service_failover_complete_l4.py:454: PytestUnknownMarkWarning: Unknown pytest.mark.timeout - is this a typo?  You can register custom marks to avoid this warning - for details, see https://docs.pytest.org/en/stable/how-to/mark.html\n    @pytest.mark.timeout(30)\n\ntests\\integration\\critical_paths\\test_auth_service_failover_complete_l4.py:500\n  C:\\Users\\antho\\OneDrive\\Desktop\\Netra\\netra-core-generation-1\\netra_backend\\tests\\integration\\critical_paths\\test_auth_service_failover_complete_l4.py:500: PytestUnknownMarkWarning: Unknown pytest.mark.timeout - is this a typo?  You can register custom marks to avoid this warning - for details, see https://docs.pytest.org/en/stable/how-to/mark.html\n    @pytest.mark.timeout(30)\n\n..\\test_framework\\testcontainers_utils.py:7\n  C:\\Users\\antho\\OneDrive\\Desktop\\Netra\\netra-core-generation-1\\test_framework\\testcontainers_utils.py:7: PytestCollectionWarning: cannot collect test class 'TestcontainerHelper' because it has a __init__ constructor (from: tests/integration/critical_paths/test_auth_service_health_dependencies.py)\n    class TestcontainerHelper:\n\ntests\\integration\\critical_paths\\test_auth_service_recovery_crash.py:176\n  C:\\Users\\antho\\OneDrive\\Desktop\\Netra\\netra-core-generation-1\\netra_backend\\tests\\integration\\critical_paths\\test_auth_service_recovery_crash.py:176: PytestUnknownMarkWarning: Unknown pytest.mark.timeout - is this a typo?  You can register custom marks to avoid this warning - for details, see https://docs.pytest.org/en/stable/how-to/mark.html\n    @pytest.mark.timeout(120)\n\ntests\\integration\\critical_paths\\test_auth_service_recovery_crash.py:244\n  C:\\Users\\antho\\OneDrive\\Desktop\\Netra\\netra-core-generation-1\\netra_backend\\tests\\integration\\critical_paths\\test_auth_service_recovery_crash.py:244: PytestUnknownMarkWarning: Unknown pytest.mark.timeout - is this a typo?  You can register custom marks to avoid this warning - for details, see https://docs.pytest.org/en/stable/how-to/mark.html\n    @pytest.mark.timeout(90)\n\ntests\\integration\\critical_paths\\test_auth_service_recovery_crash.py:310\n  C:\\Users\\antho\\OneDrive\\Desktop\\Netra\\netra-core-generation-1\\netra_backend\\tests\\integration\\critical_paths\\test_auth_service_recovery_crash.py:310: PytestUnknownMarkWarning: Unknown pytest.mark.timeout - is this a typo?  You can register custom marks to avoid this warning - for details, see https://docs.pytest.org/en/stable/how-to/mark.html\n    @pytest.mark.timeout(120)\n\ntests\\integration\\critical_paths\\test_auth_service_recovery_crash.py:384\n  C:\\Users\\antho\\OneDrive\\Desktop\\Netra\\netra-core-generation-1\\netra_backend\\tests\\integration\\critical_paths\\test_auth_service_recovery_crash.py:384: PytestUnknownMarkWarning: Unknown pytest.mark.timeout - is this a typo?  You can register custom marks to avoid this warning - for details, see https://docs.pytest.org/en/stable/how-to/mark.html\n    @pytest.mark.timeout(90)\n\ntests\\integration\\critical_paths\\test_auth_service_recovery_crash.py:456\n  C:\\Users\\antho\\OneDrive\\Desktop\\Netra\\netra-core-generation-1\\netra_backend\\tests\\integration\\critical_paths\\test_auth_service_recovery_crash.py:456: PytestUnknownMarkWarning: Unknown pytest.mark.timeout - is this a typo?  You can register custom marks to avoid this warning - for details, see https://docs.pytest.org/en/stable/how-to/mark.html\n    @pytest.mark.timeout(120)\n\ntests\\integration\\critical_paths\\test_auth_session_lifecycle_complete_l4.py:71\n  C:\\Users\\antho\\OneDrive\\Desktop\\Netra\\netra-core-generation-1\\netra_backend\\tests\\integration\\critical_paths\\test_auth_session_lifecycle_complete_l4.py:71: PytestUnknownMarkWarning: Unknown pytest.mark.timeout - is this a typo?  You can register custom marks to avoid this warning - for details, see https://docs.pytest.org/en/stable/how-to/mark.html\n    @pytest.mark.timeout(30)\n\ntests\\integration\\critical_paths\\test_auth_session_lifecycle_complete_l4.py:102\n  C:\\Users\\antho\\OneDrive\\Desktop\\Netra\\netra-core-generation-1\\netra_backend\\tests\\integration\\critical_paths\\test_auth_session_lifecycle_complete_l4.py:102: PytestUnknownMarkWarning: Unknown pytest.mark.timeout - is this a typo?  You can register custom marks to avoid this warning - for details, see https://docs.pytest.org/en/stable/how-to/mark.html\n    @pytest.mark.timeout(30)\n\ntests\\integration\\critical_paths\\test_auth_session_lifecycle_complete_l4.py:151\n  C:\\Users\\antho\\OneDrive\\Desktop\\Netra\\netra-core-generation-1\\netra_backend\\tests\\integration\\critical_paths\\test_auth_session_lifecycle_complete_l4.py:151: PytestUnknownMarkWarning: Unknown pytest.mark.timeout - is this a typo?  You can register custom marks to avoid this warning - for details, see https://docs.pytest.org/en/stable/how-to/mark.html\n    @pytest.mark.timeout(30)\n\ntests\\integration\\critical_paths\\test_auth_session_lifecycle_complete_l4.py:203\n  C:\\Users\\antho\\OneDrive\\Desktop\\Netra\\netra-core-generation-1\\netra_backend\\tests\\integration\\critical_paths\\test_auth_session_lifecycle_complete_l4.py:203: PytestUnknownMarkWarning: Unknown pytest.mark.timeout - is this a typo?  You can register custom marks to avoid this warning - for details, see https://docs.pytest.org/en/stable/how-to/mark.html\n    @pytest.mark.timeout(30)\n\ntests\\integration\\critical_paths\\test_auth_session_lifecycle_complete_l4.py:239\n  C:\\Users\\antho\\OneDrive\\Desktop\\Netra\\netra-core-generation-1\\netra_backend\\tests\\integration\\critical_paths\\test_auth_session_lifecycle_complete_l4.py:239: PytestUnknownMarkWarning: Unknown pytest.mark.timeout - is this a typo?  You can register custom marks to avoid this warning - for details, see https://docs.pytest.org/en/stable/how-to/mark.html\n    @pytest.mark.timeout(30)\n\ntests\\integration\\critical_paths\\test_auth_session_lifecycle_complete_l4.py:270\n  C:\\Users\\antho\\OneDrive\\Desktop\\Netra\\netra-core-generation-1\\netra_backend\\tests\\integration\\critical_paths\\test_auth_session_lifecycle_complete_l4.py:270: PytestUnknownMarkWarning: Unknown pytest.mark.timeout - is this a typo?  You can register custom marks to avoid this warning - for details, see https://docs.pytest.org/en/stable/how-to/mark.html\n    @pytest.mark.timeout(30)\n\ntests\\integration\\critical_paths\\test_auth_session_lifecycle_complete_l4.py:294\n  C:\\Users\\antho\\OneDrive\\Desktop\\Netra\\netra-core-generation-1\\netra_backend\\tests\\integration\\critical_paths\\test_auth_session_lifecycle_complete_l4.py:294: PytestUnknownMarkWarning: Unknown pytest.mark.timeout - is this a typo?  You can register custom marks to avoid this warning - for details, see https://docs.pytest.org/en/stable/how-to/mark.html\n    @pytest.mark.timeout(30)\n\ntests\\integration\\critical_paths\\test_auth_session_lifecycle_complete_l4.py:334\n  C:\\Users\\antho\\OneDrive\\Desktop\\Netra\\netra-core-generation-1\\netra_backend\\tests\\integration\\critical_paths\\test_auth_session_lifecycle_complete_l4.py:334: PytestUnknownMarkWarning: Unknown pytest.mark.timeout - is this a typo?  You can register custom marks to avoid this warning - for details, see https://docs.pytest.org/en/stable/how-to/mark.html\n    @pytest.mark.timeout(30)\n\ntests\\integration\\critical_paths\\test_auth_session_lifecycle_complete_l4.py:380\n  C:\\Users\\antho\\OneDrive\\Desktop\\Netra\\netra-core-generation-1\\netra_backend\\tests\\integration\\critical_paths\\test_auth_session_lifecycle_complete_l4.py:380: PytestUnknownMarkWarning: Unknown pytest.mark.timeout - is this a typo?  You can register custom marks to avoid this warning - for details, see https://docs.pytest.org/en/stable/how-to/mark.html\n    @pytest.mark.timeout(30)\n\ntests\\integration\\critical_paths\\test_auth_session_lifecycle_complete_l4.py:411\n  C:\\Users\\antho\\OneDrive\\Desktop\\Netra\\netra-core-generation-1\\netra_backend\\tests\\integration\\critical_paths\\test_auth_session_lifecycle_complete_l4.py:411: PytestUnknownMarkWarning: Unknown pytest.mark.timeout - is this a typo?  You can register custom marks to avoid this warning - for details, see https://docs.pytest.org/en/stable/how-to/mark.html\n    @pytest.mark.timeout(30)\n\ntests\\integration\\critical_paths\\test_auth_token_refresh_high_load.py:147\n  C:\\Users\\antho\\OneDrive\\Desktop\\Netra\\netra-core-generation-1\\netra_backend\\tests\\integration\\critical_paths\\test_auth_token_refresh_high_load.py:147: PytestUnknownMarkWarning: Unknown pytest.mark.timeout - is this a typo?  You can register custom marks to avoid this warning - for details, see https://docs.pytest.org/en/stable/how-to/mark.html\n    @pytest.mark.timeout(120)\n\ntests\\integration\\critical_paths\\test_auth_token_refresh_high_load.py:208\n  C:\\Users\\antho\\OneDrive\\Desktop\\Netra\\netra-core-generation-1\\netra_backend\\tests\\integration\\critical_paths\\test_auth_token_refresh_high_load.py:208: PytestUnknownMarkWarning: Unknown pytest.mark.timeout - is this a typo?  You can register custom marks to avoid this warning - for details, see https://docs.pytest.org/en/stable/how-to/mark.html\n    @pytest.mark.timeout(180)\n\ntests\\integration\\critical_paths\\test_auth_token_refresh_high_load.py:260\n  C:\\Users\\antho\\OneDrive\\Desktop\\Netra\\netra-core-generation-1\\netra_backend\\tests\\integration\\critical_paths\\test_auth_token_refresh_high_load.py:260: PytestUnknownMarkWarning: Unknown pytest.mark.timeout - is this a typo?  You can register custom marks to avoid this warning - for details, see https://docs.pytest.org/en/stable/how-to/mark.html\n    @pytest.mark.timeout(60)\n\ntests\\integration\\critical_paths\\test_auth_token_refresh_high_load.py:312\n  C:\\Users\\antho\\OneDrive\\Desktop\\Netra\\netra-core-generation-1\\netra_backend\\tests\\integration\\critical_paths\\test_auth_token_refresh_high_load.py:312: PytestUnknownMarkWarning: Unknown pytest.mark.timeout - is this a typo?  You can register custom marks to avoid this warning - for details, see https://docs.pytest.org/en/stable/how-to/mark.html\n    @pytest.mark.timeout(90)\n\n-- Docs: https://docs.pytest.org/en/stable/how-to/capture-warnings.html\n=========================== short test summary info ===========================\nERROR tests/integration/critical_paths/test_business_critical_flows_l2.py\n!!!!!!!!!!!!!!!!!!!!!!!!!! stopping after 1 failures !!!!!!!!!!!!!!!!!!!!!!!!!!\n======================= 93 warnings, 1 error in 19.52s ========================\n",
      "errors": ""
    },
    "auth": {
      "success": false,
      "duration": 34.25576591491699,
      "output": "============================= test session starts =============================\nplatform win32 -- Python 3.12.3, pytest-8.4.1, pluggy-1.6.0\nrootdir: C:\\Users\\antho\\OneDrive\\Desktop\\Netra\\netra-core-generation-1\\auth_service\nconfigfile: pytest.ini\nplugins: anyio-4.9.0, Faker-37.5.3, langsmith-0.4.15, asyncio-1.1.0, cov-6.2.1, mock-3.14.1, xdist-3.8.0\nasyncio: mode=Mode.STRICT, asyncio_default_fixture_loop_scope=None, asyncio_default_test_loop_scope=function\ncollected 193 items\n\ntests\\integration\\test_auth_oauth_errors.py ........                     [  4%]\ntests\\integration\\test_auth_oauth_google.py ........                     [  8%]\ntests\\integration\\test_oauth_comprehensive_failures.py ................F [ 17%]\n\n\n================================== FAILURES ===================================\n_____ TestOAuthComprehensiveFailures.test_17_database_connection_failure ______\n\nself = <test_oauth_comprehensive_failures.TestOAuthComprehensiveFailures object at 0x0000028BC6100470>\n\n    @pytest.mark.asyncio\n    async def test_17_database_connection_failure(self):\n        \"\"\"Test 17: Database connection failure during user creation\"\"\"\n        with patch(\"auth_service.auth_core.database.connection.get_db_session\") as mock_db:\n            mock_db.side_effect = Exception(\"Database connection failed\")\n    \n            response = client.post(\n                \"/auth/callback/google\",\n                json={\n                    \"code\": f\"valid_code_{secrets.token_urlsafe(8)}\",\n                    \"state\": secrets.token_urlsafe(32),\n                }\n            )\n    \n>       assert response.status_code == 503\nE       assert 401 == 503\nE        +  where 401 = <Response [401 Unauthorized]>.status_code\n\ntests\\integration\\test_oauth_comprehensive_failures.py:706: AssertionError\n------------------------------ Captured log call ------------------------------\nWARNING  auth_service.auth_core.routes.auth_routes:auth_routes.py:669 Using simple string state (test mode)\nERROR    auth_service.auth_core.routes.auth_routes:auth_routes.py:711 Token exchange failed: 401 - {\n  \"error\": \"invalid_client\",\n  \"error_description\": \"The OAuth client was not found.\"\n}\nERROR    auth_service.auth_core.services.auth_service:auth_service.py:713 Request failed for google_oauth: 401: Failed to exchange authorization code\n============================== warnings summary ===============================\ntests\\integration\\test_oauth_comprehensive_failures.py:1051\n  C:\\Users\\antho\\OneDrive\\Desktop\\Netra\\netra-core-generation-1\\auth_service\\tests\\integration\\test_oauth_comprehensive_failures.py:1051: PytestUnknownMarkWarning: Unknown pytest.mark.staging - is this a typo?  You can register custom marks to avoid this warning - for details, see https://docs.pytest.org/en/stable/how-to/mark.html\n    @pytest.mark.staging\n\ntests\\integration\\test_oauth_comprehensive_failures.py:1085\n  C:\\Users\\antho\\OneDrive\\Desktop\\Netra\\netra-core-generation-1\\auth_service\\tests\\integration\\test_oauth_comprehensive_failures.py:1085: PytestUnknownMarkWarning: Unknown pytest.mark.staging - is this a typo?  You can register custom marks to avoid this warning - for details, see https://docs.pytest.org/en/stable/how-to/mark.html\n    @pytest.mark.staging\n\ntests/integration/test_auth_oauth_errors.py::TestOAuthErrorHandling::test_oauth_invalid_state_parameter\n  C:\\Users\\antho\\OneDrive\\Desktop\\Netra\\netra-core-generation-1\\auth_service\\tests\\conftest.py:59: DeprecationWarning: There is no current event loop\n    loop = asyncio.get_event_loop()\n\ntests/integration/test_oauth_comprehensive_failures.py::TestOAuthComprehensiveFailures::test_01_successful_oauth_login_basic_flow\ntests/integration/test_oauth_comprehensive_failures.py::TestOAuthComprehensiveFailures::test_14_distributed_tracing_context_propagation_failure\n  C:\\Users\\antho\\OneDrive\\Desktop\\Netra\\netra-core-generation-1\\auth_service\\auth_core\\routes\\auth_routes.py:938: PydanticDeprecatedSince20: The `dict` method is deprecated; use `model_dump` instead. Deprecated in Pydantic V2.0 to be removed in V3.0. See Pydantic V2 Migration Guide at https://errors.pydantic.dev/2.11/migration/\n    content=response.dict(),\n\ntests/integration/test_oauth_comprehensive_failures.py::TestOAuthComprehensiveFailures::test_05_cross_site_request_forgery_token_binding\n  C:\\Users\\antho\\AppData\\Roaming\\Python\\Python312\\site-packages\\starlette\\testclient.py:451: DeprecationWarning: Setting per-request cookies=<...> is being deprecated, because the expected behaviour on cookie persistence is ambiguous. Set cookies directly on the client instance instead.\n    return super().request(\n\n-- Docs: https://docs.pytest.org/en/stable/how-to/capture-warnings.html\n=========================== short test summary info ===========================\nFAILED tests/integration/test_oauth_comprehensive_failures.py::TestOAuthComprehensiveFailures::test_17_database_connection_failure\n!!!!!!!!!!!!!!!!!!!!!!!!!! stopping after 1 failures !!!!!!!!!!!!!!!!!!!!!!!!!!\n================== 1 failed, 32 passed, 6 warnings in 32.10s ==================\n",
      "errors": ""
    },
    "frontend": {
      "success": false,
      "duration": 4.27913498878479,
      "output": "",
      "errors": "FAIL All Tests __tests__/startup/type-exports.test.tsx\n  Type Export Validation\n    WebSocket Type Exports\n      \u00d7 should export all required WebSocket payload types (7 ms)\n      \u221a should export all WebSocket utility functions (2 ms)\n    Registry Re-exports\n      \u00d7 should re-export all WebSocket types from registry (11 ms)\n      \u221a should re-export all enum types (1 ms)\n      \u221a should re-export all base types (1 ms)\n    Import Chain Validation\n      \u221a should import WebSocket types through services without errors (15 ms)\n      \u221a should import types through providers without errors (5 ms)\n    Circular Dependency Check\n      \u221a should not have circular dependencies in type modules (4 ms)\n    Type Safety Validation\n      \u221a should have proper TypeScript types for all exports (1 ms)\n      \u00d7 should validate enum values correctly (2 ms)\n  Auth Service Type Validation\n    \u00d7 should have proper auth config types (1 ms)\n    \u221a should handle auth service fetch errors gracefully (2 ms)\n\n  \u25cf Type Export Validation \u203a WebSocket Type Exports \u203a should export all required WebSocket payload types\n\n    expect(received).toBeDefined()\n\n    Received: undefined\n\n    \u001b[0m \u001b[90m 41 |\u001b[39m       \n     \u001b[90m 42 |\u001b[39m       \u001b[36mfor\u001b[39m (\u001b[36mconst\u001b[39m exportName \u001b[36mof\u001b[39m requiredExports) {\n    \u001b[31m\u001b[1m>\u001b[22m\u001b[39m\u001b[90m 43 |\u001b[39m         expect(websocketModule[exportName])\u001b[33m.\u001b[39mtoBeDefined()\u001b[33m;\u001b[39m\n     \u001b[90m    |\u001b[39m                                             \u001b[31m\u001b[1m^\u001b[22m\u001b[39m\n     \u001b[90m 44 |\u001b[39m         expect(websocketModule[exportName])\u001b[33m.\u001b[39mnot\u001b[33m.\u001b[39mtoBeNull()\u001b[33m;\u001b[39m\n     \u001b[90m 45 |\u001b[39m       }\n     \u001b[90m 46 |\u001b[39m     })\u001b[33m;\u001b[39m\u001b[0m\n\n      at Object.toBeDefined (__tests__/startup/type-exports.test.tsx:43:45)\n\n  \u25cf Type Export Validation \u203a Registry Re-exports \u203a should re-export all WebSocket types from registry\n\n    expect(received).toBeDefined()\n\n    Received: undefined\n\n    \u001b[0m \u001b[90m 87 |\u001b[39m       \n     \u001b[90m 88 |\u001b[39m       \u001b[36mfor\u001b[39m (\u001b[36mconst\u001b[39m exportName \u001b[36mof\u001b[39m requiredReExports) {\n    \u001b[31m\u001b[1m>\u001b[22m\u001b[39m\u001b[90m 89 |\u001b[39m         expect(registryModule[exportName])\u001b[33m.\u001b[39mtoBeDefined()\u001b[33m;\u001b[39m\n     \u001b[90m    |\u001b[39m                                            \u001b[31m\u001b[1m^\u001b[22m\u001b[39m\n     \u001b[90m 90 |\u001b[39m         expect(registryModule[exportName])\u001b[33m.\u001b[39mnot\u001b[33m.\u001b[39mtoBeNull()\u001b[33m;\u001b[39m\n     \u001b[90m 91 |\u001b[39m       }\n     \u001b[90m 92 |\u001b[39m     })\u001b[33m;\u001b[39m\u001b[0m\n\n      at Object.toBeDefined (__tests__/startup/type-exports.test.tsx:89:44)\n\n  \u25cf Type Export Validation \u203a Type Safety Validation \u203a should validate enum values correctly\n\n    expect(received).toBe(expected) // Object.is equality\n\n    Expected: true\n    Received: false\n\n    \u001b[0m \u001b[90m 185 |\u001b[39m       \n     \u001b[90m 186 |\u001b[39m       \u001b[90m// Valid enum value\u001b[39m\n    \u001b[31m\u001b[1m>\u001b[22m\u001b[39m\u001b[90m 187 |\u001b[39m       expect(isValidWebSocketMessageType(\u001b[32m'AGENT_STARTED'\u001b[39m))\u001b[33m.\u001b[39mtoBe(\u001b[36mtrue\u001b[39m)\u001b[33m;\u001b[39m\n     \u001b[90m     |\u001b[39m                                                            \u001b[31m\u001b[1m^\u001b[22m\u001b[39m\n     \u001b[90m 188 |\u001b[39m       \n     \u001b[90m 189 |\u001b[39m       \u001b[90m// Invalid enum value\u001b[39m\n     \u001b[90m 190 |\u001b[39m       expect(isValidWebSocketMessageType(\u001b[32m'INVALID_TYPE'\u001b[39m))\u001b[33m.\u001b[39mtoBe(\u001b[36mfalse\u001b[39m)\u001b[33m;\u001b[39m\u001b[0m\n\n      at Object.toBe (__tests__/startup/type-exports.test.tsx:187:60)\n\n  \u25cf Auth Service Type Validation \u203a should have proper auth config types\n\n    expect(received).toBeDefined()\n\n    Received: undefined\n\n    \u001b[0m \u001b[90m 196 |\u001b[39m   it(\u001b[32m'should have proper auth config types'\u001b[39m\u001b[33m,\u001b[39m \u001b[36masync\u001b[39m () \u001b[33m=>\u001b[39m {\n     \u001b[90m 197 |\u001b[39m     \u001b[36mconst\u001b[39m authModule \u001b[33m=\u001b[39m \u001b[36mawait\u001b[39m \u001b[36mimport\u001b[39m(\u001b[32m'@/auth/service'\u001b[39m)\u001b[33m;\u001b[39m\n    \u001b[31m\u001b[1m>\u001b[22m\u001b[39m\u001b[90m 198 |\u001b[39m     expect(authModule\u001b[33m.\u001b[39m\u001b[33mAuthService\u001b[39m)\u001b[33m.\u001b[39mtoBeDefined()\u001b[33m;\u001b[39m\n     \u001b[90m     |\u001b[39m                                    \u001b[31m\u001b[1m^\u001b[22m\u001b[39m\n     \u001b[90m 199 |\u001b[39m   })\u001b[33m;\u001b[39m\n     \u001b[90m 200 |\u001b[39m   \n     \u001b[90m 201 |\u001b[39m   it(\u001b[32m'should handle auth service fetch errors gracefully'\u001b[39m\u001b[33m,\u001b[39m \u001b[36masync\u001b[39m () \u001b[33m=>\u001b[39m {\u001b[0m\n\n      at Object.toBeDefined (__tests__/startup/type-exports.test.tsx:198:36)\n\nSummary of all failing tests\nFAIL __tests__/startup/type-exports.test.tsx\n  \u25cf Type Export Validation \u203a WebSocket Type Exports \u203a should export all required WebSocket payload types\n\n    expect(received).toBeDefined()\n\n    Received: undefined\n\n    \u001b[0m \u001b[90m 41 |\u001b[39m       \n     \u001b[90m 42 |\u001b[39m       \u001b[36mfor\u001b[39m (\u001b[36mconst\u001b[39m exportName \u001b[36mof\u001b[39m requiredExports) {\n    \u001b[31m\u001b[1m>\u001b[22m\u001b[39m\u001b[90m 43 |\u001b[39m         expect(websocketModule[exportName])\u001b[33m.\u001b[39mtoBeDefined()\u001b[33m;\u001b[39m\n     \u001b[90m    |\u001b[39m                                             \u001b[31m\u001b[1m^\u001b[22m\u001b[39m\n     \u001b[90m 44 |\u001b[39m         expect(websocketModule[exportName])\u001b[33m.\u001b[39mnot\u001b[33m.\u001b[39mtoBeNull()\u001b[33m;\u001b[39m\n     \u001b[90m 45 |\u001b[39m       }\n     \u001b[90m 46 |\u001b[39m     })\u001b[33m;\u001b[39m\u001b[0m\n\n      at Object.toBeDefined (__tests__/startup/type-exports.test.tsx:43:45)\n\n  \u25cf Type Export Validation \u203a Registry Re-exports \u203a should re-export all WebSocket types from registry\n\n    expect(received).toBeDefined()\n\n    Received: undefined\n\n    \u001b[0m \u001b[90m 87 |\u001b[39m       \n     \u001b[90m 88 |\u001b[39m       \u001b[36mfor\u001b[39m (\u001b[36mconst\u001b[39m exportName \u001b[36mof\u001b[39m requiredReExports) {\n    \u001b[31m\u001b[1m>\u001b[22m\u001b[39m\u001b[90m 89 |\u001b[39m         expect(registryModule[exportName])\u001b[33m.\u001b[39mtoBeDefined()\u001b[33m;\u001b[39m\n     \u001b[90m    |\u001b[39m                                            \u001b[31m\u001b[1m^\u001b[22m\u001b[39m\n     \u001b[90m 90 |\u001b[39m         expect(registryModule[exportName])\u001b[33m.\u001b[39mnot\u001b[33m.\u001b[39mtoBeNull()\u001b[33m;\u001b[39m\n     \u001b[90m 91 |\u001b[39m       }\n     \u001b[90m 92 |\u001b[39m     })\u001b[33m;\u001b[39m\u001b[0m\n\n      at Object.toBeDefined (__tests__/startup/type-exports.test.tsx:89:44)\n\n  \u25cf Type Export Validation \u203a Type Safety Validation \u203a should validate enum values correctly\n\n    expect(received).toBe(expected) // Object.is equality\n\n    Expected: true\n    Received: false\n\n    \u001b[0m \u001b[90m 185 |\u001b[39m       \n     \u001b[90m 186 |\u001b[39m       \u001b[90m// Valid enum value\u001b[39m\n    \u001b[31m\u001b[1m>\u001b[22m\u001b[39m\u001b[90m 187 |\u001b[39m       expect(isValidWebSocketMessageType(\u001b[32m'AGENT_STARTED'\u001b[39m))\u001b[33m.\u001b[39mtoBe(\u001b[36mtrue\u001b[39m)\u001b[33m;\u001b[39m\n     \u001b[90m     |\u001b[39m                                                            \u001b[31m\u001b[1m^\u001b[22m\u001b[39m\n     \u001b[90m 188 |\u001b[39m       \n     \u001b[90m 189 |\u001b[39m       \u001b[90m// Invalid enum value\u001b[39m\n     \u001b[90m 190 |\u001b[39m       expect(isValidWebSocketMessageType(\u001b[32m'INVALID_TYPE'\u001b[39m))\u001b[33m.\u001b[39mtoBe(\u001b[36mfalse\u001b[39m)\u001b[33m;\u001b[39m\u001b[0m\n\n      at Object.toBe (__tests__/startup/type-exports.test.tsx:187:60)\n\n  \u25cf Auth Service Type Validation \u203a should have proper auth config types\n\n    expect(received).toBeDefined()\n\n    Received: undefined\n\n    \u001b[0m \u001b[90m 196 |\u001b[39m   it(\u001b[32m'should have proper auth config types'\u001b[39m\u001b[33m,\u001b[39m \u001b[36masync\u001b[39m () \u001b[33m=>\u001b[39m {\n     \u001b[90m 197 |\u001b[39m     \u001b[36mconst\u001b[39m authModule \u001b[33m=\u001b[39m \u001b[36mawait\u001b[39m \u001b[36mimport\u001b[39m(\u001b[32m'@/auth/service'\u001b[39m)\u001b[33m;\u001b[39m\n    \u001b[31m\u001b[1m>\u001b[22m\u001b[39m\u001b[90m 198 |\u001b[39m     expect(authModule\u001b[33m.\u001b[39m\u001b[33mAuthService\u001b[39m)\u001b[33m.\u001b[39mtoBeDefined()\u001b[33m;\u001b[39m\n     \u001b[90m     |\u001b[39m                                    \u001b[31m\u001b[1m^\u001b[22m\u001b[39m\n     \u001b[90m 199 |\u001b[39m   })\u001b[33m;\u001b[39m\n     \u001b[90m 200 |\u001b[39m   \n     \u001b[90m 201 |\u001b[39m   it(\u001b[32m'should handle auth service fetch errors gracefully'\u001b[39m\u001b[33m,\u001b[39m \u001b[36masync\u001b[39m () \u001b[33m=>\u001b[39m {\u001b[0m\n\n      at Object.toBeDefined (__tests__/startup/type-exports.test.tsx:198:36)\n\n\nTest Suites: 1 failed, 1 of 372 total\nTests:       4 failed, 8 passed, 12 total\nSnapshots:   0 total\nTime:        2.993 s, estimated 14 s\nRan all test suites.\n"
    },
    "dev_launcher": {
      "success": false,
      "duration": 27.044915199279785,
      "output": "============================= test session starts =============================\nplatform win32 -- Python 3.12.3, pytest-8.4.1, pluggy-1.6.0\nrootdir: C:\\Users\\antho\\OneDrive\\Desktop\\Netra\\netra-core-generation-1\nconfigfile: pytest.ini\nplugins: anyio-4.9.0, Faker-37.5.3, langsmith-0.4.15, asyncio-1.1.0, cov-6.2.1, mock-3.14.1, xdist-3.8.0\nasyncio: mode=Mode.AUTO, asyncio_default_fixture_loop_scope=function, asyncio_default_test_loop_scope=function\ncollected 23 items / 4 deselected / 19 selected\n\ntests\\test_system_startup.py ...                                         [ 15%]\ntests\\e2e\\test_dev_launcher_real_startup.py F\n\n================================== FAILURES ===================================\n_____ TestDevLauncherRealStartup.test_real_dev_launcher_startup_sequence ______\ntests\\e2e\\test_dev_launcher_real_startup.py:182: in test_real_dev_launcher_startup_sequence\n    assert startup_success, \"Dev launcher failed to start services\"\nE   AssertionError: Dev launcher failed to start services\nE   assert False\n----------------------------- Captured log setup ------------------------------\nDEBUG    asyncio:proactor_events.py:634 Using proactor: IocpProactor\nDEBUG    asyncio:proactor_events.py:634 Using proactor: IocpProactor\nINFO     dev_launcher.service_config:service_config.py:351 Configuration loaded from C:\\Users\\antho\\OneDrive\\Desktop\\Netra\\netra-core-generation-1\\.dev_services.json\nINFO     dev_launcher.service_config:service_config.py:516 Loaded existing service configuration\n---------------------------- Captured stdout call -----------------------------\n\\n=== STARTING REAL DEV LAUNCHER STARTUP TEST ===\\nSUCCESS: The process with PID 21080 has been terminated.\\r\\nSUCCESS: The process with PID 59612 has been terminated.\\r\\n DISCOVER | POSTGRESQL: sqlite+aiosqlite:///:memory:\\n DISCOVER | CLICKHOUSE: clickhouse://default:***@localhost:8123/netra_dev\\n DISCOVER | REDIS: redis://localhost:6379/0\\n[DISCOVER] WEBSOCKET | Discovered endpoint: backend_ws -> ws://localhost:8000/ws\\n\\u274c auth service NOT bound to port 8001\\n\\u274c backend service NOT bound to port 8000\\n\\u274c frontend service NOT bound to port 3000\n------------------------------ Captured log call ------------------------------\nINFO     dev_launcher.health_monitor:health_monitor.py:139 HealthMonitor initialized (check_interval: 30s)\nINFO     dev_launcher.health_monitor:health_monitor.py:141 Windows process verification enabled\nINFO     dev_launcher.process_manager:process_manager.py:58 ProcessManager initialized for win32\nINFO     dev_launcher.process_manager:process_manager.py:60 Enhanced Windows process tree management enabled\nINFO     dev_launcher.database_connector:database_connector.py:130 Discovered 3 database connections\nINFO     dev_launcher.websocket_validator:websocket_validator.py:78 Discovered 1 WebSocket endpoints\nINFO     dev_launcher.launcher:launcher.py:165 Signal handlers registered for graceful shutdown\n=========================== short test summary info ===========================\nFAILED tests/e2e/test_dev_launcher_real_startup.py::TestDevLauncherRealStartup::test_real_dev_launcher_startup_sequence\n!!!!!!!!!!!!!!!!!!!!!!!!!! stopping after 1 failures !!!!!!!!!!!!!!!!!!!!!!!!!!\n============ 1 failed, 3 passed, 4 deselected, 1 warning in 24.03s ============\n",
      "errors": ""
    }
  },
  "overall_success": false,
  "total_duration": 90.83749437332153
}